{"timestamp":"2026-10-02T03:06:37.285+0000","rule":{"level":3,"description":"Non network or service local logon.","id":"67022","firedtimes":2,"mail":false,"groups":["windows"," WEF"]},"agent":{"id":"001","name":"SOC-WIN10","ip":"192.168.50.20"},"manager":{"name":"soc-wazuh"},"id":"1790910397.265344","full_log":"{\"win\":{\"system\":{\"providerName\":\"Microsoft-Windows-Security-Auditing\",\"providerGuid\":\"{54849625-5478-4994-a5ba-3e3b0328c30d}\",\"eventID\":\"4624\",\"version\":\"2\",\"level\":\"0\",\"task\":\"12544\",\"opcode\":\"0\",\"keywords\":\"0x8020000000000000\",\"systemTime\":\"2026-10-02T03:06:32.3214872Z\",\"eventRecordID\":\"14459\",\"processID\":\"704\",\"threadID\":\"4724\",\"channel\":\"Security\",\"computer\":\"WIN10-01.SOC-LAB.LOCAL\",\"severityValue\":\"AUDIT_SUCCESS\",\"message\":\"\\\"An account was successfully logged on.\\r\\n\\r\\nSubject:\\r\\n\\tSecurity ID:\\t\\tS-1-5-18\\r\\n\\tAccount Name:\\t\\tWIN10-01$\\r\\n\\tAccount Domain:\\t\\tSOC-LAB\\r\\n\\tLogon ID:\\t\\t0x3E7\\r\\n\\r\\nLogon Information:\\r\\n\\tLogon Type:\\t\\t7\\r\\n\\tRestricted Admin Mode:\\t-\\r\\n\\tVirtual Account:\\t\\tNo\\r\\n\\tElevated Token:\\t\\tNo\\r\\n\\r\\nImpersonation Level:\\t\\tImpersonation\\r\\n\\r\\nNew Logon:\\r\\n\\tSecurity ID:\\t\\tS-1-5-21-1324826322-2293316327-2538204677-1108\\r\\n\\tAccount Name:\\t\\tnam.user\\r\\n\\tAccount Domain:\\t\\tSOC-LAB\\r\\n\\tLogon ID:\\t\\t0xBC4D0\\r\\n\\tLinked Logon ID:\\t\\t0x0\\r\\n\\tNetwork Account Name:\\t-\\r\\n\\tNetwork Account Domain:\\t-\\r\\n\\tLogon GUID:\\t\\t{00000000-0000-0000-0000-000000000000}\\r\\n\\r\\nProcess Information:\\r\\n\\tProcess ID:\\t\\t0x2c0\\r\\n\\tProcess Name:\\t\\tC:\\\\Windows\\\\System32\\\\lsass.exe\\r\\n\\r\\nNetwork Information:\\r\\n\\tWorkstation Name:\\tWIN10-01\\r\\n\\tSource Network Address:\\t-\\r\\n\\tSource Port:\\t\\t-\\r\\n\\r\\nDetailed Authentication Information:\\r\\n\\tLogon Process:\\t\\tNegotiat\\r\\n\\tAuthentication Package:\\tNegotiate\\r\\n\\tTransited Services:\\t-\\r\\n\\tPackage Name (NTLM only):\\t-\\r\\n\\tKey Length:\\t\\t0\\r\\n\\r\\nThis event is generated when a logon session is created. It is generated on the computer that was accessed.\\r\\n\\r\\nThe subject fields indicate the account on the local system which requested the logon. This is most commonly a service such as the Server service, or a local process such as Winlogon.exe or Services.exe.\\r\\n\\r\\nThe logon type field indicates the kind of logon that occurred. The most common types are 2 (interactive) and 3 (network).\\r\\n\\r\\nThe New Logon fields indicate the account for whom the new logon was created, i.e. the account that was logged on.\\r\\n\\r\\nThe network fields indicate where a remote logon request originated. Workstation name is not always available and may be left blank in some cases.\\r\\n\\r\\nThe impersonation level field indicates the extent to which a process in the logon session can impersonate.\\r\\n\\r\\nThe authentication information fields provide detailed information about this specific logon request.\\r\\n\\t- Logon GUID is a unique identifier that can be used to correlate this event with a KDC event.\\r\\n\\t- Transited services indicate which intermediate services have participated in this logon request.\\r\\n\\t- Package name indicates which sub-protocol was used among the NTLM protocols.\\r\\n\\t- Key length indicates the length of the generated session key. This will be 0 if no session key was requested.\\\"\"},\"eventdata\":{\"subjectUserSid\":\"S-1-5-18\",\"subjectUserName\":\"WIN10-01$\",\"subjectDomainName\":\"SOC-LAB\",\"subjectLogonId\":\"0x3e7\",\"targetUserSid\":\"S-1-5-21-1324826322-2293316327-2538204677-1108\",\"targetUserName\":\"nam.user\",\"targetDomainName\":\"SOC-LAB\",\"targetLogonId\":\"0xbc4d0\",\"logonType\":\"7\",\"logonProcessName\":\"Negotiat\",\"authenticationPackageName\":\"Negotiate\",\"workstationName\":\"WIN10-01\",\"logonGuid\":\"{00000000-0000-0000-0000-000000000000}\",\"keyLength\":\"0\",\"processId\":\"0x2c0\",\"processName\":\"C:\\\\\\\\Windows\\\\\\\\System32\\\\\\\\lsass.exe\",\"impersonationLevel\":\"%%1833\",\"virtualAccount\":\"%%1843\",\"targetLinkedLogonId\":\"0x0\",\"elevatedToken\":\"%%1843\"}}}","decoder":{"name":"windows_eventchannel"},"data":{"win":{"system":{"providerName":"Microsoft-Windows-Security-Auditing","providerGuid":"{54849625-5478-4994-a5ba-3e3b0328c30d}","eventID":"4624","version":"2","level":"0","task":"12544","opcode":"0","keywords":"0x8020000000000000","systemTime":"2026-10-02T03:06:32.3214872Z","eventRecordID":"14459","processID":"704","threadID":"4724","channel":"Security","computer":"WIN10-01.SOC-LAB.LOCAL","severityValue":"AUDIT_SUCCESS","message":"\"An account was successfully logged on.\r\n\r\nSubject:\r\n\tSecurity ID:\t\tS-1-5-18\r\n\tAccount Name:\t\tWIN10-01$\r\n\tAccount Domain:\t\tSOC-LAB\r\n\tLogon ID:\t\t0x3E7\r\n\r\nLogon Information:\r\n\tLogon Type:\t\t7\r\n\tRestricted Admin Mode:\t-\r\n\tVirtual Account:\t\tNo\r\n\tElevated Token:\t\tNo\r\n\r\nImpersonation Level:\t\tImpersonation\r\n\r\nNew Logon:\r\n\tSecurity ID:\t\tS-1-5-21-1324826322-2293316327-2538204677-1108\r\n\tAccount Name:\t\tnam.user\r\n\tAccount Domain:\t\tSOC-LAB\r\n\tLogon ID:\t\t0xBC4D0\r\n\tLinked Logon ID:\t\t0x0\r\n\tNetwork Account Name:\t-\r\n\tNetwork Account Domain:\t-\r\n\tLogon GUID:\t\t{00000000-0000-0000-0000-000000000000}\r\n\r\nProcess Information:\r\n\tProcess ID:\t\t0x2c0\r\n\tProcess Name:\t\tC:\\Windows\\System32\\lsass.exe\r\n\r\nNetwork Information:\r\n\tWorkstation Name:\tWIN10-01\r\n\tSource Network Address:\t-\r\n\tSource Port:\t\t-\r\n\r\nDetailed Authentication Information:\r\n\tLogon Process:\t\tNegotiat\r\n\tAuthentication Package:\tNegotiate\r\n\tTransited Services:\t-\r\n\tPackage Name (NTLM only):\t-\r\n\tKey Length:\t\t0\r\n\r\nThis event is generated when a logon session is created. It is generated on the computer that was accessed.\r\n\r\nThe subject fields indicate the account on the local system which requested the logon. This is most commonly a service such as the Server service, or a local process such as Winlogon.exe or Services.exe.\r\n\r\nThe logon type field indicates the kind of logon that occurred. The most common types are 2 (interactive) and 3 (network).\r\n\r\nThe New Logon fields indicate the account for whom the new logon was created, i.e. the account that was logged on.\r\n\r\nThe network fields indicate where a remote logon request originated. Workstation name is not always available and may be left blank in some cases.\r\n\r\nThe impersonation level field indicates the extent to which a process in the logon session can impersonate.\r\n\r\nThe authentication information fields provide detailed information about this specific logon request.\r\n\t- Logon GUID is a unique identifier that can be used to correlate this event with a KDC event.\r\n\t- Transited services indicate which intermediate services have participated in this logon request.\r\n\t- Package name indicates which sub-protocol was used among the NTLM protocols.\r\n\t- Key length indicates the length of the generated session key. This will be 0 if no session key was requested.\""},"eventdata":{"subjectUserSid":"S-1-5-18","subjectUserName":"WIN10-01$","subjectDomainName":"SOC-LAB","subjectLogonId":"0x3e7","targetUserSid":"S-1-5-21-1324826322-2293316327-2538204677-1108","targetUserName":"nam.user","targetDomainName":"SOC-LAB","targetLogonId":"0xbc4d0","logonType":"7","logonProcessName":"Negotiat","authenticationPackageName":"Negotiate","workstationName":"WIN10-01","logonGuid":"{00000000-0000-0000-0000-000000000000}","keyLength":"0","processId":"0x2c0","processName":"C:\\\\Windows\\\\System32\\\\lsass.exe","impersonationLevel":"%%1833","virtualAccount":"%%1843","targetLinkedLogonId":"0x0","elevatedToken":"%%1843"}}},"location":"EventChannel"}
{"timestamp":"2026-10-02T03:06:37.283+0000","agent":{"id":"001","name":"SOC-WIN10","ip":"192.168.50.20"},"manager":{"name":"soc-wazuh"},"id":"1790910397.270697","full_log":"{\"win\":{\"system\":{\"providerName\":\"Microsoft-Windows-Sysmon\",\"providerGuid\":\"{5770385f-c22a-43e0-bf4c-06f5698ffbd9}\",\"eventID\":\"1\",\"version\":\"5\",\"level\":\"4\",\"task\":\"1\",\"opcode\":\"0\",\"keywords\":\"0x8000000000000000\",\"systemTime\":\"2026-10-02T03:06:31.3842482Z\",\"eventRecordID\":\"11407\",\"processID\":\"2140\",\"threadID\":\"4056\",\"channel\":\"Microsoft-Windows-Sysmon/Operational\",\"computer\":\"WIN10-01.SOC-LAB.LOCAL\",\"severityValue\":\"INFORMATION\",\"message\":\"\\\"Process Create:\\r\\nRuleName: -\\r\\nUtcTime: 2026-10-02 03:06:31.378\\r\\nProcessGuid: {e12a69d9-1fb7-6abf-9e00-000000001700}\\r\\nProcessId: 5140\\r\\nImage: C:\\\\Windows\\\\SysWOW64\\\\auditpol.exe\\r\\nFileVersion: 10.0.19041.3636 (WinBuild.160101.0800)\\r\\nDescription: Audit Policy Program\\r\\nProduct: Microsoft® Windows® Operating System\\r\\nCompany: Microsoft Corporation\\r\\nOriginalFileName: AUDITPOL.EXE\\r\\nCommandLine: auditpol.exe /get /subcategory:\\\"Security Group Management\\\"\\r\\nCurrentDirectory: C:\\\\Program Files (x86)\\\\ossec-agent\\\\\\r\\nUser: NT AUTHORITY\\\\SYSTEM\\r\\nLogonGuid: {e12a69d9-1f98-6abf-e703-000000000000}\\r\\nLogonId: 0x3E7\\r\\nTerminalSessionId: 0\\r\\nIntegrityLevel: System\\r\\nHashes: MD5=DF7CD9AA34252DD4E0330FE964D5BDF7,SHA256=6A6C7FA1890DFB36F31780EABAB1A42FBBFAC43BC2DF14B97BF49B1E3EB1DEC6,IMPHASH=0C4B99BEEA5B3B9367B087A10A48BD92\\r\\nParentProcessGuid: {e12a69d9-1f99-6abf-2a00-000000001700}\\r\\nParentProcessId: 2124\\r\\nParentImage: C:\\\\Program Files (x86)\\\\ossec-agent\\\\wazuh-agent.exe\\r\\nParentCommandLine: \\\"C:\\\\Program Files (x86)\\\\ossec-agent\\\\wazuh-agent.exe\\\"\\r\\nParentUser: NT AUTHORITY\\\\SYSTEM\\\"\"},\"eventdata\":{\"utcTime\":\"2026-10-02 03:06:31.378\",\"processGuid\":\"{e12a69d9-1fb7-6abf-9e00-000000001700}\",\"processId\":\"5140\",\"image\":\"C:\\\\\\\\Windows\\\\\\\\SysWOW64\\\\\\\\auditpol.exe\",\"fileVersion\":\"10.0.19041.3636 (WinBuild.160101.0800)\",\"description\":\"Audit Policy Program\",\"product\":\"Microsoft® Windows® Operating System\",\"company\":\"Microsoft Corporation\",\"originalFileName\":\"AUDITPOL.EXE\",\"commandLine\":\"auditpol.exe /get /subcategory:\\\\\\\"Security Group Management\\\\\\\"\",\"currentDirectory\":\"C:\\\\\\\\Program Files (x86)\\\\\\\\ossec-agent\\\\\\\\\",\"user\":\"NT AUTHORITY\\\\\\\\SYSTEM\",\"logonGuid\":\"{e12a69d9-1f98-6abf-e703-000000000000}\",\"logonId\":\"0x3e7\",\"terminalSessionId\":\"0\",\"integrityLevel\":\"System\",\"hashes\":\"MD5=DF7CD9AA34252DD4E0330FE964D5BDF7,SHA256=6A6C7FA1890DFB36F31780EABAB1A42FBBFAC43BC2DF14B97BF49B1E3EB1DEC6,IMPHASH=0C4B99BEEA5B3B9367B087A10A48BD92\",\"parentProcessGuid\":\"{e12a69d9-1f99-6abf-2a00-000000001700}\",\"parentProcessId\":\"2124\",\"parentImage\":\"C:\\\\\\\\Program Files (x86)\\\\\\\\ossec-agent\\\\\\\\wazuh-agent.exe\",\"parentCommandLine\":\"\\\\\\\"C:\\\\\\\\Program Files (x86)\\\\\\\\ossec-agent\\\\\\\\wazuh-agent.exe\\\\\\\"\",\"parentUser\":\"NT AUTHORITY\\\\\\\\SYSTEM\"}}}","decoder":{"name":"windows_eventchannel"},"data":{"win":{"system":{"providerName":"Microsoft-Windows-Sysmon","providerGuid":"{5770385f-c22a-43e0-bf4c-06f5698ffbd9}","eventID":"1","version":"5","level":"4","task":"1","opcode":"0","keywords":"0x8000000000000000","systemTime":"2026-10-02T03:06:31.3842482Z","eventRecordID":"11407","processID":"2140","threadID":"4056","channel":"Microsoft-Windows-Sysmon/Operational","computer":"WIN10-01.SOC-LAB.LOCAL","severityValue":"INFORMATION","message":"\"Process Create:\r\nRuleName: -\r\nUtcTime: 2026-10-02 03:06:31.378\r\nProcessGuid: {e12a69d9-1fb7-6abf-9e00-000000001700}\r\nProcessId: 5140\r\nImage: C:\\Windows\\SysWOW64\\auditpol.exe\r\nFileVersion: 10.0.19041.3636 (WinBuild.160101.0800)\r\nDescription: Audit Policy Program\r\nProduct: Microsoft® Windows® Operating System\r\nCompany: Microsoft Corporation\r\nOriginalFileName: AUDITPOL.EXE\r\nCommandLine: auditpol.exe /get /subcategory:\"Security Group Management\"\r\nCurrentDirectory: C:\\Program Files (x86)\\ossec-agent\\\r\nUser: NT AUTHORITY\\SYSTEM\r\nLogonGuid: {e12a69d9-1f98-6abf-e703-000000000000}\r\nLogonId: 0x3E7\r\nTerminalSessionId: 0\r\nIntegrityLevel: System\r\nHashes: MD5=DF7CD9AA34252DD4E0330FE964D5BDF7,SHA256=6A6C7FA1890DFB36F31780EABAB1A42FBBFAC43BC2DF14B97BF49B1E3EB1DEC6,IMPHASH=0C4B99BEEA5B3B9367B087A10A48BD92\r\nParentProcessGuid: {e12a69d9-1f99-6abf-2a00-000000001700}\r\nParentProcessId: 2124\r\nParentImage: C:\\Program Files (x86)\\ossec-agent\\wazuh-agent.exe\r\nParentCommandLine: \"C:\\Program Files (x86)\\ossec-agent\\wazuh-agent.exe\"\r\nParentUser: NT AUTHORITY\\SYSTEM\""},"eventdata":{"utcTime":"2026-10-02 03:06:31.378","processGuid":"{e12a69d9-1fb7-6abf-9e00-000000001700}","processId":"5140","image":"C:\\\\Windows\\\\SysWOW64\\\\auditpol.exe","fileVersion":"10.0.19041.3636 (WinBuild.160101.0800)","description":"Audit Policy Program","product":"Microsoft® Windows® Operating System","company":"Microsoft Corporation","originalFileName":"AUDITPOL.EXE","commandLine":"auditpol.exe /get /subcategory:\\\"Security Group Management\\\"","currentDirectory":"C:\\\\Program Files (x86)\\\\ossec-agent\\\\","user":"NT AUTHORITY\\\\SYSTEM","logonGuid":"{e12a69d9-1f98-6abf-e703-000000000000}","logonId":"0x3e7","terminalSessionId":"0","integrityLevel":"System","hashes":"MD5=DF7CD9AA34252DD4E0330FE964D5BDF7,SHA256=6A6C7FA1890DFB36F31780EABAB1A42FBBFAC43BC2DF14B97BF49B1E3EB1DEC6,IMPHASH=0C4B99BEEA5B3B9367B087A10A48BD92","parentProcessGuid":"{e12a69d9-1f99-6abf-2a00-000000001700}","parentProcessId":"2124","parentImage":"C:\\\\Program Files (x86)\\\\ossec-agent\\\\wazuh-agent.exe","parentCommandLine":"\\\"C:\\\\Program Files (x86)\\\\ossec-agent\\\\wazuh-agent.exe\\\"","parentUser":"NT AUTHORITY\\\\SYSTEM"}}},"location":"EventChannel"}
{"timestamp":"2026-10-02T03:06:37.286+0000","agent":{"id":"001","name":"SOC-WIN10","ip":"192.168.50.20"},"manager":{"name":"soc-wazuh"},"id":"1790910397.270697","full_log":"{\"win\":{\"system\":{\"providerName\":\"Microsoft-Windows-Security-Auditing\",\"providerGuid\":\"{54849625-5478-4994-a5ba-3e3b0328c30d}\",\"eventID\":\"4648\",\"version\":\"0\",\"level\":\"0\",\"task\":\"12544\",\"opcode\":\"0\",\"keywords\":\"0x8020000000000000\",\"systemTime\":\"2026-10-02T03:06:32.3214647Z\",\"eventRecordID\":\"14458\",\"processID\":\"704\",\"threadID\":\"4724\",\"channel\":\"Security\",\"computer\":\"WIN10-01.SOC-LAB.LOCAL\",\"severityValue\":\"AUDIT_SUCCESS\",\"message\":\"\\\"A logon was attempted using explicit credentials.\\r\\n\\r\\nSubject:\\r\\n\\tSecurity ID:\\t\\tS-1-5-18\\r\\n\\tAccount Name:\\t\\tWIN10-01$\\r\\n\\tAccount Domain:\\t\\tSOC-LAB\\r\\n\\tLogon ID:\\t\\t0x3E7\\r\\n\\tLogon GUID:\\t\\t{00000000-0000-0000-0000-000000000000}\\r\\n\\r\\nAccount Whose Credentials Were Used:\\r\\n\\tAccount Name:\\t\\tnam.user\\r\\n\\tAccount Domain:\\t\\tSOC-LAB\\r\\n\\tLogon GUID:\\t\\t{00000000-0000-0000-0000-000000000000}\\r\\n\\r\\nTarget Server:\\r\\n\\tTarget Server Name:\\tlocalhost\\r\\n\\tAdditional Information:\\tlocalhost\\r\\n\\r\\nProcess Information:\\r\\n\\tProcess ID:\\t\\t0x2c0\\r\\n\\tProcess Name:\\t\\tC:\\\\Windows\\\\System32\\\\lsass.exe\\r\\n\\r\\nNetwork Information:\\r\\n\\tNetwork Address:\\t-\\r\\n\\tPort:\\t\\t\\t-\\r\\n\\r\\nThis event is generated when a process attempts to log on an account by explicitly specifying that account’s credentials.  This most commonly occurs in batch-type configurations such as scheduled tasks, or when using the RUNAS command.\\\"\"},\"eventdata\":{\"subjectUserSid\":\"S-1-5-18\",\"subjectUserName\":\"WIN10-01$\",\"subjectDomainName\":\"SOC-LAB\",\"subjectLogonId\":\"0x3e7\",\"logonGuid\":\"{00000000-0000-0000-0000-000000000000}\",\"targetUserName\":\"nam.user\",\"targetDomainName\":\"SOC-LAB\",\"targetLogonGuid\":\"{00000000-0000-0000-0000-000000000000}\",\"targetServerName\":\"localhost\",\"targetInfo\":\"localhost\",\"processId\":\"0x2c0\",\"processName\":\"C:\\\\\\\\Windows\\\\\\\\System32\\\\\\\\lsass.exe\"}}}","decoder":{"name":"windows_eventchannel"},"data":{"win":{"system":{"providerName":"Microsoft-Windows-Security-Auditing","providerGuid":"{54849625-5478-4994-a5ba-3e3b0328c30d}","eventID":"4648","version":"0","level":"0","task":"12544","opcode":"0","keywords":"0x8020000000000000","systemTime":"2026-10-02T03:06:32.3214647Z","eventRecordID":"14458","processID":"704","threadID":"4724","channel":"Security","computer":"WIN10-01.SOC-LAB.LOCAL","severityValue":"AUDIT_SUCCESS","message":"\"A logon was attempted using explicit credentials.\r\n\r\nSubject:\r\n\tSecurity ID:\t\tS-1-5-18\r\n\tAccount Name:\t\tWIN10-01$\r\n\tAccount Domain:\t\tSOC-LAB\r\n\tLogon ID:\t\t0x3E7\r\n\tLogon GUID:\t\t{00000000-0000-0000-0000-000000000000}\r\n\r\nAccount Whose Credentials Were Used:\r\n\tAccount Name:\t\tnam.user\r\n\tAccount Domain:\t\tSOC-LAB\r\n\tLogon GUID:\t\t{00000000-0000-0000-0000-000000000000}\r\n\r\nTarget Server:\r\n\tTarget Server Name:\tlocalhost\r\n\tAdditional Information:\tlocalhost\r\n\r\nProcess Information:\r\n\tProcess ID:\t\t0x2c0\r\n\tProcess Name:\t\tC:\\Windows\\System32\\lsass.exe\r\n\r\nNetwork Information:\r\n\tNetwork Address:\t-\r\n\tPort:\t\t\t-\r\n\r\nThis event is generated when a process attempts to log on an account by explicitly specifying that account’s credentials.  This most commonly occurs in batch-type configurations such as scheduled tasks, or when using the RUNAS command.\""},"eventdata":{"subjectUserSid":"S-1-5-18","subjectUserName":"WIN10-01$","subjectDomainName":"SOC-LAB","subjectLogonId":"0x3e7","logonGuid":"{00000000-0000-0000-0000-000000000000}","targetUserName":"nam.user","targetDomainName":"SOC-LAB","targetLogonGuid":"{00000000-0000-0000-0000-000000000000}","targetServerName":"localhost","targetInfo":"localhost","processId":"0x2c0","processName":"C:\\\\Windows\\\\System32\\\\lsass.exe"}}},"location":"EventChannel"}
{"timestamp":"2026-10-02T03:06:37.297+0000","rule":{"level":3,"description":"Non service account logged off.","id":"67023","firedtimes":1,"mail":false,"groups":["windows"," WEF"]},"agent":{"id":"001","name":"SOC-WIN10","ip":"192.168.50.20"},"manager":{"name":"soc-wazuh"},"id":"1790910397.270697","full_log":"{\"win\":{\"system\":{\"providerName\":\"Microsoft-Windows-Security-Auditing\",\"providerGuid\":\"{54849625-5478-4994-a5ba-3e3b0328c30d}\",\"eventID\":\"4634\",\"version\":\"0\",\"level\":\"0\",\"task\":\"12545\",\"opcode\":\"0\",\"keywords\":\"0x8020000000000000\",\"systemTime\":\"2026-10-02T03:06:32.3236985Z\",\"eventRecordID\":\"14460\",\"processID\":\"704\",\"threadID\":\"748\",\"channel\":\"Security\",\"computer\":\"WIN10-01.SOC-LAB.LOCAL\",\"severityValue\":\"AUDIT_SUCCESS\",\"message\":\"\\\"An account was logged off.\\r\\n\\r\\nSubject:\\r\\n\\tSecurity ID:\\t\\tS-1-5-21-1324826322-2293316327-2538204677-1108\\r\\n\\tAccount Name:\\t\\tnam.user\\r\\n\\tAccount Domain:\\t\\tSOC-LAB\\r\\n\\tLogon ID:\\t\\t0xBC4D0\\r\\n\\r\\nLogon Type:\\t\\t\\t7\\r\\n\\r\\nThis event is generated when a logon session is destroyed. It may be positively correlated with a logon event using the Logon ID value. Logon IDs are only unique between reboots on the same computer.\\\"\"},\"eventdata\":{\"targetUserSid\":\"S-1-5-21-1324826322-2293316327-2538204677-1108\",\"targetUserName\":\"nam.user\",\"targetDomainName\":\"SOC-LAB\",\"targetLogonId\":\"0xbc4d0\",\"logonType\":\"7\"}}}","decoder":{"name":"windows_eventchannel"},"data":{"win":{"system":{"providerName":"Microsoft-Windows-Security-Auditing","providerGuid":"{54849625-5478-4994-a5ba-3e3b0328c30d}","eventID":"4634","version":"0","level":"0","task":"12545","opcode":"0","keywords":"0x8020000000000000","systemTime":"2026-10-02T03:06:32.3236985Z","eventRecordID":"14460","processID":"704","threadID":"748","channel":"Security","computer":"WIN10-01.SOC-LAB.LOCAL","severityValue":"AUDIT_SUCCESS","message":"\"An account was logged off.\r\n\r\nSubject:\r\n\tSecurity ID:\t\tS-1-5-21-1324826322-2293316327-2538204677-1108\r\n\tAccount Name:\t\tnam.user\r\n\tAccount Domain:\t\tSOC-LAB\r\n\tLogon ID:\t\t0xBC4D0\r\n\r\nLogon Type:\t\t\t7\r\n\r\nThis event is generated when a logon session is destroyed. It may be positively correlated with a logon event using the Logon ID value. Logon IDs are only unique between reboots on the same computer.\""},"eventdata":{"targetUserSid":"S-1-5-21-1324826322-2293316327-2538204677-1108","targetUserName":"nam.user","targetDomainName":"SOC-LAB","targetLogonId":"0xbc4d0","logonType":"7"}}},"location":"EventChannel"}
{"timestamp":"2026-10-02T03:06:37.344+0000","agent":{"id":"001","name":"SOC-WIN10","ip":"192.168.50.20"},"manager":{"name":"soc-wazuh"},"id":"1790910397.278061","full_log":"{\"win\":{\"system\":{\"providerName\":\"Microsoft-Windows-Sysmon\",\"providerGuid\":\"{5770385f-c22a-43e0-bf4c-06f5698ffbd9}\",\"eventID\":\"22\",\"version\":\"5\",\"level\":\"4\",\"task\":\"22\",\"opcode\":\"0\",\"keywords\":\"0x8000000000000000\",\"systemTime\":\"2026-10-02T03:06:32.8968924Z\",\"eventRecordID\":\"11408\",\"processID\":\"2140\",\"threadID\":\"4072\",\"channel\":\"Microsoft-Windows-Sysmon/Operational\",\"computer\":\"WIN10-01.SOC-LAB.LOCAL\",\"severityValue\":\"INFORMATION\",\"message\":\"\\\"Dns query:\\r\\nRuleName: -\\r\\nUtcTime: 2026-10-02 03:06:31.945\\r\\nProcessGuid: {e12a69d9-1f98-6abf-0c00-000000001700}\\r\\nProcessId: 704\\r\\nQueryName: _kerberos._tcp.Default-First-Site-Name._sites.dc._msdcs.SOC-LAB.LOCAL.\\r\\nQueryStatus: 1460\\r\\nQueryResults: -\\r\\nImage: C:\\\\Windows\\\\System32\\\\lsass.exe\\r\\nUser: NT AUTHORITY\\\\SYSTEM\\\"\"},\"eventdata\":{\"utcTime\":\"2026-10-02 03:06:31.945\",\"processGuid\":\"{e12a69d9-1f98-6abf-0c00-000000001700}\",\"processId\":\"704\",\"queryName\":\"_kerberos._tcp.Default-First-Site-Name._sites.dc._msdcs.SOC-LAB.LOCAL.\",\"queryStatus\":\"1460\",\"image\":\"C:\\\\\\\\Windows\\\\\\\\System32\\\\\\\\lsass.exe\",\"user\":\"NT AUTHORITY\\\\\\\\SYSTEM\"}}}","decoder":{"name":"windows_eventchannel"},"data":{"win":{"system":{"providerName":"Microsoft-Windows-Sysmon","providerGuid":"{5770385f-c22a-43e0-bf4c-06f5698ffbd9}","eventID":"22","version":"5","level":"4","task":"22","opcode":"0","keywords":"0x8000000000000000","systemTime":"2026-10-02T03:06:32.8968924Z","eventRecordID":"11408","processID":"2140","threadID":"4072","channel":"Microsoft-Windows-Sysmon/Operational","computer":"WIN10-01.SOC-LAB.LOCAL","severityValue":"INFORMATION","message":"\"Dns query:\r\nRuleName: -\r\nUtcTime: 2026-10-02 03:06:31.945\r\nProcessGuid: {e12a69d9-1f98-6abf-0c00-000000001700}\r\nProcessId: 704\r\nQueryName: _kerberos._tcp.Default-First-Site-Name._sites.dc._msdcs.SOC-LAB.LOCAL.\r\nQueryStatus: 1460\r\nQueryResults: -\r\nImage: C:\\Windows\\System32\\lsass.exe\r\nUser: NT AUTHORITY\\SYSTEM\""},"eventdata":{"utcTime":"2026-10-02 03:06:31.945","processGuid":"{e12a69d9-1f98-6abf-0c00-000000001700}","processId":"704","queryName":"_kerberos._tcp.Default-First-Site-Name._sites.dc._msdcs.SOC-LAB.LOCAL.","queryStatus":"1460","image":"C:\\\\Windows\\\\System32\\\\lsass.exe","user":"NT AUTHORITY\\\\SYSTEM"}}},"location":"EventChannel"}
{"timestamp":"2026-10-02T03:06:39.139+0000","agent":{"id":"001","name":"SOC-WIN10","ip":"192.168.50.20"},"manager":{"name":"soc-wazuh"},"id":"1790910399.317069","full_log":"{\"win\":{\"system\":{\"providerName\":\"Microsoft-Windows-Sysmon\",\"providerGuid\":\"{5770385f-c22a-43e0-bf4c-06f5698ffbd9}\",\"eventID\":\"1\",\"version\":\"5\",\"level\":\"4\",\"task\":\"1\",\"opcode\":\"0\",\"keywords\":\"0x8000000000000000\",\"systemTime\":\"2026-10-02T03:06:37.1830676Z\",\"eventRecordID\":\"11409\",\"processID\":\"2140\",\"threadID\":\"4056\",\"channel\":\"Microsoft-Windows-Sysmon/Operational\",\"computer\":\"WIN10-01.SOC-LAB.LOCAL\",\"severityValue\":\"INFORMATION\",\"message\":\"\\\"Process Create:\\r\\nRuleName: -\\r\\nUtcTime: 2026-10-02 03:06:37.177\\r\\nProcessGuid: {e12a69d9-1fbd-6abf-a300-000000001700}\\r\\nProcessId: 6564\\r\\nImage: C:\\\\Windows\\\\SysWOW64\\\\auditpol.exe\\r\\nFileVersion: 10.0.19041.3636 (WinBuild.160101.0800)\\r\\nDescription: Audit Policy Program\\r\\nProduct: Microsoft® Windows® Operating System\\r\\nCompany: Microsoft Corporation\\r\\nOriginalFileName: AUDITPOL.EXE\\r\\nCommandLine: auditpol.exe /get /subcategory:\\\"User Account Management\\\"\\r\\nCurrentDirectory: C:\\\\Program Files (x86)\\\\ossec-agent\\\\\\r\\nUser: NT AUTHORITY\\\\SYSTEM\\r\\nLogonGuid: {e12a69d9-1f98-6abf-e703-000000000000}\\r\\nLogonId: 0x3E7\\r\\nTerminalSessionId: 0\\r\\nIntegrityLevel: System\\r\\nHashes: MD5=DF7CD9AA34252DD4E0330FE964D5BDF7,SHA256=6A6C7FA1890DFB36F31780EABAB1A42FBBFAC43BC2DF14B97BF49B1E3EB1DEC6,IMPHASH=0C4B99BEEA5B3B9367B087A10A48BD92\\r\\nParentProcessGuid: {e12a69d9-1f99-6abf-2a00-000000001700}\\r\\nParentProcessId: 2124\\r\\nParentImage: C:\\\\Program Files (x86)\\\\ossec-agent\\\\wazuh-agent.exe\\r\\nParentCommandLine: \\\"C:\\\\Program Files (x86)\\\\ossec-agent\\\\wazuh-agent.exe\\\"\\r\\nParentUser: NT AUTHORITY\\\\SYSTEM\\\"\"},\"eventdata\":{\"utcTime\":\"2026-10-02 03:06:37.177\",\"processGuid\":\"{e12a69d9-1fbd-6abf-a300-000000001700}\",\"processId\":\"6564\",\"image\":\"C:\\\\\\\\Windows\\\\\\\\SysWOW64\\\\\\\\auditpol.exe\",\"fileVersion\":\"10.0.19041.3636 (WinBuild.160101.0800)\",\"description\":\"Audit Policy Program\",\"product\":\"Microsoft® Windows® Operating System\",\"company\":\"Microsoft Corporation\",\"originalFileName\":\"AUDITPOL.EXE\",\"commandLine\":\"auditpol.exe /get /subcategory:\\\\\\\"User Account Management\\\\\\\"\",\"currentDirectory\":\"C:\\\\\\\\Program Files (x86)\\\\\\\\ossec-agent\\\\\\\\\",\"user\":\"NT AUTHORITY\\\\\\\\SYSTEM\",\"logonGuid\":\"{e12a69d9-1f98-6abf-e703-000000000000}\",\"logonId\":\"0x3e7\",\"terminalSessionId\":\"0\",\"integrityLevel\":\"System\",\"hashes\":\"MD5=DF7CD9AA34252DD4E0330FE964D5BDF7,SHA256=6A6C7FA1890DFB36F31780EABAB1A42FBBFAC43BC2DF14B97BF49B1E3EB1DEC6,IMPHASH=0C4B99BEEA5B3B9367B087A10A48BD92\",\"parentProcessGuid\":\"{e12a69d9-1f99-6abf-2a00-000000001700}\",\"parentProcessId\":\"2124\",\"parentImage\":\"C:\\\\\\\\Program Files (x86)\\\\\\\\ossec-agent\\\\\\\\wazuh-agent.exe\",\"parentCommandLine\":\"\\\\\\\"C:\\\\\\\\Program Files (x86)\\\\\\\\ossec-agent\\\\\\\\wazuh-agent.exe\\\\\\\"\",\"parentUser\":\"NT AUTHORITY\\\\\\\\SYSTEM\"}}}","decoder":{"name":"windows_eventchannel"},"data":{"win":{"system":{"providerName":"Microsoft-Windows-Sysmon","providerGuid":"{5770385f-c22a-43e0-bf4c-06f5698ffbd9}","eventID":"1","version":"5","level":"4","task":"1","opcode":"0","keywords":"0x8000000000000000","systemTime":"2026-10-02T03:06:37.1830676Z","eventRecordID":"11409","processID":"2140","threadID":"4056","channel":"Microsoft-Windows-Sysmon/Operational","computer":"WIN10-01.SOC-LAB.LOCAL","severityValue":"INFORMATION","message":"\"Process Create:\r\nRuleName: -\r\nUtcTime: 2026-10-02 03:06:37.177\r\nProcessGuid: {e12a69d9-1fbd-6abf-a300-000000001700}\r\nProcessId: 6564\r\nImage: C:\\Windows\\SysWOW64\\auditpol.exe\r\nFileVersion: 10.0.19041.3636 (WinBuild.160101.0800)\r\nDescription: Audit Policy Program\r\nProduct: Microsoft® Windows® Operating System\r\nCompany: Microsoft Corporation\r\nOriginalFileName: AUDITPOL.EXE\r\nCommandLine: auditpol.exe /get /subcategory:\"User Account Management\"\r\nCurrentDirectory: C:\\Program Files (x86)\\ossec-agent\\\r\nUser: NT AUTHORITY\\SYSTEM\r\nLogonGuid: {e12a69d9-1f98-6abf-e703-000000000000}\r\nLogonId: 0x3E7\r\nTerminalSessionId: 0\r\nIntegrityLevel: System\r\nHashes: MD5=DF7CD9AA34252DD4E0330FE964D5BDF7,SHA256=6A6C7FA1890DFB36F31780EABAB1A42FBBFAC43BC2DF14B97BF49B1E3EB1DEC6,IMPHASH=0C4B99BEEA5B3B9367B087A10A48BD92\r\nParentProcessGuid: {e12a69d9-1f99-6abf-2a00-000000001700}\r\nParentProcessId: 2124\r\nParentImage: C:\\Program Files (x86)\\ossec-agent\\wazuh-agent.exe\r\nParentCommandLine: \"C:\\Program Files (x86)\\ossec-agent\\wazuh-agent.exe\"\r\nParentUser: NT AUTHORITY\\SYSTEM\""},"eventdata":{"utcTime":"2026-10-02 03:06:37.177","processGuid":"{e12a69d9-1fbd-6abf-a300-000000001700}","processId":"6564","image":"C:\\\\Windows\\\\SysWOW64\\\\auditpol.exe","fileVersion":"10.0.19041.3636 (WinBuild.160101.0800)","description":"Audit Policy Program","product":"Microsoft® Windows® Operating System","company":"Microsoft Corporation","originalFileName":"AUDITPOL.EXE","commandLine":"auditpol.exe /get /subcategory:\\\"User Account Management\\\"","currentDirectory":"C:\\\\Program Files (x86)\\\\ossec-agent\\\\","user":"NT AUTHORITY\\\\SYSTEM","logonGuid":"{e12a69d9-1f98-6abf-e703-000000000000}","logonId":"0x3e7","terminalSessionId":"0","integrityLevel":"System","hashes":"MD5=DF7CD9AA34252DD4E0330FE964D5BDF7,SHA256=6A6C7FA1890DFB36F31780EABAB1A42FBBFAC43BC2DF14B97BF49B1E3EB1DEC6,IMPHASH=0C4B99BEEA5B3B9367B087A10A48BD92","parentProcessGuid":"{e12a69d9-1f99-6abf-2a00-000000001700}","parentProcessId":"2124","parentImage":"C:\\\\Program Files (x86)\\\\ossec-agent\\\\wazuh-agent.exe","parentCommandLine":"\\\"C:\\\\Program Files (x86)\\\\ossec-agent\\\\wazuh-agent.exe\\\"","parentUser":"NT AUTHORITY\\\\SYSTEM"}}},"location":"EventChannel"}
{"timestamp":"2026-10-02T03:06:39.142+0000","agent":{"id":"001","name":"SOC-WIN10","ip":"192.168.50.20"},"manager":{"name":"soc-wazuh"},"id":"1790910399.317069","full_log":"{\"win\":{\"system\":{\"providerName\":\"Microsoft-Windows-Sysmon\",\"providerGuid\":\"{5770385f-c22a-43e0-bf4c-06f5698ffbd9}\",\"eventID\":\"1\",\"version\":\"5\",\"level\":\"4\",\"task\":\"1\",\"opcode\":\"0\",\"keywords\":\"0x8000000000000000\",\"systemTime\":\"2026-10-02T03:06:37.2797255Z\",\"eventRecordID\":\"11410\",\"processID\":\"2140\",\"threadID\":\"4056\",\"channel\":\"Microsoft-Windows-Sysmon/Operational\",\"computer\":\"WIN10-01.SOC-LAB.LOCAL\",\"severityValue\":\"INFORMATION\",\"message\":\"\\\"Process Create:\\r\\nRuleName: -\\r\\nUtcTime: 2026-10-02 03:06:37.275\\r\\nProcessGuid: {e12a69d9-1fbd-6abf-a500-000000001700}\\r\\nProcessId: 6612\\r\\nImage: C:\\\\Windows\\\\SysWOW64\\\\auditpol.exe\\r\\nFileVersion: 10.0.19041.3636 (WinBuild.160101.0800)\\r\\nDescription: Audit Policy Program\\r\\nProduct: Microsoft® Windows® Operating System\\r\\nCompany: Microsoft Corporation\\r\\nOriginalFileName: AUDITPOL.EXE\\r\\nCommandLine: auditpol.exe /get /subcategory:\\\"Plug and Play Events\\\"\\r\\nCurrentDirectory: C:\\\\Program Files (x86)\\\\ossec-agent\\\\\\r\\nUser: NT AUTHORITY\\\\SYSTEM\\r\\nLogonGuid: {e12a69d9-1f98-6abf-e703-000000000000}\\r\\nLogonId: 0x3E7\\r\\nTerminalSessionId: 0\\r\\nIntegrityLevel: System\\r\\nHashes: MD5=DF7CD9AA34252DD4E0330FE964D5BDF7,SHA256=6A6C7FA1890DFB36F31780EABAB1A42FBBFAC43BC2DF14B97BF49B1E3EB1DEC6,IMPHASH=0C4B99BEEA5B3B9367B087A10A48BD92\\r\\nParentProcessGuid: {e12a69d9-1f99-6abf-2a00-000000001700}\\r\\nParentProcessId: 2124\\r\\nParentImage: C:\\\\Program Files (x86)\\\\ossec-agent\\\\wazuh-agent.exe\\r\\nParentCommandLine: \\\"C:\\\\Program Files (x86)\\\\ossec-agent\\\\wazuh-agent.exe\\\"\\r\\nParentUser: NT AUTHORITY\\\\SYSTEM\\\"\"},\"eventdata\":{\"utcTime\":\"2026-10-02 03:06:37.275\",\"processGuid\":\"{e12a69d9-1fbd-6abf-a500-000000001700}\",\"processId\":\"6612\",\"image\":\"C:\\\\\\\\Windows\\\\\\\\SysWOW64\\\\\\\\auditpol.exe\",\"fileVersion\":\"10.0.19041.3636 (WinBuild.160101.0800)\",\"description\":\"Audit Policy Program\",\"product\":\"Microsoft® Windows® Operating System\",\"company\":\"Microsoft Corporation\",\"originalFileName\":\"AUDITPOL.EXE\",\"commandLine\":\"auditpol.exe /get /subcategory:\\\\\\\"Plug and Play Events\\\\\\\"\",\"currentDirectory\":\"C:\\\\\\\\Program Files (x86)\\\\\\\\ossec-agent\\\\\\\\\",\"user\":\"NT AUTHORITY\\\\\\\\SYSTEM\",\"logonGuid\":\"{e12a69d9-1f98-6abf-e703-000000000000}\",\"logonId\":\"0x3e7\",\"terminalSessionId\":\"0\",\"integrityLevel\":\"System\",\"hashes\":\"MD5=DF7CD9AA34252DD4E0330FE964D5BDF7,SHA256=6A6C7FA1890DFB36F31780EABAB1A42FBBFAC43BC2DF14B97BF49B1E3EB1DEC6,IMPHASH=0C4B99BEEA5B3B9367B087A10A48BD92\",\"parentProcessGuid\":\"{e12a69d9-1f99-6abf-2a00-000000001700}\",\"parentProcessId\":\"2124\",\"parentImage\":\"C:\\\\\\\\Program Files (x86)\\\\\\\\ossec-agent\\\\\\\\wazuh-agent.exe\",\"parentCommandLine\":\"\\\\\\\"C:\\\\\\\\Program Files (x86)\\\\\\\\ossec-agent\\\\\\\\wazuh-agent.exe\\\\\\\"\",\"parentUser\":\"NT AUTHORITY\\\\\\\\SYSTEM\"}}}","decoder":{"name":"windows_eventchannel"},"data":{"win":{"system":{"providerName":"Microsoft-Windows-Sysmon","providerGuid":"{5770385f-c22a-43e0-bf4c-06f5698ffbd9}","eventID":"1","version":"5","level":"4","task":"1","opcode":"0","keywords":"0x8000000000000000","systemTime":"2026-10-02T03:06:37.2797255Z","eventRecordID":"11410","processID":"2140","threadID":"4056","channel":"Microsoft-Windows-Sysmon/Operational","computer":"WIN10-01.SOC-LAB.LOCAL","severityValue":"INFORMATION","message":"\"Process Create:\r\nRuleName: -\r\nUtcTime: 2026-10-02 03:06:37.275\r\nProcessGuid: {e12a69d9-1fbd-6abf-a500-000000001700}\r\nProcessId: 6612\r\nImage: C:\\Windows\\SysWOW64\\auditpol.exe\r\nFileVersion: 10.0.19041.3636 (WinBuild.160101.0800)\r\nDescription: Audit Policy Program\r\nProduct: Microsoft® Windows® Operating System\r\nCompany: Microsoft Corporation\r\nOriginalFileName: AUDITPOL.EXE\r\nCommandLine: auditpol.exe /get /subcategory:\"Plug and Play Events\"\r\nCurrentDirectory: C:\\Program Files (x86)\\ossec-agent\\\r\nUser: NT AUTHORITY\\SYSTEM\r\nLogonGuid: {e12a69d9-1f98-6abf-e703-000000000000}\r\nLogonId: 0x3E7\r\nTerminalSessionId: 0\r\nIntegrityLevel: System\r\nHashes: MD5=DF7CD9AA34252DD4E0330FE964D5BDF7,SHA256=6A6C7FA1890DFB36F31780EABAB1A42FBBFAC43BC2DF14B97BF49B1E3EB1DEC6,IMPHASH=0C4B99BEEA5B3B9367B087A10A48BD92\r\nParentProcessGuid: {e12a69d9-1f99-6abf-2a00-000000001700}\r\nParentProcessId: 2124\r\nParentImage: C:\\Program Files (x86)\\ossec-agent\\wazuh-agent.exe\r\nParentCommandLine: \"C:\\Program Files (x86)\\ossec-agent\\wazuh-agent.exe\"\r\nParentUser: NT AUTHORITY\\SYSTEM\""},"eventdata":{"utcTime":"2026-10-02 03:06:37.275","processGuid":"{e12a69d9-1fbd-6abf-a500-000000001700}","processId":"6612","image":"C:\\\\Windows\\\\SysWOW64\\\\auditpol.exe","fileVersion":"10.0.19041.3636 (WinBuild.160101.0800)","description":"Audit Policy Program","product":"Microsoft® Windows® Operating System","company":"Microsoft Corporation","originalFileName":"AUDITPOL.EXE","commandLine":"auditpol.exe /get /subcategory:\\\"Plug and Play Events\\\"","currentDirectory":"C:\\\\Program Files (x86)\\\\ossec-agent\\\\","user":"NT AUTHORITY\\\\SYSTEM","logonGuid":"{e12a69d9-1f98-6abf-e703-000000000000}","logonId":"0x3e7","terminalSessionId":"0","integrityLevel":"System","hashes":"MD5=DF7CD9AA34252DD4E0330FE964D5BDF7,SHA256=6A6C7FA1890DFB36F31780EABAB1A42FBBFAC43BC2DF14B97BF49B1E3EB1DEC6,IMPHASH=0C4B99BEEA5B3B9367B087A10A48BD92","parentProcessGuid":"{e12a69d9-1f99-6abf-2a00-000000001700}","parentProcessId":"2124","parentImage":"C:\\\\Program Files (x86)\\\\ossec-agent\\\\wazuh-agent.exe","parentCommandLine":"\\\"C:\\\\Program Files (x86)\\\\ossec-agent\\\\wazuh-agent.exe\\\"","parentUser":"NT AUTHORITY\\\\SYSTEM"}}},"location":"EventChannel"}
{"timestamp":"2026-10-02T03:06:39.158+0000","agent":{"id":"001","name":"SOC-WIN10","ip":"192.168.50.20"},"manager":{"name":"soc-wazuh"},"id":"1790910399.317069","full_log":"{\"win\":{\"system\":{\"providerName\":\"Microsoft-Windows-Sysmon\",\"providerGuid\":\"{5770385f-c22a-43e0-bf4c-06f5698ffbd9}\",\"eventID\":\"1\",\"version\":\"5\",\"level\":\"4\",\"task\":\"1\",\"opcode\":\"0\",\"keywords\":\"0x8000000000000000\",\"systemTime\":\"2026-10-02T03:06:37.3671189Z\",\"eventRecordID\":\"11411\",\"processID\":\"2140\",\"threadID\":\"4056\",\"channel\":\"Microsoft-Windows-Sysmon/Operational\",\"computer\":\"WIN10-01.SOC-LAB.LOCAL\",\"severityValue\":\"INFORMATION\",\"message\":\"\\\"Process Create:\\r\\nRuleName: -\\r\\nUtcTime: 2026-10-02 03:06:37.362\\r\\nProcessGuid: {e12a69d9-1fbd-6abf-a700-000000001700}\\r\\nProcessId: 6660\\r\\nImage: C:\\\\Windows\\\\SysWOW64\\\\auditpol.exe\\r\\nFileVersion: 10.0.19041.3636 (WinBuild.160101.0800)\\r\\nDescription: Audit Policy Program\\r\\nProduct: Microsoft® Windows® Operating System\\r\\nCompany: Microsoft Corporation\\r\\nOriginalFileName: AUDITPOL.EXE\\r\\nCommandLine: auditpol.exe /get /subcategory:\\\"Process Creation\\\"\\r\\nCurrentDirectory: C:\\\\Program Files (x86)\\\\ossec-agent\\\\\\r\\nUser: NT AUTHORITY\\\\SYSTEM\\r\\nLogonGuid: {e12a69d9-1f98-6abf-e703-000000000000}\\r\\nLogonId: 0x3E7\\r\\nTerminalSessionId: 0\\r\\nIntegrityLevel: System\\r\\nHashes: MD5=DF7CD9AA34252DD4E0330FE964D5BDF7,SHA256=6A6C7FA1890DFB36F31780EABAB1A42FBBFAC43BC2DF14B97BF49B1E3EB1DEC6,IMPHASH=0C4B99BEEA5B3B9367B087A10A48BD92\\r\\nParentProcessGuid: {e12a69d9-1f99-6abf-2a00-000000001700}\\r\\nParentProcessId: 2124\\r\\nParentImage: C:\\\\Program Files (x86)\\\\ossec-agent\\\\wazuh-agent.exe\\r\\nParentCommandLine: \\\"C:\\\\Program Files (x86)\\\\ossec-agent\\\\wazuh-agent.exe\\\"\\r\\nParentUser: NT AUTHORITY\\\\SYSTEM\\\"\"},\"eventdata\":{\"utcTime\":\"2026-10-02 03:06:37.362\",\"processGuid\":\"{e12a69d9-1fbd-6abf-a700-000000001700}\",\"processId\":\"6660\",\"image\":\"C:\\\\\\\\Windows\\\\\\\\SysWOW64\\\\\\\\auditpol.exe\",\"fileVersion\":\"10.0.19041.3636 (WinBuild.160101.0800)\",\"description\":\"Audit Policy Program\",\"product\":\"Microsoft® Windows® Operating System\",\"company\":\"Microsoft Corporation\",\"originalFileName\":\"AUDITPOL.EXE\",\"commandLine\":\"auditpol.exe /get /subcategory:\\\\\\\"Process Creation\\\\\\\"\",\"currentDirectory\":\"C:\\\\\\\\Program Files (x86)\\\\\\\\ossec-agent\\\\\\\\\",\"user\":\"NT AUTHORITY\\\\\\\\SYSTEM\",\"logonGuid\":\"{e12a69d9-1f98-6abf-e703-000000000000}\",\"logonId\":\"0x3e7\",\"terminalSessionId\":\"0\",\"integrityLevel\":\"System\",\"hashes\":\"MD5=DF7CD9AA34252DD4E0330FE964D5BDF7,SHA256=6A6C7FA1890DFB36F31780EABAB1A42FBBFAC43BC2DF14B97BF49B1E3EB1DEC6,IMPHASH=0C4B99BEEA5B3B9367B087A10A48BD92\",\"parentProcessGuid\":\"{e12a69d9-1f99-6abf-2a00-000000001700}\",\"parentProcessId\":\"2124\",\"parentImage\":\"C:\\\\\\\\Program Files (x86)\\\\\\\\ossec-agent\\\\\\\\wazuh-agent.exe\",\"parentCommandLine\":\"\\\\\\\"C:\\\\\\\\Program Files (x86)\\\\\\\\ossec-agent\\\\\\\\wazuh-agent.exe\\\\\\\"\",\"parentUser\":\"NT AUTHORITY\\\\\\\\SYSTEM\"}}}","decoder":{"name":"windows_eventchannel"},"data":{"win":{"system":{"providerName":"Microsoft-Windows-Sysmon","providerGuid":"{5770385f-c22a-43e0-bf4c-06f5698ffbd9}","eventID":"1","version":"5","level":"4","task":"1","opcode":"0","keywords":"0x8000000000000000","systemTime":"2026-10-02T03:06:37.3671189Z","eventRecordID":"11411","processID":"2140","threadID":"4056","channel":"Microsoft-Windows-Sysmon/Operational","computer":"WIN10-01.SOC-LAB.LOCAL","severityValue":"INFORMATION","message":"\"Process Create:\r\nRuleName: -\r\nUtcTime: 2026-10-02 03:06:37.362\r\nProcessGuid: {e12a69d9-1fbd-6abf-a700-000000001700}\r\nProcessId: 6660\r\nImage: C:\\Windows\\SysWOW64\\auditpol.exe\r\nFileVersion: 10.0.19041.3636 (WinBuild.160101.0800)\r\nDescription: Audit Policy Program\r\nProduct: Microsoft® Windows® Operating System\r\nCompany: Microsoft Corporation\r\nOriginalFileName: AUDITPOL.EXE\r\nCommandLine: auditpol.exe /get /subcategory:\"Process Creation\"\r\nCurrentDirectory: C:\\Program Files (x86)\\ossec-agent\\\r\nUser: NT AUTHORITY\\SYSTEM\r\nLogonGuid: {e12a69d9-1f98-6abf-e703-000000000000}\r\nLogonId: 0x3E7\r\nTerminalSessionId: 0\r\nIntegrityLevel: System\r\nHashes: MD5=DF7CD9AA34252DD4E0330FE964D5BDF7,SHA256=6A6C7FA1890DFB36F31780EABAB1A42FBBFAC43BC2DF14B97BF49B1E3EB1DEC6,IMPHASH=0C4B99BEEA5B3B9367B087A10A48BD92\r\nParentProcessGuid: {e12a69d9-1f99-6abf-2a00-000000001700}\r\nParentProcessId: 2124\r\nParentImage: C:\\Program Files (x86)\\ossec-agent\\wazuh-agent.exe\r\nParentCommandLine: \"C:\\Program Files (x86)\\ossec-agent\\wazuh-agent.exe\"\r\nParentUser: NT AUTHORITY\\SYSTEM\""},"eventdata":{"utcTime":"2026-10-02 03:06:37.362","processGuid":"{e12a69d9-1fbd-6abf-a700-000000001700}","processId":"6660","image":"C:\\\\Windows\\\\SysWOW64\\\\auditpol.exe","fileVersion":"10.0.19041.3636 (WinBuild.160101.0800)","description":"Audit Policy Program","product":"Microsoft® Windows® Operating System","company":"Microsoft Corporation","originalFileName":"AUDITPOL.EXE","commandLine":"auditpol.exe /get /subcategory:\\\"Process Creation\\\"","currentDirectory":"C:\\\\Program Files (x86)\\\\ossec-agent\\\\","user":"NT AUTHORITY\\\\SYSTEM","logonGuid":"{e12a69d9-1f98-6abf-e703-000000000000}","logonId":"0x3e7","terminalSessionId":"0","integrityLevel":"System","hashes":"MD5=DF7CD9AA34252DD4E0330FE964D5BDF7,SHA256=6A6C7FA1890DFB36F31780EABAB1A42FBBFAC43BC2DF14B97BF49B1E3EB1DEC6,IMPHASH=0C4B99BEEA5B3B9367B087A10A48BD92","parentProcessGuid":"{e12a69d9-1f99-6abf-2a00-000000001700}","parentProcessId":"2124","parentImage":"C:\\\\Program Files (x86)\\\\ossec-agent\\\\wazuh-agent.exe","parentCommandLine":"\\\"C:\\\\Program Files (x86)\\\\ossec-agent\\\\wazuh-agent.exe\\\"","parentUser":"NT AUTHORITY\\\\SYSTEM"}}},"location":"EventChannel"}
{"timestamp":"2026-10-02T03:06:39.190+0000","agent":{"id":"001","name":"SOC-WIN10","ip":"192.168.50.20"},"manager":{"name":"soc-wazuh"},"id":"1790910399.317069","full_log":"{\"win\":{\"system\":{\"providerName\":\"Microsoft-Windows-Sysmon\",\"providerGuid\":\"{5770385f-c22a-43e0-bf4c-06f5698ffbd9}\",\"eventID\":\"1\",\"version\":\"5\",\"level\":\"4\",\"task\":\"1\",\"opcode\":\"0\",\"keywords\":\"0x8000000000000000\",\"systemTime\":\"2026-10-02T03:06:37.7518289Z\",\"eventRecordID\":\"11413\",\"processID\":\"2140\",\"threadID\":\"4056\",\"channel\":\"Microsoft-Windows-Sysmon/Operational\",\"computer\":\"WIN10-01.SOC-LAB.LOCAL\",\"severityValue\":\"INFORMATION\",\"message\":\"\\\"Process Create:\\r\\nRuleName: -\\r\\nUtcTime: 2026-10-02 03:06:37.748\\r\\nProcessGuid: {e12a69d9-1fbd-6abf-ab00-000000001700}\\r\\nProcessId: 6756\\r\\nImage: C:\\\\Windows\\\\SysWOW64\\\\auditpol.exe\\r\\nFileVersion: 10.0.19041.3636 (WinBuild.160101.0800)\\r\\nDescription: Audit Policy Program\\r\\nProduct: Microsoft® Windows® Operating System\\r\\nCompany: Microsoft Corporation\\r\\nOriginalFileName: AUDITPOL.EXE\\r\\nCommandLine: auditpol.exe /get /subcategory:\\\"Group Membership\\\"\\r\\nCurrentDirectory: C:\\\\Program Files (x86)\\\\ossec-agent\\\\\\r\\nUser: NT AUTHORITY\\\\SYSTEM\\r\\nLogonGuid: {e12a69d9-1f98-6abf-e703-000000000000}\\r\\nLogonId: 0x3E7\\r\\nTerminalSessionId: 0\\r\\nIntegrityLevel: System\\r\\nHashes: MD5=DF7CD9AA34252DD4E0330FE964D5BDF7,SHA256=6A6C7FA1890DFB36F31780EABAB1A42FBBFAC43BC2DF14B97BF49B1E3EB1DEC6,IMPHASH=0C4B99BEEA5B3B9367B087A10A48BD92\\r\\nParentProcessGuid: {e12a69d9-1f99-6abf-2a00-000000001700}\\r\\nParentProcessId: 2124\\r\\nParentImage: C:\\\\Program Files (x86)\\\\ossec-agent\\\\wazuh-agent.exe\\r\\nParentCommandLine: \\\"C:\\\\Program Files (x86)\\\\ossec-agent\\\\wazuh-agent.exe\\\"\\r\\nParentUser: NT AUTHORITY\\\\SYSTEM\\\"\"},\"eventdata\":{\"utcTime\":\"2026-10-02 03:06:37.748\",\"processGuid\":\"{e12a69d9-1fbd-6abf-ab00-000000001700}\",\"processId\":\"6756\",\"image\":\"C:\\\\\\\\Windows\\\\\\\\SysWOW64\\\\\\\\auditpol.exe\",\"fileVersion\":\"10.0.19041.3636 (WinBuild.160101.0800)\",\"description\":\"Audit Policy Program\",\"product\":\"Microsoft® Windows® Operating System\",\"company\":\"Microsoft Corporation\",\"originalFileName\":\"AUDITPOL.EXE\",\"commandLine\":\"auditpol.exe /get /subcategory:\\\\\\\"Group Membership\\\\\\\"\",\"currentDirectory\":\"C:\\\\\\\\Program Files (x86)\\\\\\\\ossec-agent\\\\\\\\\",\"user\":\"NT AUTHORITY\\\\\\\\SYSTEM\",\"logonGuid\":\"{e12a69d9-1f98-6abf-e703-000000000000}\",\"logonId\":\"0x3e7\",\"terminalSessionId\":\"0\",\"integrityLevel\":\"System\",\"hashes\":\"MD5=DF7CD9AA34252DD4E0330FE964D5BDF7,SHA256=6A6C7FA1890DFB36F31780EABAB1A42FBBFAC43BC2DF14B97BF49B1E3EB1DEC6,IMPHASH=0C4B99BEEA5B3B9367B087A10A48BD92\",\"parentProcessGuid\":\"{e12a69d9-1f99-6abf-2a00-000000001700}\",\"parentProcessId\":\"2124\",\"parentImage\":\"C:\\\\\\\\Program Files (x86)\\\\\\\\ossec-agent\\\\\\\\wazuh-agent.exe\",\"parentCommandLine\":\"\\\\\\\"C:\\\\\\\\Program Files (x86)\\\\\\\\ossec-agent\\\\\\\\wazuh-agent.exe\\\\\\\"\",\"parentUser\":\"NT AUTHORITY\\\\\\\\SYSTEM\"}}}","decoder":{"name":"windows_eventchannel"},"data":{"win":{"system":{"providerName":"Microsoft-Windows-Sysmon","providerGuid":"{5770385f-c22a-43e0-bf4c-06f5698ffbd9}","eventID":"1","version":"5","level":"4","task":"1","opcode":"0","keywords":"0x8000000000000000","systemTime":"2026-10-02T03:06:37.7518289Z","eventRecordID":"11413","processID":"2140","threadID":"4056","channel":"Microsoft-Windows-Sysmon/Operational","computer":"WIN10-01.SOC-LAB.LOCAL","severityValue":"INFORMATION","message":"\"Process Create:\r\nRuleName: -\r\nUtcTime: 2026-10-02 03:06:37.748\r\nProcessGuid: {e12a69d9-1fbd-6abf-ab00-000000001700}\r\nProcessId: 6756\r\nImage: C:\\Windows\\SysWOW64\\auditpol.exe\r\nFileVersion: 10.0.19041.3636 (WinBuild.160101.0800)\r\nDescription: Audit Policy Program\r\nProduct: Microsoft® Windows® Operating System\r\nCompany: Microsoft Corporation\r\nOriginalFileName: AUDITPOL.EXE\r\nCommandLine: auditpol.exe /get /subcategory:\"Group Membership\"\r\nCurrentDirectory: C:\\Program Files (x86)\\ossec-agent\\\r\nUser: NT AUTHORITY\\SYSTEM\r\nLogonGuid: {e12a69d9-1f98-6abf-e703-000000000000}\r\nLogonId: 0x3E7\r\nTerminalSessionId: 0\r\nIntegrityLevel: System\r\nHashes: MD5=DF7CD9AA34252DD4E0330FE964D5BDF7,SHA256=6A6C7FA1890DFB36F31780EABAB1A42FBBFAC43BC2DF14B97BF49B1E3EB1DEC6,IMPHASH=0C4B99BEEA5B3B9367B087A10A48BD92\r\nParentProcessGuid: {e12a69d9-1f99-6abf-2a00-000000001700}\r\nParentProcessId: 2124\r\nParentImage: C:\\Program Files (x86)\\ossec-agent\\wazuh-agent.exe\r\nParentCommandLine: \"C:\\Program Files (x86)\\ossec-agent\\wazuh-agent.exe\"\r\nParentUser: NT AUTHORITY\\SYSTEM\""},"eventdata":{"utcTime":"2026-10-02 03:06:37.748","processGuid":"{e12a69d9-1fbd-6abf-ab00-000000001700}","processId":"6756","image":"C:\\\\Windows\\\\SysWOW64\\\\auditpol.exe","fileVersion":"10.0.19041.3636 (WinBuild.160101.0800)","description":"Audit Policy Program","product":"Microsoft® Windows® Operating System","company":"Microsoft Corporation","originalFileName":"AUDITPOL.EXE","commandLine":"auditpol.exe /get /subcategory:\\\"Group Membership\\\"","currentDirectory":"C:\\\\Program Files (x86)\\\\ossec-agent\\\\","user":"NT AUTHORITY\\\\SYSTEM","logonGuid":"{e12a69d9-1f98-6abf-e703-000000000000}","logonId":"0x3e7","terminalSessionId":"0","integrityLevel":"System","hashes":"MD5=DF7CD9AA34252DD4E0330FE964D5BDF7,SHA256=6A6C7FA1890DFB36F31780EABAB1A42FBBFAC43BC2DF14B97BF49B1E3EB1DEC6,IMPHASH=0C4B99BEEA5B3B9367B087A10A48BD92","parentProcessGuid":"{e12a69d9-1f99-6abf-2a00-000000001700}","parentProcessId":"2124","parentImage":"C:\\\\Program Files (x86)\\\\ossec-agent\\\\wazuh-agent.exe","parentCommandLine":"\\\"C:\\\\Program Files (x86)\\\\ossec-agent\\\\wazuh-agent.exe\\\"","parentUser":"NT AUTHORITY\\\\SYSTEM"}}},"location":"EventChannel"}
