{"timestamp":"2026-10-02T03:06:42.017+0000","agent":{"id":"001","name":"SOC-WIN10","ip":"192.168.50.20"},"manager":{"name":"soc-wazuh"},"id":"1790910402.318818","full_log":"{\"win\":{\"system\":{\"providerName\":\"Microsoft-Windows-Sysmon\",\"providerGuid\":\"{5770385f-c22a-43e0-bf4c-06f5698ffbd9}\",\"eventID\":\"1\",\"version\":\"5\",\"level\":\"4\",\"task\":\"1\",\"opcode\":\"0\",\"keywords\":\"0x8000000000000000\",\"systemTime\":\"2026-10-02T03:06:40.6702446Z\",\"eventRecordID\":\"11429\",\"processID\":\"2140\",\"threadID\":\"4056\",\"channel\":\"Microsoft-Windows-Sysmon/Operational\",\"computer\":\"WIN10-01.SOC-LAB.LOCAL\",\"severityValue\":\"INFORMATION\",\"message\":\"\\\"Process Create:\\r\\nRuleName: -\\r\\nUtcTime: 2026-10-02 03:06:40.667\\r\\nProcessGuid: {e12a69d9-1fc0-6abf-cc00-000000001700}\\r\\nProcessId: 6700\\r\\nImage: C:\\\\Windows\\\\SysWOW64\\\\auditpol.exe\\r\\nFileVersion: 10.0.19041.3636 (WinBuild.160101.0800)\\r\\nDescription: Audit Policy Program\\r\\nProduct: Microsoft® Windows® Operating System\\r\\nCompany: Microsoft Corporation\\r\\nOriginalFileName: AUDITPOL.EXE\\r\\nCommandLine: auditpol.exe /get /subcategory:\\\"Other System Events\\\"\\r\\nCurrentDirectory: C:\\\\Program Files (x86)\\\\ossec-agent\\\\\\r\\nUser: NT AUTHORITY\\\\SYSTEM\\r\\nLogonGuid: {e12a69d9-1f98-6abf-e703-000000000000}\\r\\nLogonId: 0x3E7\\r\\nTerminalSessionId: 0\\r\\nIntegrityLevel: System\\r\\nHashes: MD5=DF7CD9AA34252DD4E0330FE964D5BDF7,SHA256=6A6C7FA1890DFB36F31780EABAB1A42FBBFAC43BC2DF14B97BF49B1E3EB1DEC6,IMPHASH=0C4B99BEEA5B3B9367B087A10A48BD92\\r\\nParentProcessGuid: {e12a69d9-1f99-6abf-2a00-000000001700}\\r\\nParentProcessId: 2124\\r\\nParentImage: C:\\\\Program Files (x86)\\\\ossec-agent\\\\wazuh-agent.exe\\r\\nParentCommandLine: \\\"C:\\\\Program Files (x86)\\\\ossec-agent\\\\wazuh-agent.exe\\\"\\r\\nParentUser: NT AUTHORITY\\\\SYSTEM\\\"\"},\"eventdata\":{\"utcTime\":\"2026-10-02 03:06:40.667\",\"processGuid\":\"{e12a69d9-1fc0-6abf-cc00-000000001700}\",\"processId\":\"6700\",\"image\":\"C:\\\\\\\\Windows\\\\\\\\SysWOW64\\\\\\\\auditpol.exe\",\"fileVersion\":\"10.0.19041.3636 (WinBuild.160101.0800)\",\"description\":\"Audit Policy Program\",\"product\":\"Microsoft® Windows® Operating System\",\"company\":\"Microsoft Corporation\",\"originalFileName\":\"AUDITPOL.EXE\",\"commandLine\":\"auditpol.exe /get /subcategory:\\\\\\\"Other System Events\\\\\\\"\",\"currentDirectory\":\"C:\\\\\\\\Program Files (x86)\\\\\\\\ossec-agent\\\\\\\\\",\"user\":\"NT AUTHORITY\\\\\\\\SYSTEM\",\"logonGuid\":\"{e12a69d9-1f98-6abf-e703-000000000000}\",\"logonId\":\"0x3e7\",\"terminalSessionId\":\"0\",\"integrityLevel\":\"System\",\"hashes\":\"MD5=DF7CD9AA34252DD4E0330FE964D5BDF7,SHA256=6A6C7FA1890DFB36F31780EABAB1A42FBBFAC43BC2DF14B97BF49B1E3EB1DEC6,IMPHASH=0C4B99BEEA5B3B9367B087A10A48BD92\",\"parentProcessGuid\":\"{e12a69d9-1f99-6abf-2a00-000000001700}\",\"parentProcessId\":\"2124\",\"parentImage\":\"C:\\\\\\\\Program Files (x86)\\\\\\\\ossec-agent\\\\\\\\wazuh-agent.exe\",\"parentCommandLine\":\"\\\\\\\"C:\\\\\\\\Program Files (x86)\\\\\\\\ossec-agent\\\\\\\\wazuh-agent.exe\\\\\\\"\",\"parentUser\":\"NT AUTHORITY\\\\\\\\SYSTEM\"}}}","decoder":{"name":"windows_eventchannel"},"data":{"win":{"system":{"providerName":"Microsoft-Windows-Sysmon","providerGuid":"{5770385f-c22a-43e0-bf4c-06f5698ffbd9}","eventID":"1","version":"5","level":"4","task":"1","opcode":"0","keywords":"0x8000000000000000","systemTime":"2026-10-02T03:06:40.6702446Z","eventRecordID":"11429","processID":"2140","threadID":"4056","channel":"Microsoft-Windows-Sysmon/Operational","computer":"WIN10-01.SOC-LAB.LOCAL","severityValue":"INFORMATION","message":"\"Process Create:\r\nRuleName: -\r\nUtcTime: 2026-10-02 03:06:40.667\r\nProcessGuid: {e12a69d9-1fc0-6abf-cc00-000000001700}\r\nProcessId: 6700\r\nImage: C:\\Windows\\SysWOW64\\auditpol.exe\r\nFileVersion: 10.0.19041.3636 (WinBuild.160101.0800)\r\nDescription: Audit Policy Program\r\nProduct: Microsoft® Windows® Operating System\r\nCompany: Microsoft Corporation\r\nOriginalFileName: AUDITPOL.EXE\r\nCommandLine: auditpol.exe /get /subcategory:\"Other System Events\"\r\nCurrentDirectory: C:\\Program Files (x86)\\ossec-agent\\\r\nUser: NT AUTHORITY\\SYSTEM\r\nLogonGuid: {e12a69d9-1f98-6abf-e703-000000000000}\r\nLogonId: 0x3E7\r\nTerminalSessionId: 0\r\nIntegrityLevel: System\r\nHashes: MD5=DF7CD9AA34252DD4E0330FE964D5BDF7,SHA256=6A6C7FA1890DFB36F31780EABAB1A42FBBFAC43BC2DF14B97BF49B1E3EB1DEC6,IMPHASH=0C4B99BEEA5B3B9367B087A10A48BD92\r\nParentProcessGuid: {e12a69d9-1f99-6abf-2a00-000000001700}\r\nParentProcessId: 2124\r\nParentImage: C:\\Program Files (x86)\\ossec-agent\\wazuh-agent.exe\r\nParentCommandLine: \"C:\\Program Files (x86)\\ossec-agent\\wazuh-agent.exe\"\r\nParentUser: NT AUTHORITY\\SYSTEM\""},"eventdata":{"utcTime":"2026-10-02 03:06:40.667","processGuid":"{e12a69d9-1fc0-6abf-cc00-000000001700}","processId":"6700","image":"C:\\\\Windows\\\\SysWOW64\\\\auditpol.exe","fileVersion":"10.0.19041.3636 (WinBuild.160101.0800)","description":"Audit Policy Program","product":"Microsoft® Windows® Operating System","company":"Microsoft Corporation","originalFileName":"AUDITPOL.EXE","commandLine":"auditpol.exe /get /subcategory:\\\"Other System Events\\\"","currentDirectory":"C:\\\\Program Files (x86)\\\\ossec-agent\\\\","user":"NT AUTHORITY\\\\SYSTEM","logonGuid":"{e12a69d9-1f98-6abf-e703-000000000000}","logonId":"0x3e7","terminalSessionId":"0","integrityLevel":"System","hashes":"MD5=DF7CD9AA34252DD4E0330FE964D5BDF7,SHA256=6A6C7FA1890DFB36F31780EABAB1A42FBBFAC43BC2DF14B97BF49B1E3EB1DEC6,IMPHASH=0C4B99BEEA5B3B9367B087A10A48BD92","parentProcessGuid":"{e12a69d9-1f99-6abf-2a00-000000001700}","parentProcessId":"2124","parentImage":"C:\\\\Program Files (x86)\\\\ossec-agent\\\\wazuh-agent.exe","parentCommandLine":"\\\"C:\\\\Program Files (x86)\\\\ossec-agent\\\\wazuh-agent.exe\\\"","parentUser":"NT AUTHORITY\\\\SYSTEM"}}},"location":"EventChannel"}
{"timestamp":"2026-10-02T03:06:42.033+0000","agent":{"id":"001","name":"SOC-WIN10","ip":"192.168.50.20"},"manager":{"name":"soc-wazuh"},"id":"1790910402.318818","full_log":"{\"win\":{\"system\":{\"providerName\":\"Microsoft-Windows-Sysmon\",\"providerGuid\":\"{5770385f-c22a-43e0-bf4c-06f5698ffbd9}\",\"eventID\":\"1\",\"version\":\"5\",\"level\":\"4\",\"task\":\"1\",\"opcode\":\"0\",\"keywords\":\"0x8000000000000000\",\"systemTime\":\"2026-10-02T03:06:40.7710692Z\",\"eventRecordID\":\"11430\",\"processID\":\"2140\",\"threadID\":\"4056\",\"channel\":\"Microsoft-Windows-Sysmon/Operational\",\"computer\":\"WIN10-01.SOC-LAB.LOCAL\",\"severityValue\":\"INFORMATION\",\"message\":\"\\\"Process Create:\\r\\nRuleName: -\\r\\nUtcTime: 2026-10-02 03:06:40.765\\r\\nProcessGuid: {e12a69d9-1fc0-6abf-ce00-000000001700}\\r\\nProcessId: 6748\\r\\nImage: C:\\\\Windows\\\\SysWOW64\\\\auditpol.exe\\r\\nFileVersion: 10.0.19041.3636 (WinBuild.160101.0800)\\r\\nDescription: Audit Policy Program\\r\\nProduct: Microsoft® Windows® Operating System\\r\\nCompany: Microsoft Corporation\\r\\nOriginalFileName: AUDITPOL.EXE\\r\\nCommandLine: auditpol.exe /get /subcategory:\\\"Security State Change\\\"\\r\\nCurrentDirectory: C:\\\\Program Files (x86)\\\\ossec-agent\\\\\\r\\nUser: NT AUTHORITY\\\\SYSTEM\\r\\nLogonGuid: {e12a69d9-1f98-6abf-e703-000000000000}\\r\\nLogonId: 0x3E7\\r\\nTerminalSessionId: 0\\r\\nIntegrityLevel: System\\r\\nHashes: MD5=DF7CD9AA34252DD4E0330FE964D5BDF7,SHA256=6A6C7FA1890DFB36F31780EABAB1A42FBBFAC43BC2DF14B97BF49B1E3EB1DEC6,IMPHASH=0C4B99BEEA5B3B9367B087A10A48BD92\\r\\nParentProcessGuid: {e12a69d9-1f99-6abf-2a00-000000001700}\\r\\nParentProcessId: 2124\\r\\nParentImage: C:\\\\Program Files (x86)\\\\ossec-agent\\\\wazuh-agent.exe\\r\\nParentCommandLine: \\\"C:\\\\Program Files (x86)\\\\ossec-agent\\\\wazuh-agent.exe\\\"\\r\\nParentUser: NT AUTHORITY\\\\SYSTEM\\\"\"},\"eventdata\":{\"utcTime\":\"2026-10-02 03:06:40.765\",\"processGuid\":\"{e12a69d9-1fc0-6abf-ce00-000000001700}\",\"processId\":\"6748\",\"image\":\"C:\\\\\\\\Windows\\\\\\\\SysWOW64\\\\\\\\auditpol.exe\",\"fileVersion\":\"10.0.19041.3636 (WinBuild.160101.0800)\",\"description\":\"Audit Policy Program\",\"product\":\"Microsoft® Windows® Operating System\",\"company\":\"Microsoft Corporation\",\"originalFileName\":\"AUDITPOL.EXE\",\"commandLine\":\"auditpol.exe /get /subcategory:\\\\\\\"Security State Change\\\\\\\"\",\"currentDirectory\":\"C:\\\\\\\\Program Files (x86)\\\\\\\\ossec-agent\\\\\\\\\",\"user\":\"NT AUTHORITY\\\\\\\\SYSTEM\",\"logonGuid\":\"{e12a69d9-1f98-6abf-e703-000000000000}\",\"logonId\":\"0x3e7\",\"terminalSessionId\":\"0\",\"integrityLevel\":\"System\",\"hashes\":\"MD5=DF7CD9AA34252DD4E0330FE964D5BDF7,SHA256=6A6C7FA1890DFB36F31780EABAB1A42FBBFAC43BC2DF14B97BF49B1E3EB1DEC6,IMPHASH=0C4B99BEEA5B3B9367B087A10A48BD92\",\"parentProcessGuid\":\"{e12a69d9-1f99-6abf-2a00-000000001700}\",\"parentProcessId\":\"2124\",\"parentImage\":\"C:\\\\\\\\Program Files (x86)\\\\\\\\ossec-agent\\\\\\\\wazuh-agent.exe\",\"parentCommandLine\":\"\\\\\\\"C:\\\\\\\\Program Files (x86)\\\\\\\\ossec-agent\\\\\\\\wazuh-agent.exe\\\\\\\"\",\"parentUser\":\"NT AUTHORITY\\\\\\\\SYSTEM\"}}}","decoder":{"name":"windows_eventchannel"},"data":{"win":{"system":{"providerName":"Microsoft-Windows-Sysmon","providerGuid":"{5770385f-c22a-43e0-bf4c-06f5698ffbd9}","eventID":"1","version":"5","level":"4","task":"1","opcode":"0","keywords":"0x8000000000000000","systemTime":"2026-10-02T03:06:40.7710692Z","eventRecordID":"11430","processID":"2140","threadID":"4056","channel":"Microsoft-Windows-Sysmon/Operational","computer":"WIN10-01.SOC-LAB.LOCAL","severityValue":"INFORMATION","message":"\"Process Create:\r\nRuleName: -\r\nUtcTime: 2026-10-02 03:06:40.765\r\nProcessGuid: {e12a69d9-1fc0-6abf-ce00-000000001700}\r\nProcessId: 6748\r\nImage: C:\\Windows\\SysWOW64\\auditpol.exe\r\nFileVersion: 10.0.19041.3636 (WinBuild.160101.0800)\r\nDescription: Audit Policy Program\r\nProduct: Microsoft® Windows® Operating System\r\nCompany: Microsoft Corporation\r\nOriginalFileName: AUDITPOL.EXE\r\nCommandLine: auditpol.exe /get /subcategory:\"Security State Change\"\r\nCurrentDirectory: C:\\Program Files (x86)\\ossec-agent\\\r\nUser: NT AUTHORITY\\SYSTEM\r\nLogonGuid: {e12a69d9-1f98-6abf-e703-000000000000}\r\nLogonId: 0x3E7\r\nTerminalSessionId: 0\r\nIntegrityLevel: System\r\nHashes: MD5=DF7CD9AA34252DD4E0330FE964D5BDF7,SHA256=6A6C7FA1890DFB36F31780EABAB1A42FBBFAC43BC2DF14B97BF49B1E3EB1DEC6,IMPHASH=0C4B99BEEA5B3B9367B087A10A48BD92\r\nParentProcessGuid: {e12a69d9-1f99-6abf-2a00-000000001700}\r\nParentProcessId: 2124\r\nParentImage: C:\\Program Files (x86)\\ossec-agent\\wazuh-agent.exe\r\nParentCommandLine: \"C:\\Program Files (x86)\\ossec-agent\\wazuh-agent.exe\"\r\nParentUser: NT AUTHORITY\\SYSTEM\""},"eventdata":{"utcTime":"2026-10-02 03:06:40.765","processGuid":"{e12a69d9-1fc0-6abf-ce00-000000001700}","processId":"6748","image":"C:\\\\Windows\\\\SysWOW64\\\\auditpol.exe","fileVersion":"10.0.19041.3636 (WinBuild.160101.0800)","description":"Audit Policy Program","product":"Microsoft® Windows® Operating System","company":"Microsoft Corporation","originalFileName":"AUDITPOL.EXE","commandLine":"auditpol.exe /get /subcategory:\\\"Security State Change\\\"","currentDirectory":"C:\\\\Program Files (x86)\\\\ossec-agent\\\\","user":"NT AUTHORITY\\\\SYSTEM","logonGuid":"{e12a69d9-1f98-6abf-e703-000000000000}","logonId":"0x3e7","terminalSessionId":"0","integrityLevel":"System","hashes":"MD5=DF7CD9AA34252DD4E0330FE964D5BDF7,SHA256=6A6C7FA1890DFB36F31780EABAB1A42FBBFAC43BC2DF14B97BF49B1E3EB1DEC6,IMPHASH=0C4B99BEEA5B3B9367B087A10A48BD92","parentProcessGuid":"{e12a69d9-1f99-6abf-2a00-000000001700}","parentProcessId":"2124","parentImage":"C:\\\\Program Files (x86)\\\\ossec-agent\\\\wazuh-agent.exe","parentCommandLine":"\\\"C:\\\\Program Files (x86)\\\\ossec-agent\\\\wazuh-agent.exe\\\"","parentUser":"NT AUTHORITY\\\\SYSTEM"}}},"location":"EventChannel"}
{"timestamp":"2026-10-02T03:06:42.049+0000","agent":{"id":"001","name":"SOC-WIN10","ip":"192.168.50.20"},"manager":{"name":"soc-wazuh"},"id":"1790910402.318818","full_log":"{\"win\":{\"system\":{\"providerName\":\"Microsoft-Windows-Sysmon\",\"providerGuid\":\"{5770385f-c22a-43e0-bf4c-06f5698ffbd9}\",\"eventID\":\"1\",\"version\":\"5\",\"level\":\"4\",\"task\":\"1\",\"opcode\":\"0\",\"keywords\":\"0x8000000000000000\",\"systemTime\":\"2026-10-02T03:06:40.8471653Z\",\"eventRecordID\":\"11431\",\"processID\":\"2140\",\"threadID\":\"4056\",\"channel\":\"Microsoft-Windows-Sysmon/Operational\",\"computer\":\"WIN10-01.SOC-LAB.LOCAL\",\"severityValue\":\"INFORMATION\",\"message\":\"\\\"Process Create:\\r\\nRuleName: -\\r\\nUtcTime: 2026-10-02 03:06:40.842\\r\\nProcessGuid: {e12a69d9-1fc0-6abf-d000-000000001700}\\r\\nProcessId: 6764\\r\\nImage: C:\\\\Windows\\\\SysWOW64\\\\auditpol.exe\\r\\nFileVersion: 10.0.19041.3636 (WinBuild.160101.0800)\\r\\nDescription: Audit Policy Program\\r\\nProduct: Microsoft® Windows® Operating System\\r\\nCompany: Microsoft Corporation\\r\\nOriginalFileName: AUDITPOL.EXE\\r\\nCommandLine: auditpol.exe /get /subcategory:\\\"Security System Extension\\\"\\r\\nCurrentDirectory: C:\\\\Program Files (x86)\\\\ossec-agent\\\\\\r\\nUser: NT AUTHORITY\\\\SYSTEM\\r\\nLogonGuid: {e12a69d9-1f98-6abf-e703-000000000000}\\r\\nLogonId: 0x3E7\\r\\nTerminalSessionId: 0\\r\\nIntegrityLevel: System\\r\\nHashes: MD5=DF7CD9AA34252DD4E0330FE964D5BDF7,SHA256=6A6C7FA1890DFB36F31780EABAB1A42FBBFAC43BC2DF14B97BF49B1E3EB1DEC6,IMPHASH=0C4B99BEEA5B3B9367B087A10A48BD92\\r\\nParentProcessGuid: {e12a69d9-1f99-6abf-2a00-000000001700}\\r\\nParentProcessId: 2124\\r\\nParentImage: C:\\\\Program Files (x86)\\\\ossec-agent\\\\wazuh-agent.exe\\r\\nParentCommandLine: \\\"C:\\\\Program Files (x86)\\\\ossec-agent\\\\wazuh-agent.exe\\\"\\r\\nParentUser: NT AUTHORITY\\\\SYSTEM\\\"\"},\"eventdata\":{\"utcTime\":\"2026-10-02 03:06:40.842\",\"processGuid\":\"{e12a69d9-1fc0-6abf-d000-000000001700}\",\"processId\":\"6764\",\"image\":\"C:\\\\\\\\Windows\\\\\\\\SysWOW64\\\\\\\\auditpol.exe\",\"fileVersion\":\"10.0.19041.3636 (WinBuild.160101.0800)\",\"description\":\"Audit Policy Program\",\"product\":\"Microsoft® Windows® Operating System\",\"company\":\"Microsoft Corporation\",\"originalFileName\":\"AUDITPOL.EXE\",\"commandLine\":\"auditpol.exe /get /subcategory:\\\\\\\"Security System Extension\\\\\\\"\",\"currentDirectory\":\"C:\\\\\\\\Program Files (x86)\\\\\\\\ossec-agent\\\\\\\\\",\"user\":\"NT AUTHORITY\\\\\\\\SYSTEM\",\"logonGuid\":\"{e12a69d9-1f98-6abf-e703-000000000000}\",\"logonId\":\"0x3e7\",\"terminalSessionId\":\"0\",\"integrityLevel\":\"System\",\"hashes\":\"MD5=DF7CD9AA34252DD4E0330FE964D5BDF7,SHA256=6A6C7FA1890DFB36F31780EABAB1A42FBBFAC43BC2DF14B97BF49B1E3EB1DEC6,IMPHASH=0C4B99BEEA5B3B9367B087A10A48BD92\",\"parentProcessGuid\":\"{e12a69d9-1f99-6abf-2a00-000000001700}\",\"parentProcessId\":\"2124\",\"parentImage\":\"C:\\\\\\\\Program Files (x86)\\\\\\\\ossec-agent\\\\\\\\wazuh-agent.exe\",\"parentCommandLine\":\"\\\\\\\"C:\\\\\\\\Program Files (x86)\\\\\\\\ossec-agent\\\\\\\\wazuh-agent.exe\\\\\\\"\",\"parentUser\":\"NT AUTHORITY\\\\\\\\SYSTEM\"}}}","decoder":{"name":"windows_eventchannel"},"data":{"win":{"system":{"providerName":"Microsoft-Windows-Sysmon","providerGuid":"{5770385f-c22a-43e0-bf4c-06f5698ffbd9}","eventID":"1","version":"5","level":"4","task":"1","opcode":"0","keywords":"0x8000000000000000","systemTime":"2026-10-02T03:06:40.8471653Z","eventRecordID":"11431","processID":"2140","threadID":"4056","channel":"Microsoft-Windows-Sysmon/Operational","computer":"WIN10-01.SOC-LAB.LOCAL","severityValue":"INFORMATION","message":"\"Process Create:\r\nRuleName: -\r\nUtcTime: 2026-10-02 03:06:40.842\r\nProcessGuid: {e12a69d9-1fc0-6abf-d000-000000001700}\r\nProcessId: 6764\r\nImage: C:\\Windows\\SysWOW64\\auditpol.exe\r\nFileVersion: 10.0.19041.3636 (WinBuild.160101.0800)\r\nDescription: Audit Policy Program\r\nProduct: Microsoft® Windows® Operating System\r\nCompany: Microsoft Corporation\r\nOriginalFileName: AUDITPOL.EXE\r\nCommandLine: auditpol.exe /get /subcategory:\"Security System Extension\"\r\nCurrentDirectory: C:\\Program Files (x86)\\ossec-agent\\\r\nUser: NT AUTHORITY\\SYSTEM\r\nLogonGuid: {e12a69d9-1f98-6abf-e703-000000000000}\r\nLogonId: 0x3E7\r\nTerminalSessionId: 0\r\nIntegrityLevel: System\r\nHashes: MD5=DF7CD9AA34252DD4E0330FE964D5BDF7,SHA256=6A6C7FA1890DFB36F31780EABAB1A42FBBFAC43BC2DF14B97BF49B1E3EB1DEC6,IMPHASH=0C4B99BEEA5B3B9367B087A10A48BD92\r\nParentProcessGuid: {e12a69d9-1f99-6abf-2a00-000000001700}\r\nParentProcessId: 2124\r\nParentImage: C:\\Program Files (x86)\\ossec-agent\\wazuh-agent.exe\r\nParentCommandLine: \"C:\\Program Files (x86)\\ossec-agent\\wazuh-agent.exe\"\r\nParentUser: NT AUTHORITY\\SYSTEM\""},"eventdata":{"utcTime":"2026-10-02 03:06:40.842","processGuid":"{e12a69d9-1fc0-6abf-d000-000000001700}","processId":"6764","image":"C:\\\\Windows\\\\SysWOW64\\\\auditpol.exe","fileVersion":"10.0.19041.3636 (WinBuild.160101.0800)","description":"Audit Policy Program","product":"Microsoft® Windows® Operating System","company":"Microsoft Corporation","originalFileName":"AUDITPOL.EXE","commandLine":"auditpol.exe /get /subcategory:\\\"Security System Extension\\\"","currentDirectory":"C:\\\\Program Files (x86)\\\\ossec-agent\\\\","user":"NT AUTHORITY\\\\SYSTEM","logonGuid":"{e12a69d9-1f98-6abf-e703-000000000000}","logonId":"0x3e7","terminalSessionId":"0","integrityLevel":"System","hashes":"MD5=DF7CD9AA34252DD4E0330FE964D5BDF7,SHA256=6A6C7FA1890DFB36F31780EABAB1A42FBBFAC43BC2DF14B97BF49B1E3EB1DEC6,IMPHASH=0C4B99BEEA5B3B9367B087A10A48BD92","parentProcessGuid":"{e12a69d9-1f99-6abf-2a00-000000001700}","parentProcessId":"2124","parentImage":"C:\\\\Program Files (x86)\\\\ossec-agent\\\\wazuh-agent.exe","parentCommandLine":"\\\"C:\\\\Program Files (x86)\\\\ossec-agent\\\\wazuh-agent.exe\\\"","parentUser":"NT AUTHORITY\\\\SYSTEM"}}},"location":"EventChannel"}
{"timestamp":"2026-10-02T03:06:42.081+0000","agent":{"id":"001","name":"SOC-WIN10","ip":"192.168.50.20"},"manager":{"name":"soc-wazuh"},"id":"1790910402.318818","full_log":"{\"win\":{\"system\":{\"providerName\":\"Microsoft-Windows-Sysmon\",\"providerGuid\":\"{5770385f-c22a-43e0-bf4c-06f5698ffbd9}\",\"eventID\":\"1\",\"version\":\"5\",\"level\":\"4\",\"task\":\"1\",\"opcode\":\"0\",\"keywords\":\"0x8000000000000000\",\"systemTime\":\"2026-10-02T03:06:40.9369910Z\",\"eventRecordID\":\"11432\",\"processID\":\"2140\",\"threadID\":\"4056\",\"channel\":\"Microsoft-Windows-Sysmon/Operational\",\"computer\":\"WIN10-01.SOC-LAB.LOCAL\",\"severityValue\":\"INFORMATION\",\"message\":\"\\\"Process Create:\\r\\nRuleName: -\\r\\nUtcTime: 2026-10-02 03:06:40.932\\r\\nProcessGuid: {e12a69d9-1fc0-6abf-d200-000000001700}\\r\\nProcessId: 6812\\r\\nImage: C:\\\\Windows\\\\SysWOW64\\\\auditpol.exe\\r\\nFileVersion: 10.0.19041.3636 (WinBuild.160101.0800)\\r\\nDescription: Audit Policy Program\\r\\nProduct: Microsoft® Windows® Operating System\\r\\nCompany: Microsoft Corporation\\r\\nOriginalFileName: AUDITPOL.EXE\\r\\nCommandLine: auditpol.exe /get /subcategory:\\\"System Integrity\\\"\\r\\nCurrentDirectory: C:\\\\Program Files (x86)\\\\ossec-agent\\\\\\r\\nUser: NT AUTHORITY\\\\SYSTEM\\r\\nLogonGuid: {e12a69d9-1f98-6abf-e703-000000000000}\\r\\nLogonId: 0x3E7\\r\\nTerminalSessionId: 0\\r\\nIntegrityLevel: System\\r\\nHashes: MD5=DF7CD9AA34252DD4E0330FE964D5BDF7,SHA256=6A6C7FA1890DFB36F31780EABAB1A42FBBFAC43BC2DF14B97BF49B1E3EB1DEC6,IMPHASH=0C4B99BEEA5B3B9367B087A10A48BD92\\r\\nParentProcessGuid: {e12a69d9-1f99-6abf-2a00-000000001700}\\r\\nParentProcessId: 2124\\r\\nParentImage: C:\\\\Program Files (x86)\\\\ossec-agent\\\\wazuh-agent.exe\\r\\nParentCommandLine: \\\"C:\\\\Program Files (x86)\\\\ossec-agent\\\\wazuh-agent.exe\\\"\\r\\nParentUser: NT AUTHORITY\\\\SYSTEM\\\"\"},\"eventdata\":{\"utcTime\":\"2026-10-02 03:06:40.932\",\"processGuid\":\"{e12a69d9-1fc0-6abf-d200-000000001700}\",\"processId\":\"6812\",\"image\":\"C:\\\\\\\\Windows\\\\\\\\SysWOW64\\\\\\\\auditpol.exe\",\"fileVersion\":\"10.0.19041.3636 (WinBuild.160101.0800)\",\"description\":\"Audit Policy Program\",\"product\":\"Microsoft® Windows® Operating System\",\"company\":\"Microsoft Corporation\",\"originalFileName\":\"AUDITPOL.EXE\",\"commandLine\":\"auditpol.exe /get /subcategory:\\\\\\\"System Integrity\\\\\\\"\",\"currentDirectory\":\"C:\\\\\\\\Program Files (x86)\\\\\\\\ossec-agent\\\\\\\\\",\"user\":\"NT AUTHORITY\\\\\\\\SYSTEM\",\"logonGuid\":\"{e12a69d9-1f98-6abf-e703-000000000000}\",\"logonId\":\"0x3e7\",\"terminalSessionId\":\"0\",\"integrityLevel\":\"System\",\"hashes\":\"MD5=DF7CD9AA34252DD4E0330FE964D5BDF7,SHA256=6A6C7FA1890DFB36F31780EABAB1A42FBBFAC43BC2DF14B97BF49B1E3EB1DEC6,IMPHASH=0C4B99BEEA5B3B9367B087A10A48BD92\",\"parentProcessGuid\":\"{e12a69d9-1f99-6abf-2a00-000000001700}\",\"parentProcessId\":\"2124\",\"parentImage\":\"C:\\\\\\\\Program Files (x86)\\\\\\\\ossec-agent\\\\\\\\wazuh-agent.exe\",\"parentCommandLine\":\"\\\\\\\"C:\\\\\\\\Program Files (x86)\\\\\\\\ossec-agent\\\\\\\\wazuh-agent.exe\\\\\\\"\",\"parentUser\":\"NT AUTHORITY\\\\\\\\SYSTEM\"}}}","decoder":{"name":"windows_eventchannel"},"data":{"win":{"system":{"providerName":"Microsoft-Windows-Sysmon","providerGuid":"{5770385f-c22a-43e0-bf4c-06f5698ffbd9}","eventID":"1","version":"5","level":"4","task":"1","opcode":"0","keywords":"0x8000000000000000","systemTime":"2026-10-02T03:06:40.9369910Z","eventRecordID":"11432","processID":"2140","threadID":"4056","channel":"Microsoft-Windows-Sysmon/Operational","computer":"WIN10-01.SOC-LAB.LOCAL","severityValue":"INFORMATION","message":"\"Process Create:\r\nRuleName: -\r\nUtcTime: 2026-10-02 03:06:40.932\r\nProcessGuid: {e12a69d9-1fc0-6abf-d200-000000001700}\r\nProcessId: 6812\r\nImage: C:\\Windows\\SysWOW64\\auditpol.exe\r\nFileVersion: 10.0.19041.3636 (WinBuild.160101.0800)\r\nDescription: Audit Policy Program\r\nProduct: Microsoft® Windows® Operating System\r\nCompany: Microsoft Corporation\r\nOriginalFileName: AUDITPOL.EXE\r\nCommandLine: auditpol.exe /get /subcategory:\"System Integrity\"\r\nCurrentDirectory: C:\\Program Files (x86)\\ossec-agent\\\r\nUser: NT AUTHORITY\\SYSTEM\r\nLogonGuid: {e12a69d9-1f98-6abf-e703-000000000000}\r\nLogonId: 0x3E7\r\nTerminalSessionId: 0\r\nIntegrityLevel: System\r\nHashes: MD5=DF7CD9AA34252DD4E0330FE964D5BDF7,SHA256=6A6C7FA1890DFB36F31780EABAB1A42FBBFAC43BC2DF14B97BF49B1E3EB1DEC6,IMPHASH=0C4B99BEEA5B3B9367B087A10A48BD92\r\nParentProcessGuid: {e12a69d9-1f99-6abf-2a00-000000001700}\r\nParentProcessId: 2124\r\nParentImage: C:\\Program Files (x86)\\ossec-agent\\wazuh-agent.exe\r\nParentCommandLine: \"C:\\Program Files (x86)\\ossec-agent\\wazuh-agent.exe\"\r\nParentUser: NT AUTHORITY\\SYSTEM\""},"eventdata":{"utcTime":"2026-10-02 03:06:40.932","processGuid":"{e12a69d9-1fc0-6abf-d200-000000001700}","processId":"6812","image":"C:\\\\Windows\\\\SysWOW64\\\\auditpol.exe","fileVersion":"10.0.19041.3636 (WinBuild.160101.0800)","description":"Audit Policy Program","product":"Microsoft® Windows® Operating System","company":"Microsoft Corporation","originalFileName":"AUDITPOL.EXE","commandLine":"auditpol.exe /get /subcategory:\\\"System Integrity\\\"","currentDirectory":"C:\\\\Program Files (x86)\\\\ossec-agent\\\\","user":"NT AUTHORITY\\\\SYSTEM","logonGuid":"{e12a69d9-1f98-6abf-e703-000000000000}","logonId":"0x3e7","terminalSessionId":"0","integrityLevel":"System","hashes":"MD5=DF7CD9AA34252DD4E0330FE964D5BDF7,SHA256=6A6C7FA1890DFB36F31780EABAB1A42FBBFAC43BC2DF14B97BF49B1E3EB1DEC6,IMPHASH=0C4B99BEEA5B3B9367B087A10A48BD92","parentProcessGuid":"{e12a69d9-1f99-6abf-2a00-000000001700}","parentProcessId":"2124","parentImage":"C:\\\\Program Files (x86)\\\\ossec-agent\\\\wazuh-agent.exe","parentCommandLine":"\\\"C:\\\\Program Files (x86)\\\\ossec-agent\\\\wazuh-agent.exe\\\"","parentUser":"NT AUTHORITY\\\\SYSTEM"}}},"location":"EventChannel"}
{"timestamp":"2026-10-02T03:06:44.918+0000","agent":{"id":"001","name":"SOC-WIN10","ip":"192.168.50.20"},"manager":{"name":"soc-wazuh"},"id":"1790910404.318818","full_log":"{\"win\":{\"system\":{\"providerName\":\"Microsoft-Windows-DNS-Client\",\"providerGuid\":\"{1c95126e-7eea-49a9-a3fe-a378b03ddb4d}\",\"eventID\":\"8015\",\"version\":\"0\",\"level\":\"3\",\"task\":\"1028\",\"opcode\":\"0\",\"keywords\":\"0x4000000000000000\",\"systemTime\":\"2026-10-02T03:06:42.9747184Z\",\"eventRecordID\":\"2439\",\"processID\":\"1048\",\"threadID\":\"3356\",\"channel\":\"System\",\"computer\":\"WIN10-01.SOC-LAB.LOCAL\",\"severityValue\":\"WARNING\",\"message\":\"\\\"The system failed to register host (A or AAAA) resource records (RRs) for network adapter\\r\\nwith settings:\\r\\n\\r\\n           Adapter Name : {C116D25A-6F45-4B3A-A96E-9F2D4D28E510}\\r\\n           Host Name : WIN10-01\\r\\n           Primary Domain Suffix : SOC-LAB.LOCAL\\r\\n           DNS server list :\\r\\n             \\t192.168.50.10\\r\\n           Sent update to server : <?>\\r\\n           IP Address(es) :\\r\\n             192.168.50.20\\r\\n\\r\\nThe reason the system could not register these RRs was because the update request it sent to the DNS server timed out. The most likely cause of this is that the DNS server authoritative for the name it was attempting to register or update is not running at this time.\\r\\n\\r\\nYou can manually retry DNS registration of the network adapter and its settings by typing 'ipconfig /registerdns' at the command prompt. If problems still persist, contact your DNS server or network systems administrator.\\\"\"},\"eventdata\":{\"adapterName\":\"{C116D25A-6F45-4B3A-A96E-9F2D4D28E510}\",\"hostName\":\"WIN10-01\",\"adapterSuffixName\":\"SOC-LAB.LOCAL\",\"dnsServerList\":\"\\\\t192.168.50.10\",\"sent UpdateServer\":\"&lt;?&gt;\",\"ipaddress\":\"192.168.50.20\",\"errorCode\":\"1460\"}}}","decoder":{"name":"windows_eventchannel"},"data":{"win":{"system":{"providerName":"Microsoft-Windows-DNS-Client","providerGuid":"{1c95126e-7eea-49a9-a3fe-a378b03ddb4d}","eventID":"8015","version":"0","level":"3","task":"1028","opcode":"0","keywords":"0x4000000000000000","systemTime":"2026-10-02T03:06:42.9747184Z","eventRecordID":"2439","processID":"1048","threadID":"3356","channel":"System","computer":"WIN10-01.SOC-LAB.LOCAL","severityValue":"WARNING","message":"\"The system failed to register host (A or AAAA) resource records (RRs) for network adapter\r\nwith settings:\r\n\r\n           Adapter Name : {C116D25A-6F45-4B3A-A96E-9F2D4D28E510}\r\n           Host Name : WIN10-01\r\n           Primary Domain Suffix : SOC-LAB.LOCAL\r\n           DNS server list :\r\n             \t192.168.50.10\r\n           Sent update to server : <?>\r\n           IP Address(es) :\r\n             192.168.50.20\r\n\r\nThe reason the system could not register these RRs was because the update request it sent to the DNS server timed out. The most likely cause of this is that the DNS server authoritative for the name it was attempting to register or update is not running at this time.\r\n\r\nYou can manually retry DNS registration of the network adapter and its settings by typing 'ipconfig /registerdns' at the command prompt. If problems still persist, contact your DNS server or network systems administrator.\""},"eventdata":{"adapterName":"{C116D25A-6F45-4B3A-A96E-9F2D4D28E510}","hostName":"WIN10-01","adapterSuffixName":"SOC-LAB.LOCAL","dnsServerList":"\\t192.168.50.10","sent UpdateServer":"&lt;?&gt;","ipaddress":"192.168.50.20","errorCode":"1460"}}},"location":"EventChannel"}
{"timestamp":"2026-10-02T03:06:46.902+0000","agent":{"id":"001","name":"SOC-WIN10","ip":"192.168.50.20"},"manager":{"name":"soc-wazuh"},"id":"1790910406.318818","full_log":"{\"win\":{\"system\":{\"providerName\":\"Microsoft-Windows-Sysmon\",\"providerGuid\":\"{5770385f-c22a-43e0-bf4c-06f5698ffbd9}\",\"eventID\":\"1\",\"version\":\"5\",\"level\":\"4\",\"task\":\"1\",\"opcode\":\"0\",\"keywords\":\"0x8000000000000000\",\"systemTime\":\"2026-10-02T03:06:44.9166377Z\",\"eventRecordID\":\"11433\",\"processID\":\"2140\",\"threadID\":\"4056\",\"channel\":\"Microsoft-Windows-Sysmon/Operational\",\"computer\":\"WIN10-01.SOC-LAB.LOCAL\",\"severityValue\":\"INFORMATION\",\"message\":\"\\\"Process Create:\\r\\nRuleName: -\\r\\nUtcTime: 2026-10-02 03:06:44.893\\r\\nProcessGuid: {e12a69d9-1fc4-6abf-d400-000000001700}\\r\\nProcessId: 6860\\r\\nImage: C:\\\\Windows\\\\System32\\\\smartscreen.exe\\r\\nFileVersion: 10.0.19041.6456 (WinBuild.160101.0800)\\r\\nDescription: Windows Defender SmartScreen\\r\\nProduct: Microsoft® Windows® Operating System\\r\\nCompany: Microsoft Corporation\\r\\nOriginalFileName: smartscreen.exe\\r\\nCommandLine: C:\\\\Windows\\\\System32\\\\smartscreen.exe -Embedding\\r\\nCurrentDirectory: C:\\\\Windows\\\\system32\\\\\\r\\nUser: SOC-LAB\\\\nam.user\\r\\nLogonGuid: {e12a69d9-1fab-6abf-e90d-090000000000}\\r\\nLogonId: 0x90DE9\\r\\nTerminalSessionId: 1\\r\\nIntegrityLevel: Medium\\r\\nHashes: MD5=729B70C3F7099783CC0B2C26431CC866,SHA256=3DA437B642468EAFAB7CD1B9DCF2CDF838B44C63FD73DAE8E3E4D06EC187C0F3,IMPHASH=4B886C738F992DAAEB38C0F29965B8BD\\r\\nParentProcessGuid: {e12a69d9-1f98-6abf-0f00-000000001700}\\r\\nParentProcessId: 812\\r\\nParentImage: C:\\\\Windows\\\\System32\\\\svchost.exe\\r\\nParentCommandLine: C:\\\\Windows\\\\system32\\\\svchost.exe -k DcomLaunch -p\\r\\nParentUser: NT AUTHORITY\\\\SYSTEM\\\"\"},\"eventdata\":{\"utcTime\":\"2026-10-02 03:06:44.893\",\"processGuid\":\"{e12a69d9-1fc4-6abf-d400-000000001700}\",\"processId\":\"6860\",\"image\":\"C:\\\\\\\\Windows\\\\\\\\System32\\\\\\\\smartscreen.exe\",\"fileVersion\":\"10.0.19041.6456 (WinBuild.160101.0800)\",\"description\":\"Windows Defender SmartScreen\",\"product\":\"Microsoft® Windows® Operating System\",\"company\":\"Microsoft Corporation\",\"originalFileName\":\"smartscreen.exe\",\"commandLine\":\"C:\\\\\\\\Windows\\\\\\\\System32\\\\\\\\smartscreen.exe -Embedding\",\"currentDirectory\":\"C:\\\\\\\\Windows\\\\\\\\system32\\\\\\\\\",\"user\":\"SOC-LAB\\\\\\\\nam.user\",\"logonGuid\":\"{e12a69d9-1fab-6abf-e90d-090000000000}\",\"logonId\":\"0x90de9\",\"terminalSessionId\":\"1\",\"integrityLevel\":\"Medium\",\"hashes\":\"MD5=729B70C3F7099783CC0B2C26431CC866,SHA256=3DA437B642468EAFAB7CD1B9DCF2CDF838B44C63FD73DAE8E3E4D06EC187C0F3,IMPHASH=4B886C738F992DAAEB38C0F29965B8BD\",\"parentProcessGuid\":\"{e12a69d9-1f98-6abf-0f00-000000001700}\",\"parentProcessId\":\"812\",\"parentImage\":\"C:\\\\\\\\Windows\\\\\\\\System32\\\\\\\\svchost.exe\",\"parentCommandLine\":\"C:\\\\\\\\Windows\\\\\\\\system32\\\\\\\\svchost.exe -k DcomLaunch -p\",\"parentUser\":\"NT AUTHORITY\\\\\\\\SYSTEM\"}}}","decoder":{"name":"windows_eventchannel"},"data":{"win":{"system":{"providerName":"Microsoft-Windows-Sysmon","providerGuid":"{5770385f-c22a-43e0-bf4c-06f5698ffbd9}","eventID":"1","version":"5","level":"4","task":"1","opcode":"0","keywords":"0x8000000000000000","systemTime":"2026-10-02T03:06:44.9166377Z","eventRecordID":"11433","processID":"2140","threadID":"4056","channel":"Microsoft-Windows-Sysmon/Operational","computer":"WIN10-01.SOC-LAB.LOCAL","severityValue":"INFORMATION","message":"\"Process Create:\r\nRuleName: -\r\nUtcTime: 2026-10-02 03:06:44.893\r\nProcessGuid: {e12a69d9-1fc4-6abf-d400-000000001700}\r\nProcessId: 6860\r\nImage: C:\\Windows\\System32\\smartscreen.exe\r\nFileVersion: 10.0.19041.6456 (WinBuild.160101.0800)\r\nDescription: Windows Defender SmartScreen\r\nProduct: Microsoft® Windows® Operating System\r\nCompany: Microsoft Corporation\r\nOriginalFileName: smartscreen.exe\r\nCommandLine: C:\\Windows\\System32\\smartscreen.exe -Embedding\r\nCurrentDirectory: C:\\Windows\\system32\\\r\nUser: SOC-LAB\\nam.user\r\nLogonGuid: {e12a69d9-1fab-6abf-e90d-090000000000}\r\nLogonId: 0x90DE9\r\nTerminalSessionId: 1\r\nIntegrityLevel: Medium\r\nHashes: MD5=729B70C3F7099783CC0B2C26431CC866,SHA256=3DA437B642468EAFAB7CD1B9DCF2CDF838B44C63FD73DAE8E3E4D06EC187C0F3,IMPHASH=4B886C738F992DAAEB38C0F29965B8BD\r\nParentProcessGuid: {e12a69d9-1f98-6abf-0f00-000000001700}\r\nParentProcessId: 812\r\nParentImage: C:\\Windows\\System32\\svchost.exe\r\nParentCommandLine: C:\\Windows\\system32\\svchost.exe -k DcomLaunch -p\r\nParentUser: NT AUTHORITY\\SYSTEM\""},"eventdata":{"utcTime":"2026-10-02 03:06:44.893","processGuid":"{e12a69d9-1fc4-6abf-d400-000000001700}","processId":"6860","image":"C:\\\\Windows\\\\System32\\\\smartscreen.exe","fileVersion":"10.0.19041.6456 (WinBuild.160101.0800)","description":"Windows Defender SmartScreen","product":"Microsoft® Windows® Operating System","company":"Microsoft Corporation","originalFileName":"smartscreen.exe","commandLine":"C:\\\\Windows\\\\System32\\\\smartscreen.exe -Embedding","currentDirectory":"C:\\\\Windows\\\\system32\\\\","user":"SOC-LAB\\\\nam.user","logonGuid":"{e12a69d9-1fab-6abf-e90d-090000000000}","logonId":"0x90de9","terminalSessionId":"1","integrityLevel":"Medium","hashes":"MD5=729B70C3F7099783CC0B2C26431CC866,SHA256=3DA437B642468EAFAB7CD1B9DCF2CDF838B44C63FD73DAE8E3E4D06EC187C0F3,IMPHASH=4B886C738F992DAAEB38C0F29965B8BD","parentProcessGuid":"{e12a69d9-1f98-6abf-0f00-000000001700}","parentProcessId":"812","parentImage":"C:\\\\Windows\\\\System32\\\\svchost.exe","parentCommandLine":"C:\\\\Windows\\\\system32\\\\svchost.exe -k DcomLaunch -p","parentUser":"NT AUTHORITY\\\\SYSTEM"}}},"location":"EventChannel"}
{"timestamp":"2026-10-02T03:06:46.985+0000","agent":{"id":"001","name":"SOC-WIN10","ip":"192.168.50.20"},"manager":{"name":"soc-wazuh"},"id":"1790910406.318818","full_log":"{\"win\":{\"system\":{\"providerName\":\"Microsoft-Windows-Sysmon\",\"providerGuid\":\"{5770385f-c22a-43e0-bf4c-06f5698ffbd9}\",\"eventID\":\"1\",\"version\":\"5\",\"level\":\"4\",\"task\":\"1\",\"opcode\":\"0\",\"keywords\":\"0x8000000000000000\",\"systemTime\":\"2026-10-02T03:06:45.3523347Z\",\"eventRecordID\":\"11435\",\"processID\":\"2140\",\"threadID\":\"4056\",\"channel\":\"Microsoft-Windows-Sysmon/Operational\",\"computer\":\"WIN10-01.SOC-LAB.LOCAL\",\"severityValue\":\"INFORMATION\",\"message\":\"\\\"Process Create:\\r\\nRuleName: -\\r\\nUtcTime: 2026-10-02 03:06:45.332\\r\\nProcessGuid: {e12a69d9-1fc5-6abf-d600-000000001700}\\r\\nProcessId: 6996\\r\\nImage: C:\\\\Windows\\\\System32\\\\SecurityHealthService.exe\\r\\nFileVersion: 4.18.1907.16384 (WinBuild.160101.0800)\\r\\nDescription: Windows Security Health Service\\r\\nProduct: Microsoft® Windows® Operating System\\r\\nCompany: Microsoft Corporation\\r\\nOriginalFileName: SecurityHealthService.exe\\r\\nCommandLine: C:\\\\Windows\\\\system32\\\\SecurityHealthService.exe\\r\\nCurrentDirectory: C:\\\\Windows\\\\system32\\\\\\r\\nUser: NT AUTHORITY\\\\SYSTEM\\r\\nLogonGuid: {e12a69d9-1f98-6abf-e703-000000000000}\\r\\nLogonId: 0x3E7\\r\\nTerminalSessionId: 0\\r\\nIntegrityLevel: System\\r\\nHashes: MD5=0E12DE96D317C711AB67A38451FF9BEA,SHA256=12102735650F172CE320D6A05CD2F78552E75B500463F5AB9A51F903A4E19532,IMPHASH=7DFC7478D6668760D96E18604ED6AB6E\\r\\nParentProcessGuid: {e12a69d9-1f98-6abf-0b00-000000001700}\\r\\nParentProcessId: 684\\r\\nParentImage: C:\\\\Windows\\\\System32\\\\services.exe\\r\\nParentCommandLine: C:\\\\Windows\\\\system32\\\\services.exe\\r\\nParentUser: NT AUTHORITY\\\\SYSTEM\\\"\"},\"eventdata\":{\"utcTime\":\"2026-10-02 03:06:45.332\",\"processGuid\":\"{e12a69d9-1fc5-6abf-d600-000000001700}\",\"processId\":\"6996\",\"image\":\"C:\\\\\\\\Windows\\\\\\\\System32\\\\\\\\SecurityHealthService.exe\",\"fileVersion\":\"4.18.1907.16384 (WinBuild.160101.0800)\",\"description\":\"Windows Security Health Service\",\"product\":\"Microsoft® Windows® Operating System\",\"company\":\"Microsoft Corporation\",\"originalFileName\":\"SecurityHealthService.exe\",\"commandLine\":\"C:\\\\\\\\Windows\\\\\\\\system32\\\\\\\\SecurityHealthService.exe\",\"currentDirectory\":\"C:\\\\\\\\Windows\\\\\\\\system32\\\\\\\\\",\"user\":\"NT AUTHORITY\\\\\\\\SYSTEM\",\"logonGuid\":\"{e12a69d9-1f98-6abf-e703-000000000000}\",\"logonId\":\"0x3e7\",\"terminalSessionId\":\"0\",\"integrityLevel\":\"System\",\"hashes\":\"MD5=0E12DE96D317C711AB67A38451FF9BEA,SHA256=12102735650F172CE320D6A05CD2F78552E75B500463F5AB9A51F903A4E19532,IMPHASH=7DFC7478D6668760D96E18604ED6AB6E\",\"parentProcessGuid\":\"{e12a69d9-1f98-6abf-0b00-000000001700}\",\"parentProcessId\":\"684\",\"parentImage\":\"C:\\\\\\\\Windows\\\\\\\\System32\\\\\\\\services.exe\",\"parentCommandLine\":\"C:\\\\\\\\Windows\\\\\\\\system32\\\\\\\\services.exe\",\"parentUser\":\"NT AUTHORITY\\\\\\\\SYSTEM\"}}}","decoder":{"name":"windows_eventchannel"},"data":{"win":{"system":{"providerName":"Microsoft-Windows-Sysmon","providerGuid":"{5770385f-c22a-43e0-bf4c-06f5698ffbd9}","eventID":"1","version":"5","level":"4","task":"1","opcode":"0","keywords":"0x8000000000000000","systemTime":"2026-10-02T03:06:45.3523347Z","eventRecordID":"11435","processID":"2140","threadID":"4056","channel":"Microsoft-Windows-Sysmon/Operational","computer":"WIN10-01.SOC-LAB.LOCAL","severityValue":"INFORMATION","message":"\"Process Create:\r\nRuleName: -\r\nUtcTime: 2026-10-02 03:06:45.332\r\nProcessGuid: {e12a69d9-1fc5-6abf-d600-000000001700}\r\nProcessId: 6996\r\nImage: C:\\Windows\\System32\\SecurityHealthService.exe\r\nFileVersion: 4.18.1907.16384 (WinBuild.160101.0800)\r\nDescription: Windows Security Health Service\r\nProduct: Microsoft® Windows® Operating System\r\nCompany: Microsoft Corporation\r\nOriginalFileName: SecurityHealthService.exe\r\nCommandLine: C:\\Windows\\system32\\SecurityHealthService.exe\r\nCurrentDirectory: C:\\Windows\\system32\\\r\nUser: NT AUTHORITY\\SYSTEM\r\nLogonGuid: {e12a69d9-1f98-6abf-e703-000000000000}\r\nLogonId: 0x3E7\r\nTerminalSessionId: 0\r\nIntegrityLevel: System\r\nHashes: MD5=0E12DE96D317C711AB67A38451FF9BEA,SHA256=12102735650F172CE320D6A05CD2F78552E75B500463F5AB9A51F903A4E19532,IMPHASH=7DFC7478D6668760D96E18604ED6AB6E\r\nParentProcessGuid: {e12a69d9-1f98-6abf-0b00-000000001700}\r\nParentProcessId: 684\r\nParentImage: C:\\Windows\\System32\\services.exe\r\nParentCommandLine: C:\\Windows\\system32\\services.exe\r\nParentUser: NT AUTHORITY\\SYSTEM\""},"eventdata":{"utcTime":"2026-10-02 03:06:45.332","processGuid":"{e12a69d9-1fc5-6abf-d600-000000001700}","processId":"6996","image":"C:\\\\Windows\\\\System32\\\\SecurityHealthService.exe","fileVersion":"4.18.1907.16384 (WinBuild.160101.0800)","description":"Windows Security Health Service","product":"Microsoft® Windows® Operating System","company":"Microsoft Corporation","originalFileName":"SecurityHealthService.exe","commandLine":"C:\\\\Windows\\\\system32\\\\SecurityHealthService.exe","currentDirectory":"C:\\\\Windows\\\\system32\\\\","user":"NT AUTHORITY\\\\SYSTEM","logonGuid":"{e12a69d9-1f98-6abf-e703-000000000000}","logonId":"0x3e7","terminalSessionId":"0","integrityLevel":"System","hashes":"MD5=0E12DE96D317C711AB67A38451FF9BEA,SHA256=12102735650F172CE320D6A05CD2F78552E75B500463F5AB9A51F903A4E19532,IMPHASH=7DFC7478D6668760D96E18604ED6AB6E","parentProcessGuid":"{e12a69d9-1f98-6abf-0b00-000000001700}","parentProcessId":"684","parentImage":"C:\\\\Windows\\\\System32\\\\services.exe","parentCommandLine":"C:\\\\Windows\\\\system32\\\\services.exe","parentUser":"NT AUTHORITY\\\\SYSTEM"}}},"location":"EventChannel"}
{"timestamp":"2026-10-02T03:06:46.988+0000","agent":{"id":"001","name":"SOC-WIN10","ip":"192.168.50.20"},"manager":{"name":"soc-wazuh"},"id":"1790910406.318818","full_log":"{\"win\":{\"system\":{\"providerName\":\"Microsoft-Windows-Sysmon\",\"providerGuid\":\"{5770385f-c22a-43e0-bf4c-06f5698ffbd9}\",\"eventID\":\"1\",\"version\":\"5\",\"level\":\"4\",\"task\":\"1\",\"opcode\":\"0\",\"keywords\":\"0x8000000000000000\",\"systemTime\":\"2026-10-02T03:06:45.7267774Z\",\"eventRecordID\":\"11436\",\"processID\":\"2140\",\"threadID\":\"4056\",\"channel\":\"Microsoft-Windows-Sysmon/Operational\",\"computer\":\"WIN10-01.SOC-LAB.LOCAL\",\"severityValue\":\"INFORMATION\",\"message\":\"\\\"Process Create:\\r\\nRuleName: -\\r\\nUtcTime: 2026-10-02 03:06:45.687\\r\\nProcessGuid: {e12a69d9-1fc5-6abf-d700-000000001700}\\r\\nProcessId: 7028\\r\\nImage: C:\\\\Users\\\\nam.user\\\\AppData\\\\Local\\\\Microsoft\\\\OneDrive\\\\OneDrive.exe\\r\\nFileVersion: 26.168.0830.0006\\r\\nDescription: Microsoft OneDrive\\r\\nProduct: Microsoft OneDrive\\r\\nCompany: Microsoft Corporation\\r\\nOriginalFileName: OneDrive.exe\\r\\nCommandLine: \\\"C:\\\\Users\\\\nam.user\\\\AppData\\\\Local\\\\Microsoft\\\\OneDrive\\\\OneDrive.exe\\\" /background\\r\\nCurrentDirectory: C:\\\\Windows\\\\system32\\\\\\r\\nUser: SOC-LAB\\\\nam.user\\r\\nLogonGuid: {e12a69d9-1fab-6abf-e90d-090000000000}\\r\\nLogonId: 0x90DE9\\r\\nTerminalSessionId: 1\\r\\nIntegrityLevel: Medium\\r\\nHashes: MD5=21788492E91909CD56C3B74728376CFA,SHA256=CA1767412D7DF2F22B20193D77AC9953276BABB1987FB822F0C9F16FBEADF6DF,IMPHASH=915678E3B8CA561F0507AE812A3C143C\\r\\nParentProcessGuid: {e12a69d9-1fb1-6abf-8900-000000001700}\\r\\nParentProcessId: 4652\\r\\nParentImage: C:\\\\Windows\\\\explorer.exe\\r\\nParentCommandLine: C:\\\\Windows\\\\Explorer.EXE\\r\\nParentUser: SOC-LAB\\\\nam.user\\\"\"},\"eventdata\":{\"utcTime\":\"2026-10-02 03:06:45.687\",\"processGuid\":\"{e12a69d9-1fc5-6abf-d700-000000001700}\",\"processId\":\"7028\",\"image\":\"C:\\\\\\\\Users\\\\\\\\nam.user\\\\\\\\AppData\\\\\\\\Local\\\\\\\\Microsoft\\\\\\\\OneDrive\\\\\\\\OneDrive.exe\",\"fileVersion\":\"26.168.0830.0006\",\"description\":\"Microsoft OneDrive\",\"product\":\"Microsoft OneDrive\",\"company\":\"Microsoft Corporation\",\"originalFileName\":\"OneDrive.exe\",\"commandLine\":\"\\\\\\\"C:\\\\\\\\Users\\\\\\\\nam.user\\\\\\\\AppData\\\\\\\\Local\\\\\\\\Microsoft\\\\\\\\OneDrive\\\\\\\\OneDrive.exe\\\\\\\" /background\",\"currentDirectory\":\"C:\\\\\\\\Windows\\\\\\\\system32\\\\\\\\\",\"user\":\"SOC-LAB\\\\\\\\nam.user\",\"logonGuid\":\"{e12a69d9-1fab-6abf-e90d-090000000000}\",\"logonId\":\"0x90de9\",\"terminalSessionId\":\"1\",\"integrityLevel\":\"Medium\",\"hashes\":\"MD5=21788492E91909CD56C3B74728376CFA,SHA256=CA1767412D7DF2F22B20193D77AC9953276BABB1987FB822F0C9F16FBEADF6DF,IMPHASH=915678E3B8CA561F0507AE812A3C143C\",\"parentProcessGuid\":\"{e12a69d9-1fb1-6abf-8900-000000001700}\",\"parentProcessId\":\"4652\",\"parentImage\":\"C:\\\\\\\\Windows\\\\\\\\explorer.exe\",\"parentCommandLine\":\"C:\\\\\\\\Windows\\\\\\\\Explorer.EXE\",\"parentUser\":\"SOC-LAB\\\\\\\\nam.user\"}}}","decoder":{"name":"windows_eventchannel"},"data":{"win":{"system":{"providerName":"Microsoft-Windows-Sysmon","providerGuid":"{5770385f-c22a-43e0-bf4c-06f5698ffbd9}","eventID":"1","version":"5","level":"4","task":"1","opcode":"0","keywords":"0x8000000000000000","systemTime":"2026-10-02T03:06:45.7267774Z","eventRecordID":"11436","processID":"2140","threadID":"4056","channel":"Microsoft-Windows-Sysmon/Operational","computer":"WIN10-01.SOC-LAB.LOCAL","severityValue":"INFORMATION","message":"\"Process Create:\r\nRuleName: -\r\nUtcTime: 2026-10-02 03:06:45.687\r\nProcessGuid: {e12a69d9-1fc5-6abf-d700-000000001700}\r\nProcessId: 7028\r\nImage: C:\\Users\\nam.user\\AppData\\Local\\Microsoft\\OneDrive\\OneDrive.exe\r\nFileVersion: 26.168.0830.0006\r\nDescription: Microsoft OneDrive\r\nProduct: Microsoft OneDrive\r\nCompany: Microsoft Corporation\r\nOriginalFileName: OneDrive.exe\r\nCommandLine: \"C:\\Users\\nam.user\\AppData\\Local\\Microsoft\\OneDrive\\OneDrive.exe\" /background\r\nCurrentDirectory: C:\\Windows\\system32\\\r\nUser: SOC-LAB\\nam.user\r\nLogonGuid: {e12a69d9-1fab-6abf-e90d-090000000000}\r\nLogonId: 0x90DE9\r\nTerminalSessionId: 1\r\nIntegrityLevel: Medium\r\nHashes: MD5=21788492E91909CD56C3B74728376CFA,SHA256=CA1767412D7DF2F22B20193D77AC9953276BABB1987FB822F0C9F16FBEADF6DF,IMPHASH=915678E3B8CA561F0507AE812A3C143C\r\nParentProcessGuid: {e12a69d9-1fb1-6abf-8900-000000001700}\r\nParentProcessId: 4652\r\nParentImage: C:\\Windows\\explorer.exe\r\nParentCommandLine: C:\\Windows\\Explorer.EXE\r\nParentUser: SOC-LAB\\nam.user\""},"eventdata":{"utcTime":"2026-10-02 03:06:45.687","processGuid":"{e12a69d9-1fc5-6abf-d700-000000001700}","processId":"7028","image":"C:\\\\Users\\\\nam.user\\\\AppData\\\\Local\\\\Microsoft\\\\OneDrive\\\\OneDrive.exe","fileVersion":"26.168.0830.0006","description":"Microsoft OneDrive","product":"Microsoft OneDrive","company":"Microsoft Corporation","originalFileName":"OneDrive.exe","commandLine":"\\\"C:\\\\Users\\\\nam.user\\\\AppData\\\\Local\\\\Microsoft\\\\OneDrive\\\\OneDrive.exe\\\" /background","currentDirectory":"C:\\\\Windows\\\\system32\\\\","user":"SOC-LAB\\\\nam.user","logonGuid":"{e12a69d9-1fab-6abf-e90d-090000000000}","logonId":"0x90de9","terminalSessionId":"1","integrityLevel":"Medium","hashes":"MD5=21788492E91909CD56C3B74728376CFA,SHA256=CA1767412D7DF2F22B20193D77AC9953276BABB1987FB822F0C9F16FBEADF6DF,IMPHASH=915678E3B8CA561F0507AE812A3C143C","parentProcessGuid":"{e12a69d9-1fb1-6abf-8900-000000001700}","parentProcessId":"4652","parentImage":"C:\\\\Windows\\\\explorer.exe","parentCommandLine":"C:\\\\Windows\\\\Explorer.EXE","parentUser":"SOC-LAB\\\\nam.user"}}},"location":"EventChannel"}
