{"timestamp":"2026-10-02T03:06:46.907+0000","agent":{"id":"001","name":"SOC-WIN10","ip":"192.168.50.20"},"manager":{"name":"soc-wazuh"},"id":"1790910406.318818","full_log":"{\"win\":{\"system\":{\"providerName\":\"Microsoft-Windows-Sysmon\",\"providerGuid\":\"{5770385f-c22a-43e0-bf4c-06f5698ffbd9}\",\"eventID\":\"1\",\"version\":\"5\",\"level\":\"4\",\"task\":\"1\",\"opcode\":\"0\",\"keywords\":\"0x8000000000000000\",\"systemTime\":\"2026-10-02T03:06:45.2326482Z\",\"eventRecordID\":\"11434\",\"processID\":\"2140\",\"threadID\":\"4056\",\"channel\":\"Microsoft-Windows-Sysmon/Operational\",\"computer\":\"WIN10-01.SOC-LAB.LOCAL\",\"severityValue\":\"INFORMATION\",\"message\":\"\\\"Process Create:\\r\\nRuleName: -\\r\\nUtcTime: 2026-10-02 03:06:45.222\\r\\nProcessGuid: {e12a69d9-1fc5-6abf-d500-000000001700}\\r\\nProcessId: 6972\\r\\nImage: C:\\\\Windows\\\\System32\\\\SecurityHealthSystray.exe\\r\\nFileVersion: 10.0.19041.4355 (WinBuild.160101.0800)\\r\\nDescription: Windows Security notification icon\\r\\nProduct: Microsoft® Windows® Operating System\\r\\nCompany: Microsoft Corporation\\r\\nOriginalFileName: SecurityHealthSystray.exe\\r\\nCommandLine: \\\"C:\\\\Windows\\\\System32\\\\SecurityHealthSystray.exe\\\" \\r\\nCurrentDirectory: C:\\\\Windows\\\\system32\\\\\\r\\nUser: SOC-LAB\\\\nam.user\\r\\nLogonGuid: {e12a69d9-1fab-6abf-e90d-090000000000}\\r\\nLogonId: 0x90DE9\\r\\nTerminalSessionId: 1\\r\\nIntegrityLevel: Medium\\r\\nHashes: MD5=6AA21DC87BDF6531F77388BFAD5C73BC,SHA256=EAD5BBB7752377BB4D9BF8DCC38A34969E254E5DA87889B8D4B4788E3BE0B0EF,IMPHASH=E6B44B525767F585EB30F35172497CB0\\r\\nParentProcessGuid: {e12a69d9-1fb1-6abf-8900-000000001700}\\r\\nParentProcessId: 4652\\r\\nParentImage: C:\\\\Windows\\\\explorer.exe\\r\\nParentCommandLine: C:\\\\Windows\\\\Explorer.EXE\\r\\nParentUser: SOC-LAB\\\\nam.user\\\"\"},\"eventdata\":{\"utcTime\":\"2026-10-02 03:06:45.222\",\"processGuid\":\"{e12a69d9-1fc5-6abf-d500-000000001700}\",\"processId\":\"6972\",\"image\":\"C:\\\\\\\\Windows\\\\\\\\System32\\\\\\\\SecurityHealthSystray.exe\",\"fileVersion\":\"10.0.19041.4355 (WinBuild.160101.0800)\",\"description\":\"Windows Security notification icon\",\"product\":\"Microsoft® Windows® Operating System\",\"company\":\"Microsoft Corporation\",\"originalFileName\":\"SecurityHealthSystray.exe\",\"commandLine\":\"\\\\\\\"C:\\\\\\\\Windows\\\\\\\\System32\\\\\\\\SecurityHealthSystray.exe\\\\\\\"\",\"currentDirectory\":\"C:\\\\\\\\Windows\\\\\\\\system32\\\\\\\\\",\"user\":\"SOC-LAB\\\\\\\\nam.user\",\"logonGuid\":\"{e12a69d9-1fab-6abf-e90d-090000000000}\",\"logonId\":\"0x90de9\",\"terminalSessionId\":\"1\",\"integrityLevel\":\"Medium\",\"hashes\":\"MD5=6AA21DC87BDF6531F77388BFAD5C73BC,SHA256=EAD5BBB7752377BB4D9BF8DCC38A34969E254E5DA87889B8D4B4788E3BE0B0EF,IMPHASH=E6B44B525767F585EB30F35172497CB0\",\"parentProcessGuid\":\"{e12a69d9-1fb1-6abf-8900-000000001700}\",\"parentProcessId\":\"4652\",\"parentImage\":\"C:\\\\\\\\Windows\\\\\\\\explorer.exe\",\"parentCommandLine\":\"C:\\\\\\\\Windows\\\\\\\\Explorer.EXE\",\"parentUser\":\"SOC-LAB\\\\\\\\nam.user\"}}}","decoder":{"name":"windows_eventchannel"},"data":{"win":{"system":{"providerName":"Microsoft-Windows-Sysmon","providerGuid":"{5770385f-c22a-43e0-bf4c-06f5698ffbd9}","eventID":"1","version":"5","level":"4","task":"1","opcode":"0","keywords":"0x8000000000000000","systemTime":"2026-10-02T03:06:45.2326482Z","eventRecordID":"11434","processID":"2140","threadID":"4056","channel":"Microsoft-Windows-Sysmon/Operational","computer":"WIN10-01.SOC-LAB.LOCAL","severityValue":"INFORMATION","message":"\"Process Create:\r\nRuleName: -\r\nUtcTime: 2026-10-02 03:06:45.222\r\nProcessGuid: {e12a69d9-1fc5-6abf-d500-000000001700}\r\nProcessId: 6972\r\nImage: C:\\Windows\\System32\\SecurityHealthSystray.exe\r\nFileVersion: 10.0.19041.4355 (WinBuild.160101.0800)\r\nDescription: Windows Security notification icon\r\nProduct: Microsoft® Windows® Operating System\r\nCompany: Microsoft Corporation\r\nOriginalFileName: SecurityHealthSystray.exe\r\nCommandLine: \"C:\\Windows\\System32\\SecurityHealthSystray.exe\" \r\nCurrentDirectory: C:\\Windows\\system32\\\r\nUser: SOC-LAB\\nam.user\r\nLogonGuid: {e12a69d9-1fab-6abf-e90d-090000000000}\r\nLogonId: 0x90DE9\r\nTerminalSessionId: 1\r\nIntegrityLevel: Medium\r\nHashes: MD5=6AA21DC87BDF6531F77388BFAD5C73BC,SHA256=EAD5BBB7752377BB4D9BF8DCC38A34969E254E5DA87889B8D4B4788E3BE0B0EF,IMPHASH=E6B44B525767F585EB30F35172497CB0\r\nParentProcessGuid: {e12a69d9-1fb1-6abf-8900-000000001700}\r\nParentProcessId: 4652\r\nParentImage: C:\\Windows\\explorer.exe\r\nParentCommandLine: C:\\Windows\\Explorer.EXE\r\nParentUser: SOC-LAB\\nam.user\""},"eventdata":{"utcTime":"2026-10-02 03:06:45.222","processGuid":"{e12a69d9-1fc5-6abf-d500-000000001700}","processId":"6972","image":"C:\\\\Windows\\\\System32\\\\SecurityHealthSystray.exe","fileVersion":"10.0.19041.4355 (WinBuild.160101.0800)","description":"Windows Security notification icon","product":"Microsoft® Windows® Operating System","company":"Microsoft Corporation","originalFileName":"SecurityHealthSystray.exe","commandLine":"\\\"C:\\\\Windows\\\\System32\\\\SecurityHealthSystray.exe\\\"","currentDirectory":"C:\\\\Windows\\\\system32\\\\","user":"SOC-LAB\\\\nam.user","logonGuid":"{e12a69d9-1fab-6abf-e90d-090000000000}","logonId":"0x90de9","terminalSessionId":"1","integrityLevel":"Medium","hashes":"MD5=6AA21DC87BDF6531F77388BFAD5C73BC,SHA256=EAD5BBB7752377BB4D9BF8DCC38A34969E254E5DA87889B8D4B4788E3BE0B0EF,IMPHASH=E6B44B525767F585EB30F35172497CB0","parentProcessGuid":"{e12a69d9-1fb1-6abf-8900-000000001700}","parentProcessId":"4652","parentImage":"C:\\\\Windows\\\\explorer.exe","parentCommandLine":"C:\\\\Windows\\\\Explorer.EXE","parentUser":"SOC-LAB\\\\nam.user"}}},"location":"EventChannel"}
{"timestamp":"2026-10-02T03:06:47.249+0000","agent":{"id":"001","name":"SOC-WIN10","ip":"192.168.50.20"},"manager":{"name":"soc-wazuh"},"id":"1790910407.318818","full_log":"{\"win\":{\"system\":{\"providerName\":\"Microsoft-Windows-Security-Auditing\",\"providerGuid\":\"{54849625-5478-4994-a5ba-3e3b0328c30d}\",\"eventID\":\"4624\",\"version\":\"2\",\"level\":\"0\",\"task\":\"12544\",\"opcode\":\"0\",\"keywords\":\"0x8020000000000000\",\"systemTime\":\"2026-10-02T03:06:45.2861860Z\",\"eventRecordID\":\"14461\",\"processID\":\"704\",\"threadID\":\"4164\",\"channel\":\"Security\",\"computer\":\"WIN10-01.SOC-LAB.LOCAL\",\"severityValue\":\"AUDIT_SUCCESS\",\"message\":\"\\\"An account was successfully logged on.\\r\\n\\r\\nSubject:\\r\\n\\tSecurity ID:\\t\\tS-1-5-18\\r\\n\\tAccount Name:\\t\\tWIN10-01$\\r\\n\\tAccount Domain:\\t\\tSOC-LAB\\r\\n\\tLogon ID:\\t\\t0x3E7\\r\\n\\r\\nLogon Information:\\r\\n\\tLogon Type:\\t\\t5\\r\\n\\tRestricted Admin Mode:\\t-\\r\\n\\tVirtual Account:\\t\\tNo\\r\\n\\tElevated Token:\\t\\tYes\\r\\n\\r\\nImpersonation Level:\\t\\tImpersonation\\r\\n\\r\\nNew Logon:\\r\\n\\tSecurity ID:\\t\\tS-1-5-18\\r\\n\\tAccount Name:\\t\\tSYSTEM\\r\\n\\tAccount Domain:\\t\\tNT AUTHORITY\\r\\n\\tLogon ID:\\t\\t0x3E7\\r\\n\\tLinked Logon ID:\\t\\t0x0\\r\\n\\tNetwork Account Name:\\t-\\r\\n\\tNetwork Account Domain:\\t-\\r\\n\\tLogon GUID:\\t\\t{00000000-0000-0000-0000-000000000000}\\r\\n\\r\\nProcess Information:\\r\\n\\tProcess ID:\\t\\t0x2ac\\r\\n\\tProcess Name:\\t\\tC:\\\\Windows\\\\System32\\\\services.exe\\r\\n\\r\\nNetwork Information:\\r\\n\\tWorkstation Name:\\t-\\r\\n\\tSource Network Address:\\t-\\r\\n\\tSource Port:\\t\\t-\\r\\n\\r\\nDetailed Authentication Information:\\r\\n\\tLogon Process:\\t\\tAdvapi  \\r\\n\\tAuthentication Package:\\tNegotiate\\r\\n\\tTransited Services:\\t-\\r\\n\\tPackage Name (NTLM only):\\t-\\r\\n\\tKey Length:\\t\\t0\\r\\n\\r\\nThis event is generated when a logon session is created. It is generated on the computer that was accessed.\\r\\n\\r\\nThe subject fields indicate the account on the local system which requested the logon. This is most commonly a service such as the Server service, or a local process such as Winlogon.exe or Services.exe.\\r\\n\\r\\nThe logon type field indicates the kind of logon that occurred. The most common types are 2 (interactive) and 3 (network).\\r\\n\\r\\nThe New Logon fields indicate the account for whom the new logon was created, i.e. the account that was logged on.\\r\\n\\r\\nThe network fields indicate where a remote logon request originated. Workstation name is not always available and may be left blank in some cases.\\r\\n\\r\\nThe impersonation level field indicates the extent to which a process in the logon session can impersonate.\\r\\n\\r\\nThe authentication information fields provide detailed information about this specific logon request.\\r\\n\\t- Logon GUID is a unique identifier that can be used to correlate this event with a KDC event.\\r\\n\\t- Transited services indicate which intermediate services have participated in this logon request.\\r\\n\\t- Package name indicates which sub-protocol was used among the NTLM protocols.\\r\\n\\t- Key length indicates the length of the generated session key. This will be 0 if no session key was requested.\\\"\"},\"eventdata\":{\"subjectUserSid\":\"S-1-5-18\",\"subjectUserName\":\"WIN10-01$\",\"subjectDomainName\":\"SOC-LAB\",\"subjectLogonId\":\"0x3e7\",\"targetUserSid\":\"S-1-5-18\",\"targetUserName\":\"SYSTEM\",\"targetDomainName\":\"NT AUTHORITY\",\"targetLogonId\":\"0x3e7\",\"logonType\":\"5\",\"logonProcessName\":\"Advapi\",\"authenticationPackageName\":\"Negotiate\",\"logonGuid\":\"{00000000-0000-0000-0000-000000000000}\",\"keyLength\":\"0\",\"processId\":\"0x2ac\",\"processName\":\"C:\\\\\\\\Windows\\\\\\\\System32\\\\\\\\services.exe\",\"impersonationLevel\":\"%%1833\",\"virtualAccount\":\"%%1843\",\"targetLinkedLogonId\":\"0x0\",\"elevatedToken\":\"%%1842\"}}}","decoder":{"name":"windows_eventchannel"},"data":{"win":{"system":{"providerName":"Microsoft-Windows-Security-Auditing","providerGuid":"{54849625-5478-4994-a5ba-3e3b0328c30d}","eventID":"4624","version":"2","level":"0","task":"12544","opcode":"0","keywords":"0x8020000000000000","systemTime":"2026-10-02T03:06:45.2861860Z","eventRecordID":"14461","processID":"704","threadID":"4164","channel":"Security","computer":"WIN10-01.SOC-LAB.LOCAL","severityValue":"AUDIT_SUCCESS","message":"\"An account was successfully logged on.\r\n\r\nSubject:\r\n\tSecurity ID:\t\tS-1-5-18\r\n\tAccount Name:\t\tWIN10-01$\r\n\tAccount Domain:\t\tSOC-LAB\r\n\tLogon ID:\t\t0x3E7\r\n\r\nLogon Information:\r\n\tLogon Type:\t\t5\r\n\tRestricted Admin Mode:\t-\r\n\tVirtual Account:\t\tNo\r\n\tElevated Token:\t\tYes\r\n\r\nImpersonation Level:\t\tImpersonation\r\n\r\nNew Logon:\r\n\tSecurity ID:\t\tS-1-5-18\r\n\tAccount Name:\t\tSYSTEM\r\n\tAccount Domain:\t\tNT AUTHORITY\r\n\tLogon ID:\t\t0x3E7\r\n\tLinked Logon ID:\t\t0x0\r\n\tNetwork Account Name:\t-\r\n\tNetwork Account Domain:\t-\r\n\tLogon GUID:\t\t{00000000-0000-0000-0000-000000000000}\r\n\r\nProcess Information:\r\n\tProcess ID:\t\t0x2ac\r\n\tProcess Name:\t\tC:\\Windows\\System32\\services.exe\r\n\r\nNetwork Information:\r\n\tWorkstation Name:\t-\r\n\tSource Network Address:\t-\r\n\tSource Port:\t\t-\r\n\r\nDetailed Authentication Information:\r\n\tLogon Process:\t\tAdvapi  \r\n\tAuthentication Package:\tNegotiate\r\n\tTransited Services:\t-\r\n\tPackage Name (NTLM only):\t-\r\n\tKey Length:\t\t0\r\n\r\nThis event is generated when a logon session is created. It is generated on the computer that was accessed.\r\n\r\nThe subject fields indicate the account on the local system which requested the logon. This is most commonly a service such as the Server service, or a local process such as Winlogon.exe or Services.exe.\r\n\r\nThe logon type field indicates the kind of logon that occurred. The most common types are 2 (interactive) and 3 (network).\r\n\r\nThe New Logon fields indicate the account for whom the new logon was created, i.e. the account that was logged on.\r\n\r\nThe network fields indicate where a remote logon request originated. Workstation name is not always available and may be left blank in some cases.\r\n\r\nThe impersonation level field indicates the extent to which a process in the logon session can impersonate.\r\n\r\nThe authentication information fields provide detailed information about this specific logon request.\r\n\t- Logon GUID is a unique identifier that can be used to correlate this event with a KDC event.\r\n\t- Transited services indicate which intermediate services have participated in this logon request.\r\n\t- Package name indicates which sub-protocol was used among the NTLM protocols.\r\n\t- Key length indicates the length of the generated session key. This will be 0 if no session key was requested.\""},"eventdata":{"subjectUserSid":"S-1-5-18","subjectUserName":"WIN10-01$","subjectDomainName":"SOC-LAB","subjectLogonId":"0x3e7","targetUserSid":"S-1-5-18","targetUserName":"SYSTEM","targetDomainName":"NT AUTHORITY","targetLogonId":"0x3e7","logonType":"5","logonProcessName":"Advapi","authenticationPackageName":"Negotiate","logonGuid":"{00000000-0000-0000-0000-000000000000}","keyLength":"0","processId":"0x2ac","processName":"C:\\\\Windows\\\\System32\\\\services.exe","impersonationLevel":"%%1833","virtualAccount":"%%1843","targetLinkedLogonId":"0x0","elevatedToken":"%%1842"}}},"location":"EventChannel"}
{"timestamp":"2026-10-02T03:06:47.257+0000","agent":{"id":"001","name":"SOC-WIN10","ip":"192.168.50.20"},"manager":{"name":"soc-wazuh"},"id":"1790910407.318818","full_log":"{\"win\":{\"system\":{\"providerName\":\"Microsoft-Windows-Security-Auditing\",\"providerGuid\":\"{54849625-5478-4994-a5ba-3e3b0328c30d}\",\"eventID\":\"4672\",\"version\":\"0\",\"level\":\"0\",\"task\":\"12548\",\"opcode\":\"0\",\"keywords\":\"0x8020000000000000\",\"systemTime\":\"2026-10-02T03:06:45.2861939Z\",\"eventRecordID\":\"14462\",\"processID\":\"704\",\"threadID\":\"4164\",\"channel\":\"Security\",\"computer\":\"WIN10-01.SOC-LAB.LOCAL\",\"severityValue\":\"AUDIT_SUCCESS\",\"message\":\"\\\"Special privileges assigned to new logon.\\r\\n\\r\\nSubject:\\r\\n\\tSecurity ID:\\t\\tS-1-5-18\\r\\n\\tAccount Name:\\t\\tSYSTEM\\r\\n\\tAccount Domain:\\t\\tNT AUTHORITY\\r\\n\\tLogon ID:\\t\\t0x3E7\\r\\n\\r\\nPrivileges:\\t\\tSeAssignPrimaryTokenPrivilege\\r\\n\\t\\t\\tSeTcbPrivilege\\r\\n\\t\\t\\tSeSecurityPrivilege\\r\\n\\t\\t\\tSeTakeOwnershipPrivilege\\r\\n\\t\\t\\tSeLoadDriverPrivilege\\r\\n\\t\\t\\tSeBackupPrivilege\\r\\n\\t\\t\\tSeRestorePrivilege\\r\\n\\t\\t\\tSeDebugPrivilege\\r\\n\\t\\t\\tSeAuditPrivilege\\r\\n\\t\\t\\tSeSystemEnvironmentPrivilege\\r\\n\\t\\t\\tSeImpersonatePrivilege\\r\\n\\t\\t\\tSeDelegateSessionUserImpersonatePrivilege\\\"\"},\"eventdata\":{\"subjectUserSid\":\"S-1-5-18\",\"subjectUserName\":\"SYSTEM\",\"subjectDomainName\":\"NT AUTHORITY\",\"subjectLogonId\":\"0x3e7\",\"privilegeList\":\"SeAssignPrimaryTokenPrivilege     SeTcbPrivilege     SeSecurityPrivilege     SeTakeOwnershipPrivilege     SeLoadDriverPrivilege     SeBackupPrivilege     SeRestorePrivilege     SeDebugPrivilege     SeAuditPrivilege     SeSystemEnvironmentPrivilege     SeImpersonatePrivilege     SeDelegateSessionUserImpersonatePrivilege\"}}}","decoder":{"name":"windows_eventchannel"},"data":{"win":{"system":{"providerName":"Microsoft-Windows-Security-Auditing","providerGuid":"{54849625-5478-4994-a5ba-3e3b0328c30d}","eventID":"4672","version":"0","level":"0","task":"12548","opcode":"0","keywords":"0x8020000000000000","systemTime":"2026-10-02T03:06:45.2861939Z","eventRecordID":"14462","processID":"704","threadID":"4164","channel":"Security","computer":"WIN10-01.SOC-LAB.LOCAL","severityValue":"AUDIT_SUCCESS","message":"\"Special privileges assigned to new logon.\r\n\r\nSubject:\r\n\tSecurity ID:\t\tS-1-5-18\r\n\tAccount Name:\t\tSYSTEM\r\n\tAccount Domain:\t\tNT AUTHORITY\r\n\tLogon ID:\t\t0x3E7\r\n\r\nPrivileges:\t\tSeAssignPrimaryTokenPrivilege\r\n\t\t\tSeTcbPrivilege\r\n\t\t\tSeSecurityPrivilege\r\n\t\t\tSeTakeOwnershipPrivilege\r\n\t\t\tSeLoadDriverPrivilege\r\n\t\t\tSeBackupPrivilege\r\n\t\t\tSeRestorePrivilege\r\n\t\t\tSeDebugPrivilege\r\n\t\t\tSeAuditPrivilege\r\n\t\t\tSeSystemEnvironmentPrivilege\r\n\t\t\tSeImpersonatePrivilege\r\n\t\t\tSeDelegateSessionUserImpersonatePrivilege\""},"eventdata":{"subjectUserSid":"S-1-5-18","subjectUserName":"SYSTEM","subjectDomainName":"NT AUTHORITY","subjectLogonId":"0x3e7","privilegeList":"SeAssignPrimaryTokenPrivilege     SeTcbPrivilege     SeSecurityPrivilege     SeTakeOwnershipPrivilege     SeLoadDriverPrivilege     SeBackupPrivilege     SeRestorePrivilege     SeDebugPrivilege     SeAuditPrivilege     SeSystemEnvironmentPrivilege     SeImpersonatePrivilege     SeDelegateSessionUserImpersonatePrivilege"}}},"location":"EventChannel"}
{"timestamp":"2026-10-02T03:06:49.354+0000","agent":{"id":"001","name":"SOC-WIN10","ip":"192.168.50.20"},"manager":{"name":"soc-wazuh"},"id":"1790910409.319068","full_log":"{\"win\":{\"system\":{\"providerName\":\"Microsoft-Windows-Security-Auditing\",\"providerGuid\":\"{54849625-5478-4994-a5ba-3e3b0328c30d}\",\"eventID\":\"5382\",\"version\":\"0\",\"level\":\"0\",\"task\":\"13824\",\"opcode\":\"0\",\"keywords\":\"0x8020000000000000\",\"systemTime\":\"2026-10-02T03:06:47.3051724Z\",\"eventRecordID\":\"14463\",\"processID\":\"704\",\"threadID\":\"4164\",\"channel\":\"Security\",\"computer\":\"WIN10-01.SOC-LAB.LOCAL\",\"severityValue\":\"AUDIT_SUCCESS\",\"message\":\"\\\"Vault credentials were read.\\r\\n\\r\\nSubject:\\r\\n\\tSecurity ID:\\t\\tS-1-5-18\\r\\n\\tAccount Name:\\t\\tWIN10-01$\\r\\n\\tAccount Domain:\\t\\tSOC-LAB\\r\\n\\tLogon ID:\\t\\t0x3E7\\r\\n\\r\\nThis event occurs when a user reads a stored vault credential.\\\"\"},\"eventdata\":{\"subjectUserSid\":\"S-1-5-18\",\"subjectUserName\":\"WIN10-01$\",\"subjectDomainName\":\"SOC-LAB\",\"subjectLogonId\":\"0x3e7\",\"schemaFriendlyName\":\"NGC Local Accoount Logon Vault Resource Schema\",\"schema\":\"{1d4350a3-330d-4af9-b3ff-a927a45998ac}\",\"resource\":\"NGC Local Accoount Logon Vault Resource\",\"identity\":\"010500000000000515000000D23EF74EE73AB18805EE499754040000\",\"flags\":\"0\",\"returnCode\":\"1168\",\"processCreationTime\":\"2026-10-02T03:06:00.7149212Z\",\"clientProcessId\":\"8\"}}}","decoder":{"name":"windows_eventchannel"},"data":{"win":{"system":{"providerName":"Microsoft-Windows-Security-Auditing","providerGuid":"{54849625-5478-4994-a5ba-3e3b0328c30d}","eventID":"5382","version":"0","level":"0","task":"13824","opcode":"0","keywords":"0x8020000000000000","systemTime":"2026-10-02T03:06:47.3051724Z","eventRecordID":"14463","processID":"704","threadID":"4164","channel":"Security","computer":"WIN10-01.SOC-LAB.LOCAL","severityValue":"AUDIT_SUCCESS","message":"\"Vault credentials were read.\r\n\r\nSubject:\r\n\tSecurity ID:\t\tS-1-5-18\r\n\tAccount Name:\t\tWIN10-01$\r\n\tAccount Domain:\t\tSOC-LAB\r\n\tLogon ID:\t\t0x3E7\r\n\r\nThis event occurs when a user reads a stored vault credential.\""},"eventdata":{"subjectUserSid":"S-1-5-18","subjectUserName":"WIN10-01$","subjectDomainName":"SOC-LAB","subjectLogonId":"0x3e7","schemaFriendlyName":"NGC Local Accoount Logon Vault Resource Schema","schema":"{1d4350a3-330d-4af9-b3ff-a927a45998ac}","resource":"NGC Local Accoount Logon Vault Resource","identity":"010500000000000515000000D23EF74EE73AB18805EE499754040000","flags":"0","returnCode":"1168","processCreationTime":"2026-10-02T03:06:00.7149212Z","clientProcessId":"8"}}},"location":"EventChannel"}
{"timestamp":"2026-10-02T03:06:49.370+0000","agent":{"id":"001","name":"SOC-WIN10","ip":"192.168.50.20"},"manager":{"name":"soc-wazuh"},"id":"1790910409.319068","full_log":"{\"win\":{\"system\":{\"providerName\":\"Microsoft-Windows-Security-Auditing\",\"providerGuid\":\"{54849625-5478-4994-a5ba-3e3b0328c30d}\",\"eventID\":\"5379\",\"version\":\"0\",\"level\":\"0\",\"task\":\"13824\",\"opcode\":\"0\",\"keywords\":\"0x8020000000000000\",\"systemTime\":\"2026-10-02T03:06:47.8758018Z\",\"eventRecordID\":\"14464\",\"processID\":\"704\",\"threadID\":\"4164\",\"channel\":\"Security\",\"computer\":\"WIN10-01.SOC-LAB.LOCAL\",\"severityValue\":\"AUDIT_SUCCESS\",\"message\":\"\\\"Credential Manager credentials were read.\\r\\n\\r\\nSubject:\\r\\n\\tSecurity ID:\\t\\tS-1-5-18\\r\\n\\tAccount Name:\\t\\tWIN10-01$\\r\\n\\tAccount Domain:\\t\\tSOC-LAB\\r\\n\\tLogon ID:\\t\\t0x3E7\\r\\n\\tRead Operation:\\t\\tEnumerate Credentials\\r\\n\\r\\nThis event occurs when a user performs a read operation on stored credentials in Credential Manager.\\\"\"},\"eventdata\":{\"subjectUserSid\":\"S-1-5-18\",\"subjectUserName\":\"WIN10-01$\",\"subjectDomainName\":\"SOC-LAB\",\"subjectLogonId\":\"0x3e7\",\"targetName\":\"WindowsLive:(token):name=02zvtsybcslfsciv;serviceuri=*\",\"type\":\"0\",\"countOfCredentialsReturned\":\"0\",\"readOperation\":\"%%8100\",\"returnCode\":\"3221226021\",\"processCreationTime\":\"2026-10-02T03:06:00.7366211Z\",\"clientProcessId\":\"988\"}}}","decoder":{"name":"windows_eventchannel"},"data":{"win":{"system":{"providerName":"Microsoft-Windows-Security-Auditing","providerGuid":"{54849625-5478-4994-a5ba-3e3b0328c30d}","eventID":"5379","version":"0","level":"0","task":"13824","opcode":"0","keywords":"0x8020000000000000","systemTime":"2026-10-02T03:06:47.8758018Z","eventRecordID":"14464","processID":"704","threadID":"4164","channel":"Security","computer":"WIN10-01.SOC-LAB.LOCAL","severityValue":"AUDIT_SUCCESS","message":"\"Credential Manager credentials were read.\r\n\r\nSubject:\r\n\tSecurity ID:\t\tS-1-5-18\r\n\tAccount Name:\t\tWIN10-01$\r\n\tAccount Domain:\t\tSOC-LAB\r\n\tLogon ID:\t\t0x3E7\r\n\tRead Operation:\t\tEnumerate Credentials\r\n\r\nThis event occurs when a user performs a read operation on stored credentials in Credential Manager.\""},"eventdata":{"subjectUserSid":"S-1-5-18","subjectUserName":"WIN10-01$","subjectDomainName":"SOC-LAB","subjectLogonId":"0x3e7","targetName":"WindowsLive:(token):name=02zvtsybcslfsciv;serviceuri=*","type":"0","countOfCredentialsReturned":"0","readOperation":"%%8100","returnCode":"3221226021","processCreationTime":"2026-10-02T03:06:00.7366211Z","clientProcessId":"988"}}},"location":"EventChannel"}
{"timestamp":"2026-10-02T03:06:49.385+0000","agent":{"id":"001","name":"SOC-WIN10","ip":"192.168.50.20"},"manager":{"name":"soc-wazuh"},"id":"1790910409.319068","full_log":"{\"win\":{\"system\":{\"providerName\":\"Microsoft-Windows-Security-Auditing\",\"providerGuid\":\"{54849625-5478-4994-a5ba-3e3b0328c30d}\",\"eventID\":\"5379\",\"version\":\"0\",\"level\":\"0\",\"task\":\"13824\",\"opcode\":\"0\",\"keywords\":\"0x8020000000000000\",\"systemTime\":\"2026-10-02T03:06:47.8772493Z\",\"eventRecordID\":\"14465\",\"processID\":\"704\",\"threadID\":\"4164\",\"channel\":\"Security\",\"computer\":\"WIN10-01.SOC-LAB.LOCAL\",\"severityValue\":\"AUDIT_SUCCESS\",\"message\":\"\\\"Credential Manager credentials were read.\\r\\n\\r\\nSubject:\\r\\n\\tSecurity ID:\\t\\tS-1-5-18\\r\\n\\tAccount Name:\\t\\tWIN10-01$\\r\\n\\tAccount Domain:\\t\\tSOC-LAB\\r\\n\\tLogon ID:\\t\\t0x3E7\\r\\n\\tRead Operation:\\t\\tEnumerate Credentials\\r\\n\\r\\nThis event occurs when a user performs a read operation on stored credentials in Credential Manager.\\\"\"},\"eventdata\":{\"subjectUserSid\":\"S-1-5-18\",\"subjectUserName\":\"WIN10-01$\",\"subjectDomainName\":\"SOC-LAB\",\"subjectLogonId\":\"0x3e7\",\"targetName\":\"WindowsLive:(cert):name=02zvtsybcslfsciv;serviceuri=*\",\"type\":\"0\",\"countOfCredentialsReturned\":\"0\",\"readOperation\":\"%%8100\",\"returnCode\":\"3221226021\",\"processCreationTime\":\"2026-10-02T03:06:00.7366211Z\",\"clientProcessId\":\"988\"}}}","decoder":{"name":"windows_eventchannel"},"data":{"win":{"system":{"providerName":"Microsoft-Windows-Security-Auditing","providerGuid":"{54849625-5478-4994-a5ba-3e3b0328c30d}","eventID":"5379","version":"0","level":"0","task":"13824","opcode":"0","keywords":"0x8020000000000000","systemTime":"2026-10-02T03:06:47.8772493Z","eventRecordID":"14465","processID":"704","threadID":"4164","channel":"Security","computer":"WIN10-01.SOC-LAB.LOCAL","severityValue":"AUDIT_SUCCESS","message":"\"Credential Manager credentials were read.\r\n\r\nSubject:\r\n\tSecurity ID:\t\tS-1-5-18\r\n\tAccount Name:\t\tWIN10-01$\r\n\tAccount Domain:\t\tSOC-LAB\r\n\tLogon ID:\t\t0x3E7\r\n\tRead Operation:\t\tEnumerate Credentials\r\n\r\nThis event occurs when a user performs a read operation on stored credentials in Credential Manager.\""},"eventdata":{"subjectUserSid":"S-1-5-18","subjectUserName":"WIN10-01$","subjectDomainName":"SOC-LAB","subjectLogonId":"0x3e7","targetName":"WindowsLive:(cert):name=02zvtsybcslfsciv;serviceuri=*","type":"0","countOfCredentialsReturned":"0","readOperation":"%%8100","returnCode":"3221226021","processCreationTime":"2026-10-02T03:06:00.7366211Z","clientProcessId":"988"}}},"location":"EventChannel"}
{"timestamp":"2026-10-02T03:06:49.462+0000","agent":{"id":"001","name":"SOC-WIN10","ip":"192.168.50.20"},"manager":{"name":"soc-wazuh"},"id":"1790910409.319068","full_log":"{\"win\":{\"system\":{\"providerName\":\"Microsoft-Windows-Security-Auditing\",\"providerGuid\":\"{54849625-5478-4994-a5ba-3e3b0328c30d}\",\"eventID\":\"5379\",\"version\":\"0\",\"level\":\"0\",\"task\":\"13824\",\"opcode\":\"0\",\"keywords\":\"0x8020000000000000\",\"systemTime\":\"2026-10-02T03:06:47.8789161Z\",\"eventRecordID\":\"14466\",\"processID\":\"704\",\"threadID\":\"4164\",\"channel\":\"Security\",\"computer\":\"WIN10-01.SOC-LAB.LOCAL\",\"severityValue\":\"AUDIT_SUCCESS\",\"message\":\"\\\"Credential Manager credentials were read.\\r\\n\\r\\nSubject:\\r\\n\\tSecurity ID:\\t\\tS-1-5-18\\r\\n\\tAccount Name:\\t\\tWIN10-01$\\r\\n\\tAccount Domain:\\t\\tSOC-LAB\\r\\n\\tLogon ID:\\t\\t0x3E7\\r\\n\\tRead Operation:\\t\\tEnumerate Credentials\\r\\n\\r\\nThis event occurs when a user performs a read operation on stored credentials in Credential Manager.\\\"\"},\"eventdata\":{\"subjectUserSid\":\"S-1-5-18\",\"subjectUserName\":\"WIN10-01$\",\"subjectDomainName\":\"SOC-LAB\",\"subjectLogonId\":\"0x3e7\",\"targetName\":\"WindowsLive:target=virtualapp/didlogical\",\"type\":\"0\",\"countOfCredentialsReturned\":\"1\",\"readOperation\":\"%%8100\",\"returnCode\":\"0\",\"processCreationTime\":\"2026-10-02T03:06:00.7366211Z\",\"clientProcessId\":\"988\"}}}","decoder":{"name":"windows_eventchannel"},"data":{"win":{"system":{"providerName":"Microsoft-Windows-Security-Auditing","providerGuid":"{54849625-5478-4994-a5ba-3e3b0328c30d}","eventID":"5379","version":"0","level":"0","task":"13824","opcode":"0","keywords":"0x8020000000000000","systemTime":"2026-10-02T03:06:47.8789161Z","eventRecordID":"14466","processID":"704","threadID":"4164","channel":"Security","computer":"WIN10-01.SOC-LAB.LOCAL","severityValue":"AUDIT_SUCCESS","message":"\"Credential Manager credentials were read.\r\n\r\nSubject:\r\n\tSecurity ID:\t\tS-1-5-18\r\n\tAccount Name:\t\tWIN10-01$\r\n\tAccount Domain:\t\tSOC-LAB\r\n\tLogon ID:\t\t0x3E7\r\n\tRead Operation:\t\tEnumerate Credentials\r\n\r\nThis event occurs when a user performs a read operation on stored credentials in Credential Manager.\""},"eventdata":{"subjectUserSid":"S-1-5-18","subjectUserName":"WIN10-01$","subjectDomainName":"SOC-LAB","subjectLogonId":"0x3e7","targetName":"WindowsLive:target=virtualapp/didlogical","type":"0","countOfCredentialsReturned":"1","readOperation":"%%8100","returnCode":"0","processCreationTime":"2026-10-02T03:06:00.7366211Z","clientProcessId":"988"}}},"location":"EventChannel"}
{"timestamp":"2026-10-02T03:06:49.463+0000","agent":{"id":"001","name":"SOC-WIN10","ip":"192.168.50.20"},"manager":{"name":"soc-wazuh"},"id":"1790910409.319068","full_log":"{\"win\":{\"system\":{\"providerName\":\"Microsoft-Windows-Security-Auditing\",\"providerGuid\":\"{54849625-5478-4994-a5ba-3e3b0328c30d}\",\"eventID\":\"5379\",\"version\":\"0\",\"level\":\"0\",\"task\":\"13824\",\"opcode\":\"0\",\"keywords\":\"0x8020000000000000\",\"systemTime\":\"2026-10-02T03:06:47.8908155Z\",\"eventRecordID\":\"14467\",\"processID\":\"704\",\"threadID\":\"4164\",\"channel\":\"Security\",\"computer\":\"WIN10-01.SOC-LAB.LOCAL\",\"severityValue\":\"AUDIT_SUCCESS\",\"message\":\"\\\"Credential Manager credentials were read.\\r\\n\\r\\nSubject:\\r\\n\\tSecurity ID:\\t\\tS-1-5-21-1324826322-2293316327-2538204677-1108\\r\\n\\tAccount Name:\\t\\tnam.user\\r\\n\\tAccount Domain:\\t\\tSOC-LAB\\r\\n\\tLogon ID:\\t\\t0x90DE9\\r\\n\\tRead Operation:\\t\\tEnumerate Credentials\\r\\n\\r\\nThis event occurs when a user performs a read operation on stored credentials in Credential Manager.\\\"\"},\"eventdata\":{\"subjectUserSid\":\"S-1-5-21-1324826322-2293316327-2538204677-1108\",\"subjectUserName\":\"nam.user\",\"subjectDomainName\":\"SOC-LAB\",\"subjectLogonId\":\"0x90de9\",\"targetName\":\"WindowsLive:(token):name=02fksofrfbjtqhcu;serviceuri=*\",\"type\":\"0\",\"countOfCredentialsReturned\":\"0\",\"readOperation\":\"%%8100\",\"returnCode\":\"3221226021\",\"processCreationTime\":\"2026-10-02T03:06:00.7366211Z\",\"clientProcessId\":\"988\"}}}","decoder":{"name":"windows_eventchannel"},"data":{"win":{"system":{"providerName":"Microsoft-Windows-Security-Auditing","providerGuid":"{54849625-5478-4994-a5ba-3e3b0328c30d}","eventID":"5379","version":"0","level":"0","task":"13824","opcode":"0","keywords":"0x8020000000000000","systemTime":"2026-10-02T03:06:47.8908155Z","eventRecordID":"14467","processID":"704","threadID":"4164","channel":"Security","computer":"WIN10-01.SOC-LAB.LOCAL","severityValue":"AUDIT_SUCCESS","message":"\"Credential Manager credentials were read.\r\n\r\nSubject:\r\n\tSecurity ID:\t\tS-1-5-21-1324826322-2293316327-2538204677-1108\r\n\tAccount Name:\t\tnam.user\r\n\tAccount Domain:\t\tSOC-LAB\r\n\tLogon ID:\t\t0x90DE9\r\n\tRead Operation:\t\tEnumerate Credentials\r\n\r\nThis event occurs when a user performs a read operation on stored credentials in Credential Manager.\""},"eventdata":{"subjectUserSid":"S-1-5-21-1324826322-2293316327-2538204677-1108","subjectUserName":"nam.user","subjectDomainName":"SOC-LAB","subjectLogonId":"0x90de9","targetName":"WindowsLive:(token):name=02fksofrfbjtqhcu;serviceuri=*","type":"0","countOfCredentialsReturned":"0","readOperation":"%%8100","returnCode":"3221226021","processCreationTime":"2026-10-02T03:06:00.7366211Z","clientProcessId":"988"}}},"location":"EventChannel"}
{"timestamp":"2026-10-02T03:06:49.478+0000","agent":{"id":"001","name":"SOC-WIN10","ip":"192.168.50.20"},"manager":{"name":"soc-wazuh"},"id":"1790910409.319068","full_log":"{\"win\":{\"system\":{\"providerName\":\"Microsoft-Windows-Security-Auditing\",\"providerGuid\":\"{54849625-5478-4994-a5ba-3e3b0328c30d}\",\"eventID\":\"5379\",\"version\":\"0\",\"level\":\"0\",\"task\":\"13824\",\"opcode\":\"0\",\"keywords\":\"0x8020000000000000\",\"systemTime\":\"2026-10-02T03:06:47.8919119Z\",\"eventRecordID\":\"14468\",\"processID\":\"704\",\"threadID\":\"4164\",\"channel\":\"Security\",\"computer\":\"WIN10-01.SOC-LAB.LOCAL\",\"severityValue\":\"AUDIT_SUCCESS\",\"message\":\"\\\"Credential Manager credentials were read.\\r\\n\\r\\nSubject:\\r\\n\\tSecurity ID:\\t\\tS-1-5-21-1324826322-2293316327-2538204677-1108\\r\\n\\tAccount Name:\\t\\tnam.user\\r\\n\\tAccount Domain:\\t\\tSOC-LAB\\r\\n\\tLogon ID:\\t\\t0x90DE9\\r\\n\\tRead Operation:\\t\\tEnumerate Credentials\\r\\n\\r\\nThis event occurs when a user performs a read operation on stored credentials in Credential Manager.\\\"\"},\"eventdata\":{\"subjectUserSid\":\"S-1-5-21-1324826322-2293316327-2538204677-1108\",\"subjectUserName\":\"nam.user\",\"subjectDomainName\":\"SOC-LAB\",\"subjectLogonId\":\"0x90de9\",\"targetName\":\"WindowsLive:(cert):name=02fksofrfbjtqhcu;serviceuri=*\",\"type\":\"0\",\"countOfCredentialsReturned\":\"0\",\"readOperation\":\"%%8100\",\"returnCode\":\"3221226021\",\"processCreationTime\":\"2026-10-02T03:06:00.7366211Z\",\"clientProcessId\":\"988\"}}}","decoder":{"name":"windows_eventchannel"},"data":{"win":{"system":{"providerName":"Microsoft-Windows-Security-Auditing","providerGuid":"{54849625-5478-4994-a5ba-3e3b0328c30d}","eventID":"5379","version":"0","level":"0","task":"13824","opcode":"0","keywords":"0x8020000000000000","systemTime":"2026-10-02T03:06:47.8919119Z","eventRecordID":"14468","processID":"704","threadID":"4164","channel":"Security","computer":"WIN10-01.SOC-LAB.LOCAL","severityValue":"AUDIT_SUCCESS","message":"\"Credential Manager credentials were read.\r\n\r\nSubject:\r\n\tSecurity ID:\t\tS-1-5-21-1324826322-2293316327-2538204677-1108\r\n\tAccount Name:\t\tnam.user\r\n\tAccount Domain:\t\tSOC-LAB\r\n\tLogon ID:\t\t0x90DE9\r\n\tRead Operation:\t\tEnumerate Credentials\r\n\r\nThis event occurs when a user performs a read operation on stored credentials in Credential Manager.\""},"eventdata":{"subjectUserSid":"S-1-5-21-1324826322-2293316327-2538204677-1108","subjectUserName":"nam.user","subjectDomainName":"SOC-LAB","subjectLogonId":"0x90de9","targetName":"WindowsLive:(cert):name=02fksofrfbjtqhcu;serviceuri=*","type":"0","countOfCredentialsReturned":"0","readOperation":"%%8100","returnCode":"3221226021","processCreationTime":"2026-10-02T03:06:00.7366211Z","clientProcessId":"988"}}},"location":"EventChannel"}
{"timestamp":"2026-10-02T03:06:49.511+0000","agent":{"id":"001","name":"SOC-WIN10","ip":"192.168.50.20"},"manager":{"name":"soc-wazuh"},"id":"1790910409.319068","full_log":"{\"win\":{\"system\":{\"providerName\":\"Microsoft-Windows-Security-Auditing\",\"providerGuid\":\"{54849625-5478-4994-a5ba-3e3b0328c30d}\",\"eventID\":\"5379\",\"version\":\"0\",\"level\":\"0\",\"task\":\"13824\",\"opcode\":\"0\",\"keywords\":\"0x8020000000000000\",\"systemTime\":\"2026-10-02T03:06:47.8925491Z\",\"eventRecordID\":\"14469\",\"processID\":\"704\",\"threadID\":\"4164\",\"channel\":\"Security\",\"computer\":\"WIN10-01.SOC-LAB.LOCAL\",\"severityValue\":\"AUDIT_SUCCESS\",\"message\":\"\\\"Credential Manager credentials were read.\\r\\n\\r\\nSubject:\\r\\n\\tSecurity ID:\\t\\tS-1-5-21-1324826322-2293316327-2538204677-1108\\r\\n\\tAccount Name:\\t\\tnam.user\\r\\n\\tAccount Domain:\\t\\tSOC-LAB\\r\\n\\tLogon ID:\\t\\t0x90DE9\\r\\n\\tRead Operation:\\t\\tEnumerate Credentials\\r\\n\\r\\nThis event occurs when a user performs a read operation on stored credentials in Credential Manager.\\\"\"},\"eventdata\":{\"subjectUserSid\":\"S-1-5-21-1324826322-2293316327-2538204677-1108\",\"subjectUserName\":\"nam.user\",\"subjectDomainName\":\"SOC-LAB\",\"subjectLogonId\":\"0x90de9\",\"targetName\":\"WindowsLive:target=virtualapp/didlogical\",\"type\":\"0\",\"countOfCredentialsReturned\":\"1\",\"readOperation\":\"%%8100\",\"returnCode\":\"0\",\"processCreationTime\":\"2026-10-02T03:06:00.7366211Z\",\"clientProcessId\":\"988\"}}}","decoder":{"name":"windows_eventchannel"},"data":{"win":{"system":{"providerName":"Microsoft-Windows-Security-Auditing","providerGuid":"{54849625-5478-4994-a5ba-3e3b0328c30d}","eventID":"5379","version":"0","level":"0","task":"13824","opcode":"0","keywords":"0x8020000000000000","systemTime":"2026-10-02T03:06:47.8925491Z","eventRecordID":"14469","processID":"704","threadID":"4164","channel":"Security","computer":"WIN10-01.SOC-LAB.LOCAL","severityValue":"AUDIT_SUCCESS","message":"\"Credential Manager credentials were read.\r\n\r\nSubject:\r\n\tSecurity ID:\t\tS-1-5-21-1324826322-2293316327-2538204677-1108\r\n\tAccount Name:\t\tnam.user\r\n\tAccount Domain:\t\tSOC-LAB\r\n\tLogon ID:\t\t0x90DE9\r\n\tRead Operation:\t\tEnumerate Credentials\r\n\r\nThis event occurs when a user performs a read operation on stored credentials in Credential Manager.\""},"eventdata":{"subjectUserSid":"S-1-5-21-1324826322-2293316327-2538204677-1108","subjectUserName":"nam.user","subjectDomainName":"SOC-LAB","subjectLogonId":"0x90de9","targetName":"WindowsLive:target=virtualapp/didlogical","type":"0","countOfCredentialsReturned":"1","readOperation":"%%8100","returnCode":"0","processCreationTime":"2026-10-02T03:06:00.7366211Z","clientProcessId":"988"}}},"location":"EventChannel"}
{"timestamp":"2026-10-02T03:06:49.512+0000","agent":{"id":"001","name":"SOC-WIN10","ip":"192.168.50.20"},"manager":{"name":"soc-wazuh"},"id":"1790910409.319068","full_log":"{\"win\":{\"system\":{\"providerName\":\"Microsoft-Windows-Security-Auditing\",\"providerGuid\":\"{54849625-5478-4994-a5ba-3e3b0328c30d}\",\"eventID\":\"5379\",\"version\":\"0\",\"level\":\"0\",\"task\":\"13824\",\"opcode\":\"0\",\"keywords\":\"0x8020000000000000\",\"systemTime\":\"2026-10-02T03:06:47.8972015Z\",\"eventRecordID\":\"14470\",\"processID\":\"704\",\"threadID\":\"4164\",\"channel\":\"Security\",\"computer\":\"WIN10-01.SOC-LAB.LOCAL\",\"severityValue\":\"AUDIT_SUCCESS\",\"message\":\"\\\"Credential Manager credentials were read.\\r\\n\\r\\nSubject:\\r\\n\\tSecurity ID:\\t\\tS-1-5-21-1324826322-2293316327-2538204677-1108\\r\\n\\tAccount Name:\\t\\tnam.user\\r\\n\\tAccount Domain:\\t\\tSOC-LAB\\r\\n\\tLogon ID:\\t\\t0x90DE9\\r\\n\\tRead Operation:\\t\\tEnumerate Credentials\\r\\n\\r\\nThis event occurs when a user performs a read operation on stored credentials in Credential Manager.\\\"\"},\"eventdata\":{\"subjectUserSid\":\"S-1-5-21-1324826322-2293316327-2538204677-1108\",\"subjectUserName\":\"nam.user\",\"subjectDomainName\":\"SOC-LAB\",\"subjectLogonId\":\"0x90de9\",\"targetName\":\"MicrosoftAccount:user=02fksofrfbjtqhcu\",\"type\":\"0\",\"countOfCredentialsReturned\":\"0\",\"readOperation\":\"%%8100\",\"returnCode\":\"3221226021\",\"processCreationTime\":\"2026-10-02T03:06:00.7366211Z\",\"clientProcessId\":\"988\"}}}","decoder":{"name":"windows_eventchannel"},"data":{"win":{"system":{"providerName":"Microsoft-Windows-Security-Auditing","providerGuid":"{54849625-5478-4994-a5ba-3e3b0328c30d}","eventID":"5379","version":"0","level":"0","task":"13824","opcode":"0","keywords":"0x8020000000000000","systemTime":"2026-10-02T03:06:47.8972015Z","eventRecordID":"14470","processID":"704","threadID":"4164","channel":"Security","computer":"WIN10-01.SOC-LAB.LOCAL","severityValue":"AUDIT_SUCCESS","message":"\"Credential Manager credentials were read.\r\n\r\nSubject:\r\n\tSecurity ID:\t\tS-1-5-21-1324826322-2293316327-2538204677-1108\r\n\tAccount Name:\t\tnam.user\r\n\tAccount Domain:\t\tSOC-LAB\r\n\tLogon ID:\t\t0x90DE9\r\n\tRead Operation:\t\tEnumerate Credentials\r\n\r\nThis event occurs when a user performs a read operation on stored credentials in Credential Manager.\""},"eventdata":{"subjectUserSid":"S-1-5-21-1324826322-2293316327-2538204677-1108","subjectUserName":"nam.user","subjectDomainName":"SOC-LAB","subjectLogonId":"0x90de9","targetName":"MicrosoftAccount:user=02fksofrfbjtqhcu","type":"0","countOfCredentialsReturned":"0","readOperation":"%%8100","returnCode":"3221226021","processCreationTime":"2026-10-02T03:06:00.7366211Z","clientProcessId":"988"}}},"location":"EventChannel"}
{"timestamp":"2026-10-02T03:06:49.545+0000","agent":{"id":"001","name":"SOC-WIN10","ip":"192.168.50.20"},"manager":{"name":"soc-wazuh"},"id":"1790910409.319068","full_log":"{\"win\":{\"system\":{\"providerName\":\"Microsoft-Windows-Security-Auditing\",\"providerGuid\":\"{54849625-5478-4994-a5ba-3e3b0328c30d}\",\"eventID\":\"5379\",\"version\":\"0\",\"level\":\"0\",\"task\":\"13824\",\"opcode\":\"0\",\"keywords\":\"0x8020000000000000\",\"systemTime\":\"2026-10-02T03:06:47.8979885Z\",\"eventRecordID\":\"14471\",\"processID\":\"704\",\"threadID\":\"4164\",\"channel\":\"Security\",\"computer\":\"WIN10-01.SOC-LAB.LOCAL\",\"severityValue\":\"AUDIT_SUCCESS\",\"message\":\"\\\"Credential Manager credentials were read.\\r\\n\\r\\nSubject:\\r\\n\\tSecurity ID:\\t\\tS-1-5-21-1324826322-2293316327-2538204677-1108\\r\\n\\tAccount Name:\\t\\tnam.user\\r\\n\\tAccount Domain:\\t\\tSOC-LAB\\r\\n\\tLogon ID:\\t\\t0x90DE9\\r\\n\\tRead Operation:\\t\\tEnumerate Credentials\\r\\n\\r\\nThis event occurs when a user performs a read operation on stored credentials in Credential Manager.\\\"\"},\"eventdata\":{\"subjectUserSid\":\"S-1-5-21-1324826322-2293316327-2538204677-1108\",\"subjectUserName\":\"nam.user\",\"subjectDomainName\":\"SOC-LAB\",\"subjectLogonId\":\"0x90de9\",\"targetName\":\"WindowsLive:(token):name=02fksofrfbjtqhcu;serviceuri=*\",\"type\":\"0\",\"countOfCredentialsReturned\":\"0\",\"readOperation\":\"%%8100\",\"returnCode\":\"3221226021\",\"processCreationTime\":\"2026-10-02T03:06:00.7366211Z\",\"clientProcessId\":\"988\"}}}","decoder":{"name":"windows_eventchannel"},"data":{"win":{"system":{"providerName":"Microsoft-Windows-Security-Auditing","providerGuid":"{54849625-5478-4994-a5ba-3e3b0328c30d}","eventID":"5379","version":"0","level":"0","task":"13824","opcode":"0","keywords":"0x8020000000000000","systemTime":"2026-10-02T03:06:47.8979885Z","eventRecordID":"14471","processID":"704","threadID":"4164","channel":"Security","computer":"WIN10-01.SOC-LAB.LOCAL","severityValue":"AUDIT_SUCCESS","message":"\"Credential Manager credentials were read.\r\n\r\nSubject:\r\n\tSecurity ID:\t\tS-1-5-21-1324826322-2293316327-2538204677-1108\r\n\tAccount Name:\t\tnam.user\r\n\tAccount Domain:\t\tSOC-LAB\r\n\tLogon ID:\t\t0x90DE9\r\n\tRead Operation:\t\tEnumerate Credentials\r\n\r\nThis event occurs when a user performs a read operation on stored credentials in Credential Manager.\""},"eventdata":{"subjectUserSid":"S-1-5-21-1324826322-2293316327-2538204677-1108","subjectUserName":"nam.user","subjectDomainName":"SOC-LAB","subjectLogonId":"0x90de9","targetName":"WindowsLive:(token):name=02fksofrfbjtqhcu;serviceuri=*","type":"0","countOfCredentialsReturned":"0","readOperation":"%%8100","returnCode":"3221226021","processCreationTime":"2026-10-02T03:06:00.7366211Z","clientProcessId":"988"}}},"location":"EventChannel"}
{"timestamp":"2026-10-02T03:06:49.572+0000","agent":{"id":"001","name":"SOC-WIN10","ip":"192.168.50.20"},"manager":{"name":"soc-wazuh"},"id":"1790910409.319068","full_log":"{\"win\":{\"system\":{\"providerName\":\"Microsoft-Windows-Security-Auditing\",\"providerGuid\":\"{54849625-5478-4994-a5ba-3e3b0328c30d}\",\"eventID\":\"5379\",\"version\":\"0\",\"level\":\"0\",\"task\":\"13824\",\"opcode\":\"0\",\"keywords\":\"0x8020000000000000\",\"systemTime\":\"2026-10-02T03:06:47.8990225Z\",\"eventRecordID\":\"14472\",\"processID\":\"704\",\"threadID\":\"4164\",\"channel\":\"Security\",\"computer\":\"WIN10-01.SOC-LAB.LOCAL\",\"severityValue\":\"AUDIT_SUCCESS\",\"message\":\"\\\"Credential Manager credentials were read.\\r\\n\\r\\nSubject:\\r\\n\\tSecurity ID:\\t\\tS-1-5-21-1324826322-2293316327-2538204677-1108\\r\\n\\tAccount Name:\\t\\tnam.user\\r\\n\\tAccount Domain:\\t\\tSOC-LAB\\r\\n\\tLogon ID:\\t\\t0x90DE9\\r\\n\\tRead Operation:\\t\\tEnumerate Credentials\\r\\n\\r\\nThis event occurs when a user performs a read operation on stored credentials in Credential Manager.\\\"\"},\"eventdata\":{\"subjectUserSid\":\"S-1-5-21-1324826322-2293316327-2538204677-1108\",\"subjectUserName\":\"nam.user\",\"subjectDomainName\":\"SOC-LAB\",\"subjectLogonId\":\"0x90de9\",\"targetName\":\"WindowsLive:(cert):name=02fksofrfbjtqhcu;serviceuri=*\",\"type\":\"0\",\"countOfCredentialsReturned\":\"0\",\"readOperation\":\"%%8100\",\"returnCode\":\"3221226021\",\"processCreationTime\":\"2026-10-02T03:06:00.7366211Z\",\"clientProcessId\":\"988\"}}}","decoder":{"name":"windows_eventchannel"},"data":{"win":{"system":{"providerName":"Microsoft-Windows-Security-Auditing","providerGuid":"{54849625-5478-4994-a5ba-3e3b0328c30d}","eventID":"5379","version":"0","level":"0","task":"13824","opcode":"0","keywords":"0x8020000000000000","systemTime":"2026-10-02T03:06:47.8990225Z","eventRecordID":"14472","processID":"704","threadID":"4164","channel":"Security","computer":"WIN10-01.SOC-LAB.LOCAL","severityValue":"AUDIT_SUCCESS","message":"\"Credential Manager credentials were read.\r\n\r\nSubject:\r\n\tSecurity ID:\t\tS-1-5-21-1324826322-2293316327-2538204677-1108\r\n\tAccount Name:\t\tnam.user\r\n\tAccount Domain:\t\tSOC-LAB\r\n\tLogon ID:\t\t0x90DE9\r\n\tRead Operation:\t\tEnumerate Credentials\r\n\r\nThis event occurs when a user performs a read operation on stored credentials in Credential Manager.\""},"eventdata":{"subjectUserSid":"S-1-5-21-1324826322-2293316327-2538204677-1108","subjectUserName":"nam.user","subjectDomainName":"SOC-LAB","subjectLogonId":"0x90de9","targetName":"WindowsLive:(cert):name=02fksofrfbjtqhcu;serviceuri=*","type":"0","countOfCredentialsReturned":"0","readOperation":"%%8100","returnCode":"3221226021","processCreationTime":"2026-10-02T03:06:00.7366211Z","clientProcessId":"988"}}},"location":"EventChannel"}
{"timestamp":"2026-10-02T03:06:50.018+0000","agent":{"id":"001","name":"SOC-WIN10","ip":"192.168.50.20"},"manager":{"name":"soc-wazuh"},"id":"1790910410.319068","full_log":"{\"win\":{\"system\":{\"providerName\":\"Microsoft-Windows-Sysmon\",\"providerGuid\":\"{5770385f-c22a-43e0-bf4c-06f5698ffbd9}\",\"eventID\":\"13\",\"version\":\"2\",\"level\":\"4\",\"task\":\"13\",\"opcode\":\"0\",\"keywords\":\"0x8000000000000000\",\"systemTime\":\"2026-10-02T03:06:47.8425542Z\",\"eventRecordID\":\"11437\",\"processID\":\"2140\",\"threadID\":\"4056\",\"channel\":\"Microsoft-Windows-Sysmon/Operational\",\"computer\":\"WIN10-01.SOC-LAB.LOCAL\",\"severityValue\":\"INFORMATION\",\"message\":\"\\\"Registry value set:\\r\\nRuleName: T1122\\r\\nEventType: SetValue\\r\\nUtcTime: 2026-10-02 03:06:47.816\\r\\nProcessGuid: {e12a69d9-1fc5-6abf-d700-000000001700}\\r\\nProcessId: 7028\\r\\nImage: C:\\\\Users\\\\nam.user\\\\AppData\\\\Local\\\\Microsoft\\\\OneDrive\\\\OneDrive.exe\\r\\nTargetObject: HKU\\\\S-1-5-21-1324826322-2293316327-2538204677-1108_Classes\\\\CLSID\\\\{BBACC218-34EA-4666-9D7A-C78F2274A524}\\\\InprocServer32\\\\(Default)\\r\\nDetails: C:\\\\Users\\\\nam.user\\\\AppData\\\\Local\\\\Microsoft\\\\OneDrive\\\\26.168.0830.0006\\\\FileSyncShell64.dll\\r\\nUser: SOC-LAB\\\\nam.user\\\"\"},\"eventdata\":{\"ruleName\":\"T1122\",\"eventType\":\"SetValue\",\"utcTime\":\"2026-10-02 03:06:47.816\",\"processGuid\":\"{e12a69d9-1fc5-6abf-d700-000000001700}\",\"processId\":\"7028\",\"image\":\"C:\\\\\\\\Users\\\\\\\\nam.user\\\\\\\\AppData\\\\\\\\Local\\\\\\\\Microsoft\\\\\\\\OneDrive\\\\\\\\OneDrive.exe\",\"targetObject\":\"HKU\\\\\\\\S-1-5-21-1324826322-2293316327-2538204677-1108_Classes\\\\\\\\CLSID\\\\\\\\{BBACC218-34EA-4666-9D7A-C78F2274A524}\\\\\\\\InprocServer32\\\\\\\\(Default)\",\"details\":\"C:\\\\\\\\Users\\\\\\\\nam.user\\\\\\\\AppData\\\\\\\\Local\\\\\\\\Microsoft\\\\\\\\OneDrive\\\\\\\\26.168.0830.0006\\\\\\\\FileSyncShell64.dll\",\"user\":\"SOC-LAB\\\\\\\\nam.user\"}}}","decoder":{"name":"windows_eventchannel"},"data":{"win":{"system":{"providerName":"Microsoft-Windows-Sysmon","providerGuid":"{5770385f-c22a-43e0-bf4c-06f5698ffbd9}","eventID":"13","version":"2","level":"4","task":"13","opcode":"0","keywords":"0x8000000000000000","systemTime":"2026-10-02T03:06:47.8425542Z","eventRecordID":"11437","processID":"2140","threadID":"4056","channel":"Microsoft-Windows-Sysmon/Operational","computer":"WIN10-01.SOC-LAB.LOCAL","severityValue":"INFORMATION","message":"\"Registry value set:\r\nRuleName: T1122\r\nEventType: SetValue\r\nUtcTime: 2026-10-02 03:06:47.816\r\nProcessGuid: {e12a69d9-1fc5-6abf-d700-000000001700}\r\nProcessId: 7028\r\nImage: C:\\Users\\nam.user\\AppData\\Local\\Microsoft\\OneDrive\\OneDrive.exe\r\nTargetObject: HKU\\S-1-5-21-1324826322-2293316327-2538204677-1108_Classes\\CLSID\\{BBACC218-34EA-4666-9D7A-C78F2274A524}\\InprocServer32\\(Default)\r\nDetails: C:\\Users\\nam.user\\AppData\\Local\\Microsoft\\OneDrive\\26.168.0830.0006\\FileSyncShell64.dll\r\nUser: SOC-LAB\\nam.user\""},"eventdata":{"ruleName":"T1122","eventType":"SetValue","utcTime":"2026-10-02 03:06:47.816","processGuid":"{e12a69d9-1fc5-6abf-d700-000000001700}","processId":"7028","image":"C:\\\\Users\\\\nam.user\\\\AppData\\\\Local\\\\Microsoft\\\\OneDrive\\\\OneDrive.exe","targetObject":"HKU\\\\S-1-5-21-1324826322-2293316327-2538204677-1108_Classes\\\\CLSID\\\\{BBACC218-34EA-4666-9D7A-C78F2274A524}\\\\InprocServer32\\\\(Default)","details":"C:\\\\Users\\\\nam.user\\\\AppData\\\\Local\\\\Microsoft\\\\OneDrive\\\\26.168.0830.0006\\\\FileSyncShell64.dll","user":"SOC-LAB\\\\nam.user"}}},"location":"EventChannel"}
