{"timestamp":"2026-10-02T03:06:51.724+0000","agent":{"id":"001","name":"SOC-WIN10","ip":"192.168.50.20"},"manager":{"name":"soc-wazuh"},"id":"1790910411.319068","full_log":"{\"win\":{\"system\":{\"providerName\":\"Microsoft-Windows-Sysmon\",\"providerGuid\":\"{5770385f-c22a-43e0-bf4c-06f5698ffbd9}\",\"eventID\":\"13\",\"version\":\"2\",\"level\":\"4\",\"task\":\"13\",\"opcode\":\"0\",\"keywords\":\"0x8000000000000000\",\"systemTime\":\"2026-10-02T03:06:47.8540818Z\",\"eventRecordID\":\"11464\",\"processID\":\"2140\",\"threadID\":\"4056\",\"channel\":\"Microsoft-Windows-Sysmon/Operational\",\"computer\":\"WIN10-01.SOC-LAB.LOCAL\",\"severityValue\":\"INFORMATION\",\"message\":\"\\\"Registry value set:\\r\\nRuleName: -\\r\\nEventType: SetValue\\r\\nUtcTime: 2026-10-02 03:06:47.832\\r\\nProcessGuid: {e12a69d9-1fc5-6abf-d700-000000001700}\\r\\nProcessId: 7028\\r\\nImage: C:\\\\Users\\\\nam.user\\\\AppData\\\\Local\\\\Microsoft\\\\OneDrive\\\\OneDrive.exe\\r\\nTargetObject: HKU\\\\S-1-5-21-1324826322-2293316327-2538204677-1108_Classes\\\\Directory\\\\Background\\\\shellex\\\\ContextMenuHandlers\\\\ FileSyncEx\\\\(Default)\\r\\nDetails: {CB3D0F55-BC2C-4C1A-85ED-23ED75B5106B}\\r\\nUser: SOC-LAB\\\\nam.user\\\"\"},\"eventdata\":{\"eventType\":\"SetValue\",\"utcTime\":\"2026-10-02 03:06:47.832\",\"processGuid\":\"{e12a69d9-1fc5-6abf-d700-000000001700}\",\"processId\":\"7028\",\"image\":\"C:\\\\\\\\Users\\\\\\\\nam.user\\\\\\\\AppData\\\\\\\\Local\\\\\\\\Microsoft\\\\\\\\OneDrive\\\\\\\\OneDrive.exe\",\"targetObject\":\"HKU\\\\\\\\S-1-5-21-1324826322-2293316327-2538204677-1108_Classes\\\\\\\\Directory\\\\\\\\Background\\\\\\\\shellex\\\\\\\\ContextMenuHandlers\\\\\\\\ FileSyncEx\\\\\\\\(Default)\",\"details\":\"{CB3D0F55-BC2C-4C1A-85ED-23ED75B5106B}\",\"user\":\"SOC-LAB\\\\\\\\nam.user\"}}}","decoder":{"name":"windows_eventchannel"},"data":{"win":{"system":{"providerName":"Microsoft-Windows-Sysmon","providerGuid":"{5770385f-c22a-43e0-bf4c-06f5698ffbd9}","eventID":"13","version":"2","level":"4","task":"13","opcode":"0","keywords":"0x8000000000000000","systemTime":"2026-10-02T03:06:47.8540818Z","eventRecordID":"11464","processID":"2140","threadID":"4056","channel":"Microsoft-Windows-Sysmon/Operational","computer":"WIN10-01.SOC-LAB.LOCAL","severityValue":"INFORMATION","message":"\"Registry value set:\r\nRuleName: -\r\nEventType: SetValue\r\nUtcTime: 2026-10-02 03:06:47.832\r\nProcessGuid: {e12a69d9-1fc5-6abf-d700-000000001700}\r\nProcessId: 7028\r\nImage: C:\\Users\\nam.user\\AppData\\Local\\Microsoft\\OneDrive\\OneDrive.exe\r\nTargetObject: HKU\\S-1-5-21-1324826322-2293316327-2538204677-1108_Classes\\Directory\\Background\\shellex\\ContextMenuHandlers\\ FileSyncEx\\(Default)\r\nDetails: {CB3D0F55-BC2C-4C1A-85ED-23ED75B5106B}\r\nUser: SOC-LAB\\nam.user\""},"eventdata":{"eventType":"SetValue","utcTime":"2026-10-02 03:06:47.832","processGuid":"{e12a69d9-1fc5-6abf-d700-000000001700}","processId":"7028","image":"C:\\\\Users\\\\nam.user\\\\AppData\\\\Local\\\\Microsoft\\\\OneDrive\\\\OneDrive.exe","targetObject":"HKU\\\\S-1-5-21-1324826322-2293316327-2538204677-1108_Classes\\\\Directory\\\\Background\\\\shellex\\\\ContextMenuHandlers\\\\ FileSyncEx\\\\(Default)","details":"{CB3D0F55-BC2C-4C1A-85ED-23ED75B5106B}","user":"SOC-LAB\\\\nam.user"}}},"location":"EventChannel"}
{"timestamp":"2026-10-02T03:06:51.766+0000","agent":{"id":"001","name":"SOC-WIN10","ip":"192.168.50.20"},"manager":{"name":"soc-wazuh"},"id":"1790910411.319068","full_log":"{\"win\":{\"system\":{\"providerName\":\"Microsoft-Windows-Sysmon\",\"providerGuid\":\"{5770385f-c22a-43e0-bf4c-06f5698ffbd9}\",\"eventID\":\"13\",\"version\":\"2\",\"level\":\"4\",\"task\":\"13\",\"opcode\":\"0\",\"keywords\":\"0x8000000000000000\",\"systemTime\":\"2026-10-02T03:06:47.8541473Z\",\"eventRecordID\":\"11465\",\"processID\":\"2140\",\"threadID\":\"4056\",\"channel\":\"Microsoft-Windows-Sysmon/Operational\",\"computer\":\"WIN10-01.SOC-LAB.LOCAL\",\"severityValue\":\"INFORMATION\",\"message\":\"\\\"Registry value set:\\r\\nRuleName: -\\r\\nEventType: SetValue\\r\\nUtcTime: 2026-10-02 03:06:47.832\\r\\nProcessGuid: {e12a69d9-1fc5-6abf-d700-000000001700}\\r\\nProcessId: 7028\\r\\nImage: C:\\\\Users\\\\nam.user\\\\AppData\\\\Local\\\\Microsoft\\\\OneDrive\\\\OneDrive.exe\\r\\nTargetObject: HKU\\\\S-1-5-21-1324826322-2293316327-2538204677-1108_Classes\\\\Directory\\\\shellex\\\\ContextMenuHandlers\\\\ FileSyncEx\\\\(Default)\\r\\nDetails: {CB3D0F55-BC2C-4C1A-85ED-23ED75B5106B}\\r\\nUser: SOC-LAB\\\\nam.user\\\"\"},\"eventdata\":{\"eventType\":\"SetValue\",\"utcTime\":\"2026-10-02 03:06:47.832\",\"processGuid\":\"{e12a69d9-1fc5-6abf-d700-000000001700}\",\"processId\":\"7028\",\"image\":\"C:\\\\\\\\Users\\\\\\\\nam.user\\\\\\\\AppData\\\\\\\\Local\\\\\\\\Microsoft\\\\\\\\OneDrive\\\\\\\\OneDrive.exe\",\"targetObject\":\"HKU\\\\\\\\S-1-5-21-1324826322-2293316327-2538204677-1108_Classes\\\\\\\\Directory\\\\\\\\shellex\\\\\\\\ContextMenuHandlers\\\\\\\\ FileSyncEx\\\\\\\\(Default)\",\"details\":\"{CB3D0F55-BC2C-4C1A-85ED-23ED75B5106B}\",\"user\":\"SOC-LAB\\\\\\\\nam.user\"}}}","decoder":{"name":"windows_eventchannel"},"data":{"win":{"system":{"providerName":"Microsoft-Windows-Sysmon","providerGuid":"{5770385f-c22a-43e0-bf4c-06f5698ffbd9}","eventID":"13","version":"2","level":"4","task":"13","opcode":"0","keywords":"0x8000000000000000","systemTime":"2026-10-02T03:06:47.8541473Z","eventRecordID":"11465","processID":"2140","threadID":"4056","channel":"Microsoft-Windows-Sysmon/Operational","computer":"WIN10-01.SOC-LAB.LOCAL","severityValue":"INFORMATION","message":"\"Registry value set:\r\nRuleName: -\r\nEventType: SetValue\r\nUtcTime: 2026-10-02 03:06:47.832\r\nProcessGuid: {e12a69d9-1fc5-6abf-d700-000000001700}\r\nProcessId: 7028\r\nImage: C:\\Users\\nam.user\\AppData\\Local\\Microsoft\\OneDrive\\OneDrive.exe\r\nTargetObject: HKU\\S-1-5-21-1324826322-2293316327-2538204677-1108_Classes\\Directory\\shellex\\ContextMenuHandlers\\ FileSyncEx\\(Default)\r\nDetails: {CB3D0F55-BC2C-4C1A-85ED-23ED75B5106B}\r\nUser: SOC-LAB\\nam.user\""},"eventdata":{"eventType":"SetValue","utcTime":"2026-10-02 03:06:47.832","processGuid":"{e12a69d9-1fc5-6abf-d700-000000001700}","processId":"7028","image":"C:\\\\Users\\\\nam.user\\\\AppData\\\\Local\\\\Microsoft\\\\OneDrive\\\\OneDrive.exe","targetObject":"HKU\\\\S-1-5-21-1324826322-2293316327-2538204677-1108_Classes\\\\Directory\\\\shellex\\\\ContextMenuHandlers\\\\ FileSyncEx\\\\(Default)","details":"{CB3D0F55-BC2C-4C1A-85ED-23ED75B5106B}","user":"SOC-LAB\\\\nam.user"}}},"location":"EventChannel"}
{"timestamp":"2026-10-02T03:06:51.930+0000","agent":{"id":"001","name":"SOC-WIN10","ip":"192.168.50.20"},"manager":{"name":"soc-wazuh"},"id":"1790910411.319068","full_log":"{\"win\":{\"system\":{\"providerName\":\"Microsoft-Windows-Sysmon\",\"providerGuid\":\"{5770385f-c22a-43e0-bf4c-06f5698ffbd9}\",\"eventID\":\"13\",\"version\":\"2\",\"level\":\"4\",\"task\":\"13\",\"opcode\":\"0\",\"keywords\":\"0x8000000000000000\",\"systemTime\":\"2026-10-02T03:06:47.8542125Z\",\"eventRecordID\":\"11466\",\"processID\":\"2140\",\"threadID\":\"4056\",\"channel\":\"Microsoft-Windows-Sysmon/Operational\",\"computer\":\"WIN10-01.SOC-LAB.LOCAL\",\"severityValue\":\"INFORMATION\",\"message\":\"\\\"Registry value set:\\r\\nRuleName: -\\r\\nEventType: SetValue\\r\\nUtcTime: 2026-10-02 03:06:47.832\\r\\nProcessGuid: {e12a69d9-1fc5-6abf-d700-000000001700}\\r\\nProcessId: 7028\\r\\nImage: C:\\\\Users\\\\nam.user\\\\AppData\\\\Local\\\\Microsoft\\\\OneDrive\\\\OneDrive.exe\\r\\nTargetObject: HKU\\\\S-1-5-21-1324826322-2293316327-2538204677-1108_Classes\\\\Directory\\\\shellex\\\\ContextMenuHandlers\\\\ FileSyncEx\\\\(Default)\\r\\nDetails: {CB3D0F55-BC2C-4C1A-85ED-23ED75B5106B}\\r\\nUser: SOC-LAB\\\\nam.user\\\"\"},\"eventdata\":{\"eventType\":\"SetValue\",\"utcTime\":\"2026-10-02 03:06:47.832\",\"processGuid\":\"{e12a69d9-1fc5-6abf-d700-000000001700}\",\"processId\":\"7028\",\"image\":\"C:\\\\\\\\Users\\\\\\\\nam.user\\\\\\\\AppData\\\\\\\\Local\\\\\\\\Microsoft\\\\\\\\OneDrive\\\\\\\\OneDrive.exe\",\"targetObject\":\"HKU\\\\\\\\S-1-5-21-1324826322-2293316327-2538204677-1108_Classes\\\\\\\\Directory\\\\\\\\shellex\\\\\\\\ContextMenuHandlers\\\\\\\\ FileSyncEx\\\\\\\\(Default)\",\"details\":\"{CB3D0F55-BC2C-4C1A-85ED-23ED75B5106B}\",\"user\":\"SOC-LAB\\\\\\\\nam.user\"}}}","decoder":{"name":"windows_eventchannel"},"data":{"win":{"system":{"providerName":"Microsoft-Windows-Sysmon","providerGuid":"{5770385f-c22a-43e0-bf4c-06f5698ffbd9}","eventID":"13","version":"2","level":"4","task":"13","opcode":"0","keywords":"0x8000000000000000","systemTime":"2026-10-02T03:06:47.8542125Z","eventRecordID":"11466","processID":"2140","threadID":"4056","channel":"Microsoft-Windows-Sysmon/Operational","computer":"WIN10-01.SOC-LAB.LOCAL","severityValue":"INFORMATION","message":"\"Registry value set:\r\nRuleName: -\r\nEventType: SetValue\r\nUtcTime: 2026-10-02 03:06:47.832\r\nProcessGuid: {e12a69d9-1fc5-6abf-d700-000000001700}\r\nProcessId: 7028\r\nImage: C:\\Users\\nam.user\\AppData\\Local\\Microsoft\\OneDrive\\OneDrive.exe\r\nTargetObject: HKU\\S-1-5-21-1324826322-2293316327-2538204677-1108_Classes\\Directory\\shellex\\ContextMenuHandlers\\ FileSyncEx\\(Default)\r\nDetails: {CB3D0F55-BC2C-4C1A-85ED-23ED75B5106B}\r\nUser: SOC-LAB\\nam.user\""},"eventdata":{"eventType":"SetValue","utcTime":"2026-10-02 03:06:47.832","processGuid":"{e12a69d9-1fc5-6abf-d700-000000001700}","processId":"7028","image":"C:\\\\Users\\\\nam.user\\\\AppData\\\\Local\\\\Microsoft\\\\OneDrive\\\\OneDrive.exe","targetObject":"HKU\\\\S-1-5-21-1324826322-2293316327-2538204677-1108_Classes\\\\Directory\\\\shellex\\\\ContextMenuHandlers\\\\ FileSyncEx\\\\(Default)","details":"{CB3D0F55-BC2C-4C1A-85ED-23ED75B5106B}","user":"SOC-LAB\\\\nam.user"}}},"location":"EventChannel"}
{"timestamp":"2026-10-02T03:06:52.004+0000","agent":{"id":"001","name":"SOC-WIN10","ip":"192.168.50.20"},"manager":{"name":"soc-wazuh"},"id":"1790910412.319068","full_log":"{\"win\":{\"system\":{\"providerName\":\"Microsoft-Windows-Sysmon\",\"providerGuid\":\"{5770385f-c22a-43e0-bf4c-06f5698ffbd9}\",\"eventID\":\"13\",\"version\":\"2\",\"level\":\"4\",\"task\":\"13\",\"opcode\":\"0\",\"keywords\":\"0x8000000000000000\",\"systemTime\":\"2026-10-02T03:06:47.8542932Z\",\"eventRecordID\":\"11467\",\"processID\":\"2140\",\"threadID\":\"4056\",\"channel\":\"Microsoft-Windows-Sysmon/Operational\",\"computer\":\"WIN10-01.SOC-LAB.LOCAL\",\"severityValue\":\"INFORMATION\",\"message\":\"\\\"Registry value set:\\r\\nRuleName: -\\r\\nEventType: SetValue\\r\\nUtcTime: 2026-10-02 03:06:47.832\\r\\nProcessGuid: {e12a69d9-1fc5-6abf-d700-000000001700}\\r\\nProcessId: 7028\\r\\nImage: C:\\\\Users\\\\nam.user\\\\AppData\\\\Local\\\\Microsoft\\\\OneDrive\\\\OneDrive.exe\\r\\nTargetObject: HKU\\\\S-1-5-21-1324826322-2293316327-2538204677-1108_Classes\\\\IE.AssocFile.URL\\\\shellex\\\\ContextMenuHandlers\\\\ FileSyncEx\\\\(Default)\\r\\nDetails: {CB3D0F55-BC2C-4C1A-85ED-23ED75B5106B}\\r\\nUser: SOC-LAB\\\\nam.user\\\"\"},\"eventdata\":{\"eventType\":\"SetValue\",\"utcTime\":\"2026-10-02 03:06:47.832\",\"processGuid\":\"{e12a69d9-1fc5-6abf-d700-000000001700}\",\"processId\":\"7028\",\"image\":\"C:\\\\\\\\Users\\\\\\\\nam.user\\\\\\\\AppData\\\\\\\\Local\\\\\\\\Microsoft\\\\\\\\OneDrive\\\\\\\\OneDrive.exe\",\"targetObject\":\"HKU\\\\\\\\S-1-5-21-1324826322-2293316327-2538204677-1108_Classes\\\\\\\\IE.AssocFile.URL\\\\\\\\shellex\\\\\\\\ContextMenuHandlers\\\\\\\\ FileSyncEx\\\\\\\\(Default)\",\"details\":\"{CB3D0F55-BC2C-4C1A-85ED-23ED75B5106B}\",\"user\":\"SOC-LAB\\\\\\\\nam.user\"}}}","decoder":{"name":"windows_eventchannel"},"data":{"win":{"system":{"providerName":"Microsoft-Windows-Sysmon","providerGuid":"{5770385f-c22a-43e0-bf4c-06f5698ffbd9}","eventID":"13","version":"2","level":"4","task":"13","opcode":"0","keywords":"0x8000000000000000","systemTime":"2026-10-02T03:06:47.8542932Z","eventRecordID":"11467","processID":"2140","threadID":"4056","channel":"Microsoft-Windows-Sysmon/Operational","computer":"WIN10-01.SOC-LAB.LOCAL","severityValue":"INFORMATION","message":"\"Registry value set:\r\nRuleName: -\r\nEventType: SetValue\r\nUtcTime: 2026-10-02 03:06:47.832\r\nProcessGuid: {e12a69d9-1fc5-6abf-d700-000000001700}\r\nProcessId: 7028\r\nImage: C:\\Users\\nam.user\\AppData\\Local\\Microsoft\\OneDrive\\OneDrive.exe\r\nTargetObject: HKU\\S-1-5-21-1324826322-2293316327-2538204677-1108_Classes\\IE.AssocFile.URL\\shellex\\ContextMenuHandlers\\ FileSyncEx\\(Default)\r\nDetails: {CB3D0F55-BC2C-4C1A-85ED-23ED75B5106B}\r\nUser: SOC-LAB\\nam.user\""},"eventdata":{"eventType":"SetValue","utcTime":"2026-10-02 03:06:47.832","processGuid":"{e12a69d9-1fc5-6abf-d700-000000001700}","processId":"7028","image":"C:\\\\Users\\\\nam.user\\\\AppData\\\\Local\\\\Microsoft\\\\OneDrive\\\\OneDrive.exe","targetObject":"HKU\\\\S-1-5-21-1324826322-2293316327-2538204677-1108_Classes\\\\IE.AssocFile.URL\\\\shellex\\\\ContextMenuHandlers\\\\ FileSyncEx\\\\(Default)","details":"{CB3D0F55-BC2C-4C1A-85ED-23ED75B5106B}","user":"SOC-LAB\\\\nam.user"}}},"location":"EventChannel"}
{"timestamp":"2026-10-02T03:06:52.221+0000","agent":{"id":"001","name":"SOC-WIN10","ip":"192.168.50.20"},"manager":{"name":"soc-wazuh"},"id":"1790910412.319068","full_log":"{\"win\":{\"system\":{\"providerName\":\"Microsoft-Windows-Sysmon\",\"providerGuid\":\"{5770385f-c22a-43e0-bf4c-06f5698ffbd9}\",\"eventID\":\"13\",\"version\":\"2\",\"level\":\"4\",\"task\":\"13\",\"opcode\":\"0\",\"keywords\":\"0x8000000000000000\",\"systemTime\":\"2026-10-02T03:06:47.8543688Z\",\"eventRecordID\":\"11468\",\"processID\":\"2140\",\"threadID\":\"4056\",\"channel\":\"Microsoft-Windows-Sysmon/Operational\",\"computer\":\"WIN10-01.SOC-LAB.LOCAL\",\"severityValue\":\"INFORMATION\",\"message\":\"\\\"Registry value set:\\r\\nRuleName: -\\r\\nEventType: SetValue\\r\\nUtcTime: 2026-10-02 03:06:47.832\\r\\nProcessGuid: {e12a69d9-1fc5-6abf-d700-000000001700}\\r\\nProcessId: 7028\\r\\nImage: C:\\\\Users\\\\nam.user\\\\AppData\\\\Local\\\\Microsoft\\\\OneDrive\\\\OneDrive.exe\\r\\nTargetObject: HKU\\\\S-1-5-21-1324826322-2293316327-2538204677-1108_Classes\\\\IE.AssocFile.URL\\\\shellex\\\\ContextMenuHandlers\\\\ FileSyncEx\\\\(Default)\\r\\nDetails: {CB3D0F55-BC2C-4C1A-85ED-23ED75B5106B}\\r\\nUser: SOC-LAB\\\\nam.user\\\"\"},\"eventdata\":{\"eventType\":\"SetValue\",\"utcTime\":\"2026-10-02 03:06:47.832\",\"processGuid\":\"{e12a69d9-1fc5-6abf-d700-000000001700}\",\"processId\":\"7028\",\"image\":\"C:\\\\\\\\Users\\\\\\\\nam.user\\\\\\\\AppData\\\\\\\\Local\\\\\\\\Microsoft\\\\\\\\OneDrive\\\\\\\\OneDrive.exe\",\"targetObject\":\"HKU\\\\\\\\S-1-5-21-1324826322-2293316327-2538204677-1108_Classes\\\\\\\\IE.AssocFile.URL\\\\\\\\shellex\\\\\\\\ContextMenuHandlers\\\\\\\\ FileSyncEx\\\\\\\\(Default)\",\"details\":\"{CB3D0F55-BC2C-4C1A-85ED-23ED75B5106B}\",\"user\":\"SOC-LAB\\\\\\\\nam.user\"}}}","decoder":{"name":"windows_eventchannel"},"data":{"win":{"system":{"providerName":"Microsoft-Windows-Sysmon","providerGuid":"{5770385f-c22a-43e0-bf4c-06f5698ffbd9}","eventID":"13","version":"2","level":"4","task":"13","opcode":"0","keywords":"0x8000000000000000","systemTime":"2026-10-02T03:06:47.8543688Z","eventRecordID":"11468","processID":"2140","threadID":"4056","channel":"Microsoft-Windows-Sysmon/Operational","computer":"WIN10-01.SOC-LAB.LOCAL","severityValue":"INFORMATION","message":"\"Registry value set:\r\nRuleName: -\r\nEventType: SetValue\r\nUtcTime: 2026-10-02 03:06:47.832\r\nProcessGuid: {e12a69d9-1fc5-6abf-d700-000000001700}\r\nProcessId: 7028\r\nImage: C:\\Users\\nam.user\\AppData\\Local\\Microsoft\\OneDrive\\OneDrive.exe\r\nTargetObject: HKU\\S-1-5-21-1324826322-2293316327-2538204677-1108_Classes\\IE.AssocFile.URL\\shellex\\ContextMenuHandlers\\ FileSyncEx\\(Default)\r\nDetails: {CB3D0F55-BC2C-4C1A-85ED-23ED75B5106B}\r\nUser: SOC-LAB\\nam.user\""},"eventdata":{"eventType":"SetValue","utcTime":"2026-10-02 03:06:47.832","processGuid":"{e12a69d9-1fc5-6abf-d700-000000001700}","processId":"7028","image":"C:\\\\Users\\\\nam.user\\\\AppData\\\\Local\\\\Microsoft\\\\OneDrive\\\\OneDrive.exe","targetObject":"HKU\\\\S-1-5-21-1324826322-2293316327-2538204677-1108_Classes\\\\IE.AssocFile.URL\\\\shellex\\\\ContextMenuHandlers\\\\ FileSyncEx\\\\(Default)","details":"{CB3D0F55-BC2C-4C1A-85ED-23ED75B5106B}","user":"SOC-LAB\\\\nam.user"}}},"location":"EventChannel"}
{"timestamp":"2026-10-02T03:06:52.332+0000","agent":{"id":"001","name":"SOC-WIN10","ip":"192.168.50.20"},"manager":{"name":"soc-wazuh"},"id":"1790910412.319068","full_log":"{\"win\":{\"system\":{\"providerName\":\"Microsoft-Windows-Sysmon\",\"providerGuid\":\"{5770385f-c22a-43e0-bf4c-06f5698ffbd9}\",\"eventID\":\"13\",\"version\":\"2\",\"level\":\"4\",\"task\":\"13\",\"opcode\":\"0\",\"keywords\":\"0x8000000000000000\",\"systemTime\":\"2026-10-02T03:06:47.8544395Z\",\"eventRecordID\":\"11469\",\"processID\":\"2140\",\"threadID\":\"4056\",\"channel\":\"Microsoft-Windows-Sysmon/Operational\",\"computer\":\"WIN10-01.SOC-LAB.LOCAL\",\"severityValue\":\"INFORMATION\",\"message\":\"\\\"Registry value set:\\r\\nRuleName: -\\r\\nEventType: SetValue\\r\\nUtcTime: 2026-10-02 03:06:47.832\\r\\nProcessGuid: {e12a69d9-1fc5-6abf-d700-000000001700}\\r\\nProcessId: 7028\\r\\nImage: C:\\\\Users\\\\nam.user\\\\AppData\\\\Local\\\\Microsoft\\\\OneDrive\\\\OneDrive.exe\\r\\nTargetObject: HKU\\\\S-1-5-21-1324826322-2293316327-2538204677-1108_Classes\\\\lnkfile\\\\shellex\\\\ContextMenuHandlers\\\\ FileSyncEx\\\\(Default)\\r\\nDetails: {CB3D0F55-BC2C-4C1A-85ED-23ED75B5106B}\\r\\nUser: SOC-LAB\\\\nam.user\\\"\"},\"eventdata\":{\"eventType\":\"SetValue\",\"utcTime\":\"2026-10-02 03:06:47.832\",\"processGuid\":\"{e12a69d9-1fc5-6abf-d700-000000001700}\",\"processId\":\"7028\",\"image\":\"C:\\\\\\\\Users\\\\\\\\nam.user\\\\\\\\AppData\\\\\\\\Local\\\\\\\\Microsoft\\\\\\\\OneDrive\\\\\\\\OneDrive.exe\",\"targetObject\":\"HKU\\\\\\\\S-1-5-21-1324826322-2293316327-2538204677-1108_Classes\\\\\\\\lnkfile\\\\\\\\shellex\\\\\\\\ContextMenuHandlers\\\\\\\\ FileSyncEx\\\\\\\\(Default)\",\"details\":\"{CB3D0F55-BC2C-4C1A-85ED-23ED75B5106B}\",\"user\":\"SOC-LAB\\\\\\\\nam.user\"}}}","decoder":{"name":"windows_eventchannel"},"data":{"win":{"system":{"providerName":"Microsoft-Windows-Sysmon","providerGuid":"{5770385f-c22a-43e0-bf4c-06f5698ffbd9}","eventID":"13","version":"2","level":"4","task":"13","opcode":"0","keywords":"0x8000000000000000","systemTime":"2026-10-02T03:06:47.8544395Z","eventRecordID":"11469","processID":"2140","threadID":"4056","channel":"Microsoft-Windows-Sysmon/Operational","computer":"WIN10-01.SOC-LAB.LOCAL","severityValue":"INFORMATION","message":"\"Registry value set:\r\nRuleName: -\r\nEventType: SetValue\r\nUtcTime: 2026-10-02 03:06:47.832\r\nProcessGuid: {e12a69d9-1fc5-6abf-d700-000000001700}\r\nProcessId: 7028\r\nImage: C:\\Users\\nam.user\\AppData\\Local\\Microsoft\\OneDrive\\OneDrive.exe\r\nTargetObject: HKU\\S-1-5-21-1324826322-2293316327-2538204677-1108_Classes\\lnkfile\\shellex\\ContextMenuHandlers\\ FileSyncEx\\(Default)\r\nDetails: {CB3D0F55-BC2C-4C1A-85ED-23ED75B5106B}\r\nUser: SOC-LAB\\nam.user\""},"eventdata":{"eventType":"SetValue","utcTime":"2026-10-02 03:06:47.832","processGuid":"{e12a69d9-1fc5-6abf-d700-000000001700}","processId":"7028","image":"C:\\\\Users\\\\nam.user\\\\AppData\\\\Local\\\\Microsoft\\\\OneDrive\\\\OneDrive.exe","targetObject":"HKU\\\\S-1-5-21-1324826322-2293316327-2538204677-1108_Classes\\\\lnkfile\\\\shellex\\\\ContextMenuHandlers\\\\ FileSyncEx\\\\(Default)","details":"{CB3D0F55-BC2C-4C1A-85ED-23ED75B5106B}","user":"SOC-LAB\\\\nam.user"}}},"location":"EventChannel"}
{"timestamp":"2026-10-02T03:06:52.407+0000","agent":{"id":"001","name":"SOC-WIN10","ip":"192.168.50.20"},"manager":{"name":"soc-wazuh"},"id":"1790910412.319068","full_log":"{\"win\":{\"system\":{\"providerName\":\"Microsoft-Windows-Sysmon\",\"providerGuid\":\"{5770385f-c22a-43e0-bf4c-06f5698ffbd9}\",\"eventID\":\"13\",\"version\":\"2\",\"level\":\"4\",\"task\":\"13\",\"opcode\":\"0\",\"keywords\":\"0x8000000000000000\",\"systemTime\":\"2026-10-02T03:06:47.8545104Z\",\"eventRecordID\":\"11470\",\"processID\":\"2140\",\"threadID\":\"4056\",\"channel\":\"Microsoft-Windows-Sysmon/Operational\",\"computer\":\"WIN10-01.SOC-LAB.LOCAL\",\"severityValue\":\"INFORMATION\",\"message\":\"\\\"Registry value set:\\r\\nRuleName: -\\r\\nEventType: SetValue\\r\\nUtcTime: 2026-10-02 03:06:47.832\\r\\nProcessGuid: {e12a69d9-1fc5-6abf-d700-000000001700}\\r\\nProcessId: 7028\\r\\nImage: C:\\\\Users\\\\nam.user\\\\AppData\\\\Local\\\\Microsoft\\\\OneDrive\\\\OneDrive.exe\\r\\nTargetObject: HKU\\\\S-1-5-21-1324826322-2293316327-2538204677-1108_Classes\\\\lnkfile\\\\shellex\\\\ContextMenuHandlers\\\\ FileSyncEx\\\\(Default)\\r\\nDetails: {CB3D0F55-BC2C-4C1A-85ED-23ED75B5106B}\\r\\nUser: SOC-LAB\\\\nam.user\\\"\"},\"eventdata\":{\"eventType\":\"SetValue\",\"utcTime\":\"2026-10-02 03:06:47.832\",\"processGuid\":\"{e12a69d9-1fc5-6abf-d700-000000001700}\",\"processId\":\"7028\",\"image\":\"C:\\\\\\\\Users\\\\\\\\nam.user\\\\\\\\AppData\\\\\\\\Local\\\\\\\\Microsoft\\\\\\\\OneDrive\\\\\\\\OneDrive.exe\",\"targetObject\":\"HKU\\\\\\\\S-1-5-21-1324826322-2293316327-2538204677-1108_Classes\\\\\\\\lnkfile\\\\\\\\shellex\\\\\\\\ContextMenuHandlers\\\\\\\\ FileSyncEx\\\\\\\\(Default)\",\"details\":\"{CB3D0F55-BC2C-4C1A-85ED-23ED75B5106B}\",\"user\":\"SOC-LAB\\\\\\\\nam.user\"}}}","decoder":{"name":"windows_eventchannel"},"data":{"win":{"system":{"providerName":"Microsoft-Windows-Sysmon","providerGuid":"{5770385f-c22a-43e0-bf4c-06f5698ffbd9}","eventID":"13","version":"2","level":"4","task":"13","opcode":"0","keywords":"0x8000000000000000","systemTime":"2026-10-02T03:06:47.8545104Z","eventRecordID":"11470","processID":"2140","threadID":"4056","channel":"Microsoft-Windows-Sysmon/Operational","computer":"WIN10-01.SOC-LAB.LOCAL","severityValue":"INFORMATION","message":"\"Registry value set:\r\nRuleName: -\r\nEventType: SetValue\r\nUtcTime: 2026-10-02 03:06:47.832\r\nProcessGuid: {e12a69d9-1fc5-6abf-d700-000000001700}\r\nProcessId: 7028\r\nImage: C:\\Users\\nam.user\\AppData\\Local\\Microsoft\\OneDrive\\OneDrive.exe\r\nTargetObject: HKU\\S-1-5-21-1324826322-2293316327-2538204677-1108_Classes\\lnkfile\\shellex\\ContextMenuHandlers\\ FileSyncEx\\(Default)\r\nDetails: {CB3D0F55-BC2C-4C1A-85ED-23ED75B5106B}\r\nUser: SOC-LAB\\nam.user\""},"eventdata":{"eventType":"SetValue","utcTime":"2026-10-02 03:06:47.832","processGuid":"{e12a69d9-1fc5-6abf-d700-000000001700}","processId":"7028","image":"C:\\\\Users\\\\nam.user\\\\AppData\\\\Local\\\\Microsoft\\\\OneDrive\\\\OneDrive.exe","targetObject":"HKU\\\\S-1-5-21-1324826322-2293316327-2538204677-1108_Classes\\\\lnkfile\\\\shellex\\\\ContextMenuHandlers\\\\ FileSyncEx\\\\(Default)","details":"{CB3D0F55-BC2C-4C1A-85ED-23ED75B5106B}","user":"SOC-LAB\\\\nam.user"}}},"location":"EventChannel"}
{"timestamp":"2026-10-02T03:06:52.477+0000","agent":{"id":"001","name":"SOC-WIN10","ip":"192.168.50.20"},"manager":{"name":"soc-wazuh"},"id":"1790910412.319068","full_log":"{\"win\":{\"system\":{\"providerName\":\"Microsoft-Windows-Sysmon\",\"providerGuid\":\"{5770385f-c22a-43e0-bf4c-06f5698ffbd9}\",\"eventID\":\"13\",\"version\":\"2\",\"level\":\"4\",\"task\":\"13\",\"opcode\":\"0\",\"keywords\":\"0x8000000000000000\",\"systemTime\":\"2026-10-02T03:06:47.8664816Z\",\"eventRecordID\":\"11471\",\"processID\":\"2140\",\"threadID\":\"4056\",\"channel\":\"Microsoft-Windows-Sysmon/Operational\",\"computer\":\"WIN10-01.SOC-LAB.LOCAL\",\"severityValue\":\"INFORMATION\",\"message\":\"\\\"Registry value set:\\r\\nRuleName: T1122\\r\\nEventType: SetValue\\r\\nUtcTime: 2026-10-02 03:06:47.847\\r\\nProcessGuid: {e12a69d9-1fc5-6abf-d700-000000001700}\\r\\nProcessId: 7028\\r\\nImage: C:\\\\Users\\\\nam.user\\\\AppData\\\\Local\\\\Microsoft\\\\OneDrive\\\\OneDrive.exe\\r\\nTargetObject: HKU\\\\S-1-5-21-1324826322-2293316327-2538204677-1108_Classes\\\\WOW6432Node\\\\CLSID\\\\{4410DC33-BC7C-496B-AA84-4AEA3EEE75F7}\\\\InProcServer32\\\\(Default)\\r\\nDetails: C:\\\\Users\\\\nam.user\\\\AppData\\\\Local\\\\Microsoft\\\\OneDrive\\\\26.168.0830.0006\\\\i386\\\\FileCoAuthLib.dll\\r\\nUser: SOC-LAB\\\\nam.user\\\"\"},\"eventdata\":{\"ruleName\":\"T1122\",\"eventType\":\"SetValue\",\"utcTime\":\"2026-10-02 03:06:47.847\",\"processGuid\":\"{e12a69d9-1fc5-6abf-d700-000000001700}\",\"processId\":\"7028\",\"image\":\"C:\\\\\\\\Users\\\\\\\\nam.user\\\\\\\\AppData\\\\\\\\Local\\\\\\\\Microsoft\\\\\\\\OneDrive\\\\\\\\OneDrive.exe\",\"targetObject\":\"HKU\\\\\\\\S-1-5-21-1324826322-2293316327-2538204677-1108_Classes\\\\\\\\WOW6432Node\\\\\\\\CLSID\\\\\\\\{4410DC33-BC7C-496B-AA84-4AEA3EEE75F7}\\\\\\\\InProcServer32\\\\\\\\(Default)\",\"details\":\"C:\\\\\\\\Users\\\\\\\\nam.user\\\\\\\\AppData\\\\\\\\Local\\\\\\\\Microsoft\\\\\\\\OneDrive\\\\\\\\26.168.0830.0006\\\\\\\\i386\\\\\\\\FileCoAuthLib.dll\",\"user\":\"SOC-LAB\\\\\\\\nam.user\"}}}","decoder":{"name":"windows_eventchannel"},"data":{"win":{"system":{"providerName":"Microsoft-Windows-Sysmon","providerGuid":"{5770385f-c22a-43e0-bf4c-06f5698ffbd9}","eventID":"13","version":"2","level":"4","task":"13","opcode":"0","keywords":"0x8000000000000000","systemTime":"2026-10-02T03:06:47.8664816Z","eventRecordID":"11471","processID":"2140","threadID":"4056","channel":"Microsoft-Windows-Sysmon/Operational","computer":"WIN10-01.SOC-LAB.LOCAL","severityValue":"INFORMATION","message":"\"Registry value set:\r\nRuleName: T1122\r\nEventType: SetValue\r\nUtcTime: 2026-10-02 03:06:47.847\r\nProcessGuid: {e12a69d9-1fc5-6abf-d700-000000001700}\r\nProcessId: 7028\r\nImage: C:\\Users\\nam.user\\AppData\\Local\\Microsoft\\OneDrive\\OneDrive.exe\r\nTargetObject: HKU\\S-1-5-21-1324826322-2293316327-2538204677-1108_Classes\\WOW6432Node\\CLSID\\{4410DC33-BC7C-496B-AA84-4AEA3EEE75F7}\\InProcServer32\\(Default)\r\nDetails: C:\\Users\\nam.user\\AppData\\Local\\Microsoft\\OneDrive\\26.168.0830.0006\\i386\\FileCoAuthLib.dll\r\nUser: SOC-LAB\\nam.user\""},"eventdata":{"ruleName":"T1122","eventType":"SetValue","utcTime":"2026-10-02 03:06:47.847","processGuid":"{e12a69d9-1fc5-6abf-d700-000000001700}","processId":"7028","image":"C:\\\\Users\\\\nam.user\\\\AppData\\\\Local\\\\Microsoft\\\\OneDrive\\\\OneDrive.exe","targetObject":"HKU\\\\S-1-5-21-1324826322-2293316327-2538204677-1108_Classes\\\\WOW6432Node\\\\CLSID\\\\{4410DC33-BC7C-496B-AA84-4AEA3EEE75F7}\\\\InProcServer32\\\\(Default)","details":"C:\\\\Users\\\\nam.user\\\\AppData\\\\Local\\\\Microsoft\\\\OneDrive\\\\26.168.0830.0006\\\\i386\\\\FileCoAuthLib.dll","user":"SOC-LAB\\\\nam.user"}}},"location":"EventChannel"}
{"timestamp":"2026-10-02T03:06:52.545+0000","agent":{"id":"001","name":"SOC-WIN10","ip":"192.168.50.20"},"manager":{"name":"soc-wazuh"},"id":"1790910412.319068","full_log":"{\"win\":{\"system\":{\"providerName\":\"Microsoft-Windows-Sysmon\",\"providerGuid\":\"{5770385f-c22a-43e0-bf4c-06f5698ffbd9}\",\"eventID\":\"13\",\"version\":\"2\",\"level\":\"4\",\"task\":\"13\",\"opcode\":\"0\",\"keywords\":\"0x8000000000000000\",\"systemTime\":\"2026-10-02T03:06:47.9324539Z\",\"eventRecordID\":\"11472\",\"processID\":\"2140\",\"threadID\":\"4056\",\"channel\":\"Microsoft-Windows-Sysmon/Operational\",\"computer\":\"WIN10-01.SOC-LAB.LOCAL\",\"severityValue\":\"INFORMATION\",\"message\":\"\\\"Registry value set:\\r\\nRuleName: T1122\\r\\nEventType: SetValue\\r\\nUtcTime: 2026-10-02 03:06:47.910\\r\\nProcessGuid: {e12a69d9-1fc5-6abf-d700-000000001700}\\r\\nProcessId: 7028\\r\\nImage: C:\\\\Users\\\\nam.user\\\\AppData\\\\Local\\\\Microsoft\\\\OneDrive\\\\OneDrive.exe\\r\\nTargetObject: HKU\\\\S-1-5-21-1324826322-2293316327-2538204677-1108_Classes\\\\CLSID\\\\{4410DC33-BC7C-496B-AA84-4AEA3EEE75F7}\\\\InProcServer32\\\\(Default)\\r\\nDetails: C:\\\\Users\\\\nam.user\\\\AppData\\\\Local\\\\Microsoft\\\\OneDrive\\\\26.168.0830.0006\\\\FileCoAuthLib64.dll\\r\\nUser: SOC-LAB\\\\nam.user\\\"\"},\"eventdata\":{\"ruleName\":\"T1122\",\"eventType\":\"SetValue\",\"utcTime\":\"2026-10-02 03:06:47.910\",\"processGuid\":\"{e12a69d9-1fc5-6abf-d700-000000001700}\",\"processId\":\"7028\",\"image\":\"C:\\\\\\\\Users\\\\\\\\nam.user\\\\\\\\AppData\\\\\\\\Local\\\\\\\\Microsoft\\\\\\\\OneDrive\\\\\\\\OneDrive.exe\",\"targetObject\":\"HKU\\\\\\\\S-1-5-21-1324826322-2293316327-2538204677-1108_Classes\\\\\\\\CLSID\\\\\\\\{4410DC33-BC7C-496B-AA84-4AEA3EEE75F7}\\\\\\\\InProcServer32\\\\\\\\(Default)\",\"details\":\"C:\\\\\\\\Users\\\\\\\\nam.user\\\\\\\\AppData\\\\\\\\Local\\\\\\\\Microsoft\\\\\\\\OneDrive\\\\\\\\26.168.0830.0006\\\\\\\\FileCoAuthLib64.dll\",\"user\":\"SOC-LAB\\\\\\\\nam.user\"}}}","decoder":{"name":"windows_eventchannel"},"data":{"win":{"system":{"providerName":"Microsoft-Windows-Sysmon","providerGuid":"{5770385f-c22a-43e0-bf4c-06f5698ffbd9}","eventID":"13","version":"2","level":"4","task":"13","opcode":"0","keywords":"0x8000000000000000","systemTime":"2026-10-02T03:06:47.9324539Z","eventRecordID":"11472","processID":"2140","threadID":"4056","channel":"Microsoft-Windows-Sysmon/Operational","computer":"WIN10-01.SOC-LAB.LOCAL","severityValue":"INFORMATION","message":"\"Registry value set:\r\nRuleName: T1122\r\nEventType: SetValue\r\nUtcTime: 2026-10-02 03:06:47.910\r\nProcessGuid: {e12a69d9-1fc5-6abf-d700-000000001700}\r\nProcessId: 7028\r\nImage: C:\\Users\\nam.user\\AppData\\Local\\Microsoft\\OneDrive\\OneDrive.exe\r\nTargetObject: HKU\\S-1-5-21-1324826322-2293316327-2538204677-1108_Classes\\CLSID\\{4410DC33-BC7C-496B-AA84-4AEA3EEE75F7}\\InProcServer32\\(Default)\r\nDetails: C:\\Users\\nam.user\\AppData\\Local\\Microsoft\\OneDrive\\26.168.0830.0006\\FileCoAuthLib64.dll\r\nUser: SOC-LAB\\nam.user\""},"eventdata":{"ruleName":"T1122","eventType":"SetValue","utcTime":"2026-10-02 03:06:47.910","processGuid":"{e12a69d9-1fc5-6abf-d700-000000001700}","processId":"7028","image":"C:\\\\Users\\\\nam.user\\\\AppData\\\\Local\\\\Microsoft\\\\OneDrive\\\\OneDrive.exe","targetObject":"HKU\\\\S-1-5-21-1324826322-2293316327-2538204677-1108_Classes\\\\CLSID\\\\{4410DC33-BC7C-496B-AA84-4AEA3EEE75F7}\\\\InProcServer32\\\\(Default)","details":"C:\\\\Users\\\\nam.user\\\\AppData\\\\Local\\\\Microsoft\\\\OneDrive\\\\26.168.0830.0006\\\\FileCoAuthLib64.dll","user":"SOC-LAB\\\\nam.user"}}},"location":"EventChannel"}
{"timestamp":"2026-10-02T03:06:52.582+0000","agent":{"id":"001","name":"SOC-WIN10","ip":"192.168.50.20"},"manager":{"name":"soc-wazuh"},"id":"1790910412.319068","full_log":"{\"win\":{\"system\":{\"providerName\":\"Microsoft-Windows-Sysmon\",\"providerGuid\":\"{5770385f-c22a-43e0-bf4c-06f5698ffbd9}\",\"eventID\":\"13\",\"version\":\"2\",\"level\":\"4\",\"task\":\"13\",\"opcode\":\"0\",\"keywords\":\"0x8000000000000000\",\"systemTime\":\"2026-10-02T03:06:48.0096304Z\",\"eventRecordID\":\"11473\",\"processID\":\"2140\",\"threadID\":\"4056\",\"channel\":\"Microsoft-Windows-Sysmon/Operational\",\"computer\":\"WIN10-01.SOC-LAB.LOCAL\",\"severityValue\":\"INFORMATION\",\"message\":\"\\\"Registry value set:\\r\\nRuleName: T1042\\r\\nEventType: SetValue\\r\\nUtcTime: 2026-10-02 03:06:47.972\\r\\nProcessGuid: {e12a69d9-1fc5-6abf-d700-000000001700}\\r\\nProcessId: 7028\\r\\nImage: C:\\\\Users\\\\nam.user\\\\AppData\\\\Local\\\\Microsoft\\\\OneDrive\\\\OneDrive.exe\\r\\nTargetObject: HKU\\\\S-1-5-21-1324826322-2293316327-2538204677-1108_Classes\\\\odopen\\\\shell\\\\open\\\\command\\\\(Default)\\r\\nDetails: \\\"C:\\\\Users\\\\nam.user\\\\AppData\\\\Local\\\\Microsoft\\\\OneDrive\\\\OneDrive.exe\\\" /url:\\\"Incorrect function.\\\"\\r\\nUser: SOC-LAB\\\\nam.user\\\"\"},\"eventdata\":{\"ruleName\":\"T1042\",\"eventType\":\"SetValue\",\"utcTime\":\"2026-10-02 03:06:47.972\",\"processGuid\":\"{e12a69d9-1fc5-6abf-d700-000000001700}\",\"processId\":\"7028\",\"image\":\"C:\\\\\\\\Users\\\\\\\\nam.user\\\\\\\\AppData\\\\\\\\Local\\\\\\\\Microsoft\\\\\\\\OneDrive\\\\\\\\OneDrive.exe\",\"targetObject\":\"HKU\\\\\\\\S-1-5-21-1324826322-2293316327-2538204677-1108_Classes\\\\\\\\odopen\\\\\\\\shell\\\\\\\\open\\\\\\\\command\\\\\\\\(Default)\",\"details\":\"\\\\\\\"C:\\\\\\\\Users\\\\\\\\nam.user\\\\\\\\AppData\\\\\\\\Local\\\\\\\\Microsoft\\\\\\\\OneDrive\\\\\\\\OneDrive.exe\\\\\\\" /url:\\\\\\\"%%1\\\\\\\"\",\"user\":\"SOC-LAB\\\\\\\\nam.user\"}}}","decoder":{"name":"windows_eventchannel"},"data":{"win":{"system":{"providerName":"Microsoft-Windows-Sysmon","providerGuid":"{5770385f-c22a-43e0-bf4c-06f5698ffbd9}","eventID":"13","version":"2","level":"4","task":"13","opcode":"0","keywords":"0x8000000000000000","systemTime":"2026-10-02T03:06:48.0096304Z","eventRecordID":"11473","processID":"2140","threadID":"4056","channel":"Microsoft-Windows-Sysmon/Operational","computer":"WIN10-01.SOC-LAB.LOCAL","severityValue":"INFORMATION","message":"\"Registry value set:\r\nRuleName: T1042\r\nEventType: SetValue\r\nUtcTime: 2026-10-02 03:06:47.972\r\nProcessGuid: {e12a69d9-1fc5-6abf-d700-000000001700}\r\nProcessId: 7028\r\nImage: C:\\Users\\nam.user\\AppData\\Local\\Microsoft\\OneDrive\\OneDrive.exe\r\nTargetObject: HKU\\S-1-5-21-1324826322-2293316327-2538204677-1108_Classes\\odopen\\shell\\open\\command\\(Default)\r\nDetails: \"C:\\Users\\nam.user\\AppData\\Local\\Microsoft\\OneDrive\\OneDrive.exe\" /url:\"Incorrect function.\"\r\nUser: SOC-LAB\\nam.user\""},"eventdata":{"ruleName":"T1042","eventType":"SetValue","utcTime":"2026-10-02 03:06:47.972","processGuid":"{e12a69d9-1fc5-6abf-d700-000000001700}","processId":"7028","image":"C:\\\\Users\\\\nam.user\\\\AppData\\\\Local\\\\Microsoft\\\\OneDrive\\\\OneDrive.exe","targetObject":"HKU\\\\S-1-5-21-1324826322-2293316327-2538204677-1108_Classes\\\\odopen\\\\shell\\\\open\\\\command\\\\(Default)","details":"\\\"C:\\\\Users\\\\nam.user\\\\AppData\\\\Local\\\\Microsoft\\\\OneDrive\\\\OneDrive.exe\\\" /url:\\\"%%1\\\"","user":"SOC-LAB\\\\nam.user"}}},"location":"EventChannel"}
{"timestamp":"2026-10-02T03:06:52.621+0000","agent":{"id":"001","name":"SOC-WIN10","ip":"192.168.50.20"},"manager":{"name":"soc-wazuh"},"id":"1790910412.319068","full_log":"{\"win\":{\"system\":{\"providerName\":\"Microsoft-Windows-Sysmon\",\"providerGuid\":\"{5770385f-c22a-43e0-bf4c-06f5698ffbd9}\",\"eventID\":\"13\",\"version\":\"2\",\"level\":\"4\",\"task\":\"13\",\"opcode\":\"0\",\"keywords\":\"0x8000000000000000\",\"systemTime\":\"2026-10-02T03:06:48.0096911Z\",\"eventRecordID\":\"11474\",\"processID\":\"2140\",\"threadID\":\"4056\",\"channel\":\"Microsoft-Windows-Sysmon/Operational\",\"computer\":\"WIN10-01.SOC-LAB.LOCAL\",\"severityValue\":\"INFORMATION\",\"message\":\"\\\"Registry value set:\\r\\nRuleName: T1042\\r\\nEventType: SetValue\\r\\nUtcTime: 2026-10-02 03:06:47.972\\r\\nProcessGuid: {e12a69d9-1fc5-6abf-d700-000000001700}\\r\\nProcessId: 7028\\r\\nImage: C:\\\\Users\\\\nam.user\\\\AppData\\\\Local\\\\Microsoft\\\\OneDrive\\\\OneDrive.exe\\r\\nTargetObject: HKU\\\\S-1-5-21-1324826322-2293316327-2538204677-1108_Classes\\\\odopen\\\\shell\\\\open\\\\command\\\\(Default)\\r\\nDetails: \\\"C:\\\\Users\\\\nam.user\\\\AppData\\\\Local\\\\Microsoft\\\\OneDrive\\\\OneDrive.exe\\\" /url:\\\"Incorrect function.\\\"\\r\\nUser: SOC-LAB\\\\nam.user\\\"\"},\"eventdata\":{\"ruleName\":\"T1042\",\"eventType\":\"SetValue\",\"utcTime\":\"2026-10-02 03:06:47.972\",\"processGuid\":\"{e12a69d9-1fc5-6abf-d700-000000001700}\",\"processId\":\"7028\",\"image\":\"C:\\\\\\\\Users\\\\\\\\nam.user\\\\\\\\AppData\\\\\\\\Local\\\\\\\\Microsoft\\\\\\\\OneDrive\\\\\\\\OneDrive.exe\",\"targetObject\":\"HKU\\\\\\\\S-1-5-21-1324826322-2293316327-2538204677-1108_Classes\\\\\\\\odopen\\\\\\\\shell\\\\\\\\open\\\\\\\\command\\\\\\\\(Default)\",\"details\":\"\\\\\\\"C:\\\\\\\\Users\\\\\\\\nam.user\\\\\\\\AppData\\\\\\\\Local\\\\\\\\Microsoft\\\\\\\\OneDrive\\\\\\\\OneDrive.exe\\\\\\\" /url:\\\\\\\"%%1\\\\\\\"\",\"user\":\"SOC-LAB\\\\\\\\nam.user\"}}}","decoder":{"name":"windows_eventchannel"},"data":{"win":{"system":{"providerName":"Microsoft-Windows-Sysmon","providerGuid":"{5770385f-c22a-43e0-bf4c-06f5698ffbd9}","eventID":"13","version":"2","level":"4","task":"13","opcode":"0","keywords":"0x8000000000000000","systemTime":"2026-10-02T03:06:48.0096911Z","eventRecordID":"11474","processID":"2140","threadID":"4056","channel":"Microsoft-Windows-Sysmon/Operational","computer":"WIN10-01.SOC-LAB.LOCAL","severityValue":"INFORMATION","message":"\"Registry value set:\r\nRuleName: T1042\r\nEventType: SetValue\r\nUtcTime: 2026-10-02 03:06:47.972\r\nProcessGuid: {e12a69d9-1fc5-6abf-d700-000000001700}\r\nProcessId: 7028\r\nImage: C:\\Users\\nam.user\\AppData\\Local\\Microsoft\\OneDrive\\OneDrive.exe\r\nTargetObject: HKU\\S-1-5-21-1324826322-2293316327-2538204677-1108_Classes\\odopen\\shell\\open\\command\\(Default)\r\nDetails: \"C:\\Users\\nam.user\\AppData\\Local\\Microsoft\\OneDrive\\OneDrive.exe\" /url:\"Incorrect function.\"\r\nUser: SOC-LAB\\nam.user\""},"eventdata":{"ruleName":"T1042","eventType":"SetValue","utcTime":"2026-10-02 03:06:47.972","processGuid":"{e12a69d9-1fc5-6abf-d700-000000001700}","processId":"7028","image":"C:\\\\Users\\\\nam.user\\\\AppData\\\\Local\\\\Microsoft\\\\OneDrive\\\\OneDrive.exe","targetObject":"HKU\\\\S-1-5-21-1324826322-2293316327-2538204677-1108_Classes\\\\odopen\\\\shell\\\\open\\\\command\\\\(Default)","details":"\\\"C:\\\\Users\\\\nam.user\\\\AppData\\\\Local\\\\Microsoft\\\\OneDrive\\\\OneDrive.exe\\\" /url:\\\"%%1\\\"","user":"SOC-LAB\\\\nam.user"}}},"location":"EventChannel"}
{"timestamp":"2026-10-02T03:06:52.666+0000","agent":{"id":"001","name":"SOC-WIN10","ip":"192.168.50.20"},"manager":{"name":"soc-wazuh"},"id":"1790910412.319068","full_log":"{\"win\":{\"system\":{\"providerName\":\"Microsoft-Windows-Sysmon\",\"providerGuid\":\"{5770385f-c22a-43e0-bf4c-06f5698ffbd9}\",\"eventID\":\"13\",\"version\":\"2\",\"level\":\"4\",\"task\":\"13\",\"opcode\":\"0\",\"keywords\":\"0x8000000000000000\",\"systemTime\":\"2026-10-02T03:06:48.0098655Z\",\"eventRecordID\":\"11475\",\"processID\":\"2140\",\"threadID\":\"4056\",\"channel\":\"Microsoft-Windows-Sysmon/Operational\",\"computer\":\"WIN10-01.SOC-LAB.LOCAL\",\"severityValue\":\"INFORMATION\",\"message\":\"\\\"Registry value set:\\r\\nRuleName: T1042\\r\\nEventType: SetValue\\r\\nUtcTime: 2026-10-02 03:06:47.972\\r\\nProcessGuid: {e12a69d9-1fc5-6abf-d700-000000001700}\\r\\nProcessId: 7028\\r\\nImage: C:\\\\Users\\\\nam.user\\\\AppData\\\\Local\\\\Microsoft\\\\OneDrive\\\\OneDrive.exe\\r\\nTargetObject: HKU\\\\S-1-5-21-1324826322-2293316327-2538204677-1108_Classes\\\\grvopen\\\\shell\\\\open\\\\command\\\\(Default)\\r\\nDetails: \\\"C:\\\\Users\\\\nam.user\\\\AppData\\\\Local\\\\Microsoft\\\\OneDrive\\\\OneDrive.exe\\\" /url:\\\"Incorrect function.\\\"\\r\\nUser: SOC-LAB\\\\nam.user\\\"\"},\"eventdata\":{\"ruleName\":\"T1042\",\"eventType\":\"SetValue\",\"utcTime\":\"2026-10-02 03:06:47.972\",\"processGuid\":\"{e12a69d9-1fc5-6abf-d700-000000001700}\",\"processId\":\"7028\",\"image\":\"C:\\\\\\\\Users\\\\\\\\nam.user\\\\\\\\AppData\\\\\\\\Local\\\\\\\\Microsoft\\\\\\\\OneDrive\\\\\\\\OneDrive.exe\",\"targetObject\":\"HKU\\\\\\\\S-1-5-21-1324826322-2293316327-2538204677-1108_Classes\\\\\\\\grvopen\\\\\\\\shell\\\\\\\\open\\\\\\\\command\\\\\\\\(Default)\",\"details\":\"\\\\\\\"C:\\\\\\\\Users\\\\\\\\nam.user\\\\\\\\AppData\\\\\\\\Local\\\\\\\\Microsoft\\\\\\\\OneDrive\\\\\\\\OneDrive.exe\\\\\\\" /url:\\\\\\\"%%1\\\\\\\"\",\"user\":\"SOC-LAB\\\\\\\\nam.user\"}}}","decoder":{"name":"windows_eventchannel"},"data":{"win":{"system":{"providerName":"Microsoft-Windows-Sysmon","providerGuid":"{5770385f-c22a-43e0-bf4c-06f5698ffbd9}","eventID":"13","version":"2","level":"4","task":"13","opcode":"0","keywords":"0x8000000000000000","systemTime":"2026-10-02T03:06:48.0098655Z","eventRecordID":"11475","processID":"2140","threadID":"4056","channel":"Microsoft-Windows-Sysmon/Operational","computer":"WIN10-01.SOC-LAB.LOCAL","severityValue":"INFORMATION","message":"\"Registry value set:\r\nRuleName: T1042\r\nEventType: SetValue\r\nUtcTime: 2026-10-02 03:06:47.972\r\nProcessGuid: {e12a69d9-1fc5-6abf-d700-000000001700}\r\nProcessId: 7028\r\nImage: C:\\Users\\nam.user\\AppData\\Local\\Microsoft\\OneDrive\\OneDrive.exe\r\nTargetObject: HKU\\S-1-5-21-1324826322-2293316327-2538204677-1108_Classes\\grvopen\\shell\\open\\command\\(Default)\r\nDetails: \"C:\\Users\\nam.user\\AppData\\Local\\Microsoft\\OneDrive\\OneDrive.exe\" /url:\"Incorrect function.\"\r\nUser: SOC-LAB\\nam.user\""},"eventdata":{"ruleName":"T1042","eventType":"SetValue","utcTime":"2026-10-02 03:06:47.972","processGuid":"{e12a69d9-1fc5-6abf-d700-000000001700}","processId":"7028","image":"C:\\\\Users\\\\nam.user\\\\AppData\\\\Local\\\\Microsoft\\\\OneDrive\\\\OneDrive.exe","targetObject":"HKU\\\\S-1-5-21-1324826322-2293316327-2538204677-1108_Classes\\\\grvopen\\\\shell\\\\open\\\\command\\\\(Default)","details":"\\\"C:\\\\Users\\\\nam.user\\\\AppData\\\\Local\\\\Microsoft\\\\OneDrive\\\\OneDrive.exe\\\" /url:\\\"%%1\\\"","user":"SOC-LAB\\\\nam.user"}}},"location":"EventChannel"}
{"timestamp":"2026-10-02T03:06:52.690+0000","agent":{"id":"001","name":"SOC-WIN10","ip":"192.168.50.20"},"manager":{"name":"soc-wazuh"},"id":"1790910412.319068","full_log":"{\"win\":{\"system\":{\"providerName\":\"Microsoft-Windows-Sysmon\",\"providerGuid\":\"{5770385f-c22a-43e0-bf4c-06f5698ffbd9}\",\"eventID\":\"13\",\"version\":\"2\",\"level\":\"4\",\"task\":\"13\",\"opcode\":\"0\",\"keywords\":\"0x8000000000000000\",\"systemTime\":\"2026-10-02T03:06:48.0099177Z\",\"eventRecordID\":\"11476\",\"processID\":\"2140\",\"threadID\":\"4056\",\"channel\":\"Microsoft-Windows-Sysmon/Operational\",\"computer\":\"WIN10-01.SOC-LAB.LOCAL\",\"severityValue\":\"INFORMATION\",\"message\":\"\\\"Registry value set:\\r\\nRuleName: T1042\\r\\nEventType: SetValue\\r\\nUtcTime: 2026-10-02 03:06:47.972\\r\\nProcessGuid: {e12a69d9-1fc5-6abf-d700-000000001700}\\r\\nProcessId: 7028\\r\\nImage: C:\\\\Users\\\\nam.user\\\\AppData\\\\Local\\\\Microsoft\\\\OneDrive\\\\OneDrive.exe\\r\\nTargetObject: HKU\\\\S-1-5-21-1324826322-2293316327-2538204677-1108_Classes\\\\grvopen\\\\shell\\\\open\\\\command\\\\(Default)\\r\\nDetails: \\\"C:\\\\Users\\\\nam.user\\\\AppData\\\\Local\\\\Microsoft\\\\OneDrive\\\\OneDrive.exe\\\" /url:\\\"Incorrect function.\\\"\\r\\nUser: SOC-LAB\\\\nam.user\\\"\"},\"eventdata\":{\"ruleName\":\"T1042\",\"eventType\":\"SetValue\",\"utcTime\":\"2026-10-02 03:06:47.972\",\"processGuid\":\"{e12a69d9-1fc5-6abf-d700-000000001700}\",\"processId\":\"7028\",\"image\":\"C:\\\\\\\\Users\\\\\\\\nam.user\\\\\\\\AppData\\\\\\\\Local\\\\\\\\Microsoft\\\\\\\\OneDrive\\\\\\\\OneDrive.exe\",\"targetObject\":\"HKU\\\\\\\\S-1-5-21-1324826322-2293316327-2538204677-1108_Classes\\\\\\\\grvopen\\\\\\\\shell\\\\\\\\open\\\\\\\\command\\\\\\\\(Default)\",\"details\":\"\\\\\\\"C:\\\\\\\\Users\\\\\\\\nam.user\\\\\\\\AppData\\\\\\\\Local\\\\\\\\Microsoft\\\\\\\\OneDrive\\\\\\\\OneDrive.exe\\\\\\\" /url:\\\\\\\"%%1\\\\\\\"\",\"user\":\"SOC-LAB\\\\\\\\nam.user\"}}}","decoder":{"name":"windows_eventchannel"},"data":{"win":{"system":{"providerName":"Microsoft-Windows-Sysmon","providerGuid":"{5770385f-c22a-43e0-bf4c-06f5698ffbd9}","eventID":"13","version":"2","level":"4","task":"13","opcode":"0","keywords":"0x8000000000000000","systemTime":"2026-10-02T03:06:48.0099177Z","eventRecordID":"11476","processID":"2140","threadID":"4056","channel":"Microsoft-Windows-Sysmon/Operational","computer":"WIN10-01.SOC-LAB.LOCAL","severityValue":"INFORMATION","message":"\"Registry value set:\r\nRuleName: T1042\r\nEventType: SetValue\r\nUtcTime: 2026-10-02 03:06:47.972\r\nProcessGuid: {e12a69d9-1fc5-6abf-d700-000000001700}\r\nProcessId: 7028\r\nImage: C:\\Users\\nam.user\\AppData\\Local\\Microsoft\\OneDrive\\OneDrive.exe\r\nTargetObject: HKU\\S-1-5-21-1324826322-2293316327-2538204677-1108_Classes\\grvopen\\shell\\open\\command\\(Default)\r\nDetails: \"C:\\Users\\nam.user\\AppData\\Local\\Microsoft\\OneDrive\\OneDrive.exe\" /url:\"Incorrect function.\"\r\nUser: SOC-LAB\\nam.user\""},"eventdata":{"ruleName":"T1042","eventType":"SetValue","utcTime":"2026-10-02 03:06:47.972","processGuid":"{e12a69d9-1fc5-6abf-d700-000000001700}","processId":"7028","image":"C:\\\\Users\\\\nam.user\\\\AppData\\\\Local\\\\Microsoft\\\\OneDrive\\\\OneDrive.exe","targetObject":"HKU\\\\S-1-5-21-1324826322-2293316327-2538204677-1108_Classes\\\\grvopen\\\\shell\\\\open\\\\command\\\\(Default)","details":"\\\"C:\\\\Users\\\\nam.user\\\\AppData\\\\Local\\\\Microsoft\\\\OneDrive\\\\OneDrive.exe\\\" /url:\\\"%%1\\\"","user":"SOC-LAB\\\\nam.user"}}},"location":"EventChannel"}
