{"timestamp":"2026-10-02T04:50:16.988+0000","agent":{"id":"001","name":"SOC-WIN10","ip":"192.168.50.20"},"manager":{"name":"soc-wazuh"},"id":"1790916616.1000875","full_log":"{\"win\":{\"system\":{\"providerName\":\"Microsoft-Windows-Sysmon\",\"providerGuid\":\"{5770385f-c22a-43e0-bf4c-06f5698ffbd9}\",\"eventID\":\"1\",\"version\":\"5\",\"level\":\"4\",\"task\":\"1\",\"opcode\":\"0\",\"keywords\":\"0x8000000000000000\",\"systemTime\":\"2026-10-02T04:50:15.0174503Z\",\"eventRecordID\":\"12476\",\"processID\":\"2140\",\"threadID\":\"4056\",\"channel\":\"Microsoft-Windows-Sysmon/Operational\",\"computer\":\"WIN10-01.SOC-LAB.LOCAL\",\"severityValue\":\"INFORMATION\",\"message\":\"\\\"Process Create:\\r\\nRuleName: -\\r\\nUtcTime: 2026-10-02 04:50:15.011\\r\\nProcessGuid: {e12a69d9-3807-6abf-f302-000000001700}\\r\\nProcessId: 8200\\r\\nImage: C:\\\\Windows\\\\System32\\\\gpupdate.exe\\r\\nFileVersion: 10.0.19041.5678 (WinBuild.160101.0800)\\r\\nDescription: Microsoft® Group Policy Update Utility\\r\\nProduct: Microsoft® Windows® Operating System\\r\\nCompany: Microsoft Corporation\\r\\nOriginalFileName: GPUpdate.exe\\r\\nCommandLine: \\\"gpupdate.exe\\\" /target:computer\\r\\nCurrentDirectory: C:\\\\Windows\\\\system32\\\\\\r\\nUser: NT AUTHORITY\\\\NETWORK SERVICE\\r\\nLogonGuid: {e12a69d9-1f98-6abf-e403-000000000000}\\r\\nLogonId: 0x3E4\\r\\nTerminalSessionId: 0\\r\\nIntegrityLevel: System\\r\\nHashes: MD5=36EB267112E434030A1A4F667B65D004,SHA256=72A87094D1B806BC95B2CB9ADDC5AC6CDC58A7DFF764DAD1FEA79A7E1A035DA9,IMPHASH=D2466CD4C38ECEF8AAB0EE78B79FC8B8\\r\\nParentProcessGuid: {e12a69d9-1f98-6abf-1700-000000001700}\\r\\nParentProcessId: 988\\r\\nParentImage: C:\\\\Windows\\\\System32\\\\svchost.exe\\r\\nParentCommandLine: C:\\\\Windows\\\\system32\\\\svchost.exe -k netsvcs -p\\r\\nParentUser: NT AUTHORITY\\\\SYSTEM\\\"\"},\"eventdata\":{\"utcTime\":\"2026-10-02 04:50:15.011\",\"processGuid\":\"{e12a69d9-3807-6abf-f302-000000001700}\",\"processId\":\"8200\",\"image\":\"C:\\\\\\\\Windows\\\\\\\\System32\\\\\\\\gpupdate.exe\",\"fileVersion\":\"10.0.19041.5678 (WinBuild.160101.0800)\",\"description\":\"Microsoft® Group Policy Update Utility\",\"product\":\"Microsoft® Windows® Operating System\",\"company\":\"Microsoft Corporation\",\"originalFileName\":\"GPUpdate.exe\",\"commandLine\":\"\\\\\\\"gpupdate.exe\\\\\\\" /target:computer\",\"currentDirectory\":\"C:\\\\\\\\Windows\\\\\\\\system32\\\\\\\\\",\"user\":\"NT AUTHORITY\\\\\\\\NETWORK SERVICE\",\"logonGuid\":\"{e12a69d9-1f98-6abf-e403-000000000000}\",\"logonId\":\"0x3e4\",\"terminalSessionId\":\"0\",\"integrityLevel\":\"System\",\"hashes\":\"MD5=36EB267112E434030A1A4F667B65D004,SHA256=72A87094D1B806BC95B2CB9ADDC5AC6CDC58A7DFF764DAD1FEA79A7E1A035DA9,IMPHASH=D2466CD4C38ECEF8AAB0EE78B79FC8B8\",\"parentProcessGuid\":\"{e12a69d9-1f98-6abf-1700-000000001700}\",\"parentProcessId\":\"988\",\"parentImage\":\"C:\\\\\\\\Windows\\\\\\\\System32\\\\\\\\svchost.exe\",\"parentCommandLine\":\"C:\\\\\\\\Windows\\\\\\\\system32\\\\\\\\svchost.exe -k netsvcs -p\",\"parentUser\":\"NT AUTHORITY\\\\\\\\SYSTEM\"}}}","decoder":{"name":"windows_eventchannel"},"data":{"win":{"system":{"providerName":"Microsoft-Windows-Sysmon","providerGuid":"{5770385f-c22a-43e0-bf4c-06f5698ffbd9}","eventID":"1","version":"5","level":"4","task":"1","opcode":"0","keywords":"0x8000000000000000","systemTime":"2026-10-02T04:50:15.0174503Z","eventRecordID":"12476","processID":"2140","threadID":"4056","channel":"Microsoft-Windows-Sysmon/Operational","computer":"WIN10-01.SOC-LAB.LOCAL","severityValue":"INFORMATION","message":"\"Process Create:\r\nRuleName: -\r\nUtcTime: 2026-10-02 04:50:15.011\r\nProcessGuid: {e12a69d9-3807-6abf-f302-000000001700}\r\nProcessId: 8200\r\nImage: C:\\Windows\\System32\\gpupdate.exe\r\nFileVersion: 10.0.19041.5678 (WinBuild.160101.0800)\r\nDescription: Microsoft® Group Policy Update Utility\r\nProduct: Microsoft® Windows® Operating System\r\nCompany: Microsoft Corporation\r\nOriginalFileName: GPUpdate.exe\r\nCommandLine: \"gpupdate.exe\" /target:computer\r\nCurrentDirectory: C:\\Windows\\system32\\\r\nUser: NT AUTHORITY\\NETWORK SERVICE\r\nLogonGuid: {e12a69d9-1f98-6abf-e403-000000000000}\r\nLogonId: 0x3E4\r\nTerminalSessionId: 0\r\nIntegrityLevel: System\r\nHashes: MD5=36EB267112E434030A1A4F667B65D004,SHA256=72A87094D1B806BC95B2CB9ADDC5AC6CDC58A7DFF764DAD1FEA79A7E1A035DA9,IMPHASH=D2466CD4C38ECEF8AAB0EE78B79FC8B8\r\nParentProcessGuid: {e12a69d9-1f98-6abf-1700-000000001700}\r\nParentProcessId: 988\r\nParentImage: C:\\Windows\\System32\\svchost.exe\r\nParentCommandLine: C:\\Windows\\system32\\svchost.exe -k netsvcs -p\r\nParentUser: NT AUTHORITY\\SYSTEM\""},"eventdata":{"utcTime":"2026-10-02 04:50:15.011","processGuid":"{e12a69d9-3807-6abf-f302-000000001700}","processId":"8200","image":"C:\\\\Windows\\\\System32\\\\gpupdate.exe","fileVersion":"10.0.19041.5678 (WinBuild.160101.0800)","description":"Microsoft® Group Policy Update Utility","product":"Microsoft® Windows® Operating System","company":"Microsoft Corporation","originalFileName":"GPUpdate.exe","commandLine":"\\\"gpupdate.exe\\\" /target:computer","currentDirectory":"C:\\\\Windows\\\\system32\\\\","user":"NT AUTHORITY\\\\NETWORK SERVICE","logonGuid":"{e12a69d9-1f98-6abf-e403-000000000000}","logonId":"0x3e4","terminalSessionId":"0","integrityLevel":"System","hashes":"MD5=36EB267112E434030A1A4F667B65D004,SHA256=72A87094D1B806BC95B2CB9ADDC5AC6CDC58A7DFF764DAD1FEA79A7E1A035DA9,IMPHASH=D2466CD4C38ECEF8AAB0EE78B79FC8B8","parentProcessGuid":"{e12a69d9-1f98-6abf-1700-000000001700}","parentProcessId":"988","parentImage":"C:\\\\Windows\\\\System32\\\\svchost.exe","parentCommandLine":"C:\\\\Windows\\\\system32\\\\svchost.exe -k netsvcs -p","parentUser":"NT AUTHORITY\\\\SYSTEM"}}},"location":"EventChannel"}
{"timestamp":"2026-10-02T04:50:29.064+0000","rule":{"level":5,"description":"Windows System error event","id":"61102","firedtimes":2,"mail":false,"groups":["windows","windows_system","system_error"],"gpg13":["4.3"],"gdpr":["IV_35.7.d"]},"agent":{"id":"001","name":"SOC-WIN10","ip":"192.168.50.20"},"manager":{"name":"soc-wazuh"},"id":"1790916629.1001302","full_log":"{\"win\":{\"system\":{\"providerName\":\"Microsoft-Windows-GroupPolicy\",\"providerGuid\":\"{aea1b4fa-97d1-45f2-a64c-4d69fffd92c9}\",\"eventID\":\"1129\",\"version\":\"0\",\"level\":\"2\",\"task\":\"0\",\"opcode\":\"0\",\"keywords\":\"0x8000000000000000\",\"systemTime\":\"2026-10-02T04:50:27.0862273Z\",\"eventRecordID\":\"2464\",\"processID\":\"988\",\"threadID\":\"3340\",\"channel\":\"System\",\"computer\":\"WIN10-01.SOC-LAB.LOCAL\",\"severityValue\":\"ERROR\",\"message\":\"\\\"The processing of Group Policy failed because of lack of network connectivity to a domain controller. This may be a transient condition. A success message would be generated once the machine gets connected to the domain controller and Group Policy has successfully processed. If you do not see a success message for several hours, then contact your administrator.\\\"\"},\"eventdata\":{\"supportInfo1\":\"1\",\"supportInfo2\":\"2200\",\"processingMode\":\"0\",\"processingTimeInMilliseconds\":\"12015\",\"errorCode\":\"1222\",\"errorDescription\":\"The network is not present or not started.\"}}}","decoder":{"name":"windows_eventchannel"},"data":{"win":{"system":{"providerName":"Microsoft-Windows-GroupPolicy","providerGuid":"{aea1b4fa-97d1-45f2-a64c-4d69fffd92c9}","eventID":"1129","version":"0","level":"2","task":"0","opcode":"0","keywords":"0x8000000000000000","systemTime":"2026-10-02T04:50:27.0862273Z","eventRecordID":"2464","processID":"988","threadID":"3340","channel":"System","computer":"WIN10-01.SOC-LAB.LOCAL","severityValue":"ERROR","message":"\"The processing of Group Policy failed because of lack of network connectivity to a domain controller. This may be a transient condition. A success message would be generated once the machine gets connected to the domain controller and Group Policy has successfully processed. If you do not see a success message for several hours, then contact your administrator.\""},"eventdata":{"supportInfo1":"1","supportInfo2":"2200","processingMode":"0","processingTimeInMilliseconds":"12015","errorCode":"1222","errorDescription":"The network is not present or not started."}}},"location":"EventChannel"}
{"timestamp":"2026-10-02T04:50:29.067+0000","agent":{"id":"001","name":"SOC-WIN10","ip":"192.168.50.20"},"manager":{"name":"soc-wazuh"},"id":"1790916629.1001302","full_log":"{\"win\":{\"system\":{\"providerName\":\"Microsoft-Windows-GroupPolicy\",\"providerGuid\":\"{aea1b4fa-97d1-45f2-a64c-4d69fffd92c9}\",\"eventID\":\"1500\",\"version\":\"0\",\"level\":\"4\",\"task\":\"0\",\"opcode\":\"1\",\"keywords\":\"0x8000000000000000\",\"systemTime\":\"2026-10-02T04:50:27.0881120Z\",\"eventRecordID\":\"2465\",\"processID\":\"988\",\"threadID\":\"3340\",\"channel\":\"System\",\"computer\":\"WIN10-01.SOC-LAB.LOCAL\",\"severityValue\":\"INFORMATION\",\"message\":\"\\\"The Group Policy settings for the computer were processed successfully. There were no changes detected since the last successful processing of Group Policy.\\\"\"},\"eventdata\":{\"supportInfo1\":\"1\",\"supportInfo2\":\"4446\",\"processingMode\":\"0\",\"processingTimeInMilliseconds\":\"12015\"}}}","decoder":{"name":"windows_eventchannel"},"data":{"win":{"system":{"providerName":"Microsoft-Windows-GroupPolicy","providerGuid":"{aea1b4fa-97d1-45f2-a64c-4d69fffd92c9}","eventID":"1500","version":"0","level":"4","task":"0","opcode":"1","keywords":"0x8000000000000000","systemTime":"2026-10-02T04:50:27.0881120Z","eventRecordID":"2465","processID":"988","threadID":"3340","channel":"System","computer":"WIN10-01.SOC-LAB.LOCAL","severityValue":"INFORMATION","message":"\"The Group Policy settings for the computer were processed successfully. There were no changes detected since the last successful processing of Group Policy.\""},"eventdata":{"supportInfo1":"1","supportInfo2":"4446","processingMode":"0","processingTimeInMilliseconds":"12015"}}},"location":"EventChannel"}
{"timestamp":"2026-10-02T04:51:57.549+0000","agent":{"id":"001","name":"SOC-WIN10","ip":"192.168.50.20"},"manager":{"name":"soc-wazuh"},"id":"1790916717.1006360","full_log":"{\"win\":{\"system\":{\"providerName\":\"Microsoft-Windows-Sysmon\",\"providerGuid\":\"{5770385f-c22a-43e0-bf4c-06f5698ffbd9}\",\"eventID\":\"1\",\"version\":\"5\",\"level\":\"4\",\"task\":\"1\",\"opcode\":\"0\",\"keywords\":\"0x8000000000000000\",\"systemTime\":\"2026-10-02T04:51:55.5886119Z\",\"eventRecordID\":\"12477\",\"processID\":\"2140\",\"threadID\":\"4056\",\"channel\":\"Microsoft-Windows-Sysmon/Operational\",\"computer\":\"WIN10-01.SOC-LAB.LOCAL\",\"severityValue\":\"INFORMATION\",\"message\":\"\\\"Process Create:\\r\\nRuleName: -\\r\\nUtcTime: 2026-10-02 04:51:55.585\\r\\nProcessGuid: {e12a69d9-386b-6abf-f502-000000001700}\\r\\nProcessId: 1744\\r\\nImage: C:\\\\Windows\\\\System32\\\\whoami.exe\\r\\nFileVersion: 10.0.19041.1 (WinBuild.160101.0800)\\r\\nDescription: whoami - displays logged on user information\\r\\nProduct: Microsoft® Windows® Operating System\\r\\nCompany: Microsoft Corporation\\r\\nOriginalFileName: whoami.exe\\r\\nCommandLine: \\\"C:\\\\Windows\\\\system32\\\\whoami.exe\\\"\\r\\nCurrentDirectory: C:\\\\Users\\\\nam.user\\\\\\r\\nUser: SOC-LAB\\\\nam.user\\r\\nLogonGuid: {e12a69d9-1fab-6abf-e90d-090000000000}\\r\\nLogonId: 0x90DE9\\r\\nTerminalSessionId: 1\\r\\nIntegrityLevel: Medium\\r\\nHashes: MD5=A4A6924F3EAF97981323703D38FD99C4,SHA256=1D4902A04D99E8CCBFE7085E63155955FEE397449D386453F6C452AE407B8743,IMPHASH=7FF0758B766F747CE57DFAC70743FB88\\r\\nParentProcessGuid: {e12a69d9-2170-6abf-5b01-000000001700}\\r\\nParentProcessId: 7604\\r\\nParentImage: C:\\\\Windows\\\\System32\\\\WindowsPowerShell\\\\v1.0\\\\powershell.exe\\r\\nParentCommandLine: \\\"C:\\\\Windows\\\\System32\\\\WindowsPowerShell\\\\v1.0\\\\powershell.exe\\\" \\r\\nParentUser: SOC-LAB\\\\nam.user\\\"\"},\"eventdata\":{\"utcTime\":\"2026-10-02 04:51:55.585\",\"processGuid\":\"{e12a69d9-386b-6abf-f502-000000001700}\",\"processId\":\"1744\",\"image\":\"C:\\\\\\\\Windows\\\\\\\\System32\\\\\\\\whoami.exe\",\"fileVersion\":\"10.0.19041.1 (WinBuild.160101.0800)\",\"description\":\"whoami - displays logged on user information\",\"product\":\"Microsoft® Windows® Operating System\",\"company\":\"Microsoft Corporation\",\"originalFileName\":\"whoami.exe\",\"commandLine\":\"\\\\\\\"C:\\\\\\\\Windows\\\\\\\\system32\\\\\\\\whoami.exe\\\\\\\"\",\"currentDirectory\":\"C:\\\\\\\\Users\\\\\\\\nam.user\\\\\\\\\",\"user\":\"SOC-LAB\\\\\\\\nam.user\",\"logonGuid\":\"{e12a69d9-1fab-6abf-e90d-090000000000}\",\"logonId\":\"0x90de9\",\"terminalSessionId\":\"1\",\"integrityLevel\":\"Medium\",\"hashes\":\"MD5=A4A6924F3EAF97981323703D38FD99C4,SHA256=1D4902A04D99E8CCBFE7085E63155955FEE397449D386453F6C452AE407B8743,IMPHASH=7FF0758B766F747CE57DFAC70743FB88\",\"parentProcessGuid\":\"{e12a69d9-2170-6abf-5b01-000000001700}\",\"parentProcessId\":\"7604\",\"parentImage\":\"C:\\\\\\\\Windows\\\\\\\\System32\\\\\\\\WindowsPowerShell\\\\\\\\v1.0\\\\\\\\powershell.exe\",\"parentCommandLine\":\"\\\\\\\"C:\\\\\\\\Windows\\\\\\\\System32\\\\\\\\WindowsPowerShell\\\\\\\\v1.0\\\\\\\\powershell.exe\\\\\\\"\",\"parentUser\":\"SOC-LAB\\\\\\\\nam.user\"}}}","decoder":{"name":"windows_eventchannel"},"data":{"win":{"system":{"providerName":"Microsoft-Windows-Sysmon","providerGuid":"{5770385f-c22a-43e0-bf4c-06f5698ffbd9}","eventID":"1","version":"5","level":"4","task":"1","opcode":"0","keywords":"0x8000000000000000","systemTime":"2026-10-02T04:51:55.5886119Z","eventRecordID":"12477","processID":"2140","threadID":"4056","channel":"Microsoft-Windows-Sysmon/Operational","computer":"WIN10-01.SOC-LAB.LOCAL","severityValue":"INFORMATION","message":"\"Process Create:\r\nRuleName: -\r\nUtcTime: 2026-10-02 04:51:55.585\r\nProcessGuid: {e12a69d9-386b-6abf-f502-000000001700}\r\nProcessId: 1744\r\nImage: C:\\Windows\\System32\\whoami.exe\r\nFileVersion: 10.0.19041.1 (WinBuild.160101.0800)\r\nDescription: whoami - displays logged on user information\r\nProduct: Microsoft® Windows® Operating System\r\nCompany: Microsoft Corporation\r\nOriginalFileName: whoami.exe\r\nCommandLine: \"C:\\Windows\\system32\\whoami.exe\"\r\nCurrentDirectory: C:\\Users\\nam.user\\\r\nUser: SOC-LAB\\nam.user\r\nLogonGuid: {e12a69d9-1fab-6abf-e90d-090000000000}\r\nLogonId: 0x90DE9\r\nTerminalSessionId: 1\r\nIntegrityLevel: Medium\r\nHashes: MD5=A4A6924F3EAF97981323703D38FD99C4,SHA256=1D4902A04D99E8CCBFE7085E63155955FEE397449D386453F6C452AE407B8743,IMPHASH=7FF0758B766F747CE57DFAC70743FB88\r\nParentProcessGuid: {e12a69d9-2170-6abf-5b01-000000001700}\r\nParentProcessId: 7604\r\nParentImage: C:\\Windows\\System32\\WindowsPowerShell\\v1.0\\powershell.exe\r\nParentCommandLine: \"C:\\Windows\\System32\\WindowsPowerShell\\v1.0\\powershell.exe\" \r\nParentUser: SOC-LAB\\nam.user\""},"eventdata":{"utcTime":"2026-10-02 04:51:55.585","processGuid":"{e12a69d9-386b-6abf-f502-000000001700}","processId":"1744","image":"C:\\\\Windows\\\\System32\\\\whoami.exe","fileVersion":"10.0.19041.1 (WinBuild.160101.0800)","description":"whoami - displays logged on user information","product":"Microsoft® Windows® Operating System","company":"Microsoft Corporation","originalFileName":"whoami.exe","commandLine":"\\\"C:\\\\Windows\\\\system32\\\\whoami.exe\\\"","currentDirectory":"C:\\\\Users\\\\nam.user\\\\","user":"SOC-LAB\\\\nam.user","logonGuid":"{e12a69d9-1fab-6abf-e90d-090000000000}","logonId":"0x90de9","terminalSessionId":"1","integrityLevel":"Medium","hashes":"MD5=A4A6924F3EAF97981323703D38FD99C4,SHA256=1D4902A04D99E8CCBFE7085E63155955FEE397449D386453F6C452AE407B8743,IMPHASH=7FF0758B766F747CE57DFAC70743FB88","parentProcessGuid":"{e12a69d9-2170-6abf-5b01-000000001700}","parentProcessId":"7604","parentImage":"C:\\\\Windows\\\\System32\\\\WindowsPowerShell\\\\v1.0\\\\powershell.exe","parentCommandLine":"\\\"C:\\\\Windows\\\\System32\\\\WindowsPowerShell\\\\v1.0\\\\powershell.exe\\\"","parentUser":"SOC-LAB\\\\nam.user"}}},"location":"EventChannel"}
{"timestamp":"2026-10-02T04:51:57.563+0000","agent":{"id":"001","name":"SOC-WIN10","ip":"192.168.50.20"},"manager":{"name":"soc-wazuh"},"id":"1790916717.1006360","full_log":"{\"win\":{\"system\":{\"providerName\":\"Microsoft-Windows-Sysmon\",\"providerGuid\":\"{5770385f-c22a-43e0-bf4c-06f5698ffbd9}\",\"eventID\":\"1\",\"version\":\"5\",\"level\":\"4\",\"task\":\"1\",\"opcode\":\"0\",\"keywords\":\"0x8000000000000000\",\"systemTime\":\"2026-10-02T04:51:55.6497607Z\",\"eventRecordID\":\"12478\",\"processID\":\"2140\",\"threadID\":\"4056\",\"channel\":\"Microsoft-Windows-Sysmon/Operational\",\"computer\":\"WIN10-01.SOC-LAB.LOCAL\",\"severityValue\":\"INFORMATION\",\"message\":\"\\\"Process Create:\\r\\nRuleName: -\\r\\nUtcTime: 2026-10-02 04:51:55.647\\r\\nProcessGuid: {e12a69d9-386b-6abf-f602-000000001700}\\r\\nProcessId: 2920\\r\\nImage: C:\\\\Windows\\\\System32\\\\HOSTNAME.EXE\\r\\nFileVersion: 10.0.19041.1 (WinBuild.160101.0800)\\r\\nDescription: Hostname APP\\r\\nProduct: Microsoft® Windows® Operating System\\r\\nCompany: Microsoft Corporation\\r\\nOriginalFileName: hostname.exe\\r\\nCommandLine: \\\"C:\\\\Windows\\\\system32\\\\HOSTNAME.EXE\\\"\\r\\nCurrentDirectory: C:\\\\Users\\\\nam.user\\\\\\r\\nUser: SOC-LAB\\\\nam.user\\r\\nLogonGuid: {e12a69d9-1fab-6abf-e90d-090000000000}\\r\\nLogonId: 0x90DE9\\r\\nTerminalSessionId: 1\\r\\nIntegrityLevel: Medium\\r\\nHashes: MD5=33AFAA43B84BDEAB12E02F9DBD2B2EE0,SHA256=A90C3FB350A11C6F6A6EFA9607987D924D1DE65E09CA9FAF2E0E0E00531EE335,IMPHASH=5CD891320C666621E9783444DB8CBA78\\r\\nParentProcessGuid: {e12a69d9-2170-6abf-5b01-000000001700}\\r\\nParentProcessId: 7604\\r\\nParentImage: C:\\\\Windows\\\\System32\\\\WindowsPowerShell\\\\v1.0\\\\powershell.exe\\r\\nParentCommandLine: \\\"C:\\\\Windows\\\\System32\\\\WindowsPowerShell\\\\v1.0\\\\powershell.exe\\\" \\r\\nParentUser: SOC-LAB\\\\nam.user\\\"\"},\"eventdata\":{\"utcTime\":\"2026-10-02 04:51:55.647\",\"processGuid\":\"{e12a69d9-386b-6abf-f602-000000001700}\",\"processId\":\"2920\",\"image\":\"C:\\\\\\\\Windows\\\\\\\\System32\\\\\\\\HOSTNAME.EXE\",\"fileVersion\":\"10.0.19041.1 (WinBuild.160101.0800)\",\"description\":\"Hostname APP\",\"product\":\"Microsoft® Windows® Operating System\",\"company\":\"Microsoft Corporation\",\"originalFileName\":\"hostname.exe\",\"commandLine\":\"\\\\\\\"C:\\\\\\\\Windows\\\\\\\\system32\\\\\\\\HOSTNAME.EXE\\\\\\\"\",\"currentDirectory\":\"C:\\\\\\\\Users\\\\\\\\nam.user\\\\\\\\\",\"user\":\"SOC-LAB\\\\\\\\nam.user\",\"logonGuid\":\"{e12a69d9-1fab-6abf-e90d-090000000000}\",\"logonId\":\"0x90de9\",\"terminalSessionId\":\"1\",\"integrityLevel\":\"Medium\",\"hashes\":\"MD5=33AFAA43B84BDEAB12E02F9DBD2B2EE0,SHA256=A90C3FB350A11C6F6A6EFA9607987D924D1DE65E09CA9FAF2E0E0E00531EE335,IMPHASH=5CD891320C666621E9783444DB8CBA78\",\"parentProcessGuid\":\"{e12a69d9-2170-6abf-5b01-000000001700}\",\"parentProcessId\":\"7604\",\"parentImage\":\"C:\\\\\\\\Windows\\\\\\\\System32\\\\\\\\WindowsPowerShell\\\\\\\\v1.0\\\\\\\\powershell.exe\",\"parentCommandLine\":\"\\\\\\\"C:\\\\\\\\Windows\\\\\\\\System32\\\\\\\\WindowsPowerShell\\\\\\\\v1.0\\\\\\\\powershell.exe\\\\\\\"\",\"parentUser\":\"SOC-LAB\\\\\\\\nam.user\"}}}","decoder":{"name":"windows_eventchannel"},"data":{"win":{"system":{"providerName":"Microsoft-Windows-Sysmon","providerGuid":"{5770385f-c22a-43e0-bf4c-06f5698ffbd9}","eventID":"1","version":"5","level":"4","task":"1","opcode":"0","keywords":"0x8000000000000000","systemTime":"2026-10-02T04:51:55.6497607Z","eventRecordID":"12478","processID":"2140","threadID":"4056","channel":"Microsoft-Windows-Sysmon/Operational","computer":"WIN10-01.SOC-LAB.LOCAL","severityValue":"INFORMATION","message":"\"Process Create:\r\nRuleName: -\r\nUtcTime: 2026-10-02 04:51:55.647\r\nProcessGuid: {e12a69d9-386b-6abf-f602-000000001700}\r\nProcessId: 2920\r\nImage: C:\\Windows\\System32\\HOSTNAME.EXE\r\nFileVersion: 10.0.19041.1 (WinBuild.160101.0800)\r\nDescription: Hostname APP\r\nProduct: Microsoft® Windows® Operating System\r\nCompany: Microsoft Corporation\r\nOriginalFileName: hostname.exe\r\nCommandLine: \"C:\\Windows\\system32\\HOSTNAME.EXE\"\r\nCurrentDirectory: C:\\Users\\nam.user\\\r\nUser: SOC-LAB\\nam.user\r\nLogonGuid: {e12a69d9-1fab-6abf-e90d-090000000000}\r\nLogonId: 0x90DE9\r\nTerminalSessionId: 1\r\nIntegrityLevel: Medium\r\nHashes: MD5=33AFAA43B84BDEAB12E02F9DBD2B2EE0,SHA256=A90C3FB350A11C6F6A6EFA9607987D924D1DE65E09CA9FAF2E0E0E00531EE335,IMPHASH=5CD891320C666621E9783444DB8CBA78\r\nParentProcessGuid: {e12a69d9-2170-6abf-5b01-000000001700}\r\nParentProcessId: 7604\r\nParentImage: C:\\Windows\\System32\\WindowsPowerShell\\v1.0\\powershell.exe\r\nParentCommandLine: \"C:\\Windows\\System32\\WindowsPowerShell\\v1.0\\powershell.exe\" \r\nParentUser: SOC-LAB\\nam.user\""},"eventdata":{"utcTime":"2026-10-02 04:51:55.647","processGuid":"{e12a69d9-386b-6abf-f602-000000001700}","processId":"2920","image":"C:\\\\Windows\\\\System32\\\\HOSTNAME.EXE","fileVersion":"10.0.19041.1 (WinBuild.160101.0800)","description":"Hostname APP","product":"Microsoft® Windows® Operating System","company":"Microsoft Corporation","originalFileName":"hostname.exe","commandLine":"\\\"C:\\\\Windows\\\\system32\\\\HOSTNAME.EXE\\\"","currentDirectory":"C:\\\\Users\\\\nam.user\\\\","user":"SOC-LAB\\\\nam.user","logonGuid":"{e12a69d9-1fab-6abf-e90d-090000000000}","logonId":"0x90de9","terminalSessionId":"1","integrityLevel":"Medium","hashes":"MD5=33AFAA43B84BDEAB12E02F9DBD2B2EE0,SHA256=A90C3FB350A11C6F6A6EFA9607987D924D1DE65E09CA9FAF2E0E0E00531EE335,IMPHASH=5CD891320C666621E9783444DB8CBA78","parentProcessGuid":"{e12a69d9-2170-6abf-5b01-000000001700}","parentProcessId":"7604","parentImage":"C:\\\\Windows\\\\System32\\\\WindowsPowerShell\\\\v1.0\\\\powershell.exe","parentCommandLine":"\\\"C:\\\\Windows\\\\System32\\\\WindowsPowerShell\\\\v1.0\\\\powershell.exe\\\"","parentUser":"SOC-LAB\\\\nam.user"}}},"location":"EventChannel"}
{"timestamp":"2026-10-02T04:51:57.564+0000","agent":{"id":"001","name":"SOC-WIN10","ip":"192.168.50.20"},"manager":{"name":"soc-wazuh"},"id":"1790916717.1006360","full_log":"{\"win\":{\"system\":{\"providerName\":\"Microsoft-Windows-Sysmon\",\"providerGuid\":\"{5770385f-c22a-43e0-bf4c-06f5698ffbd9}\",\"eventID\":\"1\",\"version\":\"5\",\"level\":\"4\",\"task\":\"1\",\"opcode\":\"0\",\"keywords\":\"0x8000000000000000\",\"systemTime\":\"2026-10-02T04:51:55.7073349Z\",\"eventRecordID\":\"12479\",\"processID\":\"2140\",\"threadID\":\"4056\",\"channel\":\"Microsoft-Windows-Sysmon/Operational\",\"computer\":\"WIN10-01.SOC-LAB.LOCAL\",\"severityValue\":\"INFORMATION\",\"message\":\"\\\"Process Create:\\r\\nRuleName: -\\r\\nUtcTime: 2026-10-02 04:51:55.701\\r\\nProcessGuid: {e12a69d9-386b-6abf-f702-000000001700}\\r\\nProcessId: 1352\\r\\nImage: C:\\\\Windows\\\\System32\\\\ipconfig.exe\\r\\nFileVersion: 10.0.19041.1 (WinBuild.160101.0800)\\r\\nDescription: IP Configuration Utility\\r\\nProduct: Microsoft® Windows® Operating System\\r\\nCompany: Microsoft Corporation\\r\\nOriginalFileName: ipconfig.exe\\r\\nCommandLine: \\\"C:\\\\Windows\\\\system32\\\\ipconfig.exe\\\"\\r\\nCurrentDirectory: C:\\\\Users\\\\nam.user\\\\\\r\\nUser: SOC-LAB\\\\nam.user\\r\\nLogonGuid: {e12a69d9-1fab-6abf-e90d-090000000000}\\r\\nLogonId: 0x90DE9\\r\\nTerminalSessionId: 1\\r\\nIntegrityLevel: Medium\\r\\nHashes: MD5=62F170FB07FDBB79CEB7147101406EB8,SHA256=53E000F5AA9B3A00934319DB8080BB99CB323BF48FC628A64F75D7847C265606,IMPHASH=1002D523645A81BC52877D82D9E88417\\r\\nParentProcessGuid: {e12a69d9-2170-6abf-5b01-000000001700}\\r\\nParentProcessId: 7604\\r\\nParentImage: C:\\\\Windows\\\\System32\\\\WindowsPowerShell\\\\v1.0\\\\powershell.exe\\r\\nParentCommandLine: \\\"C:\\\\Windows\\\\System32\\\\WindowsPowerShell\\\\v1.0\\\\powershell.exe\\\" \\r\\nParentUser: SOC-LAB\\\\nam.user\\\"\"},\"eventdata\":{\"utcTime\":\"2026-10-02 04:51:55.701\",\"processGuid\":\"{e12a69d9-386b-6abf-f702-000000001700}\",\"processId\":\"1352\",\"image\":\"C:\\\\\\\\Windows\\\\\\\\System32\\\\\\\\ipconfig.exe\",\"fileVersion\":\"10.0.19041.1 (WinBuild.160101.0800)\",\"description\":\"IP Configuration Utility\",\"product\":\"Microsoft® Windows® Operating System\",\"company\":\"Microsoft Corporation\",\"originalFileName\":\"ipconfig.exe\",\"commandLine\":\"\\\\\\\"C:\\\\\\\\Windows\\\\\\\\system32\\\\\\\\ipconfig.exe\\\\\\\"\",\"currentDirectory\":\"C:\\\\\\\\Users\\\\\\\\nam.user\\\\\\\\\",\"user\":\"SOC-LAB\\\\\\\\nam.user\",\"logonGuid\":\"{e12a69d9-1fab-6abf-e90d-090000000000}\",\"logonId\":\"0x90de9\",\"terminalSessionId\":\"1\",\"integrityLevel\":\"Medium\",\"hashes\":\"MD5=62F170FB07FDBB79CEB7147101406EB8,SHA256=53E000F5AA9B3A00934319DB8080BB99CB323BF48FC628A64F75D7847C265606,IMPHASH=1002D523645A81BC52877D82D9E88417\",\"parentProcessGuid\":\"{e12a69d9-2170-6abf-5b01-000000001700}\",\"parentProcessId\":\"7604\",\"parentImage\":\"C:\\\\\\\\Windows\\\\\\\\System32\\\\\\\\WindowsPowerShell\\\\\\\\v1.0\\\\\\\\powershell.exe\",\"parentCommandLine\":\"\\\\\\\"C:\\\\\\\\Windows\\\\\\\\System32\\\\\\\\WindowsPowerShell\\\\\\\\v1.0\\\\\\\\powershell.exe\\\\\\\"\",\"parentUser\":\"SOC-LAB\\\\\\\\nam.user\"}}}","decoder":{"name":"windows_eventchannel"},"data":{"win":{"system":{"providerName":"Microsoft-Windows-Sysmon","providerGuid":"{5770385f-c22a-43e0-bf4c-06f5698ffbd9}","eventID":"1","version":"5","level":"4","task":"1","opcode":"0","keywords":"0x8000000000000000","systemTime":"2026-10-02T04:51:55.7073349Z","eventRecordID":"12479","processID":"2140","threadID":"4056","channel":"Microsoft-Windows-Sysmon/Operational","computer":"WIN10-01.SOC-LAB.LOCAL","severityValue":"INFORMATION","message":"\"Process Create:\r\nRuleName: -\r\nUtcTime: 2026-10-02 04:51:55.701\r\nProcessGuid: {e12a69d9-386b-6abf-f702-000000001700}\r\nProcessId: 1352\r\nImage: C:\\Windows\\System32\\ipconfig.exe\r\nFileVersion: 10.0.19041.1 (WinBuild.160101.0800)\r\nDescription: IP Configuration Utility\r\nProduct: Microsoft® Windows® Operating System\r\nCompany: Microsoft Corporation\r\nOriginalFileName: ipconfig.exe\r\nCommandLine: \"C:\\Windows\\system32\\ipconfig.exe\"\r\nCurrentDirectory: C:\\Users\\nam.user\\\r\nUser: SOC-LAB\\nam.user\r\nLogonGuid: {e12a69d9-1fab-6abf-e90d-090000000000}\r\nLogonId: 0x90DE9\r\nTerminalSessionId: 1\r\nIntegrityLevel: Medium\r\nHashes: MD5=62F170FB07FDBB79CEB7147101406EB8,SHA256=53E000F5AA9B3A00934319DB8080BB99CB323BF48FC628A64F75D7847C265606,IMPHASH=1002D523645A81BC52877D82D9E88417\r\nParentProcessGuid: {e12a69d9-2170-6abf-5b01-000000001700}\r\nParentProcessId: 7604\r\nParentImage: C:\\Windows\\System32\\WindowsPowerShell\\v1.0\\powershell.exe\r\nParentCommandLine: \"C:\\Windows\\System32\\WindowsPowerShell\\v1.0\\powershell.exe\" \r\nParentUser: SOC-LAB\\nam.user\""},"eventdata":{"utcTime":"2026-10-02 04:51:55.701","processGuid":"{e12a69d9-386b-6abf-f702-000000001700}","processId":"1352","image":"C:\\\\Windows\\\\System32\\\\ipconfig.exe","fileVersion":"10.0.19041.1 (WinBuild.160101.0800)","description":"IP Configuration Utility","product":"Microsoft® Windows® Operating System","company":"Microsoft Corporation","originalFileName":"ipconfig.exe","commandLine":"\\\"C:\\\\Windows\\\\system32\\\\ipconfig.exe\\\"","currentDirectory":"C:\\\\Users\\\\nam.user\\\\","user":"SOC-LAB\\\\nam.user","logonGuid":"{e12a69d9-1fab-6abf-e90d-090000000000}","logonId":"0x90de9","terminalSessionId":"1","integrityLevel":"Medium","hashes":"MD5=62F170FB07FDBB79CEB7147101406EB8,SHA256=53E000F5AA9B3A00934319DB8080BB99CB323BF48FC628A64F75D7847C265606,IMPHASH=1002D523645A81BC52877D82D9E88417","parentProcessGuid":"{e12a69d9-2170-6abf-5b01-000000001700}","parentProcessId":"7604","parentImage":"C:\\\\Windows\\\\System32\\\\WindowsPowerShell\\\\v1.0\\\\powershell.exe","parentCommandLine":"\\\"C:\\\\Windows\\\\System32\\\\WindowsPowerShell\\\\v1.0\\\\powershell.exe\\\"","parentUser":"SOC-LAB\\\\nam.user"}}},"location":"EventChannel"}
{"timestamp":"2026-10-02T04:51:57.572+0000","agent":{"id":"001","name":"SOC-WIN10","ip":"192.168.50.20"},"manager":{"name":"soc-wazuh"},"id":"1790916717.1006360","full_log":"{\"win\":{\"system\":{\"providerName\":\"Microsoft-Windows-Sysmon\",\"providerGuid\":\"{5770385f-c22a-43e0-bf4c-06f5698ffbd9}\",\"eventID\":\"1\",\"version\":\"5\",\"level\":\"4\",\"task\":\"1\",\"opcode\":\"0\",\"keywords\":\"0x8000000000000000\",\"systemTime\":\"2026-10-02T04:51:55.7508719Z\",\"eventRecordID\":\"12480\",\"processID\":\"2140\",\"threadID\":\"4056\",\"channel\":\"Microsoft-Windows-Sysmon/Operational\",\"computer\":\"WIN10-01.SOC-LAB.LOCAL\",\"severityValue\":\"INFORMATION\",\"message\":\"\\\"Process Create:\\r\\nRuleName: -\\r\\nUtcTime: 2026-10-02 04:51:55.749\\r\\nProcessGuid: {e12a69d9-386b-6abf-f802-000000001700}\\r\\nProcessId: 4932\\r\\nImage: C:\\\\Windows\\\\System32\\\\tasklist.exe\\r\\nFileVersion: 10.0.19041.1 (WinBuild.160101.0800)\\r\\nDescription: Lists the current running tasks\\r\\nProduct: Microsoft® Windows® Operating System\\r\\nCompany: Microsoft Corporation\\r\\nOriginalFileName: tasklist.exe\\r\\nCommandLine: \\\"C:\\\\Windows\\\\system32\\\\tasklist.exe\\\"\\r\\nCurrentDirectory: C:\\\\Users\\\\nam.user\\\\\\r\\nUser: SOC-LAB\\\\nam.user\\r\\nLogonGuid: {e12a69d9-1fab-6abf-e90d-090000000000}\\r\\nLogonId: 0x90DE9\\r\\nTerminalSessionId: 1\\r\\nIntegrityLevel: Medium\\r\\nHashes: MD5=D0A49A170E13D7F6AEBBEFED9DF88AAA,SHA256=BE7241A74FE9A9D30E0631E41533A362B21C8F7AAE3E5B6AD319CC15C024EC3F,IMPHASH=4C8D21C644C980DB3FF94E27BAD14C18\\r\\nParentProcessGuid: {e12a69d9-2170-6abf-5b01-000000001700}\\r\\nParentProcessId: 7604\\r\\nParentImage: C:\\\\Windows\\\\System32\\\\WindowsPowerShell\\\\v1.0\\\\powershell.exe\\r\\nParentCommandLine: \\\"C:\\\\Windows\\\\System32\\\\WindowsPowerShell\\\\v1.0\\\\powershell.exe\\\" \\r\\nParentUser: SOC-LAB\\\\nam.user\\\"\"},\"eventdata\":{\"utcTime\":\"2026-10-02 04:51:55.749\",\"processGuid\":\"{e12a69d9-386b-6abf-f802-000000001700}\",\"processId\":\"4932\",\"image\":\"C:\\\\\\\\Windows\\\\\\\\System32\\\\\\\\tasklist.exe\",\"fileVersion\":\"10.0.19041.1 (WinBuild.160101.0800)\",\"description\":\"Lists the current running tasks\",\"product\":\"Microsoft® Windows® Operating System\",\"company\":\"Microsoft Corporation\",\"originalFileName\":\"tasklist.exe\",\"commandLine\":\"\\\\\\\"C:\\\\\\\\Windows\\\\\\\\system32\\\\\\\\tasklist.exe\\\\\\\"\",\"currentDirectory\":\"C:\\\\\\\\Users\\\\\\\\nam.user\\\\\\\\\",\"user\":\"SOC-LAB\\\\\\\\nam.user\",\"logonGuid\":\"{e12a69d9-1fab-6abf-e90d-090000000000}\",\"logonId\":\"0x90de9\",\"terminalSessionId\":\"1\",\"integrityLevel\":\"Medium\",\"hashes\":\"MD5=D0A49A170E13D7F6AEBBEFED9DF88AAA,SHA256=BE7241A74FE9A9D30E0631E41533A362B21C8F7AAE3E5B6AD319CC15C024EC3F,IMPHASH=4C8D21C644C980DB3FF94E27BAD14C18\",\"parentProcessGuid\":\"{e12a69d9-2170-6abf-5b01-000000001700}\",\"parentProcessId\":\"7604\",\"parentImage\":\"C:\\\\\\\\Windows\\\\\\\\System32\\\\\\\\WindowsPowerShell\\\\\\\\v1.0\\\\\\\\powershell.exe\",\"parentCommandLine\":\"\\\\\\\"C:\\\\\\\\Windows\\\\\\\\System32\\\\\\\\WindowsPowerShell\\\\\\\\v1.0\\\\\\\\powershell.exe\\\\\\\"\",\"parentUser\":\"SOC-LAB\\\\\\\\nam.user\"}}}","decoder":{"name":"windows_eventchannel"},"data":{"win":{"system":{"providerName":"Microsoft-Windows-Sysmon","providerGuid":"{5770385f-c22a-43e0-bf4c-06f5698ffbd9}","eventID":"1","version":"5","level":"4","task":"1","opcode":"0","keywords":"0x8000000000000000","systemTime":"2026-10-02T04:51:55.7508719Z","eventRecordID":"12480","processID":"2140","threadID":"4056","channel":"Microsoft-Windows-Sysmon/Operational","computer":"WIN10-01.SOC-LAB.LOCAL","severityValue":"INFORMATION","message":"\"Process Create:\r\nRuleName: -\r\nUtcTime: 2026-10-02 04:51:55.749\r\nProcessGuid: {e12a69d9-386b-6abf-f802-000000001700}\r\nProcessId: 4932\r\nImage: C:\\Windows\\System32\\tasklist.exe\r\nFileVersion: 10.0.19041.1 (WinBuild.160101.0800)\r\nDescription: Lists the current running tasks\r\nProduct: Microsoft® Windows® Operating System\r\nCompany: Microsoft Corporation\r\nOriginalFileName: tasklist.exe\r\nCommandLine: \"C:\\Windows\\system32\\tasklist.exe\"\r\nCurrentDirectory: C:\\Users\\nam.user\\\r\nUser: SOC-LAB\\nam.user\r\nLogonGuid: {e12a69d9-1fab-6abf-e90d-090000000000}\r\nLogonId: 0x90DE9\r\nTerminalSessionId: 1\r\nIntegrityLevel: Medium\r\nHashes: MD5=D0A49A170E13D7F6AEBBEFED9DF88AAA,SHA256=BE7241A74FE9A9D30E0631E41533A362B21C8F7AAE3E5B6AD319CC15C024EC3F,IMPHASH=4C8D21C644C980DB3FF94E27BAD14C18\r\nParentProcessGuid: {e12a69d9-2170-6abf-5b01-000000001700}\r\nParentProcessId: 7604\r\nParentImage: C:\\Windows\\System32\\WindowsPowerShell\\v1.0\\powershell.exe\r\nParentCommandLine: \"C:\\Windows\\System32\\WindowsPowerShell\\v1.0\\powershell.exe\" \r\nParentUser: SOC-LAB\\nam.user\""},"eventdata":{"utcTime":"2026-10-02 04:51:55.749","processGuid":"{e12a69d9-386b-6abf-f802-000000001700}","processId":"4932","image":"C:\\\\Windows\\\\System32\\\\tasklist.exe","fileVersion":"10.0.19041.1 (WinBuild.160101.0800)","description":"Lists the current running tasks","product":"Microsoft® Windows® Operating System","company":"Microsoft Corporation","originalFileName":"tasklist.exe","commandLine":"\\\"C:\\\\Windows\\\\system32\\\\tasklist.exe\\\"","currentDirectory":"C:\\\\Users\\\\nam.user\\\\","user":"SOC-LAB\\\\nam.user","logonGuid":"{e12a69d9-1fab-6abf-e90d-090000000000}","logonId":"0x90de9","terminalSessionId":"1","integrityLevel":"Medium","hashes":"MD5=D0A49A170E13D7F6AEBBEFED9DF88AAA,SHA256=BE7241A74FE9A9D30E0631E41533A362B21C8F7AAE3E5B6AD319CC15C024EC3F,IMPHASH=4C8D21C644C980DB3FF94E27BAD14C18","parentProcessGuid":"{e12a69d9-2170-6abf-5b01-000000001700}","parentProcessId":"7604","parentImage":"C:\\\\Windows\\\\System32\\\\WindowsPowerShell\\\\v1.0\\\\powershell.exe","parentCommandLine":"\\\"C:\\\\Windows\\\\System32\\\\WindowsPowerShell\\\\v1.0\\\\powershell.exe\\\"","parentUser":"SOC-LAB\\\\nam.user"}}},"location":"EventChannel"}
{"timestamp":"2026-10-02T04:51:57.605+0000","rule":{"level":4,"description":"Powershell process spawned Windows command shell instance","id":"92004","mitre":{"id":["T1059.003"],"tactic":["Execution"],"technique":["Windows Command Shell"]},"firedtimes":18,"mail":false,"groups":["sysmon","sysmon_eid1_detections","windows"]},"agent":{"id":"001","name":"SOC-WIN10","ip":"192.168.50.20"},"manager":{"name":"soc-wazuh"},"id":"1790916717.1012487","full_log":"{\"win\":{\"system\":{\"providerName\":\"Microsoft-Windows-Sysmon\",\"providerGuid\":\"{5770385f-c22a-43e0-bf4c-06f5698ffbd9}\",\"eventID\":\"1\",\"version\":\"5\",\"level\":\"4\",\"task\":\"1\",\"opcode\":\"0\",\"keywords\":\"0x8000000000000000\",\"systemTime\":\"2026-10-02T04:51:56.1179818Z\",\"eventRecordID\":\"12482\",\"processID\":\"2140\",\"threadID\":\"4056\",\"channel\":\"Microsoft-Windows-Sysmon/Operational\",\"computer\":\"WIN10-01.SOC-LAB.LOCAL\",\"severityValue\":\"INFORMATION\",\"message\":\"\\\"Process Create:\\r\\nRuleName: -\\r\\nUtcTime: 2026-10-02 04:51:56.115\\r\\nProcessGuid: {e12a69d9-386c-6abf-fb02-000000001700}\\r\\nProcessId: 1428\\r\\nImage: C:\\\\Windows\\\\System32\\\\cmd.exe\\r\\nFileVersion: 10.0.19041.4355 (WinBuild.160101.0800)\\r\\nDescription: Windows Command Processor\\r\\nProduct: Microsoft® Windows® Operating System\\r\\nCompany: Microsoft Corporation\\r\\nOriginalFileName: Cmd.Exe\\r\\nCommandLine: \\\"C:\\\\Windows\\\\system32\\\\cmd.exe\\\" /c ver\\r\\nCurrentDirectory: C:\\\\Users\\\\nam.user\\\\\\r\\nUser: SOC-LAB\\\\nam.user\\r\\nLogonGuid: {e12a69d9-1fab-6abf-e90d-090000000000}\\r\\nLogonId: 0x90DE9\\r\\nTerminalSessionId: 1\\r\\nIntegrityLevel: Medium\\r\\nHashes: MD5=2B40C98ED0F7A1D3B091A3E8353132DC,SHA256=BADF4752413CB0CBDC03FB95820CA167F0CDC63B597CCDB5EF43111180E088B0,IMPHASH=272245E2988E1E430500B852C4FB5E18\\r\\nParentProcessGuid: {e12a69d9-2170-6abf-5b01-000000001700}\\r\\nParentProcessId: 7604\\r\\nParentImage: C:\\\\Windows\\\\System32\\\\WindowsPowerShell\\\\v1.0\\\\powershell.exe\\r\\nParentCommandLine: \\\"C:\\\\Windows\\\\System32\\\\WindowsPowerShell\\\\v1.0\\\\powershell.exe\\\" \\r\\nParentUser: SOC-LAB\\\\nam.user\\\"\"},\"eventdata\":{\"utcTime\":\"2026-10-02 04:51:56.115\",\"processGuid\":\"{e12a69d9-386c-6abf-fb02-000000001700}\",\"processId\":\"1428\",\"image\":\"C:\\\\\\\\Windows\\\\\\\\System32\\\\\\\\cmd.exe\",\"fileVersion\":\"10.0.19041.4355 (WinBuild.160101.0800)\",\"description\":\"Windows Command Processor\",\"product\":\"Microsoft® Windows® Operating System\",\"company\":\"Microsoft Corporation\",\"originalFileName\":\"Cmd.Exe\",\"commandLine\":\"\\\\\\\"C:\\\\\\\\Windows\\\\\\\\system32\\\\\\\\cmd.exe\\\\\\\" /c ver\",\"currentDirectory\":\"C:\\\\\\\\Users\\\\\\\\nam.user\\\\\\\\\",\"user\":\"SOC-LAB\\\\\\\\nam.user\",\"logonGuid\":\"{e12a69d9-1fab-6abf-e90d-090000000000}\",\"logonId\":\"0x90de9\",\"terminalSessionId\":\"1\",\"integrityLevel\":\"Medium\",\"hashes\":\"MD5=2B40C98ED0F7A1D3B091A3E8353132DC,SHA256=BADF4752413CB0CBDC03FB95820CA167F0CDC63B597CCDB5EF43111180E088B0,IMPHASH=272245E2988E1E430500B852C4FB5E18\",\"parentProcessGuid\":\"{e12a69d9-2170-6abf-5b01-000000001700}\",\"parentProcessId\":\"7604\",\"parentImage\":\"C:\\\\\\\\Windows\\\\\\\\System32\\\\\\\\WindowsPowerShell\\\\\\\\v1.0\\\\\\\\powershell.exe\",\"parentCommandLine\":\"\\\\\\\"C:\\\\\\\\Windows\\\\\\\\System32\\\\\\\\WindowsPowerShell\\\\\\\\v1.0\\\\\\\\powershell.exe\\\\\\\"\",\"parentUser\":\"SOC-LAB\\\\\\\\nam.user\"}}}","decoder":{"name":"windows_eventchannel"},"data":{"win":{"system":{"providerName":"Microsoft-Windows-Sysmon","providerGuid":"{5770385f-c22a-43e0-bf4c-06f5698ffbd9}","eventID":"1","version":"5","level":"4","task":"1","opcode":"0","keywords":"0x8000000000000000","systemTime":"2026-10-02T04:51:56.1179818Z","eventRecordID":"12482","processID":"2140","threadID":"4056","channel":"Microsoft-Windows-Sysmon/Operational","computer":"WIN10-01.SOC-LAB.LOCAL","severityValue":"INFORMATION","message":"\"Process Create:\r\nRuleName: -\r\nUtcTime: 2026-10-02 04:51:56.115\r\nProcessGuid: {e12a69d9-386c-6abf-fb02-000000001700}\r\nProcessId: 1428\r\nImage: C:\\Windows\\System32\\cmd.exe\r\nFileVersion: 10.0.19041.4355 (WinBuild.160101.0800)\r\nDescription: Windows Command Processor\r\nProduct: Microsoft® Windows® Operating System\r\nCompany: Microsoft Corporation\r\nOriginalFileName: Cmd.Exe\r\nCommandLine: \"C:\\Windows\\system32\\cmd.exe\" /c ver\r\nCurrentDirectory: C:\\Users\\nam.user\\\r\nUser: SOC-LAB\\nam.user\r\nLogonGuid: {e12a69d9-1fab-6abf-e90d-090000000000}\r\nLogonId: 0x90DE9\r\nTerminalSessionId: 1\r\nIntegrityLevel: Medium\r\nHashes: MD5=2B40C98ED0F7A1D3B091A3E8353132DC,SHA256=BADF4752413CB0CBDC03FB95820CA167F0CDC63B597CCDB5EF43111180E088B0,IMPHASH=272245E2988E1E430500B852C4FB5E18\r\nParentProcessGuid: {e12a69d9-2170-6abf-5b01-000000001700}\r\nParentProcessId: 7604\r\nParentImage: C:\\Windows\\System32\\WindowsPowerShell\\v1.0\\powershell.exe\r\nParentCommandLine: \"C:\\Windows\\System32\\WindowsPowerShell\\v1.0\\powershell.exe\" \r\nParentUser: SOC-LAB\\nam.user\""},"eventdata":{"utcTime":"2026-10-02 04:51:56.115","processGuid":"{e12a69d9-386c-6abf-fb02-000000001700}","processId":"1428","image":"C:\\\\Windows\\\\System32\\\\cmd.exe","fileVersion":"10.0.19041.4355 (WinBuild.160101.0800)","description":"Windows Command Processor","product":"Microsoft® Windows® Operating System","company":"Microsoft Corporation","originalFileName":"Cmd.Exe","commandLine":"\\\"C:\\\\Windows\\\\system32\\\\cmd.exe\\\" /c ver","currentDirectory":"C:\\\\Users\\\\nam.user\\\\","user":"SOC-LAB\\\\nam.user","logonGuid":"{e12a69d9-1fab-6abf-e90d-090000000000}","logonId":"0x90de9","terminalSessionId":"1","integrityLevel":"Medium","hashes":"MD5=2B40C98ED0F7A1D3B091A3E8353132DC,SHA256=BADF4752413CB0CBDC03FB95820CA167F0CDC63B597CCDB5EF43111180E088B0,IMPHASH=272245E2988E1E430500B852C4FB5E18","parentProcessGuid":"{e12a69d9-2170-6abf-5b01-000000001700}","parentProcessId":"7604","parentImage":"C:\\\\Windows\\\\System32\\\\WindowsPowerShell\\\\v1.0\\\\powershell.exe","parentCommandLine":"\\\"C:\\\\Windows\\\\System32\\\\WindowsPowerShell\\\\v1.0\\\\powershell.exe\\\"","parentUser":"SOC-LAB\\\\nam.user"}}},"location":"EventChannel"}
{"timestamp":"2026-10-02T04:51:57.606+0000","rule":{"level":4,"description":"Powershell process spawned Windows command shell instance","id":"92004","mitre":{"id":["T1059.003"],"tactic":["Execution"],"technique":["Windows Command Shell"]},"firedtimes":19,"mail":false,"groups":["sysmon","sysmon_eid1_detections","windows"]},"agent":{"id":"001","name":"SOC-WIN10","ip":"192.168.50.20"},"manager":{"name":"soc-wazuh"},"id":"1790916717.1012487","full_log":"{\"win\":{\"system\":{\"providerName\":\"Microsoft-Windows-Sysmon\",\"providerGuid\":\"{5770385f-c22a-43e0-bf4c-06f5698ffbd9}\",\"eventID\":\"1\",\"version\":\"5\",\"level\":\"4\",\"task\":\"1\",\"opcode\":\"0\",\"keywords\":\"0x8000000000000000\",\"systemTime\":\"2026-10-02T04:51:56.0671107Z\",\"eventRecordID\":\"12481\",\"processID\":\"2140\",\"threadID\":\"4056\",\"channel\":\"Microsoft-Windows-Sysmon/Operational\",\"computer\":\"WIN10-01.SOC-LAB.LOCAL\",\"severityValue\":\"INFORMATION\",\"message\":\"\\\"Process Create:\\r\\nRuleName: -\\r\\nUtcTime: 2026-10-02 04:51:56.055\\r\\nProcessGuid: {e12a69d9-386c-6abf-fa02-000000001700}\\r\\nProcessId: 8784\\r\\nImage: C:\\\\Windows\\\\System32\\\\cmd.exe\\r\\nFileVersion: 10.0.19041.4355 (WinBuild.160101.0800)\\r\\nDescription: Windows Command Processor\\r\\nProduct: Microsoft® Windows® Operating System\\r\\nCompany: Microsoft Corporation\\r\\nOriginalFileName: Cmd.Exe\\r\\nCommandLine: \\\"C:\\\\Windows\\\\system32\\\\cmd.exe\\\" /c echo SOC_BENIGN_V3\\r\\nCurrentDirectory: C:\\\\Users\\\\nam.user\\\\\\r\\nUser: SOC-LAB\\\\nam.user\\r\\nLogonGuid: {e12a69d9-1fab-6abf-e90d-090000000000}\\r\\nLogonId: 0x90DE9\\r\\nTerminalSessionId: 1\\r\\nIntegrityLevel: Medium\\r\\nHashes: MD5=2B40C98ED0F7A1D3B091A3E8353132DC,SHA256=BADF4752413CB0CBDC03FB95820CA167F0CDC63B597CCDB5EF43111180E088B0,IMPHASH=272245E2988E1E430500B852C4FB5E18\\r\\nParentProcessGuid: {e12a69d9-2170-6abf-5b01-000000001700}\\r\\nParentProcessId: 7604\\r\\nParentImage: C:\\\\Windows\\\\System32\\\\WindowsPowerShell\\\\v1.0\\\\powershell.exe\\r\\nParentCommandLine: \\\"C:\\\\Windows\\\\System32\\\\WindowsPowerShell\\\\v1.0\\\\powershell.exe\\\" \\r\\nParentUser: SOC-LAB\\\\nam.user\\\"\"},\"eventdata\":{\"utcTime\":\"2026-10-02 04:51:56.055\",\"processGuid\":\"{e12a69d9-386c-6abf-fa02-000000001700}\",\"processId\":\"8784\",\"image\":\"C:\\\\\\\\Windows\\\\\\\\System32\\\\\\\\cmd.exe\",\"fileVersion\":\"10.0.19041.4355 (WinBuild.160101.0800)\",\"description\":\"Windows Command Processor\",\"product\":\"Microsoft® Windows® Operating System\",\"company\":\"Microsoft Corporation\",\"originalFileName\":\"Cmd.Exe\",\"commandLine\":\"\\\\\\\"C:\\\\\\\\Windows\\\\\\\\system32\\\\\\\\cmd.exe\\\\\\\" /c echo SOC_BENIGN_V3\",\"currentDirectory\":\"C:\\\\\\\\Users\\\\\\\\nam.user\\\\\\\\\",\"user\":\"SOC-LAB\\\\\\\\nam.user\",\"logonGuid\":\"{e12a69d9-1fab-6abf-e90d-090000000000}\",\"logonId\":\"0x90de9\",\"terminalSessionId\":\"1\",\"integrityLevel\":\"Medium\",\"hashes\":\"MD5=2B40C98ED0F7A1D3B091A3E8353132DC,SHA256=BADF4752413CB0CBDC03FB95820CA167F0CDC63B597CCDB5EF43111180E088B0,IMPHASH=272245E2988E1E430500B852C4FB5E18\",\"parentProcessGuid\":\"{e12a69d9-2170-6abf-5b01-000000001700}\",\"parentProcessId\":\"7604\",\"parentImage\":\"C:\\\\\\\\Windows\\\\\\\\System32\\\\\\\\WindowsPowerShell\\\\\\\\v1.0\\\\\\\\powershell.exe\",\"parentCommandLine\":\"\\\\\\\"C:\\\\\\\\Windows\\\\\\\\System32\\\\\\\\WindowsPowerShell\\\\\\\\v1.0\\\\\\\\powershell.exe\\\\\\\"\",\"parentUser\":\"SOC-LAB\\\\\\\\nam.user\"}}}","decoder":{"name":"windows_eventchannel"},"data":{"win":{"system":{"providerName":"Microsoft-Windows-Sysmon","providerGuid":"{5770385f-c22a-43e0-bf4c-06f5698ffbd9}","eventID":"1","version":"5","level":"4","task":"1","opcode":"0","keywords":"0x8000000000000000","systemTime":"2026-10-02T04:51:56.0671107Z","eventRecordID":"12481","processID":"2140","threadID":"4056","channel":"Microsoft-Windows-Sysmon/Operational","computer":"WIN10-01.SOC-LAB.LOCAL","severityValue":"INFORMATION","message":"\"Process Create:\r\nRuleName: -\r\nUtcTime: 2026-10-02 04:51:56.055\r\nProcessGuid: {e12a69d9-386c-6abf-fa02-000000001700}\r\nProcessId: 8784\r\nImage: C:\\Windows\\System32\\cmd.exe\r\nFileVersion: 10.0.19041.4355 (WinBuild.160101.0800)\r\nDescription: Windows Command Processor\r\nProduct: Microsoft® Windows® Operating System\r\nCompany: Microsoft Corporation\r\nOriginalFileName: Cmd.Exe\r\nCommandLine: \"C:\\Windows\\system32\\cmd.exe\" /c echo SOC_BENIGN_V3\r\nCurrentDirectory: C:\\Users\\nam.user\\\r\nUser: SOC-LAB\\nam.user\r\nLogonGuid: {e12a69d9-1fab-6abf-e90d-090000000000}\r\nLogonId: 0x90DE9\r\nTerminalSessionId: 1\r\nIntegrityLevel: Medium\r\nHashes: MD5=2B40C98ED0F7A1D3B091A3E8353132DC,SHA256=BADF4752413CB0CBDC03FB95820CA167F0CDC63B597CCDB5EF43111180E088B0,IMPHASH=272245E2988E1E430500B852C4FB5E18\r\nParentProcessGuid: {e12a69d9-2170-6abf-5b01-000000001700}\r\nParentProcessId: 7604\r\nParentImage: C:\\Windows\\System32\\WindowsPowerShell\\v1.0\\powershell.exe\r\nParentCommandLine: \"C:\\Windows\\System32\\WindowsPowerShell\\v1.0\\powershell.exe\" \r\nParentUser: SOC-LAB\\nam.user\""},"eventdata":{"utcTime":"2026-10-02 04:51:56.055","processGuid":"{e12a69d9-386c-6abf-fa02-000000001700}","processId":"8784","image":"C:\\\\Windows\\\\System32\\\\cmd.exe","fileVersion":"10.0.19041.4355 (WinBuild.160101.0800)","description":"Windows Command Processor","product":"Microsoft® Windows® Operating System","company":"Microsoft Corporation","originalFileName":"Cmd.Exe","commandLine":"\\\"C:\\\\Windows\\\\system32\\\\cmd.exe\\\" /c echo SOC_BENIGN_V3","currentDirectory":"C:\\\\Users\\\\nam.user\\\\","user":"SOC-LAB\\\\nam.user","logonGuid":"{e12a69d9-1fab-6abf-e90d-090000000000}","logonId":"0x90de9","terminalSessionId":"1","integrityLevel":"Medium","hashes":"MD5=2B40C98ED0F7A1D3B091A3E8353132DC,SHA256=BADF4752413CB0CBDC03FB95820CA167F0CDC63B597CCDB5EF43111180E088B0,IMPHASH=272245E2988E1E430500B852C4FB5E18","parentProcessGuid":"{e12a69d9-2170-6abf-5b01-000000001700}","parentProcessId":"7604","parentImage":"C:\\\\Windows\\\\System32\\\\WindowsPowerShell\\\\v1.0\\\\powershell.exe","parentCommandLine":"\\\"C:\\\\Windows\\\\System32\\\\WindowsPowerShell\\\\v1.0\\\\powershell.exe\\\"","parentUser":"SOC-LAB\\\\nam.user"}}},"location":"EventChannel"}
