{"timestamp":"2026-10-02T03:06:34.574+0000","agent":{"id":"001","name":"SOC-WIN10","ip":"192.168.50.20"},"manager":{"name":"soc-wazuh"},"id":"1790910394.49539","full_log":"{\"win\":{\"system\":{\"providerName\":\"Microsoft-Windows-Sysmon\",\"providerGuid\":\"{5770385f-c22a-43e0-bf4c-06f5698ffbd9}\",\"eventID\":\"1\",\"version\":\"5\",\"level\":\"4\",\"task\":\"1\",\"opcode\":\"0\",\"keywords\":\"0x8000000000000000\",\"systemTime\":\"2026-10-02T03:06:06.2989915Z\",\"eventRecordID\":\"11284\",\"processID\":\"2140\",\"threadID\":\"4056\",\"channel\":\"Microsoft-Windows-Sysmon/Operational\",\"computer\":\"WIN10-01.SOC-LAB.LOCAL\",\"severityValue\":\"INFORMATION\",\"message\":\"\\\"Process Create:\\r\\nRuleName: -\\r\\nUtcTime: 2026-10-02 03:06:04.754\\r\\nProcessGuid: {e12a69d9-1f9c-6abf-5300-000000001700}\\r\\nProcessId: 3776\\r\\nImage: C:\\\\Windows\\\\System32\\\\wevtutil.exe\\r\\nFileVersion: 10.0.19041.5794 (WinBuild.160101.0800)\\r\\nDescription: Eventing Command Line Utility\\r\\nProduct: Microsoft® Windows® Operating System\\r\\nCompany: Microsoft Corporation\\r\\nOriginalFileName: wevtutil.exe\\r\\nCommandLine: C:\\\\Windows\\\\system32\\\\wevtutil.exe install-manifest \\\"C:\\\\ProgramData\\\\Microsoft\\\\Windows Defender\\\\platform\\\\4.18.26080.4-0\\\\Microsoft-Antimalware-Protection.man\\\" \\\"/resourceFilePath:C:\\\\ProgramData\\\\Microsoft\\\\Windows Defender\\\\platform\\\\4.18.26080.4-0\\\\MpClient.dll\\\" \\\"/messageFilePath:C:\\\\ProgramData\\\\Microsoft\\\\Windows Defender\\\\platform\\\\4.18.26080.4-0\\\\MpClient.dll\\\" \\\"/parameterFilePath:C:\\\\ProgramData\\\\Microsoft\\\\Windows Defender\\\\platform\\\\4.18.26080.4-0\\\\MpClient.dll\\\"\\r\\nCurrentDirectory: C:\\\\Windows\\\\system32\\\\\\r\\nUser: NT AUTHORITY\\\\SYSTEM\\r\\nLogonGuid: {e12a69d9-1f98-6abf-e703-000000000000}\\r\\nLogonId: 0x3E7\\r\\nTerminalSessionId: 0\\r\\nIntegrityLevel: System\\r\\nHashes: MD5=D4C99E01B0061D2EEA2A3EB422CDBCB8,SHA256=0B732D9AD576D1400DB44EDF3E750849AC481E9BBAA628A3914E5EEF9B7181B0,IMPHASH=1864B7EA6A87A2BBB43783BD42E11204\\r\\nParentProcessGuid: {e12a69d9-1f99-6abf-2c00-000000001700}\\r\\nParentProcessId: 2148\\r\\nParentImage: C:\\\\ProgramData\\\\Microsoft\\\\Windows Defender\\\\Platform\\\\4.18.26080.4-0\\\\MsMpEng.exe\\r\\nParentCommandLine: \\\"C:\\\\ProgramData\\\\Microsoft\\\\Windows Defender\\\\platform\\\\4.18.26080.4-0\\\\MsMpEng.exe\\\"\\r\\nParentUser: NT AUTHORITY\\\\SYSTEM\\\"\"},\"eventdata\":{\"utcTime\":\"2026-10-02 03:06:04.754\",\"processGuid\":\"{e12a69d9-1f9c-6abf-5300-000000001700}\",\"processId\":\"3776\",\"image\":\"C:\\\\\\\\Windows\\\\\\\\System32\\\\\\\\wevtutil.exe\",\"fileVersion\":\"10.0.19041.5794 (WinBuild.160101.0800)\",\"description\":\"Eventing Command Line Utility\",\"product\":\"Microsoft® Windows® Operating System\",\"company\":\"Microsoft Corporation\",\"originalFileName\":\"wevtutil.exe\",\"commandLine\":\"C:\\\\\\\\Windows\\\\\\\\system32\\\\\\\\wevtutil.exe install-manifest \\\\\\\"C:\\\\\\\\ProgramData\\\\\\\\Microsoft\\\\\\\\Windows Defender\\\\\\\\platform\\\\\\\\4.18.26080.4-0\\\\\\\\Microsoft-Antimalware-Protection.man\\\\\\\" \\\\\\\"/resourceFilePath:C:\\\\\\\\ProgramData\\\\\\\\Microsoft\\\\\\\\Windows Defender\\\\\\\\platform\\\\\\\\4.18.26080.4-0\\\\\\\\MpClient.dll\\\\\\\" \\\\\\\"/messageFilePath:C:\\\\\\\\ProgramData\\\\\\\\Microsoft\\\\\\\\Windows Defender\\\\\\\\platform\\\\\\\\4.18.26080.4-0\\\\\\\\MpClient.dll\\\\\\\" \\\\\\\"/parameterFilePath:C:\\\\\\\\ProgramData\\\\\\\\Microsoft\\\\\\\\Windows Defender\\\\\\\\platform\\\\\\\\4.18.26080.4-0\\\\\\\\MpClient.dll\\\\\\\"\",\"currentDirectory\":\"C:\\\\\\\\Windows\\\\\\\\system32\\\\\\\\\",\"user\":\"NT AUTHORITY\\\\\\\\SYSTEM\",\"logonGuid\":\"{e12a69d9-1f98-6abf-e703-000000000000}\",\"logonId\":\"0x3e7\",\"terminalSessionId\":\"0\",\"integrityLevel\":\"System\",\"hashes\":\"MD5=D4C99E01B0061D2EEA2A3EB422CDBCB8,SHA256=0B732D9AD576D1400DB44EDF3E750849AC481E9BBAA628A3914E5EEF9B7181B0,IMPHASH=1864B7EA6A87A2BBB43783BD42E11204\",\"parentProcessGuid\":\"{e12a69d9-1f99-6abf-2c00-000000001700}\",\"parentProcessId\":\"2148\",\"parentImage\":\"C:\\\\\\\\ProgramData\\\\\\\\Microsoft\\\\\\\\Windows Defender\\\\\\\\Platform\\\\\\\\4.18.26080.4-0\\\\\\\\MsMpEng.exe\",\"parentCommandLine\":\"\\\\\\\"C:\\\\\\\\ProgramData\\\\\\\\Microsoft\\\\\\\\Windows Defender\\\\\\\\platform\\\\\\\\4.18.26080.4-0\\\\\\\\MsMpEng.exe\\\\\\\"\",\"parentUser\":\"NT AUTHORITY\\\\\\\\SYSTEM\"}}}","decoder":{"name":"windows_eventchannel"},"data":{"win":{"system":{"providerName":"Microsoft-Windows-Sysmon","providerGuid":"{5770385f-c22a-43e0-bf4c-06f5698ffbd9}","eventID":"1","version":"5","level":"4","task":"1","opcode":"0","keywords":"0x8000000000000000","systemTime":"2026-10-02T03:06:06.2989915Z","eventRecordID":"11284","processID":"2140","threadID":"4056","channel":"Microsoft-Windows-Sysmon/Operational","computer":"WIN10-01.SOC-LAB.LOCAL","severityValue":"INFORMATION","message":"\"Process Create:\r\nRuleName: -\r\nUtcTime: 2026-10-02 03:06:04.754\r\nProcessGuid: {e12a69d9-1f9c-6abf-5300-000000001700}\r\nProcessId: 3776\r\nImage: C:\\Windows\\System32\\wevtutil.exe\r\nFileVersion: 10.0.19041.5794 (WinBuild.160101.0800)\r\nDescription: Eventing Command Line Utility\r\nProduct: Microsoft® Windows® Operating System\r\nCompany: Microsoft Corporation\r\nOriginalFileName: wevtutil.exe\r\nCommandLine: C:\\Windows\\system32\\wevtutil.exe install-manifest \"C:\\ProgramData\\Microsoft\\Windows Defender\\platform\\4.18.26080.4-0\\Microsoft-Antimalware-Protection.man\" \"/resourceFilePath:C:\\ProgramData\\Microsoft\\Windows Defender\\platform\\4.18.26080.4-0\\MpClient.dll\" \"/messageFilePath:C:\\ProgramData\\Microsoft\\Windows Defender\\platform\\4.18.26080.4-0\\MpClient.dll\" \"/parameterFilePath:C:\\ProgramData\\Microsoft\\Windows Defender\\platform\\4.18.26080.4-0\\MpClient.dll\"\r\nCurrentDirectory: C:\\Windows\\system32\\\r\nUser: NT AUTHORITY\\SYSTEM\r\nLogonGuid: {e12a69d9-1f98-6abf-e703-000000000000}\r\nLogonId: 0x3E7\r\nTerminalSessionId: 0\r\nIntegrityLevel: System\r\nHashes: MD5=D4C99E01B0061D2EEA2A3EB422CDBCB8,SHA256=0B732D9AD576D1400DB44EDF3E750849AC481E9BBAA628A3914E5EEF9B7181B0,IMPHASH=1864B7EA6A87A2BBB43783BD42E11204\r\nParentProcessGuid: {e12a69d9-1f99-6abf-2c00-000000001700}\r\nParentProcessId: 2148\r\nParentImage: C:\\ProgramData\\Microsoft\\Windows Defender\\Platform\\4.18.26080.4-0\\MsMpEng.exe\r\nParentCommandLine: \"C:\\ProgramData\\Microsoft\\Windows Defender\\platform\\4.18.26080.4-0\\MsMpEng.exe\"\r\nParentUser: NT AUTHORITY\\SYSTEM\""},"eventdata":{"utcTime":"2026-10-02 03:06:04.754","processGuid":"{e12a69d9-1f9c-6abf-5300-000000001700}","processId":"3776","image":"C:\\\\Windows\\\\System32\\\\wevtutil.exe","fileVersion":"10.0.19041.5794 (WinBuild.160101.0800)","description":"Eventing Command Line Utility","product":"Microsoft® Windows® Operating System","company":"Microsoft Corporation","originalFileName":"wevtutil.exe","commandLine":"C:\\\\Windows\\\\system32\\\\wevtutil.exe install-manifest \\\"C:\\\\ProgramData\\\\Microsoft\\\\Windows Defender\\\\platform\\\\4.18.26080.4-0\\\\Microsoft-Antimalware-Protection.man\\\" \\\"/resourceFilePath:C:\\\\ProgramData\\\\Microsoft\\\\Windows Defender\\\\platform\\\\4.18.26080.4-0\\\\MpClient.dll\\\" \\\"/messageFilePath:C:\\\\ProgramData\\\\Microsoft\\\\Windows Defender\\\\platform\\\\4.18.26080.4-0\\\\MpClient.dll\\\" \\\"/parameterFilePath:C:\\\\ProgramData\\\\Microsoft\\\\Windows Defender\\\\platform\\\\4.18.26080.4-0\\\\MpClient.dll\\\"","currentDirectory":"C:\\\\Windows\\\\system32\\\\","user":"NT AUTHORITY\\\\SYSTEM","logonGuid":"{e12a69d9-1f98-6abf-e703-000000000000}","logonId":"0x3e7","terminalSessionId":"0","integrityLevel":"System","hashes":"MD5=D4C99E01B0061D2EEA2A3EB422CDBCB8,SHA256=0B732D9AD576D1400DB44EDF3E750849AC481E9BBAA628A3914E5EEF9B7181B0,IMPHASH=1864B7EA6A87A2BBB43783BD42E11204","parentProcessGuid":"{e12a69d9-1f99-6abf-2c00-000000001700}","parentProcessId":"2148","parentImage":"C:\\\\ProgramData\\\\Microsoft\\\\Windows Defender\\\\Platform\\\\4.18.26080.4-0\\\\MsMpEng.exe","parentCommandLine":"\\\"C:\\\\ProgramData\\\\Microsoft\\\\Windows Defender\\\\platform\\\\4.18.26080.4-0\\\\MsMpEng.exe\\\"","parentUser":"NT AUTHORITY\\\\SYSTEM"}}},"location":"EventChannel"}
{"timestamp":"2026-10-02T03:06:34.617+0000","agent":{"id":"001","name":"SOC-WIN10","ip":"192.168.50.20"},"manager":{"name":"soc-wazuh"},"id":"1790910394.49539","full_log":"{\"win\":{\"system\":{\"providerName\":\"Microsoft-Windows-Sysmon\",\"providerGuid\":\"{5770385f-c22a-43e0-bf4c-06f5698ffbd9}\",\"eventID\":\"1\",\"version\":\"5\",\"level\":\"4\",\"task\":\"1\",\"opcode\":\"0\",\"keywords\":\"0x8000000000000000\",\"systemTime\":\"2026-10-02T03:06:06.3000888Z\",\"eventRecordID\":\"11285\",\"processID\":\"2140\",\"threadID\":\"4056\",\"channel\":\"Microsoft-Windows-Sysmon/Operational\",\"computer\":\"WIN10-01.SOC-LAB.LOCAL\",\"severityValue\":\"INFORMATION\",\"message\":\"\\\"Process Create:\\r\\nRuleName: -\\r\\nUtcTime: 2026-10-02 03:06:04.757\\r\\nProcessGuid: {e12a69d9-1f9c-6abf-5400-000000001700}\\r\\nProcessId: 3784\\r\\nImage: C:\\\\Windows\\\\System32\\\\AggregatorHost.exe\\r\\nFileVersion: -\\r\\nDescription: -\\r\\nProduct: -\\r\\nCompany: -\\r\\nOriginalFileName: -\\r\\nCommandLine: AggregatorHost.exe\\r\\nCurrentDirectory: C:\\\\Windows\\\\system32\\\\\\r\\nUser: NT AUTHORITY\\\\SYSTEM\\r\\nLogonGuid: {e12a69d9-1f98-6abf-e703-000000000000}\\r\\nLogonId: 0x3E7\\r\\nTerminalSessionId: 0\\r\\nIntegrityLevel: System\\r\\nHashes: MD5=87E7B6059C233FA58BAE1636D25E4F92,SHA256=60B048B1E7EDBD61798F2518CF6207035A6AD3595AC214EB7BD0D1DF1E9F4BA8,IMPHASH=1D912FBA09E7394BDABB7BC6B6A6CDA1\\r\\nParentProcessGuid: {e12a69d9-1f99-6abf-2500-000000001700}\\r\\nParentProcessId: 2040\\r\\nParentImage: C:\\\\Windows\\\\System32\\\\svchost.exe\\r\\nParentCommandLine: C:\\\\Windows\\\\System32\\\\svchost.exe -k utcsvc -p\\r\\nParentUser: NT AUTHORITY\\\\SYSTEM\\\"\"},\"eventdata\":{\"utcTime\":\"2026-10-02 03:06:04.757\",\"processGuid\":\"{e12a69d9-1f9c-6abf-5400-000000001700}\",\"processId\":\"3784\",\"image\":\"C:\\\\\\\\Windows\\\\\\\\System32\\\\\\\\AggregatorHost.exe\",\"commandLine\":\"AggregatorHost.exe\",\"currentDirectory\":\"C:\\\\\\\\Windows\\\\\\\\system32\\\\\\\\\",\"user\":\"NT AUTHORITY\\\\\\\\SYSTEM\",\"logonGuid\":\"{e12a69d9-1f98-6abf-e703-000000000000}\",\"logonId\":\"0x3e7\",\"terminalSessionId\":\"0\",\"integrityLevel\":\"System\",\"hashes\":\"MD5=87E7B6059C233FA58BAE1636D25E4F92,SHA256=60B048B1E7EDBD61798F2518CF6207035A6AD3595AC214EB7BD0D1DF1E9F4BA8,IMPHASH=1D912FBA09E7394BDABB7BC6B6A6CDA1\",\"parentProcessGuid\":\"{e12a69d9-1f99-6abf-2500-000000001700}\",\"parentProcessId\":\"2040\",\"parentImage\":\"C:\\\\\\\\Windows\\\\\\\\System32\\\\\\\\svchost.exe\",\"parentCommandLine\":\"C:\\\\\\\\Windows\\\\\\\\System32\\\\\\\\svchost.exe -k utcsvc -p\",\"parentUser\":\"NT AUTHORITY\\\\\\\\SYSTEM\"}}}","decoder":{"name":"windows_eventchannel"},"data":{"win":{"system":{"providerName":"Microsoft-Windows-Sysmon","providerGuid":"{5770385f-c22a-43e0-bf4c-06f5698ffbd9}","eventID":"1","version":"5","level":"4","task":"1","opcode":"0","keywords":"0x8000000000000000","systemTime":"2026-10-02T03:06:06.3000888Z","eventRecordID":"11285","processID":"2140","threadID":"4056","channel":"Microsoft-Windows-Sysmon/Operational","computer":"WIN10-01.SOC-LAB.LOCAL","severityValue":"INFORMATION","message":"\"Process Create:\r\nRuleName: -\r\nUtcTime: 2026-10-02 03:06:04.757\r\nProcessGuid: {e12a69d9-1f9c-6abf-5400-000000001700}\r\nProcessId: 3784\r\nImage: C:\\Windows\\System32\\AggregatorHost.exe\r\nFileVersion: -\r\nDescription: -\r\nProduct: -\r\nCompany: -\r\nOriginalFileName: -\r\nCommandLine: AggregatorHost.exe\r\nCurrentDirectory: C:\\Windows\\system32\\\r\nUser: NT AUTHORITY\\SYSTEM\r\nLogonGuid: {e12a69d9-1f98-6abf-e703-000000000000}\r\nLogonId: 0x3E7\r\nTerminalSessionId: 0\r\nIntegrityLevel: System\r\nHashes: MD5=87E7B6059C233FA58BAE1636D25E4F92,SHA256=60B048B1E7EDBD61798F2518CF6207035A6AD3595AC214EB7BD0D1DF1E9F4BA8,IMPHASH=1D912FBA09E7394BDABB7BC6B6A6CDA1\r\nParentProcessGuid: {e12a69d9-1f99-6abf-2500-000000001700}\r\nParentProcessId: 2040\r\nParentImage: C:\\Windows\\System32\\svchost.exe\r\nParentCommandLine: C:\\Windows\\System32\\svchost.exe -k utcsvc -p\r\nParentUser: NT AUTHORITY\\SYSTEM\""},"eventdata":{"utcTime":"2026-10-02 03:06:04.757","processGuid":"{e12a69d9-1f9c-6abf-5400-000000001700}","processId":"3784","image":"C:\\\\Windows\\\\System32\\\\AggregatorHost.exe","commandLine":"AggregatorHost.exe","currentDirectory":"C:\\\\Windows\\\\system32\\\\","user":"NT AUTHORITY\\\\SYSTEM","logonGuid":"{e12a69d9-1f98-6abf-e703-000000000000}","logonId":"0x3e7","terminalSessionId":"0","integrityLevel":"System","hashes":"MD5=87E7B6059C233FA58BAE1636D25E4F92,SHA256=60B048B1E7EDBD61798F2518CF6207035A6AD3595AC214EB7BD0D1DF1E9F4BA8,IMPHASH=1D912FBA09E7394BDABB7BC6B6A6CDA1","parentProcessGuid":"{e12a69d9-1f99-6abf-2500-000000001700}","parentProcessId":"2040","parentImage":"C:\\\\Windows\\\\System32\\\\svchost.exe","parentCommandLine":"C:\\\\Windows\\\\System32\\\\svchost.exe -k utcsvc -p","parentUser":"NT AUTHORITY\\\\SYSTEM"}}},"location":"EventChannel"}
{"timestamp":"2026-10-02T03:06:34.644+0000","agent":{"id":"001","name":"SOC-WIN10","ip":"192.168.50.20"},"manager":{"name":"soc-wazuh"},"id":"1790910394.49539","full_log":"{\"win\":{\"system\":{\"providerName\":\"Microsoft-Windows-Sysmon\",\"providerGuid\":\"{5770385f-c22a-43e0-bf4c-06f5698ffbd9}\",\"eventID\":\"13\",\"version\":\"2\",\"level\":\"4\",\"task\":\"13\",\"opcode\":\"0\",\"keywords\":\"0x8000000000000000\",\"systemTime\":\"2026-10-02T03:06:06.3014287Z\",\"eventRecordID\":\"11286\",\"processID\":\"2140\",\"threadID\":\"4056\",\"channel\":\"Microsoft-Windows-Sysmon/Operational\",\"computer\":\"WIN10-01.SOC-LAB.LOCAL\",\"severityValue\":\"INFORMATION\",\"message\":\"\\\"Registry value set:\\r\\nRuleName: T1122\\r\\nEventType: SetValue\\r\\nUtcTime: 2026-10-02 03:06:04.863\\r\\nProcessGuid: {e12a69d9-1f99-6abf-2c00-000000001700}\\r\\nProcessId: 2148\\r\\nImage: C:\\\\ProgramData\\\\Microsoft\\\\Windows Defender\\\\platform\\\\4.18.26080.4-0\\\\MsMpEng.exe\\r\\nTargetObject: HKCR\\\\CLSID\\\\{2DCD7FDB-8809-48E4-8E4F-3157C57CF987}\\\\InprocServer32\\\\(Default)\\r\\nDetails: C:\\\\ProgramData\\\\Microsoft\\\\Windows Defender\\\\platform\\\\4.18.26080.4-0\\\\MPUXAGENT.DLL\\r\\nUser: NT AUTHORITY\\\\SYSTEM\\\"\"},\"eventdata\":{\"ruleName\":\"T1122\",\"eventType\":\"SetValue\",\"utcTime\":\"2026-10-02 03:06:04.863\",\"processGuid\":\"{e12a69d9-1f99-6abf-2c00-000000001700}\",\"processId\":\"2148\",\"image\":\"C:\\\\\\\\ProgramData\\\\\\\\Microsoft\\\\\\\\Windows Defender\\\\\\\\platform\\\\\\\\4.18.26080.4-0\\\\\\\\MsMpEng.exe\",\"targetObject\":\"HKCR\\\\\\\\CLSID\\\\\\\\{2DCD7FDB-8809-48E4-8E4F-3157C57CF987}\\\\\\\\InprocServer32\\\\\\\\(Default)\",\"details\":\"C:\\\\\\\\ProgramData\\\\\\\\Microsoft\\\\\\\\Windows Defender\\\\\\\\platform\\\\\\\\4.18.26080.4-0\\\\\\\\MPUXAGENT.DLL\",\"user\":\"NT AUTHORITY\\\\\\\\SYSTEM\"}}}","decoder":{"name":"windows_eventchannel"},"data":{"win":{"system":{"providerName":"Microsoft-Windows-Sysmon","providerGuid":"{5770385f-c22a-43e0-bf4c-06f5698ffbd9}","eventID":"13","version":"2","level":"4","task":"13","opcode":"0","keywords":"0x8000000000000000","systemTime":"2026-10-02T03:06:06.3014287Z","eventRecordID":"11286","processID":"2140","threadID":"4056","channel":"Microsoft-Windows-Sysmon/Operational","computer":"WIN10-01.SOC-LAB.LOCAL","severityValue":"INFORMATION","message":"\"Registry value set:\r\nRuleName: T1122\r\nEventType: SetValue\r\nUtcTime: 2026-10-02 03:06:04.863\r\nProcessGuid: {e12a69d9-1f99-6abf-2c00-000000001700}\r\nProcessId: 2148\r\nImage: C:\\ProgramData\\Microsoft\\Windows Defender\\platform\\4.18.26080.4-0\\MsMpEng.exe\r\nTargetObject: HKCR\\CLSID\\{2DCD7FDB-8809-48E4-8E4F-3157C57CF987}\\InprocServer32\\(Default)\r\nDetails: C:\\ProgramData\\Microsoft\\Windows Defender\\platform\\4.18.26080.4-0\\MPUXAGENT.DLL\r\nUser: NT AUTHORITY\\SYSTEM\""},"eventdata":{"ruleName":"T1122","eventType":"SetValue","utcTime":"2026-10-02 03:06:04.863","processGuid":"{e12a69d9-1f99-6abf-2c00-000000001700}","processId":"2148","image":"C:\\\\ProgramData\\\\Microsoft\\\\Windows Defender\\\\platform\\\\4.18.26080.4-0\\\\MsMpEng.exe","targetObject":"HKCR\\\\CLSID\\\\{2DCD7FDB-8809-48E4-8E4F-3157C57CF987}\\\\InprocServer32\\\\(Default)","details":"C:\\\\ProgramData\\\\Microsoft\\\\Windows Defender\\\\platform\\\\4.18.26080.4-0\\\\MPUXAGENT.DLL","user":"NT AUTHORITY\\\\SYSTEM"}}},"location":"EventChannel"}
{"timestamp":"2026-10-02T03:06:34.668+0000","agent":{"id":"001","name":"SOC-WIN10","ip":"192.168.50.20"},"manager":{"name":"soc-wazuh"},"id":"1790910394.49539","full_log":"{\"win\":{\"system\":{\"providerName\":\"Microsoft-Windows-Sysmon\",\"providerGuid\":\"{5770385f-c22a-43e0-bf4c-06f5698ffbd9}\",\"eventID\":\"13\",\"version\":\"2\",\"level\":\"4\",\"task\":\"13\",\"opcode\":\"0\",\"keywords\":\"0x8000000000000000\",\"systemTime\":\"2026-10-02T03:06:06.3015603Z\",\"eventRecordID\":\"11287\",\"processID\":\"2140\",\"threadID\":\"4056\",\"channel\":\"Microsoft-Windows-Sysmon/Operational\",\"computer\":\"WIN10-01.SOC-LAB.LOCAL\",\"severityValue\":\"INFORMATION\",\"message\":\"\\\"Registry value set:\\r\\nRuleName: T1122\\r\\nEventType: SetValue\\r\\nUtcTime: 2026-10-02 03:06:04.863\\r\\nProcessGuid: {e12a69d9-1f99-6abf-2c00-000000001700}\\r\\nProcessId: 2148\\r\\nImage: C:\\\\ProgramData\\\\Microsoft\\\\Windows Defender\\\\platform\\\\4.18.26080.4-0\\\\MsMpEng.exe\\r\\nTargetObject: HKCR\\\\CLSID\\\\{301065FE-60AD-49C8-B24D-97D598A6BD49}\\\\InprocServer32\\\\(Default)\\r\\nDetails: C:\\\\ProgramData\\\\Microsoft\\\\Windows Defender\\\\platform\\\\4.18.26080.4-0\\\\MPUXAGENT.DLL\\r\\nUser: NT AUTHORITY\\\\SYSTEM\\\"\"},\"eventdata\":{\"ruleName\":\"T1122\",\"eventType\":\"SetValue\",\"utcTime\":\"2026-10-02 03:06:04.863\",\"processGuid\":\"{e12a69d9-1f99-6abf-2c00-000000001700}\",\"processId\":\"2148\",\"image\":\"C:\\\\\\\\ProgramData\\\\\\\\Microsoft\\\\\\\\Windows Defender\\\\\\\\platform\\\\\\\\4.18.26080.4-0\\\\\\\\MsMpEng.exe\",\"targetObject\":\"HKCR\\\\\\\\CLSID\\\\\\\\{301065FE-60AD-49C8-B24D-97D598A6BD49}\\\\\\\\InprocServer32\\\\\\\\(Default)\",\"details\":\"C:\\\\\\\\ProgramData\\\\\\\\Microsoft\\\\\\\\Windows Defender\\\\\\\\platform\\\\\\\\4.18.26080.4-0\\\\\\\\MPUXAGENT.DLL\",\"user\":\"NT AUTHORITY\\\\\\\\SYSTEM\"}}}","decoder":{"name":"windows_eventchannel"},"data":{"win":{"system":{"providerName":"Microsoft-Windows-Sysmon","providerGuid":"{5770385f-c22a-43e0-bf4c-06f5698ffbd9}","eventID":"13","version":"2","level":"4","task":"13","opcode":"0","keywords":"0x8000000000000000","systemTime":"2026-10-02T03:06:06.3015603Z","eventRecordID":"11287","processID":"2140","threadID":"4056","channel":"Microsoft-Windows-Sysmon/Operational","computer":"WIN10-01.SOC-LAB.LOCAL","severityValue":"INFORMATION","message":"\"Registry value set:\r\nRuleName: T1122\r\nEventType: SetValue\r\nUtcTime: 2026-10-02 03:06:04.863\r\nProcessGuid: {e12a69d9-1f99-6abf-2c00-000000001700}\r\nProcessId: 2148\r\nImage: C:\\ProgramData\\Microsoft\\Windows Defender\\platform\\4.18.26080.4-0\\MsMpEng.exe\r\nTargetObject: HKCR\\CLSID\\{301065FE-60AD-49C8-B24D-97D598A6BD49}\\InprocServer32\\(Default)\r\nDetails: C:\\ProgramData\\Microsoft\\Windows Defender\\platform\\4.18.26080.4-0\\MPUXAGENT.DLL\r\nUser: NT AUTHORITY\\SYSTEM\""},"eventdata":{"ruleName":"T1122","eventType":"SetValue","utcTime":"2026-10-02 03:06:04.863","processGuid":"{e12a69d9-1f99-6abf-2c00-000000001700}","processId":"2148","image":"C:\\\\ProgramData\\\\Microsoft\\\\Windows Defender\\\\platform\\\\4.18.26080.4-0\\\\MsMpEng.exe","targetObject":"HKCR\\\\CLSID\\\\{301065FE-60AD-49C8-B24D-97D598A6BD49}\\\\InprocServer32\\\\(Default)","details":"C:\\\\ProgramData\\\\Microsoft\\\\Windows Defender\\\\platform\\\\4.18.26080.4-0\\\\MPUXAGENT.DLL","user":"NT AUTHORITY\\\\SYSTEM"}}},"location":"EventChannel"}
{"timestamp":"2026-10-02T03:06:34.681+0000","agent":{"id":"001","name":"SOC-WIN10","ip":"192.168.50.20"},"manager":{"name":"soc-wazuh"},"id":"1790910394.49539","full_log":"{\"win\":{\"system\":{\"providerName\":\"Microsoft-Windows-Sysmon\",\"providerGuid\":\"{5770385f-c22a-43e0-bf4c-06f5698ffbd9}\",\"eventID\":\"13\",\"version\":\"2\",\"level\":\"4\",\"task\":\"13\",\"opcode\":\"0\",\"keywords\":\"0x8000000000000000\",\"systemTime\":\"2026-10-02T03:06:06.3023413Z\",\"eventRecordID\":\"11288\",\"processID\":\"2140\",\"threadID\":\"4056\",\"channel\":\"Microsoft-Windows-Sysmon/Operational\",\"computer\":\"WIN10-01.SOC-LAB.LOCAL\",\"severityValue\":\"INFORMATION\",\"message\":\"\\\"Registry value set:\\r\\nRuleName: T1122\\r\\nEventType: SetValue\\r\\nUtcTime: 2026-10-02 03:06:04.863\\r\\nProcessGuid: {e12a69d9-1f99-6abf-2c00-000000001700}\\r\\nProcessId: 2148\\r\\nImage: C:\\\\ProgramData\\\\Microsoft\\\\Windows Defender\\\\platform\\\\4.18.26080.4-0\\\\MsMpEng.exe\\r\\nTargetObject: HKCR\\\\CLSID\\\\{4DB116D1-9B24-4DFC-946B-BFE03E852002}\\\\InProcServer32\\\\(Default)\\r\\nDetails: C:\\\\ProgramData\\\\Microsoft\\\\Windows Defender\\\\platform\\\\4.18.26080.4-0\\\\MPUXAGENT.DLL\\r\\nUser: NT AUTHORITY\\\\SYSTEM\\\"\"},\"eventdata\":{\"ruleName\":\"T1122\",\"eventType\":\"SetValue\",\"utcTime\":\"2026-10-02 03:06:04.863\",\"processGuid\":\"{e12a69d9-1f99-6abf-2c00-000000001700}\",\"processId\":\"2148\",\"image\":\"C:\\\\\\\\ProgramData\\\\\\\\Microsoft\\\\\\\\Windows Defender\\\\\\\\platform\\\\\\\\4.18.26080.4-0\\\\\\\\MsMpEng.exe\",\"targetObject\":\"HKCR\\\\\\\\CLSID\\\\\\\\{4DB116D1-9B24-4DFC-946B-BFE03E852002}\\\\\\\\InProcServer32\\\\\\\\(Default)\",\"details\":\"C:\\\\\\\\ProgramData\\\\\\\\Microsoft\\\\\\\\Windows Defender\\\\\\\\platform\\\\\\\\4.18.26080.4-0\\\\\\\\MPUXAGENT.DLL\",\"user\":\"NT AUTHORITY\\\\\\\\SYSTEM\"}}}","decoder":{"name":"windows_eventchannel"},"data":{"win":{"system":{"providerName":"Microsoft-Windows-Sysmon","providerGuid":"{5770385f-c22a-43e0-bf4c-06f5698ffbd9}","eventID":"13","version":"2","level":"4","task":"13","opcode":"0","keywords":"0x8000000000000000","systemTime":"2026-10-02T03:06:06.3023413Z","eventRecordID":"11288","processID":"2140","threadID":"4056","channel":"Microsoft-Windows-Sysmon/Operational","computer":"WIN10-01.SOC-LAB.LOCAL","severityValue":"INFORMATION","message":"\"Registry value set:\r\nRuleName: T1122\r\nEventType: SetValue\r\nUtcTime: 2026-10-02 03:06:04.863\r\nProcessGuid: {e12a69d9-1f99-6abf-2c00-000000001700}\r\nProcessId: 2148\r\nImage: C:\\ProgramData\\Microsoft\\Windows Defender\\platform\\4.18.26080.4-0\\MsMpEng.exe\r\nTargetObject: HKCR\\CLSID\\{4DB116D1-9B24-4DFC-946B-BFE03E852002}\\InProcServer32\\(Default)\r\nDetails: C:\\ProgramData\\Microsoft\\Windows Defender\\platform\\4.18.26080.4-0\\MPUXAGENT.DLL\r\nUser: NT AUTHORITY\\SYSTEM\""},"eventdata":{"ruleName":"T1122","eventType":"SetValue","utcTime":"2026-10-02 03:06:04.863","processGuid":"{e12a69d9-1f99-6abf-2c00-000000001700}","processId":"2148","image":"C:\\\\ProgramData\\\\Microsoft\\\\Windows Defender\\\\platform\\\\4.18.26080.4-0\\\\MsMpEng.exe","targetObject":"HKCR\\\\CLSID\\\\{4DB116D1-9B24-4DFC-946B-BFE03E852002}\\\\InProcServer32\\\\(Default)","details":"C:\\\\ProgramData\\\\Microsoft\\\\Windows Defender\\\\platform\\\\4.18.26080.4-0\\\\MPUXAGENT.DLL","user":"NT AUTHORITY\\\\SYSTEM"}}},"location":"EventChannel"}
{"timestamp":"2026-10-02T03:06:34.704+0000","agent":{"id":"001","name":"SOC-WIN10","ip":"192.168.50.20"},"manager":{"name":"soc-wazuh"},"id":"1790910394.49539","full_log":"{\"win\":{\"system\":{\"providerName\":\"Microsoft-Windows-Sysmon\",\"providerGuid\":\"{5770385f-c22a-43e0-bf4c-06f5698ffbd9}\",\"eventID\":\"1\",\"version\":\"5\",\"level\":\"4\",\"task\":\"1\",\"opcode\":\"0\",\"keywords\":\"0x8000000000000000\",\"systemTime\":\"2026-10-02T03:06:06.3040311Z\",\"eventRecordID\":\"11289\",\"processID\":\"2140\",\"threadID\":\"4056\",\"channel\":\"Microsoft-Windows-Sysmon/Operational\",\"computer\":\"WIN10-01.SOC-LAB.LOCAL\",\"severityValue\":\"INFORMATION\",\"message\":\"\\\"Process Create:\\r\\nRuleName: -\\r\\nUtcTime: 2026-10-02 03:06:04.880\\r\\nProcessGuid: {e12a69d9-1f9c-6abf-5600-000000001700}\\r\\nProcessId: 3856\\r\\nImage: C:\\\\Windows\\\\System32\\\\msdtc.exe\\r\\nFileVersion: 2001.12.10941.16384 (WinBuild.160101.0800)\\r\\nDescription: Microsoft Distributed Transaction Coordinator Service\\r\\nProduct: Microsoft® Windows® Operating System\\r\\nCompany: Microsoft Corporation\\r\\nOriginalFileName: MSDTC.EXE\\r\\nCommandLine: C:\\\\Windows\\\\System32\\\\msdtc.exe\\r\\nCurrentDirectory: C:\\\\Windows\\\\system32\\\\\\r\\nUser: NT AUTHORITY\\\\NETWORK SERVICE\\r\\nLogonGuid: {e12a69d9-1f98-6abf-e403-000000000000}\\r\\nLogonId: 0x3E4\\r\\nTerminalSessionId: 0\\r\\nIntegrityLevel: System\\r\\nHashes: MD5=B53248F671202A55E1DC812E9D955B9F,SHA256=C8543A07C195130F7D615C101FAC90FFA1AE38137E06BD6AAABB51E6F0184C7C,IMPHASH=3C631DEDC9C5020EEA535C9B35C97488\\r\\nParentProcessGuid: {e12a69d9-1f98-6abf-0b00-000000001700}\\r\\nParentProcessId: 684\\r\\nParentImage: C:\\\\Windows\\\\System32\\\\services.exe\\r\\nParentCommandLine: C:\\\\Windows\\\\system32\\\\services.exe\\r\\nParentUser: NT AUTHORITY\\\\SYSTEM\\\"\"},\"eventdata\":{\"utcTime\":\"2026-10-02 03:06:04.880\",\"processGuid\":\"{e12a69d9-1f9c-6abf-5600-000000001700}\",\"processId\":\"3856\",\"image\":\"C:\\\\\\\\Windows\\\\\\\\System32\\\\\\\\msdtc.exe\",\"fileVersion\":\"2001.12.10941.16384 (WinBuild.160101.0800)\",\"description\":\"Microsoft Distributed Transaction Coordinator Service\",\"product\":\"Microsoft® Windows® Operating System\",\"company\":\"Microsoft Corporation\",\"originalFileName\":\"MSDTC.EXE\",\"commandLine\":\"C:\\\\\\\\Windows\\\\\\\\System32\\\\\\\\msdtc.exe\",\"currentDirectory\":\"C:\\\\\\\\Windows\\\\\\\\system32\\\\\\\\\",\"user\":\"NT AUTHORITY\\\\\\\\NETWORK SERVICE\",\"logonGuid\":\"{e12a69d9-1f98-6abf-e403-000000000000}\",\"logonId\":\"0x3e4\",\"terminalSessionId\":\"0\",\"integrityLevel\":\"System\",\"hashes\":\"MD5=B53248F671202A55E1DC812E9D955B9F,SHA256=C8543A07C195130F7D615C101FAC90FFA1AE38137E06BD6AAABB51E6F0184C7C,IMPHASH=3C631DEDC9C5020EEA535C9B35C97488\",\"parentProcessGuid\":\"{e12a69d9-1f98-6abf-0b00-000000001700}\",\"parentProcessId\":\"684\",\"parentImage\":\"C:\\\\\\\\Windows\\\\\\\\System32\\\\\\\\services.exe\",\"parentCommandLine\":\"C:\\\\\\\\Windows\\\\\\\\system32\\\\\\\\services.exe\",\"parentUser\":\"NT AUTHORITY\\\\\\\\SYSTEM\"}}}","decoder":{"name":"windows_eventchannel"},"data":{"win":{"system":{"providerName":"Microsoft-Windows-Sysmon","providerGuid":"{5770385f-c22a-43e0-bf4c-06f5698ffbd9}","eventID":"1","version":"5","level":"4","task":"1","opcode":"0","keywords":"0x8000000000000000","systemTime":"2026-10-02T03:06:06.3040311Z","eventRecordID":"11289","processID":"2140","threadID":"4056","channel":"Microsoft-Windows-Sysmon/Operational","computer":"WIN10-01.SOC-LAB.LOCAL","severityValue":"INFORMATION","message":"\"Process Create:\r\nRuleName: -\r\nUtcTime: 2026-10-02 03:06:04.880\r\nProcessGuid: {e12a69d9-1f9c-6abf-5600-000000001700}\r\nProcessId: 3856\r\nImage: C:\\Windows\\System32\\msdtc.exe\r\nFileVersion: 2001.12.10941.16384 (WinBuild.160101.0800)\r\nDescription: Microsoft Distributed Transaction Coordinator Service\r\nProduct: Microsoft® Windows® Operating System\r\nCompany: Microsoft Corporation\r\nOriginalFileName: MSDTC.EXE\r\nCommandLine: C:\\Windows\\System32\\msdtc.exe\r\nCurrentDirectory: C:\\Windows\\system32\\\r\nUser: NT AUTHORITY\\NETWORK SERVICE\r\nLogonGuid: {e12a69d9-1f98-6abf-e403-000000000000}\r\nLogonId: 0x3E4\r\nTerminalSessionId: 0\r\nIntegrityLevel: System\r\nHashes: MD5=B53248F671202A55E1DC812E9D955B9F,SHA256=C8543A07C195130F7D615C101FAC90FFA1AE38137E06BD6AAABB51E6F0184C7C,IMPHASH=3C631DEDC9C5020EEA535C9B35C97488\r\nParentProcessGuid: {e12a69d9-1f98-6abf-0b00-000000001700}\r\nParentProcessId: 684\r\nParentImage: C:\\Windows\\System32\\services.exe\r\nParentCommandLine: C:\\Windows\\system32\\services.exe\r\nParentUser: NT AUTHORITY\\SYSTEM\""},"eventdata":{"utcTime":"2026-10-02 03:06:04.880","processGuid":"{e12a69d9-1f9c-6abf-5600-000000001700}","processId":"3856","image":"C:\\\\Windows\\\\System32\\\\msdtc.exe","fileVersion":"2001.12.10941.16384 (WinBuild.160101.0800)","description":"Microsoft Distributed Transaction Coordinator Service","product":"Microsoft® Windows® Operating System","company":"Microsoft Corporation","originalFileName":"MSDTC.EXE","commandLine":"C:\\\\Windows\\\\System32\\\\msdtc.exe","currentDirectory":"C:\\\\Windows\\\\system32\\\\","user":"NT AUTHORITY\\\\NETWORK SERVICE","logonGuid":"{e12a69d9-1f98-6abf-e403-000000000000}","logonId":"0x3e4","terminalSessionId":"0","integrityLevel":"System","hashes":"MD5=B53248F671202A55E1DC812E9D955B9F,SHA256=C8543A07C195130F7D615C101FAC90FFA1AE38137E06BD6AAABB51E6F0184C7C,IMPHASH=3C631DEDC9C5020EEA535C9B35C97488","parentProcessGuid":"{e12a69d9-1f98-6abf-0b00-000000001700}","parentProcessId":"684","parentImage":"C:\\\\Windows\\\\System32\\\\services.exe","parentCommandLine":"C:\\\\Windows\\\\system32\\\\services.exe","parentUser":"NT AUTHORITY\\\\SYSTEM"}}},"location":"EventChannel"}
{"timestamp":"2026-10-02T03:06:34.712+0000","agent":{"id":"001","name":"SOC-WIN10","ip":"192.168.50.20"},"manager":{"name":"soc-wazuh"},"id":"1790910394.49539","full_log":"{\"win\":{\"system\":{\"providerName\":\"Microsoft-Windows-Sysmon\",\"providerGuid\":\"{5770385f-c22a-43e0-bf4c-06f5698ffbd9}\",\"eventID\":\"13\",\"version\":\"2\",\"level\":\"4\",\"task\":\"13\",\"opcode\":\"0\",\"keywords\":\"0x8000000000000000\",\"systemTime\":\"2026-10-02T03:06:06.3042089Z\",\"eventRecordID\":\"11290\",\"processID\":\"2140\",\"threadID\":\"4056\",\"channel\":\"Microsoft-Windows-Sysmon/Operational\",\"computer\":\"WIN10-01.SOC-LAB.LOCAL\",\"severityValue\":\"INFORMATION\",\"message\":\"\\\"Registry value set:\\r\\nRuleName: -\\r\\nEventType: SetValue\\r\\nUtcTime: 2026-10-02 03:06:04.879\\r\\nProcessGuid: {e12a69d9-1f99-6abf-2c00-000000001700}\\r\\nProcessId: 2148\\r\\nImage: C:\\\\ProgramData\\\\Microsoft\\\\Windows Defender\\\\platform\\\\4.18.26080.4-0\\\\MsMpEng.exe\\r\\nTargetObject: HKCR\\\\*\\\\shellex\\\\ContextMenuHandlers\\\\EPP\\\\(Default)\\r\\nDetails: {09A47860-11B0-4DA5-AFA5-26D86198A780}\\r\\nUser: NT AUTHORITY\\\\SYSTEM\\\"\"},\"eventdata\":{\"eventType\":\"SetValue\",\"utcTime\":\"2026-10-02 03:06:04.879\",\"processGuid\":\"{e12a69d9-1f99-6abf-2c00-000000001700}\",\"processId\":\"2148\",\"image\":\"C:\\\\\\\\ProgramData\\\\\\\\Microsoft\\\\\\\\Windows Defender\\\\\\\\platform\\\\\\\\4.18.26080.4-0\\\\\\\\MsMpEng.exe\",\"targetObject\":\"HKCR\\\\\\\\*\\\\\\\\shellex\\\\\\\\ContextMenuHandlers\\\\\\\\EPP\\\\\\\\(Default)\",\"details\":\"{09A47860-11B0-4DA5-AFA5-26D86198A780}\",\"user\":\"NT AUTHORITY\\\\\\\\SYSTEM\"}}}","decoder":{"name":"windows_eventchannel"},"data":{"win":{"system":{"providerName":"Microsoft-Windows-Sysmon","providerGuid":"{5770385f-c22a-43e0-bf4c-06f5698ffbd9}","eventID":"13","version":"2","level":"4","task":"13","opcode":"0","keywords":"0x8000000000000000","systemTime":"2026-10-02T03:06:06.3042089Z","eventRecordID":"11290","processID":"2140","threadID":"4056","channel":"Microsoft-Windows-Sysmon/Operational","computer":"WIN10-01.SOC-LAB.LOCAL","severityValue":"INFORMATION","message":"\"Registry value set:\r\nRuleName: -\r\nEventType: SetValue\r\nUtcTime: 2026-10-02 03:06:04.879\r\nProcessGuid: {e12a69d9-1f99-6abf-2c00-000000001700}\r\nProcessId: 2148\r\nImage: C:\\ProgramData\\Microsoft\\Windows Defender\\platform\\4.18.26080.4-0\\MsMpEng.exe\r\nTargetObject: HKCR\\*\\shellex\\ContextMenuHandlers\\EPP\\(Default)\r\nDetails: {09A47860-11B0-4DA5-AFA5-26D86198A780}\r\nUser: NT AUTHORITY\\SYSTEM\""},"eventdata":{"eventType":"SetValue","utcTime":"2026-10-02 03:06:04.879","processGuid":"{e12a69d9-1f99-6abf-2c00-000000001700}","processId":"2148","image":"C:\\\\ProgramData\\\\Microsoft\\\\Windows Defender\\\\platform\\\\4.18.26080.4-0\\\\MsMpEng.exe","targetObject":"HKCR\\\\*\\\\shellex\\\\ContextMenuHandlers\\\\EPP\\\\(Default)","details":"{09A47860-11B0-4DA5-AFA5-26D86198A780}","user":"NT AUTHORITY\\\\SYSTEM"}}},"location":"EventChannel"}
{"timestamp":"2026-10-02T03:06:34.742+0000","agent":{"id":"001","name":"SOC-WIN10","ip":"192.168.50.20"},"manager":{"name":"soc-wazuh"},"id":"1790910394.49539","full_log":"{\"win\":{\"system\":{\"providerName\":\"Microsoft-Windows-Sysmon\",\"providerGuid\":\"{5770385f-c22a-43e0-bf4c-06f5698ffbd9}\",\"eventID\":\"13\",\"version\":\"2\",\"level\":\"4\",\"task\":\"13\",\"opcode\":\"0\",\"keywords\":\"0x8000000000000000\",\"systemTime\":\"2026-10-02T03:06:06.3042355Z\",\"eventRecordID\":\"11291\",\"processID\":\"2140\",\"threadID\":\"4056\",\"channel\":\"Microsoft-Windows-Sysmon/Operational\",\"computer\":\"WIN10-01.SOC-LAB.LOCAL\",\"severityValue\":\"INFORMATION\",\"message\":\"\\\"Registry value set:\\r\\nRuleName: -\\r\\nEventType: SetValue\\r\\nUtcTime: 2026-10-02 03:06:04.879\\r\\nProcessGuid: {e12a69d9-1f99-6abf-2c00-000000001700}\\r\\nProcessId: 2148\\r\\nImage: C:\\\\ProgramData\\\\Microsoft\\\\Windows Defender\\\\platform\\\\4.18.26080.4-0\\\\MsMpEng.exe\\r\\nTargetObject: HKCR\\\\Drive\\\\shellex\\\\ContextMenuHandlers\\\\EPP\\\\(Default)\\r\\nDetails: {09A47860-11B0-4DA5-AFA5-26D86198A780}\\r\\nUser: NT AUTHORITY\\\\SYSTEM\\\"\"},\"eventdata\":{\"eventType\":\"SetValue\",\"utcTime\":\"2026-10-02 03:06:04.879\",\"processGuid\":\"{e12a69d9-1f99-6abf-2c00-000000001700}\",\"processId\":\"2148\",\"image\":\"C:\\\\\\\\ProgramData\\\\\\\\Microsoft\\\\\\\\Windows Defender\\\\\\\\platform\\\\\\\\4.18.26080.4-0\\\\\\\\MsMpEng.exe\",\"targetObject\":\"HKCR\\\\\\\\Drive\\\\\\\\shellex\\\\\\\\ContextMenuHandlers\\\\\\\\EPP\\\\\\\\(Default)\",\"details\":\"{09A47860-11B0-4DA5-AFA5-26D86198A780}\",\"user\":\"NT AUTHORITY\\\\\\\\SYSTEM\"}}}","decoder":{"name":"windows_eventchannel"},"data":{"win":{"system":{"providerName":"Microsoft-Windows-Sysmon","providerGuid":"{5770385f-c22a-43e0-bf4c-06f5698ffbd9}","eventID":"13","version":"2","level":"4","task":"13","opcode":"0","keywords":"0x8000000000000000","systemTime":"2026-10-02T03:06:06.3042355Z","eventRecordID":"11291","processID":"2140","threadID":"4056","channel":"Microsoft-Windows-Sysmon/Operational","computer":"WIN10-01.SOC-LAB.LOCAL","severityValue":"INFORMATION","message":"\"Registry value set:\r\nRuleName: -\r\nEventType: SetValue\r\nUtcTime: 2026-10-02 03:06:04.879\r\nProcessGuid: {e12a69d9-1f99-6abf-2c00-000000001700}\r\nProcessId: 2148\r\nImage: C:\\ProgramData\\Microsoft\\Windows Defender\\platform\\4.18.26080.4-0\\MsMpEng.exe\r\nTargetObject: HKCR\\Drive\\shellex\\ContextMenuHandlers\\EPP\\(Default)\r\nDetails: {09A47860-11B0-4DA5-AFA5-26D86198A780}\r\nUser: NT AUTHORITY\\SYSTEM\""},"eventdata":{"eventType":"SetValue","utcTime":"2026-10-02 03:06:04.879","processGuid":"{e12a69d9-1f99-6abf-2c00-000000001700}","processId":"2148","image":"C:\\\\ProgramData\\\\Microsoft\\\\Windows Defender\\\\platform\\\\4.18.26080.4-0\\\\MsMpEng.exe","targetObject":"HKCR\\\\Drive\\\\shellex\\\\ContextMenuHandlers\\\\EPP\\\\(Default)","details":"{09A47860-11B0-4DA5-AFA5-26D86198A780}","user":"NT AUTHORITY\\\\SYSTEM"}}},"location":"EventChannel"}
{"timestamp":"2026-10-02T03:06:34.781+0000","agent":{"id":"001","name":"SOC-WIN10","ip":"192.168.50.20"},"manager":{"name":"soc-wazuh"},"id":"1790910394.49539","full_log":"{\"win\":{\"system\":{\"providerName\":\"Microsoft-Windows-Sysmon\",\"providerGuid\":\"{5770385f-c22a-43e0-bf4c-06f5698ffbd9}\",\"eventID\":\"13\",\"version\":\"2\",\"level\":\"4\",\"task\":\"13\",\"opcode\":\"0\",\"keywords\":\"0x8000000000000000\",\"systemTime\":\"2026-10-02T03:06:06.3042727Z\",\"eventRecordID\":\"11292\",\"processID\":\"2140\",\"threadID\":\"4056\",\"channel\":\"Microsoft-Windows-Sysmon/Operational\",\"computer\":\"WIN10-01.SOC-LAB.LOCAL\",\"severityValue\":\"INFORMATION\",\"message\":\"\\\"Registry value set:\\r\\nRuleName: -\\r\\nEventType: SetValue\\r\\nUtcTime: 2026-10-02 03:06:04.879\\r\\nProcessGuid: {e12a69d9-1f99-6abf-2c00-000000001700}\\r\\nProcessId: 2148\\r\\nImage: C:\\\\ProgramData\\\\Microsoft\\\\Windows Defender\\\\platform\\\\4.18.26080.4-0\\\\MsMpEng.exe\\r\\nTargetObject: HKCR\\\\Directory\\\\shellex\\\\ContextMenuHandlers\\\\EPP\\\\(Default)\\r\\nDetails: {09A47860-11B0-4DA5-AFA5-26D86198A780}\\r\\nUser: NT AUTHORITY\\\\SYSTEM\\\"\"},\"eventdata\":{\"eventType\":\"SetValue\",\"utcTime\":\"2026-10-02 03:06:04.879\",\"processGuid\":\"{e12a69d9-1f99-6abf-2c00-000000001700}\",\"processId\":\"2148\",\"image\":\"C:\\\\\\\\ProgramData\\\\\\\\Microsoft\\\\\\\\Windows Defender\\\\\\\\platform\\\\\\\\4.18.26080.4-0\\\\\\\\MsMpEng.exe\",\"targetObject\":\"HKCR\\\\\\\\Directory\\\\\\\\shellex\\\\\\\\ContextMenuHandlers\\\\\\\\EPP\\\\\\\\(Default)\",\"details\":\"{09A47860-11B0-4DA5-AFA5-26D86198A780}\",\"user\":\"NT AUTHORITY\\\\\\\\SYSTEM\"}}}","decoder":{"name":"windows_eventchannel"},"data":{"win":{"system":{"providerName":"Microsoft-Windows-Sysmon","providerGuid":"{5770385f-c22a-43e0-bf4c-06f5698ffbd9}","eventID":"13","version":"2","level":"4","task":"13","opcode":"0","keywords":"0x8000000000000000","systemTime":"2026-10-02T03:06:06.3042727Z","eventRecordID":"11292","processID":"2140","threadID":"4056","channel":"Microsoft-Windows-Sysmon/Operational","computer":"WIN10-01.SOC-LAB.LOCAL","severityValue":"INFORMATION","message":"\"Registry value set:\r\nRuleName: -\r\nEventType: SetValue\r\nUtcTime: 2026-10-02 03:06:04.879\r\nProcessGuid: {e12a69d9-1f99-6abf-2c00-000000001700}\r\nProcessId: 2148\r\nImage: C:\\ProgramData\\Microsoft\\Windows Defender\\platform\\4.18.26080.4-0\\MsMpEng.exe\r\nTargetObject: HKCR\\Directory\\shellex\\ContextMenuHandlers\\EPP\\(Default)\r\nDetails: {09A47860-11B0-4DA5-AFA5-26D86198A780}\r\nUser: NT AUTHORITY\\SYSTEM\""},"eventdata":{"eventType":"SetValue","utcTime":"2026-10-02 03:06:04.879","processGuid":"{e12a69d9-1f99-6abf-2c00-000000001700}","processId":"2148","image":"C:\\\\ProgramData\\\\Microsoft\\\\Windows Defender\\\\platform\\\\4.18.26080.4-0\\\\MsMpEng.exe","targetObject":"HKCR\\\\Directory\\\\shellex\\\\ContextMenuHandlers\\\\EPP\\\\(Default)","details":"{09A47860-11B0-4DA5-AFA5-26D86198A780}","user":"NT AUTHORITY\\\\SYSTEM"}}},"location":"EventChannel"}
{"timestamp":"2026-10-02T03:06:34.809+0000","agent":{"id":"001","name":"SOC-WIN10","ip":"192.168.50.20"},"manager":{"name":"soc-wazuh"},"id":"1790910394.49539","full_log":"{\"win\":{\"system\":{\"providerName\":\"Microsoft-Windows-Sysmon\",\"providerGuid\":\"{5770385f-c22a-43e0-bf4c-06f5698ffbd9}\",\"eventID\":\"13\",\"version\":\"2\",\"level\":\"4\",\"task\":\"13\",\"opcode\":\"0\",\"keywords\":\"0x8000000000000000\",\"systemTime\":\"2026-10-02T03:06:06.3042995Z\",\"eventRecordID\":\"11293\",\"processID\":\"2140\",\"threadID\":\"4056\",\"channel\":\"Microsoft-Windows-Sysmon/Operational\",\"computer\":\"WIN10-01.SOC-LAB.LOCAL\",\"severityValue\":\"INFORMATION\",\"message\":\"\\\"Registry value set:\\r\\nRuleName: -\\r\\nEventType: SetValue\\r\\nUtcTime: 2026-10-02 03:06:04.879\\r\\nProcessGuid: {e12a69d9-1f99-6abf-2c00-000000001700}\\r\\nProcessId: 2148\\r\\nImage: C:\\\\ProgramData\\\\Microsoft\\\\Windows Defender\\\\platform\\\\4.18.26080.4-0\\\\MsMpEng.exe\\r\\nTargetObject: HKCR\\\\.msix\\\\ShellEx\\\\ContextMenuHandlers\\\\EPP\\\\(Default)\\r\\nDetails: {09A47860-11B0-4DA5-AFA5-26D86198A780}\\r\\nUser: NT AUTHORITY\\\\SYSTEM\\\"\"},\"eventdata\":{\"eventType\":\"SetValue\",\"utcTime\":\"2026-10-02 03:06:04.879\",\"processGuid\":\"{e12a69d9-1f99-6abf-2c00-000000001700}\",\"processId\":\"2148\",\"image\":\"C:\\\\\\\\ProgramData\\\\\\\\Microsoft\\\\\\\\Windows Defender\\\\\\\\platform\\\\\\\\4.18.26080.4-0\\\\\\\\MsMpEng.exe\",\"targetObject\":\"HKCR\\\\\\\\.msix\\\\\\\\ShellEx\\\\\\\\ContextMenuHandlers\\\\\\\\EPP\\\\\\\\(Default)\",\"details\":\"{09A47860-11B0-4DA5-AFA5-26D86198A780}\",\"user\":\"NT AUTHORITY\\\\\\\\SYSTEM\"}}}","decoder":{"name":"windows_eventchannel"},"data":{"win":{"system":{"providerName":"Microsoft-Windows-Sysmon","providerGuid":"{5770385f-c22a-43e0-bf4c-06f5698ffbd9}","eventID":"13","version":"2","level":"4","task":"13","opcode":"0","keywords":"0x8000000000000000","systemTime":"2026-10-02T03:06:06.3042995Z","eventRecordID":"11293","processID":"2140","threadID":"4056","channel":"Microsoft-Windows-Sysmon/Operational","computer":"WIN10-01.SOC-LAB.LOCAL","severityValue":"INFORMATION","message":"\"Registry value set:\r\nRuleName: -\r\nEventType: SetValue\r\nUtcTime: 2026-10-02 03:06:04.879\r\nProcessGuid: {e12a69d9-1f99-6abf-2c00-000000001700}\r\nProcessId: 2148\r\nImage: C:\\ProgramData\\Microsoft\\Windows Defender\\platform\\4.18.26080.4-0\\MsMpEng.exe\r\nTargetObject: HKCR\\.msix\\ShellEx\\ContextMenuHandlers\\EPP\\(Default)\r\nDetails: {09A47860-11B0-4DA5-AFA5-26D86198A780}\r\nUser: NT AUTHORITY\\SYSTEM\""},"eventdata":{"eventType":"SetValue","utcTime":"2026-10-02 03:06:04.879","processGuid":"{e12a69d9-1f99-6abf-2c00-000000001700}","processId":"2148","image":"C:\\\\ProgramData\\\\Microsoft\\\\Windows Defender\\\\platform\\\\4.18.26080.4-0\\\\MsMpEng.exe","targetObject":"HKCR\\\\.msix\\\\ShellEx\\\\ContextMenuHandlers\\\\EPP\\\\(Default)","details":"{09A47860-11B0-4DA5-AFA5-26D86198A780}","user":"NT AUTHORITY\\\\SYSTEM"}}},"location":"EventChannel"}
{"timestamp":"2026-10-02T03:06:34.863+0000","agent":{"id":"001","name":"SOC-WIN10","ip":"192.168.50.20"},"manager":{"name":"soc-wazuh"},"id":"1790910394.49539","full_log":"{\"win\":{\"system\":{\"providerName\":\"Microsoft-Windows-Sysmon\",\"providerGuid\":\"{5770385f-c22a-43e0-bf4c-06f5698ffbd9}\",\"eventID\":\"13\",\"version\":\"2\",\"level\":\"4\",\"task\":\"13\",\"opcode\":\"0\",\"keywords\":\"0x8000000000000000\",\"systemTime\":\"2026-10-02T03:06:06.3043248Z\",\"eventRecordID\":\"11294\",\"processID\":\"2140\",\"threadID\":\"4056\",\"channel\":\"Microsoft-Windows-Sysmon/Operational\",\"computer\":\"WIN10-01.SOC-LAB.LOCAL\",\"severityValue\":\"INFORMATION\",\"message\":\"\\\"Registry value set:\\r\\nRuleName: -\\r\\nEventType: SetValue\\r\\nUtcTime: 2026-10-02 03:06:04.879\\r\\nProcessGuid: {e12a69d9-1f99-6abf-2c00-000000001700}\\r\\nProcessId: 2148\\r\\nImage: C:\\\\ProgramData\\\\Microsoft\\\\Windows Defender\\\\platform\\\\4.18.26080.4-0\\\\MsMpEng.exe\\r\\nTargetObject: HKCR\\\\.appx\\\\ShellEx\\\\ContextMenuHandlers\\\\EPP\\\\(Default)\\r\\nDetails: {09A47860-11B0-4DA5-AFA5-26D86198A780}\\r\\nUser: NT AUTHORITY\\\\SYSTEM\\\"\"},\"eventdata\":{\"eventType\":\"SetValue\",\"utcTime\":\"2026-10-02 03:06:04.879\",\"processGuid\":\"{e12a69d9-1f99-6abf-2c00-000000001700}\",\"processId\":\"2148\",\"image\":\"C:\\\\\\\\ProgramData\\\\\\\\Microsoft\\\\\\\\Windows Defender\\\\\\\\platform\\\\\\\\4.18.26080.4-0\\\\\\\\MsMpEng.exe\",\"targetObject\":\"HKCR\\\\\\\\.appx\\\\\\\\ShellEx\\\\\\\\ContextMenuHandlers\\\\\\\\EPP\\\\\\\\(Default)\",\"details\":\"{09A47860-11B0-4DA5-AFA5-26D86198A780}\",\"user\":\"NT AUTHORITY\\\\\\\\SYSTEM\"}}}","decoder":{"name":"windows_eventchannel"},"data":{"win":{"system":{"providerName":"Microsoft-Windows-Sysmon","providerGuid":"{5770385f-c22a-43e0-bf4c-06f5698ffbd9}","eventID":"13","version":"2","level":"4","task":"13","opcode":"0","keywords":"0x8000000000000000","systemTime":"2026-10-02T03:06:06.3043248Z","eventRecordID":"11294","processID":"2140","threadID":"4056","channel":"Microsoft-Windows-Sysmon/Operational","computer":"WIN10-01.SOC-LAB.LOCAL","severityValue":"INFORMATION","message":"\"Registry value set:\r\nRuleName: -\r\nEventType: SetValue\r\nUtcTime: 2026-10-02 03:06:04.879\r\nProcessGuid: {e12a69d9-1f99-6abf-2c00-000000001700}\r\nProcessId: 2148\r\nImage: C:\\ProgramData\\Microsoft\\Windows Defender\\platform\\4.18.26080.4-0\\MsMpEng.exe\r\nTargetObject: HKCR\\.appx\\ShellEx\\ContextMenuHandlers\\EPP\\(Default)\r\nDetails: {09A47860-11B0-4DA5-AFA5-26D86198A780}\r\nUser: NT AUTHORITY\\SYSTEM\""},"eventdata":{"eventType":"SetValue","utcTime":"2026-10-02 03:06:04.879","processGuid":"{e12a69d9-1f99-6abf-2c00-000000001700}","processId":"2148","image":"C:\\\\ProgramData\\\\Microsoft\\\\Windows Defender\\\\platform\\\\4.18.26080.4-0\\\\MsMpEng.exe","targetObject":"HKCR\\\\.appx\\\\ShellEx\\\\ContextMenuHandlers\\\\EPP\\\\(Default)","details":"{09A47860-11B0-4DA5-AFA5-26D86198A780}","user":"NT AUTHORITY\\\\SYSTEM"}}},"location":"EventChannel"}
{"timestamp":"2026-10-02T03:06:34.864+0000","agent":{"id":"001","name":"SOC-WIN10","ip":"192.168.50.20"},"manager":{"name":"soc-wazuh"},"id":"1790910394.49539","full_log":"{\"win\":{\"system\":{\"providerName\":\"Microsoft-Windows-Sysmon\",\"providerGuid\":\"{5770385f-c22a-43e0-bf4c-06f5698ffbd9}\",\"eventID\":\"13\",\"version\":\"2\",\"level\":\"4\",\"task\":\"13\",\"opcode\":\"0\",\"keywords\":\"0x8000000000000000\",\"systemTime\":\"2026-10-02T03:06:06.3043504Z\",\"eventRecordID\":\"11295\",\"processID\":\"2140\",\"threadID\":\"4056\",\"channel\":\"Microsoft-Windows-Sysmon/Operational\",\"computer\":\"WIN10-01.SOC-LAB.LOCAL\",\"severityValue\":\"INFORMATION\",\"message\":\"\\\"Registry value set:\\r\\nRuleName: -\\r\\nEventType: SetValue\\r\\nUtcTime: 2026-10-02 03:06:04.879\\r\\nProcessGuid: {e12a69d9-1f99-6abf-2c00-000000001700}\\r\\nProcessId: 2148\\r\\nImage: C:\\\\ProgramData\\\\Microsoft\\\\Windows Defender\\\\platform\\\\4.18.26080.4-0\\\\MsMpEng.exe\\r\\nTargetObject: HKCR\\\\.msixbundle\\\\ShellEx\\\\ContextMenuHandlers\\\\EPP\\\\(Default)\\r\\nDetails: {09A47860-11B0-4DA5-AFA5-26D86198A780}\\r\\nUser: NT AUTHORITY\\\\SYSTEM\\\"\"},\"eventdata\":{\"eventType\":\"SetValue\",\"utcTime\":\"2026-10-02 03:06:04.879\",\"processGuid\":\"{e12a69d9-1f99-6abf-2c00-000000001700}\",\"processId\":\"2148\",\"image\":\"C:\\\\\\\\ProgramData\\\\\\\\Microsoft\\\\\\\\Windows Defender\\\\\\\\platform\\\\\\\\4.18.26080.4-0\\\\\\\\MsMpEng.exe\",\"targetObject\":\"HKCR\\\\\\\\.msixbundle\\\\\\\\ShellEx\\\\\\\\ContextMenuHandlers\\\\\\\\EPP\\\\\\\\(Default)\",\"details\":\"{09A47860-11B0-4DA5-AFA5-26D86198A780}\",\"user\":\"NT AUTHORITY\\\\\\\\SYSTEM\"}}}","decoder":{"name":"windows_eventchannel"},"data":{"win":{"system":{"providerName":"Microsoft-Windows-Sysmon","providerGuid":"{5770385f-c22a-43e0-bf4c-06f5698ffbd9}","eventID":"13","version":"2","level":"4","task":"13","opcode":"0","keywords":"0x8000000000000000","systemTime":"2026-10-02T03:06:06.3043504Z","eventRecordID":"11295","processID":"2140","threadID":"4056","channel":"Microsoft-Windows-Sysmon/Operational","computer":"WIN10-01.SOC-LAB.LOCAL","severityValue":"INFORMATION","message":"\"Registry value set:\r\nRuleName: -\r\nEventType: SetValue\r\nUtcTime: 2026-10-02 03:06:04.879\r\nProcessGuid: {e12a69d9-1f99-6abf-2c00-000000001700}\r\nProcessId: 2148\r\nImage: C:\\ProgramData\\Microsoft\\Windows Defender\\platform\\4.18.26080.4-0\\MsMpEng.exe\r\nTargetObject: HKCR\\.msixbundle\\ShellEx\\ContextMenuHandlers\\EPP\\(Default)\r\nDetails: {09A47860-11B0-4DA5-AFA5-26D86198A780}\r\nUser: NT AUTHORITY\\SYSTEM\""},"eventdata":{"eventType":"SetValue","utcTime":"2026-10-02 03:06:04.879","processGuid":"{e12a69d9-1f99-6abf-2c00-000000001700}","processId":"2148","image":"C:\\\\ProgramData\\\\Microsoft\\\\Windows Defender\\\\platform\\\\4.18.26080.4-0\\\\MsMpEng.exe","targetObject":"HKCR\\\\.msixbundle\\\\ShellEx\\\\ContextMenuHandlers\\\\EPP\\\\(Default)","details":"{09A47860-11B0-4DA5-AFA5-26D86198A780}","user":"NT AUTHORITY\\\\SYSTEM"}}},"location":"EventChannel"}
