{"timestamp":"2026-10-02T03:06:33.841+0000","agent":{"id":"001","name":"SOC-WIN10","ip":"192.168.50.20"},"manager":{"name":"soc-wazuh"},"id":"1790910393.49539","full_log":"{\"win\":{\"system\":{\"providerName\":\"Microsoft-Windows-Sysmon\",\"providerGuid\":\"{5770385f-c22a-43e0-bf4c-06f5698ffbd9}\",\"eventID\":\"13\",\"version\":\"2\",\"level\":\"4\",\"task\":\"13\",\"opcode\":\"0\",\"keywords\":\"0x8000000000000000\",\"systemTime\":\"2026-10-02T03:06:06.2746829Z\",\"eventRecordID\":\"11264\",\"processID\":\"2140\",\"threadID\":\"4056\",\"channel\":\"Microsoft-Windows-Sysmon/Operational\",\"computer\":\"WIN10-01.SOC-LAB.LOCAL\",\"severityValue\":\"INFORMATION\",\"message\":\"\\\"Registry value set:\\r\\nRuleName: -\\r\\nEventType: SetValue\\r\\nUtcTime: 2026-10-02 03:06:03.988\\r\\nProcessGuid: {e12a69d9-1f9b-6abf-4300-000000001700}\\r\\nProcessId: 3304\\r\\nImage: C:\\\\Windows\\\\system32\\\\wevtutil.exe\\r\\nTargetObject: HKLM\\\\SOFTWARE\\\\Microsoft\\\\Windows\\\\CurrentVersion\\\\WINEVT\\\\Channels\\\\Microsoft-Windows-Windows Defender/Operational\\\\Enabled\\r\\nDetails: DWORD (0x00000001)\\r\\nUser: NT AUTHORITY\\\\SYSTEM\\\"\"},\"eventdata\":{\"eventType\":\"SetValue\",\"utcTime\":\"2026-10-02 03:06:03.988\",\"processGuid\":\"{e12a69d9-1f9b-6abf-4300-000000001700}\",\"processId\":\"3304\",\"image\":\"C:\\\\\\\\Windows\\\\\\\\system32\\\\\\\\wevtutil.exe\",\"targetObject\":\"HKLM\\\\\\\\SOFTWARE\\\\\\\\Microsoft\\\\\\\\Windows\\\\\\\\CurrentVersion\\\\\\\\WINEVT\\\\\\\\Channels\\\\\\\\Microsoft-Windows-Windows Defender/Operational\\\\\\\\Enabled\",\"details\":\"DWORD (0x00000001)\",\"user\":\"NT AUTHORITY\\\\\\\\SYSTEM\"}}}","decoder":{"name":"windows_eventchannel"},"data":{"win":{"system":{"providerName":"Microsoft-Windows-Sysmon","providerGuid":"{5770385f-c22a-43e0-bf4c-06f5698ffbd9}","eventID":"13","version":"2","level":"4","task":"13","opcode":"0","keywords":"0x8000000000000000","systemTime":"2026-10-02T03:06:06.2746829Z","eventRecordID":"11264","processID":"2140","threadID":"4056","channel":"Microsoft-Windows-Sysmon/Operational","computer":"WIN10-01.SOC-LAB.LOCAL","severityValue":"INFORMATION","message":"\"Registry value set:\r\nRuleName: -\r\nEventType: SetValue\r\nUtcTime: 2026-10-02 03:06:03.988\r\nProcessGuid: {e12a69d9-1f9b-6abf-4300-000000001700}\r\nProcessId: 3304\r\nImage: C:\\Windows\\system32\\wevtutil.exe\r\nTargetObject: HKLM\\SOFTWARE\\Microsoft\\Windows\\CurrentVersion\\WINEVT\\Channels\\Microsoft-Windows-Windows Defender/Operational\\Enabled\r\nDetails: DWORD (0x00000001)\r\nUser: NT AUTHORITY\\SYSTEM\""},"eventdata":{"eventType":"SetValue","utcTime":"2026-10-02 03:06:03.988","processGuid":"{e12a69d9-1f9b-6abf-4300-000000001700}","processId":"3304","image":"C:\\\\Windows\\\\system32\\\\wevtutil.exe","targetObject":"HKLM\\\\SOFTWARE\\\\Microsoft\\\\Windows\\\\CurrentVersion\\\\WINEVT\\\\Channels\\\\Microsoft-Windows-Windows Defender/Operational\\\\Enabled","details":"DWORD (0x00000001)","user":"NT AUTHORITY\\\\SYSTEM"}}},"location":"EventChannel"}
{"timestamp":"2026-10-02T03:06:33.906+0000","agent":{"id":"001","name":"SOC-WIN10","ip":"192.168.50.20"},"manager":{"name":"soc-wazuh"},"id":"1790910393.49539","full_log":"{\"win\":{\"system\":{\"providerName\":\"Microsoft-Windows-Sysmon\",\"providerGuid\":\"{5770385f-c22a-43e0-bf4c-06f5698ffbd9}\",\"eventID\":\"13\",\"version\":\"2\",\"level\":\"4\",\"task\":\"13\",\"opcode\":\"0\",\"keywords\":\"0x8000000000000000\",\"systemTime\":\"2026-10-02T03:06:06.2747329Z\",\"eventRecordID\":\"11265\",\"processID\":\"2140\",\"threadID\":\"4056\",\"channel\":\"Microsoft-Windows-Sysmon/Operational\",\"computer\":\"WIN10-01.SOC-LAB.LOCAL\",\"severityValue\":\"INFORMATION\",\"message\":\"\\\"Registry value set:\\r\\nRuleName: -\\r\\nEventType: SetValue\\r\\nUtcTime: 2026-10-02 03:06:03.988\\r\\nProcessGuid: {e12a69d9-1f9b-6abf-4300-000000001700}\\r\\nProcessId: 3304\\r\\nImage: C:\\\\Windows\\\\system32\\\\wevtutil.exe\\r\\nTargetObject: HKLM\\\\SOFTWARE\\\\Microsoft\\\\Windows\\\\CurrentVersion\\\\WINEVT\\\\Channels\\\\Microsoft-Windows-Windows Defender/Operational\\\\Isolation\\r\\nDetails: DWORD (0x00000001)\\r\\nUser: NT AUTHORITY\\\\SYSTEM\\\"\"},\"eventdata\":{\"eventType\":\"SetValue\",\"utcTime\":\"2026-10-02 03:06:03.988\",\"processGuid\":\"{e12a69d9-1f9b-6abf-4300-000000001700}\",\"processId\":\"3304\",\"image\":\"C:\\\\\\\\Windows\\\\\\\\system32\\\\\\\\wevtutil.exe\",\"targetObject\":\"HKLM\\\\\\\\SOFTWARE\\\\\\\\Microsoft\\\\\\\\Windows\\\\\\\\CurrentVersion\\\\\\\\WINEVT\\\\\\\\Channels\\\\\\\\Microsoft-Windows-Windows Defender/Operational\\\\\\\\Isolation\",\"details\":\"DWORD (0x00000001)\",\"user\":\"NT AUTHORITY\\\\\\\\SYSTEM\"}}}","decoder":{"name":"windows_eventchannel"},"data":{"win":{"system":{"providerName":"Microsoft-Windows-Sysmon","providerGuid":"{5770385f-c22a-43e0-bf4c-06f5698ffbd9}","eventID":"13","version":"2","level":"4","task":"13","opcode":"0","keywords":"0x8000000000000000","systemTime":"2026-10-02T03:06:06.2747329Z","eventRecordID":"11265","processID":"2140","threadID":"4056","channel":"Microsoft-Windows-Sysmon/Operational","computer":"WIN10-01.SOC-LAB.LOCAL","severityValue":"INFORMATION","message":"\"Registry value set:\r\nRuleName: -\r\nEventType: SetValue\r\nUtcTime: 2026-10-02 03:06:03.988\r\nProcessGuid: {e12a69d9-1f9b-6abf-4300-000000001700}\r\nProcessId: 3304\r\nImage: C:\\Windows\\system32\\wevtutil.exe\r\nTargetObject: HKLM\\SOFTWARE\\Microsoft\\Windows\\CurrentVersion\\WINEVT\\Channels\\Microsoft-Windows-Windows Defender/Operational\\Isolation\r\nDetails: DWORD (0x00000001)\r\nUser: NT AUTHORITY\\SYSTEM\""},"eventdata":{"eventType":"SetValue","utcTime":"2026-10-02 03:06:03.988","processGuid":"{e12a69d9-1f9b-6abf-4300-000000001700}","processId":"3304","image":"C:\\\\Windows\\\\system32\\\\wevtutil.exe","targetObject":"HKLM\\\\SOFTWARE\\\\Microsoft\\\\Windows\\\\CurrentVersion\\\\WINEVT\\\\Channels\\\\Microsoft-Windows-Windows Defender/Operational\\\\Isolation","details":"DWORD (0x00000001)","user":"NT AUTHORITY\\\\SYSTEM"}}},"location":"EventChannel"}
{"timestamp":"2026-10-02T03:06:33.937+0000","agent":{"id":"001","name":"SOC-WIN10","ip":"192.168.50.20"},"manager":{"name":"soc-wazuh"},"id":"1790910393.49539","full_log":"{\"win\":{\"system\":{\"providerName\":\"Microsoft-Windows-Sysmon\",\"providerGuid\":\"{5770385f-c22a-43e0-bf4c-06f5698ffbd9}\",\"eventID\":\"13\",\"version\":\"2\",\"level\":\"4\",\"task\":\"13\",\"opcode\":\"0\",\"keywords\":\"0x8000000000000000\",\"systemTime\":\"2026-10-02T03:06:06.2747848Z\",\"eventRecordID\":\"11266\",\"processID\":\"2140\",\"threadID\":\"4056\",\"channel\":\"Microsoft-Windows-Sysmon/Operational\",\"computer\":\"WIN10-01.SOC-LAB.LOCAL\",\"severityValue\":\"INFORMATION\",\"message\":\"\\\"Registry value set:\\r\\nRuleName: -\\r\\nEventType: SetValue\\r\\nUtcTime: 2026-10-02 03:06:03.988\\r\\nProcessGuid: {e12a69d9-1f9b-6abf-4300-000000001700}\\r\\nProcessId: 3304\\r\\nImage: C:\\\\Windows\\\\system32\\\\wevtutil.exe\\r\\nTargetObject: HKLM\\\\SOFTWARE\\\\Microsoft\\\\Windows\\\\CurrentVersion\\\\WINEVT\\\\Channels\\\\Microsoft-Windows-Windows Defender/Operational\\\\ChannelAccess\\r\\nDetails: O:BAG:SYD:(A;;0xf0007;;;SY)(A;;0x7;;;BA)(A;;0x3;;;BO)(A;;0x5;;;SO)(A;;0x1;;;IU)(A;;0x3;;;SU)(A;;0x1;;;S-1-5-3)(A;;0x2;;;S-1-5-33)(A;;0x1;;;S-1-5-32-573)\\r\\nUser: NT AUTHORITY\\\\SYSTEM\\\"\"},\"eventdata\":{\"eventType\":\"SetValue\",\"utcTime\":\"2026-10-02 03:06:03.988\",\"processGuid\":\"{e12a69d9-1f9b-6abf-4300-000000001700}\",\"processId\":\"3304\",\"image\":\"C:\\\\\\\\Windows\\\\\\\\system32\\\\\\\\wevtutil.exe\",\"targetObject\":\"HKLM\\\\\\\\SOFTWARE\\\\\\\\Microsoft\\\\\\\\Windows\\\\\\\\CurrentVersion\\\\\\\\WINEVT\\\\\\\\Channels\\\\\\\\Microsoft-Windows-Windows Defender/Operational\\\\\\\\ChannelAccess\",\"details\":\"O:BAG:SYD:(A;;0xf0007;;;SY)(A;;0x7;;;BA)(A;;0x3;;;BO)(A;;0x5;;;SO)(A;;0x1;;;IU)(A;;0x3;;;SU)(A;;0x1;;;S-1-5-3)(A;;0x2;;;S-1-5-33)(A;;0x1;;;S-1-5-32-573)\",\"user\":\"NT AUTHORITY\\\\\\\\SYSTEM\"}}}","decoder":{"name":"windows_eventchannel"},"data":{"win":{"system":{"providerName":"Microsoft-Windows-Sysmon","providerGuid":"{5770385f-c22a-43e0-bf4c-06f5698ffbd9}","eventID":"13","version":"2","level":"4","task":"13","opcode":"0","keywords":"0x8000000000000000","systemTime":"2026-10-02T03:06:06.2747848Z","eventRecordID":"11266","processID":"2140","threadID":"4056","channel":"Microsoft-Windows-Sysmon/Operational","computer":"WIN10-01.SOC-LAB.LOCAL","severityValue":"INFORMATION","message":"\"Registry value set:\r\nRuleName: -\r\nEventType: SetValue\r\nUtcTime: 2026-10-02 03:06:03.988\r\nProcessGuid: {e12a69d9-1f9b-6abf-4300-000000001700}\r\nProcessId: 3304\r\nImage: C:\\Windows\\system32\\wevtutil.exe\r\nTargetObject: HKLM\\SOFTWARE\\Microsoft\\Windows\\CurrentVersion\\WINEVT\\Channels\\Microsoft-Windows-Windows Defender/Operational\\ChannelAccess\r\nDetails: O:BAG:SYD:(A;;0xf0007;;;SY)(A;;0x7;;;BA)(A;;0x3;;;BO)(A;;0x5;;;SO)(A;;0x1;;;IU)(A;;0x3;;;SU)(A;;0x1;;;S-1-5-3)(A;;0x2;;;S-1-5-33)(A;;0x1;;;S-1-5-32-573)\r\nUser: NT AUTHORITY\\SYSTEM\""},"eventdata":{"eventType":"SetValue","utcTime":"2026-10-02 03:06:03.988","processGuid":"{e12a69d9-1f9b-6abf-4300-000000001700}","processId":"3304","image":"C:\\\\Windows\\\\system32\\\\wevtutil.exe","targetObject":"HKLM\\\\SOFTWARE\\\\Microsoft\\\\Windows\\\\CurrentVersion\\\\WINEVT\\\\Channels\\\\Microsoft-Windows-Windows Defender/Operational\\\\ChannelAccess","details":"O:BAG:SYD:(A;;0xf0007;;;SY)(A;;0x7;;;BA)(A;;0x3;;;BO)(A;;0x5;;;SO)(A;;0x1;;;IU)(A;;0x3;;;SU)(A;;0x1;;;S-1-5-3)(A;;0x2;;;S-1-5-33)(A;;0x1;;;S-1-5-32-573)","user":"NT AUTHORITY\\\\SYSTEM"}}},"location":"EventChannel"}
{"timestamp":"2026-10-02T03:06:33.938+0000","agent":{"id":"001","name":"SOC-WIN10","ip":"192.168.50.20"},"manager":{"name":"soc-wazuh"},"id":"1790910393.49539","full_log":"{\"win\":{\"system\":{\"providerName\":\"Microsoft-Windows-Sysmon\",\"providerGuid\":\"{5770385f-c22a-43e0-bf4c-06f5698ffbd9}\",\"eventID\":\"13\",\"version\":\"2\",\"level\":\"4\",\"task\":\"13\",\"opcode\":\"0\",\"keywords\":\"0x8000000000000000\",\"systemTime\":\"2026-10-02T03:06:06.2748344Z\",\"eventRecordID\":\"11267\",\"processID\":\"2140\",\"threadID\":\"4056\",\"channel\":\"Microsoft-Windows-Sysmon/Operational\",\"computer\":\"WIN10-01.SOC-LAB.LOCAL\",\"severityValue\":\"INFORMATION\",\"message\":\"\\\"Registry value set:\\r\\nRuleName: -\\r\\nEventType: SetValue\\r\\nUtcTime: 2026-10-02 03:06:03.988\\r\\nProcessGuid: {e12a69d9-1f9b-6abf-4300-000000001700}\\r\\nProcessId: 3304\\r\\nImage: C:\\\\Windows\\\\system32\\\\wevtutil.exe\\r\\nTargetObject: HKLM\\\\SOFTWARE\\\\Microsoft\\\\Windows\\\\CurrentVersion\\\\WINEVT\\\\Channels\\\\Microsoft-Windows-Windows Defender/Operational\\\\MaxSize\\r\\nDetails: DWORD (0x01000000)\\r\\nUser: NT AUTHORITY\\\\SYSTEM\\\"\"},\"eventdata\":{\"eventType\":\"SetValue\",\"utcTime\":\"2026-10-02 03:06:03.988\",\"processGuid\":\"{e12a69d9-1f9b-6abf-4300-000000001700}\",\"processId\":\"3304\",\"image\":\"C:\\\\\\\\Windows\\\\\\\\system32\\\\\\\\wevtutil.exe\",\"targetObject\":\"HKLM\\\\\\\\SOFTWARE\\\\\\\\Microsoft\\\\\\\\Windows\\\\\\\\CurrentVersion\\\\\\\\WINEVT\\\\\\\\Channels\\\\\\\\Microsoft-Windows-Windows Defender/Operational\\\\\\\\MaxSize\",\"details\":\"DWORD (0x01000000)\",\"user\":\"NT AUTHORITY\\\\\\\\SYSTEM\"}}}","decoder":{"name":"windows_eventchannel"},"data":{"win":{"system":{"providerName":"Microsoft-Windows-Sysmon","providerGuid":"{5770385f-c22a-43e0-bf4c-06f5698ffbd9}","eventID":"13","version":"2","level":"4","task":"13","opcode":"0","keywords":"0x8000000000000000","systemTime":"2026-10-02T03:06:06.2748344Z","eventRecordID":"11267","processID":"2140","threadID":"4056","channel":"Microsoft-Windows-Sysmon/Operational","computer":"WIN10-01.SOC-LAB.LOCAL","severityValue":"INFORMATION","message":"\"Registry value set:\r\nRuleName: -\r\nEventType: SetValue\r\nUtcTime: 2026-10-02 03:06:03.988\r\nProcessGuid: {e12a69d9-1f9b-6abf-4300-000000001700}\r\nProcessId: 3304\r\nImage: C:\\Windows\\system32\\wevtutil.exe\r\nTargetObject: HKLM\\SOFTWARE\\Microsoft\\Windows\\CurrentVersion\\WINEVT\\Channels\\Microsoft-Windows-Windows Defender/Operational\\MaxSize\r\nDetails: DWORD (0x01000000)\r\nUser: NT AUTHORITY\\SYSTEM\""},"eventdata":{"eventType":"SetValue","utcTime":"2026-10-02 03:06:03.988","processGuid":"{e12a69d9-1f9b-6abf-4300-000000001700}","processId":"3304","image":"C:\\\\Windows\\\\system32\\\\wevtutil.exe","targetObject":"HKLM\\\\SOFTWARE\\\\Microsoft\\\\Windows\\\\CurrentVersion\\\\WINEVT\\\\Channels\\\\Microsoft-Windows-Windows Defender/Operational\\\\MaxSize","details":"DWORD (0x01000000)","user":"NT AUTHORITY\\\\SYSTEM"}}},"location":"EventChannel"}
{"timestamp":"2026-10-02T03:06:33.965+0000","agent":{"id":"001","name":"SOC-WIN10","ip":"192.168.50.20"},"manager":{"name":"soc-wazuh"},"id":"1790910393.49539","full_log":"{\"win\":{\"system\":{\"providerName\":\"Microsoft-Windows-Sysmon\",\"providerGuid\":\"{5770385f-c22a-43e0-bf4c-06f5698ffbd9}\",\"eventID\":\"13\",\"version\":\"2\",\"level\":\"4\",\"task\":\"13\",\"opcode\":\"0\",\"keywords\":\"0x8000000000000000\",\"systemTime\":\"2026-10-02T03:06:06.2748844Z\",\"eventRecordID\":\"11268\",\"processID\":\"2140\",\"threadID\":\"4056\",\"channel\":\"Microsoft-Windows-Sysmon/Operational\",\"computer\":\"WIN10-01.SOC-LAB.LOCAL\",\"severityValue\":\"INFORMATION\",\"message\":\"\\\"Registry value set:\\r\\nRuleName: -\\r\\nEventType: SetValue\\r\\nUtcTime: 2026-10-02 03:06:03.988\\r\\nProcessGuid: {e12a69d9-1f9b-6abf-4300-000000001700}\\r\\nProcessId: 3304\\r\\nImage: C:\\\\Windows\\\\system32\\\\wevtutil.exe\\r\\nTargetObject: HKLM\\\\SOFTWARE\\\\Microsoft\\\\Windows\\\\CurrentVersion\\\\WINEVT\\\\Channels\\\\Microsoft-Windows-Windows Defender/Operational\\\\MaxSizeUpper\\r\\nDetails: DWORD (0x00000000)\\r\\nUser: NT AUTHORITY\\\\SYSTEM\\\"\"},\"eventdata\":{\"eventType\":\"SetValue\",\"utcTime\":\"2026-10-02 03:06:03.988\",\"processGuid\":\"{e12a69d9-1f9b-6abf-4300-000000001700}\",\"processId\":\"3304\",\"image\":\"C:\\\\\\\\Windows\\\\\\\\system32\\\\\\\\wevtutil.exe\",\"targetObject\":\"HKLM\\\\\\\\SOFTWARE\\\\\\\\Microsoft\\\\\\\\Windows\\\\\\\\CurrentVersion\\\\\\\\WINEVT\\\\\\\\Channels\\\\\\\\Microsoft-Windows-Windows Defender/Operational\\\\\\\\MaxSizeUpper\",\"details\":\"DWORD (0x00000000)\",\"user\":\"NT AUTHORITY\\\\\\\\SYSTEM\"}}}","decoder":{"name":"windows_eventchannel"},"data":{"win":{"system":{"providerName":"Microsoft-Windows-Sysmon","providerGuid":"{5770385f-c22a-43e0-bf4c-06f5698ffbd9}","eventID":"13","version":"2","level":"4","task":"13","opcode":"0","keywords":"0x8000000000000000","systemTime":"2026-10-02T03:06:06.2748844Z","eventRecordID":"11268","processID":"2140","threadID":"4056","channel":"Microsoft-Windows-Sysmon/Operational","computer":"WIN10-01.SOC-LAB.LOCAL","severityValue":"INFORMATION","message":"\"Registry value set:\r\nRuleName: -\r\nEventType: SetValue\r\nUtcTime: 2026-10-02 03:06:03.988\r\nProcessGuid: {e12a69d9-1f9b-6abf-4300-000000001700}\r\nProcessId: 3304\r\nImage: C:\\Windows\\system32\\wevtutil.exe\r\nTargetObject: HKLM\\SOFTWARE\\Microsoft\\Windows\\CurrentVersion\\WINEVT\\Channels\\Microsoft-Windows-Windows Defender/Operational\\MaxSizeUpper\r\nDetails: DWORD (0x00000000)\r\nUser: NT AUTHORITY\\SYSTEM\""},"eventdata":{"eventType":"SetValue","utcTime":"2026-10-02 03:06:03.988","processGuid":"{e12a69d9-1f9b-6abf-4300-000000001700}","processId":"3304","image":"C:\\\\Windows\\\\system32\\\\wevtutil.exe","targetObject":"HKLM\\\\SOFTWARE\\\\Microsoft\\\\Windows\\\\CurrentVersion\\\\WINEVT\\\\Channels\\\\Microsoft-Windows-Windows Defender/Operational\\\\MaxSizeUpper","details":"DWORD (0x00000000)","user":"NT AUTHORITY\\\\SYSTEM"}}},"location":"EventChannel"}
{"timestamp":"2026-10-02T03:06:33.989+0000","agent":{"id":"001","name":"SOC-WIN10","ip":"192.168.50.20"},"manager":{"name":"soc-wazuh"},"id":"1790910393.49539","full_log":"{\"win\":{\"system\":{\"providerName\":\"Microsoft-Windows-Sysmon\",\"providerGuid\":\"{5770385f-c22a-43e0-bf4c-06f5698ffbd9}\",\"eventID\":\"13\",\"version\":\"2\",\"level\":\"4\",\"task\":\"13\",\"opcode\":\"0\",\"keywords\":\"0x8000000000000000\",\"systemTime\":\"2026-10-02T03:06:06.2749327Z\",\"eventRecordID\":\"11269\",\"processID\":\"2140\",\"threadID\":\"4056\",\"channel\":\"Microsoft-Windows-Sysmon/Operational\",\"computer\":\"WIN10-01.SOC-LAB.LOCAL\",\"severityValue\":\"INFORMATION\",\"message\":\"\\\"Registry value set:\\r\\nRuleName: -\\r\\nEventType: SetValue\\r\\nUtcTime: 2026-10-02 03:06:03.988\\r\\nProcessGuid: {e12a69d9-1f9b-6abf-4300-000000001700}\\r\\nProcessId: 3304\\r\\nImage: C:\\\\Windows\\\\system32\\\\wevtutil.exe\\r\\nTargetObject: HKLM\\\\SOFTWARE\\\\Microsoft\\\\Windows\\\\CurrentVersion\\\\WINEVT\\\\Channels\\\\Microsoft-Windows-Windows Defender/Operational\\\\Type\\r\\nDetails: DWORD (0x00000001)\\r\\nUser: NT AUTHORITY\\\\SYSTEM\\\"\"},\"eventdata\":{\"eventType\":\"SetValue\",\"utcTime\":\"2026-10-02 03:06:03.988\",\"processGuid\":\"{e12a69d9-1f9b-6abf-4300-000000001700}\",\"processId\":\"3304\",\"image\":\"C:\\\\\\\\Windows\\\\\\\\system32\\\\\\\\wevtutil.exe\",\"targetObject\":\"HKLM\\\\\\\\SOFTWARE\\\\\\\\Microsoft\\\\\\\\Windows\\\\\\\\CurrentVersion\\\\\\\\WINEVT\\\\\\\\Channels\\\\\\\\Microsoft-Windows-Windows Defender/Operational\\\\\\\\Type\",\"details\":\"DWORD (0x00000001)\",\"user\":\"NT AUTHORITY\\\\\\\\SYSTEM\"}}}","decoder":{"name":"windows_eventchannel"},"data":{"win":{"system":{"providerName":"Microsoft-Windows-Sysmon","providerGuid":"{5770385f-c22a-43e0-bf4c-06f5698ffbd9}","eventID":"13","version":"2","level":"4","task":"13","opcode":"0","keywords":"0x8000000000000000","systemTime":"2026-10-02T03:06:06.2749327Z","eventRecordID":"11269","processID":"2140","threadID":"4056","channel":"Microsoft-Windows-Sysmon/Operational","computer":"WIN10-01.SOC-LAB.LOCAL","severityValue":"INFORMATION","message":"\"Registry value set:\r\nRuleName: -\r\nEventType: SetValue\r\nUtcTime: 2026-10-02 03:06:03.988\r\nProcessGuid: {e12a69d9-1f9b-6abf-4300-000000001700}\r\nProcessId: 3304\r\nImage: C:\\Windows\\system32\\wevtutil.exe\r\nTargetObject: HKLM\\SOFTWARE\\Microsoft\\Windows\\CurrentVersion\\WINEVT\\Channels\\Microsoft-Windows-Windows Defender/Operational\\Type\r\nDetails: DWORD (0x00000001)\r\nUser: NT AUTHORITY\\SYSTEM\""},"eventdata":{"eventType":"SetValue","utcTime":"2026-10-02 03:06:03.988","processGuid":"{e12a69d9-1f9b-6abf-4300-000000001700}","processId":"3304","image":"C:\\\\Windows\\\\system32\\\\wevtutil.exe","targetObject":"HKLM\\\\SOFTWARE\\\\Microsoft\\\\Windows\\\\CurrentVersion\\\\WINEVT\\\\Channels\\\\Microsoft-Windows-Windows Defender/Operational\\\\Type","details":"DWORD (0x00000001)","user":"NT AUTHORITY\\\\SYSTEM"}}},"location":"EventChannel"}
{"timestamp":"2026-10-02T03:06:33.997+0000","agent":{"id":"001","name":"SOC-WIN10","ip":"192.168.50.20"},"manager":{"name":"soc-wazuh"},"id":"1790910393.49539","full_log":"{\"win\":{\"system\":{\"providerName\":\"Microsoft-Windows-Sysmon\",\"providerGuid\":\"{5770385f-c22a-43e0-bf4c-06f5698ffbd9}\",\"eventID\":\"13\",\"version\":\"2\",\"level\":\"4\",\"task\":\"13\",\"opcode\":\"0\",\"keywords\":\"0x8000000000000000\",\"systemTime\":\"2026-10-02T03:06:06.2749912Z\",\"eventRecordID\":\"11270\",\"processID\":\"2140\",\"threadID\":\"4056\",\"channel\":\"Microsoft-Windows-Sysmon/Operational\",\"computer\":\"WIN10-01.SOC-LAB.LOCAL\",\"severityValue\":\"INFORMATION\",\"message\":\"\\\"Registry value set:\\r\\nRuleName: -\\r\\nEventType: SetValue\\r\\nUtcTime: 2026-10-02 03:06:03.988\\r\\nProcessGuid: {e12a69d9-1f9b-6abf-4300-000000001700}\\r\\nProcessId: 3304\\r\\nImage: C:\\\\Windows\\\\system32\\\\wevtutil.exe\\r\\nTargetObject: HKLM\\\\SOFTWARE\\\\Microsoft\\\\Windows\\\\CurrentVersion\\\\WINEVT\\\\Channels\\\\Microsoft-Windows-Windows Defender/WHC\\\\OwningPublisher\\r\\nDetails: {11cd958a-c507-4ef3-b3f2-5fd9dfbd2c78}\\r\\nUser: NT AUTHORITY\\\\SYSTEM\\\"\"},\"eventdata\":{\"eventType\":\"SetValue\",\"utcTime\":\"2026-10-02 03:06:03.988\",\"processGuid\":\"{e12a69d9-1f9b-6abf-4300-000000001700}\",\"processId\":\"3304\",\"image\":\"C:\\\\\\\\Windows\\\\\\\\system32\\\\\\\\wevtutil.exe\",\"targetObject\":\"HKLM\\\\\\\\SOFTWARE\\\\\\\\Microsoft\\\\\\\\Windows\\\\\\\\CurrentVersion\\\\\\\\WINEVT\\\\\\\\Channels\\\\\\\\Microsoft-Windows-Windows Defender/WHC\\\\\\\\OwningPublisher\",\"details\":\"{11cd958a-c507-4ef3-b3f2-5fd9dfbd2c78}\",\"user\":\"NT AUTHORITY\\\\\\\\SYSTEM\"}}}","decoder":{"name":"windows_eventchannel"},"data":{"win":{"system":{"providerName":"Microsoft-Windows-Sysmon","providerGuid":"{5770385f-c22a-43e0-bf4c-06f5698ffbd9}","eventID":"13","version":"2","level":"4","task":"13","opcode":"0","keywords":"0x8000000000000000","systemTime":"2026-10-02T03:06:06.2749912Z","eventRecordID":"11270","processID":"2140","threadID":"4056","channel":"Microsoft-Windows-Sysmon/Operational","computer":"WIN10-01.SOC-LAB.LOCAL","severityValue":"INFORMATION","message":"\"Registry value set:\r\nRuleName: -\r\nEventType: SetValue\r\nUtcTime: 2026-10-02 03:06:03.988\r\nProcessGuid: {e12a69d9-1f9b-6abf-4300-000000001700}\r\nProcessId: 3304\r\nImage: C:\\Windows\\system32\\wevtutil.exe\r\nTargetObject: HKLM\\SOFTWARE\\Microsoft\\Windows\\CurrentVersion\\WINEVT\\Channels\\Microsoft-Windows-Windows Defender/WHC\\OwningPublisher\r\nDetails: {11cd958a-c507-4ef3-b3f2-5fd9dfbd2c78}\r\nUser: NT AUTHORITY\\SYSTEM\""},"eventdata":{"eventType":"SetValue","utcTime":"2026-10-02 03:06:03.988","processGuid":"{e12a69d9-1f9b-6abf-4300-000000001700}","processId":"3304","image":"C:\\\\Windows\\\\system32\\\\wevtutil.exe","targetObject":"HKLM\\\\SOFTWARE\\\\Microsoft\\\\Windows\\\\CurrentVersion\\\\WINEVT\\\\Channels\\\\Microsoft-Windows-Windows Defender/WHC\\\\OwningPublisher","details":"{11cd958a-c507-4ef3-b3f2-5fd9dfbd2c78}","user":"NT AUTHORITY\\\\SYSTEM"}}},"location":"EventChannel"}
{"timestamp":"2026-10-02T03:06:34.005+0000","agent":{"id":"001","name":"SOC-WIN10","ip":"192.168.50.20"},"manager":{"name":"soc-wazuh"},"id":"1790910394.49539","full_log":"{\"win\":{\"system\":{\"providerName\":\"Microsoft-Windows-Sysmon\",\"providerGuid\":\"{5770385f-c22a-43e0-bf4c-06f5698ffbd9}\",\"eventID\":\"13\",\"version\":\"2\",\"level\":\"4\",\"task\":\"13\",\"opcode\":\"0\",\"keywords\":\"0x8000000000000000\",\"systemTime\":\"2026-10-02T03:06:06.2750391Z\",\"eventRecordID\":\"11271\",\"processID\":\"2140\",\"threadID\":\"4056\",\"channel\":\"Microsoft-Windows-Sysmon/Operational\",\"computer\":\"WIN10-01.SOC-LAB.LOCAL\",\"severityValue\":\"INFORMATION\",\"message\":\"\\\"Registry value set:\\r\\nRuleName: -\\r\\nEventType: SetValue\\r\\nUtcTime: 2026-10-02 03:06:03.988\\r\\nProcessGuid: {e12a69d9-1f9b-6abf-4300-000000001700}\\r\\nProcessId: 3304\\r\\nImage: C:\\\\Windows\\\\system32\\\\wevtutil.exe\\r\\nTargetObject: HKLM\\\\SOFTWARE\\\\Microsoft\\\\Windows\\\\CurrentVersion\\\\WINEVT\\\\Channels\\\\Microsoft-Windows-Windows Defender/WHC\\\\Enabled\\r\\nDetails: DWORD (0x00000001)\\r\\nUser: NT AUTHORITY\\\\SYSTEM\\\"\"},\"eventdata\":{\"eventType\":\"SetValue\",\"utcTime\":\"2026-10-02 03:06:03.988\",\"processGuid\":\"{e12a69d9-1f9b-6abf-4300-000000001700}\",\"processId\":\"3304\",\"image\":\"C:\\\\\\\\Windows\\\\\\\\system32\\\\\\\\wevtutil.exe\",\"targetObject\":\"HKLM\\\\\\\\SOFTWARE\\\\\\\\Microsoft\\\\\\\\Windows\\\\\\\\CurrentVersion\\\\\\\\WINEVT\\\\\\\\Channels\\\\\\\\Microsoft-Windows-Windows Defender/WHC\\\\\\\\Enabled\",\"details\":\"DWORD (0x00000001)\",\"user\":\"NT AUTHORITY\\\\\\\\SYSTEM\"}}}","decoder":{"name":"windows_eventchannel"},"data":{"win":{"system":{"providerName":"Microsoft-Windows-Sysmon","providerGuid":"{5770385f-c22a-43e0-bf4c-06f5698ffbd9}","eventID":"13","version":"2","level":"4","task":"13","opcode":"0","keywords":"0x8000000000000000","systemTime":"2026-10-02T03:06:06.2750391Z","eventRecordID":"11271","processID":"2140","threadID":"4056","channel":"Microsoft-Windows-Sysmon/Operational","computer":"WIN10-01.SOC-LAB.LOCAL","severityValue":"INFORMATION","message":"\"Registry value set:\r\nRuleName: -\r\nEventType: SetValue\r\nUtcTime: 2026-10-02 03:06:03.988\r\nProcessGuid: {e12a69d9-1f9b-6abf-4300-000000001700}\r\nProcessId: 3304\r\nImage: C:\\Windows\\system32\\wevtutil.exe\r\nTargetObject: HKLM\\SOFTWARE\\Microsoft\\Windows\\CurrentVersion\\WINEVT\\Channels\\Microsoft-Windows-Windows Defender/WHC\\Enabled\r\nDetails: DWORD (0x00000001)\r\nUser: NT AUTHORITY\\SYSTEM\""},"eventdata":{"eventType":"SetValue","utcTime":"2026-10-02 03:06:03.988","processGuid":"{e12a69d9-1f9b-6abf-4300-000000001700}","processId":"3304","image":"C:\\\\Windows\\\\system32\\\\wevtutil.exe","targetObject":"HKLM\\\\SOFTWARE\\\\Microsoft\\\\Windows\\\\CurrentVersion\\\\WINEVT\\\\Channels\\\\Microsoft-Windows-Windows Defender/WHC\\\\Enabled","details":"DWORD (0x00000001)","user":"NT AUTHORITY\\\\SYSTEM"}}},"location":"EventChannel"}
{"timestamp":"2026-10-02T03:06:34.016+0000","agent":{"id":"001","name":"SOC-WIN10","ip":"192.168.50.20"},"manager":{"name":"soc-wazuh"},"id":"1790910394.49539","full_log":"{\"win\":{\"system\":{\"providerName\":\"Microsoft-Windows-Sysmon\",\"providerGuid\":\"{5770385f-c22a-43e0-bf4c-06f5698ffbd9}\",\"eventID\":\"13\",\"version\":\"2\",\"level\":\"4\",\"task\":\"13\",\"opcode\":\"0\",\"keywords\":\"0x8000000000000000\",\"systemTime\":\"2026-10-02T03:06:06.2750866Z\",\"eventRecordID\":\"11272\",\"processID\":\"2140\",\"threadID\":\"4056\",\"channel\":\"Microsoft-Windows-Sysmon/Operational\",\"computer\":\"WIN10-01.SOC-LAB.LOCAL\",\"severityValue\":\"INFORMATION\",\"message\":\"\\\"Registry value set:\\r\\nRuleName: -\\r\\nEventType: SetValue\\r\\nUtcTime: 2026-10-02 03:06:03.988\\r\\nProcessGuid: {e12a69d9-1f9b-6abf-4300-000000001700}\\r\\nProcessId: 3304\\r\\nImage: C:\\\\Windows\\\\system32\\\\wevtutil.exe\\r\\nTargetObject: HKLM\\\\SOFTWARE\\\\Microsoft\\\\Windows\\\\CurrentVersion\\\\WINEVT\\\\Channels\\\\Microsoft-Windows-Windows Defender/WHC\\\\Isolation\\r\\nDetails: DWORD (0x00000001)\\r\\nUser: NT AUTHORITY\\\\SYSTEM\\\"\"},\"eventdata\":{\"eventType\":\"SetValue\",\"utcTime\":\"2026-10-02 03:06:03.988\",\"processGuid\":\"{e12a69d9-1f9b-6abf-4300-000000001700}\",\"processId\":\"3304\",\"image\":\"C:\\\\\\\\Windows\\\\\\\\system32\\\\\\\\wevtutil.exe\",\"targetObject\":\"HKLM\\\\\\\\SOFTWARE\\\\\\\\Microsoft\\\\\\\\Windows\\\\\\\\CurrentVersion\\\\\\\\WINEVT\\\\\\\\Channels\\\\\\\\Microsoft-Windows-Windows Defender/WHC\\\\\\\\Isolation\",\"details\":\"DWORD (0x00000001)\",\"user\":\"NT AUTHORITY\\\\\\\\SYSTEM\"}}}","decoder":{"name":"windows_eventchannel"},"data":{"win":{"system":{"providerName":"Microsoft-Windows-Sysmon","providerGuid":"{5770385f-c22a-43e0-bf4c-06f5698ffbd9}","eventID":"13","version":"2","level":"4","task":"13","opcode":"0","keywords":"0x8000000000000000","systemTime":"2026-10-02T03:06:06.2750866Z","eventRecordID":"11272","processID":"2140","threadID":"4056","channel":"Microsoft-Windows-Sysmon/Operational","computer":"WIN10-01.SOC-LAB.LOCAL","severityValue":"INFORMATION","message":"\"Registry value set:\r\nRuleName: -\r\nEventType: SetValue\r\nUtcTime: 2026-10-02 03:06:03.988\r\nProcessGuid: {e12a69d9-1f9b-6abf-4300-000000001700}\r\nProcessId: 3304\r\nImage: C:\\Windows\\system32\\wevtutil.exe\r\nTargetObject: HKLM\\SOFTWARE\\Microsoft\\Windows\\CurrentVersion\\WINEVT\\Channels\\Microsoft-Windows-Windows Defender/WHC\\Isolation\r\nDetails: DWORD (0x00000001)\r\nUser: NT AUTHORITY\\SYSTEM\""},"eventdata":{"eventType":"SetValue","utcTime":"2026-10-02 03:06:03.988","processGuid":"{e12a69d9-1f9b-6abf-4300-000000001700}","processId":"3304","image":"C:\\\\Windows\\\\system32\\\\wevtutil.exe","targetObject":"HKLM\\\\SOFTWARE\\\\Microsoft\\\\Windows\\\\CurrentVersion\\\\WINEVT\\\\Channels\\\\Microsoft-Windows-Windows Defender/WHC\\\\Isolation","details":"DWORD (0x00000001)","user":"NT AUTHORITY\\\\SYSTEM"}}},"location":"EventChannel"}
{"timestamp":"2026-10-02T03:06:34.041+0000","agent":{"id":"001","name":"SOC-WIN10","ip":"192.168.50.20"},"manager":{"name":"soc-wazuh"},"id":"1790910394.49539","full_log":"{\"win\":{\"system\":{\"providerName\":\"Microsoft-Windows-Sysmon\",\"providerGuid\":\"{5770385f-c22a-43e0-bf4c-06f5698ffbd9}\",\"eventID\":\"13\",\"version\":\"2\",\"level\":\"4\",\"task\":\"13\",\"opcode\":\"0\",\"keywords\":\"0x8000000000000000\",\"systemTime\":\"2026-10-02T03:06:06.2751363Z\",\"eventRecordID\":\"11273\",\"processID\":\"2140\",\"threadID\":\"4056\",\"channel\":\"Microsoft-Windows-Sysmon/Operational\",\"computer\":\"WIN10-01.SOC-LAB.LOCAL\",\"severityValue\":\"INFORMATION\",\"message\":\"\\\"Registry value set:\\r\\nRuleName: -\\r\\nEventType: SetValue\\r\\nUtcTime: 2026-10-02 03:06:03.988\\r\\nProcessGuid: {e12a69d9-1f9b-6abf-4300-000000001700}\\r\\nProcessId: 3304\\r\\nImage: C:\\\\Windows\\\\system32\\\\wevtutil.exe\\r\\nTargetObject: HKLM\\\\SOFTWARE\\\\Microsoft\\\\Windows\\\\CurrentVersion\\\\WINEVT\\\\Channels\\\\Microsoft-Windows-Windows Defender/WHC\\\\ChannelAccess\\r\\nDetails: O:BAG:SYD:(A;;0xf0007;;;SY)(A;;0x7;;;BA)(A;;0x3;;;BO)(A;;0x5;;;SO)(A;;0x1;;;IU)(A;;0x3;;;SU)(A;;0x1;;;S-1-5-3)(A;;0x2;;;S-1-5-33)(A;;0x1;;;S-1-5-32-573)\\r\\nUser: NT AUTHORITY\\\\SYSTEM\\\"\"},\"eventdata\":{\"eventType\":\"SetValue\",\"utcTime\":\"2026-10-02 03:06:03.988\",\"processGuid\":\"{e12a69d9-1f9b-6abf-4300-000000001700}\",\"processId\":\"3304\",\"image\":\"C:\\\\\\\\Windows\\\\\\\\system32\\\\\\\\wevtutil.exe\",\"targetObject\":\"HKLM\\\\\\\\SOFTWARE\\\\\\\\Microsoft\\\\\\\\Windows\\\\\\\\CurrentVersion\\\\\\\\WINEVT\\\\\\\\Channels\\\\\\\\Microsoft-Windows-Windows Defender/WHC\\\\\\\\ChannelAccess\",\"details\":\"O:BAG:SYD:(A;;0xf0007;;;SY)(A;;0x7;;;BA)(A;;0x3;;;BO)(A;;0x5;;;SO)(A;;0x1;;;IU)(A;;0x3;;;SU)(A;;0x1;;;S-1-5-3)(A;;0x2;;;S-1-5-33)(A;;0x1;;;S-1-5-32-573)\",\"user\":\"NT AUTHORITY\\\\\\\\SYSTEM\"}}}","decoder":{"name":"windows_eventchannel"},"data":{"win":{"system":{"providerName":"Microsoft-Windows-Sysmon","providerGuid":"{5770385f-c22a-43e0-bf4c-06f5698ffbd9}","eventID":"13","version":"2","level":"4","task":"13","opcode":"0","keywords":"0x8000000000000000","systemTime":"2026-10-02T03:06:06.2751363Z","eventRecordID":"11273","processID":"2140","threadID":"4056","channel":"Microsoft-Windows-Sysmon/Operational","computer":"WIN10-01.SOC-LAB.LOCAL","severityValue":"INFORMATION","message":"\"Registry value set:\r\nRuleName: -\r\nEventType: SetValue\r\nUtcTime: 2026-10-02 03:06:03.988\r\nProcessGuid: {e12a69d9-1f9b-6abf-4300-000000001700}\r\nProcessId: 3304\r\nImage: C:\\Windows\\system32\\wevtutil.exe\r\nTargetObject: HKLM\\SOFTWARE\\Microsoft\\Windows\\CurrentVersion\\WINEVT\\Channels\\Microsoft-Windows-Windows Defender/WHC\\ChannelAccess\r\nDetails: O:BAG:SYD:(A;;0xf0007;;;SY)(A;;0x7;;;BA)(A;;0x3;;;BO)(A;;0x5;;;SO)(A;;0x1;;;IU)(A;;0x3;;;SU)(A;;0x1;;;S-1-5-3)(A;;0x2;;;S-1-5-33)(A;;0x1;;;S-1-5-32-573)\r\nUser: NT AUTHORITY\\SYSTEM\""},"eventdata":{"eventType":"SetValue","utcTime":"2026-10-02 03:06:03.988","processGuid":"{e12a69d9-1f9b-6abf-4300-000000001700}","processId":"3304","image":"C:\\\\Windows\\\\system32\\\\wevtutil.exe","targetObject":"HKLM\\\\SOFTWARE\\\\Microsoft\\\\Windows\\\\CurrentVersion\\\\WINEVT\\\\Channels\\\\Microsoft-Windows-Windows Defender/WHC\\\\ChannelAccess","details":"O:BAG:SYD:(A;;0xf0007;;;SY)(A;;0x7;;;BA)(A;;0x3;;;BO)(A;;0x5;;;SO)(A;;0x1;;;IU)(A;;0x3;;;SU)(A;;0x1;;;S-1-5-3)(A;;0x2;;;S-1-5-33)(A;;0x1;;;S-1-5-32-573)","user":"NT AUTHORITY\\\\SYSTEM"}}},"location":"EventChannel"}
{"timestamp":"2026-10-02T03:06:34.065+0000","agent":{"id":"001","name":"SOC-WIN10","ip":"192.168.50.20"},"manager":{"name":"soc-wazuh"},"id":"1790910394.49539","full_log":"{\"win\":{\"system\":{\"providerName\":\"Microsoft-Windows-Sysmon\",\"providerGuid\":\"{5770385f-c22a-43e0-bf4c-06f5698ffbd9}\",\"eventID\":\"13\",\"version\":\"2\",\"level\":\"4\",\"task\":\"13\",\"opcode\":\"0\",\"keywords\":\"0x8000000000000000\",\"systemTime\":\"2026-10-02T03:06:06.2751844Z\",\"eventRecordID\":\"11274\",\"processID\":\"2140\",\"threadID\":\"4056\",\"channel\":\"Microsoft-Windows-Sysmon/Operational\",\"computer\":\"WIN10-01.SOC-LAB.LOCAL\",\"severityValue\":\"INFORMATION\",\"message\":\"\\\"Registry value set:\\r\\nRuleName: -\\r\\nEventType: SetValue\\r\\nUtcTime: 2026-10-02 03:06:03.988\\r\\nProcessGuid: {e12a69d9-1f9b-6abf-4300-000000001700}\\r\\nProcessId: 3304\\r\\nImage: C:\\\\Windows\\\\system32\\\\wevtutil.exe\\r\\nTargetObject: HKLM\\\\SOFTWARE\\\\Microsoft\\\\Windows\\\\CurrentVersion\\\\WINEVT\\\\Channels\\\\Microsoft-Windows-Windows Defender/WHC\\\\MaxSize\\r\\nDetails: DWORD (0x00040000)\\r\\nUser: NT AUTHORITY\\\\SYSTEM\\\"\"},\"eventdata\":{\"eventType\":\"SetValue\",\"utcTime\":\"2026-10-02 03:06:03.988\",\"processGuid\":\"{e12a69d9-1f9b-6abf-4300-000000001700}\",\"processId\":\"3304\",\"image\":\"C:\\\\\\\\Windows\\\\\\\\system32\\\\\\\\wevtutil.exe\",\"targetObject\":\"HKLM\\\\\\\\SOFTWARE\\\\\\\\Microsoft\\\\\\\\Windows\\\\\\\\CurrentVersion\\\\\\\\WINEVT\\\\\\\\Channels\\\\\\\\Microsoft-Windows-Windows Defender/WHC\\\\\\\\MaxSize\",\"details\":\"DWORD (0x00040000)\",\"user\":\"NT AUTHORITY\\\\\\\\SYSTEM\"}}}","decoder":{"name":"windows_eventchannel"},"data":{"win":{"system":{"providerName":"Microsoft-Windows-Sysmon","providerGuid":"{5770385f-c22a-43e0-bf4c-06f5698ffbd9}","eventID":"13","version":"2","level":"4","task":"13","opcode":"0","keywords":"0x8000000000000000","systemTime":"2026-10-02T03:06:06.2751844Z","eventRecordID":"11274","processID":"2140","threadID":"4056","channel":"Microsoft-Windows-Sysmon/Operational","computer":"WIN10-01.SOC-LAB.LOCAL","severityValue":"INFORMATION","message":"\"Registry value set:\r\nRuleName: -\r\nEventType: SetValue\r\nUtcTime: 2026-10-02 03:06:03.988\r\nProcessGuid: {e12a69d9-1f9b-6abf-4300-000000001700}\r\nProcessId: 3304\r\nImage: C:\\Windows\\system32\\wevtutil.exe\r\nTargetObject: HKLM\\SOFTWARE\\Microsoft\\Windows\\CurrentVersion\\WINEVT\\Channels\\Microsoft-Windows-Windows Defender/WHC\\MaxSize\r\nDetails: DWORD (0x00040000)\r\nUser: NT AUTHORITY\\SYSTEM\""},"eventdata":{"eventType":"SetValue","utcTime":"2026-10-02 03:06:03.988","processGuid":"{e12a69d9-1f9b-6abf-4300-000000001700}","processId":"3304","image":"C:\\\\Windows\\\\system32\\\\wevtutil.exe","targetObject":"HKLM\\\\SOFTWARE\\\\Microsoft\\\\Windows\\\\CurrentVersion\\\\WINEVT\\\\Channels\\\\Microsoft-Windows-Windows Defender/WHC\\\\MaxSize","details":"DWORD (0x00040000)","user":"NT AUTHORITY\\\\SYSTEM"}}},"location":"EventChannel"}
{"timestamp":"2026-10-02T03:06:34.086+0000","agent":{"id":"001","name":"SOC-WIN10","ip":"192.168.50.20"},"manager":{"name":"soc-wazuh"},"id":"1790910394.49539","full_log":"{\"win\":{\"system\":{\"providerName\":\"Microsoft-Windows-Sysmon\",\"providerGuid\":\"{5770385f-c22a-43e0-bf4c-06f5698ffbd9}\",\"eventID\":\"13\",\"version\":\"2\",\"level\":\"4\",\"task\":\"13\",\"opcode\":\"0\",\"keywords\":\"0x8000000000000000\",\"systemTime\":\"2026-10-02T03:06:06.2752330Z\",\"eventRecordID\":\"11275\",\"processID\":\"2140\",\"threadID\":\"4056\",\"channel\":\"Microsoft-Windows-Sysmon/Operational\",\"computer\":\"WIN10-01.SOC-LAB.LOCAL\",\"severityValue\":\"INFORMATION\",\"message\":\"\\\"Registry value set:\\r\\nRuleName: -\\r\\nEventType: SetValue\\r\\nUtcTime: 2026-10-02 03:06:03.988\\r\\nProcessGuid: {e12a69d9-1f9b-6abf-4300-000000001700}\\r\\nProcessId: 3304\\r\\nImage: C:\\\\Windows\\\\system32\\\\wevtutil.exe\\r\\nTargetObject: HKLM\\\\SOFTWARE\\\\Microsoft\\\\Windows\\\\CurrentVersion\\\\WINEVT\\\\Channels\\\\Microsoft-Windows-Windows Defender/WHC\\\\MaxSizeUpper\\r\\nDetails: DWORD (0x00000000)\\r\\nUser: NT AUTHORITY\\\\SYSTEM\\\"\"},\"eventdata\":{\"eventType\":\"SetValue\",\"utcTime\":\"2026-10-02 03:06:03.988\",\"processGuid\":\"{e12a69d9-1f9b-6abf-4300-000000001700}\",\"processId\":\"3304\",\"image\":\"C:\\\\\\\\Windows\\\\\\\\system32\\\\\\\\wevtutil.exe\",\"targetObject\":\"HKLM\\\\\\\\SOFTWARE\\\\\\\\Microsoft\\\\\\\\Windows\\\\\\\\CurrentVersion\\\\\\\\WINEVT\\\\\\\\Channels\\\\\\\\Microsoft-Windows-Windows Defender/WHC\\\\\\\\MaxSizeUpper\",\"details\":\"DWORD (0x00000000)\",\"user\":\"NT AUTHORITY\\\\\\\\SYSTEM\"}}}","decoder":{"name":"windows_eventchannel"},"data":{"win":{"system":{"providerName":"Microsoft-Windows-Sysmon","providerGuid":"{5770385f-c22a-43e0-bf4c-06f5698ffbd9}","eventID":"13","version":"2","level":"4","task":"13","opcode":"0","keywords":"0x8000000000000000","systemTime":"2026-10-02T03:06:06.2752330Z","eventRecordID":"11275","processID":"2140","threadID":"4056","channel":"Microsoft-Windows-Sysmon/Operational","computer":"WIN10-01.SOC-LAB.LOCAL","severityValue":"INFORMATION","message":"\"Registry value set:\r\nRuleName: -\r\nEventType: SetValue\r\nUtcTime: 2026-10-02 03:06:03.988\r\nProcessGuid: {e12a69d9-1f9b-6abf-4300-000000001700}\r\nProcessId: 3304\r\nImage: C:\\Windows\\system32\\wevtutil.exe\r\nTargetObject: HKLM\\SOFTWARE\\Microsoft\\Windows\\CurrentVersion\\WINEVT\\Channels\\Microsoft-Windows-Windows Defender/WHC\\MaxSizeUpper\r\nDetails: DWORD (0x00000000)\r\nUser: NT AUTHORITY\\SYSTEM\""},"eventdata":{"eventType":"SetValue","utcTime":"2026-10-02 03:06:03.988","processGuid":"{e12a69d9-1f9b-6abf-4300-000000001700}","processId":"3304","image":"C:\\\\Windows\\\\system32\\\\wevtutil.exe","targetObject":"HKLM\\\\SOFTWARE\\\\Microsoft\\\\Windows\\\\CurrentVersion\\\\WINEVT\\\\Channels\\\\Microsoft-Windows-Windows Defender/WHC\\\\MaxSizeUpper","details":"DWORD (0x00000000)","user":"NT AUTHORITY\\\\SYSTEM"}}},"location":"EventChannel"}
{"timestamp":"2026-10-02T03:06:34.097+0000","agent":{"id":"001","name":"SOC-WIN10","ip":"192.168.50.20"},"manager":{"name":"soc-wazuh"},"id":"1790910394.49539","full_log":"{\"win\":{\"system\":{\"providerName\":\"Microsoft-Windows-Sysmon\",\"providerGuid\":\"{5770385f-c22a-43e0-bf4c-06f5698ffbd9}\",\"eventID\":\"13\",\"version\":\"2\",\"level\":\"4\",\"task\":\"13\",\"opcode\":\"0\",\"keywords\":\"0x8000000000000000\",\"systemTime\":\"2026-10-02T03:06:06.2752871Z\",\"eventRecordID\":\"11276\",\"processID\":\"2140\",\"threadID\":\"4056\",\"channel\":\"Microsoft-Windows-Sysmon/Operational\",\"computer\":\"WIN10-01.SOC-LAB.LOCAL\",\"severityValue\":\"INFORMATION\",\"message\":\"\\\"Registry value set:\\r\\nRuleName: -\\r\\nEventType: SetValue\\r\\nUtcTime: 2026-10-02 03:06:03.988\\r\\nProcessGuid: {e12a69d9-1f9b-6abf-4300-000000001700}\\r\\nProcessId: 3304\\r\\nImage: C:\\\\Windows\\\\system32\\\\wevtutil.exe\\r\\nTargetObject: HKLM\\\\SOFTWARE\\\\Microsoft\\\\Windows\\\\CurrentVersion\\\\WINEVT\\\\Channels\\\\Microsoft-Windows-Windows Defender/WHC\\\\Type\\r\\nDetails: DWORD (0x00000001)\\r\\nUser: NT AUTHORITY\\\\SYSTEM\\\"\"},\"eventdata\":{\"eventType\":\"SetValue\",\"utcTime\":\"2026-10-02 03:06:03.988\",\"processGuid\":\"{e12a69d9-1f9b-6abf-4300-000000001700}\",\"processId\":\"3304\",\"image\":\"C:\\\\\\\\Windows\\\\\\\\system32\\\\\\\\wevtutil.exe\",\"targetObject\":\"HKLM\\\\\\\\SOFTWARE\\\\\\\\Microsoft\\\\\\\\Windows\\\\\\\\CurrentVersion\\\\\\\\WINEVT\\\\\\\\Channels\\\\\\\\Microsoft-Windows-Windows Defender/WHC\\\\\\\\Type\",\"details\":\"DWORD (0x00000001)\",\"user\":\"NT AUTHORITY\\\\\\\\SYSTEM\"}}}","decoder":{"name":"windows_eventchannel"},"data":{"win":{"system":{"providerName":"Microsoft-Windows-Sysmon","providerGuid":"{5770385f-c22a-43e0-bf4c-06f5698ffbd9}","eventID":"13","version":"2","level":"4","task":"13","opcode":"0","keywords":"0x8000000000000000","systemTime":"2026-10-02T03:06:06.2752871Z","eventRecordID":"11276","processID":"2140","threadID":"4056","channel":"Microsoft-Windows-Sysmon/Operational","computer":"WIN10-01.SOC-LAB.LOCAL","severityValue":"INFORMATION","message":"\"Registry value set:\r\nRuleName: -\r\nEventType: SetValue\r\nUtcTime: 2026-10-02 03:06:03.988\r\nProcessGuid: {e12a69d9-1f9b-6abf-4300-000000001700}\r\nProcessId: 3304\r\nImage: C:\\Windows\\system32\\wevtutil.exe\r\nTargetObject: HKLM\\SOFTWARE\\Microsoft\\Windows\\CurrentVersion\\WINEVT\\Channels\\Microsoft-Windows-Windows Defender/WHC\\Type\r\nDetails: DWORD (0x00000001)\r\nUser: NT AUTHORITY\\SYSTEM\""},"eventdata":{"eventType":"SetValue","utcTime":"2026-10-02 03:06:03.988","processGuid":"{e12a69d9-1f9b-6abf-4300-000000001700}","processId":"3304","image":"C:\\\\Windows\\\\system32\\\\wevtutil.exe","targetObject":"HKLM\\\\SOFTWARE\\\\Microsoft\\\\Windows\\\\CurrentVersion\\\\WINEVT\\\\Channels\\\\Microsoft-Windows-Windows Defender/WHC\\\\Type","details":"DWORD (0x00000001)","user":"NT AUTHORITY\\\\SYSTEM"}}},"location":"EventChannel"}
{"timestamp":"2026-10-02T03:06:34.129+0000","agent":{"id":"001","name":"SOC-WIN10","ip":"192.168.50.20"},"manager":{"name":"soc-wazuh"},"id":"1790910394.49539","full_log":"{\"win\":{\"system\":{\"providerName\":\"Microsoft-Windows-Sysmon\",\"providerGuid\":\"{5770385f-c22a-43e0-bf4c-06f5698ffbd9}\",\"eventID\":\"1\",\"version\":\"5\",\"level\":\"4\",\"task\":\"1\",\"opcode\":\"0\",\"keywords\":\"0x8000000000000000\",\"systemTime\":\"2026-10-02T03:06:06.2807563Z\",\"eventRecordID\":\"11277\",\"processID\":\"2140\",\"threadID\":\"4056\",\"channel\":\"Microsoft-Windows-Sysmon/Operational\",\"computer\":\"WIN10-01.SOC-LAB.LOCAL\",\"severityValue\":\"INFORMATION\",\"message\":\"\\\"Process Create:\\r\\nRuleName: -\\r\\nUtcTime: 2026-10-02 03:06:04.284\\r\\nProcessGuid: {e12a69d9-1f9c-6abf-4500-000000001700}\\r\\nProcessId: 3436\\r\\nImage: C:\\\\Windows\\\\System32\\\\wevtutil.exe\\r\\nFileVersion: 10.0.19041.5794 (WinBuild.160101.0800)\\r\\nDescription: Eventing Command Line Utility\\r\\nProduct: Microsoft® Windows® Operating System\\r\\nCompany: Microsoft Corporation\\r\\nOriginalFileName: wevtutil.exe\\r\\nCommandLine: C:\\\\Windows\\\\system32\\\\wevtutil.exe uninstall-manifest \\\"C:\\\\ProgramData\\\\Microsoft\\\\Windows Defender\\\\platform\\\\4.18.26080.4-0\\\\Microsoft-Antimalware-Service.man\\\"\\r\\nCurrentDirectory: C:\\\\Windows\\\\system32\\\\\\r\\nUser: NT AUTHORITY\\\\SYSTEM\\r\\nLogonGuid: {e12a69d9-1f98-6abf-e703-000000000000}\\r\\nLogonId: 0x3E7\\r\\nTerminalSessionId: 0\\r\\nIntegrityLevel: System\\r\\nHashes: MD5=D4C99E01B0061D2EEA2A3EB422CDBCB8,SHA256=0B732D9AD576D1400DB44EDF3E750849AC481E9BBAA628A3914E5EEF9B7181B0,IMPHASH=1864B7EA6A87A2BBB43783BD42E11204\\r\\nParentProcessGuid: {e12a69d9-1f99-6abf-2c00-000000001700}\\r\\nParentProcessId: 2148\\r\\nParentImage: C:\\\\ProgramData\\\\Microsoft\\\\Windows Defender\\\\Platform\\\\4.18.26080.4-0\\\\MsMpEng.exe\\r\\nParentCommandLine: \\\"C:\\\\ProgramData\\\\Microsoft\\\\Windows Defender\\\\platform\\\\4.18.26080.4-0\\\\MsMpEng.exe\\\"\\r\\nParentUser: NT AUTHORITY\\\\SYSTEM\\\"\"},\"eventdata\":{\"utcTime\":\"2026-10-02 03:06:04.284\",\"processGuid\":\"{e12a69d9-1f9c-6abf-4500-000000001700}\",\"processId\":\"3436\",\"image\":\"C:\\\\\\\\Windows\\\\\\\\System32\\\\\\\\wevtutil.exe\",\"fileVersion\":\"10.0.19041.5794 (WinBuild.160101.0800)\",\"description\":\"Eventing Command Line Utility\",\"product\":\"Microsoft® Windows® Operating System\",\"company\":\"Microsoft Corporation\",\"originalFileName\":\"wevtutil.exe\",\"commandLine\":\"C:\\\\\\\\Windows\\\\\\\\system32\\\\\\\\wevtutil.exe uninstall-manifest \\\\\\\"C:\\\\\\\\ProgramData\\\\\\\\Microsoft\\\\\\\\Windows Defender\\\\\\\\platform\\\\\\\\4.18.26080.4-0\\\\\\\\Microsoft-Antimalware-Service.man\\\\\\\"\",\"currentDirectory\":\"C:\\\\\\\\Windows\\\\\\\\system32\\\\\\\\\",\"user\":\"NT AUTHORITY\\\\\\\\SYSTEM\",\"logonGuid\":\"{e12a69d9-1f98-6abf-e703-000000000000}\",\"logonId\":\"0x3e7\",\"terminalSessionId\":\"0\",\"integrityLevel\":\"System\",\"hashes\":\"MD5=D4C99E01B0061D2EEA2A3EB422CDBCB8,SHA256=0B732D9AD576D1400DB44EDF3E750849AC481E9BBAA628A3914E5EEF9B7181B0,IMPHASH=1864B7EA6A87A2BBB43783BD42E11204\",\"parentProcessGuid\":\"{e12a69d9-1f99-6abf-2c00-000000001700}\",\"parentProcessId\":\"2148\",\"parentImage\":\"C:\\\\\\\\ProgramData\\\\\\\\Microsoft\\\\\\\\Windows Defender\\\\\\\\Platform\\\\\\\\4.18.26080.4-0\\\\\\\\MsMpEng.exe\",\"parentCommandLine\":\"\\\\\\\"C:\\\\\\\\ProgramData\\\\\\\\Microsoft\\\\\\\\Windows Defender\\\\\\\\platform\\\\\\\\4.18.26080.4-0\\\\\\\\MsMpEng.exe\\\\\\\"\",\"parentUser\":\"NT AUTHORITY\\\\\\\\SYSTEM\"}}}","decoder":{"name":"windows_eventchannel"},"data":{"win":{"system":{"providerName":"Microsoft-Windows-Sysmon","providerGuid":"{5770385f-c22a-43e0-bf4c-06f5698ffbd9}","eventID":"1","version":"5","level":"4","task":"1","opcode":"0","keywords":"0x8000000000000000","systemTime":"2026-10-02T03:06:06.2807563Z","eventRecordID":"11277","processID":"2140","threadID":"4056","channel":"Microsoft-Windows-Sysmon/Operational","computer":"WIN10-01.SOC-LAB.LOCAL","severityValue":"INFORMATION","message":"\"Process Create:\r\nRuleName: -\r\nUtcTime: 2026-10-02 03:06:04.284\r\nProcessGuid: {e12a69d9-1f9c-6abf-4500-000000001700}\r\nProcessId: 3436\r\nImage: C:\\Windows\\System32\\wevtutil.exe\r\nFileVersion: 10.0.19041.5794 (WinBuild.160101.0800)\r\nDescription: Eventing Command Line Utility\r\nProduct: Microsoft® Windows® Operating System\r\nCompany: Microsoft Corporation\r\nOriginalFileName: wevtutil.exe\r\nCommandLine: C:\\Windows\\system32\\wevtutil.exe uninstall-manifest \"C:\\ProgramData\\Microsoft\\Windows Defender\\platform\\4.18.26080.4-0\\Microsoft-Antimalware-Service.man\"\r\nCurrentDirectory: C:\\Windows\\system32\\\r\nUser: NT AUTHORITY\\SYSTEM\r\nLogonGuid: {e12a69d9-1f98-6abf-e703-000000000000}\r\nLogonId: 0x3E7\r\nTerminalSessionId: 0\r\nIntegrityLevel: System\r\nHashes: MD5=D4C99E01B0061D2EEA2A3EB422CDBCB8,SHA256=0B732D9AD576D1400DB44EDF3E750849AC481E9BBAA628A3914E5EEF9B7181B0,IMPHASH=1864B7EA6A87A2BBB43783BD42E11204\r\nParentProcessGuid: {e12a69d9-1f99-6abf-2c00-000000001700}\r\nParentProcessId: 2148\r\nParentImage: C:\\ProgramData\\Microsoft\\Windows Defender\\Platform\\4.18.26080.4-0\\MsMpEng.exe\r\nParentCommandLine: \"C:\\ProgramData\\Microsoft\\Windows Defender\\platform\\4.18.26080.4-0\\MsMpEng.exe\"\r\nParentUser: NT AUTHORITY\\SYSTEM\""},"eventdata":{"utcTime":"2026-10-02 03:06:04.284","processGuid":"{e12a69d9-1f9c-6abf-4500-000000001700}","processId":"3436","image":"C:\\\\Windows\\\\System32\\\\wevtutil.exe","fileVersion":"10.0.19041.5794 (WinBuild.160101.0800)","description":"Eventing Command Line Utility","product":"Microsoft® Windows® Operating System","company":"Microsoft Corporation","originalFileName":"wevtutil.exe","commandLine":"C:\\\\Windows\\\\system32\\\\wevtutil.exe uninstall-manifest \\\"C:\\\\ProgramData\\\\Microsoft\\\\Windows Defender\\\\platform\\\\4.18.26080.4-0\\\\Microsoft-Antimalware-Service.man\\\"","currentDirectory":"C:\\\\Windows\\\\system32\\\\","user":"NT AUTHORITY\\\\SYSTEM","logonGuid":"{e12a69d9-1f98-6abf-e703-000000000000}","logonId":"0x3e7","terminalSessionId":"0","integrityLevel":"System","hashes":"MD5=D4C99E01B0061D2EEA2A3EB422CDBCB8,SHA256=0B732D9AD576D1400DB44EDF3E750849AC481E9BBAA628A3914E5EEF9B7181B0,IMPHASH=1864B7EA6A87A2BBB43783BD42E11204","parentProcessGuid":"{e12a69d9-1f99-6abf-2c00-000000001700}","parentProcessId":"2148","parentImage":"C:\\\\ProgramData\\\\Microsoft\\\\Windows Defender\\\\Platform\\\\4.18.26080.4-0\\\\MsMpEng.exe","parentCommandLine":"\\\"C:\\\\ProgramData\\\\Microsoft\\\\Windows Defender\\\\platform\\\\4.18.26080.4-0\\\\MsMpEng.exe\\\"","parentUser":"NT AUTHORITY\\\\SYSTEM"}}},"location":"EventChannel"}
