{"timestamp":"2026-10-02T03:06:30.438+0000","agent":{"id":"001","name":"SOC-WIN10","ip":"192.168.50.20"},"manager":{"name":"soc-wazuh"},"id":"1790910390.38256","full_log":"{\"win\":{\"system\":{\"providerName\":\"Microsoft-Windows-DNS-Client\",\"providerGuid\":\"{1c95126e-7eea-49a9-a3fe-a378b03ddb4d}\",\"eventID\":\"8015\",\"version\":\"0\",\"level\":\"3\",\"task\":\"1028\",\"opcode\":\"0\",\"keywords\":\"0x4000000000000000\",\"systemTime\":\"2026-10-02T03:06:20.9579355Z\",\"eventRecordID\":\"2435\",\"processID\":\"1048\",\"threadID\":\"3356\",\"channel\":\"System\",\"computer\":\"WIN10-01.SOC-LAB.LOCAL\",\"severityValue\":\"WARNING\",\"message\":\"\\\"The system failed to register host (A or AAAA) resource records (RRs) for network adapter\\r\\nwith settings:\\r\\n\\r\\n           Adapter Name : {C116D25A-6F45-4B3A-A96E-9F2D4D28E510}\\r\\n           Host Name : WIN10-01\\r\\n           Primary Domain Suffix : SOC-LAB.LOCAL\\r\\n           DNS server list :\\r\\n             \\t192.168.50.10\\r\\n           Sent update to server : <?>\\r\\n           IP Address(es) :\\r\\n             192.168.50.20\\r\\n\\r\\nThe reason the system could not register these RRs was because the update request it sent to the DNS server timed out. The most likely cause of this is that the DNS server authoritative for the name it was attempting to register or update is not running at this time.\\r\\n\\r\\nYou can manually retry DNS registration of the network adapter and its settings by typing 'ipconfig /registerdns' at the command prompt. If problems still persist, contact your DNS server or network systems administrator.\\\"\"},\"eventdata\":{\"adapterName\":\"{C116D25A-6F45-4B3A-A96E-9F2D4D28E510}\",\"hostName\":\"WIN10-01\",\"adapterSuffixName\":\"SOC-LAB.LOCAL\",\"dnsServerList\":\"\\\\t192.168.50.10\",\"sent UpdateServer\":\"&lt;?&gt;\",\"ipaddress\":\"192.168.50.20\",\"errorCode\":\"1460\"}}}","decoder":{"name":"windows_eventchannel"},"data":{"win":{"system":{"providerName":"Microsoft-Windows-DNS-Client","providerGuid":"{1c95126e-7eea-49a9-a3fe-a378b03ddb4d}","eventID":"8015","version":"0","level":"3","task":"1028","opcode":"0","keywords":"0x4000000000000000","systemTime":"2026-10-02T03:06:20.9579355Z","eventRecordID":"2435","processID":"1048","threadID":"3356","channel":"System","computer":"WIN10-01.SOC-LAB.LOCAL","severityValue":"WARNING","message":"\"The system failed to register host (A or AAAA) resource records (RRs) for network adapter\r\nwith settings:\r\n\r\n           Adapter Name : {C116D25A-6F45-4B3A-A96E-9F2D4D28E510}\r\n           Host Name : WIN10-01\r\n           Primary Domain Suffix : SOC-LAB.LOCAL\r\n           DNS server list :\r\n             \t192.168.50.10\r\n           Sent update to server : <?>\r\n           IP Address(es) :\r\n             192.168.50.20\r\n\r\nThe reason the system could not register these RRs was because the update request it sent to the DNS server timed out. The most likely cause of this is that the DNS server authoritative for the name it was attempting to register or update is not running at this time.\r\n\r\nYou can manually retry DNS registration of the network adapter and its settings by typing 'ipconfig /registerdns' at the command prompt. If problems still persist, contact your DNS server or network systems administrator.\""},"eventdata":{"adapterName":"{C116D25A-6F45-4B3A-A96E-9F2D4D28E510}","hostName":"WIN10-01","adapterSuffixName":"SOC-LAB.LOCAL","dnsServerList":"\\t192.168.50.10","sent UpdateServer":"&lt;?&gt;","ipaddress":"192.168.50.20","errorCode":"1460"}}},"location":"EventChannel"}
{"timestamp":"2026-10-02T03:06:30.455+0000","rule":{"level":5,"description":"Name resolution for the name _ldap._tcp.Default-First-Site-Name._sites.dc._msdcs.SOC-LAB.LOCAL. timed out","id":"61109","firedtimes":2,"mail":false,"groups":["windows","windows_system"]},"agent":{"id":"001","name":"SOC-WIN10","ip":"192.168.50.20"},"manager":{"name":"soc-wazuh"},"id":"1790910390.40403","full_log":"{\"win\":{\"system\":{\"providerName\":\"Microsoft-Windows-DNS-Client\",\"providerGuid\":\"{1c95126e-7eea-49a9-a3fe-a378b03ddb4d}\",\"eventID\":\"1014\",\"version\":\"0\",\"level\":\"3\",\"task\":\"1014\",\"opcode\":\"0\",\"keywords\":\"0x4000000010000000\",\"systemTime\":\"2026-10-02T03:06:25.7425020Z\",\"eventRecordID\":\"2436\",\"processID\":\"1048\",\"threadID\":\"1308\",\"channel\":\"System\",\"computer\":\"WIN10-01.SOC-LAB.LOCAL\",\"severityValue\":\"WARNING\",\"message\":\"\\\"Name resolution for the name _ldap._tcp.Default-First-Site-Name._sites.dc._msdcs.SOC-LAB.LOCAL. timed out after none of the configured DNS servers responded.\\\"\"},\"eventdata\":{\"queryName\":\"_ldap._tcp.Default-First-Site-Name._sites.dc._msdcs.SOC-LAB.LOCAL.\",\"addressLength\":\"128\",\"address\":\"02000000C0A8320A000000000000000000000000000000000000000000000000000000000000000000000000000000000000000000000000000000000000000000000000000000000000000000000000000000000000000000000000000000000000000000000000000000000000000000000000000000000000000000000000\"}}}","decoder":{"name":"windows_eventchannel"},"data":{"win":{"system":{"providerName":"Microsoft-Windows-DNS-Client","providerGuid":"{1c95126e-7eea-49a9-a3fe-a378b03ddb4d}","eventID":"1014","version":"0","level":"3","task":"1014","opcode":"0","keywords":"0x4000000010000000","systemTime":"2026-10-02T03:06:25.7425020Z","eventRecordID":"2436","processID":"1048","threadID":"1308","channel":"System","computer":"WIN10-01.SOC-LAB.LOCAL","severityValue":"WARNING","message":"\"Name resolution for the name _ldap._tcp.Default-First-Site-Name._sites.dc._msdcs.SOC-LAB.LOCAL. timed out after none of the configured DNS servers responded.\""},"eventdata":{"queryName":"_ldap._tcp.Default-First-Site-Name._sites.dc._msdcs.SOC-LAB.LOCAL.","addressLength":"128","address":"02000000C0A8320A000000000000000000000000000000000000000000000000000000000000000000000000000000000000000000000000000000000000000000000000000000000000000000000000000000000000000000000000000000000000000000000000000000000000000000000000000000000000000000000000"}}},"location":"EventChannel"}
{"timestamp":"2026-10-02T03:06:30.467+0000","agent":{"id":"001","name":"SOC-WIN10","ip":"192.168.50.20"},"manager":{"name":"soc-wazuh"},"id":"1790910390.40403","full_log":"{\"win\":{\"system\":{\"providerName\":\"Microsoft-Windows-DistributedCOM\",\"providerGuid\":\"{1B562E86-B7AA-4131-BADC-B6F3A001407E}\",\"eventSourceName\":\"DCOM\",\"eventID\":\"10016\",\"version\":\"0\",\"level\":\"3\",\"task\":\"0\",\"opcode\":\"0\",\"keywords\":\"0x8080000000000000\",\"systemTime\":\"2026-10-02T03:06:25.8165941Z\",\"eventRecordID\":\"2437\",\"processID\":\"908\",\"threadID\":\"2332\",\"channel\":\"System\",\"computer\":\"WIN10-01.SOC-LAB.LOCAL\",\"severityValue\":\"WARNING\",\"message\":\"\\\"The machine-default permission settings do not grant Local Activation permission for the COM Server application with CLSID \\r\\n{F87B28F1-DA9A-4F35-8EC0-800EFCF26B83}\\r\\n and APPID \\r\\n{0868DC9B-D9A2-4F64-9362-133CEA201299}\\r\\n to the user NT AUTHORITY\\\\NETWORK SERVICE SID (S-1-5-20) from address LocalHost (Using LRPC) running in the application container Unavailable SID (Unavailable). This security permission can be modified using the Component Services administrative tool.\\\"\"},\"eventdata\":{\"param1\":\"machine-default\",\"param2\":\"Local\",\"param3\":\"Activation\",\"param4\":\"{F87B28F1-DA9A-4F35-8EC0-800EFCF26B83}\",\"param5\":\"{0868DC9B-D9A2-4F64-9362-133CEA201299}\",\"param6\":\"NT AUTHORITY\",\"param7\":\"NETWORK SERVICE\",\"param8\":\"S-1-5-20\",\"param9\":\"LocalHost (Using LRPC)\",\"param10\":\"Unavailable\",\"param11\":\"Unavailable\"}}}","decoder":{"name":"windows_eventchannel"},"data":{"win":{"system":{"providerName":"Microsoft-Windows-DistributedCOM","providerGuid":"{1B562E86-B7AA-4131-BADC-B6F3A001407E}","eventSourceName":"DCOM","eventID":"10016","version":"0","level":"3","task":"0","opcode":"0","keywords":"0x8080000000000000","systemTime":"2026-10-02T03:06:25.8165941Z","eventRecordID":"2437","processID":"908","threadID":"2332","channel":"System","computer":"WIN10-01.SOC-LAB.LOCAL","severityValue":"WARNING","message":"\"The machine-default permission settings do not grant Local Activation permission for the COM Server application with CLSID \r\n{F87B28F1-DA9A-4F35-8EC0-800EFCF26B83}\r\n and APPID \r\n{0868DC9B-D9A2-4F64-9362-133CEA201299}\r\n to the user NT AUTHORITY\\NETWORK SERVICE SID (S-1-5-20) from address LocalHost (Using LRPC) running in the application container Unavailable SID (Unavailable). This security permission can be modified using the Component Services administrative tool.\""},"eventdata":{"param1":"machine-default","param2":"Local","param3":"Activation","param4":"{F87B28F1-DA9A-4F35-8EC0-800EFCF26B83}","param5":"{0868DC9B-D9A2-4F64-9362-133CEA201299}","param6":"NT AUTHORITY","param7":"NETWORK SERVICE","param8":"S-1-5-20","param9":"LocalHost (Using LRPC)","param10":"Unavailable","param11":"Unavailable"}}},"location":"EventChannel"}
{"timestamp":"2026-10-02T03:06:30.483+0000","agent":{"id":"001","name":"SOC-WIN10","ip":"192.168.50.20"},"manager":{"name":"soc-wazuh"},"id":"1790910390.40403","full_log":"{\"win\":{\"system\":{\"providerName\":\"Microsoft-Windows-DistributedCOM\",\"providerGuid\":\"{1B562E86-B7AA-4131-BADC-B6F3A001407E}\",\"eventSourceName\":\"DCOM\",\"eventID\":\"10016\",\"version\":\"0\",\"level\":\"3\",\"task\":\"0\",\"opcode\":\"0\",\"keywords\":\"0x8080000000000000\",\"systemTime\":\"2026-10-02T03:06:27.4103232Z\",\"eventRecordID\":\"2438\",\"processID\":\"908\",\"threadID\":\"2464\",\"channel\":\"System\",\"computer\":\"WIN10-01.SOC-LAB.LOCAL\",\"severityValue\":\"WARNING\",\"message\":\"\\\"The machine-default permission settings do not grant Local Activation permission for the COM Server application with CLSID \\r\\n{F87B28F1-DA9A-4F35-8EC0-800EFCF26B83}\\r\\n and APPID \\r\\n{0868DC9B-D9A2-4F64-9362-133CEA201299}\\r\\n to the user NT AUTHORITY\\\\NETWORK SERVICE SID (S-1-5-20) from address LocalHost (Using LRPC) running in the application container Unavailable SID (Unavailable). This security permission can be modified using the Component Services administrative tool.\\\"\"},\"eventdata\":{\"param1\":\"machine-default\",\"param2\":\"Local\",\"param3\":\"Activation\",\"param4\":\"{F87B28F1-DA9A-4F35-8EC0-800EFCF26B83}\",\"param5\":\"{0868DC9B-D9A2-4F64-9362-133CEA201299}\",\"param6\":\"NT AUTHORITY\",\"param7\":\"NETWORK SERVICE\",\"param8\":\"S-1-5-20\",\"param9\":\"LocalHost (Using LRPC)\",\"param10\":\"Unavailable\",\"param11\":\"Unavailable\"}}}","decoder":{"name":"windows_eventchannel"},"data":{"win":{"system":{"providerName":"Microsoft-Windows-DistributedCOM","providerGuid":"{1B562E86-B7AA-4131-BADC-B6F3A001407E}","eventSourceName":"DCOM","eventID":"10016","version":"0","level":"3","task":"0","opcode":"0","keywords":"0x8080000000000000","systemTime":"2026-10-02T03:06:27.4103232Z","eventRecordID":"2438","processID":"908","threadID":"2464","channel":"System","computer":"WIN10-01.SOC-LAB.LOCAL","severityValue":"WARNING","message":"\"The machine-default permission settings do not grant Local Activation permission for the COM Server application with CLSID \r\n{F87B28F1-DA9A-4F35-8EC0-800EFCF26B83}\r\n and APPID \r\n{0868DC9B-D9A2-4F64-9362-133CEA201299}\r\n to the user NT AUTHORITY\\NETWORK SERVICE SID (S-1-5-20) from address LocalHost (Using LRPC) running in the application container Unavailable SID (Unavailable). This security permission can be modified using the Component Services administrative tool.\""},"eventdata":{"param1":"machine-default","param2":"Local","param3":"Activation","param4":"{F87B28F1-DA9A-4F35-8EC0-800EFCF26B83}","param5":"{0868DC9B-D9A2-4F64-9362-133CEA201299}","param6":"NT AUTHORITY","param7":"NETWORK SERVICE","param8":"S-1-5-20","param9":"LocalHost (Using LRPC)","param10":"Unavailable","param11":"Unavailable"}}},"location":"EventChannel"}
{"timestamp":"2026-10-02T03:06:32.336+0000","agent":{"id":"001","name":"SOC-WIN10","ip":"192.168.50.20"},"manager":{"name":"soc-wazuh"},"id":"1790910392.42705","full_log":"{\"win\":{\"system\":{\"providerName\":\"Microsoft-Windows-Sysmon\",\"providerGuid\":\"{5770385f-c22a-43e0-bf4c-06f5698ffbd9}\",\"eventID\":\"4\",\"version\":\"3\",\"level\":\"4\",\"task\":\"4\",\"opcode\":\"0\",\"keywords\":\"0x8000000000000000\",\"systemTime\":\"2026-10-02T03:06:05.6142516Z\",\"eventRecordID\":\"11205\",\"processID\":\"2140\",\"threadID\":\"4056\",\"channel\":\"Microsoft-Windows-Sysmon/Operational\",\"computer\":\"WIN10-01.SOC-LAB.LOCAL\",\"severityValue\":\"INFORMATION\",\"message\":\"\\\"Sysmon service state changed:\\r\\nUtcTime: 2026-10-02 03:06:05.613\\r\\nState: Started\\r\\nVersion: 15.22\\r\\nSchemaVersion: 4.91\\\"\"},\"eventdata\":{\"utcTime\":\"2026-10-02 03:06:05.613\",\"state\":\"Started\",\"version\":\"15.22\",\"schemaVersion\":\"4.91\"}}}","decoder":{"name":"windows_eventchannel"},"data":{"win":{"system":{"providerName":"Microsoft-Windows-Sysmon","providerGuid":"{5770385f-c22a-43e0-bf4c-06f5698ffbd9}","eventID":"4","version":"3","level":"4","task":"4","opcode":"0","keywords":"0x8000000000000000","systemTime":"2026-10-02T03:06:05.6142516Z","eventRecordID":"11205","processID":"2140","threadID":"4056","channel":"Microsoft-Windows-Sysmon/Operational","computer":"WIN10-01.SOC-LAB.LOCAL","severityValue":"INFORMATION","message":"\"Sysmon service state changed:\r\nUtcTime: 2026-10-02 03:06:05.613\r\nState: Started\r\nVersion: 15.22\r\nSchemaVersion: 4.91\""},"eventdata":{"utcTime":"2026-10-02 03:06:05.613","state":"Started","version":"15.22","schemaVersion":"4.91"}}},"location":"EventChannel"}
{"timestamp":"2026-10-02T03:06:32.338+0000","agent":{"id":"001","name":"SOC-WIN10","ip":"192.168.50.20"},"manager":{"name":"soc-wazuh"},"id":"1790910392.42705","full_log":"{\"win\":{\"system\":{\"providerName\":\"Microsoft-Windows-Sysmon\",\"providerGuid\":\"{5770385f-c22a-43e0-bf4c-06f5698ffbd9}\",\"eventID\":\"13\",\"version\":\"2\",\"level\":\"4\",\"task\":\"13\",\"opcode\":\"0\",\"keywords\":\"0x8000000000000000\",\"systemTime\":\"2026-10-02T03:06:05.6246742Z\",\"eventRecordID\":\"11206\",\"processID\":\"2140\",\"threadID\":\"4056\",\"channel\":\"Microsoft-Windows-Sysmon/Operational\",\"computer\":\"WIN10-01.SOC-LAB.LOCAL\",\"severityValue\":\"INFORMATION\",\"message\":\"\\\"Registry value set:\\r\\nRuleName: Context,DeviceConnectedOrUpdated\\r\\nEventType: SetValue\\r\\nUtcTime: 2026-10-02 03:05:55.516\\r\\nProcessGuid: {e12a69d9-1f93-6abf-eb03-000000000000}\\r\\nProcessId: 4\\r\\nImage: System\\r\\nTargetObject: HKLM\\\\System\\\\CurrentControlSet\\\\Control\\\\DeviceClasses\\\\{0a4252a0-7e70-11d0-a5d6-28db04c10000}\\\\##?#ROOT#SYSTEM#0000#{0a4252a0-7e70-11d0-a5d6-28db04c10000}\\\\#{cfd669f1-9bc2-11d0-8299-0000f822fe8a}&{0A4252A0-7E70-11D0-A5D6-28DB04C10000}\\\\Device Parameters\\\\FriendlyName\\r\\nDetails: Tee/Sink-to-Sink Converter\\r\\nUser: NT AUTHORITY\\\\SYSTEM\\\"\"},\"eventdata\":{\"ruleName\":\"Context,DeviceConnectedOrUpdated\",\"eventType\":\"SetValue\",\"utcTime\":\"2026-10-02 03:05:55.516\",\"processGuid\":\"{e12a69d9-1f93-6abf-eb03-000000000000}\",\"processId\":\"4\",\"image\":\"System\",\"targetObject\":\"HKLM\\\\\\\\System\\\\\\\\CurrentControlSet\\\\\\\\Control\\\\\\\\DeviceClasses\\\\\\\\{0a4252a0-7e70-11d0-a5d6-28db04c10000}\\\\\\\\##?#ROOT#SYSTEM#0000#{0a4252a0-7e70-11d0-a5d6-28db04c10000}\\\\\\\\#{cfd669f1-9bc2-11d0-8299-0000f822fe8a}&amp;{0A4252A0-7E70-11D0-A5D6-28DB04C10000}\\\\\\\\Device Parameters\\\\\\\\FriendlyName\",\"details\":\"Tee/Sink-to-Sink Converter\",\"user\":\"NT AUTHORITY\\\\\\\\SYSTEM\"}}}","decoder":{"name":"windows_eventchannel"},"data":{"win":{"system":{"providerName":"Microsoft-Windows-Sysmon","providerGuid":"{5770385f-c22a-43e0-bf4c-06f5698ffbd9}","eventID":"13","version":"2","level":"4","task":"13","opcode":"0","keywords":"0x8000000000000000","systemTime":"2026-10-02T03:06:05.6246742Z","eventRecordID":"11206","processID":"2140","threadID":"4056","channel":"Microsoft-Windows-Sysmon/Operational","computer":"WIN10-01.SOC-LAB.LOCAL","severityValue":"INFORMATION","message":"\"Registry value set:\r\nRuleName: Context,DeviceConnectedOrUpdated\r\nEventType: SetValue\r\nUtcTime: 2026-10-02 03:05:55.516\r\nProcessGuid: {e12a69d9-1f93-6abf-eb03-000000000000}\r\nProcessId: 4\r\nImage: System\r\nTargetObject: HKLM\\System\\CurrentControlSet\\Control\\DeviceClasses\\{0a4252a0-7e70-11d0-a5d6-28db04c10000}\\##?#ROOT#SYSTEM#0000#{0a4252a0-7e70-11d0-a5d6-28db04c10000}\\#{cfd669f1-9bc2-11d0-8299-0000f822fe8a}&{0A4252A0-7E70-11D0-A5D6-28DB04C10000}\\Device Parameters\\FriendlyName\r\nDetails: Tee/Sink-to-Sink Converter\r\nUser: NT AUTHORITY\\SYSTEM\""},"eventdata":{"ruleName":"Context,DeviceConnectedOrUpdated","eventType":"SetValue","utcTime":"2026-10-02 03:05:55.516","processGuid":"{e12a69d9-1f93-6abf-eb03-000000000000}","processId":"4","image":"System","targetObject":"HKLM\\\\System\\\\CurrentControlSet\\\\Control\\\\DeviceClasses\\\\{0a4252a0-7e70-11d0-a5d6-28db04c10000}\\\\##?#ROOT#SYSTEM#0000#{0a4252a0-7e70-11d0-a5d6-28db04c10000}\\\\#{cfd669f1-9bc2-11d0-8299-0000f822fe8a}&amp;{0A4252A0-7E70-11D0-A5D6-28DB04C10000}\\\\Device Parameters\\\\FriendlyName","details":"Tee/Sink-to-Sink Converter","user":"NT AUTHORITY\\\\SYSTEM"}}},"location":"EventChannel"}
{"timestamp":"2026-10-02T03:06:32.349+0000","agent":{"id":"001","name":"SOC-WIN10","ip":"192.168.50.20"},"manager":{"name":"soc-wazuh"},"id":"1790910392.42705","full_log":"{\"win\":{\"system\":{\"providerName\":\"Microsoft-Windows-Sysmon\",\"providerGuid\":\"{5770385f-c22a-43e0-bf4c-06f5698ffbd9}\",\"eventID\":\"13\",\"version\":\"2\",\"level\":\"4\",\"task\":\"13\",\"opcode\":\"0\",\"keywords\":\"0x8000000000000000\",\"systemTime\":\"2026-10-02T03:06:05.6248876Z\",\"eventRecordID\":\"11207\",\"processID\":\"2140\",\"threadID\":\"4056\",\"channel\":\"Microsoft-Windows-Sysmon/Operational\",\"computer\":\"WIN10-01.SOC-LAB.LOCAL\",\"severityValue\":\"INFORMATION\",\"message\":\"\\\"Registry value set:\\r\\nRuleName: Context,DeviceConnectedOrUpdated\\r\\nEventType: SetValue\\r\\nUtcTime: 2026-10-02 03:05:55.516\\r\\nProcessGuid: {e12a69d9-1f93-6abf-eb03-000000000000}\\r\\nProcessId: 4\\r\\nImage: System\\r\\nTargetObject: HKLM\\\\System\\\\CurrentControlSet\\\\Control\\\\DeviceClasses\\\\{cf1dda2c-9743-11d0-a3ee-00a0c9223196}\\\\##?#ROOT#SYSTEM#0000#{cf1dda2c-9743-11d0-a3ee-00a0c9223196}\\\\#{cfd669f1-9bc2-11d0-8299-0000f822fe8a}&{CF1DDA2C-9743-11D0-A3EE-00A0C9223196}\\\\Device Parameters\\\\FriendlyName\\r\\nDetails: Tee/Sink-to-Sink Converter\\r\\nUser: NT AUTHORITY\\\\SYSTEM\\\"\"},\"eventdata\":{\"ruleName\":\"Context,DeviceConnectedOrUpdated\",\"eventType\":\"SetValue\",\"utcTime\":\"2026-10-02 03:05:55.516\",\"processGuid\":\"{e12a69d9-1f93-6abf-eb03-000000000000}\",\"processId\":\"4\",\"image\":\"System\",\"targetObject\":\"HKLM\\\\\\\\System\\\\\\\\CurrentControlSet\\\\\\\\Control\\\\\\\\DeviceClasses\\\\\\\\{cf1dda2c-9743-11d0-a3ee-00a0c9223196}\\\\\\\\##?#ROOT#SYSTEM#0000#{cf1dda2c-9743-11d0-a3ee-00a0c9223196}\\\\\\\\#{cfd669f1-9bc2-11d0-8299-0000f822fe8a}&amp;{CF1DDA2C-9743-11D0-A3EE-00A0C9223196}\\\\\\\\Device Parameters\\\\\\\\FriendlyName\",\"details\":\"Tee/Sink-to-Sink Converter\",\"user\":\"NT AUTHORITY\\\\\\\\SYSTEM\"}}}","decoder":{"name":"windows_eventchannel"},"data":{"win":{"system":{"providerName":"Microsoft-Windows-Sysmon","providerGuid":"{5770385f-c22a-43e0-bf4c-06f5698ffbd9}","eventID":"13","version":"2","level":"4","task":"13","opcode":"0","keywords":"0x8000000000000000","systemTime":"2026-10-02T03:06:05.6248876Z","eventRecordID":"11207","processID":"2140","threadID":"4056","channel":"Microsoft-Windows-Sysmon/Operational","computer":"WIN10-01.SOC-LAB.LOCAL","severityValue":"INFORMATION","message":"\"Registry value set:\r\nRuleName: Context,DeviceConnectedOrUpdated\r\nEventType: SetValue\r\nUtcTime: 2026-10-02 03:05:55.516\r\nProcessGuid: {e12a69d9-1f93-6abf-eb03-000000000000}\r\nProcessId: 4\r\nImage: System\r\nTargetObject: HKLM\\System\\CurrentControlSet\\Control\\DeviceClasses\\{cf1dda2c-9743-11d0-a3ee-00a0c9223196}\\##?#ROOT#SYSTEM#0000#{cf1dda2c-9743-11d0-a3ee-00a0c9223196}\\#{cfd669f1-9bc2-11d0-8299-0000f822fe8a}&{CF1DDA2C-9743-11D0-A3EE-00A0C9223196}\\Device Parameters\\FriendlyName\r\nDetails: Tee/Sink-to-Sink Converter\r\nUser: NT AUTHORITY\\SYSTEM\""},"eventdata":{"ruleName":"Context,DeviceConnectedOrUpdated","eventType":"SetValue","utcTime":"2026-10-02 03:05:55.516","processGuid":"{e12a69d9-1f93-6abf-eb03-000000000000}","processId":"4","image":"System","targetObject":"HKLM\\\\System\\\\CurrentControlSet\\\\Control\\\\DeviceClasses\\\\{cf1dda2c-9743-11d0-a3ee-00a0c9223196}\\\\##?#ROOT#SYSTEM#0000#{cf1dda2c-9743-11d0-a3ee-00a0c9223196}\\\\#{cfd669f1-9bc2-11d0-8299-0000f822fe8a}&amp;{CF1DDA2C-9743-11D0-A3EE-00A0C9223196}\\\\Device Parameters\\\\FriendlyName","details":"Tee/Sink-to-Sink Converter","user":"NT AUTHORITY\\\\SYSTEM"}}},"location":"EventChannel"}
{"timestamp":"2026-10-02T03:06:32.361+0000","agent":{"id":"001","name":"SOC-WIN10","ip":"192.168.50.20"},"manager":{"name":"soc-wazuh"},"id":"1790910392.42705","full_log":"{\"win\":{\"system\":{\"providerName\":\"Microsoft-Windows-Sysmon\",\"providerGuid\":\"{5770385f-c22a-43e0-bf4c-06f5698ffbd9}\",\"eventID\":\"13\",\"version\":\"2\",\"level\":\"4\",\"task\":\"13\",\"opcode\":\"0\",\"keywords\":\"0x8000000000000000\",\"systemTime\":\"2026-10-02T03:06:05.6251172Z\",\"eventRecordID\":\"11208\",\"processID\":\"2140\",\"threadID\":\"4056\",\"channel\":\"Microsoft-Windows-Sysmon/Operational\",\"computer\":\"WIN10-01.SOC-LAB.LOCAL\",\"severityValue\":\"INFORMATION\",\"message\":\"\\\"Registry value set:\\r\\nRuleName: Context,DeviceConnectedOrUpdated\\r\\nEventType: SetValue\\r\\nUtcTime: 2026-10-02 03:05:55.516\\r\\nProcessGuid: {e12a69d9-1f93-6abf-eb03-000000000000}\\r\\nProcessId: 4\\r\\nImage: System\\r\\nTargetObject: HKLM\\\\System\\\\CurrentControlSet\\\\Control\\\\DeviceClasses\\\\{ffbb6e3f-ccfe-4d84-90d9-421418b03a8e}\\\\##?#ROOT#SYSTEM#0000#{ffbb6e3f-ccfe-4d84-90d9-421418b03a8e}\\\\#{EEC12DB6-AD9C-4168-8658-B03DAEF417FE}&{ABD61E00-9350-47e2-A632-4438B90C6641}\\\\Device Parameters\\\\FriendlyName\\r\\nDetails: Microsoft Trusted Audio Drivers\\r\\nUser: NT AUTHORITY\\\\SYSTEM\\\"\"},\"eventdata\":{\"ruleName\":\"Context,DeviceConnectedOrUpdated\",\"eventType\":\"SetValue\",\"utcTime\":\"2026-10-02 03:05:55.516\",\"processGuid\":\"{e12a69d9-1f93-6abf-eb03-000000000000}\",\"processId\":\"4\",\"image\":\"System\",\"targetObject\":\"HKLM\\\\\\\\System\\\\\\\\CurrentControlSet\\\\\\\\Control\\\\\\\\DeviceClasses\\\\\\\\{ffbb6e3f-ccfe-4d84-90d9-421418b03a8e}\\\\\\\\##?#ROOT#SYSTEM#0000#{ffbb6e3f-ccfe-4d84-90d9-421418b03a8e}\\\\\\\\#{EEC12DB6-AD9C-4168-8658-B03DAEF417FE}&amp;{ABD61E00-9350-47e2-A632-4438B90C6641}\\\\\\\\Device Parameters\\\\\\\\FriendlyName\",\"details\":\"Microsoft Trusted Audio Drivers\",\"user\":\"NT AUTHORITY\\\\\\\\SYSTEM\"}}}","decoder":{"name":"windows_eventchannel"},"data":{"win":{"system":{"providerName":"Microsoft-Windows-Sysmon","providerGuid":"{5770385f-c22a-43e0-bf4c-06f5698ffbd9}","eventID":"13","version":"2","level":"4","task":"13","opcode":"0","keywords":"0x8000000000000000","systemTime":"2026-10-02T03:06:05.6251172Z","eventRecordID":"11208","processID":"2140","threadID":"4056","channel":"Microsoft-Windows-Sysmon/Operational","computer":"WIN10-01.SOC-LAB.LOCAL","severityValue":"INFORMATION","message":"\"Registry value set:\r\nRuleName: Context,DeviceConnectedOrUpdated\r\nEventType: SetValue\r\nUtcTime: 2026-10-02 03:05:55.516\r\nProcessGuid: {e12a69d9-1f93-6abf-eb03-000000000000}\r\nProcessId: 4\r\nImage: System\r\nTargetObject: HKLM\\System\\CurrentControlSet\\Control\\DeviceClasses\\{ffbb6e3f-ccfe-4d84-90d9-421418b03a8e}\\##?#ROOT#SYSTEM#0000#{ffbb6e3f-ccfe-4d84-90d9-421418b03a8e}\\#{EEC12DB6-AD9C-4168-8658-B03DAEF417FE}&{ABD61E00-9350-47e2-A632-4438B90C6641}\\Device Parameters\\FriendlyName\r\nDetails: Microsoft Trusted Audio Drivers\r\nUser: NT AUTHORITY\\SYSTEM\""},"eventdata":{"ruleName":"Context,DeviceConnectedOrUpdated","eventType":"SetValue","utcTime":"2026-10-02 03:05:55.516","processGuid":"{e12a69d9-1f93-6abf-eb03-000000000000}","processId":"4","image":"System","targetObject":"HKLM\\\\System\\\\CurrentControlSet\\\\Control\\\\DeviceClasses\\\\{ffbb6e3f-ccfe-4d84-90d9-421418b03a8e}\\\\##?#ROOT#SYSTEM#0000#{ffbb6e3f-ccfe-4d84-90d9-421418b03a8e}\\\\#{EEC12DB6-AD9C-4168-8658-B03DAEF417FE}&amp;{ABD61E00-9350-47e2-A632-4438B90C6641}\\\\Device Parameters\\\\FriendlyName","details":"Microsoft Trusted Audio Drivers","user":"NT AUTHORITY\\\\SYSTEM"}}},"location":"EventChannel"}
{"timestamp":"2026-10-02T03:06:32.373+0000","agent":{"id":"001","name":"SOC-WIN10","ip":"192.168.50.20"},"manager":{"name":"soc-wazuh"},"id":"1790910392.42705","full_log":"{\"win\":{\"system\":{\"providerName\":\"Microsoft-Windows-Sysmon\",\"providerGuid\":\"{5770385f-c22a-43e0-bf4c-06f5698ffbd9}\",\"eventID\":\"1\",\"version\":\"5\",\"level\":\"4\",\"task\":\"1\",\"opcode\":\"0\",\"keywords\":\"0x8000000000000000\",\"systemTime\":\"2026-10-02T03:06:05.6535049Z\",\"eventRecordID\":\"11209\",\"processID\":\"2140\",\"threadID\":\"4056\",\"channel\":\"Microsoft-Windows-Sysmon/Operational\",\"computer\":\"WIN10-01.SOC-LAB.LOCAL\",\"severityValue\":\"INFORMATION\",\"message\":\"\\\"Process Create:\\r\\nRuleName: -\\r\\nUtcTime: 2026-10-02 03:05:59.996\\r\\nProcessGuid: {e12a69d9-1f97-6abf-0500-000000001700}\\r\\nProcessId: 444\\r\\nImage: C:\\\\Windows\\\\System32\\\\smss.exe\\r\\nFileVersion: 10.0.19041.5794 (WinBuild.160101.0800)\\r\\nDescription: Windows Session Manager\\r\\nProduct: Microsoft® Windows® Operating System\\r\\nCompany: Microsoft Corporation\\r\\nOriginalFileName: smss.exe\\r\\nCommandLine: \\\\SystemRoot\\\\System32\\\\smss.exe 000000d4 00000084 \\r\\nCurrentDirectory: C:\\\\Windows\\\\\\r\\nUser: NT AUTHORITY\\\\SYSTEM\\r\\nLogonGuid: {e12a69d9-1f98-6abf-e703-000000000000}\\r\\nLogonId: 0x3E7\\r\\nTerminalSessionId: 0\\r\\nIntegrityLevel: System\\r\\nHashes: MD5=090F2262AC94479C8BF7EA2205937481,SHA256=7FD480E87A53902476A8803A7932156601B349B7F9A5618E7739AEB340666A6D,IMPHASH=95A378AF22B714F575D8F211C9E0281E\\r\\nParentProcessGuid: {e12a69d9-1f93-6abf-0300-000000001700}\\r\\nParentProcessId: 360\\r\\nParentImage: C:\\\\Windows\\\\System32\\\\smss.exe\\r\\nParentCommandLine: \\\\SystemRoot\\\\System32\\\\smss.exe\\r\\nParentUser: NT AUTHORITY\\\\SYSTEM\\\"\"},\"eventdata\":{\"utcTime\":\"2026-10-02 03:05:59.996\",\"processGuid\":\"{e12a69d9-1f97-6abf-0500-000000001700}\",\"processId\":\"444\",\"image\":\"C:\\\\\\\\Windows\\\\\\\\System32\\\\\\\\smss.exe\",\"fileVersion\":\"10.0.19041.5794 (WinBuild.160101.0800)\",\"description\":\"Windows Session Manager\",\"product\":\"Microsoft® Windows® Operating System\",\"company\":\"Microsoft Corporation\",\"originalFileName\":\"smss.exe\",\"commandLine\":\"\\\\\\\\SystemRoot\\\\\\\\System32\\\\\\\\smss.exe 000000d4 00000084\",\"currentDirectory\":\"C:\\\\\\\\Windows\\\\\\\\\",\"user\":\"NT AUTHORITY\\\\\\\\SYSTEM\",\"logonGuid\":\"{e12a69d9-1f98-6abf-e703-000000000000}\",\"logonId\":\"0x3e7\",\"terminalSessionId\":\"0\",\"integrityLevel\":\"System\",\"hashes\":\"MD5=090F2262AC94479C8BF7EA2205937481,SHA256=7FD480E87A53902476A8803A7932156601B349B7F9A5618E7739AEB340666A6D,IMPHASH=95A378AF22B714F575D8F211C9E0281E\",\"parentProcessGuid\":\"{e12a69d9-1f93-6abf-0300-000000001700}\",\"parentProcessId\":\"360\",\"parentImage\":\"C:\\\\\\\\Windows\\\\\\\\System32\\\\\\\\smss.exe\",\"parentCommandLine\":\"\\\\\\\\SystemRoot\\\\\\\\System32\\\\\\\\smss.exe\",\"parentUser\":\"NT AUTHORITY\\\\\\\\SYSTEM\"}}}","decoder":{"name":"windows_eventchannel"},"data":{"win":{"system":{"providerName":"Microsoft-Windows-Sysmon","providerGuid":"{5770385f-c22a-43e0-bf4c-06f5698ffbd9}","eventID":"1","version":"5","level":"4","task":"1","opcode":"0","keywords":"0x8000000000000000","systemTime":"2026-10-02T03:06:05.6535049Z","eventRecordID":"11209","processID":"2140","threadID":"4056","channel":"Microsoft-Windows-Sysmon/Operational","computer":"WIN10-01.SOC-LAB.LOCAL","severityValue":"INFORMATION","message":"\"Process Create:\r\nRuleName: -\r\nUtcTime: 2026-10-02 03:05:59.996\r\nProcessGuid: {e12a69d9-1f97-6abf-0500-000000001700}\r\nProcessId: 444\r\nImage: C:\\Windows\\System32\\smss.exe\r\nFileVersion: 10.0.19041.5794 (WinBuild.160101.0800)\r\nDescription: Windows Session Manager\r\nProduct: Microsoft® Windows® Operating System\r\nCompany: Microsoft Corporation\r\nOriginalFileName: smss.exe\r\nCommandLine: \\SystemRoot\\System32\\smss.exe 000000d4 00000084 \r\nCurrentDirectory: C:\\Windows\\\r\nUser: NT AUTHORITY\\SYSTEM\r\nLogonGuid: {e12a69d9-1f98-6abf-e703-000000000000}\r\nLogonId: 0x3E7\r\nTerminalSessionId: 0\r\nIntegrityLevel: System\r\nHashes: MD5=090F2262AC94479C8BF7EA2205937481,SHA256=7FD480E87A53902476A8803A7932156601B349B7F9A5618E7739AEB340666A6D,IMPHASH=95A378AF22B714F575D8F211C9E0281E\r\nParentProcessGuid: {e12a69d9-1f93-6abf-0300-000000001700}\r\nParentProcessId: 360\r\nParentImage: C:\\Windows\\System32\\smss.exe\r\nParentCommandLine: \\SystemRoot\\System32\\smss.exe\r\nParentUser: NT AUTHORITY\\SYSTEM\""},"eventdata":{"utcTime":"2026-10-02 03:05:59.996","processGuid":"{e12a69d9-1f97-6abf-0500-000000001700}","processId":"444","image":"C:\\\\Windows\\\\System32\\\\smss.exe","fileVersion":"10.0.19041.5794 (WinBuild.160101.0800)","description":"Windows Session Manager","product":"Microsoft® Windows® Operating System","company":"Microsoft Corporation","originalFileName":"smss.exe","commandLine":"\\\\SystemRoot\\\\System32\\\\smss.exe 000000d4 00000084","currentDirectory":"C:\\\\Windows\\\\","user":"NT AUTHORITY\\\\SYSTEM","logonGuid":"{e12a69d9-1f98-6abf-e703-000000000000}","logonId":"0x3e7","terminalSessionId":"0","integrityLevel":"System","hashes":"MD5=090F2262AC94479C8BF7EA2205937481,SHA256=7FD480E87A53902476A8803A7932156601B349B7F9A5618E7739AEB340666A6D,IMPHASH=95A378AF22B714F575D8F211C9E0281E","parentProcessGuid":"{e12a69d9-1f93-6abf-0300-000000001700}","parentProcessId":"360","parentImage":"C:\\\\Windows\\\\System32\\\\smss.exe","parentCommandLine":"\\\\SystemRoot\\\\System32\\\\smss.exe","parentUser":"NT AUTHORITY\\\\SYSTEM"}}},"location":"EventChannel"}
{"timestamp":"2026-10-02T03:06:32.401+0000","agent":{"id":"001","name":"SOC-WIN10","ip":"192.168.50.20"},"manager":{"name":"soc-wazuh"},"id":"1790910392.42705","full_log":"{\"win\":{\"system\":{\"providerName\":\"Microsoft-Windows-Sysmon\",\"providerGuid\":\"{5770385f-c22a-43e0-bf4c-06f5698ffbd9}\",\"eventID\":\"1\",\"version\":\"5\",\"level\":\"4\",\"task\":\"1\",\"opcode\":\"0\",\"keywords\":\"0x8000000000000000\",\"systemTime\":\"2026-10-02T03:06:05.6546047Z\",\"eventRecordID\":\"11210\",\"processID\":\"2140\",\"threadID\":\"4056\",\"channel\":\"Microsoft-Windows-Sysmon/Operational\",\"computer\":\"WIN10-01.SOC-LAB.LOCAL\",\"severityValue\":\"INFORMATION\",\"message\":\"\\\"Process Create:\\r\\nRuleName: -\\r\\nUtcTime: 2026-10-02 03:06:00.068\\r\\nProcessGuid: {e12a69d9-1f98-6abf-0600-000000001700}\\r\\nProcessId: 456\\r\\nImage: C:\\\\Windows\\\\System32\\\\csrss.exe\\r\\nFileVersion: 10.0.19041.3636 (WinBuild.160101.0800)\\r\\nDescription: Client Server Runtime Process\\r\\nProduct: Microsoft® Windows® Operating System\\r\\nCompany: Microsoft Corporation\\r\\nOriginalFileName: CSRSS.Exe\\r\\nCommandLine: %%SystemRoot%%\\\\system32\\\\csrss.exe ObjectDirectory=\\\\Windows SharedSection=1024,20480,768 Windows=On SubSystemType=Windows ServerDll=basesrv,1 ServerDll=winsrv:UserServerDllInitialization,3 ServerDll=sxssrv,4 ProfileControl=Off MaxRequestThreads=16\\r\\nCurrentDirectory: C:\\\\Windows\\\\system32\\\\\\r\\nUser: NT AUTHORITY\\\\SYSTEM\\r\\nLogonGuid: {e12a69d9-1f98-6abf-e703-000000000000}\\r\\nLogonId: 0x3E7\\r\\nTerminalSessionId: 0\\r\\nIntegrityLevel: System\\r\\nHashes: MD5=ECFD9B55800AEBB164A07D9A402DC9DD,SHA256=9E63D657B41E13B75AEBB261E7F93C0655D52EE82811B37E7470F4119E5B6054,IMPHASH=A96FA9912E09E361274AD77F1A4B252C\\r\\nParentProcessGuid: {e12a69d9-1f97-6abf-0500-000000001700}\\r\\nParentProcessId: 444\\r\\nParentImage: C:\\\\Windows\\\\System32\\\\smss.exe\\r\\nParentCommandLine: \\\\SystemRoot\\\\System32\\\\smss.exe 000000d4 00000084 \\r\\nParentUser: NT AUTHORITY\\\\SYSTEM\\\"\"},\"eventdata\":{\"utcTime\":\"2026-10-02 03:06:00.068\",\"processGuid\":\"{e12a69d9-1f98-6abf-0600-000000001700}\",\"processId\":\"456\",\"image\":\"C:\\\\\\\\Windows\\\\\\\\System32\\\\\\\\csrss.exe\",\"fileVersion\":\"10.0.19041.3636 (WinBuild.160101.0800)\",\"description\":\"Client Server Runtime Process\",\"product\":\"Microsoft® Windows® Operating System\",\"company\":\"Microsoft Corporation\",\"originalFileName\":\"CSRSS.Exe\",\"commandLine\":\"%%SystemRoot%%\\\\\\\\system32\\\\\\\\csrss.exe ObjectDirectory=\\\\\\\\Windows SharedSection=1024,20480,768 Windows=On SubSystemType=Windows ServerDll=basesrv,1 ServerDll=winsrv:UserServerDllInitialization,3 ServerDll=sxssrv,4 ProfileControl=Off MaxRequestThreads=16\",\"currentDirectory\":\"C:\\\\\\\\Windows\\\\\\\\system32\\\\\\\\\",\"user\":\"NT AUTHORITY\\\\\\\\SYSTEM\",\"logonGuid\":\"{e12a69d9-1f98-6abf-e703-000000000000}\",\"logonId\":\"0x3e7\",\"terminalSessionId\":\"0\",\"integrityLevel\":\"System\",\"hashes\":\"MD5=ECFD9B55800AEBB164A07D9A402DC9DD,SHA256=9E63D657B41E13B75AEBB261E7F93C0655D52EE82811B37E7470F4119E5B6054,IMPHASH=A96FA9912E09E361274AD77F1A4B252C\",\"parentProcessGuid\":\"{e12a69d9-1f97-6abf-0500-000000001700}\",\"parentProcessId\":\"444\",\"parentImage\":\"C:\\\\\\\\Windows\\\\\\\\System32\\\\\\\\smss.exe\",\"parentCommandLine\":\"\\\\\\\\SystemRoot\\\\\\\\System32\\\\\\\\smss.exe 000000d4 00000084\",\"parentUser\":\"NT AUTHORITY\\\\\\\\SYSTEM\"}}}","decoder":{"name":"windows_eventchannel"},"data":{"win":{"system":{"providerName":"Microsoft-Windows-Sysmon","providerGuid":"{5770385f-c22a-43e0-bf4c-06f5698ffbd9}","eventID":"1","version":"5","level":"4","task":"1","opcode":"0","keywords":"0x8000000000000000","systemTime":"2026-10-02T03:06:05.6546047Z","eventRecordID":"11210","processID":"2140","threadID":"4056","channel":"Microsoft-Windows-Sysmon/Operational","computer":"WIN10-01.SOC-LAB.LOCAL","severityValue":"INFORMATION","message":"\"Process Create:\r\nRuleName: -\r\nUtcTime: 2026-10-02 03:06:00.068\r\nProcessGuid: {e12a69d9-1f98-6abf-0600-000000001700}\r\nProcessId: 456\r\nImage: C:\\Windows\\System32\\csrss.exe\r\nFileVersion: 10.0.19041.3636 (WinBuild.160101.0800)\r\nDescription: Client Server Runtime Process\r\nProduct: Microsoft® Windows® Operating System\r\nCompany: Microsoft Corporation\r\nOriginalFileName: CSRSS.Exe\r\nCommandLine: %%SystemRoot%%\\system32\\csrss.exe ObjectDirectory=\\Windows SharedSection=1024,20480,768 Windows=On SubSystemType=Windows ServerDll=basesrv,1 ServerDll=winsrv:UserServerDllInitialization,3 ServerDll=sxssrv,4 ProfileControl=Off MaxRequestThreads=16\r\nCurrentDirectory: C:\\Windows\\system32\\\r\nUser: NT AUTHORITY\\SYSTEM\r\nLogonGuid: {e12a69d9-1f98-6abf-e703-000000000000}\r\nLogonId: 0x3E7\r\nTerminalSessionId: 0\r\nIntegrityLevel: System\r\nHashes: MD5=ECFD9B55800AEBB164A07D9A402DC9DD,SHA256=9E63D657B41E13B75AEBB261E7F93C0655D52EE82811B37E7470F4119E5B6054,IMPHASH=A96FA9912E09E361274AD77F1A4B252C\r\nParentProcessGuid: {e12a69d9-1f97-6abf-0500-000000001700}\r\nParentProcessId: 444\r\nParentImage: C:\\Windows\\System32\\smss.exe\r\nParentCommandLine: \\SystemRoot\\System32\\smss.exe 000000d4 00000084 \r\nParentUser: NT AUTHORITY\\SYSTEM\""},"eventdata":{"utcTime":"2026-10-02 03:06:00.068","processGuid":"{e12a69d9-1f98-6abf-0600-000000001700}","processId":"456","image":"C:\\\\Windows\\\\System32\\\\csrss.exe","fileVersion":"10.0.19041.3636 (WinBuild.160101.0800)","description":"Client Server Runtime Process","product":"Microsoft® Windows® Operating System","company":"Microsoft Corporation","originalFileName":"CSRSS.Exe","commandLine":"%%SystemRoot%%\\\\system32\\\\csrss.exe ObjectDirectory=\\\\Windows SharedSection=1024,20480,768 Windows=On SubSystemType=Windows ServerDll=basesrv,1 ServerDll=winsrv:UserServerDllInitialization,3 ServerDll=sxssrv,4 ProfileControl=Off MaxRequestThreads=16","currentDirectory":"C:\\\\Windows\\\\system32\\\\","user":"NT AUTHORITY\\\\SYSTEM","logonGuid":"{e12a69d9-1f98-6abf-e703-000000000000}","logonId":"0x3e7","terminalSessionId":"0","integrityLevel":"System","hashes":"MD5=ECFD9B55800AEBB164A07D9A402DC9DD,SHA256=9E63D657B41E13B75AEBB261E7F93C0655D52EE82811B37E7470F4119E5B6054,IMPHASH=A96FA9912E09E361274AD77F1A4B252C","parentProcessGuid":"{e12a69d9-1f97-6abf-0500-000000001700}","parentProcessId":"444","parentImage":"C:\\\\Windows\\\\System32\\\\smss.exe","parentCommandLine":"\\\\SystemRoot\\\\System32\\\\smss.exe 000000d4 00000084","parentUser":"NT AUTHORITY\\\\SYSTEM"}}},"location":"EventChannel"}
{"timestamp":"2026-10-02T03:06:32.409+0000","agent":{"id":"001","name":"SOC-WIN10","ip":"192.168.50.20"},"manager":{"name":"soc-wazuh"},"id":"1790910392.42705","full_log":"{\"win\":{\"system\":{\"providerName\":\"Microsoft-Windows-Sysmon\",\"providerGuid\":\"{5770385f-c22a-43e0-bf4c-06f5698ffbd9}\",\"eventID\":\"1\",\"version\":\"5\",\"level\":\"4\",\"task\":\"1\",\"opcode\":\"0\",\"keywords\":\"0x8000000000000000\",\"systemTime\":\"2026-10-02T03:06:05.6578596Z\",\"eventRecordID\":\"11211\",\"processID\":\"2140\",\"threadID\":\"4056\",\"channel\":\"Microsoft-Windows-Sysmon/Operational\",\"computer\":\"WIN10-01.SOC-LAB.LOCAL\",\"severityValue\":\"INFORMATION\",\"message\":\"\\\"Process Create:\\r\\nRuleName: -\\r\\nUtcTime: 2026-10-02 03:06:00.183\\r\\nProcessGuid: {e12a69d9-1f98-6abf-0700-000000001700}\\r\\nProcessId: 540\\r\\nImage: C:\\\\Windows\\\\System32\\\\smss.exe\\r\\nFileVersion: 10.0.19041.5794 (WinBuild.160101.0800)\\r\\nDescription: Windows Session Manager\\r\\nProduct: Microsoft® Windows® Operating System\\r\\nCompany: Microsoft Corporation\\r\\nOriginalFileName: smss.exe\\r\\nCommandLine: \\\\SystemRoot\\\\System32\\\\smss.exe 000000c8 00000084 \\r\\nCurrentDirectory: C:\\\\Windows\\\\\\r\\nUser: NT AUTHORITY\\\\SYSTEM\\r\\nLogonGuid: {e12a69d9-1f98-6abf-e703-000000000000}\\r\\nLogonId: 0x3E7\\r\\nTerminalSessionId: 1\\r\\nIntegrityLevel: System\\r\\nHashes: MD5=090F2262AC94479C8BF7EA2205937481,SHA256=7FD480E87A53902476A8803A7932156601B349B7F9A5618E7739AEB340666A6D,IMPHASH=95A378AF22B714F575D8F211C9E0281E\\r\\nParentProcessGuid: {e12a69d9-1f93-6abf-0300-000000001700}\\r\\nParentProcessId: 360\\r\\nParentImage: C:\\\\Windows\\\\System32\\\\smss.exe\\r\\nParentCommandLine: \\\\SystemRoot\\\\System32\\\\smss.exe\\r\\nParentUser: NT AUTHORITY\\\\SYSTEM\\\"\"},\"eventdata\":{\"utcTime\":\"2026-10-02 03:06:00.183\",\"processGuid\":\"{e12a69d9-1f98-6abf-0700-000000001700}\",\"processId\":\"540\",\"image\":\"C:\\\\\\\\Windows\\\\\\\\System32\\\\\\\\smss.exe\",\"fileVersion\":\"10.0.19041.5794 (WinBuild.160101.0800)\",\"description\":\"Windows Session Manager\",\"product\":\"Microsoft® Windows® Operating System\",\"company\":\"Microsoft Corporation\",\"originalFileName\":\"smss.exe\",\"commandLine\":\"\\\\\\\\SystemRoot\\\\\\\\System32\\\\\\\\smss.exe 000000c8 00000084\",\"currentDirectory\":\"C:\\\\\\\\Windows\\\\\\\\\",\"user\":\"NT AUTHORITY\\\\\\\\SYSTEM\",\"logonGuid\":\"{e12a69d9-1f98-6abf-e703-000000000000}\",\"logonId\":\"0x3e7\",\"terminalSessionId\":\"1\",\"integrityLevel\":\"System\",\"hashes\":\"MD5=090F2262AC94479C8BF7EA2205937481,SHA256=7FD480E87A53902476A8803A7932156601B349B7F9A5618E7739AEB340666A6D,IMPHASH=95A378AF22B714F575D8F211C9E0281E\",\"parentProcessGuid\":\"{e12a69d9-1f93-6abf-0300-000000001700}\",\"parentProcessId\":\"360\",\"parentImage\":\"C:\\\\\\\\Windows\\\\\\\\System32\\\\\\\\smss.exe\",\"parentCommandLine\":\"\\\\\\\\SystemRoot\\\\\\\\System32\\\\\\\\smss.exe\",\"parentUser\":\"NT AUTHORITY\\\\\\\\SYSTEM\"}}}","decoder":{"name":"windows_eventchannel"},"data":{"win":{"system":{"providerName":"Microsoft-Windows-Sysmon","providerGuid":"{5770385f-c22a-43e0-bf4c-06f5698ffbd9}","eventID":"1","version":"5","level":"4","task":"1","opcode":"0","keywords":"0x8000000000000000","systemTime":"2026-10-02T03:06:05.6578596Z","eventRecordID":"11211","processID":"2140","threadID":"4056","channel":"Microsoft-Windows-Sysmon/Operational","computer":"WIN10-01.SOC-LAB.LOCAL","severityValue":"INFORMATION","message":"\"Process Create:\r\nRuleName: -\r\nUtcTime: 2026-10-02 03:06:00.183\r\nProcessGuid: {e12a69d9-1f98-6abf-0700-000000001700}\r\nProcessId: 540\r\nImage: C:\\Windows\\System32\\smss.exe\r\nFileVersion: 10.0.19041.5794 (WinBuild.160101.0800)\r\nDescription: Windows Session Manager\r\nProduct: Microsoft® Windows® Operating System\r\nCompany: Microsoft Corporation\r\nOriginalFileName: smss.exe\r\nCommandLine: \\SystemRoot\\System32\\smss.exe 000000c8 00000084 \r\nCurrentDirectory: C:\\Windows\\\r\nUser: NT AUTHORITY\\SYSTEM\r\nLogonGuid: {e12a69d9-1f98-6abf-e703-000000000000}\r\nLogonId: 0x3E7\r\nTerminalSessionId: 1\r\nIntegrityLevel: System\r\nHashes: MD5=090F2262AC94479C8BF7EA2205937481,SHA256=7FD480E87A53902476A8803A7932156601B349B7F9A5618E7739AEB340666A6D,IMPHASH=95A378AF22B714F575D8F211C9E0281E\r\nParentProcessGuid: {e12a69d9-1f93-6abf-0300-000000001700}\r\nParentProcessId: 360\r\nParentImage: C:\\Windows\\System32\\smss.exe\r\nParentCommandLine: \\SystemRoot\\System32\\smss.exe\r\nParentUser: NT AUTHORITY\\SYSTEM\""},"eventdata":{"utcTime":"2026-10-02 03:06:00.183","processGuid":"{e12a69d9-1f98-6abf-0700-000000001700}","processId":"540","image":"C:\\\\Windows\\\\System32\\\\smss.exe","fileVersion":"10.0.19041.5794 (WinBuild.160101.0800)","description":"Windows Session Manager","product":"Microsoft® Windows® Operating System","company":"Microsoft Corporation","originalFileName":"smss.exe","commandLine":"\\\\SystemRoot\\\\System32\\\\smss.exe 000000c8 00000084","currentDirectory":"C:\\\\Windows\\\\","user":"NT AUTHORITY\\\\SYSTEM","logonGuid":"{e12a69d9-1f98-6abf-e703-000000000000}","logonId":"0x3e7","terminalSessionId":"1","integrityLevel":"System","hashes":"MD5=090F2262AC94479C8BF7EA2205937481,SHA256=7FD480E87A53902476A8803A7932156601B349B7F9A5618E7739AEB340666A6D,IMPHASH=95A378AF22B714F575D8F211C9E0281E","parentProcessGuid":"{e12a69d9-1f93-6abf-0300-000000001700}","parentProcessId":"360","parentImage":"C:\\\\Windows\\\\System32\\\\smss.exe","parentCommandLine":"\\\\SystemRoot\\\\System32\\\\smss.exe","parentUser":"NT AUTHORITY\\\\SYSTEM"}}},"location":"EventChannel"}
{"timestamp":"2026-10-02T03:06:32.422+0000","agent":{"id":"001","name":"SOC-WIN10","ip":"192.168.50.20"},"manager":{"name":"soc-wazuh"},"id":"1790910392.42705","full_log":"{\"win\":{\"system\":{\"providerName\":\"Microsoft-Windows-Sysmon\",\"providerGuid\":\"{5770385f-c22a-43e0-bf4c-06f5698ffbd9}\",\"eventID\":\"1\",\"version\":\"5\",\"level\":\"4\",\"task\":\"1\",\"opcode\":\"0\",\"keywords\":\"0x8000000000000000\",\"systemTime\":\"2026-10-02T03:06:05.6586717Z\",\"eventRecordID\":\"11212\",\"processID\":\"2140\",\"threadID\":\"4056\",\"channel\":\"Microsoft-Windows-Sysmon/Operational\",\"computer\":\"WIN10-01.SOC-LAB.LOCAL\",\"severityValue\":\"INFORMATION\",\"message\":\"\\\"Process Create:\\r\\nRuleName: -\\r\\nUtcTime: 2026-10-02 03:06:00.190\\r\\nProcessGuid: {e12a69d9-1f98-6abf-0900-000000001700}\\r\\nProcessId: 556\\r\\nImage: C:\\\\Windows\\\\System32\\\\csrss.exe\\r\\nFileVersion: 10.0.19041.3636 (WinBuild.160101.0800)\\r\\nDescription: Client Server Runtime Process\\r\\nProduct: Microsoft® Windows® Operating System\\r\\nCompany: Microsoft Corporation\\r\\nOriginalFileName: CSRSS.Exe\\r\\nCommandLine: %%SystemRoot%%\\\\system32\\\\csrss.exe ObjectDirectory=\\\\Windows SharedSection=1024,20480,768 Windows=On SubSystemType=Windows ServerDll=basesrv,1 ServerDll=winsrv:UserServerDllInitialization,3 ServerDll=sxssrv,4 ProfileControl=Off MaxRequestThreads=16\\r\\nCurrentDirectory: C:\\\\Windows\\\\system32\\\\\\r\\nUser: NT AUTHORITY\\\\SYSTEM\\r\\nLogonGuid: {e12a69d9-1f98-6abf-e703-000000000000}\\r\\nLogonId: 0x3E7\\r\\nTerminalSessionId: 1\\r\\nIntegrityLevel: System\\r\\nHashes: MD5=ECFD9B55800AEBB164A07D9A402DC9DD,SHA256=9E63D657B41E13B75AEBB261E7F93C0655D52EE82811B37E7470F4119E5B6054,IMPHASH=A96FA9912E09E361274AD77F1A4B252C\\r\\nParentProcessGuid: {e12a69d9-1f98-6abf-0700-000000001700}\\r\\nParentProcessId: 540\\r\\nParentImage: C:\\\\Windows\\\\System32\\\\smss.exe\\r\\nParentCommandLine: \\\\SystemRoot\\\\System32\\\\smss.exe 000000c8 00000084 \\r\\nParentUser: NT AUTHORITY\\\\SYSTEM\\\"\"},\"eventdata\":{\"utcTime\":\"2026-10-02 03:06:00.190\",\"processGuid\":\"{e12a69d9-1f98-6abf-0900-000000001700}\",\"processId\":\"556\",\"image\":\"C:\\\\\\\\Windows\\\\\\\\System32\\\\\\\\csrss.exe\",\"fileVersion\":\"10.0.19041.3636 (WinBuild.160101.0800)\",\"description\":\"Client Server Runtime Process\",\"product\":\"Microsoft® Windows® Operating System\",\"company\":\"Microsoft Corporation\",\"originalFileName\":\"CSRSS.Exe\",\"commandLine\":\"%%SystemRoot%%\\\\\\\\system32\\\\\\\\csrss.exe ObjectDirectory=\\\\\\\\Windows SharedSection=1024,20480,768 Windows=On SubSystemType=Windows ServerDll=basesrv,1 ServerDll=winsrv:UserServerDllInitialization,3 ServerDll=sxssrv,4 ProfileControl=Off MaxRequestThreads=16\",\"currentDirectory\":\"C:\\\\\\\\Windows\\\\\\\\system32\\\\\\\\\",\"user\":\"NT AUTHORITY\\\\\\\\SYSTEM\",\"logonGuid\":\"{e12a69d9-1f98-6abf-e703-000000000000}\",\"logonId\":\"0x3e7\",\"terminalSessionId\":\"1\",\"integrityLevel\":\"System\",\"hashes\":\"MD5=ECFD9B55800AEBB164A07D9A402DC9DD,SHA256=9E63D657B41E13B75AEBB261E7F93C0655D52EE82811B37E7470F4119E5B6054,IMPHASH=A96FA9912E09E361274AD77F1A4B252C\",\"parentProcessGuid\":\"{e12a69d9-1f98-6abf-0700-000000001700}\",\"parentProcessId\":\"540\",\"parentImage\":\"C:\\\\\\\\Windows\\\\\\\\System32\\\\\\\\smss.exe\",\"parentCommandLine\":\"\\\\\\\\SystemRoot\\\\\\\\System32\\\\\\\\smss.exe 000000c8 00000084\",\"parentUser\":\"NT AUTHORITY\\\\\\\\SYSTEM\"}}}","decoder":{"name":"windows_eventchannel"},"data":{"win":{"system":{"providerName":"Microsoft-Windows-Sysmon","providerGuid":"{5770385f-c22a-43e0-bf4c-06f5698ffbd9}","eventID":"1","version":"5","level":"4","task":"1","opcode":"0","keywords":"0x8000000000000000","systemTime":"2026-10-02T03:06:05.6586717Z","eventRecordID":"11212","processID":"2140","threadID":"4056","channel":"Microsoft-Windows-Sysmon/Operational","computer":"WIN10-01.SOC-LAB.LOCAL","severityValue":"INFORMATION","message":"\"Process Create:\r\nRuleName: -\r\nUtcTime: 2026-10-02 03:06:00.190\r\nProcessGuid: {e12a69d9-1f98-6abf-0900-000000001700}\r\nProcessId: 556\r\nImage: C:\\Windows\\System32\\csrss.exe\r\nFileVersion: 10.0.19041.3636 (WinBuild.160101.0800)\r\nDescription: Client Server Runtime Process\r\nProduct: Microsoft® Windows® Operating System\r\nCompany: Microsoft Corporation\r\nOriginalFileName: CSRSS.Exe\r\nCommandLine: %%SystemRoot%%\\system32\\csrss.exe ObjectDirectory=\\Windows SharedSection=1024,20480,768 Windows=On SubSystemType=Windows ServerDll=basesrv,1 ServerDll=winsrv:UserServerDllInitialization,3 ServerDll=sxssrv,4 ProfileControl=Off MaxRequestThreads=16\r\nCurrentDirectory: C:\\Windows\\system32\\\r\nUser: NT AUTHORITY\\SYSTEM\r\nLogonGuid: {e12a69d9-1f98-6abf-e703-000000000000}\r\nLogonId: 0x3E7\r\nTerminalSessionId: 1\r\nIntegrityLevel: System\r\nHashes: MD5=ECFD9B55800AEBB164A07D9A402DC9DD,SHA256=9E63D657B41E13B75AEBB261E7F93C0655D52EE82811B37E7470F4119E5B6054,IMPHASH=A96FA9912E09E361274AD77F1A4B252C\r\nParentProcessGuid: {e12a69d9-1f98-6abf-0700-000000001700}\r\nParentProcessId: 540\r\nParentImage: C:\\Windows\\System32\\smss.exe\r\nParentCommandLine: \\SystemRoot\\System32\\smss.exe 000000c8 00000084 \r\nParentUser: NT AUTHORITY\\SYSTEM\""},"eventdata":{"utcTime":"2026-10-02 03:06:00.190","processGuid":"{e12a69d9-1f98-6abf-0900-000000001700}","processId":"556","image":"C:\\\\Windows\\\\System32\\\\csrss.exe","fileVersion":"10.0.19041.3636 (WinBuild.160101.0800)","description":"Client Server Runtime Process","product":"Microsoft® Windows® Operating System","company":"Microsoft Corporation","originalFileName":"CSRSS.Exe","commandLine":"%%SystemRoot%%\\\\system32\\\\csrss.exe ObjectDirectory=\\\\Windows SharedSection=1024,20480,768 Windows=On SubSystemType=Windows ServerDll=basesrv,1 ServerDll=winsrv:UserServerDllInitialization,3 ServerDll=sxssrv,4 ProfileControl=Off MaxRequestThreads=16","currentDirectory":"C:\\\\Windows\\\\system32\\\\","user":"NT AUTHORITY\\\\SYSTEM","logonGuid":"{e12a69d9-1f98-6abf-e703-000000000000}","logonId":"0x3e7","terminalSessionId":"1","integrityLevel":"System","hashes":"MD5=ECFD9B55800AEBB164A07D9A402DC9DD,SHA256=9E63D657B41E13B75AEBB261E7F93C0655D52EE82811B37E7470F4119E5B6054,IMPHASH=A96FA9912E09E361274AD77F1A4B252C","parentProcessGuid":"{e12a69d9-1f98-6abf-0700-000000001700}","parentProcessId":"540","parentImage":"C:\\\\Windows\\\\System32\\\\smss.exe","parentCommandLine":"\\\\SystemRoot\\\\System32\\\\smss.exe 000000c8 00000084","parentUser":"NT AUTHORITY\\\\SYSTEM"}}},"location":"EventChannel"}
