{"timestamp":"2026-10-02T03:06:29.782+0000","agent":{"id":"001","name":"SOC-WIN10","ip":"192.168.50.20"},"manager":{"name":"soc-wazuh"},"id":"1790910389.7800","full_log":"{\"win\":{\"system\":{\"providerName\":\"Microsoft-Windows-Security-Auditing\",\"providerGuid\":\"{54849625-5478-4994-a5ba-3e3b0328c30d}\",\"eventID\":\"5061\",\"version\":\"0\",\"level\":\"0\",\"task\":\"12290\",\"opcode\":\"0\",\"keywords\":\"0x8020000000000000\",\"systemTime\":\"2026-10-02T03:06:24.7848990Z\",\"eventRecordID\":\"14456\",\"processID\":\"704\",\"threadID\":\"4488\",\"channel\":\"Security\",\"computer\":\"WIN10-01.SOC-LAB.LOCAL\",\"severityValue\":\"AUDIT_SUCCESS\",\"message\":\"\\\"Cryptographic operation.\\r\\n\\r\\nSubject:\\r\\n\\tSecurity ID:\\t\\tS-1-5-19\\r\\n\\tAccount Name:\\t\\tLOCAL SERVICE\\r\\n\\tAccount Domain:\\t\\tNT AUTHORITY\\r\\n\\tLogon ID:\\t\\t0x3E5\\r\\n\\r\\nCryptographic Parameters:\\r\\n\\tProvider Name:\\tMicrosoft Software Key Storage Provider\\r\\n\\tAlgorithm Name:\\tECDSA_P256\\r\\n\\tKey Name:\\tMicrosoft Connected Devices Platform device certificate\\r\\n\\tKey Type:\\tUser key.\\r\\n\\r\\nCryptographic Operation:\\r\\n\\tOperation:\\tOpen Key.\\r\\n\\tReturn Code:\\t0x0\\\"\"},\"eventdata\":{\"subjectUserSid\":\"S-1-5-19\",\"subjectUserName\":\"LOCAL SERVICE\",\"subjectDomainName\":\"NT AUTHORITY\",\"subjectLogonId\":\"0x3e5\",\"providerName\":\"Microsoft Software Key Storage Provider\",\"algorithmName\":\"ECDSA_P256\",\"keyName\":\"Microsoft Connected Devices Platform device certificate\",\"keyType\":\"%%2500\",\"operation\":\"%%2480\",\"returnCode\":\"0x0\"}}}","decoder":{"name":"windows_eventchannel"},"data":{"win":{"system":{"providerName":"Microsoft-Windows-Security-Auditing","providerGuid":"{54849625-5478-4994-a5ba-3e3b0328c30d}","eventID":"5061","version":"0","level":"0","task":"12290","opcode":"0","keywords":"0x8020000000000000","systemTime":"2026-10-02T03:06:24.7848990Z","eventRecordID":"14456","processID":"704","threadID":"4488","channel":"Security","computer":"WIN10-01.SOC-LAB.LOCAL","severityValue":"AUDIT_SUCCESS","message":"\"Cryptographic operation.\r\n\r\nSubject:\r\n\tSecurity ID:\t\tS-1-5-19\r\n\tAccount Name:\t\tLOCAL SERVICE\r\n\tAccount Domain:\t\tNT AUTHORITY\r\n\tLogon ID:\t\t0x3E5\r\n\r\nCryptographic Parameters:\r\n\tProvider Name:\tMicrosoft Software Key Storage Provider\r\n\tAlgorithm Name:\tECDSA_P256\r\n\tKey Name:\tMicrosoft Connected Devices Platform device certificate\r\n\tKey Type:\tUser key.\r\n\r\nCryptographic Operation:\r\n\tOperation:\tOpen Key.\r\n\tReturn Code:\t0x0\""},"eventdata":{"subjectUserSid":"S-1-5-19","subjectUserName":"LOCAL SERVICE","subjectDomainName":"NT AUTHORITY","subjectLogonId":"0x3e5","providerName":"Microsoft Software Key Storage Provider","algorithmName":"ECDSA_P256","keyName":"Microsoft Connected Devices Platform device certificate","keyType":"%%2500","operation":"%%2480","returnCode":"0x0"}}},"location":"EventChannel"}
{"timestamp":"2026-10-02T03:06:29.796+0000","agent":{"id":"001","name":"SOC-WIN10","ip":"192.168.50.20"},"manager":{"name":"soc-wazuh"},"id":"1790910389.7800","full_log":"{\"win\":{\"system\":{\"providerName\":\"Microsoft-Windows-Security-Auditing\",\"providerGuid\":\"{54849625-5478-4994-a5ba-3e3b0328c30d}\",\"eventID\":\"5059\",\"version\":\"1\",\"level\":\"0\",\"task\":\"12292\",\"opcode\":\"0\",\"keywords\":\"0x8020000000000000\",\"systemTime\":\"2026-10-02T03:06:24.7853067Z\",\"eventRecordID\":\"14457\",\"processID\":\"704\",\"threadID\":\"4488\",\"channel\":\"Security\",\"computer\":\"WIN10-01.SOC-LAB.LOCAL\",\"severityValue\":\"AUDIT_SUCCESS\",\"message\":\"\\\"Key migration operation.\\r\\n\\r\\nSubject:\\r\\n\\tSecurity ID:\\t\\tS-1-5-19\\r\\n\\tAccount Name:\\t\\tLOCAL SERVICE\\r\\n\\tAccount Domain:\\t\\tNT AUTHORITY\\r\\n\\tLogon ID:\\t\\t0x3E5\\r\\n\\r\\nProcess Information:\\r\\n\\tProcess ID:\\t\\t64\\r\\n\\tProcess Creation Time:\\t‎2026‎-‎10‎-‎02T03:06:00.660804700Z\\r\\n\\r\\nCryptographic Parameters:\\r\\n\\tProvider Name:\\tMicrosoft Software Key Storage Provider\\r\\n\\tAlgorithm Name:\\tECDSA_P256\\r\\n\\tKey Name:\\tMicrosoft Connected Devices Platform device certificate\\r\\n\\tKey Type:\\tUser key.\\r\\n\\r\\nAdditional Information:\\r\\n\\tOperation:\\tExport of persistent cryptographic key.\\r\\n\\tReturn Code:\\t0x0\\\"\"},\"eventdata\":{\"subjectUserSid\":\"S-1-5-19\",\"subjectUserName\":\"LOCAL SERVICE\",\"subjectDomainName\":\"NT AUTHORITY\",\"subjectLogonId\":\"0x3e5\",\"clientProcessId\":\"64\",\"clientCreationTime\":\"2026-10-02T03:06:00.6608047Z\",\"providerName\":\"Microsoft Software Key Storage Provider\",\"algorithmName\":\"ECDSA_P256\",\"keyName\":\"Microsoft Connected Devices Platform device certificate\",\"keyType\":\"%%2500\",\"operation\":\"%%2464\",\"returnCode\":\"0x0\"}}}","decoder":{"name":"windows_eventchannel"},"data":{"win":{"system":{"providerName":"Microsoft-Windows-Security-Auditing","providerGuid":"{54849625-5478-4994-a5ba-3e3b0328c30d}","eventID":"5059","version":"1","level":"0","task":"12292","opcode":"0","keywords":"0x8020000000000000","systemTime":"2026-10-02T03:06:24.7853067Z","eventRecordID":"14457","processID":"704","threadID":"4488","channel":"Security","computer":"WIN10-01.SOC-LAB.LOCAL","severityValue":"AUDIT_SUCCESS","message":"\"Key migration operation.\r\n\r\nSubject:\r\n\tSecurity ID:\t\tS-1-5-19\r\n\tAccount Name:\t\tLOCAL SERVICE\r\n\tAccount Domain:\t\tNT AUTHORITY\r\n\tLogon ID:\t\t0x3E5\r\n\r\nProcess Information:\r\n\tProcess ID:\t\t64\r\n\tProcess Creation Time:\t‎2026‎-‎10‎-‎02T03:06:00.660804700Z\r\n\r\nCryptographic Parameters:\r\n\tProvider Name:\tMicrosoft Software Key Storage Provider\r\n\tAlgorithm Name:\tECDSA_P256\r\n\tKey Name:\tMicrosoft Connected Devices Platform device certificate\r\n\tKey Type:\tUser key.\r\n\r\nAdditional Information:\r\n\tOperation:\tExport of persistent cryptographic key.\r\n\tReturn Code:\t0x0\""},"eventdata":{"subjectUserSid":"S-1-5-19","subjectUserName":"LOCAL SERVICE","subjectDomainName":"NT AUTHORITY","subjectLogonId":"0x3e5","clientProcessId":"64","clientCreationTime":"2026-10-02T03:06:00.6608047Z","providerName":"Microsoft Software Key Storage Provider","algorithmName":"ECDSA_P256","keyName":"Microsoft Connected Devices Platform device certificate","keyType":"%%2500","operation":"%%2464","returnCode":"0x0"}}},"location":"EventChannel"}
{"timestamp":"2026-10-02T03:06:29.813+0000","agent":{"id":"001","name":"SOC-WIN10","ip":"192.168.50.20"},"manager":{"name":"soc-wazuh"},"id":"1790910389.7800","full_log":"{\"win\":{\"system\":{\"providerName\":\"Microsoft-Windows-WMI\",\"providerGuid\":\"{1edeee53-0afe-4609-b846-d8c0b2075b1f}\",\"eventID\":\"5617\",\"version\":\"2\",\"level\":\"4\",\"task\":\"0\",\"opcode\":\"0\",\"keywords\":\"0x8000000000000000\",\"systemTime\":\"2026-10-02T03:06:02.5623616Z\",\"eventRecordID\":\"1906\",\"processID\":\"988\",\"threadID\":\"1232\",\"channel\":\"Application\",\"computer\":\"WIN10-01.SOC-LAB.LOCAL\",\"severityValue\":\"INFORMATION\",\"message\":\"\\\"Windows Management Instrumentation Service subsystems initialized successfully\\\"\"}}}","decoder":{"name":"windows_eventchannel"},"data":{"win":{"system":{"providerName":"Microsoft-Windows-WMI","providerGuid":"{1edeee53-0afe-4609-b846-d8c0b2075b1f}","eventID":"5617","version":"2","level":"4","task":"0","opcode":"0","keywords":"0x8000000000000000","systemTime":"2026-10-02T03:06:02.5623616Z","eventRecordID":"1906","processID":"988","threadID":"1232","channel":"Application","computer":"WIN10-01.SOC-LAB.LOCAL","severityValue":"INFORMATION","message":"\"Windows Management Instrumentation Service subsystems initialized successfully\""}}},"location":"EventChannel"}
{"timestamp":"2026-10-02T03:06:29.828+0000","rule":{"level":3,"description":"The database engine is starting a new instance.","id":"60805","firedtimes":1,"mail":false,"groups":["windows","windows_application"]},"agent":{"id":"001","name":"SOC-WIN10","ip":"192.168.50.20"},"manager":{"name":"soc-wazuh"},"id":"1790910389.9994","full_log":"{\"win\":{\"system\":{\"providerName\":\"ESENT\",\"eventID\":\"102\",\"version\":\"0\",\"level\":\"4\",\"task\":\"1\",\"opcode\":\"0\",\"keywords\":\"0x80000000000000\",\"systemTime\":\"2026-10-02T03:06:03.8790727Z\",\"eventRecordID\":\"1907\",\"processID\":\"0\",\"threadID\":\"0\",\"channel\":\"Application\",\"computer\":\"WIN10-01.SOC-LAB.LOCAL\",\"severityValue\":\"INFORMATION\",\"message\":\"\\\"SearchIndexer (3180,P,98) Windows: The database engine (10.00.19045.0000) is starting a new instance (0).\\\"\"},\"eventdata\":{\"data\":\"SearchIndexer, 3180,P,98, Windows:, 0, 10, 00, 19045, 0000\"}}}","decoder":{"name":"windows_eventchannel"},"data":{"win":{"system":{"providerName":"ESENT","eventID":"102","version":"0","level":"4","task":"1","opcode":"0","keywords":"0x80000000000000","systemTime":"2026-10-02T03:06:03.8790727Z","eventRecordID":"1907","processID":"0","threadID":"0","channel":"Application","computer":"WIN10-01.SOC-LAB.LOCAL","severityValue":"INFORMATION","message":"\"SearchIndexer (3180,P,98) Windows: The database engine (10.00.19045.0000) is starting a new instance (0).\""},"eventdata":{"data":"SearchIndexer, 3180,P,98, Windows:, 0, 10, 00, 19045, 0000"}}},"location":"EventChannel"}
{"timestamp":"2026-10-02T03:06:29.844+0000","rule":{"level":3,"description":"The database engine is initiating recovery steps.","id":"60807","firedtimes":1,"mail":false,"groups":["windows","windows_application"]},"agent":{"id":"001","name":"SOC-WIN10","ip":"192.168.50.20"},"manager":{"name":"soc-wazuh"},"id":"1790910389.11336","full_log":"{\"win\":{\"system\":{\"providerName\":\"ESENT\",\"eventID\":\"300\",\"version\":\"0\",\"level\":\"4\",\"task\":\"3\",\"opcode\":\"0\",\"keywords\":\"0x80000000000000\",\"systemTime\":\"2026-10-02T03:06:03.8790727Z\",\"eventRecordID\":\"1908\",\"processID\":\"0\",\"threadID\":\"0\",\"channel\":\"Application\",\"computer\":\"WIN10-01.SOC-LAB.LOCAL\",\"severityValue\":\"INFORMATION\",\"message\":\"\\\"SearchIndexer (3180,R,98) Windows: The database engine is initiating recovery steps.\\\"\"},\"eventdata\":{\"data\":\"SearchIndexer, 3180,R,98, Windows:\"}}}","decoder":{"name":"windows_eventchannel"},"data":{"win":{"system":{"providerName":"ESENT","eventID":"300","version":"0","level":"4","task":"3","opcode":"0","keywords":"0x80000000000000","systemTime":"2026-10-02T03:06:03.8790727Z","eventRecordID":"1908","processID":"0","threadID":"0","channel":"Application","computer":"WIN10-01.SOC-LAB.LOCAL","severityValue":"INFORMATION","message":"\"SearchIndexer (3180,R,98) Windows: The database engine is initiating recovery steps.\""},"eventdata":{"data":"SearchIndexer, 3180,R,98, Windows:"}}},"location":"EventChannel"}
{"timestamp":"2026-10-02T03:06:29.855+0000","rule":{"level":3,"description":"The database engine is replaying log file C:\\Winnt\\system32\\wins\\j50.log.","id":"60808","firedtimes":1,"mail":false,"groups":["windows","windows_application"]},"agent":{"id":"001","name":"SOC-WIN10","ip":"192.168.50.20"},"manager":{"name":"soc-wazuh"},"id":"1790910389.12591","full_log":"{\"win\":{\"system\":{\"providerName\":\"ESENT\",\"eventID\":\"301\",\"version\":\"0\",\"level\":\"4\",\"task\":\"3\",\"opcode\":\"0\",\"keywords\":\"0x80000000000000\",\"systemTime\":\"2026-10-02T03:06:03.9103212Z\",\"eventRecordID\":\"1909\",\"processID\":\"0\",\"threadID\":\"0\",\"channel\":\"Application\",\"computer\":\"WIN10-01.SOC-LAB.LOCAL\",\"severityValue\":\"INFORMATION\",\"message\":\"\\\"SearchIndexer (3180,R,98) Windows: The database engine has finished replaying logfile C:\\\\ProgramData\\\\Microsoft\\\\Search\\\\Data\\\\Applications\\\\Windows\\\\edb0000D.jtx. \\r\\n \\r\\nProcessing Stats: \\n[1] 0.026174 -0.006822 (33) CM -0.005493 (6) WT +J(CM:33, PgRf:1458, Rd:0/33, Dy:33/3085, Lg:1024970/12927) +M(C:0K, Fs:1508, WS:1764K # 1680K, PF:1676K # 1580K, P:1676K). \\r\\nLog record of type 'Commit   ' was seen most frequently (3058 times)\\\"\"},\"eventdata\":{\"data\":\"SearchIndexer, 3180,R,98, Windows:, C:\\\\\\\\ProgramData\\\\\\\\Microsoft\\\\\\\\Search\\\\\\\\Data\\\\\\\\Applications\\\\\\\\Windows\\\\\\\\edb0000D.jtx,  [1] 0.026174 -0.006822 (33) CM -0.005493 (6) WT +J(CM:33, PgRf:1458, Rd:0/33, Dy:33/3085, Lg:1024970/12927) +M(C:0K, Fs:1508, WS:1764K # 1680K, PF:1676K # 1580K, P:1676K)., Commit, 3058\"}}}","decoder":{"name":"windows_eventchannel"},"data":{"win":{"system":{"providerName":"ESENT","eventID":"301","version":"0","level":"4","task":"3","opcode":"0","keywords":"0x80000000000000","systemTime":"2026-10-02T03:06:03.9103212Z","eventRecordID":"1909","processID":"0","threadID":"0","channel":"Application","computer":"WIN10-01.SOC-LAB.LOCAL","severityValue":"INFORMATION","message":"\"SearchIndexer (3180,R,98) Windows: The database engine has finished replaying logfile C:\\ProgramData\\Microsoft\\Search\\Data\\Applications\\Windows\\edb0000D.jtx. \r\n \r\nProcessing Stats: \n[1] 0.026174 -0.006822 (33) CM -0.005493 (6) WT +J(CM:33, PgRf:1458, Rd:0/33, Dy:33/3085, Lg:1024970/12927) +M(C:0K, Fs:1508, WS:1764K # 1680K, PF:1676K # 1580K, P:1676K). \r\nLog record of type 'Commit   ' was seen most frequently (3058 times)\""},"eventdata":{"data":"SearchIndexer, 3180,R,98, Windows:, C:\\\\ProgramData\\\\Microsoft\\\\Search\\\\Data\\\\Applications\\\\Windows\\\\edb0000D.jtx,  [1] 0.026174 -0.006822 (33) CM -0.005493 (6) WT +J(CM:33, PgRf:1458, Rd:0/33, Dy:33/3085, Lg:1024970/12927) +M(C:0K, Fs:1508, WS:1764K # 1680K, PF:1676K # 1580K, P:1676K)., Commit, 3058"}}},"location":"EventChannel"}
{"timestamp":"2026-10-02T03:06:29.871+0000","rule":{"level":3,"description":"The database engine is replaying log file C:\\Winnt\\system32\\wins\\j50.log.","id":"60808","firedtimes":2,"mail":false,"groups":["windows","windows_application"]},"agent":{"id":"001","name":"SOC-WIN10","ip":"192.168.50.20"},"manager":{"name":"soc-wazuh"},"id":"1790910389.15112","full_log":"{\"win\":{\"system\":{\"providerName\":\"ESENT\",\"eventID\":\"301\",\"version\":\"0\",\"level\":\"4\",\"task\":\"3\",\"opcode\":\"0\",\"keywords\":\"0x80000000000000\",\"systemTime\":\"2026-10-02T03:06:03.9259474Z\",\"eventRecordID\":\"1910\",\"processID\":\"0\",\"threadID\":\"0\",\"channel\":\"Application\",\"computer\":\"WIN10-01.SOC-LAB.LOCAL\",\"severityValue\":\"INFORMATION\",\"message\":\"\\\"SearchIndexer (3180,R,98) Windows: The database engine has finished replaying logfile C:\\\\ProgramData\\\\Microsoft\\\\Search\\\\Data\\\\Applications\\\\Windows\\\\edb.jtx. \\r\\n \\r\\nProcessing Stats: \\n[1] 0.007056 -0.000026 (4) CM -0.005392 (4) WT +J(CM:4, PgRf:702, Rd:0/4, Dy:4/1397, Lg:97238/2192) +M(C:0K, Fs:62, WS:216K # 212K, PF:44K # 44K, P:44K). \\r\\nLog record of type 'Commit   ' was seen most frequently (684 times)\\\"\"},\"eventdata\":{\"data\":\"SearchIndexer, 3180,R,98, Windows:, C:\\\\\\\\ProgramData\\\\\\\\Microsoft\\\\\\\\Search\\\\\\\\Data\\\\\\\\Applications\\\\\\\\Windows\\\\\\\\edb.jtx,  [1] 0.007056 -0.000026 (4) CM -0.005392 (4) WT +J(CM:4, PgRf:702, Rd:0/4, Dy:4/1397, Lg:97238/2192) +M(C:0K, Fs:62, WS:216K # 212K, PF:44K # 44K, P:44K)., Commit, 684\"}}}","decoder":{"name":"windows_eventchannel"},"data":{"win":{"system":{"providerName":"ESENT","eventID":"301","version":"0","level":"4","task":"3","opcode":"0","keywords":"0x80000000000000","systemTime":"2026-10-02T03:06:03.9259474Z","eventRecordID":"1910","processID":"0","threadID":"0","channel":"Application","computer":"WIN10-01.SOC-LAB.LOCAL","severityValue":"INFORMATION","message":"\"SearchIndexer (3180,R,98) Windows: The database engine has finished replaying logfile C:\\ProgramData\\Microsoft\\Search\\Data\\Applications\\Windows\\edb.jtx. \r\n \r\nProcessing Stats: \n[1] 0.007056 -0.000026 (4) CM -0.005392 (4) WT +J(CM:4, PgRf:702, Rd:0/4, Dy:4/1397, Lg:97238/2192) +M(C:0K, Fs:62, WS:216K # 212K, PF:44K # 44K, P:44K). \r\nLog record of type 'Commit   ' was seen most frequently (684 times)\""},"eventdata":{"data":"SearchIndexer, 3180,R,98, Windows:, C:\\\\ProgramData\\\\Microsoft\\\\Search\\\\Data\\\\Applications\\\\Windows\\\\edb.jtx,  [1] 0.007056 -0.000026 (4) CM -0.005392 (4) WT +J(CM:4, PgRf:702, Rd:0/4, Dy:4/1397, Lg:97238/2192) +M(C:0K, Fs:62, WS:216K # 212K, PF:44K # 44K, P:44K)., Commit, 684"}}},"location":"EventChannel"}
{"timestamp":"2026-10-02T03:06:29.903+0000","rule":{"level":3,"description":"The database engine has completed recovery steps.","id":"60809","firedtimes":1,"mail":false,"groups":["windows","windows_application"]},"agent":{"id":"001","name":"SOC-WIN10","ip":"192.168.50.20"},"manager":{"name":"soc-wazuh"},"id":"1790910389.17537","full_log":"{\"win\":{\"system\":{\"providerName\":\"ESENT\",\"eventID\":\"302\",\"version\":\"0\",\"level\":\"4\",\"task\":\"3\",\"opcode\":\"0\",\"keywords\":\"0x80000000000000\",\"systemTime\":\"2026-10-02T03:06:03.9728223Z\",\"eventRecordID\":\"1911\",\"processID\":\"0\",\"threadID\":\"0\",\"channel\":\"Application\",\"computer\":\"WIN10-01.SOC-LAB.LOCAL\",\"severityValue\":\"INFORMATION\",\"message\":\"\\\"SearchIndexer (3180,U,98) Windows: The database engine has successfully completed recovery steps.\\\"\"},\"eventdata\":{\"data\":\"SearchIndexer, 3180,U,98, Windows:\"}}}","decoder":{"name":"windows_eventchannel"},"data":{"win":{"system":{"providerName":"ESENT","eventID":"302","version":"0","level":"4","task":"3","opcode":"0","keywords":"0x80000000000000","systemTime":"2026-10-02T03:06:03.9728223Z","eventRecordID":"1911","processID":"0","threadID":"0","channel":"Application","computer":"WIN10-01.SOC-LAB.LOCAL","severityValue":"INFORMATION","message":"\"SearchIndexer (3180,U,98) Windows: The database engine has successfully completed recovery steps.\""},"eventdata":{"data":"SearchIndexer, 3180,U,98, Windows:"}}},"location":"EventChannel"}
{"timestamp":"2026-10-02T03:06:29.903+0000","agent":{"id":"001","name":"SOC-WIN10","ip":"192.168.50.20"},"manager":{"name":"soc-wazuh"},"id":"1790910389.17537","full_log":"{\"win\":{\"system\":{\"providerName\":\"ESENT\",\"eventID\":\"105\",\"version\":\"0\",\"level\":\"4\",\"task\":\"1\",\"opcode\":\"0\",\"keywords\":\"0x80000000000000\",\"systemTime\":\"2026-10-02T03:06:03.9728223Z\",\"eventRecordID\":\"1912\",\"processID\":\"0\",\"threadID\":\"0\",\"channel\":\"Application\",\"computer\":\"WIN10-01.SOC-LAB.LOCAL\",\"severityValue\":\"INFORMATION\",\"message\":\"\\\"SearchIndexer (3180,D,0) Windows: The database engine started a new instance (0). (Time=0 seconds) \\r\\n \\r\\nAdditional Data:\\r\\n lgposV2[] = 0000000D:0001:0000 - 0000000D:00FE:0FE5 - 0000000E:0019:0000 - 0000000E:0019:0000 (00000000:0000:0000)\\ncReInits = 5\\n \\r\\n \\r\\nInternal Timing Sequence: \\n[1] 0.001000 +J(0) +M(C:0K, Fs:227, WS:888K # 888K, PF:5024K # 5028K, P:5024K)\\n[2] 0.000300 +J(0) +M(C:0K, Fs:108, WS:432K # 432K, PF:384K # 380K, P:384K)\\n[3] 0.000231 +J(0) +M(C:0K, Fs:11, WS:44K # 44K, PF:64K # 64K, P:64K)\\n[4] 0.000089 +J(0) +M(C:0K, Fs:24, WS:96K # 96K, PF:352K # 352K, P:352K)\\n[5] 0.000630 +J(0) +M(C:0K, Fs:11, WS:44K # 44K, PF:20K # 20K, P:20K)\\n[6] 0.001603 +J(0) +M(C:0K, Fs:24, WS:92K # 92K, PF:16K # 16K, P:16K)\\n[7] 0.007043 -0.004787 (2) WT +J(0) +M(C:0K, Fs:272, WS:1084K # 1084K, PF:1032K # 1032K, P:1032K)\\n[8] 0.029754 -0.006822 (33) CM -0.005996 (9) WT +J(CM:33, PgRf:1458, Rd:0/33, Dy:33/3085, Lg:1024970/12927) +M(C:0K, Fs:1809, WS:2864K # 2864K, PF:2504K # 2504K, P:2504K)\\n[9] 0.010508 -0.000026 (4) CM -0.006259 (8) WT +J(CM:4, PgRf:702, Rd:4/4, Dy:4/1397, Lg:97238/2192) +M(C:0K, Fs:86, WS:276K # 276K, PF:184K # 184K, P:184K) + 1 lgens\\n[10] 0.000359 +J(0) +M(C:0K, Fs:0, WS:-1020K # 0K, PF:-1020K # 0K, P:-1020K)\\n[11] 0.000119 +J(CM:0, PgRf:0, Rd:0/0, Dy:0/0, Lg:49/1) +M(C:0K, Fs:2, WS:8K # 0K, PF:0K # 0K, P:0K)\\n[12] 0.024673 -0.000001 (37) CM -0.024076 (2) WT +J(CM:37, PgRf:0, Rd:0/37, Dy:0/0, Lg:0/0) +M(C:0K, Fs:193, WS:28K # 0K, PF:8K # 0K, P:8K)\\n[13] 0.025264 -0.000284 (2) CM -0.017781 (19) WT +J(CM:2, PgRf:2, Rd:0/2, Dy:0/0, Lg:8759/5) +M(C:0K, Fs:312, WS:-2008K # 0K, PF:-1252K # 0K, P:-1252K)\\n[14] 0.000010 +J(0)\\n[15] 0.000016 +J(0)\\n[16] 0.000100 +J(0) +M(C:0K, Fs:2, WS:0K # 0K, PF:0K # 0K, P:0K).\\\"\"},\"eventdata\":{\"data\":\"SearchIndexer, 3180,D,0, Windows:, 0, 0,  [1] 0.001000 +J(0) +M(C:0K, Fs:227, WS:888K # 888K, PF:5024K # 5028K, P:5024K) [2] 0.000300 +J(0) +M(C:0K, Fs:108, WS:432K # 432K, PF:384K # 380K, P:384K) [3] 0.000231 +J(0) +M(C:0K, Fs:11, WS:44K # 44K, PF:64K # 64K, P:64K) [4] 0.000089 +J(0) +M(C:0K, Fs:24, WS:96K # 96K, PF:352K # 352K, P:352K) [5] 0.000630 +J(0) +M(C:0K, Fs:11, WS:44K # 44K, PF:20K # 20K, P:20K) [6] 0.001603 +J(0) +M(C:0K, Fs:24, WS:92K # 92K, PF:16K # 16K, P:16K) [7] 0.007043 -0.004787 (2) WT +J(0) +M(C:0K, Fs:272, WS:1084K # 1084K, PF:1032K # 1032K, P:1032K) [8] 0.029754 -0.006822 (33) CM -0.005996 (9) WT +J(CM:33, PgRf:1458, Rd:0/33, Dy:33/3085, Lg:1024970/12927) +M(C:0K, Fs:1809, WS:2864K # 2864K, PF:2504K # 2504K, P:2504K) [9] 0.010508 -0.000026 (4) CM -0.006259 (8) WT +J(CM:4, PgRf:702, Rd:4/4, Dy:4/1397, Lg:97238/2192) +M(C:0K, Fs:86, WS:276K # 276K, PF:184K # 184K, P:184K) + 1 lgens [10] 0.000359 +J(0) +M(C:0K, Fs:0, WS:-1020K # 0K, PF:-1020K # 0K, P:-1020K) [11] 0.000119 +J(CM:0, PgRf:0, Rd:0/0, Dy:0/0, Lg:49/1) +M(C:0K, Fs:2, WS:8K # 0K, PF:0K # 0K, P:0K) [12] 0.024673 -0.000001 (37) CM -0.024076 (2) WT +J(CM:37, PgRf:0, Rd:0/37, Dy:0/0, Lg:0/0) +M(C:0K, Fs:193, WS:28K # 0K, PF:8K # 0K, P:8K) [13] 0.025264 -0.000284 (2) CM -0.017781 (19) WT +J(CM:2, PgRf:2, Rd:0/2, Dy:0/0, Lg:8759/5) +M(C:0K, Fs:312, WS:-2008K # 0K, PF:-1252K # 0K, P:-1252K) [14] 0.000010 +J(0) [15] 0.000016 +J(0) [16] 0.000100 +J(0) +M(C:0K, Fs:2, WS:0K # 0K, PF:0K # 0K, P:0K)., lgposV2[] = 0000000D:0001:0000 - 0000000D:00FE:0FE5 - 0000000E:0019:0000 - 0000000E:0019:0000 (00000000:0000:0000) cReInits = 5\"}}}","decoder":{"name":"windows_eventchannel"},"data":{"win":{"system":{"providerName":"ESENT","eventID":"105","version":"0","level":"4","task":"1","opcode":"0","keywords":"0x80000000000000","systemTime":"2026-10-02T03:06:03.9728223Z","eventRecordID":"1912","processID":"0","threadID":"0","channel":"Application","computer":"WIN10-01.SOC-LAB.LOCAL","severityValue":"INFORMATION","message":"\"SearchIndexer (3180,D,0) Windows: The database engine started a new instance (0). (Time=0 seconds) \r\n \r\nAdditional Data:\r\n lgposV2[] = 0000000D:0001:0000 - 0000000D:00FE:0FE5 - 0000000E:0019:0000 - 0000000E:0019:0000 (00000000:0000:0000)\ncReInits = 5\n \r\n \r\nInternal Timing Sequence: \n[1] 0.001000 +J(0) +M(C:0K, Fs:227, WS:888K # 888K, PF:5024K # 5028K, P:5024K)\n[2] 0.000300 +J(0) +M(C:0K, Fs:108, WS:432K # 432K, PF:384K # 380K, P:384K)\n[3] 0.000231 +J(0) +M(C:0K, Fs:11, WS:44K # 44K, PF:64K # 64K, P:64K)\n[4] 0.000089 +J(0) +M(C:0K, Fs:24, WS:96K # 96K, PF:352K # 352K, P:352K)\n[5] 0.000630 +J(0) +M(C:0K, Fs:11, WS:44K # 44K, PF:20K # 20K, P:20K)\n[6] 0.001603 +J(0) +M(C:0K, Fs:24, WS:92K # 92K, PF:16K # 16K, P:16K)\n[7] 0.007043 -0.004787 (2) WT +J(0) +M(C:0K, Fs:272, WS:1084K # 1084K, PF:1032K # 1032K, P:1032K)\n[8] 0.029754 -0.006822 (33) CM -0.005996 (9) WT +J(CM:33, PgRf:1458, Rd:0/33, Dy:33/3085, Lg:1024970/12927) +M(C:0K, Fs:1809, WS:2864K # 2864K, PF:2504K # 2504K, P:2504K)\n[9] 0.010508 -0.000026 (4) CM -0.006259 (8) WT +J(CM:4, PgRf:702, Rd:4/4, Dy:4/1397, Lg:97238/2192) +M(C:0K, Fs:86, WS:276K # 276K, PF:184K # 184K, P:184K) + 1 lgens\n[10] 0.000359 +J(0) +M(C:0K, Fs:0, WS:-1020K # 0K, PF:-1020K # 0K, P:-1020K)\n[11] 0.000119 +J(CM:0, PgRf:0, Rd:0/0, Dy:0/0, Lg:49/1) +M(C:0K, Fs:2, WS:8K # 0K, PF:0K # 0K, P:0K)\n[12] 0.024673 -0.000001 (37) CM -0.024076 (2) WT +J(CM:37, PgRf:0, Rd:0/37, Dy:0/0, Lg:0/0) +M(C:0K, Fs:193, WS:28K # 0K, PF:8K # 0K, P:8K)\n[13] 0.025264 -0.000284 (2) CM -0.017781 (19) WT +J(CM:2, PgRf:2, Rd:0/2, Dy:0/0, Lg:8759/5) +M(C:0K, Fs:312, WS:-2008K # 0K, PF:-1252K # 0K, P:-1252K)\n[14] 0.000010 +J(0)\n[15] 0.000016 +J(0)\n[16] 0.000100 +J(0) +M(C:0K, Fs:2, WS:0K # 0K, PF:0K # 0K, P:0K).\""},"eventdata":{"data":"SearchIndexer, 3180,D,0, Windows:, 0, 0,  [1] 0.001000 +J(0) +M(C:0K, Fs:227, WS:888K # 888K, PF:5024K # 5028K, P:5024K) [2] 0.000300 +J(0) +M(C:0K, Fs:108, WS:432K # 432K, PF:384K # 380K, P:384K) [3] 0.000231 +J(0) +M(C:0K, Fs:11, WS:44K # 44K, PF:64K # 64K, P:64K) [4] 0.000089 +J(0) +M(C:0K, Fs:24, WS:96K # 96K, PF:352K # 352K, P:352K) [5] 0.000630 +J(0) +M(C:0K, Fs:11, WS:44K # 44K, PF:20K # 20K, P:20K) [6] 0.001603 +J(0) +M(C:0K, Fs:24, WS:92K # 92K, PF:16K # 16K, P:16K) [7] 0.007043 -0.004787 (2) WT +J(0) +M(C:0K, Fs:272, WS:1084K # 1084K, PF:1032K # 1032K, P:1032K) [8] 0.029754 -0.006822 (33) CM -0.005996 (9) WT +J(CM:33, PgRf:1458, Rd:0/33, Dy:33/3085, Lg:1024970/12927) +M(C:0K, Fs:1809, WS:2864K # 2864K, PF:2504K # 2504K, P:2504K) [9] 0.010508 -0.000026 (4) CM -0.006259 (8) WT +J(CM:4, PgRf:702, Rd:4/4, Dy:4/1397, Lg:97238/2192) +M(C:0K, Fs:86, WS:276K # 276K, PF:184K # 184K, P:184K) + 1 lgens [10] 0.000359 +J(0) +M(C:0K, Fs:0, WS:-1020K # 0K, PF:-1020K # 0K, P:-1020K) [11] 0.000119 +J(CM:0, PgRf:0, Rd:0/0, Dy:0/0, Lg:49/1) +M(C:0K, Fs:2, WS:8K # 0K, PF:0K # 0K, P:0K) [12] 0.024673 -0.000001 (37) CM -0.024076 (2) WT +J(CM:37, PgRf:0, Rd:0/37, Dy:0/0, Lg:0/0) +M(C:0K, Fs:193, WS:28K # 0K, PF:8K # 0K, P:8K) [13] 0.025264 -0.000284 (2) CM -0.017781 (19) WT +J(CM:2, PgRf:2, Rd:0/2, Dy:0/0, Lg:8759/5) +M(C:0K, Fs:312, WS:-2008K # 0K, PF:-1252K # 0K, P:-1252K) [14] 0.000010 +J(0) [15] 0.000016 +J(0) [16] 0.000100 +J(0) +M(C:0K, Fs:2, WS:0K # 0K, PF:0K # 0K, P:0K)., lgposV2[] = 0000000D:0001:0000 - 0000000D:00FE:0FE5 - 0000000E:0019:0000 - 0000000E:0019:0000 (00000000:0000:0000) cReInits = 5"}}},"location":"EventChannel"}
{"timestamp":"2026-10-02T03:06:29.927+0000","rule":{"level":3,"description":"The database engine attached a database.","id":"60798","firedtimes":1,"mail":false,"groups":["windows","windows_application"]},"agent":{"id":"001","name":"SOC-WIN10","ip":"192.168.50.20"},"manager":{"name":"soc-wazuh"},"id":"1790910389.18818","full_log":"{\"win\":{\"system\":{\"providerName\":\"ESENT\",\"eventID\":\"326\",\"version\":\"0\",\"level\":\"4\",\"task\":\"1\",\"opcode\":\"0\",\"keywords\":\"0x80000000000000\",\"systemTime\":\"2026-10-02T03:06:03.9884464Z\",\"eventRecordID\":\"1913\",\"processID\":\"0\",\"threadID\":\"0\",\"channel\":\"Application\",\"computer\":\"WIN10-01.SOC-LAB.LOCAL\",\"severityValue\":\"INFORMATION\",\"message\":\"\\\"SearchIndexer (3180,D,50) Windows: The database engine attached a database (1, C:\\\\ProgramData\\\\Microsoft\\\\Search\\\\Data\\\\Applications\\\\Windows\\\\Windows.edb). (Time=0 seconds) \\r\\n \\r\\nSaved Cache: 0 0 \\r\\nAdditional Data: lgposAttach = 0000000E:001B:0268,\\ndbv = 1568.110.240 \\r\\n \\r\\nInternal Timing Sequence: \\n[1] 0.000002 +J(0)\\n[2] 0.000536 +J(0) +M(C:0K, Fs:24, WS:32K # 0K, PF:32K # 0K, P:32K)\\n[3] 0.003353 -0.000947 (5) WT +J(CM:0, PgRf:0, Rd:0/0, Dy:0/0, Lg:3480/2) +M(C:0K, Fs:18, WS:40K # 0K, PF:20K # 0K, P:20K)\\n[4] 0.000059 +J(0)\\n[5] -\\n[6] -\\n[7] -\\n[8] 0.000459 -0.000273 (2) CM +J(CM:2, PgRf:2, Rd:14/2, Dy:0/0, Lg:54/1) +M(C:0K, Fs:18, WS:72K # 0K, PF:532K # 0K, P:532K)\\n[9] 0.001924 -0.000063 (5) CM -0.001695 (1) WT +J(CM:5, PgRf:23, Rd:0/5, Dy:0/0, Lg:0/0) +M(C:0K, Fs:55, WS:220K # 0K, PF:224K # 0K, P:224K)\\n[10] 0.000085 -0.000031 (1) CM +J(CM:1, PgRf:40, Rd:0/1, Dy:0/0, Lg:0/0) +M(C:0K, Fs:9, WS:36K # 0K, PF:32K # 0K, P:32K)\\n[11] 0.000007 +J(CM:0, PgRf:1, Rd:0/0, Dy:0/0, Lg:0/0) +M(C:0K, Fs:2, WS:8K # 0K, PF:0K # 0K, P:0K)\\n[12] 0.000022 +J(CM:0, PgRf:42, Rd:0/0, Dy:0/0, Lg:0/0) +M(C:0K, Fs:3, WS:12K # 0K, PF:0K # 0K, P:0K)\\n[13] 0.0 +J(0)\\n[14] 0.0 +J(0)\\n[15] 0.000002 +J(CM:0, PgRf:1, Rd:0/0, Dy:0/0, Lg:0/0).\\\"\"},\"eventdata\":{\"data\":\"SearchIndexer, 3180,D,50, Windows:, 1, C:\\\\\\\\ProgramData\\\\\\\\Microsoft\\\\\\\\Search\\\\\\\\Data\\\\\\\\Applications\\\\\\\\Windows\\\\\\\\Windows.edb, 0,  [1] 0.000002 +J(0) [2] 0.000536 +J(0) +M(C:0K, Fs:24, WS:32K # 0K, PF:32K # 0K, P:32K) [3] 0.003353 -0.000947 (5) WT +J(CM:0, PgRf:0, Rd:0/0, Dy:0/0, Lg:3480/2) +M(C:0K, Fs:18, WS:40K # 0K, PF:20K # 0K, P:20K) [4] 0.000059 +J(0) [5] - [6] - [7] - [8] 0.000459 -0.000273 (2) CM +J(CM:2, PgRf:2, Rd:14/2, Dy:0/0, Lg:54/1) +M(C:0K, Fs:18, WS:72K # 0K, PF:532K # 0K, P:532K) [9] 0.001924 -0.000063 (5) CM -0.001695 (1) WT +J(CM:5, PgRf:23, Rd:0/5, Dy:0/0, Lg:0/0) +M(C:0K, Fs:55, WS:220K # 0K, PF:224K # 0K, P:224K) [10] 0.000085 -0.000031 (1) CM +J(CM:1, PgRf:40, Rd:0/1, Dy:0/0, Lg:0/0) +M(C:0K, Fs:9, WS:36K # 0K, PF:32K # 0K, P:32K) [11] 0.000007 +J(CM:0, PgRf:1, Rd:0/0, Dy:0/0, Lg:0/0) +M(C:0K, Fs:2, WS:8K # 0K, PF:0K # 0K, P:0K) [12] 0.000022 +J(CM:0, PgRf:42, Rd:0/0, Dy:0/0, Lg:0/0) +M(C:0K, Fs:3, WS:12K # 0K, PF:0K # 0K, P:0K) [13] 0.0 +J(0) [14] 0.0 +J(0) [15] 0.000002 +J(CM:0, PgRf:1, Rd:0/0, Dy:0/0, Lg:0/0)., 0 0, lgposAttach = 0000000E:001B:0268, dbv = 1568.110.240\"}}}","decoder":{"name":"windows_eventchannel"},"data":{"win":{"system":{"providerName":"ESENT","eventID":"326","version":"0","level":"4","task":"1","opcode":"0","keywords":"0x80000000000000","systemTime":"2026-10-02T03:06:03.9884464Z","eventRecordID":"1913","processID":"0","threadID":"0","channel":"Application","computer":"WIN10-01.SOC-LAB.LOCAL","severityValue":"INFORMATION","message":"\"SearchIndexer (3180,D,50) Windows: The database engine attached a database (1, C:\\ProgramData\\Microsoft\\Search\\Data\\Applications\\Windows\\Windows.edb). (Time=0 seconds) \r\n \r\nSaved Cache: 0 0 \r\nAdditional Data: lgposAttach = 0000000E:001B:0268,\ndbv = 1568.110.240 \r\n \r\nInternal Timing Sequence: \n[1] 0.000002 +J(0)\n[2] 0.000536 +J(0) +M(C:0K, Fs:24, WS:32K # 0K, PF:32K # 0K, P:32K)\n[3] 0.003353 -0.000947 (5) WT +J(CM:0, PgRf:0, Rd:0/0, Dy:0/0, Lg:3480/2) +M(C:0K, Fs:18, WS:40K # 0K, PF:20K # 0K, P:20K)\n[4] 0.000059 +J(0)\n[5] -\n[6] -\n[7] -\n[8] 0.000459 -0.000273 (2) CM +J(CM:2, PgRf:2, Rd:14/2, Dy:0/0, Lg:54/1) +M(C:0K, Fs:18, WS:72K # 0K, PF:532K # 0K, P:532K)\n[9] 0.001924 -0.000063 (5) CM -0.001695 (1) WT +J(CM:5, PgRf:23, Rd:0/5, Dy:0/0, Lg:0/0) +M(C:0K, Fs:55, WS:220K # 0K, PF:224K # 0K, P:224K)\n[10] 0.000085 -0.000031 (1) CM +J(CM:1, PgRf:40, Rd:0/1, Dy:0/0, Lg:0/0) +M(C:0K, Fs:9, WS:36K # 0K, PF:32K # 0K, P:32K)\n[11] 0.000007 +J(CM:0, PgRf:1, Rd:0/0, Dy:0/0, Lg:0/0) +M(C:0K, Fs:2, WS:8K # 0K, PF:0K # 0K, P:0K)\n[12] 0.000022 +J(CM:0, PgRf:42, Rd:0/0, Dy:0/0, Lg:0/0) +M(C:0K, Fs:3, WS:12K # 0K, PF:0K # 0K, P:0K)\n[13] 0.0 +J(0)\n[14] 0.0 +J(0)\n[15] 0.000002 +J(CM:0, PgRf:1, Rd:0/0, Dy:0/0, Lg:0/0).\""},"eventdata":{"data":"SearchIndexer, 3180,D,50, Windows:, 1, C:\\\\ProgramData\\\\Microsoft\\\\Search\\\\Data\\\\Applications\\\\Windows\\\\Windows.edb, 0,  [1] 0.000002 +J(0) [2] 0.000536 +J(0) +M(C:0K, Fs:24, WS:32K # 0K, PF:32K # 0K, P:32K) [3] 0.003353 -0.000947 (5) WT +J(CM:0, PgRf:0, Rd:0/0, Dy:0/0, Lg:3480/2) +M(C:0K, Fs:18, WS:40K # 0K, PF:20K # 0K, P:20K) [4] 0.000059 +J(0) [5] - [6] - [7] - [8] 0.000459 -0.000273 (2) CM +J(CM:2, PgRf:2, Rd:14/2, Dy:0/0, Lg:54/1) +M(C:0K, Fs:18, WS:72K # 0K, PF:532K # 0K, P:532K) [9] 0.001924 -0.000063 (5) CM -0.001695 (1) WT +J(CM:5, PgRf:23, Rd:0/5, Dy:0/0, Lg:0/0) +M(C:0K, Fs:55, WS:220K # 0K, PF:224K # 0K, P:224K) [10] 0.000085 -0.000031 (1) CM +J(CM:1, PgRf:40, Rd:0/1, Dy:0/0, Lg:0/0) +M(C:0K, Fs:9, WS:36K # 0K, PF:32K # 0K, P:32K) [11] 0.000007 +J(CM:0, PgRf:1, Rd:0/0, Dy:0/0, Lg:0/0) +M(C:0K, Fs:2, WS:8K # 0K, PF:0K # 0K, P:0K) [12] 0.000022 +J(CM:0, PgRf:42, Rd:0/0, Dy:0/0, Lg:0/0) +M(C:0K, Fs:3, WS:12K # 0K, PF:0K # 0K, P:0K) [13] 0.0 +J(0) [14] 0.0 +J(0) [15] 0.000002 +J(CM:0, PgRf:1, Rd:0/0, Dy:0/0, Lg:0/0)., 0 0, lgposAttach = 0000000E:001B:0268, dbv = 1568.110.240"}}},"location":"EventChannel"}
{"timestamp":"2026-10-02T03:06:29.936+0000","agent":{"id":"001","name":"SOC-WIN10","ip":"192.168.50.20"},"manager":{"name":"soc-wazuh"},"id":"1790910389.18818","full_log":"{\"win\":{\"system\":{\"providerName\":\"Microsoft-Windows-Complus\",\"providerGuid\":\"{0f177893-4a9c-4709-b921-f432d67f43d5}\",\"eventSourceName\":\"COM+\",\"eventID\":\"781\",\"version\":\"0\",\"level\":\"4\",\"task\":\"0\",\"opcode\":\"0\",\"keywords\":\"0x80000000000000\",\"systemTime\":\"2026-10-02T03:06:04.2071995Z\",\"eventRecordID\":\"1914\",\"processID\":\"0\",\"threadID\":\"0\",\"channel\":\"Application\",\"computer\":\"WIN10-01.SOC-LAB.LOCAL\",\"severityValue\":\"INFORMATION\",\"message\":\"\\\"The COM+ sub system is suppressing duplicate event log entries for a duration of 86400 seconds.  The suppression timeout can be controlled by a REG_DWORD value named SuppressDuplicateDuration under the following registry key: HKLM\\\\Software\\\\Microsoft\\\\COM3\\\\Eventlog.\\\"\"},\"eventdata\":{\"param1\":\"86400\",\"param2\":\"SuppressDuplicateDuration\",\"param3\":\"Software\\\\\\\\Microsoft\\\\\\\\COM3\\\\\\\\Eventlog\"}}}","decoder":{"name":"windows_eventchannel"},"data":{"win":{"system":{"providerName":"Microsoft-Windows-Complus","providerGuid":"{0f177893-4a9c-4709-b921-f432d67f43d5}","eventSourceName":"COM+","eventID":"781","version":"0","level":"4","task":"0","opcode":"0","keywords":"0x80000000000000","systemTime":"2026-10-02T03:06:04.2071995Z","eventRecordID":"1914","processID":"0","threadID":"0","channel":"Application","computer":"WIN10-01.SOC-LAB.LOCAL","severityValue":"INFORMATION","message":"\"The COM+ sub system is suppressing duplicate event log entries for a duration of 86400 seconds.  The suppression timeout can be controlled by a REG_DWORD value named SuppressDuplicateDuration under the following registry key: HKLM\\Software\\Microsoft\\COM3\\Eventlog.\""},"eventdata":{"param1":"86400","param2":"SuppressDuplicateDuration","param3":"Software\\\\Microsoft\\\\COM3\\\\Eventlog"}}},"location":"EventChannel"}
{"timestamp":"2026-10-02T03:06:29.961+0000","rule":{"level":3,"description":"The Windows search service started.","id":"60668","firedtimes":1,"mail":false,"groups":["windows","windows_application"]},"agent":{"id":"001","name":"SOC-WIN10","ip":"192.168.50.20"},"manager":{"name":"soc-wazuh"},"id":"1790910389.24503","full_log":"{\"win\":{\"system\":{\"providerName\":\"Microsoft-Windows-Search\",\"providerGuid\":\"{CA4E628D-8567-4896-AB6B-835B221F373F}\",\"eventSourceName\":\"Windows Search Service\",\"eventID\":\"1003\",\"version\":\"0\",\"level\":\"4\",\"task\":\"1\",\"opcode\":\"0\",\"keywords\":\"0x80000000000000\",\"systemTime\":\"2026-10-02T03:06:04.7540833Z\",\"eventRecordID\":\"1915\",\"processID\":\"0\",\"threadID\":\"0\",\"channel\":\"Application\",\"computer\":\"WIN10-01.SOC-LAB.LOCAL\",\"severityValue\":\"INFORMATION\",\"message\":\"\\\"The Windows Search Service started.\\n\\\"\"},\"eventdata\":{\"extraInfo\":\" \"}}}","decoder":{"name":"windows_eventchannel"},"data":{"win":{"system":{"providerName":"Microsoft-Windows-Search","providerGuid":"{CA4E628D-8567-4896-AB6B-835B221F373F}","eventSourceName":"Windows Search Service","eventID":"1003","version":"0","level":"4","task":"1","opcode":"0","keywords":"0x80000000000000","systemTime":"2026-10-02T03:06:04.7540833Z","eventRecordID":"1915","processID":"0","threadID":"0","channel":"Application","computer":"WIN10-01.SOC-LAB.LOCAL","severityValue":"INFORMATION","message":"\"The Windows Search Service started.\n\""},"eventdata":{"extraInfo":" "}}},"location":"EventChannel"}
{"timestamp":"2026-10-02T03:06:29.970+0000","agent":{"id":"001","name":"SOC-WIN10","ip":"192.168.50.20"},"manager":{"name":"soc-wazuh"},"id":"1790910389.24503","full_log":"{\"win\":{\"system\":{\"providerName\":\"Microsoft-Windows-MSDTC 2\",\"providerGuid\":\"{5D9E0020-3761-4f36-90C8-38CE6511BD12}\",\"eventSourceName\":\"MSDTC 2\",\"eventID\":\"4202\",\"version\":\"0\",\"level\":\"4\",\"task\":\"2\",\"opcode\":\"0\",\"keywords\":\"0x80000000000000\",\"systemTime\":\"2026-10-02T03:06:05.0040728Z\",\"eventRecordID\":\"1916\",\"processID\":\"0\",\"threadID\":\"0\",\"channel\":\"Application\",\"computer\":\"WIN10-01.SOC-LAB.LOCAL\",\"severityValue\":\"INFORMATION\",\"message\":\"\\\"MSDTC started with the following settings:\\r\\r Security Configuration (OFF = 0 and ON = 1):\\r Allow Remote Administrator = 0,\\r Network Clients = 0,\\r Transaction Manager Communication: \\r Allow Inbound Transactions = 0,\\r Allow Outbound Transactions = 0,\\r Transaction Internet Protocol (TIP) = 0,\\r  Enable XA Transactions = 0,\\r  Enable SNA LU 6.2 Transactions = 1,\\r  MSDTC Communications Security = Mutual Authentication Required,\\r Account = NT AUTHORITY\\\\NetworkService,\\r  Firewall Exclusion Detected = 0\\r\\r Transaction Bridge Installed = 0\\r Filtering Duplicate Events = 1\\r\\\"\"},\"eventdata\":{\"param1\":\"0\",\"param2\":\"0\",\"param3\":\"0\",\"param4\":\"0\",\"param5\":\"0\",\"param6\":\"0\",\"param7\":\"1\",\"param8\":\"Mutual Authentication Required\",\"param9\":\"NT AUTHORITY\\\\\\\\NetworkService\",\"param10\":\"0\",\"param11\":\"0\",\"param12\":\"1\"}}}","decoder":{"name":"windows_eventchannel"},"data":{"win":{"system":{"providerName":"Microsoft-Windows-MSDTC 2","providerGuid":"{5D9E0020-3761-4f36-90C8-38CE6511BD12}","eventSourceName":"MSDTC 2","eventID":"4202","version":"0","level":"4","task":"2","opcode":"0","keywords":"0x80000000000000","systemTime":"2026-10-02T03:06:05.0040728Z","eventRecordID":"1916","processID":"0","threadID":"0","channel":"Application","computer":"WIN10-01.SOC-LAB.LOCAL","severityValue":"INFORMATION","message":"\"MSDTC started with the following settings:\r\r Security Configuration (OFF = 0 and ON = 1):\r Allow Remote Administrator = 0,\r Network Clients = 0,\r Transaction Manager Communication: \r Allow Inbound Transactions = 0,\r Allow Outbound Transactions = 0,\r Transaction Internet Protocol (TIP) = 0,\r  Enable XA Transactions = 0,\r  Enable SNA LU 6.2 Transactions = 1,\r  MSDTC Communications Security = Mutual Authentication Required,\r Account = NT AUTHORITY\\NetworkService,\r  Firewall Exclusion Detected = 0\r\r Transaction Bridge Installed = 0\r Filtering Duplicate Events = 1\r\""},"eventdata":{"param1":"0","param2":"0","param3":"0","param4":"0","param5":"0","param6":"0","param7":"1","param8":"Mutual Authentication Required","param9":"NT AUTHORITY\\\\NetworkService","param10":"0","param11":"0","param12":"1"}}},"location":"EventChannel"}
{"timestamp":"2026-10-02T03:06:29.983+0000","agent":{"id":"001","name":"SOC-WIN10","ip":"192.168.50.20"},"manager":{"name":"soc-wazuh"},"id":"1790910389.24503","full_log":"{\"win\":{\"system\":{\"providerName\":\"Microsoft-Windows-Security-SPP\",\"providerGuid\":\"{E23B33B0-C8C9-472C-A5F9-F2BDFEA0F156}\",\"eventSourceName\":\"Software Protection Platform Service\",\"eventID\":\"900\",\"version\":\"0\",\"level\":\"4\",\"task\":\"0\",\"opcode\":\"0\",\"keywords\":\"0x80000000000000\",\"systemTime\":\"2026-10-02T03:06:13.4572001Z\",\"eventRecordID\":\"1917\",\"processID\":\"0\",\"threadID\":\"0\",\"channel\":\"Application\",\"computer\":\"WIN10-01.SOC-LAB.LOCAL\",\"severityValue\":\"INFORMATION\",\"message\":\"\\\"The Software Protection service is starting.\\r\\nParameters:TriggerStarted:6\\\"\"},\"eventdata\":{\"data\":\"TriggerStarted:6\"}}}","decoder":{"name":"windows_eventchannel"},"data":{"win":{"system":{"providerName":"Microsoft-Windows-Security-SPP","providerGuid":"{E23B33B0-C8C9-472C-A5F9-F2BDFEA0F156}","eventSourceName":"Software Protection Platform Service","eventID":"900","version":"0","level":"4","task":"0","opcode":"0","keywords":"0x80000000000000","systemTime":"2026-10-02T03:06:13.4572001Z","eventRecordID":"1917","processID":"0","threadID":"0","channel":"Application","computer":"WIN10-01.SOC-LAB.LOCAL","severityValue":"INFORMATION","message":"\"The Software Protection service is starting.\r\nParameters:TriggerStarted:6\""},"eventdata":{"data":"TriggerStarted:6"}}},"location":"EventChannel"}
{"timestamp":"2026-10-02T03:06:29.999+0000","agent":{"id":"001","name":"SOC-WIN10","ip":"192.168.50.20"},"manager":{"name":"soc-wazuh"},"id":"1790910389.24503","full_log":"{\"win\":{\"system\":{\"providerName\":\"Microsoft-Windows-Security-SPP\",\"providerGuid\":\"{E23B33B0-C8C9-472C-A5F9-F2BDFEA0F156}\",\"eventSourceName\":\"Software Protection Platform Service\",\"eventID\":\"16394\",\"version\":\"0\",\"level\":\"4\",\"task\":\"0\",\"opcode\":\"0\",\"keywords\":\"0x80000000000000\",\"systemTime\":\"2026-10-02T03:06:13.5040736Z\",\"eventRecordID\":\"1918\",\"processID\":\"0\",\"threadID\":\"0\",\"channel\":\"Application\",\"computer\":\"WIN10-01.SOC-LAB.LOCAL\",\"severityValue\":\"INFORMATION\",\"message\":\"\\\"Offline downlevel migration succeeded.\\\"\"}}}","decoder":{"name":"windows_eventchannel"},"data":{"win":{"system":{"providerName":"Microsoft-Windows-Security-SPP","providerGuid":"{E23B33B0-C8C9-472C-A5F9-F2BDFEA0F156}","eventSourceName":"Software Protection Platform Service","eventID":"16394","version":"0","level":"4","task":"0","opcode":"0","keywords":"0x80000000000000","systemTime":"2026-10-02T03:06:13.5040736Z","eventRecordID":"1918","processID":"0","threadID":"0","channel":"Application","computer":"WIN10-01.SOC-LAB.LOCAL","severityValue":"INFORMATION","message":"\"Offline downlevel migration succeeded.\""}}},"location":"EventChannel"}
{"timestamp":"2026-10-02T03:06:30.011+0000","agent":{"id":"001","name":"SOC-WIN10","ip":"192.168.50.20"},"manager":{"name":"soc-wazuh"},"id":"1790910390.24503","full_log":"{\"win\":{\"system\":{\"providerName\":\"Microsoft-Windows-Security-SPP\",\"providerGuid\":\"{E23B33B0-C8C9-472C-A5F9-F2BDFEA0F156}\",\"eventSourceName\":\"Software Protection Platform Service\",\"eventID\":\"1066\",\"version\":\"0\",\"level\":\"4\",\"task\":\"0\",\"opcode\":\"0\",\"keywords\":\"0x80000000000000\",\"systemTime\":\"2026-10-02T03:06:13.5353219Z\",\"eventRecordID\":\"1919\",\"processID\":\"0\",\"threadID\":\"0\",\"channel\":\"Application\",\"computer\":\"WIN10-01.SOC-LAB.LOCAL\",\"severityValue\":\"INFORMATION\",\"message\":\"\\\"Initialization status for service objects.\\r\\nC:\\\\Windows\\\\system32\\\\sppwinob.dll, msft:spp/windowsfunctionality/agent/7.0, 0x00000000, 0x00000000\\nC:\\\\Windows\\\\system32\\\\sppobjs.dll, msft:rm/algorithm/inherited/1.0, 0x00000000, 0x00000000\\nC:\\\\Windows\\\\system32\\\\sppobjs.dll, msft:rm/algorithm/phone/1.0, 0x00000000, 0x00000000\\nC:\\\\Windows\\\\system32\\\\sppobjs.dll, msft:rm/algorithm/pkey/detect, 0x00000000, 0x00000000\\nC:\\\\Windows\\\\system32\\\\sppobjs.dll, msft:spp/ActionScheduler/1.0, 0x00000000, 0x00000000\\nC:\\\\Windows\\\\system32\\\\sppobjs.dll, msft:spp/TaskScheduler/1.0, 0x00000000, 0x00000000\\nC:\\\\Windows\\\\system32\\\\sppobjs.dll, msft:spp/statecollector/pkey, 0x00000000, 0x00000000\\nC:\\\\Windows\\\\system32\\\\sppobjs.dll, msft:spp/volume/services/kms/1.0, 0x00000000, 0x00000000\\nC:\\\\Windows\\\\system32\\\\sppobjs.dll, msft:spp/volume/services/kms/activationinfo/1.0, 0x00000000, 0x00000000\\n\\\"\"},\"eventdata\":{\"data\":\"C:\\\\\\\\Windows\\\\\\\\system32\\\\\\\\sppwinob.dll, msft:spp/windowsfunctionality/agent/7.0, 0x00000000, 0x00000000 C:\\\\\\\\Windows\\\\\\\\system32\\\\\\\\sppobjs.dll, msft:rm/algorithm/inherited/1.0, 0x00000000, 0x00000000 C:\\\\\\\\Windows\\\\\\\\system32\\\\\\\\sppobjs.dll, msft:rm/algorithm/phone/1.0, 0x00000000, 0x00000000 C:\\\\\\\\Windows\\\\\\\\system32\\\\\\\\sppobjs.dll, msft:rm/algorithm/pkey/detect, 0x00000000, 0x00000000 C:\\\\\\\\Windows\\\\\\\\system32\\\\\\\\sppobjs.dll, msft:spp/ActionScheduler/1.0, 0x00000000, 0x00000000 C:\\\\\\\\Windows\\\\\\\\system32\\\\\\\\sppobjs.dll, msft:spp/TaskScheduler/1.0, 0x00000000, 0x00000000 C:\\\\\\\\Windows\\\\\\\\system32\\\\\\\\sppobjs.dll, msft:spp/statecollector/pkey, 0x00000000, 0x00000000 C:\\\\\\\\Windows\\\\\\\\system32\\\\\\\\sppobjs.dll, msft:spp/volume/services/kms/1.0, 0x00000000, 0x00000000 C:\\\\\\\\Windows\\\\\\\\system32\\\\\\\\sppobjs.dll, msft:spp/volume/services/kms/activationinfo/1.0, 0x00000000, 0x00000000\"}}}","decoder":{"name":"windows_eventchannel"},"data":{"win":{"system":{"providerName":"Microsoft-Windows-Security-SPP","providerGuid":"{E23B33B0-C8C9-472C-A5F9-F2BDFEA0F156}","eventSourceName":"Software Protection Platform Service","eventID":"1066","version":"0","level":"4","task":"0","opcode":"0","keywords":"0x80000000000000","systemTime":"2026-10-02T03:06:13.5353219Z","eventRecordID":"1919","processID":"0","threadID":"0","channel":"Application","computer":"WIN10-01.SOC-LAB.LOCAL","severityValue":"INFORMATION","message":"\"Initialization status for service objects.\r\nC:\\Windows\\system32\\sppwinob.dll, msft:spp/windowsfunctionality/agent/7.0, 0x00000000, 0x00000000\nC:\\Windows\\system32\\sppobjs.dll, msft:rm/algorithm/inherited/1.0, 0x00000000, 0x00000000\nC:\\Windows\\system32\\sppobjs.dll, msft:rm/algorithm/phone/1.0, 0x00000000, 0x00000000\nC:\\Windows\\system32\\sppobjs.dll, msft:rm/algorithm/pkey/detect, 0x00000000, 0x00000000\nC:\\Windows\\system32\\sppobjs.dll, msft:spp/ActionScheduler/1.0, 0x00000000, 0x00000000\nC:\\Windows\\system32\\sppobjs.dll, msft:spp/TaskScheduler/1.0, 0x00000000, 0x00000000\nC:\\Windows\\system32\\sppobjs.dll, msft:spp/statecollector/pkey, 0x00000000, 0x00000000\nC:\\Windows\\system32\\sppobjs.dll, msft:spp/volume/services/kms/1.0, 0x00000000, 0x00000000\nC:\\Windows\\system32\\sppobjs.dll, msft:spp/volume/services/kms/activationinfo/1.0, 0x00000000, 0x00000000\n\""},"eventdata":{"data":"C:\\\\Windows\\\\system32\\\\sppwinob.dll, msft:spp/windowsfunctionality/agent/7.0, 0x00000000, 0x00000000 C:\\\\Windows\\\\system32\\\\sppobjs.dll, msft:rm/algorithm/inherited/1.0, 0x00000000, 0x00000000 C:\\\\Windows\\\\system32\\\\sppobjs.dll, msft:rm/algorithm/phone/1.0, 0x00000000, 0x00000000 C:\\\\Windows\\\\system32\\\\sppobjs.dll, msft:rm/algorithm/pkey/detect, 0x00000000, 0x00000000 C:\\\\Windows\\\\system32\\\\sppobjs.dll, msft:spp/ActionScheduler/1.0, 0x00000000, 0x00000000 C:\\\\Windows\\\\system32\\\\sppobjs.dll, msft:spp/TaskScheduler/1.0, 0x00000000, 0x00000000 C:\\\\Windows\\\\system32\\\\sppobjs.dll, msft:spp/statecollector/pkey, 0x00000000, 0x00000000 C:\\\\Windows\\\\system32\\\\sppobjs.dll, msft:spp/volume/services/kms/1.0, 0x00000000, 0x00000000 C:\\\\Windows\\\\system32\\\\sppobjs.dll, msft:spp/volume/services/kms/activationinfo/1.0, 0x00000000, 0x00000000"}}},"location":"EventChannel"}
