{"timestamp":"2026-10-02T03:07:26.712+0000","rule":{"level":4,"description":"Windows command prompt started by an abnormal process","id":"92052","mitre":{"id":["T1059.003"],"tactic":["Execution"],"technique":["Windows Command Shell"]},"firedtimes":2,"mail":false,"groups":["sysmon","sysmon_eid1_detections","windows"]},"agent":{"id":"001","name":"SOC-WIN10","ip":"192.168.50.20"},"manager":{"name":"soc-wazuh"},"id":"1790910446.328227","full_log":"{\"win\":{\"system\":{\"providerName\":\"Microsoft-Windows-Sysmon\",\"providerGuid\":\"{5770385f-c22a-43e0-bf4c-06f5698ffbd9}\",\"eventID\":\"1\",\"version\":\"5\",\"level\":\"4\",\"task\":\"1\",\"opcode\":\"0\",\"keywords\":\"0x8000000000000000\",\"systemTime\":\"2026-10-02T03:07:24.7207138Z\",\"eventRecordID\":\"11515\",\"processID\":\"2140\",\"threadID\":\"4056\",\"channel\":\"Microsoft-Windows-Sysmon/Operational\",\"computer\":\"WIN10-01.SOC-LAB.LOCAL\",\"severityValue\":\"INFORMATION\",\"message\":\"\\\"Process Create:\\r\\nRuleName: -\\r\\nUtcTime: 2026-10-02 03:07:24.692\\r\\nProcessGuid: {e12a69d9-1fec-6abf-f000-000000001700}\\r\\nProcessId: 7524\\r\\nImage: C:\\\\Windows\\\\System32\\\\dsregcmd.exe\\r\\nFileVersion: 10.0.19041.3636 (WinBuild.160101.0800)\\r\\nDescription: DSREG commandline tool\\r\\nProduct: Microsoft® Windows® Operating System\\r\\nCompany: Microsoft Corporation\\r\\nOriginalFileName: dsregcmd.exe\\r\\nCommandLine: \\\"C:\\\\Windows\\\\System32\\\\dsregcmd.exe\\\" $(Arg0) $(Arg1) $(Arg2)\\r\\nCurrentDirectory: C:\\\\Windows\\\\system32\\\\\\r\\nUser: NT AUTHORITY\\\\SYSTEM\\r\\nLogonGuid: {e12a69d9-1f98-6abf-e703-000000000000}\\r\\nLogonId: 0x3E7\\r\\nTerminalSessionId: 0\\r\\nIntegrityLevel: System\\r\\nHashes: MD5=7BEF4790621FC01E8C0E00F423C5509E,SHA256=D0AEABB762B7080355BE391D77D6DC3BF206BB1B413F6C0FDF2F22629FCCD6B4,IMPHASH=C2D1A2C9FFEA6DDBC11DE8E37CF589D3\\r\\nParentProcessGuid: {e12a69d9-1f98-6abf-1700-000000001700}\\r\\nParentProcessId: 988\\r\\nParentImage: C:\\\\Windows\\\\System32\\\\svchost.exe\\r\\nParentCommandLine: C:\\\\Windows\\\\system32\\\\svchost.exe -k netsvcs -p\\r\\nParentUser: NT AUTHORITY\\\\SYSTEM\\\"\"},\"eventdata\":{\"utcTime\":\"2026-10-02 03:07:24.692\",\"processGuid\":\"{e12a69d9-1fec-6abf-f000-000000001700}\",\"processId\":\"7524\",\"image\":\"C:\\\\\\\\Windows\\\\\\\\System32\\\\\\\\dsregcmd.exe\",\"fileVersion\":\"10.0.19041.3636 (WinBuild.160101.0800)\",\"description\":\"DSREG commandline tool\",\"product\":\"Microsoft® Windows® Operating System\",\"company\":\"Microsoft Corporation\",\"originalFileName\":\"dsregcmd.exe\",\"commandLine\":\"\\\\\\\"C:\\\\\\\\Windows\\\\\\\\System32\\\\\\\\dsregcmd.exe\\\\\\\" $(Arg0) $(Arg1) $(Arg2)\",\"currentDirectory\":\"C:\\\\\\\\Windows\\\\\\\\system32\\\\\\\\\",\"user\":\"NT AUTHORITY\\\\\\\\SYSTEM\",\"logonGuid\":\"{e12a69d9-1f98-6abf-e703-000000000000}\",\"logonId\":\"0x3e7\",\"terminalSessionId\":\"0\",\"integrityLevel\":\"System\",\"hashes\":\"MD5=7BEF4790621FC01E8C0E00F423C5509E,SHA256=D0AEABB762B7080355BE391D77D6DC3BF206BB1B413F6C0FDF2F22629FCCD6B4,IMPHASH=C2D1A2C9FFEA6DDBC11DE8E37CF589D3\",\"parentProcessGuid\":\"{e12a69d9-1f98-6abf-1700-000000001700}\",\"parentProcessId\":\"988\",\"parentImage\":\"C:\\\\\\\\Windows\\\\\\\\System32\\\\\\\\svchost.exe\",\"parentCommandLine\":\"C:\\\\\\\\Windows\\\\\\\\system32\\\\\\\\svchost.exe -k netsvcs -p\",\"parentUser\":\"NT AUTHORITY\\\\\\\\SYSTEM\"}}}","decoder":{"name":"windows_eventchannel"},"data":{"win":{"system":{"providerName":"Microsoft-Windows-Sysmon","providerGuid":"{5770385f-c22a-43e0-bf4c-06f5698ffbd9}","eventID":"1","version":"5","level":"4","task":"1","opcode":"0","keywords":"0x8000000000000000","systemTime":"2026-10-02T03:07:24.7207138Z","eventRecordID":"11515","processID":"2140","threadID":"4056","channel":"Microsoft-Windows-Sysmon/Operational","computer":"WIN10-01.SOC-LAB.LOCAL","severityValue":"INFORMATION","message":"\"Process Create:\r\nRuleName: -\r\nUtcTime: 2026-10-02 03:07:24.692\r\nProcessGuid: {e12a69d9-1fec-6abf-f000-000000001700}\r\nProcessId: 7524\r\nImage: C:\\Windows\\System32\\dsregcmd.exe\r\nFileVersion: 10.0.19041.3636 (WinBuild.160101.0800)\r\nDescription: DSREG commandline tool\r\nProduct: Microsoft® Windows® Operating System\r\nCompany: Microsoft Corporation\r\nOriginalFileName: dsregcmd.exe\r\nCommandLine: \"C:\\Windows\\System32\\dsregcmd.exe\" $(Arg0) $(Arg1) $(Arg2)\r\nCurrentDirectory: C:\\Windows\\system32\\\r\nUser: NT AUTHORITY\\SYSTEM\r\nLogonGuid: {e12a69d9-1f98-6abf-e703-000000000000}\r\nLogonId: 0x3E7\r\nTerminalSessionId: 0\r\nIntegrityLevel: System\r\nHashes: MD5=7BEF4790621FC01E8C0E00F423C5509E,SHA256=D0AEABB762B7080355BE391D77D6DC3BF206BB1B413F6C0FDF2F22629FCCD6B4,IMPHASH=C2D1A2C9FFEA6DDBC11DE8E37CF589D3\r\nParentProcessGuid: {e12a69d9-1f98-6abf-1700-000000001700}\r\nParentProcessId: 988\r\nParentImage: C:\\Windows\\System32\\svchost.exe\r\nParentCommandLine: C:\\Windows\\system32\\svchost.exe -k netsvcs -p\r\nParentUser: NT AUTHORITY\\SYSTEM\""},"eventdata":{"utcTime":"2026-10-02 03:07:24.692","processGuid":"{e12a69d9-1fec-6abf-f000-000000001700}","processId":"7524","image":"C:\\\\Windows\\\\System32\\\\dsregcmd.exe","fileVersion":"10.0.19041.3636 (WinBuild.160101.0800)","description":"DSREG commandline tool","product":"Microsoft® Windows® Operating System","company":"Microsoft Corporation","originalFileName":"dsregcmd.exe","commandLine":"\\\"C:\\\\Windows\\\\System32\\\\dsregcmd.exe\\\" $(Arg0) $(Arg1) $(Arg2)","currentDirectory":"C:\\\\Windows\\\\system32\\\\","user":"NT AUTHORITY\\\\SYSTEM","logonGuid":"{e12a69d9-1f98-6abf-e703-000000000000}","logonId":"0x3e7","terminalSessionId":"0","integrityLevel":"System","hashes":"MD5=7BEF4790621FC01E8C0E00F423C5509E,SHA256=D0AEABB762B7080355BE391D77D6DC3BF206BB1B413F6C0FDF2F22629FCCD6B4,IMPHASH=C2D1A2C9FFEA6DDBC11DE8E37CF589D3","parentProcessGuid":"{e12a69d9-1f98-6abf-1700-000000001700}","parentProcessId":"988","parentImage":"C:\\\\Windows\\\\System32\\\\svchost.exe","parentCommandLine":"C:\\\\Windows\\\\system32\\\\svchost.exe -k netsvcs -p","parentUser":"NT AUTHORITY\\\\SYSTEM"}}},"location":"EventChannel"}
{"timestamp":"2026-10-02T03:07:26.716+0000","agent":{"id":"001","name":"SOC-WIN10","ip":"192.168.50.20"},"manager":{"name":"soc-wazuh"},"id":"1790910446.328227","full_log":"{\"win\":{\"system\":{\"providerName\":\"Microsoft-Windows-Sysmon\",\"providerGuid\":\"{5770385f-c22a-43e0-bf4c-06f5698ffbd9}\",\"eventID\":\"1\",\"version\":\"5\",\"level\":\"4\",\"task\":\"1\",\"opcode\":\"0\",\"keywords\":\"0x8000000000000000\",\"systemTime\":\"2026-10-02T03:07:24.7276506Z\",\"eventRecordID\":\"11516\",\"processID\":\"2140\",\"threadID\":\"4056\",\"channel\":\"Microsoft-Windows-Sysmon/Operational\",\"computer\":\"WIN10-01.SOC-LAB.LOCAL\",\"severityValue\":\"INFORMATION\",\"message\":\"\\\"Process Create:\\r\\nRuleName: -\\r\\nUtcTime: 2026-10-02 03:07:24.721\\r\\nProcessGuid: {e12a69d9-1fec-6abf-f200-000000001700}\\r\\nProcessId: 7540\\r\\nImage: C:\\\\Windows\\\\System32\\\\taskhostw.exe\\r\\nFileVersion: 10.0.19041.5794 (WinBuild.160101.0800)\\r\\nDescription: Host Process for Windows Tasks\\r\\nProduct: Microsoft® Windows® Operating System\\r\\nCompany: Microsoft Corporation\\r\\nOriginalFileName: taskhostw.exe\\r\\nCommandLine: taskhostw.exe $(Arg0)\\r\\nCurrentDirectory: C:\\\\Windows\\\\system32\\\\\\r\\nUser: SOC-LAB\\\\nam.user\\r\\nLogonGuid: {e12a69d9-1fab-6abf-e90d-090000000000}\\r\\nLogonId: 0x90DE9\\r\\nTerminalSessionId: 1\\r\\nIntegrityLevel: Medium\\r\\nHashes: MD5=D71630DA4364F89F36B47581D4162639,SHA256=4D84D1DB6C572DA841307B814CCF26478429D3A29F304755CE1BAF110E639F64,IMPHASH=3A0C6863CDE566AF997DB2DEFFF9D924\\r\\nParentProcessGuid: {e12a69d9-1f98-6abf-1700-000000001700}\\r\\nParentProcessId: 988\\r\\nParentImage: C:\\\\Windows\\\\System32\\\\svchost.exe\\r\\nParentCommandLine: C:\\\\Windows\\\\system32\\\\svchost.exe -k netsvcs -p\\r\\nParentUser: NT AUTHORITY\\\\SYSTEM\\\"\"},\"eventdata\":{\"utcTime\":\"2026-10-02 03:07:24.721\",\"processGuid\":\"{e12a69d9-1fec-6abf-f200-000000001700}\",\"processId\":\"7540\",\"image\":\"C:\\\\\\\\Windows\\\\\\\\System32\\\\\\\\taskhostw.exe\",\"fileVersion\":\"10.0.19041.5794 (WinBuild.160101.0800)\",\"description\":\"Host Process for Windows Tasks\",\"product\":\"Microsoft® Windows® Operating System\",\"company\":\"Microsoft Corporation\",\"originalFileName\":\"taskhostw.exe\",\"commandLine\":\"taskhostw.exe $(Arg0)\",\"currentDirectory\":\"C:\\\\\\\\Windows\\\\\\\\system32\\\\\\\\\",\"user\":\"SOC-LAB\\\\\\\\nam.user\",\"logonGuid\":\"{e12a69d9-1fab-6abf-e90d-090000000000}\",\"logonId\":\"0x90de9\",\"terminalSessionId\":\"1\",\"integrityLevel\":\"Medium\",\"hashes\":\"MD5=D71630DA4364F89F36B47581D4162639,SHA256=4D84D1DB6C572DA841307B814CCF26478429D3A29F304755CE1BAF110E639F64,IMPHASH=3A0C6863CDE566AF997DB2DEFFF9D924\",\"parentProcessGuid\":\"{e12a69d9-1f98-6abf-1700-000000001700}\",\"parentProcessId\":\"988\",\"parentImage\":\"C:\\\\\\\\Windows\\\\\\\\System32\\\\\\\\svchost.exe\",\"parentCommandLine\":\"C:\\\\\\\\Windows\\\\\\\\system32\\\\\\\\svchost.exe -k netsvcs -p\",\"parentUser\":\"NT AUTHORITY\\\\\\\\SYSTEM\"}}}","decoder":{"name":"windows_eventchannel"},"data":{"win":{"system":{"providerName":"Microsoft-Windows-Sysmon","providerGuid":"{5770385f-c22a-43e0-bf4c-06f5698ffbd9}","eventID":"1","version":"5","level":"4","task":"1","opcode":"0","keywords":"0x8000000000000000","systemTime":"2026-10-02T03:07:24.7276506Z","eventRecordID":"11516","processID":"2140","threadID":"4056","channel":"Microsoft-Windows-Sysmon/Operational","computer":"WIN10-01.SOC-LAB.LOCAL","severityValue":"INFORMATION","message":"\"Process Create:\r\nRuleName: -\r\nUtcTime: 2026-10-02 03:07:24.721\r\nProcessGuid: {e12a69d9-1fec-6abf-f200-000000001700}\r\nProcessId: 7540\r\nImage: C:\\Windows\\System32\\taskhostw.exe\r\nFileVersion: 10.0.19041.5794 (WinBuild.160101.0800)\r\nDescription: Host Process for Windows Tasks\r\nProduct: Microsoft® Windows® Operating System\r\nCompany: Microsoft Corporation\r\nOriginalFileName: taskhostw.exe\r\nCommandLine: taskhostw.exe $(Arg0)\r\nCurrentDirectory: C:\\Windows\\system32\\\r\nUser: SOC-LAB\\nam.user\r\nLogonGuid: {e12a69d9-1fab-6abf-e90d-090000000000}\r\nLogonId: 0x90DE9\r\nTerminalSessionId: 1\r\nIntegrityLevel: Medium\r\nHashes: MD5=D71630DA4364F89F36B47581D4162639,SHA256=4D84D1DB6C572DA841307B814CCF26478429D3A29F304755CE1BAF110E639F64,IMPHASH=3A0C6863CDE566AF997DB2DEFFF9D924\r\nParentProcessGuid: {e12a69d9-1f98-6abf-1700-000000001700}\r\nParentProcessId: 988\r\nParentImage: C:\\Windows\\System32\\svchost.exe\r\nParentCommandLine: C:\\Windows\\system32\\svchost.exe -k netsvcs -p\r\nParentUser: NT AUTHORITY\\SYSTEM\""},"eventdata":{"utcTime":"2026-10-02 03:07:24.721","processGuid":"{e12a69d9-1fec-6abf-f200-000000001700}","processId":"7540","image":"C:\\\\Windows\\\\System32\\\\taskhostw.exe","fileVersion":"10.0.19041.5794 (WinBuild.160101.0800)","description":"Host Process for Windows Tasks","product":"Microsoft® Windows® Operating System","company":"Microsoft Corporation","originalFileName":"taskhostw.exe","commandLine":"taskhostw.exe $(Arg0)","currentDirectory":"C:\\\\Windows\\\\system32\\\\","user":"SOC-LAB\\\\nam.user","logonGuid":"{e12a69d9-1fab-6abf-e90d-090000000000}","logonId":"0x90de9","terminalSessionId":"1","integrityLevel":"Medium","hashes":"MD5=D71630DA4364F89F36B47581D4162639,SHA256=4D84D1DB6C572DA841307B814CCF26478429D3A29F304755CE1BAF110E639F64,IMPHASH=3A0C6863CDE566AF997DB2DEFFF9D924","parentProcessGuid":"{e12a69d9-1f98-6abf-1700-000000001700}","parentProcessId":"988","parentImage":"C:\\\\Windows\\\\System32\\\\svchost.exe","parentCommandLine":"C:\\\\Windows\\\\system32\\\\svchost.exe -k netsvcs -p","parentUser":"NT AUTHORITY\\\\SYSTEM"}}},"location":"EventChannel"}
{"timestamp":"2026-10-02T03:07:26.729+0000","agent":{"id":"001","name":"SOC-WIN10","ip":"192.168.50.20"},"manager":{"name":"soc-wazuh"},"id":"1790910446.328227","full_log":"{\"win\":{\"system\":{\"providerName\":\"Microsoft-Windows-Sysmon\",\"providerGuid\":\"{5770385f-c22a-43e0-bf4c-06f5698ffbd9}\",\"eventID\":\"1\",\"version\":\"5\",\"level\":\"4\",\"task\":\"1\",\"opcode\":\"0\",\"keywords\":\"0x8000000000000000\",\"systemTime\":\"2026-10-02T03:07:25.3628976Z\",\"eventRecordID\":\"11517\",\"processID\":\"2140\",\"threadID\":\"4056\",\"channel\":\"Microsoft-Windows-Sysmon/Operational\",\"computer\":\"WIN10-01.SOC-LAB.LOCAL\",\"severityValue\":\"INFORMATION\",\"message\":\"\\\"Process Create:\\r\\nRuleName: -\\r\\nUtcTime: 2026-10-02 03:07:25.352\\r\\nProcessGuid: {e12a69d9-1fed-6abf-f300-000000001700}\\r\\nProcessId: 7580\\r\\nImage: C:\\\\Program Files (x86)\\\\Microsoft\\\\EdgeUpdate\\\\MicrosoftEdgeUpdate.exe\\r\\nFileVersion: 1.3.271.7\\r\\nDescription: Microsoft Edge Update\\r\\nProduct: Microsoft Edge Update\\r\\nCompany: Microsoft Corporation\\r\\nOriginalFileName: MicrosoftEdgeUpdate.exe\\r\\nCommandLine: \\\"C:\\\\Program Files (x86)\\\\Microsoft\\\\EdgeUpdate\\\\MicrosoftEdgeUpdate.exe\\\" /ua /installsource core\\r\\nCurrentDirectory: C:\\\\Program Files (x86)\\\\Microsoft\\\\EdgeUpdate\\\\1.3.273.21\\\\\\r\\nUser: NT AUTHORITY\\\\SYSTEM\\r\\nLogonGuid: {e12a69d9-1f98-6abf-e703-000000000000}\\r\\nLogonId: 0x3E7\\r\\nTerminalSessionId: 0\\r\\nIntegrityLevel: System\\r\\nHashes: MD5=5773A83436600F9CC768C646385AF4FE,SHA256=5497DD84321887D18B62FAE35689EA4A7D07CAD7840853B2BB50BBF7BFAC365E,IMPHASH=CD3B2D99C6655A5D4A14E30E380F5BF9\\r\\nParentProcessGuid: {e12a69d9-1fec-6abf-f100-000000001700}\\r\\nParentProcessId: 7532\\r\\nParentImage: C:\\\\Program Files (x86)\\\\Microsoft\\\\EdgeUpdate\\\\MicrosoftEdgeUpdate.exe\\r\\nParentCommandLine: \\\"C:\\\\Program Files (x86)\\\\Microsoft\\\\EdgeUpdate\\\\MicrosoftEdgeUpdate.exe\\\" /c\\r\\nParentUser: NT AUTHORITY\\\\SYSTEM\\\"\"},\"eventdata\":{\"utcTime\":\"2026-10-02 03:07:25.352\",\"processGuid\":\"{e12a69d9-1fed-6abf-f300-000000001700}\",\"processId\":\"7580\",\"image\":\"C:\\\\\\\\Program Files (x86)\\\\\\\\Microsoft\\\\\\\\EdgeUpdate\\\\\\\\MicrosoftEdgeUpdate.exe\",\"fileVersion\":\"1.3.271.7\",\"description\":\"Microsoft Edge Update\",\"product\":\"Microsoft Edge Update\",\"company\":\"Microsoft Corporation\",\"originalFileName\":\"MicrosoftEdgeUpdate.exe\",\"commandLine\":\"\\\\\\\"C:\\\\\\\\Program Files (x86)\\\\\\\\Microsoft\\\\\\\\EdgeUpdate\\\\\\\\MicrosoftEdgeUpdate.exe\\\\\\\" /ua /installsource core\",\"currentDirectory\":\"C:\\\\\\\\Program Files (x86)\\\\\\\\Microsoft\\\\\\\\EdgeUpdate\\\\\\\\1.3.273.21\\\\\\\\\",\"user\":\"NT AUTHORITY\\\\\\\\SYSTEM\",\"logonGuid\":\"{e12a69d9-1f98-6abf-e703-000000000000}\",\"logonId\":\"0x3e7\",\"terminalSessionId\":\"0\",\"integrityLevel\":\"System\",\"hashes\":\"MD5=5773A83436600F9CC768C646385AF4FE,SHA256=5497DD84321887D18B62FAE35689EA4A7D07CAD7840853B2BB50BBF7BFAC365E,IMPHASH=CD3B2D99C6655A5D4A14E30E380F5BF9\",\"parentProcessGuid\":\"{e12a69d9-1fec-6abf-f100-000000001700}\",\"parentProcessId\":\"7532\",\"parentImage\":\"C:\\\\\\\\Program Files (x86)\\\\\\\\Microsoft\\\\\\\\EdgeUpdate\\\\\\\\MicrosoftEdgeUpdate.exe\",\"parentCommandLine\":\"\\\\\\\"C:\\\\\\\\Program Files (x86)\\\\\\\\Microsoft\\\\\\\\EdgeUpdate\\\\\\\\MicrosoftEdgeUpdate.exe\\\\\\\" /c\",\"parentUser\":\"NT AUTHORITY\\\\\\\\SYSTEM\"}}}","decoder":{"name":"windows_eventchannel"},"data":{"win":{"system":{"providerName":"Microsoft-Windows-Sysmon","providerGuid":"{5770385f-c22a-43e0-bf4c-06f5698ffbd9}","eventID":"1","version":"5","level":"4","task":"1","opcode":"0","keywords":"0x8000000000000000","systemTime":"2026-10-02T03:07:25.3628976Z","eventRecordID":"11517","processID":"2140","threadID":"4056","channel":"Microsoft-Windows-Sysmon/Operational","computer":"WIN10-01.SOC-LAB.LOCAL","severityValue":"INFORMATION","message":"\"Process Create:\r\nRuleName: -\r\nUtcTime: 2026-10-02 03:07:25.352\r\nProcessGuid: {e12a69d9-1fed-6abf-f300-000000001700}\r\nProcessId: 7580\r\nImage: C:\\Program Files (x86)\\Microsoft\\EdgeUpdate\\MicrosoftEdgeUpdate.exe\r\nFileVersion: 1.3.271.7\r\nDescription: Microsoft Edge Update\r\nProduct: Microsoft Edge Update\r\nCompany: Microsoft Corporation\r\nOriginalFileName: MicrosoftEdgeUpdate.exe\r\nCommandLine: \"C:\\Program Files (x86)\\Microsoft\\EdgeUpdate\\MicrosoftEdgeUpdate.exe\" /ua /installsource core\r\nCurrentDirectory: C:\\Program Files (x86)\\Microsoft\\EdgeUpdate\\1.3.273.21\\\r\nUser: NT AUTHORITY\\SYSTEM\r\nLogonGuid: {e12a69d9-1f98-6abf-e703-000000000000}\r\nLogonId: 0x3E7\r\nTerminalSessionId: 0\r\nIntegrityLevel: System\r\nHashes: MD5=5773A83436600F9CC768C646385AF4FE,SHA256=5497DD84321887D18B62FAE35689EA4A7D07CAD7840853B2BB50BBF7BFAC365E,IMPHASH=CD3B2D99C6655A5D4A14E30E380F5BF9\r\nParentProcessGuid: {e12a69d9-1fec-6abf-f100-000000001700}\r\nParentProcessId: 7532\r\nParentImage: C:\\Program Files (x86)\\Microsoft\\EdgeUpdate\\MicrosoftEdgeUpdate.exe\r\nParentCommandLine: \"C:\\Program Files (x86)\\Microsoft\\EdgeUpdate\\MicrosoftEdgeUpdate.exe\" /c\r\nParentUser: NT AUTHORITY\\SYSTEM\""},"eventdata":{"utcTime":"2026-10-02 03:07:25.352","processGuid":"{e12a69d9-1fed-6abf-f300-000000001700}","processId":"7580","image":"C:\\\\Program Files (x86)\\\\Microsoft\\\\EdgeUpdate\\\\MicrosoftEdgeUpdate.exe","fileVersion":"1.3.271.7","description":"Microsoft Edge Update","product":"Microsoft Edge Update","company":"Microsoft Corporation","originalFileName":"MicrosoftEdgeUpdate.exe","commandLine":"\\\"C:\\\\Program Files (x86)\\\\Microsoft\\\\EdgeUpdate\\\\MicrosoftEdgeUpdate.exe\\\" /ua /installsource core","currentDirectory":"C:\\\\Program Files (x86)\\\\Microsoft\\\\EdgeUpdate\\\\1.3.273.21\\\\","user":"NT AUTHORITY\\\\SYSTEM","logonGuid":"{e12a69d9-1f98-6abf-e703-000000000000}","logonId":"0x3e7","terminalSessionId":"0","integrityLevel":"System","hashes":"MD5=5773A83436600F9CC768C646385AF4FE,SHA256=5497DD84321887D18B62FAE35689EA4A7D07CAD7840853B2BB50BBF7BFAC365E,IMPHASH=CD3B2D99C6655A5D4A14E30E380F5BF9","parentProcessGuid":"{e12a69d9-1fec-6abf-f100-000000001700}","parentProcessId":"7532","parentImage":"C:\\\\Program Files (x86)\\\\Microsoft\\\\EdgeUpdate\\\\MicrosoftEdgeUpdate.exe","parentCommandLine":"\\\"C:\\\\Program Files (x86)\\\\Microsoft\\\\EdgeUpdate\\\\MicrosoftEdgeUpdate.exe\\\" /c","parentUser":"NT AUTHORITY\\\\SYSTEM"}}},"location":"EventChannel"}
{"timestamp":"2026-10-02T03:07:29.653+0000","agent":{"id":"001","name":"SOC-WIN10","ip":"192.168.50.20"},"manager":{"name":"soc-wazuh"},"id":"1790910449.328227","full_log":"{\"win\":{\"system\":{\"providerName\":\"Microsoft-Windows-Sysmon\",\"providerGuid\":\"{5770385f-c22a-43e0-bf4c-06f5698ffbd9}\",\"eventID\":\"1\",\"version\":\"5\",\"level\":\"4\",\"task\":\"1\",\"opcode\":\"0\",\"keywords\":\"0x8000000000000000\",\"systemTime\":\"2026-10-02T03:07:27.6857323Z\",\"eventRecordID\":\"11518\",\"processID\":\"2140\",\"threadID\":\"4056\",\"channel\":\"Microsoft-Windows-Sysmon/Operational\",\"computer\":\"WIN10-01.SOC-LAB.LOCAL\",\"severityValue\":\"INFORMATION\",\"message\":\"\\\"Process Create:\\r\\nRuleName: -\\r\\nUtcTime: 2026-10-02 03:07:27.681\\r\\nProcessGuid: {e12a69d9-1fef-6abf-f500-000000001700}\\r\\nProcessId: 7688\\r\\nImage: C:\\\\Program Files (x86)\\\\Microsoft\\\\EdgeUpdate\\\\MicrosoftEdgeUpdate.exe\\r\\nFileVersion: 1.3.271.7\\r\\nDescription: Microsoft Edge Update\\r\\nProduct: Microsoft Edge Update\\r\\nCompany: Microsoft Corporation\\r\\nOriginalFileName: MicrosoftEdgeUpdate.exe\\r\\nCommandLine: \\\"C:\\\\Program Files (x86)\\\\Microsoft\\\\EdgeUpdate\\\\MicrosoftEdgeUpdate.exe\\\" /ping PD94bWwgdmVyc2lvbj0iMS4wIiBlbmNvZGluZz0iVVRGLTgiPz48cmVxdWVzdCBwcm90b2NvbD0iMy4wIiB1cGRhdGVyPSJPbWFoYSIgdXBkYXRlcnZlcnNpb249IjEuMy4yNzMuMjEiIHNoZWxsX3ZlcnNpb249IjEuMy4yNzEuNyIgaXNtYWNoaW5lPSIxIiBzZXNzaW9uaWQ9Ins4RUM3NjhCRC0yOTNFLTQyNDItODdFRi04RTNDMzc1NTNFOEJ9IiB1c2VyaWQ9IntGMkE5RDZDMC0yMDA3LTRCNjMtQjUxMy03REI0MjMyQzc4QTB9IiBpbnN0YWxsc291cmNlPSJjb3JlIiByZXF1ZXN0aWQ9InswNDQwMEY1Qi02NjhGLTRBNjktQjMwNi0yMDEwQ0NEQTZEODB9IiBkZWR1cD0iY3IiIGRvbWFpbmpvaW5lZD0iMSI-PGh3IGxvZ2ljYWxfY3B1cz0iMiIgcGh5c21lbW9yeT0iMiIgZGlza190eXBlPSIyIiBzc2U9IjEiIHNzZTI9IjEiIHNzZTM9IjEiIHNzc2UzPSIxIiBzc2U0MT0iMSIgc3NlNDI9IjEiIGF2eD0iMSIvPjxvcyBwbGF0Zm9ybT0id2luIiB2ZXJzaW9uPSIxMC4wLjE5MDQ1LjY0NTYiIHNwPSIiIGFyY2g9Ing2NCIgcHJvZHVjdF90eXBlPSI0OCIgaXNfd2lwPSIwIiBpc19pbl9sb2NrZG93bl9tb2RlPSIwIi8-PG9lbSBwcm9kdWN0X21hbnVmYWN0dXJlcj0iUUVNVSIgcHJvZHVjdF9uYW1lPSJTdGFuZGFyZCBQQyAoUTM1ICsgSUNIOSwgMjAwOSkiLz48ZXhwIGV0YWc9IiZxdW90O2Mwdmw2K1BPMXFmaDdsejR3c3FhY0FPZXFoYWc4eHFvbElrK3hhVTBBVkk9JnF1b3Q7Ii8-PGFwcCBhcHBpZD0ie0M1MDU2NUU5LUNDQ0YtNDRCNC1CQTE1LTVBQzVDNjU2OTE5N30iIHZlcnNpb249IjE1NC4wLjQyNTguMzciIG5leHR2ZXJzaW9uPSIiIGxhbmc9IiIgYnJhbmQ9IkVVQ0YiIGNsaWVudD0iIiBpbnN0YWxsYWdlPSIwIiBpbnN0YWxsZGF0ZT0iNzIxMCIgaW5zdGFsbGRhdGV0aW1lPSIxNzkwODU0NTg5IiBjb2hvcnQ9InJyZkAwLjI1Ij48ZXZlbnQgZXZlbnR0eXBlPSIzMyIgZXZlbnRyZXN1bHQ9IjEiIGVycm9yY29kZT0iMCIgZXh0cmFjb2RlMT0iMSIgc3lzdGVtX3VwdGltZV90aWNrcz0iOTQ4Njk3MzY4Ii8-PC9hcHA-PC9yZXF1ZXN0Pg\\r\\nCurrentDirectory: C:\\\\Program Files (x86)\\\\Microsoft\\\\EdgeUpdate\\\\1.3.273.21\\\\\\r\\nUser: NT AUTHORITY\\\\SYSTEM\\r\\nLogonGuid: {e12a69d9-1f98-6abf-e703-000000000000}\\r\\nLogonId: 0x3E7\\r\\nTerminalSessionId: 0\\r\\nIntegrityLevel: System\\r\\nHashes: MD5=5773A83436600F9CC768C646385AF4FE,SHA256=5497DD84321887D18B62FAE35689EA4A7D07CAD7840853B2BB50BBF7BFAC365E,IMPHASH=CD3B2D99C6655A5D4A14E30E380F5BF9\\r\\nParentProcessGuid: {e12a69d9-1fed-6abf-f300-000000001700}\\r\\nParentProcessId: 7580\\r\\nParentImage: C:\\\\Program Files (x86)\\\\Microsoft\\\\EdgeUpdate\\\\MicrosoftEdgeUpdate.exe\\r\\nParentCommandLine: \\\"C:\\\\Program Files (x86)\\\\Microsoft\\\\EdgeUpdate\\\\MicrosoftEdgeUpdate.exe\\\" /ua /installsource core\\r\\nParentUser: NT AUTHORITY\\\\SYSTEM\\\"\"},\"eventdata\":{\"utcTime\":\"2026-10-02 03:07:27.681\",\"processGuid\":\"{e12a69d9-1fef-6abf-f500-000000001700}\",\"processId\":\"7688\",\"image\":\"C:\\\\\\\\Program Files (x86)\\\\\\\\Microsoft\\\\\\\\EdgeUpdate\\\\\\\\MicrosoftEdgeUpdate.exe\",\"fileVersion\":\"1.3.271.7\",\"description\":\"Microsoft Edge Update\",\"product\":\"Microsoft Edge Update\",\"company\":\"Microsoft Corporation\",\"originalFileName\":\"MicrosoftEdgeUpdate.exe\",\"commandLine\":\"\\\\\\\"C:\\\\\\\\Program Files (x86)\\\\\\\\Microsoft\\\\\\\\EdgeUpdate\\\\\\\\MicrosoftEdgeUpdate.exe\\\\\\\" /ping PD94bWwgdmVyc2lvbj0iMS4wIiBlbmNvZGluZz0iVVRGLTgiPz48cmVxdWVzdCBwcm90b2NvbD0iMy4wIiB1cGRhdGVyPSJPbWFoYSIgdXBkYXRlcnZlcnNpb249IjEuMy4yNzMuMjEiIHNoZWxsX3ZlcnNpb249IjEuMy4yNzEuNyIgaXNtYWNoaW5lPSIxIiBzZXNzaW9uaWQ9Ins4RUM3NjhCRC0yOTNFLTQyNDItODdFRi04RTNDMzc1NTNFOEJ9IiB1c2VyaWQ9IntGMkE5RDZDMC0yMDA3LTRCNjMtQjUxMy03REI0MjMyQzc4QTB9IiBpbnN0YWxsc291cmNlPSJjb3JlIiByZXF1ZXN0aWQ9InswNDQwMEY1Qi02NjhGLTRBNjktQjMwNi0yMDEwQ0NEQTZEODB9IiBkZWR1cD0iY3IiIGRvbWFpbmpvaW5lZD0iMSI-PGh3IGxvZ2ljYWxfY3B1cz0iMiIgcGh5c21lbW9yeT0iMiIgZGlza190eXBlPSIyIiBzc2U9IjEiIHNzZTI9IjEiIHNzZTM9IjEiIHNzc2UzPSIxIiBzc2U0MT0iMSIgc3NlNDI9IjEiIGF2eD0iMSIvPjxvcyBwbGF0Zm9ybT0id2luIiB2ZXJzaW9uPSIxMC4wLjE5MDQ1LjY0NTYiIHNwPSIiIGFyY2g9Ing2NCIgcHJvZHVjdF90eXBlPSI0OCIgaXNfd2lwPSIwIiBpc19pbl9sb2NrZG93bl9tb2RlPSIwIi8-PG9lbSBwcm9kdWN0X21hbnVmYWN0dXJlcj0iUUVNVSIgcHJvZHVjdF9uYW1lPSJTdGFuZGFyZCBQQyAoUTM1ICsgSUNIOSwgMjAwOSkiLz48ZXhwIGV0YWc9IiZxdW90O2Mwdmw2K1BPMXFmaDdsejR3c3FhY0FPZXFoYWc4eHFvbElrK3hhVTBBVkk9JnF1b3Q7Ii8-PGFwcCBhcHBpZD0ie0M1MDU2NUU5LUNDQ0YtNDRCNC1CQTE1LTVBQzVDNjU2OTE5N30iIHZlcnNpb249IjE1NC4wLjQyNTguMzciIG5leHR2ZXJzaW9uPSIiIGxhbmc9IiIgYnJhbmQ9IkVVQ0YiIGNsaWVudD0iIiBpbnN0YWxsYWdlPSIwIiBpbnN0YWxsZGF0ZT0iNzIxMCIgaW5zdGFsbGRhdGV0aW1lPSIxNzkwODU0NTg5IiBjb2hvcnQ9InJyZkAwLjI1Ij48ZXZlbnQgZXZlbnR0eXBlPSIzMyIgZXZlbnRyZXN1bHQ9IjEiIGVycm9yY29kZT0iMCIgZXh0cmFjb2RlMT0iMSIgc3lzdGVtX3VwdGltZV90aWNrcz0iOTQ4Njk3MzY4Ii8-PC9hcHA-PC9yZXF1ZXN0Pg\",\"currentDirectory\":\"C:\\\\\\\\Program Files (x86)\\\\\\\\Microsoft\\\\\\\\EdgeUpdate\\\\\\\\1.3.273.21\\\\\\\\\",\"user\":\"NT AUTHORITY\\\\\\\\SYSTEM\",\"logonGuid\":\"{e12a69d9-1f98-6abf-e703-000000000000}\",\"logonId\":\"0x3e7\",\"terminalSessionId\":\"0\",\"integrityLevel\":\"System\",\"hashes\":\"MD5=5773A83436600F9CC768C646385AF4FE,SHA256=5497DD84321887D18B62FAE35689EA4A7D07CAD7840853B2BB50BBF7BFAC365E,IMPHASH=CD3B2D99C6655A5D4A14E30E380F5BF9\",\"parentProcessGuid\":\"{e12a69d9-1fed-6abf-f300-000000001700}\",\"parentProcessId\":\"7580\",\"parentImage\":\"C:\\\\\\\\Program Files (x86)\\\\\\\\Microsoft\\\\\\\\EdgeUpdate\\\\\\\\MicrosoftEdgeUpdate.exe\",\"parentCommandLine\":\"\\\\\\\"C:\\\\\\\\Program Files (x86)\\\\\\\\Microsoft\\\\\\\\EdgeUpdate\\\\\\\\MicrosoftEdgeUpdate.exe\\\\\\\" /ua /installsource core\",\"parentUser\":\"NT AUTHORITY\\\\\\\\SYSTEM\"}}}","decoder":{"name":"windows_eventchannel"},"data":{"win":{"system":{"providerName":"Microsoft-Windows-Sysmon","providerGuid":"{5770385f-c22a-43e0-bf4c-06f5698ffbd9}","eventID":"1","version":"5","level":"4","task":"1","opcode":"0","keywords":"0x8000000000000000","systemTime":"2026-10-02T03:07:27.6857323Z","eventRecordID":"11518","processID":"2140","threadID":"4056","channel":"Microsoft-Windows-Sysmon/Operational","computer":"WIN10-01.SOC-LAB.LOCAL","severityValue":"INFORMATION","message":"\"Process Create:\r\nRuleName: -\r\nUtcTime: 2026-10-02 03:07:27.681\r\nProcessGuid: {e12a69d9-1fef-6abf-f500-000000001700}\r\nProcessId: 7688\r\nImage: C:\\Program Files (x86)\\Microsoft\\EdgeUpdate\\MicrosoftEdgeUpdate.exe\r\nFileVersion: 1.3.271.7\r\nDescription: Microsoft Edge Update\r\nProduct: Microsoft Edge Update\r\nCompany: Microsoft Corporation\r\nOriginalFileName: MicrosoftEdgeUpdate.exe\r\nCommandLine: \"C:\\Program Files (x86)\\Microsoft\\EdgeUpdate\\MicrosoftEdgeUpdate.exe\" /ping PD94bWwgdmVyc2lvbj0iMS4wIiBlbmNvZGluZz0iVVRGLTgiPz48cmVxdWVzdCBwcm90b2NvbD0iMy4wIiB1cGRhdGVyPSJPbWFoYSIgdXBkYXRlcnZlcnNpb249IjEuMy4yNzMuMjEiIHNoZWxsX3ZlcnNpb249IjEuMy4yNzEuNyIgaXNtYWNoaW5lPSIxIiBzZXNzaW9uaWQ9Ins4RUM3NjhCRC0yOTNFLTQyNDItODdFRi04RTNDMzc1NTNFOEJ9IiB1c2VyaWQ9IntGMkE5RDZDMC0yMDA3LTRCNjMtQjUxMy03REI0MjMyQzc4QTB9IiBpbnN0YWxsc291cmNlPSJjb3JlIiByZXF1ZXN0aWQ9InswNDQwMEY1Qi02NjhGLTRBNjktQjMwNi0yMDEwQ0NEQTZEODB9IiBkZWR1cD0iY3IiIGRvbWFpbmpvaW5lZD0iMSI-PGh3IGxvZ2ljYWxfY3B1cz0iMiIgcGh5c21lbW9yeT0iMiIgZGlza190eXBlPSIyIiBzc2U9IjEiIHNzZTI9IjEiIHNzZTM9IjEiIHNzc2UzPSIxIiBzc2U0MT0iMSIgc3NlNDI9IjEiIGF2eD0iMSIvPjxvcyBwbGF0Zm9ybT0id2luIiB2ZXJzaW9uPSIxMC4wLjE5MDQ1LjY0NTYiIHNwPSIiIGFyY2g9Ing2NCIgcHJvZHVjdF90eXBlPSI0OCIgaXNfd2lwPSIwIiBpc19pbl9sb2NrZG93bl9tb2RlPSIwIi8-PG9lbSBwcm9kdWN0X21hbnVmYWN0dXJlcj0iUUVNVSIgcHJvZHVjdF9uYW1lPSJTdGFuZGFyZCBQQyAoUTM1ICsgSUNIOSwgMjAwOSkiLz48ZXhwIGV0YWc9IiZxdW90O2Mwdmw2K1BPMXFmaDdsejR3c3FhY0FPZXFoYWc4eHFvbElrK3hhVTBBVkk9JnF1b3Q7Ii8-PGFwcCBhcHBpZD0ie0M1MDU2NUU5LUNDQ0YtNDRCNC1CQTE1LTVBQzVDNjU2OTE5N30iIHZlcnNpb249IjE1NC4wLjQyNTguMzciIG5leHR2ZXJzaW9uPSIiIGxhbmc9IiIgYnJhbmQ9IkVVQ0YiIGNsaWVudD0iIiBpbnN0YWxsYWdlPSIwIiBpbnN0YWxsZGF0ZT0iNzIxMCIgaW5zdGFsbGRhdGV0aW1lPSIxNzkwODU0NTg5IiBjb2hvcnQ9InJyZkAwLjI1Ij48ZXZlbnQgZXZlbnR0eXBlPSIzMyIgZXZlbnRyZXN1bHQ9IjEiIGVycm9yY29kZT0iMCIgZXh0cmFjb2RlMT0iMSIgc3lzdGVtX3VwdGltZV90aWNrcz0iOTQ4Njk3MzY4Ii8-PC9hcHA-PC9yZXF1ZXN0Pg\r\nCurrentDirectory: C:\\Program Files (x86)\\Microsoft\\EdgeUpdate\\1.3.273.21\\\r\nUser: NT AUTHORITY\\SYSTEM\r\nLogonGuid: {e12a69d9-1f98-6abf-e703-000000000000}\r\nLogonId: 0x3E7\r\nTerminalSessionId: 0\r\nIntegrityLevel: System\r\nHashes: MD5=5773A83436600F9CC768C646385AF4FE,SHA256=5497DD84321887D18B62FAE35689EA4A7D07CAD7840853B2BB50BBF7BFAC365E,IMPHASH=CD3B2D99C6655A5D4A14E30E380F5BF9\r\nParentProcessGuid: {e12a69d9-1fed-6abf-f300-000000001700}\r\nParentProcessId: 7580\r\nParentImage: C:\\Program Files (x86)\\Microsoft\\EdgeUpdate\\MicrosoftEdgeUpdate.exe\r\nParentCommandLine: \"C:\\Program Files (x86)\\Microsoft\\EdgeUpdate\\MicrosoftEdgeUpdate.exe\" /ua /installsource core\r\nParentUser: NT AUTHORITY\\SYSTEM\""},"eventdata":{"utcTime":"2026-10-02 03:07:27.681","processGuid":"{e12a69d9-1fef-6abf-f500-000000001700}","processId":"7688","image":"C:\\\\Program Files (x86)\\\\Microsoft\\\\EdgeUpdate\\\\MicrosoftEdgeUpdate.exe","fileVersion":"1.3.271.7","description":"Microsoft Edge Update","product":"Microsoft Edge Update","company":"Microsoft Corporation","originalFileName":"MicrosoftEdgeUpdate.exe","commandLine":"\\\"C:\\\\Program Files (x86)\\\\Microsoft\\\\EdgeUpdate\\\\MicrosoftEdgeUpdate.exe\\\" /ping PD94bWwgdmVyc2lvbj0iMS4wIiBlbmNvZGluZz0iVVRGLTgiPz48cmVxdWVzdCBwcm90b2NvbD0iMy4wIiB1cGRhdGVyPSJPbWFoYSIgdXBkYXRlcnZlcnNpb249IjEuMy4yNzMuMjEiIHNoZWxsX3ZlcnNpb249IjEuMy4yNzEuNyIgaXNtYWNoaW5lPSIxIiBzZXNzaW9uaWQ9Ins4RUM3NjhCRC0yOTNFLTQyNDItODdFRi04RTNDMzc1NTNFOEJ9IiB1c2VyaWQ9IntGMkE5RDZDMC0yMDA3LTRCNjMtQjUxMy03REI0MjMyQzc4QTB9IiBpbnN0YWxsc291cmNlPSJjb3JlIiByZXF1ZXN0aWQ9InswNDQwMEY1Qi02NjhGLTRBNjktQjMwNi0yMDEwQ0NEQTZEODB9IiBkZWR1cD0iY3IiIGRvbWFpbmpvaW5lZD0iMSI-PGh3IGxvZ2ljYWxfY3B1cz0iMiIgcGh5c21lbW9yeT0iMiIgZGlza190eXBlPSIyIiBzc2U9IjEiIHNzZTI9IjEiIHNzZTM9IjEiIHNzc2UzPSIxIiBzc2U0MT0iMSIgc3NlNDI9IjEiIGF2eD0iMSIvPjxvcyBwbGF0Zm9ybT0id2luIiB2ZXJzaW9uPSIxMC4wLjE5MDQ1LjY0NTYiIHNwPSIiIGFyY2g9Ing2NCIgcHJvZHVjdF90eXBlPSI0OCIgaXNfd2lwPSIwIiBpc19pbl9sb2NrZG93bl9tb2RlPSIwIi8-PG9lbSBwcm9kdWN0X21hbnVmYWN0dXJlcj0iUUVNVSIgcHJvZHVjdF9uYW1lPSJTdGFuZGFyZCBQQyAoUTM1ICsgSUNIOSwgMjAwOSkiLz48ZXhwIGV0YWc9IiZxdW90O2Mwdmw2K1BPMXFmaDdsejR3c3FhY0FPZXFoYWc4eHFvbElrK3hhVTBBVkk9JnF1b3Q7Ii8-PGFwcCBhcHBpZD0ie0M1MDU2NUU5LUNDQ0YtNDRCNC1CQTE1LTVBQzVDNjU2OTE5N30iIHZlcnNpb249IjE1NC4wLjQyNTguMzciIG5leHR2ZXJzaW9uPSIiIGxhbmc9IiIgYnJhbmQ9IkVVQ0YiIGNsaWVudD0iIiBpbnN0YWxsYWdlPSIwIiBpbnN0YWxsZGF0ZT0iNzIxMCIgaW5zdGFsbGRhdGV0aW1lPSIxNzkwODU0NTg5IiBjb2hvcnQ9InJyZkAwLjI1Ij48ZXZlbnQgZXZlbnR0eXBlPSIzMyIgZXZlbnRyZXN1bHQ9IjEiIGVycm9yY29kZT0iMCIgZXh0cmFjb2RlMT0iMSIgc3lzdGVtX3VwdGltZV90aWNrcz0iOTQ4Njk3MzY4Ii8-PC9hcHA-PC9yZXF1ZXN0Pg","currentDirectory":"C:\\\\Program Files (x86)\\\\Microsoft\\\\EdgeUpdate\\\\1.3.273.21\\\\","user":"NT AUTHORITY\\\\SYSTEM","logonGuid":"{e12a69d9-1f98-6abf-e703-000000000000}","logonId":"0x3e7","terminalSessionId":"0","integrityLevel":"System","hashes":"MD5=5773A83436600F9CC768C646385AF4FE,SHA256=5497DD84321887D18B62FAE35689EA4A7D07CAD7840853B2BB50BBF7BFAC365E,IMPHASH=CD3B2D99C6655A5D4A14E30E380F5BF9","parentProcessGuid":"{e12a69d9-1fed-6abf-f300-000000001700}","parentProcessId":"7580","parentImage":"C:\\\\Program Files (x86)\\\\Microsoft\\\\EdgeUpdate\\\\MicrosoftEdgeUpdate.exe","parentCommandLine":"\\\"C:\\\\Program Files (x86)\\\\Microsoft\\\\EdgeUpdate\\\\MicrosoftEdgeUpdate.exe\\\" /ua /installsource core","parentUser":"NT AUTHORITY\\\\SYSTEM"}}},"location":"EventChannel"}
{"timestamp":"2026-10-02T03:07:44.705+0000","agent":{"id":"001","name":"SOC-WIN10","ip":"192.168.50.20"},"manager":{"name":"soc-wazuh"},"id":"1790910464.334361","full_log":"{\"win\":{\"system\":{\"providerName\":\"Microsoft-Windows-Sysmon\",\"providerGuid\":\"{5770385f-c22a-43e0-bf4c-06f5698ffbd9}\",\"eventID\":\"1\",\"version\":\"5\",\"level\":\"4\",\"task\":\"1\",\"opcode\":\"0\",\"keywords\":\"0x8000000000000000\",\"systemTime\":\"2026-10-02T03:07:42.6978313Z\",\"eventRecordID\":\"11519\",\"processID\":\"2140\",\"threadID\":\"4056\",\"channel\":\"Microsoft-Windows-Sysmon/Operational\",\"computer\":\"WIN10-01.SOC-LAB.LOCAL\",\"severityValue\":\"INFORMATION\",\"message\":\"\\\"Process Create:\\r\\nRuleName: -\\r\\nUtcTime: 2026-10-02 03:07:42.683\\r\\nProcessGuid: {e12a69d9-1ffe-6abf-f600-000000001700}\\r\\nProcessId: 7776\\r\\nImage: C:\\\\Program Files (x86)\\\\Microsoft\\\\EdgeWebView\\\\Application\\\\154.0.4258.48\\\\msedgewebview2.exe\\r\\nFileVersion: 154.0.4258.48\\r\\nDescription: Microsoft Edge WebView2\\r\\nProduct: Microsoft Edge WebView2\\r\\nCompany: Microsoft Corporation\\r\\nOriginalFileName: msedgewebview2.exe\\r\\nCommandLine: \\\"C:\\\\Program Files (x86)\\\\Microsoft\\\\EdgeWebView\\\\Application\\\\154.0.4258.48\\\\msedgewebview2.exe\\\" --type=renderer --noerrdialogs --user-data-dir=\\\"C:\\\\Users\\\\nam.user\\\\AppData\\\\Local\\\\Packages\\\\Microsoft.MicrosoftOfficeHub_8wekyb3d8bbwe\\\\LocalState\\\\EBWebView\\\" --webview-exe-name=M365Copilot.exe --webview-exe-version=19.2609.52011.0 --embedded-browser-webview=1 --embedded-browser-webview-dpi-awareness=2 --disable-gpu-compositing --video-capture-use-gpu-memory-buffer --lang=en-US --js-flags --device-scale-factor=1 --num-raster-threads=1 --renderer-client-id=6 --ram-no-pressure-read-main-dll --launch-time-ticks=110518732 --metrics-shmem-handle=5024,i,3058392948538827719,4599505940066414928,1048576 --field-trial-handle=2024,i,17997923285045663805,6945669727337648643,262144 --enable-features=msSingleSignOnOSForPrimaryAccountIsShared --disable-features=msEnhancedTrackingPreventionEnabled --variations-seed-version --pseudonymization-salt-handle=2028,i,10363675654584423323,14711617210225985604,4 --trace-process-track-uuid=3190708991934122588 --mojo-platform-channel-handle=5136 /prefetch:1\\r\\nCurrentDirectory: C:\\\\Program Files (x86)\\\\Microsoft\\\\EdgeWebView\\\\Application\\\\154.0.4258.48\\\\\\r\\nUser: SOC-LAB\\\\nam.user\\r\\nLogonGuid: {e12a69d9-1fab-6abf-e90d-090000000000}\\r\\nLogonId: 0x90DE9\\r\\nTerminalSessionId: 1\\r\\nIntegrityLevel: Low\\r\\nHashes: MD5=6852459A3127B588B72BA0BA000F54E2,SHA256=8454A3B710D8A8A7002AF5F16349FE6214DF14CEC90A2008E4790BF5728C4A3B,IMPHASH=D38C0D5E659AA4EF1F1B1B3C4C20C711\\r\\nParentProcessGuid: {e12a69d9-1fda-6abf-e900-000000001700}\\r\\nParentProcessId: 2468\\r\\nParentImage: C:\\\\Program Files (x86)\\\\Microsoft\\\\EdgeWebView\\\\Application\\\\154.0.4258.48\\\\msedgewebview2.exe\\r\\nParentCommandLine: \\\"C:\\\\Program Files (x86)\\\\Microsoft\\\\EdgeWebView\\\\Application\\\\154.0.4258.48\\\\msedgewebview2.exe\\\" --embedded-browser-webview=1 --webview-exe-name=M365Copilot.exe --webview-exe-version=19.2609.52011.0 --user-data-dir=\\\"C:\\\\Users\\\\nam.user\\\\AppData\\\\Local\\\\Packages\\\\Microsoft.MicrosoftOfficeHub_8wekyb3d8bbwe\\\\LocalState\\\\EBWebView\\\" --noerrdialogs --embedded-browser-webview-dpi-awareness=2 --disable-features=msEnhancedTrackingPreventionEnabled --enable-features=msSingleSignOnOSForPrimaryAccountIsShared --mojo-named-platform-channel-pipe=4520.2356.14068602213966527686\\r\\nParentUser: SOC-LAB\\\\nam.user\\\"\"},\"eventdata\":{\"utcTime\":\"2026-10-02 03:07:42.683\",\"processGuid\":\"{e12a69d9-1ffe-6abf-f600-000000001700}\",\"processId\":\"7776\",\"image\":\"C:\\\\\\\\Program Files (x86)\\\\\\\\Microsoft\\\\\\\\EdgeWebView\\\\\\\\Application\\\\\\\\154.0.4258.48\\\\\\\\msedgewebview2.exe\",\"fileVersion\":\"154.0.4258.48\",\"description\":\"Microsoft Edge WebView2\",\"product\":\"Microsoft Edge WebView2\",\"company\":\"Microsoft Corporation\",\"originalFileName\":\"msedgewebview2.exe\",\"commandLine\":\"\\\\\\\"C:\\\\\\\\Program Files (x86)\\\\\\\\Microsoft\\\\\\\\EdgeWebView\\\\\\\\Application\\\\\\\\154.0.4258.48\\\\\\\\msedgewebview2.exe\\\\\\\" --type=renderer --noerrdialogs --user-data-dir=\\\\\\\"C:\\\\\\\\Users\\\\\\\\nam.user\\\\\\\\AppData\\\\\\\\Local\\\\\\\\Packages\\\\\\\\Microsoft.MicrosoftOfficeHub_8wekyb3d8bbwe\\\\\\\\LocalState\\\\\\\\EBWebView\\\\\\\" --webview-exe-name=M365Copilot.exe --webview-exe-version=19.2609.52011.0 --embedded-browser-webview=1 --embedded-browser-webview-dpi-awareness=2 --disable-gpu-compositing --video-capture-use-gpu-memory-buffer --lang=en-US --js-flags --device-scale-factor=1 --num-raster-threads=1 --renderer-client-id=6 --ram-no-pressure-read-main-dll --launch-time-ticks=110518732 --metrics-shmem-handle=5024,i,3058392948538827719,4599505940066414928,1048576 --field-trial-handle=2024,i,17997923285045663805,6945669727337648643,262144 --enable-features=msSingleSignOnOSForPrimaryAccountIsShared --disable-features=msEnhancedTrackingPreventionEnabled --variations-seed-version --pseudonymization-salt-handle=2028,i,10363675654584423323,14711617210225985604,4 --trace-process-track-uuid=3190708991934122588 --mojo-platform-channel-handle=5136 /prefetch:1\",\"currentDirectory\":\"C:\\\\\\\\Program Files (x86)\\\\\\\\Microsoft\\\\\\\\EdgeWebView\\\\\\\\Application\\\\\\\\154.0.4258.48\\\\\\\\\",\"user\":\"SOC-LAB\\\\\\\\nam.user\",\"logonGuid\":\"{e12a69d9-1fab-6abf-e90d-090000000000}\",\"logonId\":\"0x90de9\",\"terminalSessionId\":\"1\",\"integrityLevel\":\"Low\",\"hashes\":\"MD5=6852459A3127B588B72BA0BA000F54E2,SHA256=8454A3B710D8A8A7002AF5F16349FE6214DF14CEC90A2008E4790BF5728C4A3B,IMPHASH=D38C0D5E659AA4EF1F1B1B3C4C20C711\",\"parentProcessGuid\":\"{e12a69d9-1fda-6abf-e900-000000001700}\",\"parentProcessId\":\"2468\",\"parentImage\":\"C:\\\\\\\\Program Files (x86)\\\\\\\\Microsoft\\\\\\\\EdgeWebView\\\\\\\\Application\\\\\\\\154.0.4258.48\\\\\\\\msedgewebview2.exe\",\"parentCommandLine\":\"\\\\\\\"C:\\\\\\\\Program Files (x86)\\\\\\\\Microsoft\\\\\\\\EdgeWebView\\\\\\\\Application\\\\\\\\154.0.4258.48\\\\\\\\msedgewebview2.exe\\\\\\\" --embedded-browser-webview=1 --webview-exe-name=M365Copilot.exe --webview-exe-version=19.2609.52011.0 --user-data-dir=\\\\\\\"C:\\\\\\\\Users\\\\\\\\nam.user\\\\\\\\AppData\\\\\\\\Local\\\\\\\\Packages\\\\\\\\Microsoft.MicrosoftOfficeHub_8wekyb3d8bbwe\\\\\\\\LocalState\\\\\\\\EBWebView\\\\\\\" --noerrdialogs --embedded-browser-webview-dpi-awareness=2 --disable-features=msEnhancedTrackingPreventionEnabled --enable-features=msSingleSignOnOSForPrimaryAccountIsShared --mojo-named-platform-channel-pipe=4520.2356.14068602213966527686\",\"parentUser\":\"SOC-LAB\\\\\\\\nam.user\"}}}","decoder":{"name":"windows_eventchannel"},"data":{"win":{"system":{"providerName":"Microsoft-Windows-Sysmon","providerGuid":"{5770385f-c22a-43e0-bf4c-06f5698ffbd9}","eventID":"1","version":"5","level":"4","task":"1","opcode":"0","keywords":"0x8000000000000000","systemTime":"2026-10-02T03:07:42.6978313Z","eventRecordID":"11519","processID":"2140","threadID":"4056","channel":"Microsoft-Windows-Sysmon/Operational","computer":"WIN10-01.SOC-LAB.LOCAL","severityValue":"INFORMATION","message":"\"Process Create:\r\nRuleName: -\r\nUtcTime: 2026-10-02 03:07:42.683\r\nProcessGuid: {e12a69d9-1ffe-6abf-f600-000000001700}\r\nProcessId: 7776\r\nImage: C:\\Program Files (x86)\\Microsoft\\EdgeWebView\\Application\\154.0.4258.48\\msedgewebview2.exe\r\nFileVersion: 154.0.4258.48\r\nDescription: Microsoft Edge WebView2\r\nProduct: Microsoft Edge WebView2\r\nCompany: Microsoft Corporation\r\nOriginalFileName: msedgewebview2.exe\r\nCommandLine: \"C:\\Program Files (x86)\\Microsoft\\EdgeWebView\\Application\\154.0.4258.48\\msedgewebview2.exe\" --type=renderer --noerrdialogs --user-data-dir=\"C:\\Users\\nam.user\\AppData\\Local\\Packages\\Microsoft.MicrosoftOfficeHub_8wekyb3d8bbwe\\LocalState\\EBWebView\" --webview-exe-name=M365Copilot.exe --webview-exe-version=19.2609.52011.0 --embedded-browser-webview=1 --embedded-browser-webview-dpi-awareness=2 --disable-gpu-compositing --video-capture-use-gpu-memory-buffer --lang=en-US --js-flags --device-scale-factor=1 --num-raster-threads=1 --renderer-client-id=6 --ram-no-pressure-read-main-dll --launch-time-ticks=110518732 --metrics-shmem-handle=5024,i,3058392948538827719,4599505940066414928,1048576 --field-trial-handle=2024,i,17997923285045663805,6945669727337648643,262144 --enable-features=msSingleSignOnOSForPrimaryAccountIsShared --disable-features=msEnhancedTrackingPreventionEnabled --variations-seed-version --pseudonymization-salt-handle=2028,i,10363675654584423323,14711617210225985604,4 --trace-process-track-uuid=3190708991934122588 --mojo-platform-channel-handle=5136 /prefetch:1\r\nCurrentDirectory: C:\\Program Files (x86)\\Microsoft\\EdgeWebView\\Application\\154.0.4258.48\\\r\nUser: SOC-LAB\\nam.user\r\nLogonGuid: {e12a69d9-1fab-6abf-e90d-090000000000}\r\nLogonId: 0x90DE9\r\nTerminalSessionId: 1\r\nIntegrityLevel: Low\r\nHashes: MD5=6852459A3127B588B72BA0BA000F54E2,SHA256=8454A3B710D8A8A7002AF5F16349FE6214DF14CEC90A2008E4790BF5728C4A3B,IMPHASH=D38C0D5E659AA4EF1F1B1B3C4C20C711\r\nParentProcessGuid: {e12a69d9-1fda-6abf-e900-000000001700}\r\nParentProcessId: 2468\r\nParentImage: C:\\Program Files (x86)\\Microsoft\\EdgeWebView\\Application\\154.0.4258.48\\msedgewebview2.exe\r\nParentCommandLine: \"C:\\Program Files (x86)\\Microsoft\\EdgeWebView\\Application\\154.0.4258.48\\msedgewebview2.exe\" --embedded-browser-webview=1 --webview-exe-name=M365Copilot.exe --webview-exe-version=19.2609.52011.0 --user-data-dir=\"C:\\Users\\nam.user\\AppData\\Local\\Packages\\Microsoft.MicrosoftOfficeHub_8wekyb3d8bbwe\\LocalState\\EBWebView\" --noerrdialogs --embedded-browser-webview-dpi-awareness=2 --disable-features=msEnhancedTrackingPreventionEnabled --enable-features=msSingleSignOnOSForPrimaryAccountIsShared --mojo-named-platform-channel-pipe=4520.2356.14068602213966527686\r\nParentUser: SOC-LAB\\nam.user\""},"eventdata":{"utcTime":"2026-10-02 03:07:42.683","processGuid":"{e12a69d9-1ffe-6abf-f600-000000001700}","processId":"7776","image":"C:\\\\Program Files (x86)\\\\Microsoft\\\\EdgeWebView\\\\Application\\\\154.0.4258.48\\\\msedgewebview2.exe","fileVersion":"154.0.4258.48","description":"Microsoft Edge WebView2","product":"Microsoft Edge WebView2","company":"Microsoft Corporation","originalFileName":"msedgewebview2.exe","commandLine":"\\\"C:\\\\Program Files (x86)\\\\Microsoft\\\\EdgeWebView\\\\Application\\\\154.0.4258.48\\\\msedgewebview2.exe\\\" --type=renderer --noerrdialogs --user-data-dir=\\\"C:\\\\Users\\\\nam.user\\\\AppData\\\\Local\\\\Packages\\\\Microsoft.MicrosoftOfficeHub_8wekyb3d8bbwe\\\\LocalState\\\\EBWebView\\\" --webview-exe-name=M365Copilot.exe --webview-exe-version=19.2609.52011.0 --embedded-browser-webview=1 --embedded-browser-webview-dpi-awareness=2 --disable-gpu-compositing --video-capture-use-gpu-memory-buffer --lang=en-US --js-flags --device-scale-factor=1 --num-raster-threads=1 --renderer-client-id=6 --ram-no-pressure-read-main-dll --launch-time-ticks=110518732 --metrics-shmem-handle=5024,i,3058392948538827719,4599505940066414928,1048576 --field-trial-handle=2024,i,17997923285045663805,6945669727337648643,262144 --enable-features=msSingleSignOnOSForPrimaryAccountIsShared --disable-features=msEnhancedTrackingPreventionEnabled --variations-seed-version --pseudonymization-salt-handle=2028,i,10363675654584423323,14711617210225985604,4 --trace-process-track-uuid=3190708991934122588 --mojo-platform-channel-handle=5136 /prefetch:1","currentDirectory":"C:\\\\Program Files (x86)\\\\Microsoft\\\\EdgeWebView\\\\Application\\\\154.0.4258.48\\\\","user":"SOC-LAB\\\\nam.user","logonGuid":"{e12a69d9-1fab-6abf-e90d-090000000000}","logonId":"0x90de9","terminalSessionId":"1","integrityLevel":"Low","hashes":"MD5=6852459A3127B588B72BA0BA000F54E2,SHA256=8454A3B710D8A8A7002AF5F16349FE6214DF14CEC90A2008E4790BF5728C4A3B,IMPHASH=D38C0D5E659AA4EF1F1B1B3C4C20C711","parentProcessGuid":"{e12a69d9-1fda-6abf-e900-000000001700}","parentProcessId":"2468","parentImage":"C:\\\\Program Files (x86)\\\\Microsoft\\\\EdgeWebView\\\\Application\\\\154.0.4258.48\\\\msedgewebview2.exe","parentCommandLine":"\\\"C:\\\\Program Files (x86)\\\\Microsoft\\\\EdgeWebView\\\\Application\\\\154.0.4258.48\\\\msedgewebview2.exe\\\" --embedded-browser-webview=1 --webview-exe-name=M365Copilot.exe --webview-exe-version=19.2609.52011.0 --user-data-dir=\\\"C:\\\\Users\\\\nam.user\\\\AppData\\\\Local\\\\Packages\\\\Microsoft.MicrosoftOfficeHub_8wekyb3d8bbwe\\\\LocalState\\\\EBWebView\\\" --noerrdialogs --embedded-browser-webview-dpi-awareness=2 --disable-features=msEnhancedTrackingPreventionEnabled --enable-features=msSingleSignOnOSForPrimaryAccountIsShared --mojo-named-platform-channel-pipe=4520.2356.14068602213966527686","parentUser":"SOC-LAB\\\\nam.user"}}},"location":"EventChannel"}
{"timestamp":"2026-10-02T03:07:44.939+0000","agent":{"id":"001","name":"SOC-WIN10","ip":"192.168.50.20"},"manager":{"name":"soc-wazuh"},"id":"1790910464.334361","full_log":"{\"win\":{\"system\":{\"providerName\":\"Microsoft-Windows-DNS-Client\",\"providerGuid\":\"{1c95126e-7eea-49a9-a3fe-a378b03ddb4d}\",\"eventID\":\"8015\",\"version\":\"0\",\"level\":\"3\",\"task\":\"1028\",\"opcode\":\"0\",\"keywords\":\"0x4000000000000000\",\"systemTime\":\"2026-10-02T03:07:42.9176877Z\",\"eventRecordID\":\"2440\",\"processID\":\"1048\",\"threadID\":\"3356\",\"channel\":\"System\",\"computer\":\"WIN10-01.SOC-LAB.LOCAL\",\"severityValue\":\"WARNING\",\"message\":\"\\\"The system failed to register host (A or AAAA) resource records (RRs) for network adapter\\r\\nwith settings:\\r\\n\\r\\n           Adapter Name : {C116D25A-6F45-4B3A-A96E-9F2D4D28E510}\\r\\n           Host Name : WIN10-01\\r\\n           Primary Domain Suffix : SOC-LAB.LOCAL\\r\\n           DNS server list :\\r\\n             \\t192.168.50.10\\r\\n           Sent update to server : <?>\\r\\n           IP Address(es) :\\r\\n             192.168.50.20\\r\\n\\r\\nThe reason the system could not register these RRs was because the update request it sent to the DNS server timed out. The most likely cause of this is that the DNS server authoritative for the name it was attempting to register or update is not running at this time.\\r\\n\\r\\nYou can manually retry DNS registration of the network adapter and its settings by typing 'ipconfig /registerdns' at the command prompt. If problems still persist, contact your DNS server or network systems administrator.\\\"\"},\"eventdata\":{\"adapterName\":\"{C116D25A-6F45-4B3A-A96E-9F2D4D28E510}\",\"hostName\":\"WIN10-01\",\"adapterSuffixName\":\"SOC-LAB.LOCAL\",\"dnsServerList\":\"\\\\t192.168.50.10\",\"sent UpdateServer\":\"&lt;?&gt;\",\"ipaddress\":\"192.168.50.20\",\"errorCode\":\"1460\"}}}","decoder":{"name":"windows_eventchannel"},"data":{"win":{"system":{"providerName":"Microsoft-Windows-DNS-Client","providerGuid":"{1c95126e-7eea-49a9-a3fe-a378b03ddb4d}","eventID":"8015","version":"0","level":"3","task":"1028","opcode":"0","keywords":"0x4000000000000000","systemTime":"2026-10-02T03:07:42.9176877Z","eventRecordID":"2440","processID":"1048","threadID":"3356","channel":"System","computer":"WIN10-01.SOC-LAB.LOCAL","severityValue":"WARNING","message":"\"The system failed to register host (A or AAAA) resource records (RRs) for network adapter\r\nwith settings:\r\n\r\n           Adapter Name : {C116D25A-6F45-4B3A-A96E-9F2D4D28E510}\r\n           Host Name : WIN10-01\r\n           Primary Domain Suffix : SOC-LAB.LOCAL\r\n           DNS server list :\r\n             \t192.168.50.10\r\n           Sent update to server : <?>\r\n           IP Address(es) :\r\n             192.168.50.20\r\n\r\nThe reason the system could not register these RRs was because the update request it sent to the DNS server timed out. The most likely cause of this is that the DNS server authoritative for the name it was attempting to register or update is not running at this time.\r\n\r\nYou can manually retry DNS registration of the network adapter and its settings by typing 'ipconfig /registerdns' at the command prompt. If problems still persist, contact your DNS server or network systems administrator.\""},"eventdata":{"adapterName":"{C116D25A-6F45-4B3A-A96E-9F2D4D28E510}","hostName":"WIN10-01","adapterSuffixName":"SOC-LAB.LOCAL","dnsServerList":"\\t192.168.50.10","sent UpdateServer":"&lt;?&gt;","ipaddress":"192.168.50.20","errorCode":"1460"}}},"location":"EventChannel"}
