{"timestamp":"2026-10-02T03:06:36.351+0000","rule":{"level":3,"description":"Evidence of new service creation found in registry under HKLM\\\\System\\\\CurrentControlSet\\\\Services\\\\CDPUserSvc_9580f\\\\ImagePath binary is: C:\\\\Windows\\\\system32\\\\svchost.exe -k UnistackSvcGroup","id":"92307","mitre":{"id":["T1543.003"],"tactic":["Persistence","Privilege Escalation"],"technique":["Windows Service"]},"firedtimes":6,"mail":false,"groups":["sysmon","sysmon_eid13_detections","windows"]},"agent":{"id":"001","name":"SOC-WIN10","ip":"192.168.50.20"},"manager":{"name":"soc-wazuh"},"id":"1790910396.205835","full_log":"{\"win\":{\"system\":{\"providerName\":\"Microsoft-Windows-Sysmon\",\"providerGuid\":\"{5770385f-c22a-43e0-bf4c-06f5698ffbd9}\",\"eventID\":\"13\",\"version\":\"2\",\"level\":\"4\",\"task\":\"13\",\"opcode\":\"0\",\"keywords\":\"0x8000000000000000\",\"systemTime\":\"2026-10-02T03:06:24.0880400Z\",\"eventRecordID\":\"11361\",\"processID\":\"2140\",\"threadID\":\"4056\",\"channel\":\"Microsoft-Windows-Sysmon/Operational\",\"computer\":\"WIN10-01.SOC-LAB.LOCAL\",\"severityValue\":\"INFORMATION\",\"message\":\"\\\"Registry value set:\\r\\nRuleName: T1031,T1050\\r\\nEventType: SetValue\\r\\nUtcTime: 2026-10-02 03:06:24.082\\r\\nProcessGuid: {e12a69d9-1f98-6abf-0b00-000000001700}\\r\\nProcessId: 684\\r\\nImage: C:\\\\Windows\\\\system32\\\\services.exe\\r\\nTargetObject: HKLM\\\\System\\\\CurrentControlSet\\\\Services\\\\CDPUserSvc_9580f\\\\ImagePath\\r\\nDetails: C:\\\\Windows\\\\system32\\\\svchost.exe -k UnistackSvcGroup\\r\\nUser: NT AUTHORITY\\\\SYSTEM\\\"\"},\"eventdata\":{\"ruleName\":\"T1031,T1050\",\"eventType\":\"SetValue\",\"utcTime\":\"2026-10-02 03:06:24.082\",\"processGuid\":\"{e12a69d9-1f98-6abf-0b00-000000001700}\",\"processId\":\"684\",\"image\":\"C:\\\\\\\\Windows\\\\\\\\system32\\\\\\\\services.exe\",\"targetObject\":\"HKLM\\\\\\\\System\\\\\\\\CurrentControlSet\\\\\\\\Services\\\\\\\\CDPUserSvc_9580f\\\\\\\\ImagePath\",\"details\":\"C:\\\\\\\\Windows\\\\\\\\system32\\\\\\\\svchost.exe -k UnistackSvcGroup\",\"user\":\"NT AUTHORITY\\\\\\\\SYSTEM\"}}}","decoder":{"name":"windows_eventchannel"},"data":{"win":{"system":{"providerName":"Microsoft-Windows-Sysmon","providerGuid":"{5770385f-c22a-43e0-bf4c-06f5698ffbd9}","eventID":"13","version":"2","level":"4","task":"13","opcode":"0","keywords":"0x8000000000000000","systemTime":"2026-10-02T03:06:24.0880400Z","eventRecordID":"11361","processID":"2140","threadID":"4056","channel":"Microsoft-Windows-Sysmon/Operational","computer":"WIN10-01.SOC-LAB.LOCAL","severityValue":"INFORMATION","message":"\"Registry value set:\r\nRuleName: T1031,T1050\r\nEventType: SetValue\r\nUtcTime: 2026-10-02 03:06:24.082\r\nProcessGuid: {e12a69d9-1f98-6abf-0b00-000000001700}\r\nProcessId: 684\r\nImage: C:\\Windows\\system32\\services.exe\r\nTargetObject: HKLM\\System\\CurrentControlSet\\Services\\CDPUserSvc_9580f\\ImagePath\r\nDetails: C:\\Windows\\system32\\svchost.exe -k UnistackSvcGroup\r\nUser: NT AUTHORITY\\SYSTEM\""},"eventdata":{"ruleName":"T1031,T1050","eventType":"SetValue","utcTime":"2026-10-02 03:06:24.082","processGuid":"{e12a69d9-1f98-6abf-0b00-000000001700}","processId":"684","image":"C:\\\\Windows\\\\system32\\\\services.exe","targetObject":"HKLM\\\\System\\\\CurrentControlSet\\\\Services\\\\CDPUserSvc_9580f\\\\ImagePath","details":"C:\\\\Windows\\\\system32\\\\svchost.exe -k UnistackSvcGroup","user":"NT AUTHORITY\\\\SYSTEM"}}},"location":"EventChannel"}
{"timestamp":"2026-10-02T03:06:36.365+0000","agent":{"id":"001","name":"SOC-WIN10","ip":"192.168.50.20"},"manager":{"name":"soc-wazuh"},"id":"1790910396.205835","full_log":"{\"win\":{\"system\":{\"providerName\":\"Microsoft-Windows-Sysmon\",\"providerGuid\":\"{5770385f-c22a-43e0-bf4c-06f5698ffbd9}\",\"eventID\":\"13\",\"version\":\"2\",\"level\":\"4\",\"task\":\"13\",\"opcode\":\"0\",\"keywords\":\"0x8000000000000000\",\"systemTime\":\"2026-10-02T03:06:24.0883436Z\",\"eventRecordID\":\"11362\",\"processID\":\"2140\",\"threadID\":\"4056\",\"channel\":\"Microsoft-Windows-Sysmon/Operational\",\"computer\":\"WIN10-01.SOC-LAB.LOCAL\",\"severityValue\":\"INFORMATION\",\"message\":\"\\\"Registry value set:\\r\\nRuleName: T1031,T1050\\r\\nEventType: SetValue\\r\\nUtcTime: 2026-10-02 03:06:24.082\\r\\nProcessGuid: {e12a69d9-1f98-6abf-0b00-000000001700}\\r\\nProcessId: 684\\r\\nImage: C:\\\\Windows\\\\system32\\\\services.exe\\r\\nTargetObject: HKLM\\\\System\\\\CurrentControlSet\\\\Services\\\\ConsentUxUserSvc_9580f\\\\Start\\r\\nDetails: DWORD (0x00000003)\\r\\nUser: NT AUTHORITY\\\\SYSTEM\\\"\"},\"eventdata\":{\"ruleName\":\"T1031,T1050\",\"eventType\":\"SetValue\",\"utcTime\":\"2026-10-02 03:06:24.082\",\"processGuid\":\"{e12a69d9-1f98-6abf-0b00-000000001700}\",\"processId\":\"684\",\"image\":\"C:\\\\\\\\Windows\\\\\\\\system32\\\\\\\\services.exe\",\"targetObject\":\"HKLM\\\\\\\\System\\\\\\\\CurrentControlSet\\\\\\\\Services\\\\\\\\ConsentUxUserSvc_9580f\\\\\\\\Start\",\"details\":\"DWORD (0x00000003)\",\"user\":\"NT AUTHORITY\\\\\\\\SYSTEM\"}}}","decoder":{"name":"windows_eventchannel"},"data":{"win":{"system":{"providerName":"Microsoft-Windows-Sysmon","providerGuid":"{5770385f-c22a-43e0-bf4c-06f5698ffbd9}","eventID":"13","version":"2","level":"4","task":"13","opcode":"0","keywords":"0x8000000000000000","systemTime":"2026-10-02T03:06:24.0883436Z","eventRecordID":"11362","processID":"2140","threadID":"4056","channel":"Microsoft-Windows-Sysmon/Operational","computer":"WIN10-01.SOC-LAB.LOCAL","severityValue":"INFORMATION","message":"\"Registry value set:\r\nRuleName: T1031,T1050\r\nEventType: SetValue\r\nUtcTime: 2026-10-02 03:06:24.082\r\nProcessGuid: {e12a69d9-1f98-6abf-0b00-000000001700}\r\nProcessId: 684\r\nImage: C:\\Windows\\system32\\services.exe\r\nTargetObject: HKLM\\System\\CurrentControlSet\\Services\\ConsentUxUserSvc_9580f\\Start\r\nDetails: DWORD (0x00000003)\r\nUser: NT AUTHORITY\\SYSTEM\""},"eventdata":{"ruleName":"T1031,T1050","eventType":"SetValue","utcTime":"2026-10-02 03:06:24.082","processGuid":"{e12a69d9-1f98-6abf-0b00-000000001700}","processId":"684","image":"C:\\\\Windows\\\\system32\\\\services.exe","targetObject":"HKLM\\\\System\\\\CurrentControlSet\\\\Services\\\\ConsentUxUserSvc_9580f\\\\Start","details":"DWORD (0x00000003)","user":"NT AUTHORITY\\\\SYSTEM"}}},"location":"EventChannel"}
{"timestamp":"2026-10-02T03:06:36.381+0000","rule":{"level":3,"description":"Evidence of new service creation found in registry under HKLM\\\\System\\\\CurrentControlSet\\\\Services\\\\ConsentUxUserSvc_9580f\\\\ImagePath binary is: C:\\\\Windows\\\\system32\\\\svchost.exe -k DevicesFlow","id":"92307","mitre":{"id":["T1543.003"],"tactic":["Persistence","Privilege Escalation"],"technique":["Windows Service"]},"firedtimes":7,"mail":false,"groups":["sysmon","sysmon_eid13_detections","windows"]},"agent":{"id":"001","name":"SOC-WIN10","ip":"192.168.50.20"},"manager":{"name":"soc-wazuh"},"id":"1790910396.208888","full_log":"{\"win\":{\"system\":{\"providerName\":\"Microsoft-Windows-Sysmon\",\"providerGuid\":\"{5770385f-c22a-43e0-bf4c-06f5698ffbd9}\",\"eventID\":\"13\",\"version\":\"2\",\"level\":\"4\",\"task\":\"13\",\"opcode\":\"0\",\"keywords\":\"0x8000000000000000\",\"systemTime\":\"2026-10-02T03:06:24.0901959Z\",\"eventRecordID\":\"11363\",\"processID\":\"2140\",\"threadID\":\"4056\",\"channel\":\"Microsoft-Windows-Sysmon/Operational\",\"computer\":\"WIN10-01.SOC-LAB.LOCAL\",\"severityValue\":\"INFORMATION\",\"message\":\"\\\"Registry value set:\\r\\nRuleName: T1031,T1050\\r\\nEventType: SetValue\\r\\nUtcTime: 2026-10-02 03:06:24.082\\r\\nProcessGuid: {e12a69d9-1f98-6abf-0b00-000000001700}\\r\\nProcessId: 684\\r\\nImage: C:\\\\Windows\\\\system32\\\\services.exe\\r\\nTargetObject: HKLM\\\\System\\\\CurrentControlSet\\\\Services\\\\ConsentUxUserSvc_9580f\\\\ImagePath\\r\\nDetails: C:\\\\Windows\\\\system32\\\\svchost.exe -k DevicesFlow\\r\\nUser: NT AUTHORITY\\\\SYSTEM\\\"\"},\"eventdata\":{\"ruleName\":\"T1031,T1050\",\"eventType\":\"SetValue\",\"utcTime\":\"2026-10-02 03:06:24.082\",\"processGuid\":\"{e12a69d9-1f98-6abf-0b00-000000001700}\",\"processId\":\"684\",\"image\":\"C:\\\\\\\\Windows\\\\\\\\system32\\\\\\\\services.exe\",\"targetObject\":\"HKLM\\\\\\\\System\\\\\\\\CurrentControlSet\\\\\\\\Services\\\\\\\\ConsentUxUserSvc_9580f\\\\\\\\ImagePath\",\"details\":\"C:\\\\\\\\Windows\\\\\\\\system32\\\\\\\\svchost.exe -k DevicesFlow\",\"user\":\"NT AUTHORITY\\\\\\\\SYSTEM\"}}}","decoder":{"name":"windows_eventchannel"},"data":{"win":{"system":{"providerName":"Microsoft-Windows-Sysmon","providerGuid":"{5770385f-c22a-43e0-bf4c-06f5698ffbd9}","eventID":"13","version":"2","level":"4","task":"13","opcode":"0","keywords":"0x8000000000000000","systemTime":"2026-10-02T03:06:24.0901959Z","eventRecordID":"11363","processID":"2140","threadID":"4056","channel":"Microsoft-Windows-Sysmon/Operational","computer":"WIN10-01.SOC-LAB.LOCAL","severityValue":"INFORMATION","message":"\"Registry value set:\r\nRuleName: T1031,T1050\r\nEventType: SetValue\r\nUtcTime: 2026-10-02 03:06:24.082\r\nProcessGuid: {e12a69d9-1f98-6abf-0b00-000000001700}\r\nProcessId: 684\r\nImage: C:\\Windows\\system32\\services.exe\r\nTargetObject: HKLM\\System\\CurrentControlSet\\Services\\ConsentUxUserSvc_9580f\\ImagePath\r\nDetails: C:\\Windows\\system32\\svchost.exe -k DevicesFlow\r\nUser: NT AUTHORITY\\SYSTEM\""},"eventdata":{"ruleName":"T1031,T1050","eventType":"SetValue","utcTime":"2026-10-02 03:06:24.082","processGuid":"{e12a69d9-1f98-6abf-0b00-000000001700}","processId":"684","image":"C:\\\\Windows\\\\system32\\\\services.exe","targetObject":"HKLM\\\\System\\\\CurrentControlSet\\\\Services\\\\ConsentUxUserSvc_9580f\\\\ImagePath","details":"C:\\\\Windows\\\\system32\\\\svchost.exe -k DevicesFlow","user":"NT AUTHORITY\\\\SYSTEM"}}},"location":"EventChannel"}
{"timestamp":"2026-10-02T03:06:36.391+0000","agent":{"id":"001","name":"SOC-WIN10","ip":"192.168.50.20"},"manager":{"name":"soc-wazuh"},"id":"1790910396.208888","full_log":"{\"win\":{\"system\":{\"providerName\":\"Microsoft-Windows-Sysmon\",\"providerGuid\":\"{5770385f-c22a-43e0-bf4c-06f5698ffbd9}\",\"eventID\":\"13\",\"version\":\"2\",\"level\":\"4\",\"task\":\"13\",\"opcode\":\"0\",\"keywords\":\"0x8000000000000000\",\"systemTime\":\"2026-10-02T03:06:24.0905417Z\",\"eventRecordID\":\"11364\",\"processID\":\"2140\",\"threadID\":\"4056\",\"channel\":\"Microsoft-Windows-Sysmon/Operational\",\"computer\":\"WIN10-01.SOC-LAB.LOCAL\",\"severityValue\":\"INFORMATION\",\"message\":\"\\\"Registry value set:\\r\\nRuleName: T1031,T1050\\r\\nEventType: SetValue\\r\\nUtcTime: 2026-10-02 03:06:24.082\\r\\nProcessGuid: {e12a69d9-1f98-6abf-0b00-000000001700}\\r\\nProcessId: 684\\r\\nImage: C:\\\\Windows\\\\system32\\\\services.exe\\r\\nTargetObject: HKLM\\\\System\\\\CurrentControlSet\\\\Services\\\\CredentialEnrollmentManagerUserSvc_9580f\\\\Start\\r\\nDetails: DWORD (0x00000003)\\r\\nUser: NT AUTHORITY\\\\SYSTEM\\\"\"},\"eventdata\":{\"ruleName\":\"T1031,T1050\",\"eventType\":\"SetValue\",\"utcTime\":\"2026-10-02 03:06:24.082\",\"processGuid\":\"{e12a69d9-1f98-6abf-0b00-000000001700}\",\"processId\":\"684\",\"image\":\"C:\\\\\\\\Windows\\\\\\\\system32\\\\\\\\services.exe\",\"targetObject\":\"HKLM\\\\\\\\System\\\\\\\\CurrentControlSet\\\\\\\\Services\\\\\\\\CredentialEnrollmentManagerUserSvc_9580f\\\\\\\\Start\",\"details\":\"DWORD (0x00000003)\",\"user\":\"NT AUTHORITY\\\\\\\\SYSTEM\"}}}","decoder":{"name":"windows_eventchannel"},"data":{"win":{"system":{"providerName":"Microsoft-Windows-Sysmon","providerGuid":"{5770385f-c22a-43e0-bf4c-06f5698ffbd9}","eventID":"13","version":"2","level":"4","task":"13","opcode":"0","keywords":"0x8000000000000000","systemTime":"2026-10-02T03:06:24.0905417Z","eventRecordID":"11364","processID":"2140","threadID":"4056","channel":"Microsoft-Windows-Sysmon/Operational","computer":"WIN10-01.SOC-LAB.LOCAL","severityValue":"INFORMATION","message":"\"Registry value set:\r\nRuleName: T1031,T1050\r\nEventType: SetValue\r\nUtcTime: 2026-10-02 03:06:24.082\r\nProcessGuid: {e12a69d9-1f98-6abf-0b00-000000001700}\r\nProcessId: 684\r\nImage: C:\\Windows\\system32\\services.exe\r\nTargetObject: HKLM\\System\\CurrentControlSet\\Services\\CredentialEnrollmentManagerUserSvc_9580f\\Start\r\nDetails: DWORD (0x00000003)\r\nUser: NT AUTHORITY\\SYSTEM\""},"eventdata":{"ruleName":"T1031,T1050","eventType":"SetValue","utcTime":"2026-10-02 03:06:24.082","processGuid":"{e12a69d9-1f98-6abf-0b00-000000001700}","processId":"684","image":"C:\\\\Windows\\\\system32\\\\services.exe","targetObject":"HKLM\\\\System\\\\CurrentControlSet\\\\Services\\\\CredentialEnrollmentManagerUserSvc_9580f\\\\Start","details":"DWORD (0x00000003)","user":"NT AUTHORITY\\\\SYSTEM"}}},"location":"EventChannel"}
{"timestamp":"2026-10-02T03:06:36.406+0000","rule":{"level":3,"description":"Evidence of new service creation found in registry under HKLM\\\\System\\\\CurrentControlSet\\\\Services\\\\CredentialEnrollmentManagerUserSvc_9580f\\\\ImagePath binary is: C:\\\\Windows\\\\system32\\\\CredentialEnrollmentManager.exe","id":"92307","mitre":{"id":["T1543.003"],"tactic":["Persistence","Privilege Escalation"],"technique":["Windows Service"]},"firedtimes":8,"mail":false,"groups":["sysmon","sysmon_eid13_detections","windows"]},"agent":{"id":"001","name":"SOC-WIN10","ip":"192.168.50.20"},"manager":{"name":"soc-wazuh"},"id":"1790910396.211946","full_log":"{\"win\":{\"system\":{\"providerName\":\"Microsoft-Windows-Sysmon\",\"providerGuid\":\"{5770385f-c22a-43e0-bf4c-06f5698ffbd9}\",\"eventID\":\"13\",\"version\":\"2\",\"level\":\"4\",\"task\":\"13\",\"opcode\":\"0\",\"keywords\":\"0x8000000000000000\",\"systemTime\":\"2026-10-02T03:06:24.0906124Z\",\"eventRecordID\":\"11365\",\"processID\":\"2140\",\"threadID\":\"4056\",\"channel\":\"Microsoft-Windows-Sysmon/Operational\",\"computer\":\"WIN10-01.SOC-LAB.LOCAL\",\"severityValue\":\"INFORMATION\",\"message\":\"\\\"Registry value set:\\r\\nRuleName: T1031,T1050\\r\\nEventType: SetValue\\r\\nUtcTime: 2026-10-02 03:06:24.082\\r\\nProcessGuid: {e12a69d9-1f98-6abf-0b00-000000001700}\\r\\nProcessId: 684\\r\\nImage: C:\\\\Windows\\\\system32\\\\services.exe\\r\\nTargetObject: HKLM\\\\System\\\\CurrentControlSet\\\\Services\\\\CredentialEnrollmentManagerUserSvc_9580f\\\\ImagePath\\r\\nDetails: C:\\\\Windows\\\\system32\\\\CredentialEnrollmentManager.exe\\r\\nUser: NT AUTHORITY\\\\SYSTEM\\\"\"},\"eventdata\":{\"ruleName\":\"T1031,T1050\",\"eventType\":\"SetValue\",\"utcTime\":\"2026-10-02 03:06:24.082\",\"processGuid\":\"{e12a69d9-1f98-6abf-0b00-000000001700}\",\"processId\":\"684\",\"image\":\"C:\\\\\\\\Windows\\\\\\\\system32\\\\\\\\services.exe\",\"targetObject\":\"HKLM\\\\\\\\System\\\\\\\\CurrentControlSet\\\\\\\\Services\\\\\\\\CredentialEnrollmentManagerUserSvc_9580f\\\\\\\\ImagePath\",\"details\":\"C:\\\\\\\\Windows\\\\\\\\system32\\\\\\\\CredentialEnrollmentManager.exe\",\"user\":\"NT AUTHORITY\\\\\\\\SYSTEM\"}}}","decoder":{"name":"windows_eventchannel"},"data":{"win":{"system":{"providerName":"Microsoft-Windows-Sysmon","providerGuid":"{5770385f-c22a-43e0-bf4c-06f5698ffbd9}","eventID":"13","version":"2","level":"4","task":"13","opcode":"0","keywords":"0x8000000000000000","systemTime":"2026-10-02T03:06:24.0906124Z","eventRecordID":"11365","processID":"2140","threadID":"4056","channel":"Microsoft-Windows-Sysmon/Operational","computer":"WIN10-01.SOC-LAB.LOCAL","severityValue":"INFORMATION","message":"\"Registry value set:\r\nRuleName: T1031,T1050\r\nEventType: SetValue\r\nUtcTime: 2026-10-02 03:06:24.082\r\nProcessGuid: {e12a69d9-1f98-6abf-0b00-000000001700}\r\nProcessId: 684\r\nImage: C:\\Windows\\system32\\services.exe\r\nTargetObject: HKLM\\System\\CurrentControlSet\\Services\\CredentialEnrollmentManagerUserSvc_9580f\\ImagePath\r\nDetails: C:\\Windows\\system32\\CredentialEnrollmentManager.exe\r\nUser: NT AUTHORITY\\SYSTEM\""},"eventdata":{"ruleName":"T1031,T1050","eventType":"SetValue","utcTime":"2026-10-02 03:06:24.082","processGuid":"{e12a69d9-1f98-6abf-0b00-000000001700}","processId":"684","image":"C:\\\\Windows\\\\system32\\\\services.exe","targetObject":"HKLM\\\\System\\\\CurrentControlSet\\\\Services\\\\CredentialEnrollmentManagerUserSvc_9580f\\\\ImagePath","details":"C:\\\\Windows\\\\system32\\\\CredentialEnrollmentManager.exe","user":"NT AUTHORITY\\\\SYSTEM"}}},"location":"EventChannel"}
{"timestamp":"2026-10-02T03:06:36.433+0000","agent":{"id":"001","name":"SOC-WIN10","ip":"192.168.50.20"},"manager":{"name":"soc-wazuh"},"id":"1790910396.211946","full_log":"{\"win\":{\"system\":{\"providerName\":\"Microsoft-Windows-Sysmon\",\"providerGuid\":\"{5770385f-c22a-43e0-bf4c-06f5698ffbd9}\",\"eventID\":\"13\",\"version\":\"2\",\"level\":\"4\",\"task\":\"13\",\"opcode\":\"0\",\"keywords\":\"0x8000000000000000\",\"systemTime\":\"2026-10-02T03:06:24.0908784Z\",\"eventRecordID\":\"11366\",\"processID\":\"2140\",\"threadID\":\"4056\",\"channel\":\"Microsoft-Windows-Sysmon/Operational\",\"computer\":\"WIN10-01.SOC-LAB.LOCAL\",\"severityValue\":\"INFORMATION\",\"message\":\"\\\"Registry value set:\\r\\nRuleName: T1031,T1050\\r\\nEventType: SetValue\\r\\nUtcTime: 2026-10-02 03:06:24.082\\r\\nProcessGuid: {e12a69d9-1f98-6abf-0b00-000000001700}\\r\\nProcessId: 684\\r\\nImage: C:\\\\Windows\\\\system32\\\\services.exe\\r\\nTargetObject: HKLM\\\\System\\\\CurrentControlSet\\\\Services\\\\DeviceAssociationBrokerSvc_9580f\\\\Start\\r\\nDetails: DWORD (0x00000003)\\r\\nUser: NT AUTHORITY\\\\SYSTEM\\\"\"},\"eventdata\":{\"ruleName\":\"T1031,T1050\",\"eventType\":\"SetValue\",\"utcTime\":\"2026-10-02 03:06:24.082\",\"processGuid\":\"{e12a69d9-1f98-6abf-0b00-000000001700}\",\"processId\":\"684\",\"image\":\"C:\\\\\\\\Windows\\\\\\\\system32\\\\\\\\services.exe\",\"targetObject\":\"HKLM\\\\\\\\System\\\\\\\\CurrentControlSet\\\\\\\\Services\\\\\\\\DeviceAssociationBrokerSvc_9580f\\\\\\\\Start\",\"details\":\"DWORD (0x00000003)\",\"user\":\"NT AUTHORITY\\\\\\\\SYSTEM\"}}}","decoder":{"name":"windows_eventchannel"},"data":{"win":{"system":{"providerName":"Microsoft-Windows-Sysmon","providerGuid":"{5770385f-c22a-43e0-bf4c-06f5698ffbd9}","eventID":"13","version":"2","level":"4","task":"13","opcode":"0","keywords":"0x8000000000000000","systemTime":"2026-10-02T03:06:24.0908784Z","eventRecordID":"11366","processID":"2140","threadID":"4056","channel":"Microsoft-Windows-Sysmon/Operational","computer":"WIN10-01.SOC-LAB.LOCAL","severityValue":"INFORMATION","message":"\"Registry value set:\r\nRuleName: T1031,T1050\r\nEventType: SetValue\r\nUtcTime: 2026-10-02 03:06:24.082\r\nProcessGuid: {e12a69d9-1f98-6abf-0b00-000000001700}\r\nProcessId: 684\r\nImage: C:\\Windows\\system32\\services.exe\r\nTargetObject: HKLM\\System\\CurrentControlSet\\Services\\DeviceAssociationBrokerSvc_9580f\\Start\r\nDetails: DWORD (0x00000003)\r\nUser: NT AUTHORITY\\SYSTEM\""},"eventdata":{"ruleName":"T1031,T1050","eventType":"SetValue","utcTime":"2026-10-02 03:06:24.082","processGuid":"{e12a69d9-1f98-6abf-0b00-000000001700}","processId":"684","image":"C:\\\\Windows\\\\system32\\\\services.exe","targetObject":"HKLM\\\\System\\\\CurrentControlSet\\\\Services\\\\DeviceAssociationBrokerSvc_9580f\\\\Start","details":"DWORD (0x00000003)","user":"NT AUTHORITY\\\\SYSTEM"}}},"location":"EventChannel"}
{"timestamp":"2026-10-02T03:06:36.439+0000","rule":{"level":3,"description":"Evidence of new service creation found in registry under HKLM\\\\System\\\\CurrentControlSet\\\\Services\\\\DeviceAssociationBrokerSvc_9580f\\\\ImagePath binary is: C:\\\\Windows\\\\system32\\\\svchost.exe -k DevicesFlow -p","id":"92307","mitre":{"id":["T1543.003"],"tactic":["Persistence","Privilege Escalation"],"technique":["Windows Service"]},"firedtimes":9,"mail":false,"groups":["sysmon","sysmon_eid13_detections","windows"]},"agent":{"id":"001","name":"SOC-WIN10","ip":"192.168.50.20"},"manager":{"name":"soc-wazuh"},"id":"1790910396.215119","full_log":"{\"win\":{\"system\":{\"providerName\":\"Microsoft-Windows-Sysmon\",\"providerGuid\":\"{5770385f-c22a-43e0-bf4c-06f5698ffbd9}\",\"eventID\":\"13\",\"version\":\"2\",\"level\":\"4\",\"task\":\"13\",\"opcode\":\"0\",\"keywords\":\"0x8000000000000000\",\"systemTime\":\"2026-10-02T03:06:24.0909479Z\",\"eventRecordID\":\"11367\",\"processID\":\"2140\",\"threadID\":\"4056\",\"channel\":\"Microsoft-Windows-Sysmon/Operational\",\"computer\":\"WIN10-01.SOC-LAB.LOCAL\",\"severityValue\":\"INFORMATION\",\"message\":\"\\\"Registry value set:\\r\\nRuleName: T1031,T1050\\r\\nEventType: SetValue\\r\\nUtcTime: 2026-10-02 03:06:24.082\\r\\nProcessGuid: {e12a69d9-1f98-6abf-0b00-000000001700}\\r\\nProcessId: 684\\r\\nImage: C:\\\\Windows\\\\system32\\\\services.exe\\r\\nTargetObject: HKLM\\\\System\\\\CurrentControlSet\\\\Services\\\\DeviceAssociationBrokerSvc_9580f\\\\ImagePath\\r\\nDetails: C:\\\\Windows\\\\system32\\\\svchost.exe -k DevicesFlow -p\\r\\nUser: NT AUTHORITY\\\\SYSTEM\\\"\"},\"eventdata\":{\"ruleName\":\"T1031,T1050\",\"eventType\":\"SetValue\",\"utcTime\":\"2026-10-02 03:06:24.082\",\"processGuid\":\"{e12a69d9-1f98-6abf-0b00-000000001700}\",\"processId\":\"684\",\"image\":\"C:\\\\\\\\Windows\\\\\\\\system32\\\\\\\\services.exe\",\"targetObject\":\"HKLM\\\\\\\\System\\\\\\\\CurrentControlSet\\\\\\\\Services\\\\\\\\DeviceAssociationBrokerSvc_9580f\\\\\\\\ImagePath\",\"details\":\"C:\\\\\\\\Windows\\\\\\\\system32\\\\\\\\svchost.exe -k DevicesFlow -p\",\"user\":\"NT AUTHORITY\\\\\\\\SYSTEM\"}}}","decoder":{"name":"windows_eventchannel"},"data":{"win":{"system":{"providerName":"Microsoft-Windows-Sysmon","providerGuid":"{5770385f-c22a-43e0-bf4c-06f5698ffbd9}","eventID":"13","version":"2","level":"4","task":"13","opcode":"0","keywords":"0x8000000000000000","systemTime":"2026-10-02T03:06:24.0909479Z","eventRecordID":"11367","processID":"2140","threadID":"4056","channel":"Microsoft-Windows-Sysmon/Operational","computer":"WIN10-01.SOC-LAB.LOCAL","severityValue":"INFORMATION","message":"\"Registry value set:\r\nRuleName: T1031,T1050\r\nEventType: SetValue\r\nUtcTime: 2026-10-02 03:06:24.082\r\nProcessGuid: {e12a69d9-1f98-6abf-0b00-000000001700}\r\nProcessId: 684\r\nImage: C:\\Windows\\system32\\services.exe\r\nTargetObject: HKLM\\System\\CurrentControlSet\\Services\\DeviceAssociationBrokerSvc_9580f\\ImagePath\r\nDetails: C:\\Windows\\system32\\svchost.exe -k DevicesFlow -p\r\nUser: NT AUTHORITY\\SYSTEM\""},"eventdata":{"ruleName":"T1031,T1050","eventType":"SetValue","utcTime":"2026-10-02 03:06:24.082","processGuid":"{e12a69d9-1f98-6abf-0b00-000000001700}","processId":"684","image":"C:\\\\Windows\\\\system32\\\\services.exe","targetObject":"HKLM\\\\System\\\\CurrentControlSet\\\\Services\\\\DeviceAssociationBrokerSvc_9580f\\\\ImagePath","details":"C:\\\\Windows\\\\system32\\\\svchost.exe -k DevicesFlow -p","user":"NT AUTHORITY\\\\SYSTEM"}}},"location":"EventChannel"}
{"timestamp":"2026-10-02T03:06:36.453+0000","agent":{"id":"001","name":"SOC-WIN10","ip":"192.168.50.20"},"manager":{"name":"soc-wazuh"},"id":"1790910396.215119","full_log":"{\"win\":{\"system\":{\"providerName\":\"Microsoft-Windows-Sysmon\",\"providerGuid\":\"{5770385f-c22a-43e0-bf4c-06f5698ffbd9}\",\"eventID\":\"13\",\"version\":\"2\",\"level\":\"4\",\"task\":\"13\",\"opcode\":\"0\",\"keywords\":\"0x8000000000000000\",\"systemTime\":\"2026-10-02T03:06:24.0911952Z\",\"eventRecordID\":\"11368\",\"processID\":\"2140\",\"threadID\":\"4056\",\"channel\":\"Microsoft-Windows-Sysmon/Operational\",\"computer\":\"WIN10-01.SOC-LAB.LOCAL\",\"severityValue\":\"INFORMATION\",\"message\":\"\\\"Registry value set:\\r\\nRuleName: T1031,T1050\\r\\nEventType: SetValue\\r\\nUtcTime: 2026-10-02 03:06:24.082\\r\\nProcessGuid: {e12a69d9-1f98-6abf-0b00-000000001700}\\r\\nProcessId: 684\\r\\nImage: C:\\\\Windows\\\\system32\\\\services.exe\\r\\nTargetObject: HKLM\\\\System\\\\CurrentControlSet\\\\Services\\\\DevicePickerUserSvc_9580f\\\\Start\\r\\nDetails: DWORD (0x00000003)\\r\\nUser: NT AUTHORITY\\\\SYSTEM\\\"\"},\"eventdata\":{\"ruleName\":\"T1031,T1050\",\"eventType\":\"SetValue\",\"utcTime\":\"2026-10-02 03:06:24.082\",\"processGuid\":\"{e12a69d9-1f98-6abf-0b00-000000001700}\",\"processId\":\"684\",\"image\":\"C:\\\\\\\\Windows\\\\\\\\system32\\\\\\\\services.exe\",\"targetObject\":\"HKLM\\\\\\\\System\\\\\\\\CurrentControlSet\\\\\\\\Services\\\\\\\\DevicePickerUserSvc_9580f\\\\\\\\Start\",\"details\":\"DWORD (0x00000003)\",\"user\":\"NT AUTHORITY\\\\\\\\SYSTEM\"}}}","decoder":{"name":"windows_eventchannel"},"data":{"win":{"system":{"providerName":"Microsoft-Windows-Sysmon","providerGuid":"{5770385f-c22a-43e0-bf4c-06f5698ffbd9}","eventID":"13","version":"2","level":"4","task":"13","opcode":"0","keywords":"0x8000000000000000","systemTime":"2026-10-02T03:06:24.0911952Z","eventRecordID":"11368","processID":"2140","threadID":"4056","channel":"Microsoft-Windows-Sysmon/Operational","computer":"WIN10-01.SOC-LAB.LOCAL","severityValue":"INFORMATION","message":"\"Registry value set:\r\nRuleName: T1031,T1050\r\nEventType: SetValue\r\nUtcTime: 2026-10-02 03:06:24.082\r\nProcessGuid: {e12a69d9-1f98-6abf-0b00-000000001700}\r\nProcessId: 684\r\nImage: C:\\Windows\\system32\\services.exe\r\nTargetObject: HKLM\\System\\CurrentControlSet\\Services\\DevicePickerUserSvc_9580f\\Start\r\nDetails: DWORD (0x00000003)\r\nUser: NT AUTHORITY\\SYSTEM\""},"eventdata":{"ruleName":"T1031,T1050","eventType":"SetValue","utcTime":"2026-10-02 03:06:24.082","processGuid":"{e12a69d9-1f98-6abf-0b00-000000001700}","processId":"684","image":"C:\\\\Windows\\\\system32\\\\services.exe","targetObject":"HKLM\\\\System\\\\CurrentControlSet\\\\Services\\\\DevicePickerUserSvc_9580f\\\\Start","details":"DWORD (0x00000003)","user":"NT AUTHORITY\\\\SYSTEM"}}},"location":"EventChannel"}
{"timestamp":"2026-10-02T03:06:36.468+0000","rule":{"level":3,"description":"Evidence of new service creation found in registry under HKLM\\\\System\\\\CurrentControlSet\\\\Services\\\\DevicePickerUserSvc_9580f\\\\ImagePath binary is: C:\\\\Windows\\\\system32\\\\svchost.exe -k DevicesFlow","id":"92307","mitre":{"id":["T1543.003"],"tactic":["Persistence","Privilege Escalation"],"technique":["Windows Service"]},"firedtimes":10,"mail":false,"groups":["sysmon","sysmon_eid13_detections","windows"]},"agent":{"id":"001","name":"SOC-WIN10","ip":"192.168.50.20"},"manager":{"name":"soc-wazuh"},"id":"1790910396.218242","full_log":"{\"win\":{\"system\":{\"providerName\":\"Microsoft-Windows-Sysmon\",\"providerGuid\":\"{5770385f-c22a-43e0-bf4c-06f5698ffbd9}\",\"eventID\":\"13\",\"version\":\"2\",\"level\":\"4\",\"task\":\"13\",\"opcode\":\"0\",\"keywords\":\"0x8000000000000000\",\"systemTime\":\"2026-10-02T03:06:24.0912658Z\",\"eventRecordID\":\"11369\",\"processID\":\"2140\",\"threadID\":\"4056\",\"channel\":\"Microsoft-Windows-Sysmon/Operational\",\"computer\":\"WIN10-01.SOC-LAB.LOCAL\",\"severityValue\":\"INFORMATION\",\"message\":\"\\\"Registry value set:\\r\\nRuleName: T1031,T1050\\r\\nEventType: SetValue\\r\\nUtcTime: 2026-10-02 03:06:24.082\\r\\nProcessGuid: {e12a69d9-1f98-6abf-0b00-000000001700}\\r\\nProcessId: 684\\r\\nImage: C:\\\\Windows\\\\system32\\\\services.exe\\r\\nTargetObject: HKLM\\\\System\\\\CurrentControlSet\\\\Services\\\\DevicePickerUserSvc_9580f\\\\ImagePath\\r\\nDetails: C:\\\\Windows\\\\system32\\\\svchost.exe -k DevicesFlow\\r\\nUser: NT AUTHORITY\\\\SYSTEM\\\"\"},\"eventdata\":{\"ruleName\":\"T1031,T1050\",\"eventType\":\"SetValue\",\"utcTime\":\"2026-10-02 03:06:24.082\",\"processGuid\":\"{e12a69d9-1f98-6abf-0b00-000000001700}\",\"processId\":\"684\",\"image\":\"C:\\\\\\\\Windows\\\\\\\\system32\\\\\\\\services.exe\",\"targetObject\":\"HKLM\\\\\\\\System\\\\\\\\CurrentControlSet\\\\\\\\Services\\\\\\\\DevicePickerUserSvc_9580f\\\\\\\\ImagePath\",\"details\":\"C:\\\\\\\\Windows\\\\\\\\system32\\\\\\\\svchost.exe -k DevicesFlow\",\"user\":\"NT AUTHORITY\\\\\\\\SYSTEM\"}}}","decoder":{"name":"windows_eventchannel"},"data":{"win":{"system":{"providerName":"Microsoft-Windows-Sysmon","providerGuid":"{5770385f-c22a-43e0-bf4c-06f5698ffbd9}","eventID":"13","version":"2","level":"4","task":"13","opcode":"0","keywords":"0x8000000000000000","systemTime":"2026-10-02T03:06:24.0912658Z","eventRecordID":"11369","processID":"2140","threadID":"4056","channel":"Microsoft-Windows-Sysmon/Operational","computer":"WIN10-01.SOC-LAB.LOCAL","severityValue":"INFORMATION","message":"\"Registry value set:\r\nRuleName: T1031,T1050\r\nEventType: SetValue\r\nUtcTime: 2026-10-02 03:06:24.082\r\nProcessGuid: {e12a69d9-1f98-6abf-0b00-000000001700}\r\nProcessId: 684\r\nImage: C:\\Windows\\system32\\services.exe\r\nTargetObject: HKLM\\System\\CurrentControlSet\\Services\\DevicePickerUserSvc_9580f\\ImagePath\r\nDetails: C:\\Windows\\system32\\svchost.exe -k DevicesFlow\r\nUser: NT AUTHORITY\\SYSTEM\""},"eventdata":{"ruleName":"T1031,T1050","eventType":"SetValue","utcTime":"2026-10-02 03:06:24.082","processGuid":"{e12a69d9-1f98-6abf-0b00-000000001700}","processId":"684","image":"C:\\\\Windows\\\\system32\\\\services.exe","targetObject":"HKLM\\\\System\\\\CurrentControlSet\\\\Services\\\\DevicePickerUserSvc_9580f\\\\ImagePath","details":"C:\\\\Windows\\\\system32\\\\svchost.exe -k DevicesFlow","user":"NT AUTHORITY\\\\SYSTEM"}}},"location":"EventChannel"}
{"timestamp":"2026-10-02T03:06:36.493+0000","agent":{"id":"001","name":"SOC-WIN10","ip":"192.168.50.20"},"manager":{"name":"soc-wazuh"},"id":"1790910396.218242","full_log":"{\"win\":{\"system\":{\"providerName\":\"Microsoft-Windows-Sysmon\",\"providerGuid\":\"{5770385f-c22a-43e0-bf4c-06f5698ffbd9}\",\"eventID\":\"13\",\"version\":\"2\",\"level\":\"4\",\"task\":\"13\",\"opcode\":\"0\",\"keywords\":\"0x8000000000000000\",\"systemTime\":\"2026-10-02T03:06:24.0933880Z\",\"eventRecordID\":\"11370\",\"processID\":\"2140\",\"threadID\":\"4056\",\"channel\":\"Microsoft-Windows-Sysmon/Operational\",\"computer\":\"WIN10-01.SOC-LAB.LOCAL\",\"severityValue\":\"INFORMATION\",\"message\":\"\\\"Registry value set:\\r\\nRuleName: T1031,T1050\\r\\nEventType: SetValue\\r\\nUtcTime: 2026-10-02 03:06:24.082\\r\\nProcessGuid: {e12a69d9-1f98-6abf-0b00-000000001700}\\r\\nProcessId: 684\\r\\nImage: C:\\\\Windows\\\\system32\\\\services.exe\\r\\nTargetObject: HKLM\\\\System\\\\CurrentControlSet\\\\Services\\\\DevicesFlowUserSvc_9580f\\\\Start\\r\\nDetails: DWORD (0x00000003)\\r\\nUser: NT AUTHORITY\\\\SYSTEM\\\"\"},\"eventdata\":{\"ruleName\":\"T1031,T1050\",\"eventType\":\"SetValue\",\"utcTime\":\"2026-10-02 03:06:24.082\",\"processGuid\":\"{e12a69d9-1f98-6abf-0b00-000000001700}\",\"processId\":\"684\",\"image\":\"C:\\\\\\\\Windows\\\\\\\\system32\\\\\\\\services.exe\",\"targetObject\":\"HKLM\\\\\\\\System\\\\\\\\CurrentControlSet\\\\\\\\Services\\\\\\\\DevicesFlowUserSvc_9580f\\\\\\\\Start\",\"details\":\"DWORD (0x00000003)\",\"user\":\"NT AUTHORITY\\\\\\\\SYSTEM\"}}}","decoder":{"name":"windows_eventchannel"},"data":{"win":{"system":{"providerName":"Microsoft-Windows-Sysmon","providerGuid":"{5770385f-c22a-43e0-bf4c-06f5698ffbd9}","eventID":"13","version":"2","level":"4","task":"13","opcode":"0","keywords":"0x8000000000000000","systemTime":"2026-10-02T03:06:24.0933880Z","eventRecordID":"11370","processID":"2140","threadID":"4056","channel":"Microsoft-Windows-Sysmon/Operational","computer":"WIN10-01.SOC-LAB.LOCAL","severityValue":"INFORMATION","message":"\"Registry value set:\r\nRuleName: T1031,T1050\r\nEventType: SetValue\r\nUtcTime: 2026-10-02 03:06:24.082\r\nProcessGuid: {e12a69d9-1f98-6abf-0b00-000000001700}\r\nProcessId: 684\r\nImage: C:\\Windows\\system32\\services.exe\r\nTargetObject: HKLM\\System\\CurrentControlSet\\Services\\DevicesFlowUserSvc_9580f\\Start\r\nDetails: DWORD (0x00000003)\r\nUser: NT AUTHORITY\\SYSTEM\""},"eventdata":{"ruleName":"T1031,T1050","eventType":"SetValue","utcTime":"2026-10-02 03:06:24.082","processGuid":"{e12a69d9-1f98-6abf-0b00-000000001700}","processId":"684","image":"C:\\\\Windows\\\\system32\\\\services.exe","targetObject":"HKLM\\\\System\\\\CurrentControlSet\\\\Services\\\\DevicesFlowUserSvc_9580f\\\\Start","details":"DWORD (0x00000003)","user":"NT AUTHORITY\\\\SYSTEM"}}},"location":"EventChannel"}
{"timestamp":"2026-10-02T03:06:36.503+0000","rule":{"level":3,"description":"Evidence of new service creation found in registry under HKLM\\\\System\\\\CurrentControlSet\\\\Services\\\\DevicesFlowUserSvc_9580f\\\\ImagePath binary is: C:\\\\Windows\\\\system32\\\\svchost.exe -k DevicesFlow","id":"92307","mitre":{"id":["T1543.003"],"tactic":["Persistence","Privilege Escalation"],"technique":["Windows Service"]},"firedtimes":11,"mail":false,"groups":["sysmon","sysmon_eid13_detections","windows"]},"agent":{"id":"001","name":"SOC-WIN10","ip":"192.168.50.20"},"manager":{"name":"soc-wazuh"},"id":"1790910396.218242","full_log":"{\"win\":{\"system\":{\"providerName\":\"Microsoft-Windows-Sysmon\",\"providerGuid\":\"{5770385f-c22a-43e0-bf4c-06f5698ffbd9}\",\"eventID\":\"13\",\"version\":\"2\",\"level\":\"4\",\"task\":\"13\",\"opcode\":\"0\",\"keywords\":\"0x8000000000000000\",\"systemTime\":\"2026-10-02T03:06:24.0934562Z\",\"eventRecordID\":\"11371\",\"processID\":\"2140\",\"threadID\":\"4056\",\"channel\":\"Microsoft-Windows-Sysmon/Operational\",\"computer\":\"WIN10-01.SOC-LAB.LOCAL\",\"severityValue\":\"INFORMATION\",\"message\":\"\\\"Registry value set:\\r\\nRuleName: T1031,T1050\\r\\nEventType: SetValue\\r\\nUtcTime: 2026-10-02 03:06:24.082\\r\\nProcessGuid: {e12a69d9-1f98-6abf-0b00-000000001700}\\r\\nProcessId: 684\\r\\nImage: C:\\\\Windows\\\\system32\\\\services.exe\\r\\nTargetObject: HKLM\\\\System\\\\CurrentControlSet\\\\Services\\\\DevicesFlowUserSvc_9580f\\\\ImagePath\\r\\nDetails: C:\\\\Windows\\\\system32\\\\svchost.exe -k DevicesFlow\\r\\nUser: NT AUTHORITY\\\\SYSTEM\\\"\"},\"eventdata\":{\"ruleName\":\"T1031,T1050\",\"eventType\":\"SetValue\",\"utcTime\":\"2026-10-02 03:06:24.082\",\"processGuid\":\"{e12a69d9-1f98-6abf-0b00-000000001700}\",\"processId\":\"684\",\"image\":\"C:\\\\\\\\Windows\\\\\\\\system32\\\\\\\\services.exe\",\"targetObject\":\"HKLM\\\\\\\\System\\\\\\\\CurrentControlSet\\\\\\\\Services\\\\\\\\DevicesFlowUserSvc_9580f\\\\\\\\ImagePath\",\"details\":\"C:\\\\\\\\Windows\\\\\\\\system32\\\\\\\\svchost.exe -k DevicesFlow\",\"user\":\"NT AUTHORITY\\\\\\\\SYSTEM\"}}}","decoder":{"name":"windows_eventchannel"},"data":{"win":{"system":{"providerName":"Microsoft-Windows-Sysmon","providerGuid":"{5770385f-c22a-43e0-bf4c-06f5698ffbd9}","eventID":"13","version":"2","level":"4","task":"13","opcode":"0","keywords":"0x8000000000000000","systemTime":"2026-10-02T03:06:24.0934562Z","eventRecordID":"11371","processID":"2140","threadID":"4056","channel":"Microsoft-Windows-Sysmon/Operational","computer":"WIN10-01.SOC-LAB.LOCAL","severityValue":"INFORMATION","message":"\"Registry value set:\r\nRuleName: T1031,T1050\r\nEventType: SetValue\r\nUtcTime: 2026-10-02 03:06:24.082\r\nProcessGuid: {e12a69d9-1f98-6abf-0b00-000000001700}\r\nProcessId: 684\r\nImage: C:\\Windows\\system32\\services.exe\r\nTargetObject: HKLM\\System\\CurrentControlSet\\Services\\DevicesFlowUserSvc_9580f\\ImagePath\r\nDetails: C:\\Windows\\system32\\svchost.exe -k DevicesFlow\r\nUser: NT AUTHORITY\\SYSTEM\""},"eventdata":{"ruleName":"T1031,T1050","eventType":"SetValue","utcTime":"2026-10-02 03:06:24.082","processGuid":"{e12a69d9-1f98-6abf-0b00-000000001700}","processId":"684","image":"C:\\\\Windows\\\\system32\\\\services.exe","targetObject":"HKLM\\\\System\\\\CurrentControlSet\\\\Services\\\\DevicesFlowUserSvc_9580f\\\\ImagePath","details":"C:\\\\Windows\\\\system32\\\\svchost.exe -k DevicesFlow","user":"NT AUTHORITY\\\\SYSTEM"}}},"location":"EventChannel"}
{"timestamp":"2026-10-02T03:06:36.522+0000","agent":{"id":"001","name":"SOC-WIN10","ip":"192.168.50.20"},"manager":{"name":"soc-wazuh"},"id":"1790910396.221315","full_log":"{\"win\":{\"system\":{\"providerName\":\"Microsoft-Windows-Sysmon\",\"providerGuid\":\"{5770385f-c22a-43e0-bf4c-06f5698ffbd9}\",\"eventID\":\"13\",\"version\":\"2\",\"level\":\"4\",\"task\":\"13\",\"opcode\":\"0\",\"keywords\":\"0x8000000000000000\",\"systemTime\":\"2026-10-02T03:06:24.0937007Z\",\"eventRecordID\":\"11372\",\"processID\":\"2140\",\"threadID\":\"4056\",\"channel\":\"Microsoft-Windows-Sysmon/Operational\",\"computer\":\"WIN10-01.SOC-LAB.LOCAL\",\"severityValue\":\"INFORMATION\",\"message\":\"\\\"Registry value set:\\r\\nRuleName: T1031,T1050\\r\\nEventType: SetValue\\r\\nUtcTime: 2026-10-02 03:06:24.082\\r\\nProcessGuid: {e12a69d9-1f98-6abf-0b00-000000001700}\\r\\nProcessId: 684\\r\\nImage: C:\\\\Windows\\\\system32\\\\services.exe\\r\\nTargetObject: HKLM\\\\System\\\\CurrentControlSet\\\\Services\\\\MessagingService_9580f\\\\Start\\r\\nDetails: DWORD (0x00000003)\\r\\nUser: NT AUTHORITY\\\\SYSTEM\\\"\"},\"eventdata\":{\"ruleName\":\"T1031,T1050\",\"eventType\":\"SetValue\",\"utcTime\":\"2026-10-02 03:06:24.082\",\"processGuid\":\"{e12a69d9-1f98-6abf-0b00-000000001700}\",\"processId\":\"684\",\"image\":\"C:\\\\\\\\Windows\\\\\\\\system32\\\\\\\\services.exe\",\"targetObject\":\"HKLM\\\\\\\\System\\\\\\\\CurrentControlSet\\\\\\\\Services\\\\\\\\MessagingService_9580f\\\\\\\\Start\",\"details\":\"DWORD (0x00000003)\",\"user\":\"NT AUTHORITY\\\\\\\\SYSTEM\"}}}","decoder":{"name":"windows_eventchannel"},"data":{"win":{"system":{"providerName":"Microsoft-Windows-Sysmon","providerGuid":"{5770385f-c22a-43e0-bf4c-06f5698ffbd9}","eventID":"13","version":"2","level":"4","task":"13","opcode":"0","keywords":"0x8000000000000000","systemTime":"2026-10-02T03:06:24.0937007Z","eventRecordID":"11372","processID":"2140","threadID":"4056","channel":"Microsoft-Windows-Sysmon/Operational","computer":"WIN10-01.SOC-LAB.LOCAL","severityValue":"INFORMATION","message":"\"Registry value set:\r\nRuleName: T1031,T1050\r\nEventType: SetValue\r\nUtcTime: 2026-10-02 03:06:24.082\r\nProcessGuid: {e12a69d9-1f98-6abf-0b00-000000001700}\r\nProcessId: 684\r\nImage: C:\\Windows\\system32\\services.exe\r\nTargetObject: HKLM\\System\\CurrentControlSet\\Services\\MessagingService_9580f\\Start\r\nDetails: DWORD (0x00000003)\r\nUser: NT AUTHORITY\\SYSTEM\""},"eventdata":{"ruleName":"T1031,T1050","eventType":"SetValue","utcTime":"2026-10-02 03:06:24.082","processGuid":"{e12a69d9-1f98-6abf-0b00-000000001700}","processId":"684","image":"C:\\\\Windows\\\\system32\\\\services.exe","targetObject":"HKLM\\\\System\\\\CurrentControlSet\\\\Services\\\\MessagingService_9580f\\\\Start","details":"DWORD (0x00000003)","user":"NT AUTHORITY\\\\SYSTEM"}}},"location":"EventChannel"}
{"timestamp":"2026-10-02T03:06:36.545+0000","rule":{"level":3,"description":"Evidence of new service creation found in registry under HKLM\\\\System\\\\CurrentControlSet\\\\Services\\\\MessagingService_9580f\\\\ImagePath binary is: C:\\\\Windows\\\\system32\\\\svchost.exe -k UnistackSvcGroup","id":"92307","mitre":{"id":["T1543.003"],"tactic":["Persistence","Privilege Escalation"],"technique":["Windows Service"]},"firedtimes":12,"mail":false,"groups":["sysmon","sysmon_eid13_detections","windows"]},"agent":{"id":"001","name":"SOC-WIN10","ip":"192.168.50.20"},"manager":{"name":"soc-wazuh"},"id":"1790910396.224383","full_log":"{\"win\":{\"system\":{\"providerName\":\"Microsoft-Windows-Sysmon\",\"providerGuid\":\"{5770385f-c22a-43e0-bf4c-06f5698ffbd9}\",\"eventID\":\"13\",\"version\":\"2\",\"level\":\"4\",\"task\":\"13\",\"opcode\":\"0\",\"keywords\":\"0x8000000000000000\",\"systemTime\":\"2026-10-02T03:06:24.0937624Z\",\"eventRecordID\":\"11373\",\"processID\":\"2140\",\"threadID\":\"4056\",\"channel\":\"Microsoft-Windows-Sysmon/Operational\",\"computer\":\"WIN10-01.SOC-LAB.LOCAL\",\"severityValue\":\"INFORMATION\",\"message\":\"\\\"Registry value set:\\r\\nRuleName: T1031,T1050\\r\\nEventType: SetValue\\r\\nUtcTime: 2026-10-02 03:06:24.082\\r\\nProcessGuid: {e12a69d9-1f98-6abf-0b00-000000001700}\\r\\nProcessId: 684\\r\\nImage: C:\\\\Windows\\\\system32\\\\services.exe\\r\\nTargetObject: HKLM\\\\System\\\\CurrentControlSet\\\\Services\\\\MessagingService_9580f\\\\ImagePath\\r\\nDetails: C:\\\\Windows\\\\system32\\\\svchost.exe -k UnistackSvcGroup\\r\\nUser: NT AUTHORITY\\\\SYSTEM\\\"\"},\"eventdata\":{\"ruleName\":\"T1031,T1050\",\"eventType\":\"SetValue\",\"utcTime\":\"2026-10-02 03:06:24.082\",\"processGuid\":\"{e12a69d9-1f98-6abf-0b00-000000001700}\",\"processId\":\"684\",\"image\":\"C:\\\\\\\\Windows\\\\\\\\system32\\\\\\\\services.exe\",\"targetObject\":\"HKLM\\\\\\\\System\\\\\\\\CurrentControlSet\\\\\\\\Services\\\\\\\\MessagingService_9580f\\\\\\\\ImagePath\",\"details\":\"C:\\\\\\\\Windows\\\\\\\\system32\\\\\\\\svchost.exe -k UnistackSvcGroup\",\"user\":\"NT AUTHORITY\\\\\\\\SYSTEM\"}}}","decoder":{"name":"windows_eventchannel"},"data":{"win":{"system":{"providerName":"Microsoft-Windows-Sysmon","providerGuid":"{5770385f-c22a-43e0-bf4c-06f5698ffbd9}","eventID":"13","version":"2","level":"4","task":"13","opcode":"0","keywords":"0x8000000000000000","systemTime":"2026-10-02T03:06:24.0937624Z","eventRecordID":"11373","processID":"2140","threadID":"4056","channel":"Microsoft-Windows-Sysmon/Operational","computer":"WIN10-01.SOC-LAB.LOCAL","severityValue":"INFORMATION","message":"\"Registry value set:\r\nRuleName: T1031,T1050\r\nEventType: SetValue\r\nUtcTime: 2026-10-02 03:06:24.082\r\nProcessGuid: {e12a69d9-1f98-6abf-0b00-000000001700}\r\nProcessId: 684\r\nImage: C:\\Windows\\system32\\services.exe\r\nTargetObject: HKLM\\System\\CurrentControlSet\\Services\\MessagingService_9580f\\ImagePath\r\nDetails: C:\\Windows\\system32\\svchost.exe -k UnistackSvcGroup\r\nUser: NT AUTHORITY\\SYSTEM\""},"eventdata":{"ruleName":"T1031,T1050","eventType":"SetValue","utcTime":"2026-10-02 03:06:24.082","processGuid":"{e12a69d9-1f98-6abf-0b00-000000001700}","processId":"684","image":"C:\\\\Windows\\\\system32\\\\services.exe","targetObject":"HKLM\\\\System\\\\CurrentControlSet\\\\Services\\\\MessagingService_9580f\\\\ImagePath","details":"C:\\\\Windows\\\\system32\\\\svchost.exe -k UnistackSvcGroup","user":"NT AUTHORITY\\\\SYSTEM"}}},"location":"EventChannel"}
{"timestamp":"2026-10-02T03:06:36.550+0000","agent":{"id":"001","name":"SOC-WIN10","ip":"192.168.50.20"},"manager":{"name":"soc-wazuh"},"id":"1790910396.224383","full_log":"{\"win\":{\"system\":{\"providerName\":\"Microsoft-Windows-Sysmon\",\"providerGuid\":\"{5770385f-c22a-43e0-bf4c-06f5698ffbd9}\",\"eventID\":\"13\",\"version\":\"2\",\"level\":\"4\",\"task\":\"13\",\"opcode\":\"0\",\"keywords\":\"0x8000000000000000\",\"systemTime\":\"2026-10-02T03:06:24.0950900Z\",\"eventRecordID\":\"11374\",\"processID\":\"2140\",\"threadID\":\"4056\",\"channel\":\"Microsoft-Windows-Sysmon/Operational\",\"computer\":\"WIN10-01.SOC-LAB.LOCAL\",\"severityValue\":\"INFORMATION\",\"message\":\"\\\"Registry value set:\\r\\nRuleName: T1031,T1050\\r\\nEventType: SetValue\\r\\nUtcTime: 2026-10-02 03:06:24.082\\r\\nProcessGuid: {e12a69d9-1f98-6abf-0b00-000000001700}\\r\\nProcessId: 684\\r\\nImage: C:\\\\Windows\\\\system32\\\\services.exe\\r\\nTargetObject: HKLM\\\\System\\\\CurrentControlSet\\\\Services\\\\OneSyncSvc_9580f\\\\Start\\r\\nDetails: DWORD (0x00000002)\\r\\nUser: NT AUTHORITY\\\\SYSTEM\\\"\"},\"eventdata\":{\"ruleName\":\"T1031,T1050\",\"eventType\":\"SetValue\",\"utcTime\":\"2026-10-02 03:06:24.082\",\"processGuid\":\"{e12a69d9-1f98-6abf-0b00-000000001700}\",\"processId\":\"684\",\"image\":\"C:\\\\\\\\Windows\\\\\\\\system32\\\\\\\\services.exe\",\"targetObject\":\"HKLM\\\\\\\\System\\\\\\\\CurrentControlSet\\\\\\\\Services\\\\\\\\OneSyncSvc_9580f\\\\\\\\Start\",\"details\":\"DWORD (0x00000002)\",\"user\":\"NT AUTHORITY\\\\\\\\SYSTEM\"}}}","decoder":{"name":"windows_eventchannel"},"data":{"win":{"system":{"providerName":"Microsoft-Windows-Sysmon","providerGuid":"{5770385f-c22a-43e0-bf4c-06f5698ffbd9}","eventID":"13","version":"2","level":"4","task":"13","opcode":"0","keywords":"0x8000000000000000","systemTime":"2026-10-02T03:06:24.0950900Z","eventRecordID":"11374","processID":"2140","threadID":"4056","channel":"Microsoft-Windows-Sysmon/Operational","computer":"WIN10-01.SOC-LAB.LOCAL","severityValue":"INFORMATION","message":"\"Registry value set:\r\nRuleName: T1031,T1050\r\nEventType: SetValue\r\nUtcTime: 2026-10-02 03:06:24.082\r\nProcessGuid: {e12a69d9-1f98-6abf-0b00-000000001700}\r\nProcessId: 684\r\nImage: C:\\Windows\\system32\\services.exe\r\nTargetObject: HKLM\\System\\CurrentControlSet\\Services\\OneSyncSvc_9580f\\Start\r\nDetails: DWORD (0x00000002)\r\nUser: NT AUTHORITY\\SYSTEM\""},"eventdata":{"ruleName":"T1031,T1050","eventType":"SetValue","utcTime":"2026-10-02 03:06:24.082","processGuid":"{e12a69d9-1f98-6abf-0b00-000000001700}","processId":"684","image":"C:\\\\Windows\\\\system32\\\\services.exe","targetObject":"HKLM\\\\System\\\\CurrentControlSet\\\\Services\\\\OneSyncSvc_9580f\\\\Start","details":"DWORD (0x00000002)","user":"NT AUTHORITY\\\\SYSTEM"}}},"location":"EventChannel"}
{"timestamp":"2026-10-02T03:06:36.571+0000","rule":{"level":3,"description":"Evidence of new service creation found in registry under HKLM\\\\System\\\\CurrentControlSet\\\\Services\\\\OneSyncSvc_9580f\\\\ImagePath binary is: C:\\\\Windows\\\\system32\\\\svchost.exe -k UnistackSvcGroup","id":"92307","mitre":{"id":["T1543.003"],"tactic":["Persistence","Privilege Escalation"],"technique":["Windows Service"]},"firedtimes":13,"mail":false,"groups":["sysmon","sysmon_eid13_detections","windows"]},"agent":{"id":"001","name":"SOC-WIN10","ip":"192.168.50.20"},"manager":{"name":"soc-wazuh"},"id":"1790910396.227466","full_log":"{\"win\":{\"system\":{\"providerName\":\"Microsoft-Windows-Sysmon\",\"providerGuid\":\"{5770385f-c22a-43e0-bf4c-06f5698ffbd9}\",\"eventID\":\"13\",\"version\":\"2\",\"level\":\"4\",\"task\":\"13\",\"opcode\":\"0\",\"keywords\":\"0x8000000000000000\",\"systemTime\":\"2026-10-02T03:06:24.0952567Z\",\"eventRecordID\":\"11375\",\"processID\":\"2140\",\"threadID\":\"4056\",\"channel\":\"Microsoft-Windows-Sysmon/Operational\",\"computer\":\"WIN10-01.SOC-LAB.LOCAL\",\"severityValue\":\"INFORMATION\",\"message\":\"\\\"Registry value set:\\r\\nRuleName: T1031,T1050\\r\\nEventType: SetValue\\r\\nUtcTime: 2026-10-02 03:06:24.082\\r\\nProcessGuid: {e12a69d9-1f98-6abf-0b00-000000001700}\\r\\nProcessId: 684\\r\\nImage: C:\\\\Windows\\\\system32\\\\services.exe\\r\\nTargetObject: HKLM\\\\System\\\\CurrentControlSet\\\\Services\\\\OneSyncSvc_9580f\\\\ImagePath\\r\\nDetails: C:\\\\Windows\\\\system32\\\\svchost.exe -k UnistackSvcGroup\\r\\nUser: NT AUTHORITY\\\\SYSTEM\\\"\"},\"eventdata\":{\"ruleName\":\"T1031,T1050\",\"eventType\":\"SetValue\",\"utcTime\":\"2026-10-02 03:06:24.082\",\"processGuid\":\"{e12a69d9-1f98-6abf-0b00-000000001700}\",\"processId\":\"684\",\"image\":\"C:\\\\\\\\Windows\\\\\\\\system32\\\\\\\\services.exe\",\"targetObject\":\"HKLM\\\\\\\\System\\\\\\\\CurrentControlSet\\\\\\\\Services\\\\\\\\OneSyncSvc_9580f\\\\\\\\ImagePath\",\"details\":\"C:\\\\\\\\Windows\\\\\\\\system32\\\\\\\\svchost.exe -k UnistackSvcGroup\",\"user\":\"NT AUTHORITY\\\\\\\\SYSTEM\"}}}","decoder":{"name":"windows_eventchannel"},"data":{"win":{"system":{"providerName":"Microsoft-Windows-Sysmon","providerGuid":"{5770385f-c22a-43e0-bf4c-06f5698ffbd9}","eventID":"13","version":"2","level":"4","task":"13","opcode":"0","keywords":"0x8000000000000000","systemTime":"2026-10-02T03:06:24.0952567Z","eventRecordID":"11375","processID":"2140","threadID":"4056","channel":"Microsoft-Windows-Sysmon/Operational","computer":"WIN10-01.SOC-LAB.LOCAL","severityValue":"INFORMATION","message":"\"Registry value set:\r\nRuleName: T1031,T1050\r\nEventType: SetValue\r\nUtcTime: 2026-10-02 03:06:24.082\r\nProcessGuid: {e12a69d9-1f98-6abf-0b00-000000001700}\r\nProcessId: 684\r\nImage: C:\\Windows\\system32\\services.exe\r\nTargetObject: HKLM\\System\\CurrentControlSet\\Services\\OneSyncSvc_9580f\\ImagePath\r\nDetails: C:\\Windows\\system32\\svchost.exe -k UnistackSvcGroup\r\nUser: NT AUTHORITY\\SYSTEM\""},"eventdata":{"ruleName":"T1031,T1050","eventType":"SetValue","utcTime":"2026-10-02 03:06:24.082","processGuid":"{e12a69d9-1f98-6abf-0b00-000000001700}","processId":"684","image":"C:\\\\Windows\\\\system32\\\\services.exe","targetObject":"HKLM\\\\System\\\\CurrentControlSet\\\\Services\\\\OneSyncSvc_9580f\\\\ImagePath","details":"C:\\\\Windows\\\\system32\\\\svchost.exe -k UnistackSvcGroup","user":"NT AUTHORITY\\\\SYSTEM"}}},"location":"EventChannel"}
