{"timestamp":"2026-10-02T03:06:36.584+0000","agent":{"id":"001","name":"SOC-WIN10","ip":"192.168.50.20"},"manager":{"name":"soc-wazuh"},"id":"1790910396.227466","full_log":"{\"win\":{\"system\":{\"providerName\":\"Microsoft-Windows-Sysmon\",\"providerGuid\":\"{5770385f-c22a-43e0-bf4c-06f5698ffbd9}\",\"eventID\":\"13\",\"version\":\"2\",\"level\":\"4\",\"task\":\"13\",\"opcode\":\"0\",\"keywords\":\"0x8000000000000000\",\"systemTime\":\"2026-10-02T03:06:24.0968587Z\",\"eventRecordID\":\"11376\",\"processID\":\"2140\",\"threadID\":\"4056\",\"channel\":\"Microsoft-Windows-Sysmon/Operational\",\"computer\":\"WIN10-01.SOC-LAB.LOCAL\",\"severityValue\":\"INFORMATION\",\"message\":\"\\\"Registry value set:\\r\\nRuleName: T1031,T1050\\r\\nEventType: SetValue\\r\\nUtcTime: 2026-10-02 03:06:24.082\\r\\nProcessGuid: {e12a69d9-1f98-6abf-0b00-000000001700}\\r\\nProcessId: 684\\r\\nImage: C:\\\\Windows\\\\system32\\\\services.exe\\r\\nTargetObject: HKLM\\\\System\\\\CurrentControlSet\\\\Services\\\\PimIndexMaintenanceSvc_9580f\\\\Start\\r\\nDetails: DWORD (0x00000003)\\r\\nUser: NT AUTHORITY\\\\SYSTEM\\\"\"},\"eventdata\":{\"ruleName\":\"T1031,T1050\",\"eventType\":\"SetValue\",\"utcTime\":\"2026-10-02 03:06:24.082\",\"processGuid\":\"{e12a69d9-1f98-6abf-0b00-000000001700}\",\"processId\":\"684\",\"image\":\"C:\\\\\\\\Windows\\\\\\\\system32\\\\\\\\services.exe\",\"targetObject\":\"HKLM\\\\\\\\System\\\\\\\\CurrentControlSet\\\\\\\\Services\\\\\\\\PimIndexMaintenanceSvc_9580f\\\\\\\\Start\",\"details\":\"DWORD (0x00000003)\",\"user\":\"NT AUTHORITY\\\\\\\\SYSTEM\"}}}","decoder":{"name":"windows_eventchannel"},"data":{"win":{"system":{"providerName":"Microsoft-Windows-Sysmon","providerGuid":"{5770385f-c22a-43e0-bf4c-06f5698ffbd9}","eventID":"13","version":"2","level":"4","task":"13","opcode":"0","keywords":"0x8000000000000000","systemTime":"2026-10-02T03:06:24.0968587Z","eventRecordID":"11376","processID":"2140","threadID":"4056","channel":"Microsoft-Windows-Sysmon/Operational","computer":"WIN10-01.SOC-LAB.LOCAL","severityValue":"INFORMATION","message":"\"Registry value set:\r\nRuleName: T1031,T1050\r\nEventType: SetValue\r\nUtcTime: 2026-10-02 03:06:24.082\r\nProcessGuid: {e12a69d9-1f98-6abf-0b00-000000001700}\r\nProcessId: 684\r\nImage: C:\\Windows\\system32\\services.exe\r\nTargetObject: HKLM\\System\\CurrentControlSet\\Services\\PimIndexMaintenanceSvc_9580f\\Start\r\nDetails: DWORD (0x00000003)\r\nUser: NT AUTHORITY\\SYSTEM\""},"eventdata":{"ruleName":"T1031,T1050","eventType":"SetValue","utcTime":"2026-10-02 03:06:24.082","processGuid":"{e12a69d9-1f98-6abf-0b00-000000001700}","processId":"684","image":"C:\\\\Windows\\\\system32\\\\services.exe","targetObject":"HKLM\\\\System\\\\CurrentControlSet\\\\Services\\\\PimIndexMaintenanceSvc_9580f\\\\Start","details":"DWORD (0x00000003)","user":"NT AUTHORITY\\\\SYSTEM"}}},"location":"EventChannel"}
{"timestamp":"2026-10-02T03:06:36.598+0000","rule":{"level":3,"description":"Evidence of new service creation found in registry under HKLM\\\\System\\\\CurrentControlSet\\\\Services\\\\PimIndexMaintenanceSvc_9580f\\\\ImagePath binary is: C:\\\\Windows\\\\system32\\\\svchost.exe -k UnistackSvcGroup","id":"92307","mitre":{"id":["T1543.003"],"tactic":["Persistence","Privilege Escalation"],"technique":["Windows Service"]},"firedtimes":14,"mail":false,"groups":["sysmon","sysmon_eid13_detections","windows"]},"agent":{"id":"001","name":"SOC-WIN10","ip":"192.168.50.20"},"manager":{"name":"soc-wazuh"},"id":"1790910396.227466","full_log":"{\"win\":{\"system\":{\"providerName\":\"Microsoft-Windows-Sysmon\",\"providerGuid\":\"{5770385f-c22a-43e0-bf4c-06f5698ffbd9}\",\"eventID\":\"13\",\"version\":\"2\",\"level\":\"4\",\"task\":\"13\",\"opcode\":\"0\",\"keywords\":\"0x8000000000000000\",\"systemTime\":\"2026-10-02T03:06:24.0969274Z\",\"eventRecordID\":\"11377\",\"processID\":\"2140\",\"threadID\":\"4056\",\"channel\":\"Microsoft-Windows-Sysmon/Operational\",\"computer\":\"WIN10-01.SOC-LAB.LOCAL\",\"severityValue\":\"INFORMATION\",\"message\":\"\\\"Registry value set:\\r\\nRuleName: T1031,T1050\\r\\nEventType: SetValue\\r\\nUtcTime: 2026-10-02 03:06:24.082\\r\\nProcessGuid: {e12a69d9-1f98-6abf-0b00-000000001700}\\r\\nProcessId: 684\\r\\nImage: C:\\\\Windows\\\\system32\\\\services.exe\\r\\nTargetObject: HKLM\\\\System\\\\CurrentControlSet\\\\Services\\\\PimIndexMaintenanceSvc_9580f\\\\ImagePath\\r\\nDetails: C:\\\\Windows\\\\system32\\\\svchost.exe -k UnistackSvcGroup\\r\\nUser: NT AUTHORITY\\\\SYSTEM\\\"\"},\"eventdata\":{\"ruleName\":\"T1031,T1050\",\"eventType\":\"SetValue\",\"utcTime\":\"2026-10-02 03:06:24.082\",\"processGuid\":\"{e12a69d9-1f98-6abf-0b00-000000001700}\",\"processId\":\"684\",\"image\":\"C:\\\\\\\\Windows\\\\\\\\system32\\\\\\\\services.exe\",\"targetObject\":\"HKLM\\\\\\\\System\\\\\\\\CurrentControlSet\\\\\\\\Services\\\\\\\\PimIndexMaintenanceSvc_9580f\\\\\\\\ImagePath\",\"details\":\"C:\\\\\\\\Windows\\\\\\\\system32\\\\\\\\svchost.exe -k UnistackSvcGroup\",\"user\":\"NT AUTHORITY\\\\\\\\SYSTEM\"}}}","decoder":{"name":"windows_eventchannel"},"data":{"win":{"system":{"providerName":"Microsoft-Windows-Sysmon","providerGuid":"{5770385f-c22a-43e0-bf4c-06f5698ffbd9}","eventID":"13","version":"2","level":"4","task":"13","opcode":"0","keywords":"0x8000000000000000","systemTime":"2026-10-02T03:06:24.0969274Z","eventRecordID":"11377","processID":"2140","threadID":"4056","channel":"Microsoft-Windows-Sysmon/Operational","computer":"WIN10-01.SOC-LAB.LOCAL","severityValue":"INFORMATION","message":"\"Registry value set:\r\nRuleName: T1031,T1050\r\nEventType: SetValue\r\nUtcTime: 2026-10-02 03:06:24.082\r\nProcessGuid: {e12a69d9-1f98-6abf-0b00-000000001700}\r\nProcessId: 684\r\nImage: C:\\Windows\\system32\\services.exe\r\nTargetObject: HKLM\\System\\CurrentControlSet\\Services\\PimIndexMaintenanceSvc_9580f\\ImagePath\r\nDetails: C:\\Windows\\system32\\svchost.exe -k UnistackSvcGroup\r\nUser: NT AUTHORITY\\SYSTEM\""},"eventdata":{"ruleName":"T1031,T1050","eventType":"SetValue","utcTime":"2026-10-02 03:06:24.082","processGuid":"{e12a69d9-1f98-6abf-0b00-000000001700}","processId":"684","image":"C:\\\\Windows\\\\system32\\\\services.exe","targetObject":"HKLM\\\\System\\\\CurrentControlSet\\\\Services\\\\PimIndexMaintenanceSvc_9580f\\\\ImagePath","details":"C:\\\\Windows\\\\system32\\\\svchost.exe -k UnistackSvcGroup","user":"NT AUTHORITY\\\\SYSTEM"}}},"location":"EventChannel"}
{"timestamp":"2026-10-02T03:06:36.612+0000","agent":{"id":"001","name":"SOC-WIN10","ip":"192.168.50.20"},"manager":{"name":"soc-wazuh"},"id":"1790910396.230519","full_log":"{\"win\":{\"system\":{\"providerName\":\"Microsoft-Windows-Sysmon\",\"providerGuid\":\"{5770385f-c22a-43e0-bf4c-06f5698ffbd9}\",\"eventID\":\"13\",\"version\":\"2\",\"level\":\"4\",\"task\":\"13\",\"opcode\":\"0\",\"keywords\":\"0x8000000000000000\",\"systemTime\":\"2026-10-02T03:06:24.0971675Z\",\"eventRecordID\":\"11378\",\"processID\":\"2140\",\"threadID\":\"4056\",\"channel\":\"Microsoft-Windows-Sysmon/Operational\",\"computer\":\"WIN10-01.SOC-LAB.LOCAL\",\"severityValue\":\"INFORMATION\",\"message\":\"\\\"Registry value set:\\r\\nRuleName: T1031,T1050\\r\\nEventType: SetValue\\r\\nUtcTime: 2026-10-02 03:06:24.082\\r\\nProcessGuid: {e12a69d9-1f98-6abf-0b00-000000001700}\\r\\nProcessId: 684\\r\\nImage: C:\\\\Windows\\\\system32\\\\services.exe\\r\\nTargetObject: HKLM\\\\System\\\\CurrentControlSet\\\\Services\\\\PrintWorkflowUserSvc_9580f\\\\Start\\r\\nDetails: DWORD (0x00000003)\\r\\nUser: NT AUTHORITY\\\\SYSTEM\\\"\"},\"eventdata\":{\"ruleName\":\"T1031,T1050\",\"eventType\":\"SetValue\",\"utcTime\":\"2026-10-02 03:06:24.082\",\"processGuid\":\"{e12a69d9-1f98-6abf-0b00-000000001700}\",\"processId\":\"684\",\"image\":\"C:\\\\\\\\Windows\\\\\\\\system32\\\\\\\\services.exe\",\"targetObject\":\"HKLM\\\\\\\\System\\\\\\\\CurrentControlSet\\\\\\\\Services\\\\\\\\PrintWorkflowUserSvc_9580f\\\\\\\\Start\",\"details\":\"DWORD (0x00000003)\",\"user\":\"NT AUTHORITY\\\\\\\\SYSTEM\"}}}","decoder":{"name":"windows_eventchannel"},"data":{"win":{"system":{"providerName":"Microsoft-Windows-Sysmon","providerGuid":"{5770385f-c22a-43e0-bf4c-06f5698ffbd9}","eventID":"13","version":"2","level":"4","task":"13","opcode":"0","keywords":"0x8000000000000000","systemTime":"2026-10-02T03:06:24.0971675Z","eventRecordID":"11378","processID":"2140","threadID":"4056","channel":"Microsoft-Windows-Sysmon/Operational","computer":"WIN10-01.SOC-LAB.LOCAL","severityValue":"INFORMATION","message":"\"Registry value set:\r\nRuleName: T1031,T1050\r\nEventType: SetValue\r\nUtcTime: 2026-10-02 03:06:24.082\r\nProcessGuid: {e12a69d9-1f98-6abf-0b00-000000001700}\r\nProcessId: 684\r\nImage: C:\\Windows\\system32\\services.exe\r\nTargetObject: HKLM\\System\\CurrentControlSet\\Services\\PrintWorkflowUserSvc_9580f\\Start\r\nDetails: DWORD (0x00000003)\r\nUser: NT AUTHORITY\\SYSTEM\""},"eventdata":{"ruleName":"T1031,T1050","eventType":"SetValue","utcTime":"2026-10-02 03:06:24.082","processGuid":"{e12a69d9-1f98-6abf-0b00-000000001700}","processId":"684","image":"C:\\\\Windows\\\\system32\\\\services.exe","targetObject":"HKLM\\\\System\\\\CurrentControlSet\\\\Services\\\\PrintWorkflowUserSvc_9580f\\\\Start","details":"DWORD (0x00000003)","user":"NT AUTHORITY\\\\SYSTEM"}}},"location":"EventChannel"}
{"timestamp":"2026-10-02T03:06:36.626+0000","rule":{"level":3,"description":"Evidence of new service creation found in registry under HKLM\\\\System\\\\CurrentControlSet\\\\Services\\\\PrintWorkflowUserSvc_9580f\\\\ImagePath binary is: C:\\\\Windows\\\\system32\\\\svchost.exe -k PrintWorkflow","id":"92307","mitre":{"id":["T1543.003"],"tactic":["Persistence","Privilege Escalation"],"technique":["Windows Service"]},"firedtimes":15,"mail":false,"groups":["sysmon","sysmon_eid13_detections","windows"]},"agent":{"id":"001","name":"SOC-WIN10","ip":"192.168.50.20"},"manager":{"name":"soc-wazuh"},"id":"1790910396.230519","full_log":"{\"win\":{\"system\":{\"providerName\":\"Microsoft-Windows-Sysmon\",\"providerGuid\":\"{5770385f-c22a-43e0-bf4c-06f5698ffbd9}\",\"eventID\":\"13\",\"version\":\"2\",\"level\":\"4\",\"task\":\"13\",\"opcode\":\"0\",\"keywords\":\"0x8000000000000000\",\"systemTime\":\"2026-10-02T03:06:24.0975786Z\",\"eventRecordID\":\"11379\",\"processID\":\"2140\",\"threadID\":\"4056\",\"channel\":\"Microsoft-Windows-Sysmon/Operational\",\"computer\":\"WIN10-01.SOC-LAB.LOCAL\",\"severityValue\":\"INFORMATION\",\"message\":\"\\\"Registry value set:\\r\\nRuleName: T1031,T1050\\r\\nEventType: SetValue\\r\\nUtcTime: 2026-10-02 03:06:24.082\\r\\nProcessGuid: {e12a69d9-1f98-6abf-0b00-000000001700}\\r\\nProcessId: 684\\r\\nImage: C:\\\\Windows\\\\system32\\\\services.exe\\r\\nTargetObject: HKLM\\\\System\\\\CurrentControlSet\\\\Services\\\\PrintWorkflowUserSvc_9580f\\\\ImagePath\\r\\nDetails: C:\\\\Windows\\\\system32\\\\svchost.exe -k PrintWorkflow\\r\\nUser: NT AUTHORITY\\\\SYSTEM\\\"\"},\"eventdata\":{\"ruleName\":\"T1031,T1050\",\"eventType\":\"SetValue\",\"utcTime\":\"2026-10-02 03:06:24.082\",\"processGuid\":\"{e12a69d9-1f98-6abf-0b00-000000001700}\",\"processId\":\"684\",\"image\":\"C:\\\\\\\\Windows\\\\\\\\system32\\\\\\\\services.exe\",\"targetObject\":\"HKLM\\\\\\\\System\\\\\\\\CurrentControlSet\\\\\\\\Services\\\\\\\\PrintWorkflowUserSvc_9580f\\\\\\\\ImagePath\",\"details\":\"C:\\\\\\\\Windows\\\\\\\\system32\\\\\\\\svchost.exe -k PrintWorkflow\",\"user\":\"NT AUTHORITY\\\\\\\\SYSTEM\"}}}","decoder":{"name":"windows_eventchannel"},"data":{"win":{"system":{"providerName":"Microsoft-Windows-Sysmon","providerGuid":"{5770385f-c22a-43e0-bf4c-06f5698ffbd9}","eventID":"13","version":"2","level":"4","task":"13","opcode":"0","keywords":"0x8000000000000000","systemTime":"2026-10-02T03:06:24.0975786Z","eventRecordID":"11379","processID":"2140","threadID":"4056","channel":"Microsoft-Windows-Sysmon/Operational","computer":"WIN10-01.SOC-LAB.LOCAL","severityValue":"INFORMATION","message":"\"Registry value set:\r\nRuleName: T1031,T1050\r\nEventType: SetValue\r\nUtcTime: 2026-10-02 03:06:24.082\r\nProcessGuid: {e12a69d9-1f98-6abf-0b00-000000001700}\r\nProcessId: 684\r\nImage: C:\\Windows\\system32\\services.exe\r\nTargetObject: HKLM\\System\\CurrentControlSet\\Services\\PrintWorkflowUserSvc_9580f\\ImagePath\r\nDetails: C:\\Windows\\system32\\svchost.exe -k PrintWorkflow\r\nUser: NT AUTHORITY\\SYSTEM\""},"eventdata":{"ruleName":"T1031,T1050","eventType":"SetValue","utcTime":"2026-10-02 03:06:24.082","processGuid":"{e12a69d9-1f98-6abf-0b00-000000001700}","processId":"684","image":"C:\\\\Windows\\\\system32\\\\services.exe","targetObject":"HKLM\\\\System\\\\CurrentControlSet\\\\Services\\\\PrintWorkflowUserSvc_9580f\\\\ImagePath","details":"C:\\\\Windows\\\\system32\\\\svchost.exe -k PrintWorkflow","user":"NT AUTHORITY\\\\SYSTEM"}}},"location":"EventChannel"}
{"timestamp":"2026-10-02T03:06:36.647+0000","agent":{"id":"001","name":"SOC-WIN10","ip":"192.168.50.20"},"manager":{"name":"soc-wazuh"},"id":"1790910396.233632","full_log":"{\"win\":{\"system\":{\"providerName\":\"Microsoft-Windows-Sysmon\",\"providerGuid\":\"{5770385f-c22a-43e0-bf4c-06f5698ffbd9}\",\"eventID\":\"13\",\"version\":\"2\",\"level\":\"4\",\"task\":\"13\",\"opcode\":\"0\",\"keywords\":\"0x8000000000000000\",\"systemTime\":\"2026-10-02T03:06:24.1006033Z\",\"eventRecordID\":\"11380\",\"processID\":\"2140\",\"threadID\":\"4056\",\"channel\":\"Microsoft-Windows-Sysmon/Operational\",\"computer\":\"WIN10-01.SOC-LAB.LOCAL\",\"severityValue\":\"INFORMATION\",\"message\":\"\\\"Registry value set:\\r\\nRuleName: T1031,T1050\\r\\nEventType: SetValue\\r\\nUtcTime: 2026-10-02 03:06:24.097\\r\\nProcessGuid: {e12a69d9-1f98-6abf-0b00-000000001700}\\r\\nProcessId: 684\\r\\nImage: C:\\\\Windows\\\\system32\\\\services.exe\\r\\nTargetObject: HKLM\\\\System\\\\CurrentControlSet\\\\Services\\\\UdkUserSvc_9580f\\\\Start\\r\\nDetails: DWORD (0x00000003)\\r\\nUser: NT AUTHORITY\\\\SYSTEM\\\"\"},\"eventdata\":{\"ruleName\":\"T1031,T1050\",\"eventType\":\"SetValue\",\"utcTime\":\"2026-10-02 03:06:24.097\",\"processGuid\":\"{e12a69d9-1f98-6abf-0b00-000000001700}\",\"processId\":\"684\",\"image\":\"C:\\\\\\\\Windows\\\\\\\\system32\\\\\\\\services.exe\",\"targetObject\":\"HKLM\\\\\\\\System\\\\\\\\CurrentControlSet\\\\\\\\Services\\\\\\\\UdkUserSvc_9580f\\\\\\\\Start\",\"details\":\"DWORD (0x00000003)\",\"user\":\"NT AUTHORITY\\\\\\\\SYSTEM\"}}}","decoder":{"name":"windows_eventchannel"},"data":{"win":{"system":{"providerName":"Microsoft-Windows-Sysmon","providerGuid":"{5770385f-c22a-43e0-bf4c-06f5698ffbd9}","eventID":"13","version":"2","level":"4","task":"13","opcode":"0","keywords":"0x8000000000000000","systemTime":"2026-10-02T03:06:24.1006033Z","eventRecordID":"11380","processID":"2140","threadID":"4056","channel":"Microsoft-Windows-Sysmon/Operational","computer":"WIN10-01.SOC-LAB.LOCAL","severityValue":"INFORMATION","message":"\"Registry value set:\r\nRuleName: T1031,T1050\r\nEventType: SetValue\r\nUtcTime: 2026-10-02 03:06:24.097\r\nProcessGuid: {e12a69d9-1f98-6abf-0b00-000000001700}\r\nProcessId: 684\r\nImage: C:\\Windows\\system32\\services.exe\r\nTargetObject: HKLM\\System\\CurrentControlSet\\Services\\UdkUserSvc_9580f\\Start\r\nDetails: DWORD (0x00000003)\r\nUser: NT AUTHORITY\\SYSTEM\""},"eventdata":{"ruleName":"T1031,T1050","eventType":"SetValue","utcTime":"2026-10-02 03:06:24.097","processGuid":"{e12a69d9-1f98-6abf-0b00-000000001700}","processId":"684","image":"C:\\\\Windows\\\\system32\\\\services.exe","targetObject":"HKLM\\\\System\\\\CurrentControlSet\\\\Services\\\\UdkUserSvc_9580f\\\\Start","details":"DWORD (0x00000003)","user":"NT AUTHORITY\\\\SYSTEM"}}},"location":"EventChannel"}
{"timestamp":"2026-10-02T03:06:36.657+0000","rule":{"level":3,"description":"Evidence of new service creation found in registry under HKLM\\\\System\\\\CurrentControlSet\\\\Services\\\\UdkUserSvc_9580f\\\\ImagePath binary is: C:\\\\Windows\\\\system32\\\\svchost.exe -k UdkSvcGroup","id":"92307","mitre":{"id":["T1543.003"],"tactic":["Persistence","Privilege Escalation"],"technique":["Windows Service"]},"firedtimes":16,"mail":false,"groups":["sysmon","sysmon_eid13_detections","windows"]},"agent":{"id":"001","name":"SOC-WIN10","ip":"192.168.50.20"},"manager":{"name":"soc-wazuh"},"id":"1790910396.236720","full_log":"{\"win\":{\"system\":{\"providerName\":\"Microsoft-Windows-Sysmon\",\"providerGuid\":\"{5770385f-c22a-43e0-bf4c-06f5698ffbd9}\",\"eventID\":\"13\",\"version\":\"2\",\"level\":\"4\",\"task\":\"13\",\"opcode\":\"0\",\"keywords\":\"0x8000000000000000\",\"systemTime\":\"2026-10-02T03:06:24.1007111Z\",\"eventRecordID\":\"11381\",\"processID\":\"2140\",\"threadID\":\"4056\",\"channel\":\"Microsoft-Windows-Sysmon/Operational\",\"computer\":\"WIN10-01.SOC-LAB.LOCAL\",\"severityValue\":\"INFORMATION\",\"message\":\"\\\"Registry value set:\\r\\nRuleName: T1031,T1050\\r\\nEventType: SetValue\\r\\nUtcTime: 2026-10-02 03:06:24.097\\r\\nProcessGuid: {e12a69d9-1f98-6abf-0b00-000000001700}\\r\\nProcessId: 684\\r\\nImage: C:\\\\Windows\\\\system32\\\\services.exe\\r\\nTargetObject: HKLM\\\\System\\\\CurrentControlSet\\\\Services\\\\UdkUserSvc_9580f\\\\ImagePath\\r\\nDetails: C:\\\\Windows\\\\system32\\\\svchost.exe -k UdkSvcGroup\\r\\nUser: NT AUTHORITY\\\\SYSTEM\\\"\"},\"eventdata\":{\"ruleName\":\"T1031,T1050\",\"eventType\":\"SetValue\",\"utcTime\":\"2026-10-02 03:06:24.097\",\"processGuid\":\"{e12a69d9-1f98-6abf-0b00-000000001700}\",\"processId\":\"684\",\"image\":\"C:\\\\\\\\Windows\\\\\\\\system32\\\\\\\\services.exe\",\"targetObject\":\"HKLM\\\\\\\\System\\\\\\\\CurrentControlSet\\\\\\\\Services\\\\\\\\UdkUserSvc_9580f\\\\\\\\ImagePath\",\"details\":\"C:\\\\\\\\Windows\\\\\\\\system32\\\\\\\\svchost.exe -k UdkSvcGroup\",\"user\":\"NT AUTHORITY\\\\\\\\SYSTEM\"}}}","decoder":{"name":"windows_eventchannel"},"data":{"win":{"system":{"providerName":"Microsoft-Windows-Sysmon","providerGuid":"{5770385f-c22a-43e0-bf4c-06f5698ffbd9}","eventID":"13","version":"2","level":"4","task":"13","opcode":"0","keywords":"0x8000000000000000","systemTime":"2026-10-02T03:06:24.1007111Z","eventRecordID":"11381","processID":"2140","threadID":"4056","channel":"Microsoft-Windows-Sysmon/Operational","computer":"WIN10-01.SOC-LAB.LOCAL","severityValue":"INFORMATION","message":"\"Registry value set:\r\nRuleName: T1031,T1050\r\nEventType: SetValue\r\nUtcTime: 2026-10-02 03:06:24.097\r\nProcessGuid: {e12a69d9-1f98-6abf-0b00-000000001700}\r\nProcessId: 684\r\nImage: C:\\Windows\\system32\\services.exe\r\nTargetObject: HKLM\\System\\CurrentControlSet\\Services\\UdkUserSvc_9580f\\ImagePath\r\nDetails: C:\\Windows\\system32\\svchost.exe -k UdkSvcGroup\r\nUser: NT AUTHORITY\\SYSTEM\""},"eventdata":{"ruleName":"T1031,T1050","eventType":"SetValue","utcTime":"2026-10-02 03:06:24.097","processGuid":"{e12a69d9-1f98-6abf-0b00-000000001700}","processId":"684","image":"C:\\\\Windows\\\\system32\\\\services.exe","targetObject":"HKLM\\\\System\\\\CurrentControlSet\\\\Services\\\\UdkUserSvc_9580f\\\\ImagePath","details":"C:\\\\Windows\\\\system32\\\\svchost.exe -k UdkSvcGroup","user":"NT AUTHORITY\\\\SYSTEM"}}},"location":"EventChannel"}
{"timestamp":"2026-10-02T03:06:36.676+0000","agent":{"id":"001","name":"SOC-WIN10","ip":"192.168.50.20"},"manager":{"name":"soc-wazuh"},"id":"1790910396.236720","full_log":"{\"win\":{\"system\":{\"providerName\":\"Microsoft-Windows-Sysmon\",\"providerGuid\":\"{5770385f-c22a-43e0-bf4c-06f5698ffbd9}\",\"eventID\":\"13\",\"version\":\"2\",\"level\":\"4\",\"task\":\"13\",\"opcode\":\"0\",\"keywords\":\"0x8000000000000000\",\"systemTime\":\"2026-10-02T03:06:24.1011122Z\",\"eventRecordID\":\"11382\",\"processID\":\"2140\",\"threadID\":\"4056\",\"channel\":\"Microsoft-Windows-Sysmon/Operational\",\"computer\":\"WIN10-01.SOC-LAB.LOCAL\",\"severityValue\":\"INFORMATION\",\"message\":\"\\\"Registry value set:\\r\\nRuleName: T1031,T1050\\r\\nEventType: SetValue\\r\\nUtcTime: 2026-10-02 03:06:24.097\\r\\nProcessGuid: {e12a69d9-1f98-6abf-0b00-000000001700}\\r\\nProcessId: 684\\r\\nImage: C:\\\\Windows\\\\system32\\\\services.exe\\r\\nTargetObject: HKLM\\\\System\\\\CurrentControlSet\\\\Services\\\\UnistoreSvc_9580f\\\\Start\\r\\nDetails: DWORD (0x00000003)\\r\\nUser: NT AUTHORITY\\\\SYSTEM\\\"\"},\"eventdata\":{\"ruleName\":\"T1031,T1050\",\"eventType\":\"SetValue\",\"utcTime\":\"2026-10-02 03:06:24.097\",\"processGuid\":\"{e12a69d9-1f98-6abf-0b00-000000001700}\",\"processId\":\"684\",\"image\":\"C:\\\\\\\\Windows\\\\\\\\system32\\\\\\\\services.exe\",\"targetObject\":\"HKLM\\\\\\\\System\\\\\\\\CurrentControlSet\\\\\\\\Services\\\\\\\\UnistoreSvc_9580f\\\\\\\\Start\",\"details\":\"DWORD (0x00000003)\",\"user\":\"NT AUTHORITY\\\\\\\\SYSTEM\"}}}","decoder":{"name":"windows_eventchannel"},"data":{"win":{"system":{"providerName":"Microsoft-Windows-Sysmon","providerGuid":"{5770385f-c22a-43e0-bf4c-06f5698ffbd9}","eventID":"13","version":"2","level":"4","task":"13","opcode":"0","keywords":"0x8000000000000000","systemTime":"2026-10-02T03:06:24.1011122Z","eventRecordID":"11382","processID":"2140","threadID":"4056","channel":"Microsoft-Windows-Sysmon/Operational","computer":"WIN10-01.SOC-LAB.LOCAL","severityValue":"INFORMATION","message":"\"Registry value set:\r\nRuleName: T1031,T1050\r\nEventType: SetValue\r\nUtcTime: 2026-10-02 03:06:24.097\r\nProcessGuid: {e12a69d9-1f98-6abf-0b00-000000001700}\r\nProcessId: 684\r\nImage: C:\\Windows\\system32\\services.exe\r\nTargetObject: HKLM\\System\\CurrentControlSet\\Services\\UnistoreSvc_9580f\\Start\r\nDetails: DWORD (0x00000003)\r\nUser: NT AUTHORITY\\SYSTEM\""},"eventdata":{"ruleName":"T1031,T1050","eventType":"SetValue","utcTime":"2026-10-02 03:06:24.097","processGuid":"{e12a69d9-1f98-6abf-0b00-000000001700}","processId":"684","image":"C:\\\\Windows\\\\system32\\\\services.exe","targetObject":"HKLM\\\\System\\\\CurrentControlSet\\\\Services\\\\UnistoreSvc_9580f\\\\Start","details":"DWORD (0x00000003)","user":"NT AUTHORITY\\\\SYSTEM"}}},"location":"EventChannel"}
{"timestamp":"2026-10-02T03:06:36.694+0000","rule":{"level":3,"description":"Evidence of new service creation found in registry under HKLM\\\\System\\\\CurrentControlSet\\\\Services\\\\UnistoreSvc_9580f\\\\ImagePath binary is: C:\\\\Windows\\\\System32\\\\svchost.exe -k UnistackSvcGroup","id":"92307","mitre":{"id":["T1543.003"],"tactic":["Persistence","Privilege Escalation"],"technique":["Windows Service"]},"firedtimes":17,"mail":false,"groups":["sysmon","sysmon_eid13_detections","windows"]},"agent":{"id":"001","name":"SOC-WIN10","ip":"192.168.50.20"},"manager":{"name":"soc-wazuh"},"id":"1790910396.236720","full_log":"{\"win\":{\"system\":{\"providerName\":\"Microsoft-Windows-Sysmon\",\"providerGuid\":\"{5770385f-c22a-43e0-bf4c-06f5698ffbd9}\",\"eventID\":\"13\",\"version\":\"2\",\"level\":\"4\",\"task\":\"13\",\"opcode\":\"0\",\"keywords\":\"0x8000000000000000\",\"systemTime\":\"2026-10-02T03:06:24.1012330Z\",\"eventRecordID\":\"11383\",\"processID\":\"2140\",\"threadID\":\"4056\",\"channel\":\"Microsoft-Windows-Sysmon/Operational\",\"computer\":\"WIN10-01.SOC-LAB.LOCAL\",\"severityValue\":\"INFORMATION\",\"message\":\"\\\"Registry value set:\\r\\nRuleName: T1031,T1050\\r\\nEventType: SetValue\\r\\nUtcTime: 2026-10-02 03:06:24.097\\r\\nProcessGuid: {e12a69d9-1f98-6abf-0b00-000000001700}\\r\\nProcessId: 684\\r\\nImage: C:\\\\Windows\\\\system32\\\\services.exe\\r\\nTargetObject: HKLM\\\\System\\\\CurrentControlSet\\\\Services\\\\UnistoreSvc_9580f\\\\ImagePath\\r\\nDetails: C:\\\\Windows\\\\System32\\\\svchost.exe -k UnistackSvcGroup\\r\\nUser: NT AUTHORITY\\\\SYSTEM\\\"\"},\"eventdata\":{\"ruleName\":\"T1031,T1050\",\"eventType\":\"SetValue\",\"utcTime\":\"2026-10-02 03:06:24.097\",\"processGuid\":\"{e12a69d9-1f98-6abf-0b00-000000001700}\",\"processId\":\"684\",\"image\":\"C:\\\\\\\\Windows\\\\\\\\system32\\\\\\\\services.exe\",\"targetObject\":\"HKLM\\\\\\\\System\\\\\\\\CurrentControlSet\\\\\\\\Services\\\\\\\\UnistoreSvc_9580f\\\\\\\\ImagePath\",\"details\":\"C:\\\\\\\\Windows\\\\\\\\System32\\\\\\\\svchost.exe -k UnistackSvcGroup\",\"user\":\"NT AUTHORITY\\\\\\\\SYSTEM\"}}}","decoder":{"name":"windows_eventchannel"},"data":{"win":{"system":{"providerName":"Microsoft-Windows-Sysmon","providerGuid":"{5770385f-c22a-43e0-bf4c-06f5698ffbd9}","eventID":"13","version":"2","level":"4","task":"13","opcode":"0","keywords":"0x8000000000000000","systemTime":"2026-10-02T03:06:24.1012330Z","eventRecordID":"11383","processID":"2140","threadID":"4056","channel":"Microsoft-Windows-Sysmon/Operational","computer":"WIN10-01.SOC-LAB.LOCAL","severityValue":"INFORMATION","message":"\"Registry value set:\r\nRuleName: T1031,T1050\r\nEventType: SetValue\r\nUtcTime: 2026-10-02 03:06:24.097\r\nProcessGuid: {e12a69d9-1f98-6abf-0b00-000000001700}\r\nProcessId: 684\r\nImage: C:\\Windows\\system32\\services.exe\r\nTargetObject: HKLM\\System\\CurrentControlSet\\Services\\UnistoreSvc_9580f\\ImagePath\r\nDetails: C:\\Windows\\System32\\svchost.exe -k UnistackSvcGroup\r\nUser: NT AUTHORITY\\SYSTEM\""},"eventdata":{"ruleName":"T1031,T1050","eventType":"SetValue","utcTime":"2026-10-02 03:06:24.097","processGuid":"{e12a69d9-1f98-6abf-0b00-000000001700}","processId":"684","image":"C:\\\\Windows\\\\system32\\\\services.exe","targetObject":"HKLM\\\\System\\\\CurrentControlSet\\\\Services\\\\UnistoreSvc_9580f\\\\ImagePath","details":"C:\\\\Windows\\\\System32\\\\svchost.exe -k UnistackSvcGroup","user":"NT AUTHORITY\\\\SYSTEM"}}},"location":"EventChannel"}
{"timestamp":"2026-10-02T03:06:36.707+0000","agent":{"id":"001","name":"SOC-WIN10","ip":"192.168.50.20"},"manager":{"name":"soc-wazuh"},"id":"1790910396.239748","full_log":"{\"win\":{\"system\":{\"providerName\":\"Microsoft-Windows-Sysmon\",\"providerGuid\":\"{5770385f-c22a-43e0-bf4c-06f5698ffbd9}\",\"eventID\":\"13\",\"version\":\"2\",\"level\":\"4\",\"task\":\"13\",\"opcode\":\"0\",\"keywords\":\"0x8000000000000000\",\"systemTime\":\"2026-10-02T03:06:24.1016649Z\",\"eventRecordID\":\"11384\",\"processID\":\"2140\",\"threadID\":\"4056\",\"channel\":\"Microsoft-Windows-Sysmon/Operational\",\"computer\":\"WIN10-01.SOC-LAB.LOCAL\",\"severityValue\":\"INFORMATION\",\"message\":\"\\\"Registry value set:\\r\\nRuleName: T1031,T1050\\r\\nEventType: SetValue\\r\\nUtcTime: 2026-10-02 03:06:24.097\\r\\nProcessGuid: {e12a69d9-1f98-6abf-0b00-000000001700}\\r\\nProcessId: 684\\r\\nImage: C:\\\\Windows\\\\system32\\\\services.exe\\r\\nTargetObject: HKLM\\\\System\\\\CurrentControlSet\\\\Services\\\\UserDataSvc_9580f\\\\Start\\r\\nDetails: DWORD (0x00000003)\\r\\nUser: NT AUTHORITY\\\\SYSTEM\\\"\"},\"eventdata\":{\"ruleName\":\"T1031,T1050\",\"eventType\":\"SetValue\",\"utcTime\":\"2026-10-02 03:06:24.097\",\"processGuid\":\"{e12a69d9-1f98-6abf-0b00-000000001700}\",\"processId\":\"684\",\"image\":\"C:\\\\\\\\Windows\\\\\\\\system32\\\\\\\\services.exe\",\"targetObject\":\"HKLM\\\\\\\\System\\\\\\\\CurrentControlSet\\\\\\\\Services\\\\\\\\UserDataSvc_9580f\\\\\\\\Start\",\"details\":\"DWORD (0x00000003)\",\"user\":\"NT AUTHORITY\\\\\\\\SYSTEM\"}}}","decoder":{"name":"windows_eventchannel"},"data":{"win":{"system":{"providerName":"Microsoft-Windows-Sysmon","providerGuid":"{5770385f-c22a-43e0-bf4c-06f5698ffbd9}","eventID":"13","version":"2","level":"4","task":"13","opcode":"0","keywords":"0x8000000000000000","systemTime":"2026-10-02T03:06:24.1016649Z","eventRecordID":"11384","processID":"2140","threadID":"4056","channel":"Microsoft-Windows-Sysmon/Operational","computer":"WIN10-01.SOC-LAB.LOCAL","severityValue":"INFORMATION","message":"\"Registry value set:\r\nRuleName: T1031,T1050\r\nEventType: SetValue\r\nUtcTime: 2026-10-02 03:06:24.097\r\nProcessGuid: {e12a69d9-1f98-6abf-0b00-000000001700}\r\nProcessId: 684\r\nImage: C:\\Windows\\system32\\services.exe\r\nTargetObject: HKLM\\System\\CurrentControlSet\\Services\\UserDataSvc_9580f\\Start\r\nDetails: DWORD (0x00000003)\r\nUser: NT AUTHORITY\\SYSTEM\""},"eventdata":{"ruleName":"T1031,T1050","eventType":"SetValue","utcTime":"2026-10-02 03:06:24.097","processGuid":"{e12a69d9-1f98-6abf-0b00-000000001700}","processId":"684","image":"C:\\\\Windows\\\\system32\\\\services.exe","targetObject":"HKLM\\\\System\\\\CurrentControlSet\\\\Services\\\\UserDataSvc_9580f\\\\Start","details":"DWORD (0x00000003)","user":"NT AUTHORITY\\\\SYSTEM"}}},"location":"EventChannel"}
{"timestamp":"2026-10-02T03:06:36.719+0000","rule":{"level":3,"description":"Evidence of new service creation found in registry under HKLM\\\\System\\\\CurrentControlSet\\\\Services\\\\UserDataSvc_9580f\\\\ImagePath binary is: C:\\\\Windows\\\\system32\\\\svchost.exe -k UnistackSvcGroup","id":"92307","mitre":{"id":["T1543.003"],"tactic":["Persistence","Privilege Escalation"],"technique":["Windows Service"]},"firedtimes":18,"mail":false,"groups":["sysmon","sysmon_eid13_detections","windows"]},"agent":{"id":"001","name":"SOC-WIN10","ip":"192.168.50.20"},"manager":{"name":"soc-wazuh"},"id":"1790910396.242806","full_log":"{\"win\":{\"system\":{\"providerName\":\"Microsoft-Windows-Sysmon\",\"providerGuid\":\"{5770385f-c22a-43e0-bf4c-06f5698ffbd9}\",\"eventID\":\"13\",\"version\":\"2\",\"level\":\"4\",\"task\":\"13\",\"opcode\":\"0\",\"keywords\":\"0x8000000000000000\",\"systemTime\":\"2026-10-02T03:06:24.1017244Z\",\"eventRecordID\":\"11385\",\"processID\":\"2140\",\"threadID\":\"4056\",\"channel\":\"Microsoft-Windows-Sysmon/Operational\",\"computer\":\"WIN10-01.SOC-LAB.LOCAL\",\"severityValue\":\"INFORMATION\",\"message\":\"\\\"Registry value set:\\r\\nRuleName: T1031,T1050\\r\\nEventType: SetValue\\r\\nUtcTime: 2026-10-02 03:06:24.097\\r\\nProcessGuid: {e12a69d9-1f98-6abf-0b00-000000001700}\\r\\nProcessId: 684\\r\\nImage: C:\\\\Windows\\\\system32\\\\services.exe\\r\\nTargetObject: HKLM\\\\System\\\\CurrentControlSet\\\\Services\\\\UserDataSvc_9580f\\\\ImagePath\\r\\nDetails: C:\\\\Windows\\\\system32\\\\svchost.exe -k UnistackSvcGroup\\r\\nUser: NT AUTHORITY\\\\SYSTEM\\\"\"},\"eventdata\":{\"ruleName\":\"T1031,T1050\",\"eventType\":\"SetValue\",\"utcTime\":\"2026-10-02 03:06:24.097\",\"processGuid\":\"{e12a69d9-1f98-6abf-0b00-000000001700}\",\"processId\":\"684\",\"image\":\"C:\\\\\\\\Windows\\\\\\\\system32\\\\\\\\services.exe\",\"targetObject\":\"HKLM\\\\\\\\System\\\\\\\\CurrentControlSet\\\\\\\\Services\\\\\\\\UserDataSvc_9580f\\\\\\\\ImagePath\",\"details\":\"C:\\\\\\\\Windows\\\\\\\\system32\\\\\\\\svchost.exe -k UnistackSvcGroup\",\"user\":\"NT AUTHORITY\\\\\\\\SYSTEM\"}}}","decoder":{"name":"windows_eventchannel"},"data":{"win":{"system":{"providerName":"Microsoft-Windows-Sysmon","providerGuid":"{5770385f-c22a-43e0-bf4c-06f5698ffbd9}","eventID":"13","version":"2","level":"4","task":"13","opcode":"0","keywords":"0x8000000000000000","systemTime":"2026-10-02T03:06:24.1017244Z","eventRecordID":"11385","processID":"2140","threadID":"4056","channel":"Microsoft-Windows-Sysmon/Operational","computer":"WIN10-01.SOC-LAB.LOCAL","severityValue":"INFORMATION","message":"\"Registry value set:\r\nRuleName: T1031,T1050\r\nEventType: SetValue\r\nUtcTime: 2026-10-02 03:06:24.097\r\nProcessGuid: {e12a69d9-1f98-6abf-0b00-000000001700}\r\nProcessId: 684\r\nImage: C:\\Windows\\system32\\services.exe\r\nTargetObject: HKLM\\System\\CurrentControlSet\\Services\\UserDataSvc_9580f\\ImagePath\r\nDetails: C:\\Windows\\system32\\svchost.exe -k UnistackSvcGroup\r\nUser: NT AUTHORITY\\SYSTEM\""},"eventdata":{"ruleName":"T1031,T1050","eventType":"SetValue","utcTime":"2026-10-02 03:06:24.097","processGuid":"{e12a69d9-1f98-6abf-0b00-000000001700}","processId":"684","image":"C:\\\\Windows\\\\system32\\\\services.exe","targetObject":"HKLM\\\\System\\\\CurrentControlSet\\\\Services\\\\UserDataSvc_9580f\\\\ImagePath","details":"C:\\\\Windows\\\\system32\\\\svchost.exe -k UnistackSvcGroup","user":"NT AUTHORITY\\\\SYSTEM"}}},"location":"EventChannel"}
{"timestamp":"2026-10-02T03:06:36.735+0000","agent":{"id":"001","name":"SOC-WIN10","ip":"192.168.50.20"},"manager":{"name":"soc-wazuh"},"id":"1790910396.242806","full_log":"{\"win\":{\"system\":{\"providerName\":\"Microsoft-Windows-Sysmon\",\"providerGuid\":\"{5770385f-c22a-43e0-bf4c-06f5698ffbd9}\",\"eventID\":\"13\",\"version\":\"2\",\"level\":\"4\",\"task\":\"13\",\"opcode\":\"0\",\"keywords\":\"0x8000000000000000\",\"systemTime\":\"2026-10-02T03:06:24.1019466Z\",\"eventRecordID\":\"11386\",\"processID\":\"2140\",\"threadID\":\"4056\",\"channel\":\"Microsoft-Windows-Sysmon/Operational\",\"computer\":\"WIN10-01.SOC-LAB.LOCAL\",\"severityValue\":\"INFORMATION\",\"message\":\"\\\"Registry value set:\\r\\nRuleName: T1031,T1050\\r\\nEventType: SetValue\\r\\nUtcTime: 2026-10-02 03:06:24.097\\r\\nProcessGuid: {e12a69d9-1f98-6abf-0b00-000000001700}\\r\\nProcessId: 684\\r\\nImage: C:\\\\Windows\\\\system32\\\\services.exe\\r\\nTargetObject: HKLM\\\\System\\\\CurrentControlSet\\\\Services\\\\WpnUserService_9580f\\\\Start\\r\\nDetails: DWORD (0x00000002)\\r\\nUser: NT AUTHORITY\\\\SYSTEM\\\"\"},\"eventdata\":{\"ruleName\":\"T1031,T1050\",\"eventType\":\"SetValue\",\"utcTime\":\"2026-10-02 03:06:24.097\",\"processGuid\":\"{e12a69d9-1f98-6abf-0b00-000000001700}\",\"processId\":\"684\",\"image\":\"C:\\\\\\\\Windows\\\\\\\\system32\\\\\\\\services.exe\",\"targetObject\":\"HKLM\\\\\\\\System\\\\\\\\CurrentControlSet\\\\\\\\Services\\\\\\\\WpnUserService_9580f\\\\\\\\Start\",\"details\":\"DWORD (0x00000002)\",\"user\":\"NT AUTHORITY\\\\\\\\SYSTEM\"}}}","decoder":{"name":"windows_eventchannel"},"data":{"win":{"system":{"providerName":"Microsoft-Windows-Sysmon","providerGuid":"{5770385f-c22a-43e0-bf4c-06f5698ffbd9}","eventID":"13","version":"2","level":"4","task":"13","opcode":"0","keywords":"0x8000000000000000","systemTime":"2026-10-02T03:06:24.1019466Z","eventRecordID":"11386","processID":"2140","threadID":"4056","channel":"Microsoft-Windows-Sysmon/Operational","computer":"WIN10-01.SOC-LAB.LOCAL","severityValue":"INFORMATION","message":"\"Registry value set:\r\nRuleName: T1031,T1050\r\nEventType: SetValue\r\nUtcTime: 2026-10-02 03:06:24.097\r\nProcessGuid: {e12a69d9-1f98-6abf-0b00-000000001700}\r\nProcessId: 684\r\nImage: C:\\Windows\\system32\\services.exe\r\nTargetObject: HKLM\\System\\CurrentControlSet\\Services\\WpnUserService_9580f\\Start\r\nDetails: DWORD (0x00000002)\r\nUser: NT AUTHORITY\\SYSTEM\""},"eventdata":{"ruleName":"T1031,T1050","eventType":"SetValue","utcTime":"2026-10-02 03:06:24.097","processGuid":"{e12a69d9-1f98-6abf-0b00-000000001700}","processId":"684","image":"C:\\\\Windows\\\\system32\\\\services.exe","targetObject":"HKLM\\\\System\\\\CurrentControlSet\\\\Services\\\\WpnUserService_9580f\\\\Start","details":"DWORD (0x00000002)","user":"NT AUTHORITY\\\\SYSTEM"}}},"location":"EventChannel"}
{"timestamp":"2026-10-02T03:06:36.751+0000","rule":{"level":3,"description":"Evidence of new service creation found in registry under HKLM\\\\System\\\\CurrentControlSet\\\\Services\\\\WpnUserService_9580f\\\\ImagePath binary is: C:\\\\Windows\\\\system32\\\\svchost.exe -k UnistackSvcGroup","id":"92307","mitre":{"id":["T1543.003"],"tactic":["Persistence","Privilege Escalation"],"technique":["Windows Service"]},"firedtimes":19,"mail":false,"groups":["sysmon","sysmon_eid13_detections","windows"]},"agent":{"id":"001","name":"SOC-WIN10","ip":"192.168.50.20"},"manager":{"name":"soc-wazuh"},"id":"1790910396.242806","full_log":"{\"win\":{\"system\":{\"providerName\":\"Microsoft-Windows-Sysmon\",\"providerGuid\":\"{5770385f-c22a-43e0-bf4c-06f5698ffbd9}\",\"eventID\":\"13\",\"version\":\"2\",\"level\":\"4\",\"task\":\"13\",\"opcode\":\"0\",\"keywords\":\"0x8000000000000000\",\"systemTime\":\"2026-10-02T03:06:24.1020056Z\",\"eventRecordID\":\"11387\",\"processID\":\"2140\",\"threadID\":\"4056\",\"channel\":\"Microsoft-Windows-Sysmon/Operational\",\"computer\":\"WIN10-01.SOC-LAB.LOCAL\",\"severityValue\":\"INFORMATION\",\"message\":\"\\\"Registry value set:\\r\\nRuleName: T1031,T1050\\r\\nEventType: SetValue\\r\\nUtcTime: 2026-10-02 03:06:24.097\\r\\nProcessGuid: {e12a69d9-1f98-6abf-0b00-000000001700}\\r\\nProcessId: 684\\r\\nImage: C:\\\\Windows\\\\system32\\\\services.exe\\r\\nTargetObject: HKLM\\\\System\\\\CurrentControlSet\\\\Services\\\\WpnUserService_9580f\\\\ImagePath\\r\\nDetails: C:\\\\Windows\\\\system32\\\\svchost.exe -k UnistackSvcGroup\\r\\nUser: NT AUTHORITY\\\\SYSTEM\\\"\"},\"eventdata\":{\"ruleName\":\"T1031,T1050\",\"eventType\":\"SetValue\",\"utcTime\":\"2026-10-02 03:06:24.097\",\"processGuid\":\"{e12a69d9-1f98-6abf-0b00-000000001700}\",\"processId\":\"684\",\"image\":\"C:\\\\\\\\Windows\\\\\\\\system32\\\\\\\\services.exe\",\"targetObject\":\"HKLM\\\\\\\\System\\\\\\\\CurrentControlSet\\\\\\\\Services\\\\\\\\WpnUserService_9580f\\\\\\\\ImagePath\",\"details\":\"C:\\\\\\\\Windows\\\\\\\\system32\\\\\\\\svchost.exe -k UnistackSvcGroup\",\"user\":\"NT AUTHORITY\\\\\\\\SYSTEM\"}}}","decoder":{"name":"windows_eventchannel"},"data":{"win":{"system":{"providerName":"Microsoft-Windows-Sysmon","providerGuid":"{5770385f-c22a-43e0-bf4c-06f5698ffbd9}","eventID":"13","version":"2","level":"4","task":"13","opcode":"0","keywords":"0x8000000000000000","systemTime":"2026-10-02T03:06:24.1020056Z","eventRecordID":"11387","processID":"2140","threadID":"4056","channel":"Microsoft-Windows-Sysmon/Operational","computer":"WIN10-01.SOC-LAB.LOCAL","severityValue":"INFORMATION","message":"\"Registry value set:\r\nRuleName: T1031,T1050\r\nEventType: SetValue\r\nUtcTime: 2026-10-02 03:06:24.097\r\nProcessGuid: {e12a69d9-1f98-6abf-0b00-000000001700}\r\nProcessId: 684\r\nImage: C:\\Windows\\system32\\services.exe\r\nTargetObject: HKLM\\System\\CurrentControlSet\\Services\\WpnUserService_9580f\\ImagePath\r\nDetails: C:\\Windows\\system32\\svchost.exe -k UnistackSvcGroup\r\nUser: NT AUTHORITY\\SYSTEM\""},"eventdata":{"ruleName":"T1031,T1050","eventType":"SetValue","utcTime":"2026-10-02 03:06:24.097","processGuid":"{e12a69d9-1f98-6abf-0b00-000000001700}","processId":"684","image":"C:\\\\Windows\\\\system32\\\\services.exe","targetObject":"HKLM\\\\System\\\\CurrentControlSet\\\\Services\\\\WpnUserService_9580f\\\\ImagePath","details":"C:\\\\Windows\\\\system32\\\\svchost.exe -k UnistackSvcGroup","user":"NT AUTHORITY\\\\SYSTEM"}}},"location":"EventChannel"}
{"timestamp":"2026-10-02T03:06:36.766+0000","agent":{"id":"001","name":"SOC-WIN10","ip":"192.168.50.20"},"manager":{"name":"soc-wazuh"},"id":"1790910396.245864","full_log":"{\"win\":{\"system\":{\"providerName\":\"Microsoft-Windows-Sysmon\",\"providerGuid\":\"{5770385f-c22a-43e0-bf4c-06f5698ffbd9}\",\"eventID\":\"1\",\"version\":\"5\",\"level\":\"4\",\"task\":\"1\",\"opcode\":\"0\",\"keywords\":\"0x8000000000000000\",\"systemTime\":\"2026-10-02T03:06:24.1924447Z\",\"eventRecordID\":\"11388\",\"processID\":\"2140\",\"threadID\":\"4056\",\"channel\":\"Microsoft-Windows-Sysmon/Operational\",\"computer\":\"WIN10-01.SOC-LAB.LOCAL\",\"severityValue\":\"INFORMATION\",\"message\":\"\\\"Process Create:\\r\\nRuleName: -\\r\\nUtcTime: 2026-10-02 03:06:24.176\\r\\nProcessGuid: {e12a69d9-1fb0-6abf-8400-000000001700}\\r\\nProcessId: 3880\\r\\nImage: C:\\\\Windows\\\\System32\\\\taskhostw.exe\\r\\nFileVersion: 10.0.19041.5794 (WinBuild.160101.0800)\\r\\nDescription: Host Process for Windows Tasks\\r\\nProduct: Microsoft® Windows® Operating System\\r\\nCompany: Microsoft Corporation\\r\\nOriginalFileName: taskhostw.exe\\r\\nCommandLine: taskhostw.exe USER\\r\\nCurrentDirectory: C:\\\\Windows\\\\system32\\\\\\r\\nUser: SOC-LAB\\\\nam.user\\r\\nLogonGuid: {e12a69d9-1fab-6abf-e90d-090000000000}\\r\\nLogonId: 0x90DE9\\r\\nTerminalSessionId: 1\\r\\nIntegrityLevel: Medium\\r\\nHashes: MD5=D71630DA4364F89F36B47581D4162639,SHA256=4D84D1DB6C572DA841307B814CCF26478429D3A29F304755CE1BAF110E639F64,IMPHASH=3A0C6863CDE566AF997DB2DEFFF9D924\\r\\nParentProcessGuid: {e12a69d9-1f98-6abf-1700-000000001700}\\r\\nParentProcessId: 988\\r\\nParentImage: C:\\\\Windows\\\\System32\\\\svchost.exe\\r\\nParentCommandLine: C:\\\\Windows\\\\system32\\\\svchost.exe -k netsvcs -p\\r\\nParentUser: NT AUTHORITY\\\\SYSTEM\\\"\"},\"eventdata\":{\"utcTime\":\"2026-10-02 03:06:24.176\",\"processGuid\":\"{e12a69d9-1fb0-6abf-8400-000000001700}\",\"processId\":\"3880\",\"image\":\"C:\\\\\\\\Windows\\\\\\\\System32\\\\\\\\taskhostw.exe\",\"fileVersion\":\"10.0.19041.5794 (WinBuild.160101.0800)\",\"description\":\"Host Process for Windows Tasks\",\"product\":\"Microsoft® Windows® Operating System\",\"company\":\"Microsoft Corporation\",\"originalFileName\":\"taskhostw.exe\",\"commandLine\":\"taskhostw.exe USER\",\"currentDirectory\":\"C:\\\\\\\\Windows\\\\\\\\system32\\\\\\\\\",\"user\":\"SOC-LAB\\\\\\\\nam.user\",\"logonGuid\":\"{e12a69d9-1fab-6abf-e90d-090000000000}\",\"logonId\":\"0x90de9\",\"terminalSessionId\":\"1\",\"integrityLevel\":\"Medium\",\"hashes\":\"MD5=D71630DA4364F89F36B47581D4162639,SHA256=4D84D1DB6C572DA841307B814CCF26478429D3A29F304755CE1BAF110E639F64,IMPHASH=3A0C6863CDE566AF997DB2DEFFF9D924\",\"parentProcessGuid\":\"{e12a69d9-1f98-6abf-1700-000000001700}\",\"parentProcessId\":\"988\",\"parentImage\":\"C:\\\\\\\\Windows\\\\\\\\System32\\\\\\\\svchost.exe\",\"parentCommandLine\":\"C:\\\\\\\\Windows\\\\\\\\system32\\\\\\\\svchost.exe -k netsvcs -p\",\"parentUser\":\"NT AUTHORITY\\\\\\\\SYSTEM\"}}}","decoder":{"name":"windows_eventchannel"},"data":{"win":{"system":{"providerName":"Microsoft-Windows-Sysmon","providerGuid":"{5770385f-c22a-43e0-bf4c-06f5698ffbd9}","eventID":"1","version":"5","level":"4","task":"1","opcode":"0","keywords":"0x8000000000000000","systemTime":"2026-10-02T03:06:24.1924447Z","eventRecordID":"11388","processID":"2140","threadID":"4056","channel":"Microsoft-Windows-Sysmon/Operational","computer":"WIN10-01.SOC-LAB.LOCAL","severityValue":"INFORMATION","message":"\"Process Create:\r\nRuleName: -\r\nUtcTime: 2026-10-02 03:06:24.176\r\nProcessGuid: {e12a69d9-1fb0-6abf-8400-000000001700}\r\nProcessId: 3880\r\nImage: C:\\Windows\\System32\\taskhostw.exe\r\nFileVersion: 10.0.19041.5794 (WinBuild.160101.0800)\r\nDescription: Host Process for Windows Tasks\r\nProduct: Microsoft® Windows® Operating System\r\nCompany: Microsoft Corporation\r\nOriginalFileName: taskhostw.exe\r\nCommandLine: taskhostw.exe USER\r\nCurrentDirectory: C:\\Windows\\system32\\\r\nUser: SOC-LAB\\nam.user\r\nLogonGuid: {e12a69d9-1fab-6abf-e90d-090000000000}\r\nLogonId: 0x90DE9\r\nTerminalSessionId: 1\r\nIntegrityLevel: Medium\r\nHashes: MD5=D71630DA4364F89F36B47581D4162639,SHA256=4D84D1DB6C572DA841307B814CCF26478429D3A29F304755CE1BAF110E639F64,IMPHASH=3A0C6863CDE566AF997DB2DEFFF9D924\r\nParentProcessGuid: {e12a69d9-1f98-6abf-1700-000000001700}\r\nParentProcessId: 988\r\nParentImage: C:\\Windows\\System32\\svchost.exe\r\nParentCommandLine: C:\\Windows\\system32\\svchost.exe -k netsvcs -p\r\nParentUser: NT AUTHORITY\\SYSTEM\""},"eventdata":{"utcTime":"2026-10-02 03:06:24.176","processGuid":"{e12a69d9-1fb0-6abf-8400-000000001700}","processId":"3880","image":"C:\\\\Windows\\\\System32\\\\taskhostw.exe","fileVersion":"10.0.19041.5794 (WinBuild.160101.0800)","description":"Host Process for Windows Tasks","product":"Microsoft® Windows® Operating System","company":"Microsoft Corporation","originalFileName":"taskhostw.exe","commandLine":"taskhostw.exe USER","currentDirectory":"C:\\\\Windows\\\\system32\\\\","user":"SOC-LAB\\\\nam.user","logonGuid":"{e12a69d9-1fab-6abf-e90d-090000000000}","logonId":"0x90de9","terminalSessionId":"1","integrityLevel":"Medium","hashes":"MD5=D71630DA4364F89F36B47581D4162639,SHA256=4D84D1DB6C572DA841307B814CCF26478429D3A29F304755CE1BAF110E639F64,IMPHASH=3A0C6863CDE566AF997DB2DEFFF9D924","parentProcessGuid":"{e12a69d9-1f98-6abf-1700-000000001700}","parentProcessId":"988","parentImage":"C:\\\\Windows\\\\System32\\\\svchost.exe","parentCommandLine":"C:\\\\Windows\\\\system32\\\\svchost.exe -k netsvcs -p","parentUser":"NT AUTHORITY\\\\SYSTEM"}}},"location":"EventChannel"}
{"timestamp":"2026-10-02T03:06:36.789+0000","agent":{"id":"001","name":"SOC-WIN10","ip":"192.168.50.20"},"manager":{"name":"soc-wazuh"},"id":"1790910396.245864","full_log":"{\"win\":{\"system\":{\"providerName\":\"Microsoft-Windows-Sysmon\",\"providerGuid\":\"{5770385f-c22a-43e0-bf4c-06f5698ffbd9}\",\"eventID\":\"1\",\"version\":\"5\",\"level\":\"4\",\"task\":\"1\",\"opcode\":\"0\",\"keywords\":\"0x8000000000000000\",\"systemTime\":\"2026-10-02T03:06:24.2633619Z\",\"eventRecordID\":\"11389\",\"processID\":\"2140\",\"threadID\":\"4056\",\"channel\":\"Microsoft-Windows-Sysmon/Operational\",\"computer\":\"WIN10-01.SOC-LAB.LOCAL\",\"severityValue\":\"INFORMATION\",\"message\":\"\\\"Process Create:\\r\\nRuleName: -\\r\\nUtcTime: 2026-10-02 03:06:24.217\\r\\nProcessGuid: {e12a69d9-1fb0-6abf-8500-000000001700}\\r\\nProcessId: 3240\\r\\nImage: C:\\\\Windows\\\\System32\\\\taskhostw.exe\\r\\nFileVersion: 10.0.19041.5794 (WinBuild.160101.0800)\\r\\nDescription: Host Process for Windows Tasks\\r\\nProduct: Microsoft® Windows® Operating System\\r\\nCompany: Microsoft Corporation\\r\\nOriginalFileName: taskhostw.exe\\r\\nCommandLine: taskhostw.exe {222A245B-E637-4AE9-A93F-A59CA119A75E}\\r\\nCurrentDirectory: C:\\\\Windows\\\\system32\\\\\\r\\nUser: SOC-LAB\\\\nam.user\\r\\nLogonGuid: {e12a69d9-1fab-6abf-e90d-090000000000}\\r\\nLogonId: 0x90DE9\\r\\nTerminalSessionId: 1\\r\\nIntegrityLevel: Medium\\r\\nHashes: MD5=D71630DA4364F89F36B47581D4162639,SHA256=4D84D1DB6C572DA841307B814CCF26478429D3A29F304755CE1BAF110E639F64,IMPHASH=3A0C6863CDE566AF997DB2DEFFF9D924\\r\\nParentProcessGuid: {e12a69d9-1f98-6abf-1700-000000001700}\\r\\nParentProcessId: 988\\r\\nParentImage: C:\\\\Windows\\\\System32\\\\svchost.exe\\r\\nParentCommandLine: C:\\\\Windows\\\\system32\\\\svchost.exe -k netsvcs -p\\r\\nParentUser: NT AUTHORITY\\\\SYSTEM\\\"\"},\"eventdata\":{\"utcTime\":\"2026-10-02 03:06:24.217\",\"processGuid\":\"{e12a69d9-1fb0-6abf-8500-000000001700}\",\"processId\":\"3240\",\"image\":\"C:\\\\\\\\Windows\\\\\\\\System32\\\\\\\\taskhostw.exe\",\"fileVersion\":\"10.0.19041.5794 (WinBuild.160101.0800)\",\"description\":\"Host Process for Windows Tasks\",\"product\":\"Microsoft® Windows® Operating System\",\"company\":\"Microsoft Corporation\",\"originalFileName\":\"taskhostw.exe\",\"commandLine\":\"taskhostw.exe {222A245B-E637-4AE9-A93F-A59CA119A75E}\",\"currentDirectory\":\"C:\\\\\\\\Windows\\\\\\\\system32\\\\\\\\\",\"user\":\"SOC-LAB\\\\\\\\nam.user\",\"logonGuid\":\"{e12a69d9-1fab-6abf-e90d-090000000000}\",\"logonId\":\"0x90de9\",\"terminalSessionId\":\"1\",\"integrityLevel\":\"Medium\",\"hashes\":\"MD5=D71630DA4364F89F36B47581D4162639,SHA256=4D84D1DB6C572DA841307B814CCF26478429D3A29F304755CE1BAF110E639F64,IMPHASH=3A0C6863CDE566AF997DB2DEFFF9D924\",\"parentProcessGuid\":\"{e12a69d9-1f98-6abf-1700-000000001700}\",\"parentProcessId\":\"988\",\"parentImage\":\"C:\\\\\\\\Windows\\\\\\\\System32\\\\\\\\svchost.exe\",\"parentCommandLine\":\"C:\\\\\\\\Windows\\\\\\\\system32\\\\\\\\svchost.exe -k netsvcs -p\",\"parentUser\":\"NT AUTHORITY\\\\\\\\SYSTEM\"}}}","decoder":{"name":"windows_eventchannel"},"data":{"win":{"system":{"providerName":"Microsoft-Windows-Sysmon","providerGuid":"{5770385f-c22a-43e0-bf4c-06f5698ffbd9}","eventID":"1","version":"5","level":"4","task":"1","opcode":"0","keywords":"0x8000000000000000","systemTime":"2026-10-02T03:06:24.2633619Z","eventRecordID":"11389","processID":"2140","threadID":"4056","channel":"Microsoft-Windows-Sysmon/Operational","computer":"WIN10-01.SOC-LAB.LOCAL","severityValue":"INFORMATION","message":"\"Process Create:\r\nRuleName: -\r\nUtcTime: 2026-10-02 03:06:24.217\r\nProcessGuid: {e12a69d9-1fb0-6abf-8500-000000001700}\r\nProcessId: 3240\r\nImage: C:\\Windows\\System32\\taskhostw.exe\r\nFileVersion: 10.0.19041.5794 (WinBuild.160101.0800)\r\nDescription: Host Process for Windows Tasks\r\nProduct: Microsoft® Windows® Operating System\r\nCompany: Microsoft Corporation\r\nOriginalFileName: taskhostw.exe\r\nCommandLine: taskhostw.exe {222A245B-E637-4AE9-A93F-A59CA119A75E}\r\nCurrentDirectory: C:\\Windows\\system32\\\r\nUser: SOC-LAB\\nam.user\r\nLogonGuid: {e12a69d9-1fab-6abf-e90d-090000000000}\r\nLogonId: 0x90DE9\r\nTerminalSessionId: 1\r\nIntegrityLevel: Medium\r\nHashes: MD5=D71630DA4364F89F36B47581D4162639,SHA256=4D84D1DB6C572DA841307B814CCF26478429D3A29F304755CE1BAF110E639F64,IMPHASH=3A0C6863CDE566AF997DB2DEFFF9D924\r\nParentProcessGuid: {e12a69d9-1f98-6abf-1700-000000001700}\r\nParentProcessId: 988\r\nParentImage: C:\\Windows\\System32\\svchost.exe\r\nParentCommandLine: C:\\Windows\\system32\\svchost.exe -k netsvcs -p\r\nParentUser: NT AUTHORITY\\SYSTEM\""},"eventdata":{"utcTime":"2026-10-02 03:06:24.217","processGuid":"{e12a69d9-1fb0-6abf-8500-000000001700}","processId":"3240","image":"C:\\\\Windows\\\\System32\\\\taskhostw.exe","fileVersion":"10.0.19041.5794 (WinBuild.160101.0800)","description":"Host Process for Windows Tasks","product":"Microsoft® Windows® Operating System","company":"Microsoft Corporation","originalFileName":"taskhostw.exe","commandLine":"taskhostw.exe {222A245B-E637-4AE9-A93F-A59CA119A75E}","currentDirectory":"C:\\\\Windows\\\\system32\\\\","user":"SOC-LAB\\\\nam.user","logonGuid":"{e12a69d9-1fab-6abf-e90d-090000000000}","logonId":"0x90de9","terminalSessionId":"1","integrityLevel":"Medium","hashes":"MD5=D71630DA4364F89F36B47581D4162639,SHA256=4D84D1DB6C572DA841307B814CCF26478429D3A29F304755CE1BAF110E639F64,IMPHASH=3A0C6863CDE566AF997DB2DEFFF9D924","parentProcessGuid":"{e12a69d9-1f98-6abf-1700-000000001700}","parentProcessId":"988","parentImage":"C:\\\\Windows\\\\System32\\\\svchost.exe","parentCommandLine":"C:\\\\Windows\\\\system32\\\\svchost.exe -k netsvcs -p","parentUser":"NT AUTHORITY\\\\SYSTEM"}}},"location":"EventChannel"}
