{"timestamp":"2026-10-02T04:53:51.394+0000","rule":{"level":7,"description":"SOC Lab: Registry Run Key modification detected - HKU\\\\S-1-5-21-1324826322-2293316327-2538204677-1108\\\\SOFTWARE\\\\Microsoft\\\\Windows\\\\CurrentVersion\\\\Run\\\\MicrosoftEdgeAutoLaunch_EC7A0D1E60FBAA975E56D3FFE1C152F0","id":"100501","mitre":{"id":["T1112","T1547.001"],"tactic":["Defense Evasion","Persistence","Privilege Escalation"],"technique":["Modify Registry","Registry Run Keys / Startup Folder"]},"firedtimes":6,"mail":false,"groups":["local","windows","sysmon","soc_lab"]},"agent":{"id":"001","name":"SOC-WIN10","ip":"192.168.50.20"},"manager":{"name":"soc-wazuh"},"id":"1790916831.1258050","full_log":"{\"win\":{\"system\":{\"providerName\":\"Microsoft-Windows-Sysmon\",\"providerGuid\":\"{5770385f-c22a-43e0-bf4c-06f5698ffbd9}\",\"eventID\":\"13\",\"version\":\"2\",\"level\":\"4\",\"task\":\"13\",\"opcode\":\"0\",\"keywords\":\"0x8000000000000000\",\"systemTime\":\"2026-10-02T04:53:50.1897909Z\",\"eventRecordID\":\"12574\",\"processID\":\"2140\",\"threadID\":\"4056\",\"channel\":\"Microsoft-Windows-Sysmon/Operational\",\"computer\":\"WIN10-01.SOC-LAB.LOCAL\",\"severityValue\":\"INFORMATION\",\"message\":\"\\\"Registry value set:\\r\\nRuleName: T1060,RunKey\\r\\nEventType: SetValue\\r\\nUtcTime: 2026-10-02 04:53:50.175\\r\\nProcessGuid: {e12a69d9-38dd-6abf-3d03-000000001700}\\r\\nProcessId: 2956\\r\\nImage: C:\\\\Program Files (x86)\\\\Microsoft\\\\Edge\\\\Application\\\\msedge.exe\\r\\nTargetObject: HKU\\\\S-1-5-21-1324826322-2293316327-2538204677-1108\\\\SOFTWARE\\\\Microsoft\\\\Windows\\\\CurrentVersion\\\\Run\\\\MicrosoftEdgeAutoLaunch_EC7A0D1E60FBAA975E56D3FFE1C152F0\\r\\nDetails: \\\"C:\\\\Program Files (x86)\\\\Microsoft\\\\Edge\\\\Application\\\\msedge.exe\\\" --no-startup-window --win-session-start\\r\\nUser: SOC-LAB\\\\nam.user\\\"\"},\"eventdata\":{\"ruleName\":\"T1060,RunKey\",\"eventType\":\"SetValue\",\"utcTime\":\"2026-10-02 04:53:50.175\",\"processGuid\":\"{e12a69d9-38dd-6abf-3d03-000000001700}\",\"processId\":\"2956\",\"image\":\"C:\\\\\\\\Program Files (x86)\\\\\\\\Microsoft\\\\\\\\Edge\\\\\\\\Application\\\\\\\\msedge.exe\",\"targetObject\":\"HKU\\\\\\\\S-1-5-21-1324826322-2293316327-2538204677-1108\\\\\\\\SOFTWARE\\\\\\\\Microsoft\\\\\\\\Windows\\\\\\\\CurrentVersion\\\\\\\\Run\\\\\\\\MicrosoftEdgeAutoLaunch_EC7A0D1E60FBAA975E56D3FFE1C152F0\",\"details\":\"\\\\\\\"C:\\\\\\\\Program Files (x86)\\\\\\\\Microsoft\\\\\\\\Edge\\\\\\\\Application\\\\\\\\msedge.exe\\\\\\\" --no-startup-window --win-session-start\",\"user\":\"SOC-LAB\\\\\\\\nam.user\"}}}","decoder":{"name":"windows_eventchannel"},"data":{"win":{"system":{"providerName":"Microsoft-Windows-Sysmon","providerGuid":"{5770385f-c22a-43e0-bf4c-06f5698ffbd9}","eventID":"13","version":"2","level":"4","task":"13","opcode":"0","keywords":"0x8000000000000000","systemTime":"2026-10-02T04:53:50.1897909Z","eventRecordID":"12574","processID":"2140","threadID":"4056","channel":"Microsoft-Windows-Sysmon/Operational","computer":"WIN10-01.SOC-LAB.LOCAL","severityValue":"INFORMATION","message":"\"Registry value set:\r\nRuleName: T1060,RunKey\r\nEventType: SetValue\r\nUtcTime: 2026-10-02 04:53:50.175\r\nProcessGuid: {e12a69d9-38dd-6abf-3d03-000000001700}\r\nProcessId: 2956\r\nImage: C:\\Program Files (x86)\\Microsoft\\Edge\\Application\\msedge.exe\r\nTargetObject: HKU\\S-1-5-21-1324826322-2293316327-2538204677-1108\\SOFTWARE\\Microsoft\\Windows\\CurrentVersion\\Run\\MicrosoftEdgeAutoLaunch_EC7A0D1E60FBAA975E56D3FFE1C152F0\r\nDetails: \"C:\\Program Files (x86)\\Microsoft\\Edge\\Application\\msedge.exe\" --no-startup-window --win-session-start\r\nUser: SOC-LAB\\nam.user\""},"eventdata":{"ruleName":"T1060,RunKey","eventType":"SetValue","utcTime":"2026-10-02 04:53:50.175","processGuid":"{e12a69d9-38dd-6abf-3d03-000000001700}","processId":"2956","image":"C:\\\\Program Files (x86)\\\\Microsoft\\\\Edge\\\\Application\\\\msedge.exe","targetObject":"HKU\\\\S-1-5-21-1324826322-2293316327-2538204677-1108\\\\SOFTWARE\\\\Microsoft\\\\Windows\\\\CurrentVersion\\\\Run\\\\MicrosoftEdgeAutoLaunch_EC7A0D1E60FBAA975E56D3FFE1C152F0","details":"\\\"C:\\\\Program Files (x86)\\\\Microsoft\\\\Edge\\\\Application\\\\msedge.exe\\\" --no-startup-window --win-session-start","user":"SOC-LAB\\\\nam.user"}}},"location":"EventChannel"}
{"timestamp":"2026-10-02T04:53:51.893+0000","agent":{"id":"001","name":"SOC-WIN10","ip":"192.168.50.20"},"manager":{"name":"soc-wazuh"},"id":"1790916831.1258050","full_log":"{\"win\":{\"system\":{\"providerName\":\"Microsoft-Windows-Security-Auditing\",\"providerGuid\":\"{54849625-5478-4994-a5ba-3e3b0328c30d}\",\"eventID\":\"5058\",\"version\":\"1\",\"level\":\"0\",\"task\":\"12292\",\"opcode\":\"0\",\"keywords\":\"0x8020000000000000\",\"systemTime\":\"2026-10-02T04:53:49.9327334Z\",\"eventRecordID\":\"14706\",\"processID\":\"704\",\"threadID\":\"4392\",\"channel\":\"Security\",\"computer\":\"WIN10-01.SOC-LAB.LOCAL\",\"severityValue\":\"AUDIT_SUCCESS\",\"message\":\"\\\"Key file operation.\\r\\n\\r\\nSubject:\\r\\n\\tSecurity ID:\\t\\tS-1-5-18\\r\\n\\tAccount Name:\\t\\tWIN10-01$\\r\\n\\tAccount Domain:\\t\\tSOC-LAB\\r\\n\\tLogon ID:\\t\\t0x3E7\\r\\n\\r\\nProcess Information:\\r\\n\\tProcess ID:\\t\\t7392\\r\\n\\tProcess Creation Time:\\t‎2026‎-‎10‎-‎02T04:53:49.700939100Z\\r\\n\\r\\nCryptographic Parameters:\\r\\n\\tProvider Name:\\tMicrosoft Software Key Storage Provider\\r\\n\\tAlgorithm Name:\\tUNKNOWN\\r\\n\\tKey Name:\\tMicrosoft Edgekey1\\r\\n\\tKey Type:\\tUser key.\\r\\n\\r\\nKey File Operation Information:\\r\\n\\tFile Path:\\tC:\\\\ProgramData\\\\Microsoft\\\\Crypto\\\\SystemKeys\\\\2a61780cbc53cdf276b46ac8e1698f67_e12a69d9-1701-4e4d-8310-aaa0a7beaf07\\r\\n\\tOperation:\\tRead persisted key from file.\\r\\n\\tReturn Code:\\t0x0\\\"\"},\"eventdata\":{\"subjectUserSid\":\"S-1-5-18\",\"subjectUserName\":\"WIN10-01$\",\"subjectDomainName\":\"SOC-LAB\",\"subjectLogonId\":\"0x3e7\",\"clientProcessId\":\"7392\",\"clientCreationTime\":\"2026-10-02T04:53:49.7009391Z\",\"providerName\":\"Microsoft Software Key Storage Provider\",\"algorithmName\":\"UNKNOWN\",\"keyName\":\"Microsoft Edgekey1\",\"keyType\":\"%%2500\",\"keyFilePath\":\"C:\\\\\\\\ProgramData\\\\\\\\Microsoft\\\\\\\\Crypto\\\\\\\\SystemKeys\\\\\\\\2a61780cbc53cdf276b46ac8e1698f67_e12a69d9-1701-4e4d-8310-aaa0a7beaf07\",\"operation\":\"%%2458\",\"returnCode\":\"0x0\"}}}","decoder":{"name":"windows_eventchannel"},"data":{"win":{"system":{"providerName":"Microsoft-Windows-Security-Auditing","providerGuid":"{54849625-5478-4994-a5ba-3e3b0328c30d}","eventID":"5058","version":"1","level":"0","task":"12292","opcode":"0","keywords":"0x8020000000000000","systemTime":"2026-10-02T04:53:49.9327334Z","eventRecordID":"14706","processID":"704","threadID":"4392","channel":"Security","computer":"WIN10-01.SOC-LAB.LOCAL","severityValue":"AUDIT_SUCCESS","message":"\"Key file operation.\r\n\r\nSubject:\r\n\tSecurity ID:\t\tS-1-5-18\r\n\tAccount Name:\t\tWIN10-01$\r\n\tAccount Domain:\t\tSOC-LAB\r\n\tLogon ID:\t\t0x3E7\r\n\r\nProcess Information:\r\n\tProcess ID:\t\t7392\r\n\tProcess Creation Time:\t‎2026‎-‎10‎-‎02T04:53:49.700939100Z\r\n\r\nCryptographic Parameters:\r\n\tProvider Name:\tMicrosoft Software Key Storage Provider\r\n\tAlgorithm Name:\tUNKNOWN\r\n\tKey Name:\tMicrosoft Edgekey1\r\n\tKey Type:\tUser key.\r\n\r\nKey File Operation Information:\r\n\tFile Path:\tC:\\ProgramData\\Microsoft\\Crypto\\SystemKeys\\2a61780cbc53cdf276b46ac8e1698f67_e12a69d9-1701-4e4d-8310-aaa0a7beaf07\r\n\tOperation:\tRead persisted key from file.\r\n\tReturn Code:\t0x0\""},"eventdata":{"subjectUserSid":"S-1-5-18","subjectUserName":"WIN10-01$","subjectDomainName":"SOC-LAB","subjectLogonId":"0x3e7","clientProcessId":"7392","clientCreationTime":"2026-10-02T04:53:49.7009391Z","providerName":"Microsoft Software Key Storage Provider","algorithmName":"UNKNOWN","keyName":"Microsoft Edgekey1","keyType":"%%2500","keyFilePath":"C:\\\\ProgramData\\\\Microsoft\\\\Crypto\\\\SystemKeys\\\\2a61780cbc53cdf276b46ac8e1698f67_e12a69d9-1701-4e4d-8310-aaa0a7beaf07","operation":"%%2458","returnCode":"0x0"}}},"location":"EventChannel"}
{"timestamp":"2026-10-02T04:53:51.907+0000","agent":{"id":"001","name":"SOC-WIN10","ip":"192.168.50.20"},"manager":{"name":"soc-wazuh"},"id":"1790916831.1258050","full_log":"{\"win\":{\"system\":{\"providerName\":\"Microsoft-Windows-Security-Auditing\",\"providerGuid\":\"{54849625-5478-4994-a5ba-3e3b0328c30d}\",\"eventID\":\"5061\",\"version\":\"0\",\"level\":\"0\",\"task\":\"12290\",\"opcode\":\"0\",\"keywords\":\"0x8020000000000000\",\"systemTime\":\"2026-10-02T04:53:49.9329261Z\",\"eventRecordID\":\"14707\",\"processID\":\"704\",\"threadID\":\"4392\",\"channel\":\"Security\",\"computer\":\"WIN10-01.SOC-LAB.LOCAL\",\"severityValue\":\"AUDIT_SUCCESS\",\"message\":\"\\\"Cryptographic operation.\\r\\n\\r\\nSubject:\\r\\n\\tSecurity ID:\\t\\tS-1-5-18\\r\\n\\tAccount Name:\\t\\tWIN10-01$\\r\\n\\tAccount Domain:\\t\\tSOC-LAB\\r\\n\\tLogon ID:\\t\\t0x3E7\\r\\n\\r\\nCryptographic Parameters:\\r\\n\\tProvider Name:\\tMicrosoft Software Key Storage Provider\\r\\n\\tAlgorithm Name:\\tAES\\r\\n\\tKey Name:\\tMicrosoft Edgekey1\\r\\n\\tKey Type:\\tUser key.\\r\\n\\r\\nCryptographic Operation:\\r\\n\\tOperation:\\tOpen Key.\\r\\n\\tReturn Code:\\t0x0\\\"\"},\"eventdata\":{\"subjectUserSid\":\"S-1-5-18\",\"subjectUserName\":\"WIN10-01$\",\"subjectDomainName\":\"SOC-LAB\",\"subjectLogonId\":\"0x3e7\",\"providerName\":\"Microsoft Software Key Storage Provider\",\"algorithmName\":\"AES\",\"keyName\":\"Microsoft Edgekey1\",\"keyType\":\"%%2500\",\"operation\":\"%%2480\",\"returnCode\":\"0x0\"}}}","decoder":{"name":"windows_eventchannel"},"data":{"win":{"system":{"providerName":"Microsoft-Windows-Security-Auditing","providerGuid":"{54849625-5478-4994-a5ba-3e3b0328c30d}","eventID":"5061","version":"0","level":"0","task":"12290","opcode":"0","keywords":"0x8020000000000000","systemTime":"2026-10-02T04:53:49.9329261Z","eventRecordID":"14707","processID":"704","threadID":"4392","channel":"Security","computer":"WIN10-01.SOC-LAB.LOCAL","severityValue":"AUDIT_SUCCESS","message":"\"Cryptographic operation.\r\n\r\nSubject:\r\n\tSecurity ID:\t\tS-1-5-18\r\n\tAccount Name:\t\tWIN10-01$\r\n\tAccount Domain:\t\tSOC-LAB\r\n\tLogon ID:\t\t0x3E7\r\n\r\nCryptographic Parameters:\r\n\tProvider Name:\tMicrosoft Software Key Storage Provider\r\n\tAlgorithm Name:\tAES\r\n\tKey Name:\tMicrosoft Edgekey1\r\n\tKey Type:\tUser key.\r\n\r\nCryptographic Operation:\r\n\tOperation:\tOpen Key.\r\n\tReturn Code:\t0x0\""},"eventdata":{"subjectUserSid":"S-1-5-18","subjectUserName":"WIN10-01$","subjectDomainName":"SOC-LAB","subjectLogonId":"0x3e7","providerName":"Microsoft Software Key Storage Provider","algorithmName":"AES","keyName":"Microsoft Edgekey1","keyType":"%%2500","operation":"%%2480","returnCode":"0x0"}}},"location":"EventChannel"}
{"timestamp":"2026-10-02T04:53:51.908+0000","agent":{"id":"001","name":"SOC-WIN10","ip":"192.168.50.20"},"manager":{"name":"soc-wazuh"},"id":"1790916831.1258050","full_log":"{\"win\":{\"system\":{\"providerName\":\"Microsoft-Windows-Security-Auditing\",\"providerGuid\":\"{54849625-5478-4994-a5ba-3e3b0328c30d}\",\"eventID\":\"4624\",\"version\":\"2\",\"level\":\"0\",\"task\":\"12544\",\"opcode\":\"0\",\"keywords\":\"0x8020000000000000\",\"systemTime\":\"2026-10-02T04:53:50.3548779Z\",\"eventRecordID\":\"14708\",\"processID\":\"704\",\"threadID\":\"7444\",\"channel\":\"Security\",\"computer\":\"WIN10-01.SOC-LAB.LOCAL\",\"severityValue\":\"AUDIT_SUCCESS\",\"message\":\"\\\"An account was successfully logged on.\\r\\n\\r\\nSubject:\\r\\n\\tSecurity ID:\\t\\tS-1-5-18\\r\\n\\tAccount Name:\\t\\tWIN10-01$\\r\\n\\tAccount Domain:\\t\\tSOC-LAB\\r\\n\\tLogon ID:\\t\\t0x3E7\\r\\n\\r\\nLogon Information:\\r\\n\\tLogon Type:\\t\\t5\\r\\n\\tRestricted Admin Mode:\\t-\\r\\n\\tVirtual Account:\\t\\tNo\\r\\n\\tElevated Token:\\t\\tYes\\r\\n\\r\\nImpersonation Level:\\t\\tImpersonation\\r\\n\\r\\nNew Logon:\\r\\n\\tSecurity ID:\\t\\tS-1-5-18\\r\\n\\tAccount Name:\\t\\tSYSTEM\\r\\n\\tAccount Domain:\\t\\tNT AUTHORITY\\r\\n\\tLogon ID:\\t\\t0x3E7\\r\\n\\tLinked Logon ID:\\t\\t0x0\\r\\n\\tNetwork Account Name:\\t-\\r\\n\\tNetwork Account Domain:\\t-\\r\\n\\tLogon GUID:\\t\\t{00000000-0000-0000-0000-000000000000}\\r\\n\\r\\nProcess Information:\\r\\n\\tProcess ID:\\t\\t0x2ac\\r\\n\\tProcess Name:\\t\\tC:\\\\Windows\\\\System32\\\\services.exe\\r\\n\\r\\nNetwork Information:\\r\\n\\tWorkstation Name:\\t-\\r\\n\\tSource Network Address:\\t-\\r\\n\\tSource Port:\\t\\t-\\r\\n\\r\\nDetailed Authentication Information:\\r\\n\\tLogon Process:\\t\\tAdvapi  \\r\\n\\tAuthentication Package:\\tNegotiate\\r\\n\\tTransited Services:\\t-\\r\\n\\tPackage Name (NTLM only):\\t-\\r\\n\\tKey Length:\\t\\t0\\r\\n\\r\\nThis event is generated when a logon session is created. It is generated on the computer that was accessed.\\r\\n\\r\\nThe subject fields indicate the account on the local system which requested the logon. This is most commonly a service such as the Server service, or a local process such as Winlogon.exe or Services.exe.\\r\\n\\r\\nThe logon type field indicates the kind of logon that occurred. The most common types are 2 (interactive) and 3 (network).\\r\\n\\r\\nThe New Logon fields indicate the account for whom the new logon was created, i.e. the account that was logged on.\\r\\n\\r\\nThe network fields indicate where a remote logon request originated. Workstation name is not always available and may be left blank in some cases.\\r\\n\\r\\nThe impersonation level field indicates the extent to which a process in the logon session can impersonate.\\r\\n\\r\\nThe authentication information fields provide detailed information about this specific logon request.\\r\\n\\t- Logon GUID is a unique identifier that can be used to correlate this event with a KDC event.\\r\\n\\t- Transited services indicate which intermediate services have participated in this logon request.\\r\\n\\t- Package name indicates which sub-protocol was used among the NTLM protocols.\\r\\n\\t- Key length indicates the length of the generated session key. This will be 0 if no session key was requested.\\\"\"},\"eventdata\":{\"subjectUserSid\":\"S-1-5-18\",\"subjectUserName\":\"WIN10-01$\",\"subjectDomainName\":\"SOC-LAB\",\"subjectLogonId\":\"0x3e7\",\"targetUserSid\":\"S-1-5-18\",\"targetUserName\":\"SYSTEM\",\"targetDomainName\":\"NT AUTHORITY\",\"targetLogonId\":\"0x3e7\",\"logonType\":\"5\",\"logonProcessName\":\"Advapi\",\"authenticationPackageName\":\"Negotiate\",\"logonGuid\":\"{00000000-0000-0000-0000-000000000000}\",\"keyLength\":\"0\",\"processId\":\"0x2ac\",\"processName\":\"C:\\\\\\\\Windows\\\\\\\\System32\\\\\\\\services.exe\",\"impersonationLevel\":\"%%1833\",\"virtualAccount\":\"%%1843\",\"targetLinkedLogonId\":\"0x0\",\"elevatedToken\":\"%%1842\"}}}","decoder":{"name":"windows_eventchannel"},"data":{"win":{"system":{"providerName":"Microsoft-Windows-Security-Auditing","providerGuid":"{54849625-5478-4994-a5ba-3e3b0328c30d}","eventID":"4624","version":"2","level":"0","task":"12544","opcode":"0","keywords":"0x8020000000000000","systemTime":"2026-10-02T04:53:50.3548779Z","eventRecordID":"14708","processID":"704","threadID":"7444","channel":"Security","computer":"WIN10-01.SOC-LAB.LOCAL","severityValue":"AUDIT_SUCCESS","message":"\"An account was successfully logged on.\r\n\r\nSubject:\r\n\tSecurity ID:\t\tS-1-5-18\r\n\tAccount Name:\t\tWIN10-01$\r\n\tAccount Domain:\t\tSOC-LAB\r\n\tLogon ID:\t\t0x3E7\r\n\r\nLogon Information:\r\n\tLogon Type:\t\t5\r\n\tRestricted Admin Mode:\t-\r\n\tVirtual Account:\t\tNo\r\n\tElevated Token:\t\tYes\r\n\r\nImpersonation Level:\t\tImpersonation\r\n\r\nNew Logon:\r\n\tSecurity ID:\t\tS-1-5-18\r\n\tAccount Name:\t\tSYSTEM\r\n\tAccount Domain:\t\tNT AUTHORITY\r\n\tLogon ID:\t\t0x3E7\r\n\tLinked Logon ID:\t\t0x0\r\n\tNetwork Account Name:\t-\r\n\tNetwork Account Domain:\t-\r\n\tLogon GUID:\t\t{00000000-0000-0000-0000-000000000000}\r\n\r\nProcess Information:\r\n\tProcess ID:\t\t0x2ac\r\n\tProcess Name:\t\tC:\\Windows\\System32\\services.exe\r\n\r\nNetwork Information:\r\n\tWorkstation Name:\t-\r\n\tSource Network Address:\t-\r\n\tSource Port:\t\t-\r\n\r\nDetailed Authentication Information:\r\n\tLogon Process:\t\tAdvapi  \r\n\tAuthentication Package:\tNegotiate\r\n\tTransited Services:\t-\r\n\tPackage Name (NTLM only):\t-\r\n\tKey Length:\t\t0\r\n\r\nThis event is generated when a logon session is created. It is generated on the computer that was accessed.\r\n\r\nThe subject fields indicate the account on the local system which requested the logon. This is most commonly a service such as the Server service, or a local process such as Winlogon.exe or Services.exe.\r\n\r\nThe logon type field indicates the kind of logon that occurred. The most common types are 2 (interactive) and 3 (network).\r\n\r\nThe New Logon fields indicate the account for whom the new logon was created, i.e. the account that was logged on.\r\n\r\nThe network fields indicate where a remote logon request originated. Workstation name is not always available and may be left blank in some cases.\r\n\r\nThe impersonation level field indicates the extent to which a process in the logon session can impersonate.\r\n\r\nThe authentication information fields provide detailed information about this specific logon request.\r\n\t- Logon GUID is a unique identifier that can be used to correlate this event with a KDC event.\r\n\t- Transited services indicate which intermediate services have participated in this logon request.\r\n\t- Package name indicates which sub-protocol was used among the NTLM protocols.\r\n\t- Key length indicates the length of the generated session key. This will be 0 if no session key was requested.\""},"eventdata":{"subjectUserSid":"S-1-5-18","subjectUserName":"WIN10-01$","subjectDomainName":"SOC-LAB","subjectLogonId":"0x3e7","targetUserSid":"S-1-5-18","targetUserName":"SYSTEM","targetDomainName":"NT AUTHORITY","targetLogonId":"0x3e7","logonType":"5","logonProcessName":"Advapi","authenticationPackageName":"Negotiate","logonGuid":"{00000000-0000-0000-0000-000000000000}","keyLength":"0","processId":"0x2ac","processName":"C:\\\\Windows\\\\System32\\\\services.exe","impersonationLevel":"%%1833","virtualAccount":"%%1843","targetLinkedLogonId":"0x0","elevatedToken":"%%1842"}}},"location":"EventChannel"}
{"timestamp":"2026-10-02T04:53:51.922+0000","agent":{"id":"001","name":"SOC-WIN10","ip":"192.168.50.20"},"manager":{"name":"soc-wazuh"},"id":"1790916831.1258050","full_log":"{\"win\":{\"system\":{\"providerName\":\"Microsoft-Windows-Security-Auditing\",\"providerGuid\":\"{54849625-5478-4994-a5ba-3e3b0328c30d}\",\"eventID\":\"4672\",\"version\":\"0\",\"level\":\"0\",\"task\":\"12548\",\"opcode\":\"0\",\"keywords\":\"0x8020000000000000\",\"systemTime\":\"2026-10-02T04:53:50.3549517Z\",\"eventRecordID\":\"14709\",\"processID\":\"704\",\"threadID\":\"7444\",\"channel\":\"Security\",\"computer\":\"WIN10-01.SOC-LAB.LOCAL\",\"severityValue\":\"AUDIT_SUCCESS\",\"message\":\"\\\"Special privileges assigned to new logon.\\r\\n\\r\\nSubject:\\r\\n\\tSecurity ID:\\t\\tS-1-5-18\\r\\n\\tAccount Name:\\t\\tSYSTEM\\r\\n\\tAccount Domain:\\t\\tNT AUTHORITY\\r\\n\\tLogon ID:\\t\\t0x3E7\\r\\n\\r\\nPrivileges:\\t\\tSeAssignPrimaryTokenPrivilege\\r\\n\\t\\t\\tSeTcbPrivilege\\r\\n\\t\\t\\tSeSecurityPrivilege\\r\\n\\t\\t\\tSeTakeOwnershipPrivilege\\r\\n\\t\\t\\tSeLoadDriverPrivilege\\r\\n\\t\\t\\tSeBackupPrivilege\\r\\n\\t\\t\\tSeRestorePrivilege\\r\\n\\t\\t\\tSeDebugPrivilege\\r\\n\\t\\t\\tSeAuditPrivilege\\r\\n\\t\\t\\tSeSystemEnvironmentPrivilege\\r\\n\\t\\t\\tSeImpersonatePrivilege\\r\\n\\t\\t\\tSeDelegateSessionUserImpersonatePrivilege\\\"\"},\"eventdata\":{\"subjectUserSid\":\"S-1-5-18\",\"subjectUserName\":\"SYSTEM\",\"subjectDomainName\":\"NT AUTHORITY\",\"subjectLogonId\":\"0x3e7\",\"privilegeList\":\"SeAssignPrimaryTokenPrivilege     SeTcbPrivilege     SeSecurityPrivilege     SeTakeOwnershipPrivilege     SeLoadDriverPrivilege     SeBackupPrivilege     SeRestorePrivilege     SeDebugPrivilege     SeAuditPrivilege     SeSystemEnvironmentPrivilege     SeImpersonatePrivilege     SeDelegateSessionUserImpersonatePrivilege\"}}}","decoder":{"name":"windows_eventchannel"},"data":{"win":{"system":{"providerName":"Microsoft-Windows-Security-Auditing","providerGuid":"{54849625-5478-4994-a5ba-3e3b0328c30d}","eventID":"4672","version":"0","level":"0","task":"12548","opcode":"0","keywords":"0x8020000000000000","systemTime":"2026-10-02T04:53:50.3549517Z","eventRecordID":"14709","processID":"704","threadID":"7444","channel":"Security","computer":"WIN10-01.SOC-LAB.LOCAL","severityValue":"AUDIT_SUCCESS","message":"\"Special privileges assigned to new logon.\r\n\r\nSubject:\r\n\tSecurity ID:\t\tS-1-5-18\r\n\tAccount Name:\t\tSYSTEM\r\n\tAccount Domain:\t\tNT AUTHORITY\r\n\tLogon ID:\t\t0x3E7\r\n\r\nPrivileges:\t\tSeAssignPrimaryTokenPrivilege\r\n\t\t\tSeTcbPrivilege\r\n\t\t\tSeSecurityPrivilege\r\n\t\t\tSeTakeOwnershipPrivilege\r\n\t\t\tSeLoadDriverPrivilege\r\n\t\t\tSeBackupPrivilege\r\n\t\t\tSeRestorePrivilege\r\n\t\t\tSeDebugPrivilege\r\n\t\t\tSeAuditPrivilege\r\n\t\t\tSeSystemEnvironmentPrivilege\r\n\t\t\tSeImpersonatePrivilege\r\n\t\t\tSeDelegateSessionUserImpersonatePrivilege\""},"eventdata":{"subjectUserSid":"S-1-5-18","subjectUserName":"SYSTEM","subjectDomainName":"NT AUTHORITY","subjectLogonId":"0x3e7","privilegeList":"SeAssignPrimaryTokenPrivilege     SeTcbPrivilege     SeSecurityPrivilege     SeTakeOwnershipPrivilege     SeLoadDriverPrivilege     SeBackupPrivilege     SeRestorePrivilege     SeDebugPrivilege     SeAuditPrivilege     SeSystemEnvironmentPrivilege     SeImpersonatePrivilege     SeDelegateSessionUserImpersonatePrivilege"}}},"location":"EventChannel"}
{"timestamp":"2026-10-02T04:53:52.336+0000","agent":{"id":"001","name":"SOC-WIN10","ip":"192.168.50.20"},"manager":{"name":"soc-wazuh"},"id":"1790916832.1258050","full_log":"{\"win\":{\"system\":{\"providerName\":\"Microsoft-Windows-Sysmon\",\"providerGuid\":\"{5770385f-c22a-43e0-bf4c-06f5698ffbd9}\",\"eventID\":\"1\",\"version\":\"5\",\"level\":\"4\",\"task\":\"1\",\"opcode\":\"0\",\"keywords\":\"0x8000000000000000\",\"systemTime\":\"2026-10-02T04:53:50.3678550Z\",\"eventRecordID\":\"12575\",\"processID\":\"2140\",\"threadID\":\"4056\",\"channel\":\"Microsoft-Windows-Sysmon/Operational\",\"computer\":\"WIN10-01.SOC-LAB.LOCAL\",\"severityValue\":\"INFORMATION\",\"message\":\"\\\"Process Create:\\r\\nRuleName: -\\r\\nUtcTime: 2026-10-02 04:53:50.359\\r\\nProcessGuid: {e12a69d9-38de-6abf-4503-000000001700}\\r\\nProcessId: 6448\\r\\nImage: C:\\\\Windows\\\\System32\\\\svchost.exe\\r\\nFileVersion: 10.0.19041.5794 (WinBuild.160101.0800)\\r\\nDescription: Host Process for Windows Services\\r\\nProduct: Microsoft® Windows® Operating System\\r\\nCompany: Microsoft Corporation\\r\\nOriginalFileName: svchost.exe\\r\\nCommandLine: C:\\\\Windows\\\\system32\\\\svchost.exe -k wsappx -p\\r\\nCurrentDirectory: C:\\\\Windows\\\\system32\\\\\\r\\nUser: NT AUTHORITY\\\\SYSTEM\\r\\nLogonGuid: {e12a69d9-1f98-6abf-e703-000000000000}\\r\\nLogonId: 0x3E7\\r\\nTerminalSessionId: 0\\r\\nIntegrityLevel: System\\r\\nHashes: MD5=3D1034D6ED3DAED60816A25C561E8C83,SHA256=B0B36BFF7AE4057F687D839CD4B3D81159AB646F1EE1B22106A927E93DECBB61,IMPHASH=F9BBD96FAE53B7A31264A703CAFA0666\\r\\nParentProcessGuid: {e12a69d9-1f98-6abf-0b00-000000001700}\\r\\nParentProcessId: 684\\r\\nParentImage: C:\\\\Windows\\\\System32\\\\services.exe\\r\\nParentCommandLine: C:\\\\Windows\\\\system32\\\\services.exe\\r\\nParentUser: NT AUTHORITY\\\\SYSTEM\\\"\"},\"eventdata\":{\"utcTime\":\"2026-10-02 04:53:50.359\",\"processGuid\":\"{e12a69d9-38de-6abf-4503-000000001700}\",\"processId\":\"6448\",\"image\":\"C:\\\\\\\\Windows\\\\\\\\System32\\\\\\\\svchost.exe\",\"fileVersion\":\"10.0.19041.5794 (WinBuild.160101.0800)\",\"description\":\"Host Process for Windows Services\",\"product\":\"Microsoft® Windows® Operating System\",\"company\":\"Microsoft Corporation\",\"originalFileName\":\"svchost.exe\",\"commandLine\":\"C:\\\\\\\\Windows\\\\\\\\system32\\\\\\\\svchost.exe -k wsappx -p\",\"currentDirectory\":\"C:\\\\\\\\Windows\\\\\\\\system32\\\\\\\\\",\"user\":\"NT AUTHORITY\\\\\\\\SYSTEM\",\"logonGuid\":\"{e12a69d9-1f98-6abf-e703-000000000000}\",\"logonId\":\"0x3e7\",\"terminalSessionId\":\"0\",\"integrityLevel\":\"System\",\"hashes\":\"MD5=3D1034D6ED3DAED60816A25C561E8C83,SHA256=B0B36BFF7AE4057F687D839CD4B3D81159AB646F1EE1B22106A927E93DECBB61,IMPHASH=F9BBD96FAE53B7A31264A703CAFA0666\",\"parentProcessGuid\":\"{e12a69d9-1f98-6abf-0b00-000000001700}\",\"parentProcessId\":\"684\",\"parentImage\":\"C:\\\\\\\\Windows\\\\\\\\System32\\\\\\\\services.exe\",\"parentCommandLine\":\"C:\\\\\\\\Windows\\\\\\\\system32\\\\\\\\services.exe\",\"parentUser\":\"NT AUTHORITY\\\\\\\\SYSTEM\"}}}","decoder":{"name":"windows_eventchannel"},"data":{"win":{"system":{"providerName":"Microsoft-Windows-Sysmon","providerGuid":"{5770385f-c22a-43e0-bf4c-06f5698ffbd9}","eventID":"1","version":"5","level":"4","task":"1","opcode":"0","keywords":"0x8000000000000000","systemTime":"2026-10-02T04:53:50.3678550Z","eventRecordID":"12575","processID":"2140","threadID":"4056","channel":"Microsoft-Windows-Sysmon/Operational","computer":"WIN10-01.SOC-LAB.LOCAL","severityValue":"INFORMATION","message":"\"Process Create:\r\nRuleName: -\r\nUtcTime: 2026-10-02 04:53:50.359\r\nProcessGuid: {e12a69d9-38de-6abf-4503-000000001700}\r\nProcessId: 6448\r\nImage: C:\\Windows\\System32\\svchost.exe\r\nFileVersion: 10.0.19041.5794 (WinBuild.160101.0800)\r\nDescription: Host Process for Windows Services\r\nProduct: Microsoft® Windows® Operating System\r\nCompany: Microsoft Corporation\r\nOriginalFileName: svchost.exe\r\nCommandLine: C:\\Windows\\system32\\svchost.exe -k wsappx -p\r\nCurrentDirectory: C:\\Windows\\system32\\\r\nUser: NT AUTHORITY\\SYSTEM\r\nLogonGuid: {e12a69d9-1f98-6abf-e703-000000000000}\r\nLogonId: 0x3E7\r\nTerminalSessionId: 0\r\nIntegrityLevel: System\r\nHashes: MD5=3D1034D6ED3DAED60816A25C561E8C83,SHA256=B0B36BFF7AE4057F687D839CD4B3D81159AB646F1EE1B22106A927E93DECBB61,IMPHASH=F9BBD96FAE53B7A31264A703CAFA0666\r\nParentProcessGuid: {e12a69d9-1f98-6abf-0b00-000000001700}\r\nParentProcessId: 684\r\nParentImage: C:\\Windows\\System32\\services.exe\r\nParentCommandLine: C:\\Windows\\system32\\services.exe\r\nParentUser: NT AUTHORITY\\SYSTEM\""},"eventdata":{"utcTime":"2026-10-02 04:53:50.359","processGuid":"{e12a69d9-38de-6abf-4503-000000001700}","processId":"6448","image":"C:\\\\Windows\\\\System32\\\\svchost.exe","fileVersion":"10.0.19041.5794 (WinBuild.160101.0800)","description":"Host Process for Windows Services","product":"Microsoft® Windows® Operating System","company":"Microsoft Corporation","originalFileName":"svchost.exe","commandLine":"C:\\\\Windows\\\\system32\\\\svchost.exe -k wsappx -p","currentDirectory":"C:\\\\Windows\\\\system32\\\\","user":"NT AUTHORITY\\\\SYSTEM","logonGuid":"{e12a69d9-1f98-6abf-e703-000000000000}","logonId":"0x3e7","terminalSessionId":"0","integrityLevel":"System","hashes":"MD5=3D1034D6ED3DAED60816A25C561E8C83,SHA256=B0B36BFF7AE4057F687D839CD4B3D81159AB646F1EE1B22106A927E93DECBB61,IMPHASH=F9BBD96FAE53B7A31264A703CAFA0666","parentProcessGuid":"{e12a69d9-1f98-6abf-0b00-000000001700}","parentProcessId":"684","parentImage":"C:\\\\Windows\\\\System32\\\\services.exe","parentCommandLine":"C:\\\\Windows\\\\system32\\\\services.exe","parentUser":"NT AUTHORITY\\\\SYSTEM"}}},"location":"EventChannel"}
