{"timestamp":"2026-10-02T03:06:32.445+0000","agent":{"id":"001","name":"SOC-WIN10","ip":"192.168.50.20"},"manager":{"name":"soc-wazuh"},"id":"1790910392.42705","full_log":"{\"win\":{\"system\":{\"providerName\":\"Microsoft-Windows-Sysmon\",\"providerGuid\":\"{5770385f-c22a-43e0-bf4c-06f5698ffbd9}\",\"eventID\":\"1\",\"version\":\"5\",\"level\":\"4\",\"task\":\"1\",\"opcode\":\"0\",\"keywords\":\"0x8000000000000000\",\"systemTime\":\"2026-10-02T03:06:05.6589407Z\",\"eventRecordID\":\"11213\",\"processID\":\"2140\",\"threadID\":\"4056\",\"channel\":\"Microsoft-Windows-Sysmon/Operational\",\"computer\":\"WIN10-01.SOC-LAB.LOCAL\",\"severityValue\":\"INFORMATION\",\"message\":\"\\\"Process Create:\\r\\nRuleName: -\\r\\nUtcTime: 2026-10-02 03:06:00.189\\r\\nProcessGuid: {e12a69d9-1f98-6abf-0800-000000001700}\\r\\nProcessId: 548\\r\\nImage: C:\\\\Windows\\\\System32\\\\wininit.exe\\r\\nFileVersion: 10.0.19041.6280 (WinBuild.160101.0800)\\r\\nDescription: Windows Start-Up Application\\r\\nProduct: Microsoft® Windows® Operating System\\r\\nCompany: Microsoft Corporation\\r\\nOriginalFileName: WinInit.exe\\r\\nCommandLine: wininit.exe\\r\\nCurrentDirectory: C:\\\\Windows\\\\system32\\\\\\r\\nUser: NT AUTHORITY\\\\SYSTEM\\r\\nLogonGuid: {e12a69d9-1f98-6abf-e703-000000000000}\\r\\nLogonId: 0x3E7\\r\\nTerminalSessionId: 0\\r\\nIntegrityLevel: System\\r\\nHashes: MD5=0774F3CE67B739AA9511254686259324,SHA256=BA26910BE549B8700C08FBE2F160952288864470A30DD35C3C6B7782F7DBF857,IMPHASH=57C9C46FD0F232DAA80EBECFD7758FB6\\r\\nParentProcessGuid: {e12a69d9-1f97-6abf-0500-000000001700}\\r\\nParentProcessId: 444\\r\\nParentImage: C:\\\\Windows\\\\System32\\\\smss.exe\\r\\nParentCommandLine: \\\\SystemRoot\\\\System32\\\\smss.exe 000000d4 00000084 \\r\\nParentUser: NT AUTHORITY\\\\SYSTEM\\\"\"},\"eventdata\":{\"utcTime\":\"2026-10-02 03:06:00.189\",\"processGuid\":\"{e12a69d9-1f98-6abf-0800-000000001700}\",\"processId\":\"548\",\"image\":\"C:\\\\\\\\Windows\\\\\\\\System32\\\\\\\\wininit.exe\",\"fileVersion\":\"10.0.19041.6280 (WinBuild.160101.0800)\",\"description\":\"Windows Start-Up Application\",\"product\":\"Microsoft® Windows® Operating System\",\"company\":\"Microsoft Corporation\",\"originalFileName\":\"WinInit.exe\",\"commandLine\":\"wininit.exe\",\"currentDirectory\":\"C:\\\\\\\\Windows\\\\\\\\system32\\\\\\\\\",\"user\":\"NT AUTHORITY\\\\\\\\SYSTEM\",\"logonGuid\":\"{e12a69d9-1f98-6abf-e703-000000000000}\",\"logonId\":\"0x3e7\",\"terminalSessionId\":\"0\",\"integrityLevel\":\"System\",\"hashes\":\"MD5=0774F3CE67B739AA9511254686259324,SHA256=BA26910BE549B8700C08FBE2F160952288864470A30DD35C3C6B7782F7DBF857,IMPHASH=57C9C46FD0F232DAA80EBECFD7758FB6\",\"parentProcessGuid\":\"{e12a69d9-1f97-6abf-0500-000000001700}\",\"parentProcessId\":\"444\",\"parentImage\":\"C:\\\\\\\\Windows\\\\\\\\System32\\\\\\\\smss.exe\",\"parentCommandLine\":\"\\\\\\\\SystemRoot\\\\\\\\System32\\\\\\\\smss.exe 000000d4 00000084\",\"parentUser\":\"NT AUTHORITY\\\\\\\\SYSTEM\"}}}","decoder":{"name":"windows_eventchannel"},"data":{"win":{"system":{"providerName":"Microsoft-Windows-Sysmon","providerGuid":"{5770385f-c22a-43e0-bf4c-06f5698ffbd9}","eventID":"1","version":"5","level":"4","task":"1","opcode":"0","keywords":"0x8000000000000000","systemTime":"2026-10-02T03:06:05.6589407Z","eventRecordID":"11213","processID":"2140","threadID":"4056","channel":"Microsoft-Windows-Sysmon/Operational","computer":"WIN10-01.SOC-LAB.LOCAL","severityValue":"INFORMATION","message":"\"Process Create:\r\nRuleName: -\r\nUtcTime: 2026-10-02 03:06:00.189\r\nProcessGuid: {e12a69d9-1f98-6abf-0800-000000001700}\r\nProcessId: 548\r\nImage: C:\\Windows\\System32\\wininit.exe\r\nFileVersion: 10.0.19041.6280 (WinBuild.160101.0800)\r\nDescription: Windows Start-Up Application\r\nProduct: Microsoft® Windows® Operating System\r\nCompany: Microsoft Corporation\r\nOriginalFileName: WinInit.exe\r\nCommandLine: wininit.exe\r\nCurrentDirectory: C:\\Windows\\system32\\\r\nUser: NT AUTHORITY\\SYSTEM\r\nLogonGuid: {e12a69d9-1f98-6abf-e703-000000000000}\r\nLogonId: 0x3E7\r\nTerminalSessionId: 0\r\nIntegrityLevel: System\r\nHashes: MD5=0774F3CE67B739AA9511254686259324,SHA256=BA26910BE549B8700C08FBE2F160952288864470A30DD35C3C6B7782F7DBF857,IMPHASH=57C9C46FD0F232DAA80EBECFD7758FB6\r\nParentProcessGuid: {e12a69d9-1f97-6abf-0500-000000001700}\r\nParentProcessId: 444\r\nParentImage: C:\\Windows\\System32\\smss.exe\r\nParentCommandLine: \\SystemRoot\\System32\\smss.exe 000000d4 00000084 \r\nParentUser: NT AUTHORITY\\SYSTEM\""},"eventdata":{"utcTime":"2026-10-02 03:06:00.189","processGuid":"{e12a69d9-1f98-6abf-0800-000000001700}","processId":"548","image":"C:\\\\Windows\\\\System32\\\\wininit.exe","fileVersion":"10.0.19041.6280 (WinBuild.160101.0800)","description":"Windows Start-Up Application","product":"Microsoft® Windows® Operating System","company":"Microsoft Corporation","originalFileName":"WinInit.exe","commandLine":"wininit.exe","currentDirectory":"C:\\\\Windows\\\\system32\\\\","user":"NT AUTHORITY\\\\SYSTEM","logonGuid":"{e12a69d9-1f98-6abf-e703-000000000000}","logonId":"0x3e7","terminalSessionId":"0","integrityLevel":"System","hashes":"MD5=0774F3CE67B739AA9511254686259324,SHA256=BA26910BE549B8700C08FBE2F160952288864470A30DD35C3C6B7782F7DBF857,IMPHASH=57C9C46FD0F232DAA80EBECFD7758FB6","parentProcessGuid":"{e12a69d9-1f97-6abf-0500-000000001700}","parentProcessId":"444","parentImage":"C:\\\\Windows\\\\System32\\\\smss.exe","parentCommandLine":"\\\\SystemRoot\\\\System32\\\\smss.exe 000000d4 00000084","parentUser":"NT AUTHORITY\\\\SYSTEM"}}},"location":"EventChannel"}
{"timestamp":"2026-10-02T03:06:32.464+0000","agent":{"id":"001","name":"SOC-WIN10","ip":"192.168.50.20"},"manager":{"name":"soc-wazuh"},"id":"1790910392.42705","full_log":"{\"win\":{\"system\":{\"providerName\":\"Microsoft-Windows-Sysmon\",\"providerGuid\":\"{5770385f-c22a-43e0-bf4c-06f5698ffbd9}\",\"eventID\":\"1\",\"version\":\"5\",\"level\":\"4\",\"task\":\"1\",\"opcode\":\"0\",\"keywords\":\"0x8000000000000000\",\"systemTime\":\"2026-10-02T03:06:05.6616836Z\",\"eventRecordID\":\"11214\",\"processID\":\"2140\",\"threadID\":\"4056\",\"channel\":\"Microsoft-Windows-Sysmon/Operational\",\"computer\":\"WIN10-01.SOC-LAB.LOCAL\",\"severityValue\":\"INFORMATION\",\"message\":\"\\\"Process Create:\\r\\nRuleName: -\\r\\nUtcTime: 2026-10-02 03:06:00.211\\r\\nProcessGuid: {e12a69d9-1f98-6abf-0a00-000000001700}\\r\\nProcessId: 616\\r\\nImage: C:\\\\Windows\\\\System32\\\\winlogon.exe\\r\\nFileVersion: 10.0.19041.6280 (WinBuild.160101.0800)\\r\\nDescription: Windows Logon Application\\r\\nProduct: Microsoft® Windows® Operating System\\r\\nCompany: Microsoft Corporation\\r\\nOriginalFileName: WINLOGON.EXE\\r\\nCommandLine: winlogon.exe\\r\\nCurrentDirectory: C:\\\\Windows\\\\system32\\\\\\r\\nUser: NT AUTHORITY\\\\SYSTEM\\r\\nLogonGuid: {e12a69d9-1f98-6abf-e703-000000000000}\\r\\nLogonId: 0x3E7\\r\\nTerminalSessionId: 1\\r\\nIntegrityLevel: System\\r\\nHashes: MD5=969130F8C1E0648A40C4AD95AD9103DF,SHA256=888AC24EEAEA44FCF0AA54CAB7DF82C1DDD3A5CEE500715763E5CA01E0B049FF,IMPHASH=A6FD3D17EDE49C75B2947C6DF7635AFF\\r\\nParentProcessGuid: {e12a69d9-1f98-6abf-0700-000000001700}\\r\\nParentProcessId: 540\\r\\nParentImage: C:\\\\Windows\\\\System32\\\\smss.exe\\r\\nParentCommandLine: \\\\SystemRoot\\\\System32\\\\smss.exe 000000c8 00000084 \\r\\nParentUser: NT AUTHORITY\\\\SYSTEM\\\"\"},\"eventdata\":{\"utcTime\":\"2026-10-02 03:06:00.211\",\"processGuid\":\"{e12a69d9-1f98-6abf-0a00-000000001700}\",\"processId\":\"616\",\"image\":\"C:\\\\\\\\Windows\\\\\\\\System32\\\\\\\\winlogon.exe\",\"fileVersion\":\"10.0.19041.6280 (WinBuild.160101.0800)\",\"description\":\"Windows Logon Application\",\"product\":\"Microsoft® Windows® Operating System\",\"company\":\"Microsoft Corporation\",\"originalFileName\":\"WINLOGON.EXE\",\"commandLine\":\"winlogon.exe\",\"currentDirectory\":\"C:\\\\\\\\Windows\\\\\\\\system32\\\\\\\\\",\"user\":\"NT AUTHORITY\\\\\\\\SYSTEM\",\"logonGuid\":\"{e12a69d9-1f98-6abf-e703-000000000000}\",\"logonId\":\"0x3e7\",\"terminalSessionId\":\"1\",\"integrityLevel\":\"System\",\"hashes\":\"MD5=969130F8C1E0648A40C4AD95AD9103DF,SHA256=888AC24EEAEA44FCF0AA54CAB7DF82C1DDD3A5CEE500715763E5CA01E0B049FF,IMPHASH=A6FD3D17EDE49C75B2947C6DF7635AFF\",\"parentProcessGuid\":\"{e12a69d9-1f98-6abf-0700-000000001700}\",\"parentProcessId\":\"540\",\"parentImage\":\"C:\\\\\\\\Windows\\\\\\\\System32\\\\\\\\smss.exe\",\"parentCommandLine\":\"\\\\\\\\SystemRoot\\\\\\\\System32\\\\\\\\smss.exe 000000c8 00000084\",\"parentUser\":\"NT AUTHORITY\\\\\\\\SYSTEM\"}}}","decoder":{"name":"windows_eventchannel"},"data":{"win":{"system":{"providerName":"Microsoft-Windows-Sysmon","providerGuid":"{5770385f-c22a-43e0-bf4c-06f5698ffbd9}","eventID":"1","version":"5","level":"4","task":"1","opcode":"0","keywords":"0x8000000000000000","systemTime":"2026-10-02T03:06:05.6616836Z","eventRecordID":"11214","processID":"2140","threadID":"4056","channel":"Microsoft-Windows-Sysmon/Operational","computer":"WIN10-01.SOC-LAB.LOCAL","severityValue":"INFORMATION","message":"\"Process Create:\r\nRuleName: -\r\nUtcTime: 2026-10-02 03:06:00.211\r\nProcessGuid: {e12a69d9-1f98-6abf-0a00-000000001700}\r\nProcessId: 616\r\nImage: C:\\Windows\\System32\\winlogon.exe\r\nFileVersion: 10.0.19041.6280 (WinBuild.160101.0800)\r\nDescription: Windows Logon Application\r\nProduct: Microsoft® Windows® Operating System\r\nCompany: Microsoft Corporation\r\nOriginalFileName: WINLOGON.EXE\r\nCommandLine: winlogon.exe\r\nCurrentDirectory: C:\\Windows\\system32\\\r\nUser: NT AUTHORITY\\SYSTEM\r\nLogonGuid: {e12a69d9-1f98-6abf-e703-000000000000}\r\nLogonId: 0x3E7\r\nTerminalSessionId: 1\r\nIntegrityLevel: System\r\nHashes: MD5=969130F8C1E0648A40C4AD95AD9103DF,SHA256=888AC24EEAEA44FCF0AA54CAB7DF82C1DDD3A5CEE500715763E5CA01E0B049FF,IMPHASH=A6FD3D17EDE49C75B2947C6DF7635AFF\r\nParentProcessGuid: {e12a69d9-1f98-6abf-0700-000000001700}\r\nParentProcessId: 540\r\nParentImage: C:\\Windows\\System32\\smss.exe\r\nParentCommandLine: \\SystemRoot\\System32\\smss.exe 000000c8 00000084 \r\nParentUser: NT AUTHORITY\\SYSTEM\""},"eventdata":{"utcTime":"2026-10-02 03:06:00.211","processGuid":"{e12a69d9-1f98-6abf-0a00-000000001700}","processId":"616","image":"C:\\\\Windows\\\\System32\\\\winlogon.exe","fileVersion":"10.0.19041.6280 (WinBuild.160101.0800)","description":"Windows Logon Application","product":"Microsoft® Windows® Operating System","company":"Microsoft Corporation","originalFileName":"WINLOGON.EXE","commandLine":"winlogon.exe","currentDirectory":"C:\\\\Windows\\\\system32\\\\","user":"NT AUTHORITY\\\\SYSTEM","logonGuid":"{e12a69d9-1f98-6abf-e703-000000000000}","logonId":"0x3e7","terminalSessionId":"1","integrityLevel":"System","hashes":"MD5=969130F8C1E0648A40C4AD95AD9103DF,SHA256=888AC24EEAEA44FCF0AA54CAB7DF82C1DDD3A5CEE500715763E5CA01E0B049FF,IMPHASH=A6FD3D17EDE49C75B2947C6DF7635AFF","parentProcessGuid":"{e12a69d9-1f98-6abf-0700-000000001700}","parentProcessId":"540","parentImage":"C:\\\\Windows\\\\System32\\\\smss.exe","parentCommandLine":"\\\\SystemRoot\\\\System32\\\\smss.exe 000000c8 00000084","parentUser":"NT AUTHORITY\\\\SYSTEM"}}},"location":"EventChannel"}
{"timestamp":"2026-10-02T03:06:32.469+0000","agent":{"id":"001","name":"SOC-WIN10","ip":"192.168.50.20"},"manager":{"name":"soc-wazuh"},"id":"1790910392.42705","full_log":"{\"win\":{\"system\":{\"providerName\":\"Microsoft-Windows-Sysmon\",\"providerGuid\":\"{5770385f-c22a-43e0-bf4c-06f5698ffbd9}\",\"eventID\":\"1\",\"version\":\"5\",\"level\":\"4\",\"task\":\"1\",\"opcode\":\"0\",\"keywords\":\"0x8000000000000000\",\"systemTime\":\"2026-10-02T03:06:05.6620472Z\",\"eventRecordID\":\"11215\",\"processID\":\"2140\",\"threadID\":\"4056\",\"channel\":\"Microsoft-Windows-Sysmon/Operational\",\"computer\":\"WIN10-01.SOC-LAB.LOCAL\",\"severityValue\":\"INFORMATION\",\"message\":\"\\\"Process Create:\\r\\nRuleName: -\\r\\nUtcTime: 2026-10-02 03:06:00.235\\r\\nProcessGuid: {e12a69d9-1f98-6abf-0b00-000000001700}\\r\\nProcessId: 684\\r\\nImage: C:\\\\Windows\\\\System32\\\\services.exe\\r\\nFileVersion: 10.0.19041.5794 (WinBuild.160101.0800)\\r\\nDescription: Services and Controller app\\r\\nProduct: Microsoft® Windows® Operating System\\r\\nCompany: Microsoft Corporation\\r\\nOriginalFileName: services.exe\\r\\nCommandLine: C:\\\\Windows\\\\system32\\\\services.exe\\r\\nCurrentDirectory: C:\\\\Windows\\\\system32\\\\\\r\\nUser: NT AUTHORITY\\\\SYSTEM\\r\\nLogonGuid: {e12a69d9-1f98-6abf-e703-000000000000}\\r\\nLogonId: 0x3E7\\r\\nTerminalSessionId: 0\\r\\nIntegrityLevel: System\\r\\nHashes: MD5=852EE5587D6CB0B8B17E981FE84A31D4,SHA256=4A912DC98C977788131AAD0AE468D86792211ED225F80B2C344A3690B4437428,IMPHASH=D1098E3A37F227B6FF6BD36C1801EDFA\\r\\nParentProcessGuid: {e12a69d9-1f98-6abf-0800-000000001700}\\r\\nParentProcessId: 548\\r\\nParentImage: C:\\\\Windows\\\\System32\\\\wininit.exe\\r\\nParentCommandLine: wininit.exe\\r\\nParentUser: NT AUTHORITY\\\\SYSTEM\\\"\"},\"eventdata\":{\"utcTime\":\"2026-10-02 03:06:00.235\",\"processGuid\":\"{e12a69d9-1f98-6abf-0b00-000000001700}\",\"processId\":\"684\",\"image\":\"C:\\\\\\\\Windows\\\\\\\\System32\\\\\\\\services.exe\",\"fileVersion\":\"10.0.19041.5794 (WinBuild.160101.0800)\",\"description\":\"Services and Controller app\",\"product\":\"Microsoft® Windows® Operating System\",\"company\":\"Microsoft Corporation\",\"originalFileName\":\"services.exe\",\"commandLine\":\"C:\\\\\\\\Windows\\\\\\\\system32\\\\\\\\services.exe\",\"currentDirectory\":\"C:\\\\\\\\Windows\\\\\\\\system32\\\\\\\\\",\"user\":\"NT AUTHORITY\\\\\\\\SYSTEM\",\"logonGuid\":\"{e12a69d9-1f98-6abf-e703-000000000000}\",\"logonId\":\"0x3e7\",\"terminalSessionId\":\"0\",\"integrityLevel\":\"System\",\"hashes\":\"MD5=852EE5587D6CB0B8B17E981FE84A31D4,SHA256=4A912DC98C977788131AAD0AE468D86792211ED225F80B2C344A3690B4437428,IMPHASH=D1098E3A37F227B6FF6BD36C1801EDFA\",\"parentProcessGuid\":\"{e12a69d9-1f98-6abf-0800-000000001700}\",\"parentProcessId\":\"548\",\"parentImage\":\"C:\\\\\\\\Windows\\\\\\\\System32\\\\\\\\wininit.exe\",\"parentCommandLine\":\"wininit.exe\",\"parentUser\":\"NT AUTHORITY\\\\\\\\SYSTEM\"}}}","decoder":{"name":"windows_eventchannel"},"data":{"win":{"system":{"providerName":"Microsoft-Windows-Sysmon","providerGuid":"{5770385f-c22a-43e0-bf4c-06f5698ffbd9}","eventID":"1","version":"5","level":"4","task":"1","opcode":"0","keywords":"0x8000000000000000","systemTime":"2026-10-02T03:06:05.6620472Z","eventRecordID":"11215","processID":"2140","threadID":"4056","channel":"Microsoft-Windows-Sysmon/Operational","computer":"WIN10-01.SOC-LAB.LOCAL","severityValue":"INFORMATION","message":"\"Process Create:\r\nRuleName: -\r\nUtcTime: 2026-10-02 03:06:00.235\r\nProcessGuid: {e12a69d9-1f98-6abf-0b00-000000001700}\r\nProcessId: 684\r\nImage: C:\\Windows\\System32\\services.exe\r\nFileVersion: 10.0.19041.5794 (WinBuild.160101.0800)\r\nDescription: Services and Controller app\r\nProduct: Microsoft® Windows® Operating System\r\nCompany: Microsoft Corporation\r\nOriginalFileName: services.exe\r\nCommandLine: C:\\Windows\\system32\\services.exe\r\nCurrentDirectory: C:\\Windows\\system32\\\r\nUser: NT AUTHORITY\\SYSTEM\r\nLogonGuid: {e12a69d9-1f98-6abf-e703-000000000000}\r\nLogonId: 0x3E7\r\nTerminalSessionId: 0\r\nIntegrityLevel: System\r\nHashes: MD5=852EE5587D6CB0B8B17E981FE84A31D4,SHA256=4A912DC98C977788131AAD0AE468D86792211ED225F80B2C344A3690B4437428,IMPHASH=D1098E3A37F227B6FF6BD36C1801EDFA\r\nParentProcessGuid: {e12a69d9-1f98-6abf-0800-000000001700}\r\nParentProcessId: 548\r\nParentImage: C:\\Windows\\System32\\wininit.exe\r\nParentCommandLine: wininit.exe\r\nParentUser: NT AUTHORITY\\SYSTEM\""},"eventdata":{"utcTime":"2026-10-02 03:06:00.235","processGuid":"{e12a69d9-1f98-6abf-0b00-000000001700}","processId":"684","image":"C:\\\\Windows\\\\System32\\\\services.exe","fileVersion":"10.0.19041.5794 (WinBuild.160101.0800)","description":"Services and Controller app","product":"Microsoft® Windows® Operating System","company":"Microsoft Corporation","originalFileName":"services.exe","commandLine":"C:\\\\Windows\\\\system32\\\\services.exe","currentDirectory":"C:\\\\Windows\\\\system32\\\\","user":"NT AUTHORITY\\\\SYSTEM","logonGuid":"{e12a69d9-1f98-6abf-e703-000000000000}","logonId":"0x3e7","terminalSessionId":"0","integrityLevel":"System","hashes":"MD5=852EE5587D6CB0B8B17E981FE84A31D4,SHA256=4A912DC98C977788131AAD0AE468D86792211ED225F80B2C344A3690B4437428,IMPHASH=D1098E3A37F227B6FF6BD36C1801EDFA","parentProcessGuid":"{e12a69d9-1f98-6abf-0800-000000001700}","parentProcessId":"548","parentImage":"C:\\\\Windows\\\\System32\\\\wininit.exe","parentCommandLine":"wininit.exe","parentUser":"NT AUTHORITY\\\\SYSTEM"}}},"location":"EventChannel"}
{"timestamp":"2026-10-02T03:06:32.489+0000","agent":{"id":"001","name":"SOC-WIN10","ip":"192.168.50.20"},"manager":{"name":"soc-wazuh"},"id":"1790910392.42705","full_log":"{\"win\":{\"system\":{\"providerName\":\"Microsoft-Windows-Sysmon\",\"providerGuid\":\"{5770385f-c22a-43e0-bf4c-06f5698ffbd9}\",\"eventID\":\"1\",\"version\":\"5\",\"level\":\"4\",\"task\":\"1\",\"opcode\":\"0\",\"keywords\":\"0x8000000000000000\",\"systemTime\":\"2026-10-02T03:06:05.6633883Z\",\"eventRecordID\":\"11216\",\"processID\":\"2140\",\"threadID\":\"4056\",\"channel\":\"Microsoft-Windows-Sysmon/Operational\",\"computer\":\"WIN10-01.SOC-LAB.LOCAL\",\"severityValue\":\"INFORMATION\",\"message\":\"\\\"Process Create:\\r\\nRuleName: -\\r\\nUtcTime: 2026-10-02 03:06:00.263\\r\\nProcessGuid: {e12a69d9-1f98-6abf-0c00-000000001700}\\r\\nProcessId: 704\\r\\nImage: C:\\\\Windows\\\\System32\\\\lsass.exe\\r\\nFileVersion: 10.0.19041.6328 (WinBuild.160101.0800)\\r\\nDescription: Local Security Authority Process\\r\\nProduct: Microsoft® Windows® Operating System\\r\\nCompany: Microsoft Corporation\\r\\nOriginalFileName: lsass.exe\\r\\nCommandLine: C:\\\\Windows\\\\system32\\\\lsass.exe\\r\\nCurrentDirectory: C:\\\\Windows\\\\system32\\\\\\r\\nUser: NT AUTHORITY\\\\SYSTEM\\r\\nLogonGuid: {e12a69d9-1f98-6abf-e703-000000000000}\\r\\nLogonId: 0x3E7\\r\\nTerminalSessionId: 0\\r\\nIntegrityLevel: System\\r\\nHashes: MD5=AB99FC696EABB46C10E79E3A17D0FDE9,SHA256=055A1226A769948A79ED0972BDEE2D91937C4B521E0B9046F9B8CCC63D110115,IMPHASH=3924D1606F44D90586A3EC75785C2730\\r\\nParentProcessGuid: {e12a69d9-1f98-6abf-0800-000000001700}\\r\\nParentProcessId: 548\\r\\nParentImage: C:\\\\Windows\\\\System32\\\\wininit.exe\\r\\nParentCommandLine: wininit.exe\\r\\nParentUser: NT AUTHORITY\\\\SYSTEM\\\"\"},\"eventdata\":{\"utcTime\":\"2026-10-02 03:06:00.263\",\"processGuid\":\"{e12a69d9-1f98-6abf-0c00-000000001700}\",\"processId\":\"704\",\"image\":\"C:\\\\\\\\Windows\\\\\\\\System32\\\\\\\\lsass.exe\",\"fileVersion\":\"10.0.19041.6328 (WinBuild.160101.0800)\",\"description\":\"Local Security Authority Process\",\"product\":\"Microsoft® Windows® Operating System\",\"company\":\"Microsoft Corporation\",\"originalFileName\":\"lsass.exe\",\"commandLine\":\"C:\\\\\\\\Windows\\\\\\\\system32\\\\\\\\lsass.exe\",\"currentDirectory\":\"C:\\\\\\\\Windows\\\\\\\\system32\\\\\\\\\",\"user\":\"NT AUTHORITY\\\\\\\\SYSTEM\",\"logonGuid\":\"{e12a69d9-1f98-6abf-e703-000000000000}\",\"logonId\":\"0x3e7\",\"terminalSessionId\":\"0\",\"integrityLevel\":\"System\",\"hashes\":\"MD5=AB99FC696EABB46C10E79E3A17D0FDE9,SHA256=055A1226A769948A79ED0972BDEE2D91937C4B521E0B9046F9B8CCC63D110115,IMPHASH=3924D1606F44D90586A3EC75785C2730\",\"parentProcessGuid\":\"{e12a69d9-1f98-6abf-0800-000000001700}\",\"parentProcessId\":\"548\",\"parentImage\":\"C:\\\\\\\\Windows\\\\\\\\System32\\\\\\\\wininit.exe\",\"parentCommandLine\":\"wininit.exe\",\"parentUser\":\"NT AUTHORITY\\\\\\\\SYSTEM\"}}}","decoder":{"name":"windows_eventchannel"},"data":{"win":{"system":{"providerName":"Microsoft-Windows-Sysmon","providerGuid":"{5770385f-c22a-43e0-bf4c-06f5698ffbd9}","eventID":"1","version":"5","level":"4","task":"1","opcode":"0","keywords":"0x8000000000000000","systemTime":"2026-10-02T03:06:05.6633883Z","eventRecordID":"11216","processID":"2140","threadID":"4056","channel":"Microsoft-Windows-Sysmon/Operational","computer":"WIN10-01.SOC-LAB.LOCAL","severityValue":"INFORMATION","message":"\"Process Create:\r\nRuleName: -\r\nUtcTime: 2026-10-02 03:06:00.263\r\nProcessGuid: {e12a69d9-1f98-6abf-0c00-000000001700}\r\nProcessId: 704\r\nImage: C:\\Windows\\System32\\lsass.exe\r\nFileVersion: 10.0.19041.6328 (WinBuild.160101.0800)\r\nDescription: Local Security Authority Process\r\nProduct: Microsoft® Windows® Operating System\r\nCompany: Microsoft Corporation\r\nOriginalFileName: lsass.exe\r\nCommandLine: C:\\Windows\\system32\\lsass.exe\r\nCurrentDirectory: C:\\Windows\\system32\\\r\nUser: NT AUTHORITY\\SYSTEM\r\nLogonGuid: {e12a69d9-1f98-6abf-e703-000000000000}\r\nLogonId: 0x3E7\r\nTerminalSessionId: 0\r\nIntegrityLevel: System\r\nHashes: MD5=AB99FC696EABB46C10E79E3A17D0FDE9,SHA256=055A1226A769948A79ED0972BDEE2D91937C4B521E0B9046F9B8CCC63D110115,IMPHASH=3924D1606F44D90586A3EC75785C2730\r\nParentProcessGuid: {e12a69d9-1f98-6abf-0800-000000001700}\r\nParentProcessId: 548\r\nParentImage: C:\\Windows\\System32\\wininit.exe\r\nParentCommandLine: wininit.exe\r\nParentUser: NT AUTHORITY\\SYSTEM\""},"eventdata":{"utcTime":"2026-10-02 03:06:00.263","processGuid":"{e12a69d9-1f98-6abf-0c00-000000001700}","processId":"704","image":"C:\\\\Windows\\\\System32\\\\lsass.exe","fileVersion":"10.0.19041.6328 (WinBuild.160101.0800)","description":"Local Security Authority Process","product":"Microsoft® Windows® Operating System","company":"Microsoft Corporation","originalFileName":"lsass.exe","commandLine":"C:\\\\Windows\\\\system32\\\\lsass.exe","currentDirectory":"C:\\\\Windows\\\\system32\\\\","user":"NT AUTHORITY\\\\SYSTEM","logonGuid":"{e12a69d9-1f98-6abf-e703-000000000000}","logonId":"0x3e7","terminalSessionId":"0","integrityLevel":"System","hashes":"MD5=AB99FC696EABB46C10E79E3A17D0FDE9,SHA256=055A1226A769948A79ED0972BDEE2D91937C4B521E0B9046F9B8CCC63D110115,IMPHASH=3924D1606F44D90586A3EC75785C2730","parentProcessGuid":"{e12a69d9-1f98-6abf-0800-000000001700}","parentProcessId":"548","parentImage":"C:\\\\Windows\\\\System32\\\\wininit.exe","parentCommandLine":"wininit.exe","parentUser":"NT AUTHORITY\\\\SYSTEM"}}},"location":"EventChannel"}
{"timestamp":"2026-10-02T03:06:32.501+0000","agent":{"id":"001","name":"SOC-WIN10","ip":"192.168.50.20"},"manager":{"name":"soc-wazuh"},"id":"1790910392.42705","full_log":"{\"win\":{\"system\":{\"providerName\":\"Microsoft-Windows-Sysmon\",\"providerGuid\":\"{5770385f-c22a-43e0-bf4c-06f5698ffbd9}\",\"eventID\":\"13\",\"version\":\"2\",\"level\":\"4\",\"task\":\"13\",\"opcode\":\"0\",\"keywords\":\"0x8000000000000000\",\"systemTime\":\"2026-10-02T03:06:05.6639532Z\",\"eventRecordID\":\"11217\",\"processID\":\"2140\",\"threadID\":\"4056\",\"channel\":\"Microsoft-Windows-Sysmon/Operational\",\"computer\":\"WIN10-01.SOC-LAB.LOCAL\",\"severityValue\":\"INFORMATION\",\"message\":\"\\\"Registry value set:\\r\\nRuleName: T1101\\r\\nEventType: SetValue\\r\\nUtcTime: 2026-10-02 03:06:00.286\\r\\nProcessGuid: {e12a69d9-1f98-6abf-0c00-000000001700}\\r\\nProcessId: 704\\r\\nImage: C:\\\\Windows\\\\system32\\\\lsass.exe\\r\\nTargetObject: HKLM\\\\System\\\\CurrentControlSet\\\\Control\\\\Lsa\\\\LsaCfgFlagsDefault\\r\\nDetails: DWORD (0x00000000)\\r\\nUser: NT AUTHORITY\\\\SYSTEM\\\"\"},\"eventdata\":{\"ruleName\":\"T1101\",\"eventType\":\"SetValue\",\"utcTime\":\"2026-10-02 03:06:00.286\",\"processGuid\":\"{e12a69d9-1f98-6abf-0c00-000000001700}\",\"processId\":\"704\",\"image\":\"C:\\\\\\\\Windows\\\\\\\\system32\\\\\\\\lsass.exe\",\"targetObject\":\"HKLM\\\\\\\\System\\\\\\\\CurrentControlSet\\\\\\\\Control\\\\\\\\Lsa\\\\\\\\LsaCfgFlagsDefault\",\"details\":\"DWORD (0x00000000)\",\"user\":\"NT AUTHORITY\\\\\\\\SYSTEM\"}}}","decoder":{"name":"windows_eventchannel"},"data":{"win":{"system":{"providerName":"Microsoft-Windows-Sysmon","providerGuid":"{5770385f-c22a-43e0-bf4c-06f5698ffbd9}","eventID":"13","version":"2","level":"4","task":"13","opcode":"0","keywords":"0x8000000000000000","systemTime":"2026-10-02T03:06:05.6639532Z","eventRecordID":"11217","processID":"2140","threadID":"4056","channel":"Microsoft-Windows-Sysmon/Operational","computer":"WIN10-01.SOC-LAB.LOCAL","severityValue":"INFORMATION","message":"\"Registry value set:\r\nRuleName: T1101\r\nEventType: SetValue\r\nUtcTime: 2026-10-02 03:06:00.286\r\nProcessGuid: {e12a69d9-1f98-6abf-0c00-000000001700}\r\nProcessId: 704\r\nImage: C:\\Windows\\system32\\lsass.exe\r\nTargetObject: HKLM\\System\\CurrentControlSet\\Control\\Lsa\\LsaCfgFlagsDefault\r\nDetails: DWORD (0x00000000)\r\nUser: NT AUTHORITY\\SYSTEM\""},"eventdata":{"ruleName":"T1101","eventType":"SetValue","utcTime":"2026-10-02 03:06:00.286","processGuid":"{e12a69d9-1f98-6abf-0c00-000000001700}","processId":"704","image":"C:\\\\Windows\\\\system32\\\\lsass.exe","targetObject":"HKLM\\\\System\\\\CurrentControlSet\\\\Control\\\\Lsa\\\\LsaCfgFlagsDefault","details":"DWORD (0x00000000)","user":"NT AUTHORITY\\\\SYSTEM"}}},"location":"EventChannel"}
{"timestamp":"2026-10-02T03:06:32.525+0000","agent":{"id":"001","name":"SOC-WIN10","ip":"192.168.50.20"},"manager":{"name":"soc-wazuh"},"id":"1790910392.42705","full_log":"{\"win\":{\"system\":{\"providerName\":\"Microsoft-Windows-Sysmon\",\"providerGuid\":\"{5770385f-c22a-43e0-bf4c-06f5698ffbd9}\",\"eventID\":\"13\",\"version\":\"2\",\"level\":\"4\",\"task\":\"13\",\"opcode\":\"0\",\"keywords\":\"0x8000000000000000\",\"systemTime\":\"2026-10-02T03:06:05.6646401Z\",\"eventRecordID\":\"11218\",\"processID\":\"2140\",\"threadID\":\"4056\",\"channel\":\"Microsoft-Windows-Sysmon/Operational\",\"computer\":\"WIN10-01.SOC-LAB.LOCAL\",\"severityValue\":\"INFORMATION\",\"message\":\"\\\"Registry value set:\\r\\nRuleName: T1101\\r\\nEventType: SetValue\\r\\nUtcTime: 2026-10-02 03:06:00.363\\r\\nProcessGuid: {e12a69d9-1f98-6abf-0c00-000000001700}\\r\\nProcessId: 704\\r\\nImage: C:\\\\Windows\\\\system32\\\\lsass.exe\\r\\nTargetObject: HKLM\\\\System\\\\CurrentControlSet\\\\Control\\\\Lsa\\\\ProductType\\r\\nDetails: DWORD (0x00000006)\\r\\nUser: NT AUTHORITY\\\\SYSTEM\\\"\"},\"eventdata\":{\"ruleName\":\"T1101\",\"eventType\":\"SetValue\",\"utcTime\":\"2026-10-02 03:06:00.363\",\"processGuid\":\"{e12a69d9-1f98-6abf-0c00-000000001700}\",\"processId\":\"704\",\"image\":\"C:\\\\\\\\Windows\\\\\\\\system32\\\\\\\\lsass.exe\",\"targetObject\":\"HKLM\\\\\\\\System\\\\\\\\CurrentControlSet\\\\\\\\Control\\\\\\\\Lsa\\\\\\\\ProductType\",\"details\":\"DWORD (0x00000006)\",\"user\":\"NT AUTHORITY\\\\\\\\SYSTEM\"}}}","decoder":{"name":"windows_eventchannel"},"data":{"win":{"system":{"providerName":"Microsoft-Windows-Sysmon","providerGuid":"{5770385f-c22a-43e0-bf4c-06f5698ffbd9}","eventID":"13","version":"2","level":"4","task":"13","opcode":"0","keywords":"0x8000000000000000","systemTime":"2026-10-02T03:06:05.6646401Z","eventRecordID":"11218","processID":"2140","threadID":"4056","channel":"Microsoft-Windows-Sysmon/Operational","computer":"WIN10-01.SOC-LAB.LOCAL","severityValue":"INFORMATION","message":"\"Registry value set:\r\nRuleName: T1101\r\nEventType: SetValue\r\nUtcTime: 2026-10-02 03:06:00.363\r\nProcessGuid: {e12a69d9-1f98-6abf-0c00-000000001700}\r\nProcessId: 704\r\nImage: C:\\Windows\\system32\\lsass.exe\r\nTargetObject: HKLM\\System\\CurrentControlSet\\Control\\Lsa\\ProductType\r\nDetails: DWORD (0x00000006)\r\nUser: NT AUTHORITY\\SYSTEM\""},"eventdata":{"ruleName":"T1101","eventType":"SetValue","utcTime":"2026-10-02 03:06:00.363","processGuid":"{e12a69d9-1f98-6abf-0c00-000000001700}","processId":"704","image":"C:\\\\Windows\\\\system32\\\\lsass.exe","targetObject":"HKLM\\\\System\\\\CurrentControlSet\\\\Control\\\\Lsa\\\\ProductType","details":"DWORD (0x00000006)","user":"NT AUTHORITY\\\\SYSTEM"}}},"location":"EventChannel"}
{"timestamp":"2026-10-02T03:06:32.541+0000","agent":{"id":"001","name":"SOC-WIN10","ip":"192.168.50.20"},"manager":{"name":"soc-wazuh"},"id":"1790910392.42705","full_log":"{\"win\":{\"system\":{\"providerName\":\"Microsoft-Windows-Sysmon\",\"providerGuid\":\"{5770385f-c22a-43e0-bf4c-06f5698ffbd9}\",\"eventID\":\"1\",\"version\":\"5\",\"level\":\"4\",\"task\":\"1\",\"opcode\":\"0\",\"keywords\":\"0x8000000000000000\",\"systemTime\":\"2026-10-02T03:06:05.6755550Z\",\"eventRecordID\":\"11219\",\"processID\":\"2140\",\"threadID\":\"4056\",\"channel\":\"Microsoft-Windows-Sysmon/Operational\",\"computer\":\"WIN10-01.SOC-LAB.LOCAL\",\"severityValue\":\"INFORMATION\",\"message\":\"\\\"Process Create:\\r\\nRuleName: -\\r\\nUtcTime: 2026-10-02 03:06:00.419\\r\\nProcessGuid: {e12a69d9-1f98-6abf-0f00-000000001700}\\r\\nProcessId: 812\\r\\nImage: C:\\\\Windows\\\\System32\\\\svchost.exe\\r\\nFileVersion: 10.0.19041.5794 (WinBuild.160101.0800)\\r\\nDescription: Host Process for Windows Services\\r\\nProduct: Microsoft® Windows® Operating System\\r\\nCompany: Microsoft Corporation\\r\\nOriginalFileName: svchost.exe\\r\\nCommandLine: C:\\\\Windows\\\\system32\\\\svchost.exe -k DcomLaunch -p\\r\\nCurrentDirectory: C:\\\\Windows\\\\system32\\\\\\r\\nUser: NT AUTHORITY\\\\SYSTEM\\r\\nLogonGuid: {e12a69d9-1f98-6abf-e703-000000000000}\\r\\nLogonId: 0x3E7\\r\\nTerminalSessionId: 0\\r\\nIntegrityLevel: System\\r\\nHashes: MD5=3D1034D6ED3DAED60816A25C561E8C83,SHA256=B0B36BFF7AE4057F687D839CD4B3D81159AB646F1EE1B22106A927E93DECBB61,IMPHASH=F9BBD96FAE53B7A31264A703CAFA0666\\r\\nParentProcessGuid: {e12a69d9-1f98-6abf-0b00-000000001700}\\r\\nParentProcessId: 684\\r\\nParentImage: C:\\\\Windows\\\\System32\\\\services.exe\\r\\nParentCommandLine: C:\\\\Windows\\\\system32\\\\services.exe\\r\\nParentUser: NT AUTHORITY\\\\SYSTEM\\\"\"},\"eventdata\":{\"utcTime\":\"2026-10-02 03:06:00.419\",\"processGuid\":\"{e12a69d9-1f98-6abf-0f00-000000001700}\",\"processId\":\"812\",\"image\":\"C:\\\\\\\\Windows\\\\\\\\System32\\\\\\\\svchost.exe\",\"fileVersion\":\"10.0.19041.5794 (WinBuild.160101.0800)\",\"description\":\"Host Process for Windows Services\",\"product\":\"Microsoft® Windows® Operating System\",\"company\":\"Microsoft Corporation\",\"originalFileName\":\"svchost.exe\",\"commandLine\":\"C:\\\\\\\\Windows\\\\\\\\system32\\\\\\\\svchost.exe -k DcomLaunch -p\",\"currentDirectory\":\"C:\\\\\\\\Windows\\\\\\\\system32\\\\\\\\\",\"user\":\"NT AUTHORITY\\\\\\\\SYSTEM\",\"logonGuid\":\"{e12a69d9-1f98-6abf-e703-000000000000}\",\"logonId\":\"0x3e7\",\"terminalSessionId\":\"0\",\"integrityLevel\":\"System\",\"hashes\":\"MD5=3D1034D6ED3DAED60816A25C561E8C83,SHA256=B0B36BFF7AE4057F687D839CD4B3D81159AB646F1EE1B22106A927E93DECBB61,IMPHASH=F9BBD96FAE53B7A31264A703CAFA0666\",\"parentProcessGuid\":\"{e12a69d9-1f98-6abf-0b00-000000001700}\",\"parentProcessId\":\"684\",\"parentImage\":\"C:\\\\\\\\Windows\\\\\\\\System32\\\\\\\\services.exe\",\"parentCommandLine\":\"C:\\\\\\\\Windows\\\\\\\\system32\\\\\\\\services.exe\",\"parentUser\":\"NT AUTHORITY\\\\\\\\SYSTEM\"}}}","decoder":{"name":"windows_eventchannel"},"data":{"win":{"system":{"providerName":"Microsoft-Windows-Sysmon","providerGuid":"{5770385f-c22a-43e0-bf4c-06f5698ffbd9}","eventID":"1","version":"5","level":"4","task":"1","opcode":"0","keywords":"0x8000000000000000","systemTime":"2026-10-02T03:06:05.6755550Z","eventRecordID":"11219","processID":"2140","threadID":"4056","channel":"Microsoft-Windows-Sysmon/Operational","computer":"WIN10-01.SOC-LAB.LOCAL","severityValue":"INFORMATION","message":"\"Process Create:\r\nRuleName: -\r\nUtcTime: 2026-10-02 03:06:00.419\r\nProcessGuid: {e12a69d9-1f98-6abf-0f00-000000001700}\r\nProcessId: 812\r\nImage: C:\\Windows\\System32\\svchost.exe\r\nFileVersion: 10.0.19041.5794 (WinBuild.160101.0800)\r\nDescription: Host Process for Windows Services\r\nProduct: Microsoft® Windows® Operating System\r\nCompany: Microsoft Corporation\r\nOriginalFileName: svchost.exe\r\nCommandLine: C:\\Windows\\system32\\svchost.exe -k DcomLaunch -p\r\nCurrentDirectory: C:\\Windows\\system32\\\r\nUser: NT AUTHORITY\\SYSTEM\r\nLogonGuid: {e12a69d9-1f98-6abf-e703-000000000000}\r\nLogonId: 0x3E7\r\nTerminalSessionId: 0\r\nIntegrityLevel: System\r\nHashes: MD5=3D1034D6ED3DAED60816A25C561E8C83,SHA256=B0B36BFF7AE4057F687D839CD4B3D81159AB646F1EE1B22106A927E93DECBB61,IMPHASH=F9BBD96FAE53B7A31264A703CAFA0666\r\nParentProcessGuid: {e12a69d9-1f98-6abf-0b00-000000001700}\r\nParentProcessId: 684\r\nParentImage: C:\\Windows\\System32\\services.exe\r\nParentCommandLine: C:\\Windows\\system32\\services.exe\r\nParentUser: NT AUTHORITY\\SYSTEM\""},"eventdata":{"utcTime":"2026-10-02 03:06:00.419","processGuid":"{e12a69d9-1f98-6abf-0f00-000000001700}","processId":"812","image":"C:\\\\Windows\\\\System32\\\\svchost.exe","fileVersion":"10.0.19041.5794 (WinBuild.160101.0800)","description":"Host Process for Windows Services","product":"Microsoft® Windows® Operating System","company":"Microsoft Corporation","originalFileName":"svchost.exe","commandLine":"C:\\\\Windows\\\\system32\\\\svchost.exe -k DcomLaunch -p","currentDirectory":"C:\\\\Windows\\\\system32\\\\","user":"NT AUTHORITY\\\\SYSTEM","logonGuid":"{e12a69d9-1f98-6abf-e703-000000000000}","logonId":"0x3e7","terminalSessionId":"0","integrityLevel":"System","hashes":"MD5=3D1034D6ED3DAED60816A25C561E8C83,SHA256=B0B36BFF7AE4057F687D839CD4B3D81159AB646F1EE1B22106A927E93DECBB61,IMPHASH=F9BBD96FAE53B7A31264A703CAFA0666","parentProcessGuid":"{e12a69d9-1f98-6abf-0b00-000000001700}","parentProcessId":"684","parentImage":"C:\\\\Windows\\\\System32\\\\services.exe","parentCommandLine":"C:\\\\Windows\\\\system32\\\\services.exe","parentUser":"NT AUTHORITY\\\\SYSTEM"}}},"location":"EventChannel"}
{"timestamp":"2026-10-02T03:06:32.556+0000","agent":{"id":"001","name":"SOC-WIN10","ip":"192.168.50.20"},"manager":{"name":"soc-wazuh"},"id":"1790910392.42705","full_log":"{\"win\":{\"system\":{\"providerName\":\"Microsoft-Windows-Sysmon\",\"providerGuid\":\"{5770385f-c22a-43e0-bf4c-06f5698ffbd9}\",\"eventID\":\"1\",\"version\":\"5\",\"level\":\"4\",\"task\":\"1\",\"opcode\":\"0\",\"keywords\":\"0x8000000000000000\",\"systemTime\":\"2026-10-02T03:06:05.6766950Z\",\"eventRecordID\":\"11220\",\"processID\":\"2140\",\"threadID\":\"4056\",\"channel\":\"Microsoft-Windows-Sysmon/Operational\",\"computer\":\"WIN10-01.SOC-LAB.LOCAL\",\"severityValue\":\"INFORMATION\",\"message\":\"\\\"Process Create:\\r\\nRuleName: -\\r\\nUtcTime: 2026-10-02 03:06:00.528\\r\\nProcessGuid: {e12a69d9-1f98-6abf-1000-000000001700}\\r\\nProcessId: 908\\r\\nImage: C:\\\\Windows\\\\System32\\\\svchost.exe\\r\\nFileVersion: 10.0.19041.5794 (WinBuild.160101.0800)\\r\\nDescription: Host Process for Windows Services\\r\\nProduct: Microsoft® Windows® Operating System\\r\\nCompany: Microsoft Corporation\\r\\nOriginalFileName: svchost.exe\\r\\nCommandLine: C:\\\\Windows\\\\system32\\\\svchost.exe -k RPCSS -p\\r\\nCurrentDirectory: C:\\\\Windows\\\\system32\\\\\\r\\nUser: NT AUTHORITY\\\\NETWORK SERVICE\\r\\nLogonGuid: {e12a69d9-1f98-6abf-e403-000000000000}\\r\\nLogonId: 0x3E4\\r\\nTerminalSessionId: 0\\r\\nIntegrityLevel: System\\r\\nHashes: MD5=3D1034D6ED3DAED60816A25C561E8C83,SHA256=B0B36BFF7AE4057F687D839CD4B3D81159AB646F1EE1B22106A927E93DECBB61,IMPHASH=F9BBD96FAE53B7A31264A703CAFA0666\\r\\nParentProcessGuid: {e12a69d9-1f98-6abf-0b00-000000001700}\\r\\nParentProcessId: 684\\r\\nParentImage: C:\\\\Windows\\\\System32\\\\services.exe\\r\\nParentCommandLine: C:\\\\Windows\\\\system32\\\\services.exe\\r\\nParentUser: NT AUTHORITY\\\\SYSTEM\\\"\"},\"eventdata\":{\"utcTime\":\"2026-10-02 03:06:00.528\",\"processGuid\":\"{e12a69d9-1f98-6abf-1000-000000001700}\",\"processId\":\"908\",\"image\":\"C:\\\\\\\\Windows\\\\\\\\System32\\\\\\\\svchost.exe\",\"fileVersion\":\"10.0.19041.5794 (WinBuild.160101.0800)\",\"description\":\"Host Process for Windows Services\",\"product\":\"Microsoft® Windows® Operating System\",\"company\":\"Microsoft Corporation\",\"originalFileName\":\"svchost.exe\",\"commandLine\":\"C:\\\\\\\\Windows\\\\\\\\system32\\\\\\\\svchost.exe -k RPCSS -p\",\"currentDirectory\":\"C:\\\\\\\\Windows\\\\\\\\system32\\\\\\\\\",\"user\":\"NT AUTHORITY\\\\\\\\NETWORK SERVICE\",\"logonGuid\":\"{e12a69d9-1f98-6abf-e403-000000000000}\",\"logonId\":\"0x3e4\",\"terminalSessionId\":\"0\",\"integrityLevel\":\"System\",\"hashes\":\"MD5=3D1034D6ED3DAED60816A25C561E8C83,SHA256=B0B36BFF7AE4057F687D839CD4B3D81159AB646F1EE1B22106A927E93DECBB61,IMPHASH=F9BBD96FAE53B7A31264A703CAFA0666\",\"parentProcessGuid\":\"{e12a69d9-1f98-6abf-0b00-000000001700}\",\"parentProcessId\":\"684\",\"parentImage\":\"C:\\\\\\\\Windows\\\\\\\\System32\\\\\\\\services.exe\",\"parentCommandLine\":\"C:\\\\\\\\Windows\\\\\\\\system32\\\\\\\\services.exe\",\"parentUser\":\"NT AUTHORITY\\\\\\\\SYSTEM\"}}}","decoder":{"name":"windows_eventchannel"},"data":{"win":{"system":{"providerName":"Microsoft-Windows-Sysmon","providerGuid":"{5770385f-c22a-43e0-bf4c-06f5698ffbd9}","eventID":"1","version":"5","level":"4","task":"1","opcode":"0","keywords":"0x8000000000000000","systemTime":"2026-10-02T03:06:05.6766950Z","eventRecordID":"11220","processID":"2140","threadID":"4056","channel":"Microsoft-Windows-Sysmon/Operational","computer":"WIN10-01.SOC-LAB.LOCAL","severityValue":"INFORMATION","message":"\"Process Create:\r\nRuleName: -\r\nUtcTime: 2026-10-02 03:06:00.528\r\nProcessGuid: {e12a69d9-1f98-6abf-1000-000000001700}\r\nProcessId: 908\r\nImage: C:\\Windows\\System32\\svchost.exe\r\nFileVersion: 10.0.19041.5794 (WinBuild.160101.0800)\r\nDescription: Host Process for Windows Services\r\nProduct: Microsoft® Windows® Operating System\r\nCompany: Microsoft Corporation\r\nOriginalFileName: svchost.exe\r\nCommandLine: C:\\Windows\\system32\\svchost.exe -k RPCSS -p\r\nCurrentDirectory: C:\\Windows\\system32\\\r\nUser: NT AUTHORITY\\NETWORK SERVICE\r\nLogonGuid: {e12a69d9-1f98-6abf-e403-000000000000}\r\nLogonId: 0x3E4\r\nTerminalSessionId: 0\r\nIntegrityLevel: System\r\nHashes: MD5=3D1034D6ED3DAED60816A25C561E8C83,SHA256=B0B36BFF7AE4057F687D839CD4B3D81159AB646F1EE1B22106A927E93DECBB61,IMPHASH=F9BBD96FAE53B7A31264A703CAFA0666\r\nParentProcessGuid: {e12a69d9-1f98-6abf-0b00-000000001700}\r\nParentProcessId: 684\r\nParentImage: C:\\Windows\\System32\\services.exe\r\nParentCommandLine: C:\\Windows\\system32\\services.exe\r\nParentUser: NT AUTHORITY\\SYSTEM\""},"eventdata":{"utcTime":"2026-10-02 03:06:00.528","processGuid":"{e12a69d9-1f98-6abf-1000-000000001700}","processId":"908","image":"C:\\\\Windows\\\\System32\\\\svchost.exe","fileVersion":"10.0.19041.5794 (WinBuild.160101.0800)","description":"Host Process for Windows Services","product":"Microsoft® Windows® Operating System","company":"Microsoft Corporation","originalFileName":"svchost.exe","commandLine":"C:\\\\Windows\\\\system32\\\\svchost.exe -k RPCSS -p","currentDirectory":"C:\\\\Windows\\\\system32\\\\","user":"NT AUTHORITY\\\\NETWORK SERVICE","logonGuid":"{e12a69d9-1f98-6abf-e403-000000000000}","logonId":"0x3e4","terminalSessionId":"0","integrityLevel":"System","hashes":"MD5=3D1034D6ED3DAED60816A25C561E8C83,SHA256=B0B36BFF7AE4057F687D839CD4B3D81159AB646F1EE1B22106A927E93DECBB61,IMPHASH=F9BBD96FAE53B7A31264A703CAFA0666","parentProcessGuid":"{e12a69d9-1f98-6abf-0b00-000000001700}","parentProcessId":"684","parentImage":"C:\\\\Windows\\\\System32\\\\services.exe","parentCommandLine":"C:\\\\Windows\\\\system32\\\\services.exe","parentUser":"NT AUTHORITY\\\\SYSTEM"}}},"location":"EventChannel"}
{"timestamp":"2026-10-02T03:06:32.561+0000","agent":{"id":"001","name":"SOC-WIN10","ip":"192.168.50.20"},"manager":{"name":"soc-wazuh"},"id":"1790910392.42705","full_log":"{\"win\":{\"system\":{\"providerName\":\"Microsoft-Windows-Sysmon\",\"providerGuid\":\"{5770385f-c22a-43e0-bf4c-06f5698ffbd9}\",\"eventID\":\"1\",\"version\":\"5\",\"level\":\"4\",\"task\":\"1\",\"opcode\":\"0\",\"keywords\":\"0x8000000000000000\",\"systemTime\":\"2026-10-02T03:06:05.6868868Z\",\"eventRecordID\":\"11221\",\"processID\":\"2140\",\"threadID\":\"4056\",\"channel\":\"Microsoft-Windows-Sysmon/Operational\",\"computer\":\"WIN10-01.SOC-LAB.LOCAL\",\"severityValue\":\"INFORMATION\",\"message\":\"\\\"Process Create:\\r\\nRuleName: -\\r\\nUtcTime: 2026-10-02 03:06:00.660\\r\\nProcessGuid: {e12a69d9-1f98-6abf-1100-000000001700}\\r\\nProcessId: 64\\r\\nImage: C:\\\\Windows\\\\System32\\\\svchost.exe\\r\\nFileVersion: 10.0.19041.5794 (WinBuild.160101.0800)\\r\\nDescription: Host Process for Windows Services\\r\\nProduct: Microsoft® Windows® Operating System\\r\\nCompany: Microsoft Corporation\\r\\nOriginalFileName: svchost.exe\\r\\nCommandLine: C:\\\\Windows\\\\system32\\\\svchost.exe -k LocalService -p\\r\\nCurrentDirectory: C:\\\\Windows\\\\system32\\\\\\r\\nUser: NT AUTHORITY\\\\LOCAL SERVICE\\r\\nLogonGuid: {e12a69d9-1f98-6abf-e503-000000000000}\\r\\nLogonId: 0x3E5\\r\\nTerminalSessionId: 0\\r\\nIntegrityLevel: System\\r\\nHashes: MD5=3D1034D6ED3DAED60816A25C561E8C83,SHA256=B0B36BFF7AE4057F687D839CD4B3D81159AB646F1EE1B22106A927E93DECBB61,IMPHASH=F9BBD96FAE53B7A31264A703CAFA0666\\r\\nParentProcessGuid: {e12a69d9-1f98-6abf-0b00-000000001700}\\r\\nParentProcessId: 684\\r\\nParentImage: C:\\\\Windows\\\\System32\\\\services.exe\\r\\nParentCommandLine: C:\\\\Windows\\\\system32\\\\services.exe\\r\\nParentUser: NT AUTHORITY\\\\SYSTEM\\\"\"},\"eventdata\":{\"utcTime\":\"2026-10-02 03:06:00.660\",\"processGuid\":\"{e12a69d9-1f98-6abf-1100-000000001700}\",\"processId\":\"64\",\"image\":\"C:\\\\\\\\Windows\\\\\\\\System32\\\\\\\\svchost.exe\",\"fileVersion\":\"10.0.19041.5794 (WinBuild.160101.0800)\",\"description\":\"Host Process for Windows Services\",\"product\":\"Microsoft® Windows® Operating System\",\"company\":\"Microsoft Corporation\",\"originalFileName\":\"svchost.exe\",\"commandLine\":\"C:\\\\\\\\Windows\\\\\\\\system32\\\\\\\\svchost.exe -k LocalService -p\",\"currentDirectory\":\"C:\\\\\\\\Windows\\\\\\\\system32\\\\\\\\\",\"user\":\"NT AUTHORITY\\\\\\\\LOCAL SERVICE\",\"logonGuid\":\"{e12a69d9-1f98-6abf-e503-000000000000}\",\"logonId\":\"0x3e5\",\"terminalSessionId\":\"0\",\"integrityLevel\":\"System\",\"hashes\":\"MD5=3D1034D6ED3DAED60816A25C561E8C83,SHA256=B0B36BFF7AE4057F687D839CD4B3D81159AB646F1EE1B22106A927E93DECBB61,IMPHASH=F9BBD96FAE53B7A31264A703CAFA0666\",\"parentProcessGuid\":\"{e12a69d9-1f98-6abf-0b00-000000001700}\",\"parentProcessId\":\"684\",\"parentImage\":\"C:\\\\\\\\Windows\\\\\\\\System32\\\\\\\\services.exe\",\"parentCommandLine\":\"C:\\\\\\\\Windows\\\\\\\\system32\\\\\\\\services.exe\",\"parentUser\":\"NT AUTHORITY\\\\\\\\SYSTEM\"}}}","decoder":{"name":"windows_eventchannel"},"data":{"win":{"system":{"providerName":"Microsoft-Windows-Sysmon","providerGuid":"{5770385f-c22a-43e0-bf4c-06f5698ffbd9}","eventID":"1","version":"5","level":"4","task":"1","opcode":"0","keywords":"0x8000000000000000","systemTime":"2026-10-02T03:06:05.6868868Z","eventRecordID":"11221","processID":"2140","threadID":"4056","channel":"Microsoft-Windows-Sysmon/Operational","computer":"WIN10-01.SOC-LAB.LOCAL","severityValue":"INFORMATION","message":"\"Process Create:\r\nRuleName: -\r\nUtcTime: 2026-10-02 03:06:00.660\r\nProcessGuid: {e12a69d9-1f98-6abf-1100-000000001700}\r\nProcessId: 64\r\nImage: C:\\Windows\\System32\\svchost.exe\r\nFileVersion: 10.0.19041.5794 (WinBuild.160101.0800)\r\nDescription: Host Process for Windows Services\r\nProduct: Microsoft® Windows® Operating System\r\nCompany: Microsoft Corporation\r\nOriginalFileName: svchost.exe\r\nCommandLine: C:\\Windows\\system32\\svchost.exe -k LocalService -p\r\nCurrentDirectory: C:\\Windows\\system32\\\r\nUser: NT AUTHORITY\\LOCAL SERVICE\r\nLogonGuid: {e12a69d9-1f98-6abf-e503-000000000000}\r\nLogonId: 0x3E5\r\nTerminalSessionId: 0\r\nIntegrityLevel: System\r\nHashes: MD5=3D1034D6ED3DAED60816A25C561E8C83,SHA256=B0B36BFF7AE4057F687D839CD4B3D81159AB646F1EE1B22106A927E93DECBB61,IMPHASH=F9BBD96FAE53B7A31264A703CAFA0666\r\nParentProcessGuid: {e12a69d9-1f98-6abf-0b00-000000001700}\r\nParentProcessId: 684\r\nParentImage: C:\\Windows\\System32\\services.exe\r\nParentCommandLine: C:\\Windows\\system32\\services.exe\r\nParentUser: NT AUTHORITY\\SYSTEM\""},"eventdata":{"utcTime":"2026-10-02 03:06:00.660","processGuid":"{e12a69d9-1f98-6abf-1100-000000001700}","processId":"64","image":"C:\\\\Windows\\\\System32\\\\svchost.exe","fileVersion":"10.0.19041.5794 (WinBuild.160101.0800)","description":"Host Process for Windows Services","product":"Microsoft® Windows® Operating System","company":"Microsoft Corporation","originalFileName":"svchost.exe","commandLine":"C:\\\\Windows\\\\system32\\\\svchost.exe -k LocalService -p","currentDirectory":"C:\\\\Windows\\\\system32\\\\","user":"NT AUTHORITY\\\\LOCAL SERVICE","logonGuid":"{e12a69d9-1f98-6abf-e503-000000000000}","logonId":"0x3e5","terminalSessionId":"0","integrityLevel":"System","hashes":"MD5=3D1034D6ED3DAED60816A25C561E8C83,SHA256=B0B36BFF7AE4057F687D839CD4B3D81159AB646F1EE1B22106A927E93DECBB61,IMPHASH=F9BBD96FAE53B7A31264A703CAFA0666","parentProcessGuid":"{e12a69d9-1f98-6abf-0b00-000000001700}","parentProcessId":"684","parentImage":"C:\\\\Windows\\\\System32\\\\services.exe","parentCommandLine":"C:\\\\Windows\\\\system32\\\\services.exe","parentUser":"NT AUTHORITY\\\\SYSTEM"}}},"location":"EventChannel"}
