{"timestamp":"2026-10-02T04:52:58.676+0000","agent":{"id":"001","name":"SOC-WIN10","ip":"192.168.50.20"},"manager":{"name":"soc-wazuh"},"id":"1790916778.1249943","full_log":"{\"win\":{\"system\":{\"providerName\":\"Microsoft-Windows-Sysmon\",\"providerGuid\":\"{5770385f-c22a-43e0-bf4c-06f5698ffbd9}\",\"eventID\":\"1\",\"version\":\"5\",\"level\":\"4\",\"task\":\"1\",\"opcode\":\"0\",\"keywords\":\"0x8000000000000000\",\"systemTime\":\"2026-10-02T04:52:56.6965530Z\",\"eventRecordID\":\"12546\",\"processID\":\"2140\",\"threadID\":\"4056\",\"channel\":\"Microsoft-Windows-Sysmon/Operational\",\"computer\":\"WIN10-01.SOC-LAB.LOCAL\",\"severityValue\":\"INFORMATION\",\"message\":\"\\\"Process Create:\\r\\nRuleName: -\\r\\nUtcTime: 2026-10-02 04:52:56.691\\r\\nProcessGuid: {e12a69d9-38a8-6abf-2b03-000000001700}\\r\\nProcessId: 7092\\r\\nImage: C:\\\\Windows\\\\System32\\\\calc.exe\\r\\nFileVersion: 10.0.19041.1 (WinBuild.160101.0800)\\r\\nDescription: Windows Calculator\\r\\nProduct: Microsoft® Windows® Operating System\\r\\nCompany: Microsoft Corporation\\r\\nOriginalFileName: CALC.EXE\\r\\nCommandLine: \\\"C:\\\\Windows\\\\system32\\\\calc.exe\\\"\\r\\nCurrentDirectory: C:\\\\Users\\\\nam.user\\\\\\r\\nUser: SOC-LAB\\\\nam.user\\r\\nLogonGuid: {e12a69d9-1fab-6abf-e90d-090000000000}\\r\\nLogonId: 0x90DE9\\r\\nTerminalSessionId: 1\\r\\nIntegrityLevel: Medium\\r\\nHashes: MD5=5DA8C98136D98DFEC4716EDD79C7145F,SHA256=58189CBD4E6DC0C7D8E66B6A6F75652FC9F4AFC7CE0EBA7D67D8C3FEB0D5381F,IMPHASH=8EEAA9499666119D13B3F44ECD77A729\\r\\nParentProcessGuid: {e12a69d9-2170-6abf-5b01-000000001700}\\r\\nParentProcessId: 7604\\r\\nParentImage: C:\\\\Windows\\\\System32\\\\WindowsPowerShell\\\\v1.0\\\\powershell.exe\\r\\nParentCommandLine: \\\"C:\\\\Windows\\\\System32\\\\WindowsPowerShell\\\\v1.0\\\\powershell.exe\\\" \\r\\nParentUser: SOC-LAB\\\\nam.user\\\"\"},\"eventdata\":{\"utcTime\":\"2026-10-02 04:52:56.691\",\"processGuid\":\"{e12a69d9-38a8-6abf-2b03-000000001700}\",\"processId\":\"7092\",\"image\":\"C:\\\\\\\\Windows\\\\\\\\System32\\\\\\\\calc.exe\",\"fileVersion\":\"10.0.19041.1 (WinBuild.160101.0800)\",\"description\":\"Windows Calculator\",\"product\":\"Microsoft® Windows® Operating System\",\"company\":\"Microsoft Corporation\",\"originalFileName\":\"CALC.EXE\",\"commandLine\":\"\\\\\\\"C:\\\\\\\\Windows\\\\\\\\system32\\\\\\\\calc.exe\\\\\\\"\",\"currentDirectory\":\"C:\\\\\\\\Users\\\\\\\\nam.user\\\\\\\\\",\"user\":\"SOC-LAB\\\\\\\\nam.user\",\"logonGuid\":\"{e12a69d9-1fab-6abf-e90d-090000000000}\",\"logonId\":\"0x90de9\",\"terminalSessionId\":\"1\",\"integrityLevel\":\"Medium\",\"hashes\":\"MD5=5DA8C98136D98DFEC4716EDD79C7145F,SHA256=58189CBD4E6DC0C7D8E66B6A6F75652FC9F4AFC7CE0EBA7D67D8C3FEB0D5381F,IMPHASH=8EEAA9499666119D13B3F44ECD77A729\",\"parentProcessGuid\":\"{e12a69d9-2170-6abf-5b01-000000001700}\",\"parentProcessId\":\"7604\",\"parentImage\":\"C:\\\\\\\\Windows\\\\\\\\System32\\\\\\\\WindowsPowerShell\\\\\\\\v1.0\\\\\\\\powershell.exe\",\"parentCommandLine\":\"\\\\\\\"C:\\\\\\\\Windows\\\\\\\\System32\\\\\\\\WindowsPowerShell\\\\\\\\v1.0\\\\\\\\powershell.exe\\\\\\\"\",\"parentUser\":\"SOC-LAB\\\\\\\\nam.user\"}}}","decoder":{"name":"windows_eventchannel"},"data":{"win":{"system":{"providerName":"Microsoft-Windows-Sysmon","providerGuid":"{5770385f-c22a-43e0-bf4c-06f5698ffbd9}","eventID":"1","version":"5","level":"4","task":"1","opcode":"0","keywords":"0x8000000000000000","systemTime":"2026-10-02T04:52:56.6965530Z","eventRecordID":"12546","processID":"2140","threadID":"4056","channel":"Microsoft-Windows-Sysmon/Operational","computer":"WIN10-01.SOC-LAB.LOCAL","severityValue":"INFORMATION","message":"\"Process Create:\r\nRuleName: -\r\nUtcTime: 2026-10-02 04:52:56.691\r\nProcessGuid: {e12a69d9-38a8-6abf-2b03-000000001700}\r\nProcessId: 7092\r\nImage: C:\\Windows\\System32\\calc.exe\r\nFileVersion: 10.0.19041.1 (WinBuild.160101.0800)\r\nDescription: Windows Calculator\r\nProduct: Microsoft® Windows® Operating System\r\nCompany: Microsoft Corporation\r\nOriginalFileName: CALC.EXE\r\nCommandLine: \"C:\\Windows\\system32\\calc.exe\"\r\nCurrentDirectory: C:\\Users\\nam.user\\\r\nUser: SOC-LAB\\nam.user\r\nLogonGuid: {e12a69d9-1fab-6abf-e90d-090000000000}\r\nLogonId: 0x90DE9\r\nTerminalSessionId: 1\r\nIntegrityLevel: Medium\r\nHashes: MD5=5DA8C98136D98DFEC4716EDD79C7145F,SHA256=58189CBD4E6DC0C7D8E66B6A6F75652FC9F4AFC7CE0EBA7D67D8C3FEB0D5381F,IMPHASH=8EEAA9499666119D13B3F44ECD77A729\r\nParentProcessGuid: {e12a69d9-2170-6abf-5b01-000000001700}\r\nParentProcessId: 7604\r\nParentImage: C:\\Windows\\System32\\WindowsPowerShell\\v1.0\\powershell.exe\r\nParentCommandLine: \"C:\\Windows\\System32\\WindowsPowerShell\\v1.0\\powershell.exe\" \r\nParentUser: SOC-LAB\\nam.user\""},"eventdata":{"utcTime":"2026-10-02 04:52:56.691","processGuid":"{e12a69d9-38a8-6abf-2b03-000000001700}","processId":"7092","image":"C:\\\\Windows\\\\System32\\\\calc.exe","fileVersion":"10.0.19041.1 (WinBuild.160101.0800)","description":"Windows Calculator","product":"Microsoft® Windows® Operating System","company":"Microsoft Corporation","originalFileName":"CALC.EXE","commandLine":"\\\"C:\\\\Windows\\\\system32\\\\calc.exe\\\"","currentDirectory":"C:\\\\Users\\\\nam.user\\\\","user":"SOC-LAB\\\\nam.user","logonGuid":"{e12a69d9-1fab-6abf-e90d-090000000000}","logonId":"0x90de9","terminalSessionId":"1","integrityLevel":"Medium","hashes":"MD5=5DA8C98136D98DFEC4716EDD79C7145F,SHA256=58189CBD4E6DC0C7D8E66B6A6F75652FC9F4AFC7CE0EBA7D67D8C3FEB0D5381F,IMPHASH=8EEAA9499666119D13B3F44ECD77A729","parentProcessGuid":"{e12a69d9-2170-6abf-5b01-000000001700}","parentProcessId":"7604","parentImage":"C:\\\\Windows\\\\System32\\\\WindowsPowerShell\\\\v1.0\\\\powershell.exe","parentCommandLine":"\\\"C:\\\\Windows\\\\System32\\\\WindowsPowerShell\\\\v1.0\\\\powershell.exe\\\"","parentUser":"SOC-LAB\\\\nam.user"}}},"location":"EventChannel"}
{"timestamp":"2026-10-02T04:53:35.764+0000","agent":{"id":"001","name":"SOC-WIN10","ip":"192.168.50.20"},"manager":{"name":"soc-wazuh"},"id":"1790916815.1253914","full_log":"{\"win\":{\"system\":{\"providerName\":\"Microsoft-Windows-Sysmon\",\"providerGuid\":\"{5770385f-c22a-43e0-bf4c-06f5698ffbd9}\",\"eventID\":\"1\",\"version\":\"5\",\"level\":\"4\",\"task\":\"1\",\"opcode\":\"0\",\"keywords\":\"0x8000000000000000\",\"systemTime\":\"2026-10-02T04:53:33.5442406Z\",\"eventRecordID\":\"12547\",\"processID\":\"2140\",\"threadID\":\"4056\",\"channel\":\"Microsoft-Windows-Sysmon/Operational\",\"computer\":\"WIN10-01.SOC-LAB.LOCAL\",\"severityValue\":\"INFORMATION\",\"message\":\"\\\"Process Create:\\r\\nRuleName: -\\r\\nUtcTime: 2026-10-02 04:53:33.541\\r\\nProcessGuid: {e12a69d9-38cd-6abf-2d03-000000001700}\\r\\nProcessId: 5820\\r\\nImage: C:\\\\Windows\\\\System32\\\\smartscreen.exe\\r\\nFileVersion: 10.0.19041.6456 (WinBuild.160101.0800)\\r\\nDescription: Windows Defender SmartScreen\\r\\nProduct: Microsoft® Windows® Operating System\\r\\nCompany: Microsoft Corporation\\r\\nOriginalFileName: smartscreen.exe\\r\\nCommandLine: C:\\\\Windows\\\\System32\\\\smartscreen.exe -Embedding\\r\\nCurrentDirectory: C:\\\\Windows\\\\system32\\\\\\r\\nUser: SOC-LAB\\\\nam.user\\r\\nLogonGuid: {e12a69d9-1fab-6abf-e90d-090000000000}\\r\\nLogonId: 0x90DE9\\r\\nTerminalSessionId: 1\\r\\nIntegrityLevel: Medium\\r\\nHashes: MD5=729B70C3F7099783CC0B2C26431CC866,SHA256=3DA437B642468EAFAB7CD1B9DCF2CDF838B44C63FD73DAE8E3E4D06EC187C0F3,IMPHASH=4B886C738F992DAAEB38C0F29965B8BD\\r\\nParentProcessGuid: {e12a69d9-1f98-6abf-0f00-000000001700}\\r\\nParentProcessId: 812\\r\\nParentImage: C:\\\\Windows\\\\System32\\\\svchost.exe\\r\\nParentCommandLine: C:\\\\Windows\\\\system32\\\\svchost.exe -k DcomLaunch -p\\r\\nParentUser: NT AUTHORITY\\\\SYSTEM\\\"\"},\"eventdata\":{\"utcTime\":\"2026-10-02 04:53:33.541\",\"processGuid\":\"{e12a69d9-38cd-6abf-2d03-000000001700}\",\"processId\":\"5820\",\"image\":\"C:\\\\\\\\Windows\\\\\\\\System32\\\\\\\\smartscreen.exe\",\"fileVersion\":\"10.0.19041.6456 (WinBuild.160101.0800)\",\"description\":\"Windows Defender SmartScreen\",\"product\":\"Microsoft® Windows® Operating System\",\"company\":\"Microsoft Corporation\",\"originalFileName\":\"smartscreen.exe\",\"commandLine\":\"C:\\\\\\\\Windows\\\\\\\\System32\\\\\\\\smartscreen.exe -Embedding\",\"currentDirectory\":\"C:\\\\\\\\Windows\\\\\\\\system32\\\\\\\\\",\"user\":\"SOC-LAB\\\\\\\\nam.user\",\"logonGuid\":\"{e12a69d9-1fab-6abf-e90d-090000000000}\",\"logonId\":\"0x90de9\",\"terminalSessionId\":\"1\",\"integrityLevel\":\"Medium\",\"hashes\":\"MD5=729B70C3F7099783CC0B2C26431CC866,SHA256=3DA437B642468EAFAB7CD1B9DCF2CDF838B44C63FD73DAE8E3E4D06EC187C0F3,IMPHASH=4B886C738F992DAAEB38C0F29965B8BD\",\"parentProcessGuid\":\"{e12a69d9-1f98-6abf-0f00-000000001700}\",\"parentProcessId\":\"812\",\"parentImage\":\"C:\\\\\\\\Windows\\\\\\\\System32\\\\\\\\svchost.exe\",\"parentCommandLine\":\"C:\\\\\\\\Windows\\\\\\\\system32\\\\\\\\svchost.exe -k DcomLaunch -p\",\"parentUser\":\"NT AUTHORITY\\\\\\\\SYSTEM\"}}}","decoder":{"name":"windows_eventchannel"},"data":{"win":{"system":{"providerName":"Microsoft-Windows-Sysmon","providerGuid":"{5770385f-c22a-43e0-bf4c-06f5698ffbd9}","eventID":"1","version":"5","level":"4","task":"1","opcode":"0","keywords":"0x8000000000000000","systemTime":"2026-10-02T04:53:33.5442406Z","eventRecordID":"12547","processID":"2140","threadID":"4056","channel":"Microsoft-Windows-Sysmon/Operational","computer":"WIN10-01.SOC-LAB.LOCAL","severityValue":"INFORMATION","message":"\"Process Create:\r\nRuleName: -\r\nUtcTime: 2026-10-02 04:53:33.541\r\nProcessGuid: {e12a69d9-38cd-6abf-2d03-000000001700}\r\nProcessId: 5820\r\nImage: C:\\Windows\\System32\\smartscreen.exe\r\nFileVersion: 10.0.19041.6456 (WinBuild.160101.0800)\r\nDescription: Windows Defender SmartScreen\r\nProduct: Microsoft® Windows® Operating System\r\nCompany: Microsoft Corporation\r\nOriginalFileName: smartscreen.exe\r\nCommandLine: C:\\Windows\\System32\\smartscreen.exe -Embedding\r\nCurrentDirectory: C:\\Windows\\system32\\\r\nUser: SOC-LAB\\nam.user\r\nLogonGuid: {e12a69d9-1fab-6abf-e90d-090000000000}\r\nLogonId: 0x90DE9\r\nTerminalSessionId: 1\r\nIntegrityLevel: Medium\r\nHashes: MD5=729B70C3F7099783CC0B2C26431CC866,SHA256=3DA437B642468EAFAB7CD1B9DCF2CDF838B44C63FD73DAE8E3E4D06EC187C0F3,IMPHASH=4B886C738F992DAAEB38C0F29965B8BD\r\nParentProcessGuid: {e12a69d9-1f98-6abf-0f00-000000001700}\r\nParentProcessId: 812\r\nParentImage: C:\\Windows\\System32\\svchost.exe\r\nParentCommandLine: C:\\Windows\\system32\\svchost.exe -k DcomLaunch -p\r\nParentUser: NT AUTHORITY\\SYSTEM\""},"eventdata":{"utcTime":"2026-10-02 04:53:33.541","processGuid":"{e12a69d9-38cd-6abf-2d03-000000001700}","processId":"5820","image":"C:\\\\Windows\\\\System32\\\\smartscreen.exe","fileVersion":"10.0.19041.6456 (WinBuild.160101.0800)","description":"Windows Defender SmartScreen","product":"Microsoft® Windows® Operating System","company":"Microsoft Corporation","originalFileName":"smartscreen.exe","commandLine":"C:\\\\Windows\\\\System32\\\\smartscreen.exe -Embedding","currentDirectory":"C:\\\\Windows\\\\system32\\\\","user":"SOC-LAB\\\\nam.user","logonGuid":"{e12a69d9-1fab-6abf-e90d-090000000000}","logonId":"0x90de9","terminalSessionId":"1","integrityLevel":"Medium","hashes":"MD5=729B70C3F7099783CC0B2C26431CC866,SHA256=3DA437B642468EAFAB7CD1B9DCF2CDF838B44C63FD73DAE8E3E4D06EC187C0F3,IMPHASH=4B886C738F992DAAEB38C0F29965B8BD","parentProcessGuid":"{e12a69d9-1f98-6abf-0f00-000000001700}","parentProcessId":"812","parentImage":"C:\\\\Windows\\\\System32\\\\svchost.exe","parentCommandLine":"C:\\\\Windows\\\\system32\\\\svchost.exe -k DcomLaunch -p","parentUser":"NT AUTHORITY\\\\SYSTEM"}}},"location":"EventChannel"}
{"timestamp":"2026-10-02T04:53:35.878+0000","agent":{"id":"001","name":"SOC-WIN10","ip":"192.168.50.20"},"manager":{"name":"soc-wazuh"},"id":"1790916815.1253914","full_log":"{\"win\":{\"system\":{\"providerName\":\"Microsoft-Windows-Sysmon\",\"providerGuid\":\"{5770385f-c22a-43e0-bf4c-06f5698ffbd9}\",\"eventID\":\"1\",\"version\":\"5\",\"level\":\"4\",\"task\":\"1\",\"opcode\":\"0\",\"keywords\":\"0x8000000000000000\",\"systemTime\":\"2026-10-02T04:53:33.6946102Z\",\"eventRecordID\":\"12548\",\"processID\":\"2140\",\"threadID\":\"4056\",\"channel\":\"Microsoft-Windows-Sysmon/Operational\",\"computer\":\"WIN10-01.SOC-LAB.LOCAL\",\"severityValue\":\"INFORMATION\",\"message\":\"\\\"Process Create:\\r\\nRuleName: -\\r\\nUtcTime: 2026-10-02 04:53:33.680\\r\\nProcessGuid: {e12a69d9-38cd-6abf-2e03-000000001700}\\r\\nProcessId: 3736\\r\\nImage: C:\\\\Program Files (x86)\\\\Microsoft\\\\Edge\\\\Application\\\\msedge.exe\\r\\nFileVersion: 154.0.4258.48\\r\\nDescription: Microsoft Edge\\r\\nProduct: Microsoft Edge\\r\\nCompany: Microsoft Corporation\\r\\nOriginalFileName: msedge.exe\\r\\nCommandLine: \\\"C:\\\\Program Files (x86)\\\\Microsoft\\\\Edge\\\\Application\\\\msedge.exe\\\" --profile-directory=Default\\r\\nCurrentDirectory: C:\\\\Program Files (x86)\\\\Microsoft\\\\Edge\\\\Application\\\\\\r\\nUser: SOC-LAB\\\\nam.user\\r\\nLogonGuid: {e12a69d9-1fab-6abf-e90d-090000000000}\\r\\nLogonId: 0x90DE9\\r\\nTerminalSessionId: 1\\r\\nIntegrityLevel: Medium\\r\\nHashes: MD5=C1980CDF20E3DA190B3BC8F21C0B9A6A,SHA256=64670D599EDC778D7A2A7DB70A98791799FE027A9858EFF7EEB28D31975DBA3C,IMPHASH=D38C0D5E659AA4EF1F1B1B3C4C20C711\\r\\nParentProcessGuid: {e12a69d9-3525-6abf-5a02-000000001700}\\r\\nParentProcessId: 5752\\r\\nParentImage: C:\\\\Windows\\\\explorer.exe\\r\\nParentCommandLine: \\\"C:\\\\Windows\\\\explorer.exe\\\" /LOADSAVEDWINDOWS\\r\\nParentUser: SOC-LAB\\\\nam.user\\\"\"},\"eventdata\":{\"utcTime\":\"2026-10-02 04:53:33.680\",\"processGuid\":\"{e12a69d9-38cd-6abf-2e03-000000001700}\",\"processId\":\"3736\",\"image\":\"C:\\\\\\\\Program Files (x86)\\\\\\\\Microsoft\\\\\\\\Edge\\\\\\\\Application\\\\\\\\msedge.exe\",\"fileVersion\":\"154.0.4258.48\",\"description\":\"Microsoft Edge\",\"product\":\"Microsoft Edge\",\"company\":\"Microsoft Corporation\",\"originalFileName\":\"msedge.exe\",\"commandLine\":\"\\\\\\\"C:\\\\\\\\Program Files (x86)\\\\\\\\Microsoft\\\\\\\\Edge\\\\\\\\Application\\\\\\\\msedge.exe\\\\\\\" --profile-directory=Default\",\"currentDirectory\":\"C:\\\\\\\\Program Files (x86)\\\\\\\\Microsoft\\\\\\\\Edge\\\\\\\\Application\\\\\\\\\",\"user\":\"SOC-LAB\\\\\\\\nam.user\",\"logonGuid\":\"{e12a69d9-1fab-6abf-e90d-090000000000}\",\"logonId\":\"0x90de9\",\"terminalSessionId\":\"1\",\"integrityLevel\":\"Medium\",\"hashes\":\"MD5=C1980CDF20E3DA190B3BC8F21C0B9A6A,SHA256=64670D599EDC778D7A2A7DB70A98791799FE027A9858EFF7EEB28D31975DBA3C,IMPHASH=D38C0D5E659AA4EF1F1B1B3C4C20C711\",\"parentProcessGuid\":\"{e12a69d9-3525-6abf-5a02-000000001700}\",\"parentProcessId\":\"5752\",\"parentImage\":\"C:\\\\\\\\Windows\\\\\\\\explorer.exe\",\"parentCommandLine\":\"\\\\\\\"C:\\\\\\\\Windows\\\\\\\\explorer.exe\\\\\\\" /LOADSAVEDWINDOWS\",\"parentUser\":\"SOC-LAB\\\\\\\\nam.user\"}}}","decoder":{"name":"windows_eventchannel"},"data":{"win":{"system":{"providerName":"Microsoft-Windows-Sysmon","providerGuid":"{5770385f-c22a-43e0-bf4c-06f5698ffbd9}","eventID":"1","version":"5","level":"4","task":"1","opcode":"0","keywords":"0x8000000000000000","systemTime":"2026-10-02T04:53:33.6946102Z","eventRecordID":"12548","processID":"2140","threadID":"4056","channel":"Microsoft-Windows-Sysmon/Operational","computer":"WIN10-01.SOC-LAB.LOCAL","severityValue":"INFORMATION","message":"\"Process Create:\r\nRuleName: -\r\nUtcTime: 2026-10-02 04:53:33.680\r\nProcessGuid: {e12a69d9-38cd-6abf-2e03-000000001700}\r\nProcessId: 3736\r\nImage: C:\\Program Files (x86)\\Microsoft\\Edge\\Application\\msedge.exe\r\nFileVersion: 154.0.4258.48\r\nDescription: Microsoft Edge\r\nProduct: Microsoft Edge\r\nCompany: Microsoft Corporation\r\nOriginalFileName: msedge.exe\r\nCommandLine: \"C:\\Program Files (x86)\\Microsoft\\Edge\\Application\\msedge.exe\" --profile-directory=Default\r\nCurrentDirectory: C:\\Program Files (x86)\\Microsoft\\Edge\\Application\\\r\nUser: SOC-LAB\\nam.user\r\nLogonGuid: {e12a69d9-1fab-6abf-e90d-090000000000}\r\nLogonId: 0x90DE9\r\nTerminalSessionId: 1\r\nIntegrityLevel: Medium\r\nHashes: MD5=C1980CDF20E3DA190B3BC8F21C0B9A6A,SHA256=64670D599EDC778D7A2A7DB70A98791799FE027A9858EFF7EEB28D31975DBA3C,IMPHASH=D38C0D5E659AA4EF1F1B1B3C4C20C711\r\nParentProcessGuid: {e12a69d9-3525-6abf-5a02-000000001700}\r\nParentProcessId: 5752\r\nParentImage: C:\\Windows\\explorer.exe\r\nParentCommandLine: \"C:\\Windows\\explorer.exe\" /LOADSAVEDWINDOWS\r\nParentUser: SOC-LAB\\nam.user\""},"eventdata":{"utcTime":"2026-10-02 04:53:33.680","processGuid":"{e12a69d9-38cd-6abf-2e03-000000001700}","processId":"3736","image":"C:\\\\Program Files (x86)\\\\Microsoft\\\\Edge\\\\Application\\\\msedge.exe","fileVersion":"154.0.4258.48","description":"Microsoft Edge","product":"Microsoft Edge","company":"Microsoft Corporation","originalFileName":"msedge.exe","commandLine":"\\\"C:\\\\Program Files (x86)\\\\Microsoft\\\\Edge\\\\Application\\\\msedge.exe\\\" --profile-directory=Default","currentDirectory":"C:\\\\Program Files (x86)\\\\Microsoft\\\\Edge\\\\Application\\\\","user":"SOC-LAB\\\\nam.user","logonGuid":"{e12a69d9-1fab-6abf-e90d-090000000000}","logonId":"0x90de9","terminalSessionId":"1","integrityLevel":"Medium","hashes":"MD5=C1980CDF20E3DA190B3BC8F21C0B9A6A,SHA256=64670D599EDC778D7A2A7DB70A98791799FE027A9858EFF7EEB28D31975DBA3C,IMPHASH=D38C0D5E659AA4EF1F1B1B3C4C20C711","parentProcessGuid":"{e12a69d9-3525-6abf-5a02-000000001700}","parentProcessId":"5752","parentImage":"C:\\\\Windows\\\\explorer.exe","parentCommandLine":"\\\"C:\\\\Windows\\\\explorer.exe\\\" /LOADSAVEDWINDOWS","parentUser":"SOC-LAB\\\\nam.user"}}},"location":"EventChannel"}
{"timestamp":"2026-10-02T04:53:36.631+0000","agent":{"id":"001","name":"SOC-WIN10","ip":"192.168.50.20"},"manager":{"name":"soc-wazuh"},"id":"1790916816.1253914","full_log":"{\"win\":{\"system\":{\"providerName\":\"Microsoft-Windows-Sysmon\",\"providerGuid\":\"{5770385f-c22a-43e0-bf4c-06f5698ffbd9}\",\"eventID\":\"1\",\"version\":\"5\",\"level\":\"4\",\"task\":\"1\",\"opcode\":\"0\",\"keywords\":\"0x8000000000000000\",\"systemTime\":\"2026-10-02T04:53:34.6406392Z\",\"eventRecordID\":\"12549\",\"processID\":\"2140\",\"threadID\":\"4056\",\"channel\":\"Microsoft-Windows-Sysmon/Operational\",\"computer\":\"WIN10-01.SOC-LAB.LOCAL\",\"severityValue\":\"INFORMATION\",\"message\":\"\\\"Process Create:\\r\\nRuleName: -\\r\\nUtcTime: 2026-10-02 04:53:34.573\\r\\nProcessGuid: {e12a69d9-38ce-6abf-3103-000000001700}\\r\\nProcessId: 9112\\r\\nImage: C:\\\\Program Files (x86)\\\\Microsoft\\\\Edge\\\\Application\\\\msedge.exe\\r\\nFileVersion: 154.0.4258.48\\r\\nDescription: Microsoft Edge\\r\\nProduct: Microsoft Edge\\r\\nCompany: Microsoft Corporation\\r\\nOriginalFileName: msedge.exe\\r\\nCommandLine: \\\"C:\\\\Program Files (x86)\\\\Microsoft\\\\Edge\\\\Application\\\\msedge.exe\\\" --type=utility --utility-sub-type=entity_extraction_service.mojom.Extractor --lang=en-US --service-sandbox-type=entity_extraction --onnx-enabled-for-ee --skip-read-main-dll --metrics-shmem-handle=5940,i,12042745203291819479,4582431605831349727,524288 --field-trial-handle=2496,i,4150568377684882800,2102571704434322825,262144 --variations-seed-version --pseudonymization-salt-handle=2500,i,5986437214369709148,12692579031090866949,4 --trace-process-track-uuid=3190708995682289984 --mojo-platform-channel-handle=5976 /prefetch:8\\r\\nCurrentDirectory: C:\\\\Program Files (x86)\\\\Microsoft\\\\Edge\\\\Application\\\\154.0.4258.48\\\\\\r\\nUser: SOC-LAB\\\\nam.user\\r\\nLogonGuid: {e12a69d9-1fab-6abf-e90d-090000000000}\\r\\nLogonId: 0x90DE9\\r\\nTerminalSessionId: 1\\r\\nIntegrityLevel: Low\\r\\nHashes: MD5=C1980CDF20E3DA190B3BC8F21C0B9A6A,SHA256=64670D599EDC778D7A2A7DB70A98791799FE027A9858EFF7EEB28D31975DBA3C,IMPHASH=D38C0D5E659AA4EF1F1B1B3C4C20C711\\r\\nParentProcessGuid: {e12a69d9-3546-6abf-8f02-000000001700}\\r\\nParentProcessId: 8280\\r\\nParentImage: C:\\\\Program Files (x86)\\\\Microsoft\\\\Edge\\\\Application\\\\msedge.exe\\r\\nParentCommandLine: \\\"C:\\\\Program Files (x86)\\\\Microsoft\\\\Edge\\\\Application\\\\msedge.exe\\\" --no-startup-window /prefetch:5\\r\\nParentUser: SOC-LAB\\\\nam.user\\\"\"},\"eventdata\":{\"utcTime\":\"2026-10-02 04:53:34.573\",\"processGuid\":\"{e12a69d9-38ce-6abf-3103-000000001700}\",\"processId\":\"9112\",\"image\":\"C:\\\\\\\\Program Files (x86)\\\\\\\\Microsoft\\\\\\\\Edge\\\\\\\\Application\\\\\\\\msedge.exe\",\"fileVersion\":\"154.0.4258.48\",\"description\":\"Microsoft Edge\",\"product\":\"Microsoft Edge\",\"company\":\"Microsoft Corporation\",\"originalFileName\":\"msedge.exe\",\"commandLine\":\"\\\\\\\"C:\\\\\\\\Program Files (x86)\\\\\\\\Microsoft\\\\\\\\Edge\\\\\\\\Application\\\\\\\\msedge.exe\\\\\\\" --type=utility --utility-sub-type=entity_extraction_service.mojom.Extractor --lang=en-US --service-sandbox-type=entity_extraction --onnx-enabled-for-ee --skip-read-main-dll --metrics-shmem-handle=5940,i,12042745203291819479,4582431605831349727,524288 --field-trial-handle=2496,i,4150568377684882800,2102571704434322825,262144 --variations-seed-version --pseudonymization-salt-handle=2500,i,5986437214369709148,12692579031090866949,4 --trace-process-track-uuid=3190708995682289984 --mojo-platform-channel-handle=5976 /prefetch:8\",\"currentDirectory\":\"C:\\\\\\\\Program Files (x86)\\\\\\\\Microsoft\\\\\\\\Edge\\\\\\\\Application\\\\\\\\154.0.4258.48\\\\\\\\\",\"user\":\"SOC-LAB\\\\\\\\nam.user\",\"logonGuid\":\"{e12a69d9-1fab-6abf-e90d-090000000000}\",\"logonId\":\"0x90de9\",\"terminalSessionId\":\"1\",\"integrityLevel\":\"Low\",\"hashes\":\"MD5=C1980CDF20E3DA190B3BC8F21C0B9A6A,SHA256=64670D599EDC778D7A2A7DB70A98791799FE027A9858EFF7EEB28D31975DBA3C,IMPHASH=D38C0D5E659AA4EF1F1B1B3C4C20C711\",\"parentProcessGuid\":\"{e12a69d9-3546-6abf-8f02-000000001700}\",\"parentProcessId\":\"8280\",\"parentImage\":\"C:\\\\\\\\Program Files (x86)\\\\\\\\Microsoft\\\\\\\\Edge\\\\\\\\Application\\\\\\\\msedge.exe\",\"parentCommandLine\":\"\\\\\\\"C:\\\\\\\\Program Files (x86)\\\\\\\\Microsoft\\\\\\\\Edge\\\\\\\\Application\\\\\\\\msedge.exe\\\\\\\" --no-startup-window /prefetch:5\",\"parentUser\":\"SOC-LAB\\\\\\\\nam.user\"}}}","decoder":{"name":"windows_eventchannel"},"data":{"win":{"system":{"providerName":"Microsoft-Windows-Sysmon","providerGuid":"{5770385f-c22a-43e0-bf4c-06f5698ffbd9}","eventID":"1","version":"5","level":"4","task":"1","opcode":"0","keywords":"0x8000000000000000","systemTime":"2026-10-02T04:53:34.6406392Z","eventRecordID":"12549","processID":"2140","threadID":"4056","channel":"Microsoft-Windows-Sysmon/Operational","computer":"WIN10-01.SOC-LAB.LOCAL","severityValue":"INFORMATION","message":"\"Process Create:\r\nRuleName: -\r\nUtcTime: 2026-10-02 04:53:34.573\r\nProcessGuid: {e12a69d9-38ce-6abf-3103-000000001700}\r\nProcessId: 9112\r\nImage: C:\\Program Files (x86)\\Microsoft\\Edge\\Application\\msedge.exe\r\nFileVersion: 154.0.4258.48\r\nDescription: Microsoft Edge\r\nProduct: Microsoft Edge\r\nCompany: Microsoft Corporation\r\nOriginalFileName: msedge.exe\r\nCommandLine: \"C:\\Program Files (x86)\\Microsoft\\Edge\\Application\\msedge.exe\" --type=utility --utility-sub-type=entity_extraction_service.mojom.Extractor --lang=en-US --service-sandbox-type=entity_extraction --onnx-enabled-for-ee --skip-read-main-dll --metrics-shmem-handle=5940,i,12042745203291819479,4582431605831349727,524288 --field-trial-handle=2496,i,4150568377684882800,2102571704434322825,262144 --variations-seed-version --pseudonymization-salt-handle=2500,i,5986437214369709148,12692579031090866949,4 --trace-process-track-uuid=3190708995682289984 --mojo-platform-channel-handle=5976 /prefetch:8\r\nCurrentDirectory: C:\\Program Files (x86)\\Microsoft\\Edge\\Application\\154.0.4258.48\\\r\nUser: SOC-LAB\\nam.user\r\nLogonGuid: {e12a69d9-1fab-6abf-e90d-090000000000}\r\nLogonId: 0x90DE9\r\nTerminalSessionId: 1\r\nIntegrityLevel: Low\r\nHashes: MD5=C1980CDF20E3DA190B3BC8F21C0B9A6A,SHA256=64670D599EDC778D7A2A7DB70A98791799FE027A9858EFF7EEB28D31975DBA3C,IMPHASH=D38C0D5E659AA4EF1F1B1B3C4C20C711\r\nParentProcessGuid: {e12a69d9-3546-6abf-8f02-000000001700}\r\nParentProcessId: 8280\r\nParentImage: C:\\Program Files (x86)\\Microsoft\\Edge\\Application\\msedge.exe\r\nParentCommandLine: \"C:\\Program Files (x86)\\Microsoft\\Edge\\Application\\msedge.exe\" --no-startup-window /prefetch:5\r\nParentUser: SOC-LAB\\nam.user\""},"eventdata":{"utcTime":"2026-10-02 04:53:34.573","processGuid":"{e12a69d9-38ce-6abf-3103-000000001700}","processId":"9112","image":"C:\\\\Program Files (x86)\\\\Microsoft\\\\Edge\\\\Application\\\\msedge.exe","fileVersion":"154.0.4258.48","description":"Microsoft Edge","product":"Microsoft Edge","company":"Microsoft Corporation","originalFileName":"msedge.exe","commandLine":"\\\"C:\\\\Program Files (x86)\\\\Microsoft\\\\Edge\\\\Application\\\\msedge.exe\\\" --type=utility --utility-sub-type=entity_extraction_service.mojom.Extractor --lang=en-US --service-sandbox-type=entity_extraction --onnx-enabled-for-ee --skip-read-main-dll --metrics-shmem-handle=5940,i,12042745203291819479,4582431605831349727,524288 --field-trial-handle=2496,i,4150568377684882800,2102571704434322825,262144 --variations-seed-version --pseudonymization-salt-handle=2500,i,5986437214369709148,12692579031090866949,4 --trace-process-track-uuid=3190708995682289984 --mojo-platform-channel-handle=5976 /prefetch:8","currentDirectory":"C:\\\\Program Files (x86)\\\\Microsoft\\\\Edge\\\\Application\\\\154.0.4258.48\\\\","user":"SOC-LAB\\\\nam.user","logonGuid":"{e12a69d9-1fab-6abf-e90d-090000000000}","logonId":"0x90de9","terminalSessionId":"1","integrityLevel":"Low","hashes":"MD5=C1980CDF20E3DA190B3BC8F21C0B9A6A,SHA256=64670D599EDC778D7A2A7DB70A98791799FE027A9858EFF7EEB28D31975DBA3C,IMPHASH=D38C0D5E659AA4EF1F1B1B3C4C20C711","parentProcessGuid":"{e12a69d9-3546-6abf-8f02-000000001700}","parentProcessId":"8280","parentImage":"C:\\\\Program Files (x86)\\\\Microsoft\\\\Edge\\\\Application\\\\msedge.exe","parentCommandLine":"\\\"C:\\\\Program Files (x86)\\\\Microsoft\\\\Edge\\\\Application\\\\msedge.exe\\\" --no-startup-window /prefetch:5","parentUser":"SOC-LAB\\\\nam.user"}}},"location":"EventChannel"}
{"timestamp":"2026-10-02T04:53:37.915+0000","agent":{"id":"001","name":"SOC-WIN10","ip":"192.168.50.20"},"manager":{"name":"soc-wazuh"},"id":"1790916817.1253914","full_log":"{\"win\":{\"system\":{\"providerName\":\"Microsoft-Windows-Sysmon\",\"providerGuid\":\"{5770385f-c22a-43e0-bf4c-06f5698ffbd9}\",\"eventID\":\"13\",\"version\":\"2\",\"level\":\"4\",\"task\":\"13\",\"opcode\":\"0\",\"keywords\":\"0x8000000000000000\",\"systemTime\":\"2026-10-02T04:53:35.8050783Z\",\"eventRecordID\":\"12550\",\"processID\":\"2140\",\"threadID\":\"4056\",\"channel\":\"Microsoft-Windows-Sysmon/Operational\",\"computer\":\"WIN10-01.SOC-LAB.LOCAL\",\"severityValue\":\"INFORMATION\",\"message\":\"\\\"Registry value set:\\r\\nRuleName: InvDB\\r\\nEventType: SetValue\\r\\nUtcTime: 2026-10-02 04:53:35.802\\r\\nProcessGuid: {e12a69d9-1f98-6abf-1600-000000001700}\\r\\nProcessId: 8\\r\\nImage: C:\\\\Windows\\\\System32\\\\svchost.exe\\r\\nTargetObject: HKU\\\\S-1-5-21-1324826322-2293316327-2538204677-1108\\\\SOFTWARE\\\\Microsoft\\\\Windows NT\\\\CurrentVersion\\\\AppCompatFlags\\\\Compatibility Assistant\\\\Store\\\\C:\\\\Program Files (x86)\\\\Microsoft\\\\Edge\\\\Application\\\\msedge.exe\\r\\nDetails: Binary Data\\r\\nUser: NT AUTHORITY\\\\SYSTEM\\\"\"},\"eventdata\":{\"ruleName\":\"InvDB\",\"eventType\":\"SetValue\",\"utcTime\":\"2026-10-02 04:53:35.802\",\"processGuid\":\"{e12a69d9-1f98-6abf-1600-000000001700}\",\"processId\":\"8\",\"image\":\"C:\\\\\\\\Windows\\\\\\\\System32\\\\\\\\svchost.exe\",\"targetObject\":\"HKU\\\\\\\\S-1-5-21-1324826322-2293316327-2538204677-1108\\\\\\\\SOFTWARE\\\\\\\\Microsoft\\\\\\\\Windows NT\\\\\\\\CurrentVersion\\\\\\\\AppCompatFlags\\\\\\\\Compatibility Assistant\\\\\\\\Store\\\\\\\\C:\\\\\\\\Program Files (x86)\\\\\\\\Microsoft\\\\\\\\Edge\\\\\\\\Application\\\\\\\\msedge.exe\",\"details\":\"Binary Data\",\"user\":\"NT AUTHORITY\\\\\\\\SYSTEM\"}}}","decoder":{"name":"windows_eventchannel"},"data":{"win":{"system":{"providerName":"Microsoft-Windows-Sysmon","providerGuid":"{5770385f-c22a-43e0-bf4c-06f5698ffbd9}","eventID":"13","version":"2","level":"4","task":"13","opcode":"0","keywords":"0x8000000000000000","systemTime":"2026-10-02T04:53:35.8050783Z","eventRecordID":"12550","processID":"2140","threadID":"4056","channel":"Microsoft-Windows-Sysmon/Operational","computer":"WIN10-01.SOC-LAB.LOCAL","severityValue":"INFORMATION","message":"\"Registry value set:\r\nRuleName: InvDB\r\nEventType: SetValue\r\nUtcTime: 2026-10-02 04:53:35.802\r\nProcessGuid: {e12a69d9-1f98-6abf-1600-000000001700}\r\nProcessId: 8\r\nImage: C:\\Windows\\System32\\svchost.exe\r\nTargetObject: HKU\\S-1-5-21-1324826322-2293316327-2538204677-1108\\SOFTWARE\\Microsoft\\Windows NT\\CurrentVersion\\AppCompatFlags\\Compatibility Assistant\\Store\\C:\\Program Files (x86)\\Microsoft\\Edge\\Application\\msedge.exe\r\nDetails: Binary Data\r\nUser: NT AUTHORITY\\SYSTEM\""},"eventdata":{"ruleName":"InvDB","eventType":"SetValue","utcTime":"2026-10-02 04:53:35.802","processGuid":"{e12a69d9-1f98-6abf-1600-000000001700}","processId":"8","image":"C:\\\\Windows\\\\System32\\\\svchost.exe","targetObject":"HKU\\\\S-1-5-21-1324826322-2293316327-2538204677-1108\\\\SOFTWARE\\\\Microsoft\\\\Windows NT\\\\CurrentVersion\\\\AppCompatFlags\\\\Compatibility Assistant\\\\Store\\\\C:\\\\Program Files (x86)\\\\Microsoft\\\\Edge\\\\Application\\\\msedge.exe","details":"Binary Data","user":"NT AUTHORITY\\\\SYSTEM"}}},"location":"EventChannel"}
{"timestamp":"2026-10-02T04:53:39.723+0000","agent":{"id":"001","name":"SOC-WIN10","ip":"192.168.50.20"},"manager":{"name":"soc-wazuh"},"id":"1790916819.1253914","full_log":"{\"win\":{\"system\":{\"providerName\":\"Microsoft-Windows-Sysmon\",\"providerGuid\":\"{5770385f-c22a-43e0-bf4c-06f5698ffbd9}\",\"eventID\":\"1\",\"version\":\"5\",\"level\":\"4\",\"task\":\"1\",\"opcode\":\"0\",\"keywords\":\"0x8000000000000000\",\"systemTime\":\"2026-10-02T04:53:37.7608344Z\",\"eventRecordID\":\"12551\",\"processID\":\"2140\",\"threadID\":\"4056\",\"channel\":\"Microsoft-Windows-Sysmon/Operational\",\"computer\":\"WIN10-01.SOC-LAB.LOCAL\",\"severityValue\":\"INFORMATION\",\"message\":\"\\\"Process Create:\\r\\nRuleName: -\\r\\nUtcTime: 2026-10-02 04:53:37.757\\r\\nProcessGuid: {e12a69d9-38d1-6abf-3203-000000001700}\\r\\nProcessId: 3940\\r\\nImage: C:\\\\Program Files (x86)\\\\Microsoft\\\\Edge\\\\Application\\\\msedge.exe\\r\\nFileVersion: 154.0.4258.48\\r\\nDescription: Microsoft Edge\\r\\nProduct: Microsoft Edge\\r\\nCompany: Microsoft Corporation\\r\\nOriginalFileName: msedge.exe\\r\\nCommandLine: \\\"C:\\\\Program Files (x86)\\\\Microsoft\\\\Edge\\\\Application\\\\msedge.exe\\\" --profile-directory=Default\\r\\nCurrentDirectory: C:\\\\Program Files (x86)\\\\Microsoft\\\\Edge\\\\Application\\\\\\r\\nUser: SOC-LAB\\\\nam.user\\r\\nLogonGuid: {e12a69d9-1fab-6abf-e90d-090000000000}\\r\\nLogonId: 0x90DE9\\r\\nTerminalSessionId: 1\\r\\nIntegrityLevel: Medium\\r\\nHashes: MD5=C1980CDF20E3DA190B3BC8F21C0B9A6A,SHA256=64670D599EDC778D7A2A7DB70A98791799FE027A9858EFF7EEB28D31975DBA3C,IMPHASH=D38C0D5E659AA4EF1F1B1B3C4C20C711\\r\\nParentProcessGuid: {e12a69d9-3525-6abf-5a02-000000001700}\\r\\nParentProcessId: 5752\\r\\nParentImage: C:\\\\Windows\\\\explorer.exe\\r\\nParentCommandLine: \\\"C:\\\\Windows\\\\explorer.exe\\\" /LOADSAVEDWINDOWS\\r\\nParentUser: SOC-LAB\\\\nam.user\\\"\"},\"eventdata\":{\"utcTime\":\"2026-10-02 04:53:37.757\",\"processGuid\":\"{e12a69d9-38d1-6abf-3203-000000001700}\",\"processId\":\"3940\",\"image\":\"C:\\\\\\\\Program Files (x86)\\\\\\\\Microsoft\\\\\\\\Edge\\\\\\\\Application\\\\\\\\msedge.exe\",\"fileVersion\":\"154.0.4258.48\",\"description\":\"Microsoft Edge\",\"product\":\"Microsoft Edge\",\"company\":\"Microsoft Corporation\",\"originalFileName\":\"msedge.exe\",\"commandLine\":\"\\\\\\\"C:\\\\\\\\Program Files (x86)\\\\\\\\Microsoft\\\\\\\\Edge\\\\\\\\Application\\\\\\\\msedge.exe\\\\\\\" --profile-directory=Default\",\"currentDirectory\":\"C:\\\\\\\\Program Files (x86)\\\\\\\\Microsoft\\\\\\\\Edge\\\\\\\\Application\\\\\\\\\",\"user\":\"SOC-LAB\\\\\\\\nam.user\",\"logonGuid\":\"{e12a69d9-1fab-6abf-e90d-090000000000}\",\"logonId\":\"0x90de9\",\"terminalSessionId\":\"1\",\"integrityLevel\":\"Medium\",\"hashes\":\"MD5=C1980CDF20E3DA190B3BC8F21C0B9A6A,SHA256=64670D599EDC778D7A2A7DB70A98791799FE027A9858EFF7EEB28D31975DBA3C,IMPHASH=D38C0D5E659AA4EF1F1B1B3C4C20C711\",\"parentProcessGuid\":\"{e12a69d9-3525-6abf-5a02-000000001700}\",\"parentProcessId\":\"5752\",\"parentImage\":\"C:\\\\\\\\Windows\\\\\\\\explorer.exe\",\"parentCommandLine\":\"\\\\\\\"C:\\\\\\\\Windows\\\\\\\\explorer.exe\\\\\\\" /LOADSAVEDWINDOWS\",\"parentUser\":\"SOC-LAB\\\\\\\\nam.user\"}}}","decoder":{"name":"windows_eventchannel"},"data":{"win":{"system":{"providerName":"Microsoft-Windows-Sysmon","providerGuid":"{5770385f-c22a-43e0-bf4c-06f5698ffbd9}","eventID":"1","version":"5","level":"4","task":"1","opcode":"0","keywords":"0x8000000000000000","systemTime":"2026-10-02T04:53:37.7608344Z","eventRecordID":"12551","processID":"2140","threadID":"4056","channel":"Microsoft-Windows-Sysmon/Operational","computer":"WIN10-01.SOC-LAB.LOCAL","severityValue":"INFORMATION","message":"\"Process Create:\r\nRuleName: -\r\nUtcTime: 2026-10-02 04:53:37.757\r\nProcessGuid: {e12a69d9-38d1-6abf-3203-000000001700}\r\nProcessId: 3940\r\nImage: C:\\Program Files (x86)\\Microsoft\\Edge\\Application\\msedge.exe\r\nFileVersion: 154.0.4258.48\r\nDescription: Microsoft Edge\r\nProduct: Microsoft Edge\r\nCompany: Microsoft Corporation\r\nOriginalFileName: msedge.exe\r\nCommandLine: \"C:\\Program Files (x86)\\Microsoft\\Edge\\Application\\msedge.exe\" --profile-directory=Default\r\nCurrentDirectory: C:\\Program Files (x86)\\Microsoft\\Edge\\Application\\\r\nUser: SOC-LAB\\nam.user\r\nLogonGuid: {e12a69d9-1fab-6abf-e90d-090000000000}\r\nLogonId: 0x90DE9\r\nTerminalSessionId: 1\r\nIntegrityLevel: Medium\r\nHashes: MD5=C1980CDF20E3DA190B3BC8F21C0B9A6A,SHA256=64670D599EDC778D7A2A7DB70A98791799FE027A9858EFF7EEB28D31975DBA3C,IMPHASH=D38C0D5E659AA4EF1F1B1B3C4C20C711\r\nParentProcessGuid: {e12a69d9-3525-6abf-5a02-000000001700}\r\nParentProcessId: 5752\r\nParentImage: C:\\Windows\\explorer.exe\r\nParentCommandLine: \"C:\\Windows\\explorer.exe\" /LOADSAVEDWINDOWS\r\nParentUser: SOC-LAB\\nam.user\""},"eventdata":{"utcTime":"2026-10-02 04:53:37.757","processGuid":"{e12a69d9-38d1-6abf-3203-000000001700}","processId":"3940","image":"C:\\\\Program Files (x86)\\\\Microsoft\\\\Edge\\\\Application\\\\msedge.exe","fileVersion":"154.0.4258.48","description":"Microsoft Edge","product":"Microsoft Edge","company":"Microsoft Corporation","originalFileName":"msedge.exe","commandLine":"\\\"C:\\\\Program Files (x86)\\\\Microsoft\\\\Edge\\\\Application\\\\msedge.exe\\\" --profile-directory=Default","currentDirectory":"C:\\\\Program Files (x86)\\\\Microsoft\\\\Edge\\\\Application\\\\","user":"SOC-LAB\\\\nam.user","logonGuid":"{e12a69d9-1fab-6abf-e90d-090000000000}","logonId":"0x90de9","terminalSessionId":"1","integrityLevel":"Medium","hashes":"MD5=C1980CDF20E3DA190B3BC8F21C0B9A6A,SHA256=64670D599EDC778D7A2A7DB70A98791799FE027A9858EFF7EEB28D31975DBA3C,IMPHASH=D38C0D5E659AA4EF1F1B1B3C4C20C711","parentProcessGuid":"{e12a69d9-3525-6abf-5a02-000000001700}","parentProcessId":"5752","parentImage":"C:\\\\Windows\\\\explorer.exe","parentCommandLine":"\\\"C:\\\\Windows\\\\explorer.exe\\\" /LOADSAVEDWINDOWS","parentUser":"SOC-LAB\\\\nam.user"}}},"location":"EventChannel"}
{"timestamp":"2026-10-02T04:53:42.917+0000","agent":{"id":"001","name":"SOC-WIN10","ip":"192.168.50.20"},"manager":{"name":"soc-wazuh"},"id":"1790916822.1253914","full_log":"{\"win\":{\"system\":{\"providerName\":\"Microsoft-Windows-Sysmon\",\"providerGuid\":\"{5770385f-c22a-43e0-bf4c-06f5698ffbd9}\",\"eventID\":\"1\",\"version\":\"5\",\"level\":\"4\",\"task\":\"1\",\"opcode\":\"0\",\"keywords\":\"0x8000000000000000\",\"systemTime\":\"2026-10-02T04:53:40.9597573Z\",\"eventRecordID\":\"12552\",\"processID\":\"2140\",\"threadID\":\"4056\",\"channel\":\"Microsoft-Windows-Sysmon/Operational\",\"computer\":\"WIN10-01.SOC-LAB.LOCAL\",\"severityValue\":\"INFORMATION\",\"message\":\"\\\"Process Create:\\r\\nRuleName: -\\r\\nUtcTime: 2026-10-02 04:53:40.956\\r\\nProcessGuid: {e12a69d9-38d4-6abf-3303-000000001700}\\r\\nProcessId: 7748\\r\\nImage: C:\\\\Program Files (x86)\\\\Microsoft\\\\Edge\\\\Application\\\\msedge.exe\\r\\nFileVersion: 154.0.4258.48\\r\\nDescription: Microsoft Edge\\r\\nProduct: Microsoft Edge\\r\\nCompany: Microsoft Corporation\\r\\nOriginalFileName: msedge.exe\\r\\nCommandLine: \\\"C:\\\\Program Files (x86)\\\\Microsoft\\\\Edge\\\\Application\\\\msedge.exe\\\" --profile-directory=Default\\r\\nCurrentDirectory: C:\\\\Program Files (x86)\\\\Microsoft\\\\Edge\\\\Application\\\\\\r\\nUser: SOC-LAB\\\\nam.user\\r\\nLogonGuid: {e12a69d9-1fab-6abf-e90d-090000000000}\\r\\nLogonId: 0x90DE9\\r\\nTerminalSessionId: 1\\r\\nIntegrityLevel: Medium\\r\\nHashes: MD5=C1980CDF20E3DA190B3BC8F21C0B9A6A,SHA256=64670D599EDC778D7A2A7DB70A98791799FE027A9858EFF7EEB28D31975DBA3C,IMPHASH=D38C0D5E659AA4EF1F1B1B3C4C20C711\\r\\nParentProcessGuid: {e12a69d9-3525-6abf-5a02-000000001700}\\r\\nParentProcessId: 5752\\r\\nParentImage: C:\\\\Windows\\\\explorer.exe\\r\\nParentCommandLine: \\\"C:\\\\Windows\\\\explorer.exe\\\" /LOADSAVEDWINDOWS\\r\\nParentUser: SOC-LAB\\\\nam.user\\\"\"},\"eventdata\":{\"utcTime\":\"2026-10-02 04:53:40.956\",\"processGuid\":\"{e12a69d9-38d4-6abf-3303-000000001700}\",\"processId\":\"7748\",\"image\":\"C:\\\\\\\\Program Files (x86)\\\\\\\\Microsoft\\\\\\\\Edge\\\\\\\\Application\\\\\\\\msedge.exe\",\"fileVersion\":\"154.0.4258.48\",\"description\":\"Microsoft Edge\",\"product\":\"Microsoft Edge\",\"company\":\"Microsoft Corporation\",\"originalFileName\":\"msedge.exe\",\"commandLine\":\"\\\\\\\"C:\\\\\\\\Program Files (x86)\\\\\\\\Microsoft\\\\\\\\Edge\\\\\\\\Application\\\\\\\\msedge.exe\\\\\\\" --profile-directory=Default\",\"currentDirectory\":\"C:\\\\\\\\Program Files (x86)\\\\\\\\Microsoft\\\\\\\\Edge\\\\\\\\Application\\\\\\\\\",\"user\":\"SOC-LAB\\\\\\\\nam.user\",\"logonGuid\":\"{e12a69d9-1fab-6abf-e90d-090000000000}\",\"logonId\":\"0x90de9\",\"terminalSessionId\":\"1\",\"integrityLevel\":\"Medium\",\"hashes\":\"MD5=C1980CDF20E3DA190B3BC8F21C0B9A6A,SHA256=64670D599EDC778D7A2A7DB70A98791799FE027A9858EFF7EEB28D31975DBA3C,IMPHASH=D38C0D5E659AA4EF1F1B1B3C4C20C711\",\"parentProcessGuid\":\"{e12a69d9-3525-6abf-5a02-000000001700}\",\"parentProcessId\":\"5752\",\"parentImage\":\"C:\\\\\\\\Windows\\\\\\\\explorer.exe\",\"parentCommandLine\":\"\\\\\\\"C:\\\\\\\\Windows\\\\\\\\explorer.exe\\\\\\\" /LOADSAVEDWINDOWS\",\"parentUser\":\"SOC-LAB\\\\\\\\nam.user\"}}}","decoder":{"name":"windows_eventchannel"},"data":{"win":{"system":{"providerName":"Microsoft-Windows-Sysmon","providerGuid":"{5770385f-c22a-43e0-bf4c-06f5698ffbd9}","eventID":"1","version":"5","level":"4","task":"1","opcode":"0","keywords":"0x8000000000000000","systemTime":"2026-10-02T04:53:40.9597573Z","eventRecordID":"12552","processID":"2140","threadID":"4056","channel":"Microsoft-Windows-Sysmon/Operational","computer":"WIN10-01.SOC-LAB.LOCAL","severityValue":"INFORMATION","message":"\"Process Create:\r\nRuleName: -\r\nUtcTime: 2026-10-02 04:53:40.956\r\nProcessGuid: {e12a69d9-38d4-6abf-3303-000000001700}\r\nProcessId: 7748\r\nImage: C:\\Program Files (x86)\\Microsoft\\Edge\\Application\\msedge.exe\r\nFileVersion: 154.0.4258.48\r\nDescription: Microsoft Edge\r\nProduct: Microsoft Edge\r\nCompany: Microsoft Corporation\r\nOriginalFileName: msedge.exe\r\nCommandLine: \"C:\\Program Files (x86)\\Microsoft\\Edge\\Application\\msedge.exe\" --profile-directory=Default\r\nCurrentDirectory: C:\\Program Files (x86)\\Microsoft\\Edge\\Application\\\r\nUser: SOC-LAB\\nam.user\r\nLogonGuid: {e12a69d9-1fab-6abf-e90d-090000000000}\r\nLogonId: 0x90DE9\r\nTerminalSessionId: 1\r\nIntegrityLevel: Medium\r\nHashes: MD5=C1980CDF20E3DA190B3BC8F21C0B9A6A,SHA256=64670D599EDC778D7A2A7DB70A98791799FE027A9858EFF7EEB28D31975DBA3C,IMPHASH=D38C0D5E659AA4EF1F1B1B3C4C20C711\r\nParentProcessGuid: {e12a69d9-3525-6abf-5a02-000000001700}\r\nParentProcessId: 5752\r\nParentImage: C:\\Windows\\explorer.exe\r\nParentCommandLine: \"C:\\Windows\\explorer.exe\" /LOADSAVEDWINDOWS\r\nParentUser: SOC-LAB\\nam.user\""},"eventdata":{"utcTime":"2026-10-02 04:53:40.956","processGuid":"{e12a69d9-38d4-6abf-3303-000000001700}","processId":"7748","image":"C:\\\\Program Files (x86)\\\\Microsoft\\\\Edge\\\\Application\\\\msedge.exe","fileVersion":"154.0.4258.48","description":"Microsoft Edge","product":"Microsoft Edge","company":"Microsoft Corporation","originalFileName":"msedge.exe","commandLine":"\\\"C:\\\\Program Files (x86)\\\\Microsoft\\\\Edge\\\\Application\\\\msedge.exe\\\" --profile-directory=Default","currentDirectory":"C:\\\\Program Files (x86)\\\\Microsoft\\\\Edge\\\\Application\\\\","user":"SOC-LAB\\\\nam.user","logonGuid":"{e12a69d9-1fab-6abf-e90d-090000000000}","logonId":"0x90de9","terminalSessionId":"1","integrityLevel":"Medium","hashes":"MD5=C1980CDF20E3DA190B3BC8F21C0B9A6A,SHA256=64670D599EDC778D7A2A7DB70A98791799FE027A9858EFF7EEB28D31975DBA3C,IMPHASH=D38C0D5E659AA4EF1F1B1B3C4C20C711","parentProcessGuid":"{e12a69d9-3525-6abf-5a02-000000001700}","parentProcessId":"5752","parentImage":"C:\\\\Windows\\\\explorer.exe","parentCommandLine":"\\\"C:\\\\Windows\\\\explorer.exe\\\" /LOADSAVEDWINDOWS","parentUser":"SOC-LAB\\\\nam.user"}}},"location":"EventChannel"}
{"timestamp":"2026-10-02T04:53:46.266+0000","agent":{"id":"001","name":"SOC-WIN10","ip":"192.168.50.20"},"manager":{"name":"soc-wazuh"},"id":"1790916826.1253914","full_log":"{\"win\":{\"system\":{\"providerName\":\"Microsoft-Windows-Sysmon\",\"providerGuid\":\"{5770385f-c22a-43e0-bf4c-06f5698ffbd9}\",\"eventID\":\"1\",\"version\":\"5\",\"level\":\"4\",\"task\":\"1\",\"opcode\":\"0\",\"keywords\":\"0x8000000000000000\",\"systemTime\":\"2026-10-02T04:53:44.1829441Z\",\"eventRecordID\":\"12553\",\"processID\":\"2140\",\"threadID\":\"4056\",\"channel\":\"Microsoft-Windows-Sysmon/Operational\",\"computer\":\"WIN10-01.SOC-LAB.LOCAL\",\"severityValue\":\"INFORMATION\",\"message\":\"\\\"Process Create:\\r\\nRuleName: -\\r\\nUtcTime: 2026-10-02 04:53:44.178\\r\\nProcessGuid: {e12a69d9-38d8-6abf-3503-000000001700}\\r\\nProcessId: 7824\\r\\nImage: C:\\\\Program Files (x86)\\\\Microsoft\\\\Edge\\\\Application\\\\msedge.exe\\r\\nFileVersion: 154.0.4258.48\\r\\nDescription: Microsoft Edge\\r\\nProduct: Microsoft Edge\\r\\nCompany: Microsoft Corporation\\r\\nOriginalFileName: msedge.exe\\r\\nCommandLine: \\\"C:\\\\Program Files (x86)\\\\Microsoft\\\\Edge\\\\Application\\\\msedge.exe\\\" --profile-directory=Default\\r\\nCurrentDirectory: C:\\\\Program Files (x86)\\\\Microsoft\\\\Edge\\\\Application\\\\\\r\\nUser: SOC-LAB\\\\nam.user\\r\\nLogonGuid: {e12a69d9-1fab-6abf-e90d-090000000000}\\r\\nLogonId: 0x90DE9\\r\\nTerminalSessionId: 1\\r\\nIntegrityLevel: Medium\\r\\nHashes: MD5=C1980CDF20E3DA190B3BC8F21C0B9A6A,SHA256=64670D599EDC778D7A2A7DB70A98791799FE027A9858EFF7EEB28D31975DBA3C,IMPHASH=D38C0D5E659AA4EF1F1B1B3C4C20C711\\r\\nParentProcessGuid: {e12a69d9-3525-6abf-5a02-000000001700}\\r\\nParentProcessId: 5752\\r\\nParentImage: C:\\\\Windows\\\\explorer.exe\\r\\nParentCommandLine: \\\"C:\\\\Windows\\\\explorer.exe\\\" /LOADSAVEDWINDOWS\\r\\nParentUser: SOC-LAB\\\\nam.user\\\"\"},\"eventdata\":{\"utcTime\":\"2026-10-02 04:53:44.178\",\"processGuid\":\"{e12a69d9-38d8-6abf-3503-000000001700}\",\"processId\":\"7824\",\"image\":\"C:\\\\\\\\Program Files (x86)\\\\\\\\Microsoft\\\\\\\\Edge\\\\\\\\Application\\\\\\\\msedge.exe\",\"fileVersion\":\"154.0.4258.48\",\"description\":\"Microsoft Edge\",\"product\":\"Microsoft Edge\",\"company\":\"Microsoft Corporation\",\"originalFileName\":\"msedge.exe\",\"commandLine\":\"\\\\\\\"C:\\\\\\\\Program Files (x86)\\\\\\\\Microsoft\\\\\\\\Edge\\\\\\\\Application\\\\\\\\msedge.exe\\\\\\\" --profile-directory=Default\",\"currentDirectory\":\"C:\\\\\\\\Program Files (x86)\\\\\\\\Microsoft\\\\\\\\Edge\\\\\\\\Application\\\\\\\\\",\"user\":\"SOC-LAB\\\\\\\\nam.user\",\"logonGuid\":\"{e12a69d9-1fab-6abf-e90d-090000000000}\",\"logonId\":\"0x90de9\",\"terminalSessionId\":\"1\",\"integrityLevel\":\"Medium\",\"hashes\":\"MD5=C1980CDF20E3DA190B3BC8F21C0B9A6A,SHA256=64670D599EDC778D7A2A7DB70A98791799FE027A9858EFF7EEB28D31975DBA3C,IMPHASH=D38C0D5E659AA4EF1F1B1B3C4C20C711\",\"parentProcessGuid\":\"{e12a69d9-3525-6abf-5a02-000000001700}\",\"parentProcessId\":\"5752\",\"parentImage\":\"C:\\\\\\\\Windows\\\\\\\\explorer.exe\",\"parentCommandLine\":\"\\\\\\\"C:\\\\\\\\Windows\\\\\\\\explorer.exe\\\\\\\" /LOADSAVEDWINDOWS\",\"parentUser\":\"SOC-LAB\\\\\\\\nam.user\"}}}","decoder":{"name":"windows_eventchannel"},"data":{"win":{"system":{"providerName":"Microsoft-Windows-Sysmon","providerGuid":"{5770385f-c22a-43e0-bf4c-06f5698ffbd9}","eventID":"1","version":"5","level":"4","task":"1","opcode":"0","keywords":"0x8000000000000000","systemTime":"2026-10-02T04:53:44.1829441Z","eventRecordID":"12553","processID":"2140","threadID":"4056","channel":"Microsoft-Windows-Sysmon/Operational","computer":"WIN10-01.SOC-LAB.LOCAL","severityValue":"INFORMATION","message":"\"Process Create:\r\nRuleName: -\r\nUtcTime: 2026-10-02 04:53:44.178\r\nProcessGuid: {e12a69d9-38d8-6abf-3503-000000001700}\r\nProcessId: 7824\r\nImage: C:\\Program Files (x86)\\Microsoft\\Edge\\Application\\msedge.exe\r\nFileVersion: 154.0.4258.48\r\nDescription: Microsoft Edge\r\nProduct: Microsoft Edge\r\nCompany: Microsoft Corporation\r\nOriginalFileName: msedge.exe\r\nCommandLine: \"C:\\Program Files (x86)\\Microsoft\\Edge\\Application\\msedge.exe\" --profile-directory=Default\r\nCurrentDirectory: C:\\Program Files (x86)\\Microsoft\\Edge\\Application\\\r\nUser: SOC-LAB\\nam.user\r\nLogonGuid: {e12a69d9-1fab-6abf-e90d-090000000000}\r\nLogonId: 0x90DE9\r\nTerminalSessionId: 1\r\nIntegrityLevel: Medium\r\nHashes: MD5=C1980CDF20E3DA190B3BC8F21C0B9A6A,SHA256=64670D599EDC778D7A2A7DB70A98791799FE027A9858EFF7EEB28D31975DBA3C,IMPHASH=D38C0D5E659AA4EF1F1B1B3C4C20C711\r\nParentProcessGuid: {e12a69d9-3525-6abf-5a02-000000001700}\r\nParentProcessId: 5752\r\nParentImage: C:\\Windows\\explorer.exe\r\nParentCommandLine: \"C:\\Windows\\explorer.exe\" /LOADSAVEDWINDOWS\r\nParentUser: SOC-LAB\\nam.user\""},"eventdata":{"utcTime":"2026-10-02 04:53:44.178","processGuid":"{e12a69d9-38d8-6abf-3503-000000001700}","processId":"7824","image":"C:\\\\Program Files (x86)\\\\Microsoft\\\\Edge\\\\Application\\\\msedge.exe","fileVersion":"154.0.4258.48","description":"Microsoft Edge","product":"Microsoft Edge","company":"Microsoft Corporation","originalFileName":"msedge.exe","commandLine":"\\\"C:\\\\Program Files (x86)\\\\Microsoft\\\\Edge\\\\Application\\\\msedge.exe\\\" --profile-directory=Default","currentDirectory":"C:\\\\Program Files (x86)\\\\Microsoft\\\\Edge\\\\Application\\\\","user":"SOC-LAB\\\\nam.user","logonGuid":"{e12a69d9-1fab-6abf-e90d-090000000000}","logonId":"0x90de9","terminalSessionId":"1","integrityLevel":"Medium","hashes":"MD5=C1980CDF20E3DA190B3BC8F21C0B9A6A,SHA256=64670D599EDC778D7A2A7DB70A98791799FE027A9858EFF7EEB28D31975DBA3C,IMPHASH=D38C0D5E659AA4EF1F1B1B3C4C20C711","parentProcessGuid":"{e12a69d9-3525-6abf-5a02-000000001700}","parentProcessId":"5752","parentImage":"C:\\\\Windows\\\\explorer.exe","parentCommandLine":"\\\"C:\\\\Windows\\\\explorer.exe\\\" /LOADSAVEDWINDOWS","parentUser":"SOC-LAB\\\\nam.user"}}},"location":"EventChannel"}
