{"timestamp":"2026-10-02T04:53:46.341+0000","agent":{"id":"001","name":"SOC-WIN10","ip":"192.168.50.20"},"manager":{"name":"soc-wazuh"},"id":"1790916826.1253914","full_log":"{\"win\":{\"system\":{\"providerName\":\"Microsoft-Windows-Sysmon\",\"providerGuid\":\"{5770385f-c22a-43e0-bf4c-06f5698ffbd9}\",\"eventID\":\"1\",\"version\":\"5\",\"level\":\"4\",\"task\":\"1\",\"opcode\":\"0\",\"keywords\":\"0x8000000000000000\",\"systemTime\":\"2026-10-02T04:53:44.4370480Z\",\"eventRecordID\":\"12554\",\"processID\":\"2140\",\"threadID\":\"4056\",\"channel\":\"Microsoft-Windows-Sysmon/Operational\",\"computer\":\"WIN10-01.SOC-LAB.LOCAL\",\"severityValue\":\"INFORMATION\",\"message\":\"\\\"Process Create:\\r\\nRuleName: -\\r\\nUtcTime: 2026-10-02 04:53:44.431\\r\\nProcessGuid: {e12a69d9-38d8-6abf-3603-000000001700}\\r\\nProcessId: 8872\\r\\nImage: C:\\\\Program Files (x86)\\\\Microsoft\\\\Edge\\\\Application\\\\msedge.exe\\r\\nFileVersion: 154.0.4258.48\\r\\nDescription: Microsoft Edge\\r\\nProduct: Microsoft Edge\\r\\nCompany: Microsoft Corporation\\r\\nOriginalFileName: msedge.exe\\r\\nCommandLine: \\\"C:\\\\Program Files (x86)\\\\Microsoft\\\\Edge\\\\Application\\\\msedge.exe\\\" --type=crashpad-handler \\\"--user-data-dir=C:\\\\Users\\\\nam.user\\\\AppData\\\\Local\\\\Microsoft\\\\Edge\\\\User Data\\\" /prefetch:4 --monitor-self-annotation=ptype=crashpad-handler \\\"--database=C:\\\\Users\\\\nam.user\\\\AppData\\\\Local\\\\Microsoft\\\\Edge\\\\User Data\\\\Crashpad\\\" \\\"--metrics-dir=C:\\\\Users\\\\nam.user\\\\AppData\\\\Local\\\\Microsoft\\\\Edge\\\\User Data\\\" --annotation=IsOfficialBuild=1 --annotation=channel= --annotation=chromium-version=154.0.8037.58 \\\"--annotation=exe=C:\\\\Program Files (x86)\\\\Microsoft\\\\Edge\\\\Application\\\\msedge.exe\\\" --annotation=plat=Win64 --annotation=prod=Edge --annotation=ver=154.0.4258.48 --initial-client-data=0x308,0x30c,0x310,0x304,0x318,0x7ff805c783e0,0x7ff805c783f0,0x7ff805c78400\\r\\nCurrentDirectory: C:\\\\Program Files (x86)\\\\Microsoft\\\\Edge\\\\Application\\\\154.0.4258.48\\\\\\r\\nUser: SOC-LAB\\\\nam.user\\r\\nLogonGuid: {e12a69d9-1fab-6abf-e90d-090000000000}\\r\\nLogonId: 0x90DE9\\r\\nTerminalSessionId: 1\\r\\nIntegrityLevel: Medium\\r\\nHashes: MD5=C1980CDF20E3DA190B3BC8F21C0B9A6A,SHA256=64670D599EDC778D7A2A7DB70A98791799FE027A9858EFF7EEB28D31975DBA3C,IMPHASH=D38C0D5E659AA4EF1F1B1B3C4C20C711\\r\\nParentProcessGuid: {e12a69d9-38d8-6abf-3503-000000001700}\\r\\nParentProcessId: 7824\\r\\nParentImage: C:\\\\Program Files (x86)\\\\Microsoft\\\\Edge\\\\Application\\\\msedge.exe\\r\\nParentCommandLine: \\\"C:\\\\Program Files (x86)\\\\Microsoft\\\\Edge\\\\Application\\\\msedge.exe\\\" --profile-directory=Default\\r\\nParentUser: SOC-LAB\\\\nam.user\\\"\"},\"eventdata\":{\"utcTime\":\"2026-10-02 04:53:44.431\",\"processGuid\":\"{e12a69d9-38d8-6abf-3603-000000001700}\",\"processId\":\"8872\",\"image\":\"C:\\\\\\\\Program Files (x86)\\\\\\\\Microsoft\\\\\\\\Edge\\\\\\\\Application\\\\\\\\msedge.exe\",\"fileVersion\":\"154.0.4258.48\",\"description\":\"Microsoft Edge\",\"product\":\"Microsoft Edge\",\"company\":\"Microsoft Corporation\",\"originalFileName\":\"msedge.exe\",\"commandLine\":\"\\\\\\\"C:\\\\\\\\Program Files (x86)\\\\\\\\Microsoft\\\\\\\\Edge\\\\\\\\Application\\\\\\\\msedge.exe\\\\\\\" --type=crashpad-handler \\\\\\\"--user-data-dir=C:\\\\\\\\Users\\\\\\\\nam.user\\\\\\\\AppData\\\\\\\\Local\\\\\\\\Microsoft\\\\\\\\Edge\\\\\\\\User Data\\\\\\\" /prefetch:4 --monitor-self-annotation=ptype=crashpad-handler \\\\\\\"--database=C:\\\\\\\\Users\\\\\\\\nam.user\\\\\\\\AppData\\\\\\\\Local\\\\\\\\Microsoft\\\\\\\\Edge\\\\\\\\User Data\\\\\\\\Crashpad\\\\\\\" \\\\\\\"--metrics-dir=C:\\\\\\\\Users\\\\\\\\nam.user\\\\\\\\AppData\\\\\\\\Local\\\\\\\\Microsoft\\\\\\\\Edge\\\\\\\\User Data\\\\\\\" --annotation=IsOfficialBuild=1 --annotation=channel= --annotation=chromium-version=154.0.8037.58 \\\\\\\"--annotation=exe=C:\\\\\\\\Program Files (x86)\\\\\\\\Microsoft\\\\\\\\Edge\\\\\\\\Application\\\\\\\\msedge.exe\\\\\\\" --annotation=plat=Win64 --annotation=prod=Edge --annotation=ver=154.0.4258.48 --initial-client-data=0x308,0x30c,0x310,0x304,0x318,0x7ff805c783e0,0x7ff805c783f0,0x7ff805c78400\",\"currentDirectory\":\"C:\\\\\\\\Program Files (x86)\\\\\\\\Microsoft\\\\\\\\Edge\\\\\\\\Application\\\\\\\\154.0.4258.48\\\\\\\\\",\"user\":\"SOC-LAB\\\\\\\\nam.user\",\"logonGuid\":\"{e12a69d9-1fab-6abf-e90d-090000000000}\",\"logonId\":\"0x90de9\",\"terminalSessionId\":\"1\",\"integrityLevel\":\"Medium\",\"hashes\":\"MD5=C1980CDF20E3DA190B3BC8F21C0B9A6A,SHA256=64670D599EDC778D7A2A7DB70A98791799FE027A9858EFF7EEB28D31975DBA3C,IMPHASH=D38C0D5E659AA4EF1F1B1B3C4C20C711\",\"parentProcessGuid\":\"{e12a69d9-38d8-6abf-3503-000000001700}\",\"parentProcessId\":\"7824\",\"parentImage\":\"C:\\\\\\\\Program Files (x86)\\\\\\\\Microsoft\\\\\\\\Edge\\\\\\\\Application\\\\\\\\msedge.exe\",\"parentCommandLine\":\"\\\\\\\"C:\\\\\\\\Program Files (x86)\\\\\\\\Microsoft\\\\\\\\Edge\\\\\\\\Application\\\\\\\\msedge.exe\\\\\\\" --profile-directory=Default\",\"parentUser\":\"SOC-LAB\\\\\\\\nam.user\"}}}","decoder":{"name":"windows_eventchannel"},"data":{"win":{"system":{"providerName":"Microsoft-Windows-Sysmon","providerGuid":"{5770385f-c22a-43e0-bf4c-06f5698ffbd9}","eventID":"1","version":"5","level":"4","task":"1","opcode":"0","keywords":"0x8000000000000000","systemTime":"2026-10-02T04:53:44.4370480Z","eventRecordID":"12554","processID":"2140","threadID":"4056","channel":"Microsoft-Windows-Sysmon/Operational","computer":"WIN10-01.SOC-LAB.LOCAL","severityValue":"INFORMATION","message":"\"Process Create:\r\nRuleName: -\r\nUtcTime: 2026-10-02 04:53:44.431\r\nProcessGuid: {e12a69d9-38d8-6abf-3603-000000001700}\r\nProcessId: 8872\r\nImage: C:\\Program Files (x86)\\Microsoft\\Edge\\Application\\msedge.exe\r\nFileVersion: 154.0.4258.48\r\nDescription: Microsoft Edge\r\nProduct: Microsoft Edge\r\nCompany: Microsoft Corporation\r\nOriginalFileName: msedge.exe\r\nCommandLine: \"C:\\Program Files (x86)\\Microsoft\\Edge\\Application\\msedge.exe\" --type=crashpad-handler \"--user-data-dir=C:\\Users\\nam.user\\AppData\\Local\\Microsoft\\Edge\\User Data\" /prefetch:4 --monitor-self-annotation=ptype=crashpad-handler \"--database=C:\\Users\\nam.user\\AppData\\Local\\Microsoft\\Edge\\User Data\\Crashpad\" \"--metrics-dir=C:\\Users\\nam.user\\AppData\\Local\\Microsoft\\Edge\\User Data\" --annotation=IsOfficialBuild=1 --annotation=channel= --annotation=chromium-version=154.0.8037.58 \"--annotation=exe=C:\\Program Files (x86)\\Microsoft\\Edge\\Application\\msedge.exe\" --annotation=plat=Win64 --annotation=prod=Edge --annotation=ver=154.0.4258.48 --initial-client-data=0x308,0x30c,0x310,0x304,0x318,0x7ff805c783e0,0x7ff805c783f0,0x7ff805c78400\r\nCurrentDirectory: C:\\Program Files (x86)\\Microsoft\\Edge\\Application\\154.0.4258.48\\\r\nUser: SOC-LAB\\nam.user\r\nLogonGuid: {e12a69d9-1fab-6abf-e90d-090000000000}\r\nLogonId: 0x90DE9\r\nTerminalSessionId: 1\r\nIntegrityLevel: Medium\r\nHashes: MD5=C1980CDF20E3DA190B3BC8F21C0B9A6A,SHA256=64670D599EDC778D7A2A7DB70A98791799FE027A9858EFF7EEB28D31975DBA3C,IMPHASH=D38C0D5E659AA4EF1F1B1B3C4C20C711\r\nParentProcessGuid: {e12a69d9-38d8-6abf-3503-000000001700}\r\nParentProcessId: 7824\r\nParentImage: C:\\Program Files (x86)\\Microsoft\\Edge\\Application\\msedge.exe\r\nParentCommandLine: \"C:\\Program Files (x86)\\Microsoft\\Edge\\Application\\msedge.exe\" --profile-directory=Default\r\nParentUser: SOC-LAB\\nam.user\""},"eventdata":{"utcTime":"2026-10-02 04:53:44.431","processGuid":"{e12a69d9-38d8-6abf-3603-000000001700}","processId":"8872","image":"C:\\\\Program Files (x86)\\\\Microsoft\\\\Edge\\\\Application\\\\msedge.exe","fileVersion":"154.0.4258.48","description":"Microsoft Edge","product":"Microsoft Edge","company":"Microsoft Corporation","originalFileName":"msedge.exe","commandLine":"\\\"C:\\\\Program Files (x86)\\\\Microsoft\\\\Edge\\\\Application\\\\msedge.exe\\\" --type=crashpad-handler \\\"--user-data-dir=C:\\\\Users\\\\nam.user\\\\AppData\\\\Local\\\\Microsoft\\\\Edge\\\\User Data\\\" /prefetch:4 --monitor-self-annotation=ptype=crashpad-handler \\\"--database=C:\\\\Users\\\\nam.user\\\\AppData\\\\Local\\\\Microsoft\\\\Edge\\\\User Data\\\\Crashpad\\\" \\\"--metrics-dir=C:\\\\Users\\\\nam.user\\\\AppData\\\\Local\\\\Microsoft\\\\Edge\\\\User Data\\\" --annotation=IsOfficialBuild=1 --annotation=channel= --annotation=chromium-version=154.0.8037.58 \\\"--annotation=exe=C:\\\\Program Files (x86)\\\\Microsoft\\\\Edge\\\\Application\\\\msedge.exe\\\" --annotation=plat=Win64 --annotation=prod=Edge --annotation=ver=154.0.4258.48 --initial-client-data=0x308,0x30c,0x310,0x304,0x318,0x7ff805c783e0,0x7ff805c783f0,0x7ff805c78400","currentDirectory":"C:\\\\Program Files (x86)\\\\Microsoft\\\\Edge\\\\Application\\\\154.0.4258.48\\\\","user":"SOC-LAB\\\\nam.user","logonGuid":"{e12a69d9-1fab-6abf-e90d-090000000000}","logonId":"0x90de9","terminalSessionId":"1","integrityLevel":"Medium","hashes":"MD5=C1980CDF20E3DA190B3BC8F21C0B9A6A,SHA256=64670D599EDC778D7A2A7DB70A98791799FE027A9858EFF7EEB28D31975DBA3C,IMPHASH=D38C0D5E659AA4EF1F1B1B3C4C20C711","parentProcessGuid":"{e12a69d9-38d8-6abf-3503-000000001700}","parentProcessId":"7824","parentImage":"C:\\\\Program Files (x86)\\\\Microsoft\\\\Edge\\\\Application\\\\msedge.exe","parentCommandLine":"\\\"C:\\\\Program Files (x86)\\\\Microsoft\\\\Edge\\\\Application\\\\msedge.exe\\\" --profile-directory=Default","parentUser":"SOC-LAB\\\\nam.user"}}},"location":"EventChannel"}
{"timestamp":"2026-10-02T04:53:46.343+0000","agent":{"id":"001","name":"SOC-WIN10","ip":"192.168.50.20"},"manager":{"name":"soc-wazuh"},"id":"1790916826.1253914","full_log":"{\"win\":{\"system\":{\"providerName\":\"Microsoft-Windows-Sysmon\",\"providerGuid\":\"{5770385f-c22a-43e0-bf4c-06f5698ffbd9}\",\"eventID\":\"1\",\"version\":\"5\",\"level\":\"4\",\"task\":\"1\",\"opcode\":\"0\",\"keywords\":\"0x8000000000000000\",\"systemTime\":\"2026-10-02T04:53:44.5894291Z\",\"eventRecordID\":\"12555\",\"processID\":\"2140\",\"threadID\":\"4056\",\"channel\":\"Microsoft-Windows-Sysmon/Operational\",\"computer\":\"WIN10-01.SOC-LAB.LOCAL\",\"severityValue\":\"INFORMATION\",\"message\":\"\\\"Process Create:\\r\\nRuleName: -\\r\\nUtcTime: 2026-10-02 04:53:44.575\\r\\nProcessGuid: {e12a69d9-38d8-6abf-3703-000000001700}\\r\\nProcessId: 6008\\r\\nImage: C:\\\\Program Files (x86)\\\\Microsoft\\\\Edge\\\\Application\\\\msedge.exe\\r\\nFileVersion: 154.0.4258.48\\r\\nDescription: Microsoft Edge\\r\\nProduct: Microsoft Edge\\r\\nCompany: Microsoft Corporation\\r\\nOriginalFileName: msedge.exe\\r\\nCommandLine: \\\"C:\\\\Program Files (x86)\\\\Microsoft\\\\Edge\\\\Application\\\\msedge.exe\\\" --type=utility --utility-sub-type=network.mojom.NetworkService --lang=en-US --service-sandbox-type=none --startup-read-main-dll --metrics-shmem-handle=2044,i,16059861964770138043,15590165234477237107,524288 --field-trial-handle=2344,i,3525849316031551275,1483245514223910632,262144 --variations-seed-version --pseudonymization-salt-handle=2352,i,12863260314708117952,17543090505460745224,4 --trace-process-track-uuid=3190708989122997041 --mojo-platform-channel-handle=2416 /prefetch:3\\r\\nCurrentDirectory: C:\\\\Program Files (x86)\\\\Microsoft\\\\Edge\\\\Application\\\\154.0.4258.48\\\\\\r\\nUser: SOC-LAB\\\\nam.user\\r\\nLogonGuid: {e12a69d9-1fab-6abf-e90d-090000000000}\\r\\nLogonId: 0x90DE9\\r\\nTerminalSessionId: 1\\r\\nIntegrityLevel: Medium\\r\\nHashes: MD5=C1980CDF20E3DA190B3BC8F21C0B9A6A,SHA256=64670D599EDC778D7A2A7DB70A98791799FE027A9858EFF7EEB28D31975DBA3C,IMPHASH=D38C0D5E659AA4EF1F1B1B3C4C20C711\\r\\nParentProcessGuid: {e12a69d9-38d8-6abf-3503-000000001700}\\r\\nParentProcessId: 7824\\r\\nParentImage: C:\\\\Program Files (x86)\\\\Microsoft\\\\Edge\\\\Application\\\\msedge.exe\\r\\nParentCommandLine: \\\"C:\\\\Program Files (x86)\\\\Microsoft\\\\Edge\\\\Application\\\\msedge.exe\\\" --profile-directory=Default\\r\\nParentUser: SOC-LAB\\\\nam.user\\\"\"},\"eventdata\":{\"utcTime\":\"2026-10-02 04:53:44.575\",\"processGuid\":\"{e12a69d9-38d8-6abf-3703-000000001700}\",\"processId\":\"6008\",\"image\":\"C:\\\\\\\\Program Files (x86)\\\\\\\\Microsoft\\\\\\\\Edge\\\\\\\\Application\\\\\\\\msedge.exe\",\"fileVersion\":\"154.0.4258.48\",\"description\":\"Microsoft Edge\",\"product\":\"Microsoft Edge\",\"company\":\"Microsoft Corporation\",\"originalFileName\":\"msedge.exe\",\"commandLine\":\"\\\\\\\"C:\\\\\\\\Program Files (x86)\\\\\\\\Microsoft\\\\\\\\Edge\\\\\\\\Application\\\\\\\\msedge.exe\\\\\\\" --type=utility --utility-sub-type=network.mojom.NetworkService --lang=en-US --service-sandbox-type=none --startup-read-main-dll --metrics-shmem-handle=2044,i,16059861964770138043,15590165234477237107,524288 --field-trial-handle=2344,i,3525849316031551275,1483245514223910632,262144 --variations-seed-version --pseudonymization-salt-handle=2352,i,12863260314708117952,17543090505460745224,4 --trace-process-track-uuid=3190708989122997041 --mojo-platform-channel-handle=2416 /prefetch:3\",\"currentDirectory\":\"C:\\\\\\\\Program Files (x86)\\\\\\\\Microsoft\\\\\\\\Edge\\\\\\\\Application\\\\\\\\154.0.4258.48\\\\\\\\\",\"user\":\"SOC-LAB\\\\\\\\nam.user\",\"logonGuid\":\"{e12a69d9-1fab-6abf-e90d-090000000000}\",\"logonId\":\"0x90de9\",\"terminalSessionId\":\"1\",\"integrityLevel\":\"Medium\",\"hashes\":\"MD5=C1980CDF20E3DA190B3BC8F21C0B9A6A,SHA256=64670D599EDC778D7A2A7DB70A98791799FE027A9858EFF7EEB28D31975DBA3C,IMPHASH=D38C0D5E659AA4EF1F1B1B3C4C20C711\",\"parentProcessGuid\":\"{e12a69d9-38d8-6abf-3503-000000001700}\",\"parentProcessId\":\"7824\",\"parentImage\":\"C:\\\\\\\\Program Files (x86)\\\\\\\\Microsoft\\\\\\\\Edge\\\\\\\\Application\\\\\\\\msedge.exe\",\"parentCommandLine\":\"\\\\\\\"C:\\\\\\\\Program Files (x86)\\\\\\\\Microsoft\\\\\\\\Edge\\\\\\\\Application\\\\\\\\msedge.exe\\\\\\\" --profile-directory=Default\",\"parentUser\":\"SOC-LAB\\\\\\\\nam.user\"}}}","decoder":{"name":"windows_eventchannel"},"data":{"win":{"system":{"providerName":"Microsoft-Windows-Sysmon","providerGuid":"{5770385f-c22a-43e0-bf4c-06f5698ffbd9}","eventID":"1","version":"5","level":"4","task":"1","opcode":"0","keywords":"0x8000000000000000","systemTime":"2026-10-02T04:53:44.5894291Z","eventRecordID":"12555","processID":"2140","threadID":"4056","channel":"Microsoft-Windows-Sysmon/Operational","computer":"WIN10-01.SOC-LAB.LOCAL","severityValue":"INFORMATION","message":"\"Process Create:\r\nRuleName: -\r\nUtcTime: 2026-10-02 04:53:44.575\r\nProcessGuid: {e12a69d9-38d8-6abf-3703-000000001700}\r\nProcessId: 6008\r\nImage: C:\\Program Files (x86)\\Microsoft\\Edge\\Application\\msedge.exe\r\nFileVersion: 154.0.4258.48\r\nDescription: Microsoft Edge\r\nProduct: Microsoft Edge\r\nCompany: Microsoft Corporation\r\nOriginalFileName: msedge.exe\r\nCommandLine: \"C:\\Program Files (x86)\\Microsoft\\Edge\\Application\\msedge.exe\" --type=utility --utility-sub-type=network.mojom.NetworkService --lang=en-US --service-sandbox-type=none --startup-read-main-dll --metrics-shmem-handle=2044,i,16059861964770138043,15590165234477237107,524288 --field-trial-handle=2344,i,3525849316031551275,1483245514223910632,262144 --variations-seed-version --pseudonymization-salt-handle=2352,i,12863260314708117952,17543090505460745224,4 --trace-process-track-uuid=3190708989122997041 --mojo-platform-channel-handle=2416 /prefetch:3\r\nCurrentDirectory: C:\\Program Files (x86)\\Microsoft\\Edge\\Application\\154.0.4258.48\\\r\nUser: SOC-LAB\\nam.user\r\nLogonGuid: {e12a69d9-1fab-6abf-e90d-090000000000}\r\nLogonId: 0x90DE9\r\nTerminalSessionId: 1\r\nIntegrityLevel: Medium\r\nHashes: MD5=C1980CDF20E3DA190B3BC8F21C0B9A6A,SHA256=64670D599EDC778D7A2A7DB70A98791799FE027A9858EFF7EEB28D31975DBA3C,IMPHASH=D38C0D5E659AA4EF1F1B1B3C4C20C711\r\nParentProcessGuid: {e12a69d9-38d8-6abf-3503-000000001700}\r\nParentProcessId: 7824\r\nParentImage: C:\\Program Files (x86)\\Microsoft\\Edge\\Application\\msedge.exe\r\nParentCommandLine: \"C:\\Program Files (x86)\\Microsoft\\Edge\\Application\\msedge.exe\" --profile-directory=Default\r\nParentUser: SOC-LAB\\nam.user\""},"eventdata":{"utcTime":"2026-10-02 04:53:44.575","processGuid":"{e12a69d9-38d8-6abf-3703-000000001700}","processId":"6008","image":"C:\\\\Program Files (x86)\\\\Microsoft\\\\Edge\\\\Application\\\\msedge.exe","fileVersion":"154.0.4258.48","description":"Microsoft Edge","product":"Microsoft Edge","company":"Microsoft Corporation","originalFileName":"msedge.exe","commandLine":"\\\"C:\\\\Program Files (x86)\\\\Microsoft\\\\Edge\\\\Application\\\\msedge.exe\\\" --type=utility --utility-sub-type=network.mojom.NetworkService --lang=en-US --service-sandbox-type=none --startup-read-main-dll --metrics-shmem-handle=2044,i,16059861964770138043,15590165234477237107,524288 --field-trial-handle=2344,i,3525849316031551275,1483245514223910632,262144 --variations-seed-version --pseudonymization-salt-handle=2352,i,12863260314708117952,17543090505460745224,4 --trace-process-track-uuid=3190708989122997041 --mojo-platform-channel-handle=2416 /prefetch:3","currentDirectory":"C:\\\\Program Files (x86)\\\\Microsoft\\\\Edge\\\\Application\\\\154.0.4258.48\\\\","user":"SOC-LAB\\\\nam.user","logonGuid":"{e12a69d9-1fab-6abf-e90d-090000000000}","logonId":"0x90de9","terminalSessionId":"1","integrityLevel":"Medium","hashes":"MD5=C1980CDF20E3DA190B3BC8F21C0B9A6A,SHA256=64670D599EDC778D7A2A7DB70A98791799FE027A9858EFF7EEB28D31975DBA3C,IMPHASH=D38C0D5E659AA4EF1F1B1B3C4C20C711","parentProcessGuid":"{e12a69d9-38d8-6abf-3503-000000001700}","parentProcessId":"7824","parentImage":"C:\\\\Program Files (x86)\\\\Microsoft\\\\Edge\\\\Application\\\\msedge.exe","parentCommandLine":"\\\"C:\\\\Program Files (x86)\\\\Microsoft\\\\Edge\\\\Application\\\\msedge.exe\\\" --profile-directory=Default","parentUser":"SOC-LAB\\\\nam.user"}}},"location":"EventChannel"}
{"timestamp":"2026-10-02T04:53:46.349+0000","agent":{"id":"001","name":"SOC-WIN10","ip":"192.168.50.20"},"manager":{"name":"soc-wazuh"},"id":"1790916826.1253914","full_log":"{\"win\":{\"system\":{\"providerName\":\"Microsoft-Windows-Sysmon\",\"providerGuid\":\"{5770385f-c22a-43e0-bf4c-06f5698ffbd9}\",\"eventID\":\"1\",\"version\":\"5\",\"level\":\"4\",\"task\":\"1\",\"opcode\":\"0\",\"keywords\":\"0x8000000000000000\",\"systemTime\":\"2026-10-02T04:53:44.6224923Z\",\"eventRecordID\":\"12556\",\"processID\":\"2140\",\"threadID\":\"4056\",\"channel\":\"Microsoft-Windows-Sysmon/Operational\",\"computer\":\"WIN10-01.SOC-LAB.LOCAL\",\"severityValue\":\"INFORMATION\",\"message\":\"\\\"Process Create:\\r\\nRuleName: -\\r\\nUtcTime: 2026-10-02 04:53:44.591\\r\\nProcessGuid: {e12a69d9-38d8-6abf-3803-000000001700}\\r\\nProcessId: 2488\\r\\nImage: C:\\\\Program Files (x86)\\\\Microsoft\\\\Edge\\\\Application\\\\msedge.exe\\r\\nFileVersion: 154.0.4258.48\\r\\nDescription: Microsoft Edge\\r\\nProduct: Microsoft Edge\\r\\nCompany: Microsoft Corporation\\r\\nOriginalFileName: msedge.exe\\r\\nCommandLine: \\\"C:\\\\Program Files (x86)\\\\Microsoft\\\\Edge\\\\Application\\\\msedge.exe\\\" --type=gpu-process --gpu-recent-crash-count=0 --gpu-preferences=WAAAAAAAAADgAAAEAAAAAAAAAAAAAGAAQAAAAAAAAAADAAAAAAAAADgAAAAAAAAAAAAAAAAAAAACAAAAAAAAAAAAAAAAAAAAKAAAAAAAAAAoAAAAAAAAAAgAAAAAAAAAEAAAAAIAAAABAAAAAAAAAAgAAAAAAAAACAAAAAAAAAA= --startup-read-main-dll --metrics-shmem-handle=1816,i,2371895809336800876,3517929551885738687,262144 --field-trial-handle=2344,i,3525849316031551275,1483245514223910632,262144 --variations-seed-version --pseudonymization-salt-handle=2352,i,12863260314708117952,17543090505460745224,4 --trace-process-track-uuid=3190708988185955192 --mojo-platform-channel-handle=2336 /prefetch:2\\r\\nCurrentDirectory: C:\\\\Program Files (x86)\\\\Microsoft\\\\Edge\\\\Application\\\\154.0.4258.48\\\\\\r\\nUser: SOC-LAB\\\\nam.user\\r\\nLogonGuid: {e12a69d9-1fab-6abf-e90d-090000000000}\\r\\nLogonId: 0x90DE9\\r\\nTerminalSessionId: 1\\r\\nIntegrityLevel: Low\\r\\nHashes: MD5=C1980CDF20E3DA190B3BC8F21C0B9A6A,SHA256=64670D599EDC778D7A2A7DB70A98791799FE027A9858EFF7EEB28D31975DBA3C,IMPHASH=D38C0D5E659AA4EF1F1B1B3C4C20C711\\r\\nParentProcessGuid: {e12a69d9-38d8-6abf-3503-000000001700}\\r\\nParentProcessId: 7824\\r\\nParentImage: C:\\\\Program Files (x86)\\\\Microsoft\\\\Edge\\\\Application\\\\msedge.exe\\r\\nParentCommandLine: \\\"C:\\\\Program Files (x86)\\\\Microsoft\\\\Edge\\\\Application\\\\msedge.exe\\\" --profile-directory=Default\\r\\nParentUser: SOC-LAB\\\\nam.user\\\"\"},\"eventdata\":{\"utcTime\":\"2026-10-02 04:53:44.591\",\"processGuid\":\"{e12a69d9-38d8-6abf-3803-000000001700}\",\"processId\":\"2488\",\"image\":\"C:\\\\\\\\Program Files (x86)\\\\\\\\Microsoft\\\\\\\\Edge\\\\\\\\Application\\\\\\\\msedge.exe\",\"fileVersion\":\"154.0.4258.48\",\"description\":\"Microsoft Edge\",\"product\":\"Microsoft Edge\",\"company\":\"Microsoft Corporation\",\"originalFileName\":\"msedge.exe\",\"commandLine\":\"\\\\\\\"C:\\\\\\\\Program Files (x86)\\\\\\\\Microsoft\\\\\\\\Edge\\\\\\\\Application\\\\\\\\msedge.exe\\\\\\\" --type=gpu-process --gpu-recent-crash-count=0 --gpu-preferences=WAAAAAAAAADgAAAEAAAAAAAAAAAAAGAAQAAAAAAAAAADAAAAAAAAADgAAAAAAAAAAAAAAAAAAAACAAAAAAAAAAAAAAAAAAAAKAAAAAAAAAAoAAAAAAAAAAgAAAAAAAAAEAAAAAIAAAABAAAAAAAAAAgAAAAAAAAACAAAAAAAAAA= --startup-read-main-dll --metrics-shmem-handle=1816,i,2371895809336800876,3517929551885738687,262144 --field-trial-handle=2344,i,3525849316031551275,1483245514223910632,262144 --variations-seed-version --pseudonymization-salt-handle=2352,i,12863260314708117952,17543090505460745224,4 --trace-process-track-uuid=3190708988185955192 --mojo-platform-channel-handle=2336 /prefetch:2\",\"currentDirectory\":\"C:\\\\\\\\Program Files (x86)\\\\\\\\Microsoft\\\\\\\\Edge\\\\\\\\Application\\\\\\\\154.0.4258.48\\\\\\\\\",\"user\":\"SOC-LAB\\\\\\\\nam.user\",\"logonGuid\":\"{e12a69d9-1fab-6abf-e90d-090000000000}\",\"logonId\":\"0x90de9\",\"terminalSessionId\":\"1\",\"integrityLevel\":\"Low\",\"hashes\":\"MD5=C1980CDF20E3DA190B3BC8F21C0B9A6A,SHA256=64670D599EDC778D7A2A7DB70A98791799FE027A9858EFF7EEB28D31975DBA3C,IMPHASH=D38C0D5E659AA4EF1F1B1B3C4C20C711\",\"parentProcessGuid\":\"{e12a69d9-38d8-6abf-3503-000000001700}\",\"parentProcessId\":\"7824\",\"parentImage\":\"C:\\\\\\\\Program Files (x86)\\\\\\\\Microsoft\\\\\\\\Edge\\\\\\\\Application\\\\\\\\msedge.exe\",\"parentCommandLine\":\"\\\\\\\"C:\\\\\\\\Program Files (x86)\\\\\\\\Microsoft\\\\\\\\Edge\\\\\\\\Application\\\\\\\\msedge.exe\\\\\\\" --profile-directory=Default\",\"parentUser\":\"SOC-LAB\\\\\\\\nam.user\"}}}","decoder":{"name":"windows_eventchannel"},"data":{"win":{"system":{"providerName":"Microsoft-Windows-Sysmon","providerGuid":"{5770385f-c22a-43e0-bf4c-06f5698ffbd9}","eventID":"1","version":"5","level":"4","task":"1","opcode":"0","keywords":"0x8000000000000000","systemTime":"2026-10-02T04:53:44.6224923Z","eventRecordID":"12556","processID":"2140","threadID":"4056","channel":"Microsoft-Windows-Sysmon/Operational","computer":"WIN10-01.SOC-LAB.LOCAL","severityValue":"INFORMATION","message":"\"Process Create:\r\nRuleName: -\r\nUtcTime: 2026-10-02 04:53:44.591\r\nProcessGuid: {e12a69d9-38d8-6abf-3803-000000001700}\r\nProcessId: 2488\r\nImage: C:\\Program Files (x86)\\Microsoft\\Edge\\Application\\msedge.exe\r\nFileVersion: 154.0.4258.48\r\nDescription: Microsoft Edge\r\nProduct: Microsoft Edge\r\nCompany: Microsoft Corporation\r\nOriginalFileName: msedge.exe\r\nCommandLine: \"C:\\Program Files (x86)\\Microsoft\\Edge\\Application\\msedge.exe\" --type=gpu-process --gpu-recent-crash-count=0 --gpu-preferences=WAAAAAAAAADgAAAEAAAAAAAAAAAAAGAAQAAAAAAAAAADAAAAAAAAADgAAAAAAAAAAAAAAAAAAAACAAAAAAAAAAAAAAAAAAAAKAAAAAAAAAAoAAAAAAAAAAgAAAAAAAAAEAAAAAIAAAABAAAAAAAAAAgAAAAAAAAACAAAAAAAAAA= --startup-read-main-dll --metrics-shmem-handle=1816,i,2371895809336800876,3517929551885738687,262144 --field-trial-handle=2344,i,3525849316031551275,1483245514223910632,262144 --variations-seed-version --pseudonymization-salt-handle=2352,i,12863260314708117952,17543090505460745224,4 --trace-process-track-uuid=3190708988185955192 --mojo-platform-channel-handle=2336 /prefetch:2\r\nCurrentDirectory: C:\\Program Files (x86)\\Microsoft\\Edge\\Application\\154.0.4258.48\\\r\nUser: SOC-LAB\\nam.user\r\nLogonGuid: {e12a69d9-1fab-6abf-e90d-090000000000}\r\nLogonId: 0x90DE9\r\nTerminalSessionId: 1\r\nIntegrityLevel: Low\r\nHashes: MD5=C1980CDF20E3DA190B3BC8F21C0B9A6A,SHA256=64670D599EDC778D7A2A7DB70A98791799FE027A9858EFF7EEB28D31975DBA3C,IMPHASH=D38C0D5E659AA4EF1F1B1B3C4C20C711\r\nParentProcessGuid: {e12a69d9-38d8-6abf-3503-000000001700}\r\nParentProcessId: 7824\r\nParentImage: C:\\Program Files (x86)\\Microsoft\\Edge\\Application\\msedge.exe\r\nParentCommandLine: \"C:\\Program Files (x86)\\Microsoft\\Edge\\Application\\msedge.exe\" --profile-directory=Default\r\nParentUser: SOC-LAB\\nam.user\""},"eventdata":{"utcTime":"2026-10-02 04:53:44.591","processGuid":"{e12a69d9-38d8-6abf-3803-000000001700}","processId":"2488","image":"C:\\\\Program Files (x86)\\\\Microsoft\\\\Edge\\\\Application\\\\msedge.exe","fileVersion":"154.0.4258.48","description":"Microsoft Edge","product":"Microsoft Edge","company":"Microsoft Corporation","originalFileName":"msedge.exe","commandLine":"\\\"C:\\\\Program Files (x86)\\\\Microsoft\\\\Edge\\\\Application\\\\msedge.exe\\\" --type=gpu-process --gpu-recent-crash-count=0 --gpu-preferences=WAAAAAAAAADgAAAEAAAAAAAAAAAAAGAAQAAAAAAAAAADAAAAAAAAADgAAAAAAAAAAAAAAAAAAAACAAAAAAAAAAAAAAAAAAAAKAAAAAAAAAAoAAAAAAAAAAgAAAAAAAAAEAAAAAIAAAABAAAAAAAAAAgAAAAAAAAACAAAAAAAAAA= --startup-read-main-dll --metrics-shmem-handle=1816,i,2371895809336800876,3517929551885738687,262144 --field-trial-handle=2344,i,3525849316031551275,1483245514223910632,262144 --variations-seed-version --pseudonymization-salt-handle=2352,i,12863260314708117952,17543090505460745224,4 --trace-process-track-uuid=3190708988185955192 --mojo-platform-channel-handle=2336 /prefetch:2","currentDirectory":"C:\\\\Program Files (x86)\\\\Microsoft\\\\Edge\\\\Application\\\\154.0.4258.48\\\\","user":"SOC-LAB\\\\nam.user","logonGuid":"{e12a69d9-1fab-6abf-e90d-090000000000}","logonId":"0x90de9","terminalSessionId":"1","integrityLevel":"Low","hashes":"MD5=C1980CDF20E3DA190B3BC8F21C0B9A6A,SHA256=64670D599EDC778D7A2A7DB70A98791799FE027A9858EFF7EEB28D31975DBA3C,IMPHASH=D38C0D5E659AA4EF1F1B1B3C4C20C711","parentProcessGuid":"{e12a69d9-38d8-6abf-3503-000000001700}","parentProcessId":"7824","parentImage":"C:\\\\Program Files (x86)\\\\Microsoft\\\\Edge\\\\Application\\\\msedge.exe","parentCommandLine":"\\\"C:\\\\Program Files (x86)\\\\Microsoft\\\\Edge\\\\Application\\\\msedge.exe\\\" --profile-directory=Default","parentUser":"SOC-LAB\\\\nam.user"}}},"location":"EventChannel"}
{"timestamp":"2026-10-02T04:53:46.367+0000","agent":{"id":"001","name":"SOC-WIN10","ip":"192.168.50.20"},"manager":{"name":"soc-wazuh"},"id":"1790916826.1253914","full_log":"{\"win\":{\"system\":{\"providerName\":\"Microsoft-Windows-Sysmon\",\"providerGuid\":\"{5770385f-c22a-43e0-bf4c-06f5698ffbd9}\",\"eventID\":\"1\",\"version\":\"5\",\"level\":\"4\",\"task\":\"1\",\"opcode\":\"0\",\"keywords\":\"0x8000000000000000\",\"systemTime\":\"2026-10-02T04:53:44.6491336Z\",\"eventRecordID\":\"12557\",\"processID\":\"2140\",\"threadID\":\"4056\",\"channel\":\"Microsoft-Windows-Sysmon/Operational\",\"computer\":\"WIN10-01.SOC-LAB.LOCAL\",\"severityValue\":\"INFORMATION\",\"message\":\"\\\"Process Create:\\r\\nRuleName: -\\r\\nUtcTime: 2026-10-02 04:53:44.608\\r\\nProcessGuid: {e12a69d9-38d8-6abf-3903-000000001700}\\r\\nProcessId: 7408\\r\\nImage: C:\\\\Program Files (x86)\\\\Microsoft\\\\Edge\\\\Application\\\\msedge.exe\\r\\nFileVersion: 154.0.4258.48\\r\\nDescription: Microsoft Edge\\r\\nProduct: Microsoft Edge\\r\\nCompany: Microsoft Corporation\\r\\nOriginalFileName: msedge.exe\\r\\nCommandLine: \\\"C:\\\\Program Files (x86)\\\\Microsoft\\\\Edge\\\\Application\\\\msedge.exe\\\" --type=utility --utility-sub-type=storage.mojom.StorageService --lang=en-US --service-sandbox-type=service --startup-read-main-dll --metrics-shmem-handle=2532,i,268161918441659698,10008602149401515306,524288 --field-trial-handle=2344,i,3525849316031551275,1483245514223910632,262144 --variations-seed-version --pseudonymization-salt-handle=2352,i,12863260314708117952,17543090505460745224,4 --trace-process-track-uuid=3190708990060038890 --mojo-platform-channel-handle=2400 /prefetch:8\\r\\nCurrentDirectory: C:\\\\Program Files (x86)\\\\Microsoft\\\\Edge\\\\Application\\\\154.0.4258.48\\\\\\r\\nUser: SOC-LAB\\\\nam.user\\r\\nLogonGuid: {e12a69d9-1fab-6abf-e90d-090000000000}\\r\\nLogonId: 0x90DE9\\r\\nTerminalSessionId: 1\\r\\nIntegrityLevel: Low\\r\\nHashes: MD5=C1980CDF20E3DA190B3BC8F21C0B9A6A,SHA256=64670D599EDC778D7A2A7DB70A98791799FE027A9858EFF7EEB28D31975DBA3C,IMPHASH=D38C0D5E659AA4EF1F1B1B3C4C20C711\\r\\nParentProcessGuid: {e12a69d9-38d8-6abf-3503-000000001700}\\r\\nParentProcessId: 7824\\r\\nParentImage: C:\\\\Program Files (x86)\\\\Microsoft\\\\Edge\\\\Application\\\\msedge.exe\\r\\nParentCommandLine: \\\"C:\\\\Program Files (x86)\\\\Microsoft\\\\Edge\\\\Application\\\\msedge.exe\\\" --profile-directory=Default\\r\\nParentUser: SOC-LAB\\\\nam.user\\\"\"},\"eventdata\":{\"utcTime\":\"2026-10-02 04:53:44.608\",\"processGuid\":\"{e12a69d9-38d8-6abf-3903-000000001700}\",\"processId\":\"7408\",\"image\":\"C:\\\\\\\\Program Files (x86)\\\\\\\\Microsoft\\\\\\\\Edge\\\\\\\\Application\\\\\\\\msedge.exe\",\"fileVersion\":\"154.0.4258.48\",\"description\":\"Microsoft Edge\",\"product\":\"Microsoft Edge\",\"company\":\"Microsoft Corporation\",\"originalFileName\":\"msedge.exe\",\"commandLine\":\"\\\\\\\"C:\\\\\\\\Program Files (x86)\\\\\\\\Microsoft\\\\\\\\Edge\\\\\\\\Application\\\\\\\\msedge.exe\\\\\\\" --type=utility --utility-sub-type=storage.mojom.StorageService --lang=en-US --service-sandbox-type=service --startup-read-main-dll --metrics-shmem-handle=2532,i,268161918441659698,10008602149401515306,524288 --field-trial-handle=2344,i,3525849316031551275,1483245514223910632,262144 --variations-seed-version --pseudonymization-salt-handle=2352,i,12863260314708117952,17543090505460745224,4 --trace-process-track-uuid=3190708990060038890 --mojo-platform-channel-handle=2400 /prefetch:8\",\"currentDirectory\":\"C:\\\\\\\\Program Files (x86)\\\\\\\\Microsoft\\\\\\\\Edge\\\\\\\\Application\\\\\\\\154.0.4258.48\\\\\\\\\",\"user\":\"SOC-LAB\\\\\\\\nam.user\",\"logonGuid\":\"{e12a69d9-1fab-6abf-e90d-090000000000}\",\"logonId\":\"0x90de9\",\"terminalSessionId\":\"1\",\"integrityLevel\":\"Low\",\"hashes\":\"MD5=C1980CDF20E3DA190B3BC8F21C0B9A6A,SHA256=64670D599EDC778D7A2A7DB70A98791799FE027A9858EFF7EEB28D31975DBA3C,IMPHASH=D38C0D5E659AA4EF1F1B1B3C4C20C711\",\"parentProcessGuid\":\"{e12a69d9-38d8-6abf-3503-000000001700}\",\"parentProcessId\":\"7824\",\"parentImage\":\"C:\\\\\\\\Program Files (x86)\\\\\\\\Microsoft\\\\\\\\Edge\\\\\\\\Application\\\\\\\\msedge.exe\",\"parentCommandLine\":\"\\\\\\\"C:\\\\\\\\Program Files (x86)\\\\\\\\Microsoft\\\\\\\\Edge\\\\\\\\Application\\\\\\\\msedge.exe\\\\\\\" --profile-directory=Default\",\"parentUser\":\"SOC-LAB\\\\\\\\nam.user\"}}}","decoder":{"name":"windows_eventchannel"},"data":{"win":{"system":{"providerName":"Microsoft-Windows-Sysmon","providerGuid":"{5770385f-c22a-43e0-bf4c-06f5698ffbd9}","eventID":"1","version":"5","level":"4","task":"1","opcode":"0","keywords":"0x8000000000000000","systemTime":"2026-10-02T04:53:44.6491336Z","eventRecordID":"12557","processID":"2140","threadID":"4056","channel":"Microsoft-Windows-Sysmon/Operational","computer":"WIN10-01.SOC-LAB.LOCAL","severityValue":"INFORMATION","message":"\"Process Create:\r\nRuleName: -\r\nUtcTime: 2026-10-02 04:53:44.608\r\nProcessGuid: {e12a69d9-38d8-6abf-3903-000000001700}\r\nProcessId: 7408\r\nImage: C:\\Program Files (x86)\\Microsoft\\Edge\\Application\\msedge.exe\r\nFileVersion: 154.0.4258.48\r\nDescription: Microsoft Edge\r\nProduct: Microsoft Edge\r\nCompany: Microsoft Corporation\r\nOriginalFileName: msedge.exe\r\nCommandLine: \"C:\\Program Files (x86)\\Microsoft\\Edge\\Application\\msedge.exe\" --type=utility --utility-sub-type=storage.mojom.StorageService --lang=en-US --service-sandbox-type=service --startup-read-main-dll --metrics-shmem-handle=2532,i,268161918441659698,10008602149401515306,524288 --field-trial-handle=2344,i,3525849316031551275,1483245514223910632,262144 --variations-seed-version --pseudonymization-salt-handle=2352,i,12863260314708117952,17543090505460745224,4 --trace-process-track-uuid=3190708990060038890 --mojo-platform-channel-handle=2400 /prefetch:8\r\nCurrentDirectory: C:\\Program Files (x86)\\Microsoft\\Edge\\Application\\154.0.4258.48\\\r\nUser: SOC-LAB\\nam.user\r\nLogonGuid: {e12a69d9-1fab-6abf-e90d-090000000000}\r\nLogonId: 0x90DE9\r\nTerminalSessionId: 1\r\nIntegrityLevel: Low\r\nHashes: MD5=C1980CDF20E3DA190B3BC8F21C0B9A6A,SHA256=64670D599EDC778D7A2A7DB70A98791799FE027A9858EFF7EEB28D31975DBA3C,IMPHASH=D38C0D5E659AA4EF1F1B1B3C4C20C711\r\nParentProcessGuid: {e12a69d9-38d8-6abf-3503-000000001700}\r\nParentProcessId: 7824\r\nParentImage: C:\\Program Files (x86)\\Microsoft\\Edge\\Application\\msedge.exe\r\nParentCommandLine: \"C:\\Program Files (x86)\\Microsoft\\Edge\\Application\\msedge.exe\" --profile-directory=Default\r\nParentUser: SOC-LAB\\nam.user\""},"eventdata":{"utcTime":"2026-10-02 04:53:44.608","processGuid":"{e12a69d9-38d8-6abf-3903-000000001700}","processId":"7408","image":"C:\\\\Program Files (x86)\\\\Microsoft\\\\Edge\\\\Application\\\\msedge.exe","fileVersion":"154.0.4258.48","description":"Microsoft Edge","product":"Microsoft Edge","company":"Microsoft Corporation","originalFileName":"msedge.exe","commandLine":"\\\"C:\\\\Program Files (x86)\\\\Microsoft\\\\Edge\\\\Application\\\\msedge.exe\\\" --type=utility --utility-sub-type=storage.mojom.StorageService --lang=en-US --service-sandbox-type=service --startup-read-main-dll --metrics-shmem-handle=2532,i,268161918441659698,10008602149401515306,524288 --field-trial-handle=2344,i,3525849316031551275,1483245514223910632,262144 --variations-seed-version --pseudonymization-salt-handle=2352,i,12863260314708117952,17543090505460745224,4 --trace-process-track-uuid=3190708990060038890 --mojo-platform-channel-handle=2400 /prefetch:8","currentDirectory":"C:\\\\Program Files (x86)\\\\Microsoft\\\\Edge\\\\Application\\\\154.0.4258.48\\\\","user":"SOC-LAB\\\\nam.user","logonGuid":"{e12a69d9-1fab-6abf-e90d-090000000000}","logonId":"0x90de9","terminalSessionId":"1","integrityLevel":"Low","hashes":"MD5=C1980CDF20E3DA190B3BC8F21C0B9A6A,SHA256=64670D599EDC778D7A2A7DB70A98791799FE027A9858EFF7EEB28D31975DBA3C,IMPHASH=D38C0D5E659AA4EF1F1B1B3C4C20C711","parentProcessGuid":"{e12a69d9-38d8-6abf-3503-000000001700}","parentProcessId":"7824","parentImage":"C:\\\\Program Files (x86)\\\\Microsoft\\\\Edge\\\\Application\\\\msedge.exe","parentCommandLine":"\\\"C:\\\\Program Files (x86)\\\\Microsoft\\\\Edge\\\\Application\\\\msedge.exe\\\" --profile-directory=Default","parentUser":"SOC-LAB\\\\nam.user"}}},"location":"EventChannel"}
{"timestamp":"2026-10-02T04:53:46.378+0000","agent":{"id":"001","name":"SOC-WIN10","ip":"192.168.50.20"},"manager":{"name":"soc-wazuh"},"id":"1790916826.1253914","full_log":"{\"win\":{\"system\":{\"providerName\":\"Microsoft-Windows-Sysmon\",\"providerGuid\":\"{5770385f-c22a-43e0-bf4c-06f5698ffbd9}\",\"eventID\":\"1\",\"version\":\"5\",\"level\":\"4\",\"task\":\"1\",\"opcode\":\"0\",\"keywords\":\"0x8000000000000000\",\"systemTime\":\"2026-10-02T04:53:44.8286384Z\",\"eventRecordID\":\"12558\",\"processID\":\"2140\",\"threadID\":\"4056\",\"channel\":\"Microsoft-Windows-Sysmon/Operational\",\"computer\":\"WIN10-01.SOC-LAB.LOCAL\",\"severityValue\":\"INFORMATION\",\"message\":\"\\\"Process Create:\\r\\nRuleName: -\\r\\nUtcTime: 2026-10-02 04:53:44.826\\r\\nProcessGuid: {e12a69d9-38d8-6abf-3a03-000000001700}\\r\\nProcessId: 8168\\r\\nImage: C:\\\\Program Files (x86)\\\\Microsoft\\\\Edge\\\\Application\\\\154.0.4258.48\\\\elevation_service.exe\\r\\nFileVersion: 154.0.4258.48\\r\\nDescription: Microsoft Edge\\r\\nProduct: Microsoft Edge\\r\\nCompany: Microsoft Corporation\\r\\nOriginalFileName: elevation_service.exe\\r\\nCommandLine: \\\"C:\\\\Program Files (x86)\\\\Microsoft\\\\Edge\\\\Application\\\\154.0.4258.48\\\\elevation_service.exe\\\"\\r\\nCurrentDirectory: C:\\\\Windows\\\\system32\\\\\\r\\nUser: NT AUTHORITY\\\\SYSTEM\\r\\nLogonGuid: {e12a69d9-1f98-6abf-e703-000000000000}\\r\\nLogonId: 0x3E7\\r\\nTerminalSessionId: 0\\r\\nIntegrityLevel: System\\r\\nHashes: MD5=6272C4AB163C353DFA76A9395020CB1A,SHA256=85B4200D6BAC96E00F37C8147DCF00274C4D2BBBB45A586FF6126C3184A21FF7,IMPHASH=EA74C4B28BF0B3E7B38C4034B7F67684\\r\\nParentProcessGuid: {e12a69d9-1f98-6abf-0b00-000000001700}\\r\\nParentProcessId: 684\\r\\nParentImage: C:\\\\Windows\\\\System32\\\\services.exe\\r\\nParentCommandLine: C:\\\\Windows\\\\system32\\\\services.exe\\r\\nParentUser: NT AUTHORITY\\\\SYSTEM\\\"\"},\"eventdata\":{\"utcTime\":\"2026-10-02 04:53:44.826\",\"processGuid\":\"{e12a69d9-38d8-6abf-3a03-000000001700}\",\"processId\":\"8168\",\"image\":\"C:\\\\\\\\Program Files (x86)\\\\\\\\Microsoft\\\\\\\\Edge\\\\\\\\Application\\\\\\\\154.0.4258.48\\\\\\\\elevation_service.exe\",\"fileVersion\":\"154.0.4258.48\",\"description\":\"Microsoft Edge\",\"product\":\"Microsoft Edge\",\"company\":\"Microsoft Corporation\",\"originalFileName\":\"elevation_service.exe\",\"commandLine\":\"\\\\\\\"C:\\\\\\\\Program Files (x86)\\\\\\\\Microsoft\\\\\\\\Edge\\\\\\\\Application\\\\\\\\154.0.4258.48\\\\\\\\elevation_service.exe\\\\\\\"\",\"currentDirectory\":\"C:\\\\\\\\Windows\\\\\\\\system32\\\\\\\\\",\"user\":\"NT AUTHORITY\\\\\\\\SYSTEM\",\"logonGuid\":\"{e12a69d9-1f98-6abf-e703-000000000000}\",\"logonId\":\"0x3e7\",\"terminalSessionId\":\"0\",\"integrityLevel\":\"System\",\"hashes\":\"MD5=6272C4AB163C353DFA76A9395020CB1A,SHA256=85B4200D6BAC96E00F37C8147DCF00274C4D2BBBB45A586FF6126C3184A21FF7,IMPHASH=EA74C4B28BF0B3E7B38C4034B7F67684\",\"parentProcessGuid\":\"{e12a69d9-1f98-6abf-0b00-000000001700}\",\"parentProcessId\":\"684\",\"parentImage\":\"C:\\\\\\\\Windows\\\\\\\\System32\\\\\\\\services.exe\",\"parentCommandLine\":\"C:\\\\\\\\Windows\\\\\\\\system32\\\\\\\\services.exe\",\"parentUser\":\"NT AUTHORITY\\\\\\\\SYSTEM\"}}}","decoder":{"name":"windows_eventchannel"},"data":{"win":{"system":{"providerName":"Microsoft-Windows-Sysmon","providerGuid":"{5770385f-c22a-43e0-bf4c-06f5698ffbd9}","eventID":"1","version":"5","level":"4","task":"1","opcode":"0","keywords":"0x8000000000000000","systemTime":"2026-10-02T04:53:44.8286384Z","eventRecordID":"12558","processID":"2140","threadID":"4056","channel":"Microsoft-Windows-Sysmon/Operational","computer":"WIN10-01.SOC-LAB.LOCAL","severityValue":"INFORMATION","message":"\"Process Create:\r\nRuleName: -\r\nUtcTime: 2026-10-02 04:53:44.826\r\nProcessGuid: {e12a69d9-38d8-6abf-3a03-000000001700}\r\nProcessId: 8168\r\nImage: C:\\Program Files (x86)\\Microsoft\\Edge\\Application\\154.0.4258.48\\elevation_service.exe\r\nFileVersion: 154.0.4258.48\r\nDescription: Microsoft Edge\r\nProduct: Microsoft Edge\r\nCompany: Microsoft Corporation\r\nOriginalFileName: elevation_service.exe\r\nCommandLine: \"C:\\Program Files (x86)\\Microsoft\\Edge\\Application\\154.0.4258.48\\elevation_service.exe\"\r\nCurrentDirectory: C:\\Windows\\system32\\\r\nUser: NT AUTHORITY\\SYSTEM\r\nLogonGuid: {e12a69d9-1f98-6abf-e703-000000000000}\r\nLogonId: 0x3E7\r\nTerminalSessionId: 0\r\nIntegrityLevel: System\r\nHashes: MD5=6272C4AB163C353DFA76A9395020CB1A,SHA256=85B4200D6BAC96E00F37C8147DCF00274C4D2BBBB45A586FF6126C3184A21FF7,IMPHASH=EA74C4B28BF0B3E7B38C4034B7F67684\r\nParentProcessGuid: {e12a69d9-1f98-6abf-0b00-000000001700}\r\nParentProcessId: 684\r\nParentImage: C:\\Windows\\System32\\services.exe\r\nParentCommandLine: C:\\Windows\\system32\\services.exe\r\nParentUser: NT AUTHORITY\\SYSTEM\""},"eventdata":{"utcTime":"2026-10-02 04:53:44.826","processGuid":"{e12a69d9-38d8-6abf-3a03-000000001700}","processId":"8168","image":"C:\\\\Program Files (x86)\\\\Microsoft\\\\Edge\\\\Application\\\\154.0.4258.48\\\\elevation_service.exe","fileVersion":"154.0.4258.48","description":"Microsoft Edge","product":"Microsoft Edge","company":"Microsoft Corporation","originalFileName":"elevation_service.exe","commandLine":"\\\"C:\\\\Program Files (x86)\\\\Microsoft\\\\Edge\\\\Application\\\\154.0.4258.48\\\\elevation_service.exe\\\"","currentDirectory":"C:\\\\Windows\\\\system32\\\\","user":"NT AUTHORITY\\\\SYSTEM","logonGuid":"{e12a69d9-1f98-6abf-e703-000000000000}","logonId":"0x3e7","terminalSessionId":"0","integrityLevel":"System","hashes":"MD5=6272C4AB163C353DFA76A9395020CB1A,SHA256=85B4200D6BAC96E00F37C8147DCF00274C4D2BBBB45A586FF6126C3184A21FF7,IMPHASH=EA74C4B28BF0B3E7B38C4034B7F67684","parentProcessGuid":"{e12a69d9-1f98-6abf-0b00-000000001700}","parentProcessId":"684","parentImage":"C:\\\\Windows\\\\System32\\\\services.exe","parentCommandLine":"C:\\\\Windows\\\\system32\\\\services.exe","parentUser":"NT AUTHORITY\\\\SYSTEM"}}},"location":"EventChannel"}
{"timestamp":"2026-10-02T04:53:48.035+0000","agent":{"id":"001","name":"SOC-WIN10","ip":"192.168.50.20"},"manager":{"name":"soc-wazuh"},"id":"1790916828.1253914","full_log":"{\"win\":{\"system\":{\"providerName\":\"Microsoft-Windows-Sysmon\",\"providerGuid\":\"{5770385f-c22a-43e0-bf4c-06f5698ffbd9}\",\"eventID\":\"22\",\"version\":\"5\",\"level\":\"4\",\"task\":\"22\",\"opcode\":\"0\",\"keywords\":\"0x8000000000000000\",\"systemTime\":\"2026-10-02T04:53:46.0445683Z\",\"eventRecordID\":\"12559\",\"processID\":\"2140\",\"threadID\":\"4072\",\"channel\":\"Microsoft-Windows-Sysmon/Operational\",\"computer\":\"WIN10-01.SOC-LAB.LOCAL\",\"severityValue\":\"INFORMATION\",\"message\":\"\\\"Dns query:\\r\\nRuleName: -\\r\\nUtcTime: 2026-10-02 04:53:45.916\\r\\nProcessGuid: {e12a69d9-38d8-6abf-3703-000000001700}\\r\\nProcessId: 6008\\r\\nQueryName: wpad\\r\\nQueryStatus: 1460\\r\\nQueryResults: -\\r\\nImage: C:\\\\Program Files (x86)\\\\Microsoft\\\\Edge\\\\Application\\\\msedge.exe\\r\\nUser: SOC-LAB\\\\nam.user\\\"\"},\"eventdata\":{\"utcTime\":\"2026-10-02 04:53:45.916\",\"processGuid\":\"{e12a69d9-38d8-6abf-3703-000000001700}\",\"processId\":\"6008\",\"queryName\":\"wpad\",\"queryStatus\":\"1460\",\"image\":\"C:\\\\\\\\Program Files (x86)\\\\\\\\Microsoft\\\\\\\\Edge\\\\\\\\Application\\\\\\\\msedge.exe\",\"user\":\"SOC-LAB\\\\\\\\nam.user\"}}}","decoder":{"name":"windows_eventchannel"},"data":{"win":{"system":{"providerName":"Microsoft-Windows-Sysmon","providerGuid":"{5770385f-c22a-43e0-bf4c-06f5698ffbd9}","eventID":"22","version":"5","level":"4","task":"22","opcode":"0","keywords":"0x8000000000000000","systemTime":"2026-10-02T04:53:46.0445683Z","eventRecordID":"12559","processID":"2140","threadID":"4072","channel":"Microsoft-Windows-Sysmon/Operational","computer":"WIN10-01.SOC-LAB.LOCAL","severityValue":"INFORMATION","message":"\"Dns query:\r\nRuleName: -\r\nUtcTime: 2026-10-02 04:53:45.916\r\nProcessGuid: {e12a69d9-38d8-6abf-3703-000000001700}\r\nProcessId: 6008\r\nQueryName: wpad\r\nQueryStatus: 1460\r\nQueryResults: -\r\nImage: C:\\Program Files (x86)\\Microsoft\\Edge\\Application\\msedge.exe\r\nUser: SOC-LAB\\nam.user\""},"eventdata":{"utcTime":"2026-10-02 04:53:45.916","processGuid":"{e12a69d9-38d8-6abf-3703-000000001700}","processId":"6008","queryName":"wpad","queryStatus":"1460","image":"C:\\\\Program Files (x86)\\\\Microsoft\\\\Edge\\\\Application\\\\msedge.exe","user":"SOC-LAB\\\\nam.user"}}},"location":"EventChannel"}
{"timestamp":"2026-10-02T04:53:48.041+0000","agent":{"id":"001","name":"SOC-WIN10","ip":"192.168.50.20"},"manager":{"name":"soc-wazuh"},"id":"1790916828.1253914","full_log":"{\"win\":{\"system\":{\"providerName\":\"Microsoft-Windows-Sysmon\",\"providerGuid\":\"{5770385f-c22a-43e0-bf4c-06f5698ffbd9}\",\"eventID\":\"13\",\"version\":\"2\",\"level\":\"4\",\"task\":\"13\",\"opcode\":\"0\",\"keywords\":\"0x8000000000000000\",\"systemTime\":\"2026-10-02T04:53:46.3826991Z\",\"eventRecordID\":\"12560\",\"processID\":\"2140\",\"threadID\":\"4056\",\"channel\":\"Microsoft-Windows-Sysmon/Operational\",\"computer\":\"WIN10-01.SOC-LAB.LOCAL\",\"severityValue\":\"INFORMATION\",\"message\":\"\\\"Registry value set:\\r\\nRuleName: InvDB\\r\\nEventType: SetValue\\r\\nUtcTime: 2026-10-02 04:53:46.380\\r\\nProcessGuid: {e12a69d9-1f98-6abf-1600-000000001700}\\r\\nProcessId: 8\\r\\nImage: C:\\\\Windows\\\\System32\\\\svchost.exe\\r\\nTargetObject: HKU\\\\S-1-5-21-1324826322-2293316327-2538204677-1108\\\\SOFTWARE\\\\Microsoft\\\\Windows NT\\\\CurrentVersion\\\\AppCompatFlags\\\\Compatibility Assistant\\\\Store\\\\C:\\\\Program Files (x86)\\\\Microsoft\\\\Edge\\\\Application\\\\msedge.exe\\r\\nDetails: Binary Data\\r\\nUser: NT AUTHORITY\\\\SYSTEM\\\"\"},\"eventdata\":{\"ruleName\":\"InvDB\",\"eventType\":\"SetValue\",\"utcTime\":\"2026-10-02 04:53:46.380\",\"processGuid\":\"{e12a69d9-1f98-6abf-1600-000000001700}\",\"processId\":\"8\",\"image\":\"C:\\\\\\\\Windows\\\\\\\\System32\\\\\\\\svchost.exe\",\"targetObject\":\"HKU\\\\\\\\S-1-5-21-1324826322-2293316327-2538204677-1108\\\\\\\\SOFTWARE\\\\\\\\Microsoft\\\\\\\\Windows NT\\\\\\\\CurrentVersion\\\\\\\\AppCompatFlags\\\\\\\\Compatibility Assistant\\\\\\\\Store\\\\\\\\C:\\\\\\\\Program Files (x86)\\\\\\\\Microsoft\\\\\\\\Edge\\\\\\\\Application\\\\\\\\msedge.exe\",\"details\":\"Binary Data\",\"user\":\"NT AUTHORITY\\\\\\\\SYSTEM\"}}}","decoder":{"name":"windows_eventchannel"},"data":{"win":{"system":{"providerName":"Microsoft-Windows-Sysmon","providerGuid":"{5770385f-c22a-43e0-bf4c-06f5698ffbd9}","eventID":"13","version":"2","level":"4","task":"13","opcode":"0","keywords":"0x8000000000000000","systemTime":"2026-10-02T04:53:46.3826991Z","eventRecordID":"12560","processID":"2140","threadID":"4056","channel":"Microsoft-Windows-Sysmon/Operational","computer":"WIN10-01.SOC-LAB.LOCAL","severityValue":"INFORMATION","message":"\"Registry value set:\r\nRuleName: InvDB\r\nEventType: SetValue\r\nUtcTime: 2026-10-02 04:53:46.380\r\nProcessGuid: {e12a69d9-1f98-6abf-1600-000000001700}\r\nProcessId: 8\r\nImage: C:\\Windows\\System32\\svchost.exe\r\nTargetObject: HKU\\S-1-5-21-1324826322-2293316327-2538204677-1108\\SOFTWARE\\Microsoft\\Windows NT\\CurrentVersion\\AppCompatFlags\\Compatibility Assistant\\Store\\C:\\Program Files (x86)\\Microsoft\\Edge\\Application\\msedge.exe\r\nDetails: Binary Data\r\nUser: NT AUTHORITY\\SYSTEM\""},"eventdata":{"ruleName":"InvDB","eventType":"SetValue","utcTime":"2026-10-02 04:53:46.380","processGuid":"{e12a69d9-1f98-6abf-1600-000000001700}","processId":"8","image":"C:\\\\Windows\\\\System32\\\\svchost.exe","targetObject":"HKU\\\\S-1-5-21-1324826322-2293316327-2538204677-1108\\\\SOFTWARE\\\\Microsoft\\\\Windows NT\\\\CurrentVersion\\\\AppCompatFlags\\\\Compatibility Assistant\\\\Store\\\\C:\\\\Program Files (x86)\\\\Microsoft\\\\Edge\\\\Application\\\\msedge.exe","details":"Binary Data","user":"NT AUTHORITY\\\\SYSTEM"}}},"location":"EventChannel"}
