{"timestamp":"2026-10-02T03:06:35.450+0000","rule":{"level":4,"description":"C:\\\\Windows\\\\SysWOW64\\\\SecEdit.exe binary in a suspicious location launched by C:\\\\Windows\\\\SysWOW64\\\\WindowsPowerShell\\\\v1.0\\\\powershell.exe","id":"92066","mitre":{"id":["T1059.001"],"tactic":["Execution"],"technique":["PowerShell"]},"firedtimes":4,"mail":false,"groups":["sysmon","sysmon_eid1_detections","windows"]},"agent":{"id":"001","name":"SOC-WIN10","ip":"192.168.50.20"},"manager":{"name":"soc-wazuh"},"id":"1790910395.112201","full_log":"{\"win\":{\"system\":{\"providerName\":\"Microsoft-Windows-Sysmon\",\"providerGuid\":\"{5770385f-c22a-43e0-bf4c-06f5698ffbd9}\",\"eventID\":\"1\",\"version\":\"5\",\"level\":\"4\",\"task\":\"1\",\"opcode\":\"0\",\"keywords\":\"0x8000000000000000\",\"systemTime\":\"2026-10-02T03:06:12.3432191Z\",\"eventRecordID\":\"11318\",\"processID\":\"2140\",\"threadID\":\"4056\",\"channel\":\"Microsoft-Windows-Sysmon/Operational\",\"computer\":\"WIN10-01.SOC-LAB.LOCAL\",\"severityValue\":\"INFORMATION\",\"message\":\"\\\"Process Create:\\r\\nRuleName: -\\r\\nUtcTime: 2026-10-02 03:06:12.338\\r\\nProcessGuid: {e12a69d9-1fa4-6abf-6900-000000001700}\\r\\nProcessId: 4652\\r\\nImage: C:\\\\Windows\\\\SysWOW64\\\\SecEdit.exe\\r\\nFileVersion: 10.0.19041.1 (WinBuild.160101.0800)\\r\\nDescription: Windows Security Configuration Editor Command Tool\\r\\nProduct: Microsoft® Windows® Operating System\\r\\nCompany: Microsoft Corporation\\r\\nOriginalFileName: SeCEdit\\r\\nCommandLine: \\\"C:\\\\Windows\\\\system32\\\\SecEdit.exe\\\" /export /cfg C:\\\\Windows\\\\TEMP\\\\secpol.cfg\\r\\nCurrentDirectory: C:\\\\Program Files (x86)\\\\ossec-agent\\\\\\r\\nUser: NT AUTHORITY\\\\SYSTEM\\r\\nLogonGuid: {e12a69d9-1f98-6abf-e703-000000000000}\\r\\nLogonId: 0x3E7\\r\\nTerminalSessionId: 0\\r\\nIntegrityLevel: System\\r\\nHashes: MD5=BFC13856291E4B804D33BBAEFC8CB3B5,SHA256=56CB815F0FDA92C4658296692E4F70DEE557137528482FE7A834296BFDB710C0,IMPHASH=615449A6A25801F47AE0D7578EB950B4\\r\\nParentProcessGuid: {e12a69d9-1fa3-6abf-6700-000000001700}\\r\\nParentProcessId: 4528\\r\\nParentImage: C:\\\\Windows\\\\SysWOW64\\\\WindowsPowerShell\\\\v1.0\\\\powershell.exe\\r\\nParentCommandLine: powershell secedit /export /cfg $env:TEMP\\\\secpol.cfg; Get-Content $env:TEMP\\\\secpol.cfg | Select-String \\\"MinimumPasswordAge\\\"; Remove-Item $env:TEMP\\\\secpol.cfg\\r\\nParentUser: NT AUTHORITY\\\\SYSTEM\\\"\"},\"eventdata\":{\"utcTime\":\"2026-10-02 03:06:12.338\",\"processGuid\":\"{e12a69d9-1fa4-6abf-6900-000000001700}\",\"processId\":\"4652\",\"image\":\"C:\\\\\\\\Windows\\\\\\\\SysWOW64\\\\\\\\SecEdit.exe\",\"fileVersion\":\"10.0.19041.1 (WinBuild.160101.0800)\",\"description\":\"Windows Security Configuration Editor Command Tool\",\"product\":\"Microsoft® Windows® Operating System\",\"company\":\"Microsoft Corporation\",\"originalFileName\":\"SeCEdit\",\"commandLine\":\"\\\\\\\"C:\\\\\\\\Windows\\\\\\\\system32\\\\\\\\SecEdit.exe\\\\\\\" /export /cfg C:\\\\\\\\Windows\\\\\\\\TEMP\\\\\\\\secpol.cfg\",\"currentDirectory\":\"C:\\\\\\\\Program Files (x86)\\\\\\\\ossec-agent\\\\\\\\\",\"user\":\"NT AUTHORITY\\\\\\\\SYSTEM\",\"logonGuid\":\"{e12a69d9-1f98-6abf-e703-000000000000}\",\"logonId\":\"0x3e7\",\"terminalSessionId\":\"0\",\"integrityLevel\":\"System\",\"hashes\":\"MD5=BFC13856291E4B804D33BBAEFC8CB3B5,SHA256=56CB815F0FDA92C4658296692E4F70DEE557137528482FE7A834296BFDB710C0,IMPHASH=615449A6A25801F47AE0D7578EB950B4\",\"parentProcessGuid\":\"{e12a69d9-1fa3-6abf-6700-000000001700}\",\"parentProcessId\":\"4528\",\"parentImage\":\"C:\\\\\\\\Windows\\\\\\\\SysWOW64\\\\\\\\WindowsPowerShell\\\\\\\\v1.0\\\\\\\\powershell.exe\",\"parentCommandLine\":\"powershell secedit /export /cfg $env:TEMP\\\\\\\\secpol.cfg; Get-Content $env:TEMP\\\\\\\\secpol.cfg | Select-String \\\\\\\"MinimumPasswordAge\\\\\\\"; Remove-Item $env:TEMP\\\\\\\\secpol.cfg\",\"parentUser\":\"NT AUTHORITY\\\\\\\\SYSTEM\"}}}","decoder":{"name":"windows_eventchannel"},"data":{"win":{"system":{"providerName":"Microsoft-Windows-Sysmon","providerGuid":"{5770385f-c22a-43e0-bf4c-06f5698ffbd9}","eventID":"1","version":"5","level":"4","task":"1","opcode":"0","keywords":"0x8000000000000000","systemTime":"2026-10-02T03:06:12.3432191Z","eventRecordID":"11318","processID":"2140","threadID":"4056","channel":"Microsoft-Windows-Sysmon/Operational","computer":"WIN10-01.SOC-LAB.LOCAL","severityValue":"INFORMATION","message":"\"Process Create:\r\nRuleName: -\r\nUtcTime: 2026-10-02 03:06:12.338\r\nProcessGuid: {e12a69d9-1fa4-6abf-6900-000000001700}\r\nProcessId: 4652\r\nImage: C:\\Windows\\SysWOW64\\SecEdit.exe\r\nFileVersion: 10.0.19041.1 (WinBuild.160101.0800)\r\nDescription: Windows Security Configuration Editor Command Tool\r\nProduct: Microsoft® Windows® Operating System\r\nCompany: Microsoft Corporation\r\nOriginalFileName: SeCEdit\r\nCommandLine: \"C:\\Windows\\system32\\SecEdit.exe\" /export /cfg C:\\Windows\\TEMP\\secpol.cfg\r\nCurrentDirectory: C:\\Program Files (x86)\\ossec-agent\\\r\nUser: NT AUTHORITY\\SYSTEM\r\nLogonGuid: {e12a69d9-1f98-6abf-e703-000000000000}\r\nLogonId: 0x3E7\r\nTerminalSessionId: 0\r\nIntegrityLevel: System\r\nHashes: MD5=BFC13856291E4B804D33BBAEFC8CB3B5,SHA256=56CB815F0FDA92C4658296692E4F70DEE557137528482FE7A834296BFDB710C0,IMPHASH=615449A6A25801F47AE0D7578EB950B4\r\nParentProcessGuid: {e12a69d9-1fa3-6abf-6700-000000001700}\r\nParentProcessId: 4528\r\nParentImage: C:\\Windows\\SysWOW64\\WindowsPowerShell\\v1.0\\powershell.exe\r\nParentCommandLine: powershell secedit /export /cfg $env:TEMP\\secpol.cfg; Get-Content $env:TEMP\\secpol.cfg | Select-String \"MinimumPasswordAge\"; Remove-Item $env:TEMP\\secpol.cfg\r\nParentUser: NT AUTHORITY\\SYSTEM\""},"eventdata":{"utcTime":"2026-10-02 03:06:12.338","processGuid":"{e12a69d9-1fa4-6abf-6900-000000001700}","processId":"4652","image":"C:\\\\Windows\\\\SysWOW64\\\\SecEdit.exe","fileVersion":"10.0.19041.1 (WinBuild.160101.0800)","description":"Windows Security Configuration Editor Command Tool","product":"Microsoft® Windows® Operating System","company":"Microsoft Corporation","originalFileName":"SeCEdit","commandLine":"\\\"C:\\\\Windows\\\\system32\\\\SecEdit.exe\\\" /export /cfg C:\\\\Windows\\\\TEMP\\\\secpol.cfg","currentDirectory":"C:\\\\Program Files (x86)\\\\ossec-agent\\\\","user":"NT AUTHORITY\\\\SYSTEM","logonGuid":"{e12a69d9-1f98-6abf-e703-000000000000}","logonId":"0x3e7","terminalSessionId":"0","integrityLevel":"System","hashes":"MD5=BFC13856291E4B804D33BBAEFC8CB3B5,SHA256=56CB815F0FDA92C4658296692E4F70DEE557137528482FE7A834296BFDB710C0,IMPHASH=615449A6A25801F47AE0D7578EB950B4","parentProcessGuid":"{e12a69d9-1fa3-6abf-6700-000000001700}","parentProcessId":"4528","parentImage":"C:\\\\Windows\\\\SysWOW64\\\\WindowsPowerShell\\\\v1.0\\\\powershell.exe","parentCommandLine":"powershell secedit /export /cfg $env:TEMP\\\\secpol.cfg; Get-Content $env:TEMP\\\\secpol.cfg | Select-String \\\"MinimumPasswordAge\\\"; Remove-Item $env:TEMP\\\\secpol.cfg","parentUser":"NT AUTHORITY\\\\SYSTEM"}}},"location":"EventChannel"}
{"timestamp":"2026-10-02T03:06:35.450+0000","rule":{"level":3,"description":"Powershell was used to delete files or directories","id":"92021","mitre":{"id":["T1070.004"],"tactic":["Defense Evasion"],"technique":["File Deletion"]},"firedtimes":5,"mail":false,"groups":["sysmon","sysmon_eid1_detections","windows"]},"agent":{"id":"001","name":"SOC-WIN10","ip":"192.168.50.20"},"manager":{"name":"soc-wazuh"},"id":"1790910395.112201","full_log":"{\"win\":{\"system\":{\"providerName\":\"Microsoft-Windows-Sysmon\",\"providerGuid\":\"{5770385f-c22a-43e0-bf4c-06f5698ffbd9}\",\"eventID\":\"1\",\"version\":\"5\",\"level\":\"4\",\"task\":\"1\",\"opcode\":\"0\",\"keywords\":\"0x8000000000000000\",\"systemTime\":\"2026-10-02T03:06:12.9683540Z\",\"eventRecordID\":\"11319\",\"processID\":\"2140\",\"threadID\":\"4056\",\"channel\":\"Microsoft-Windows-Sysmon/Operational\",\"computer\":\"WIN10-01.SOC-LAB.LOCAL\",\"severityValue\":\"INFORMATION\",\"message\":\"\\\"Process Create:\\r\\nRuleName: -\\r\\nUtcTime: 2026-10-02 03:06:12.957\\r\\nProcessGuid: {e12a69d9-1fa4-6abf-6a00-000000001700}\\r\\nProcessId: 4684\\r\\nImage: C:\\\\Windows\\\\SysWOW64\\\\WindowsPowerShell\\\\v1.0\\\\powershell.exe\\r\\nFileVersion: 10.0.19041.3996 (WinBuild.160101.0800)\\r\\nDescription: Windows PowerShell\\r\\nProduct: Microsoft® Windows® Operating System\\r\\nCompany: Microsoft Corporation\\r\\nOriginalFileName: PowerShell.EXE\\r\\nCommandLine: powershell secedit /export /cfg $env:TEMP\\\\secpol.cfg; Get-Content $env:TEMP\\\\secpol.cfg | Select-String \\\"MinimumPasswordLength\\\"; Remove-Item $env:TEMP\\\\secpol.cfg\\r\\nCurrentDirectory: C:\\\\Program Files (x86)\\\\ossec-agent\\\\\\r\\nUser: NT AUTHORITY\\\\SYSTEM\\r\\nLogonGuid: {e12a69d9-1f98-6abf-e703-000000000000}\\r\\nLogonId: 0x3E7\\r\\nTerminalSessionId: 0\\r\\nIntegrityLevel: System\\r\\nHashes: MD5=6BB54B2D7A3D63578559239A79700EA3,SHA256=870EDA04EA71CC066EC907F005E1D05CE592F04799C60E600E2CB986DC85B5EB,IMPHASH=82E387AE778A57C7A6473B5554B4184E\\r\\nParentProcessGuid: {e12a69d9-1f99-6abf-2a00-000000001700}\\r\\nParentProcessId: 2124\\r\\nParentImage: C:\\\\Program Files (x86)\\\\ossec-agent\\\\wazuh-agent.exe\\r\\nParentCommandLine: \\\"C:\\\\Program Files (x86)\\\\ossec-agent\\\\wazuh-agent.exe\\\"\\r\\nParentUser: NT AUTHORITY\\\\SYSTEM\\\"\"},\"eventdata\":{\"utcTime\":\"2026-10-02 03:06:12.957\",\"processGuid\":\"{e12a69d9-1fa4-6abf-6a00-000000001700}\",\"processId\":\"4684\",\"image\":\"C:\\\\\\\\Windows\\\\\\\\SysWOW64\\\\\\\\WindowsPowerShell\\\\\\\\v1.0\\\\\\\\powershell.exe\",\"fileVersion\":\"10.0.19041.3996 (WinBuild.160101.0800)\",\"description\":\"Windows PowerShell\",\"product\":\"Microsoft® Windows® Operating System\",\"company\":\"Microsoft Corporation\",\"originalFileName\":\"PowerShell.EXE\",\"commandLine\":\"powershell secedit /export /cfg $env:TEMP\\\\\\\\secpol.cfg; Get-Content $env:TEMP\\\\\\\\secpol.cfg | Select-String \\\\\\\"MinimumPasswordLength\\\\\\\"; Remove-Item $env:TEMP\\\\\\\\secpol.cfg\",\"currentDirectory\":\"C:\\\\\\\\Program Files (x86)\\\\\\\\ossec-agent\\\\\\\\\",\"user\":\"NT AUTHORITY\\\\\\\\SYSTEM\",\"logonGuid\":\"{e12a69d9-1f98-6abf-e703-000000000000}\",\"logonId\":\"0x3e7\",\"terminalSessionId\":\"0\",\"integrityLevel\":\"System\",\"hashes\":\"MD5=6BB54B2D7A3D63578559239A79700EA3,SHA256=870EDA04EA71CC066EC907F005E1D05CE592F04799C60E600E2CB986DC85B5EB,IMPHASH=82E387AE778A57C7A6473B5554B4184E\",\"parentProcessGuid\":\"{e12a69d9-1f99-6abf-2a00-000000001700}\",\"parentProcessId\":\"2124\",\"parentImage\":\"C:\\\\\\\\Program Files (x86)\\\\\\\\ossec-agent\\\\\\\\wazuh-agent.exe\",\"parentCommandLine\":\"\\\\\\\"C:\\\\\\\\Program Files (x86)\\\\\\\\ossec-agent\\\\\\\\wazuh-agent.exe\\\\\\\"\",\"parentUser\":\"NT AUTHORITY\\\\\\\\SYSTEM\"}}}","decoder":{"name":"windows_eventchannel"},"data":{"win":{"system":{"providerName":"Microsoft-Windows-Sysmon","providerGuid":"{5770385f-c22a-43e0-bf4c-06f5698ffbd9}","eventID":"1","version":"5","level":"4","task":"1","opcode":"0","keywords":"0x8000000000000000","systemTime":"2026-10-02T03:06:12.9683540Z","eventRecordID":"11319","processID":"2140","threadID":"4056","channel":"Microsoft-Windows-Sysmon/Operational","computer":"WIN10-01.SOC-LAB.LOCAL","severityValue":"INFORMATION","message":"\"Process Create:\r\nRuleName: -\r\nUtcTime: 2026-10-02 03:06:12.957\r\nProcessGuid: {e12a69d9-1fa4-6abf-6a00-000000001700}\r\nProcessId: 4684\r\nImage: C:\\Windows\\SysWOW64\\WindowsPowerShell\\v1.0\\powershell.exe\r\nFileVersion: 10.0.19041.3996 (WinBuild.160101.0800)\r\nDescription: Windows PowerShell\r\nProduct: Microsoft® Windows® Operating System\r\nCompany: Microsoft Corporation\r\nOriginalFileName: PowerShell.EXE\r\nCommandLine: powershell secedit /export /cfg $env:TEMP\\secpol.cfg; Get-Content $env:TEMP\\secpol.cfg | Select-String \"MinimumPasswordLength\"; Remove-Item $env:TEMP\\secpol.cfg\r\nCurrentDirectory: C:\\Program Files (x86)\\ossec-agent\\\r\nUser: NT AUTHORITY\\SYSTEM\r\nLogonGuid: {e12a69d9-1f98-6abf-e703-000000000000}\r\nLogonId: 0x3E7\r\nTerminalSessionId: 0\r\nIntegrityLevel: System\r\nHashes: MD5=6BB54B2D7A3D63578559239A79700EA3,SHA256=870EDA04EA71CC066EC907F005E1D05CE592F04799C60E600E2CB986DC85B5EB,IMPHASH=82E387AE778A57C7A6473B5554B4184E\r\nParentProcessGuid: {e12a69d9-1f99-6abf-2a00-000000001700}\r\nParentProcessId: 2124\r\nParentImage: C:\\Program Files (x86)\\ossec-agent\\wazuh-agent.exe\r\nParentCommandLine: \"C:\\Program Files (x86)\\ossec-agent\\wazuh-agent.exe\"\r\nParentUser: NT AUTHORITY\\SYSTEM\""},"eventdata":{"utcTime":"2026-10-02 03:06:12.957","processGuid":"{e12a69d9-1fa4-6abf-6a00-000000001700}","processId":"4684","image":"C:\\\\Windows\\\\SysWOW64\\\\WindowsPowerShell\\\\v1.0\\\\powershell.exe","fileVersion":"10.0.19041.3996 (WinBuild.160101.0800)","description":"Windows PowerShell","product":"Microsoft® Windows® Operating System","company":"Microsoft Corporation","originalFileName":"PowerShell.EXE","commandLine":"powershell secedit /export /cfg $env:TEMP\\\\secpol.cfg; Get-Content $env:TEMP\\\\secpol.cfg | Select-String \\\"MinimumPasswordLength\\\"; Remove-Item $env:TEMP\\\\secpol.cfg","currentDirectory":"C:\\\\Program Files (x86)\\\\ossec-agent\\\\","user":"NT AUTHORITY\\\\SYSTEM","logonGuid":"{e12a69d9-1f98-6abf-e703-000000000000}","logonId":"0x3e7","terminalSessionId":"0","integrityLevel":"System","hashes":"MD5=6BB54B2D7A3D63578559239A79700EA3,SHA256=870EDA04EA71CC066EC907F005E1D05CE592F04799C60E600E2CB986DC85B5EB,IMPHASH=82E387AE778A57C7A6473B5554B4184E","parentProcessGuid":"{e12a69d9-1f99-6abf-2a00-000000001700}","parentProcessId":"2124","parentImage":"C:\\\\Program Files (x86)\\\\ossec-agent\\\\wazuh-agent.exe","parentCommandLine":"\\\"C:\\\\Program Files (x86)\\\\ossec-agent\\\\wazuh-agent.exe\\\"","parentUser":"NT AUTHORITY\\\\SYSTEM"}}},"location":"EventChannel"}
{"timestamp":"2026-10-02T03:06:35.472+0000","agent":{"id":"001","name":"SOC-WIN10","ip":"192.168.50.20"},"manager":{"name":"soc-wazuh"},"id":"1790910395.112201","full_log":"{\"win\":{\"system\":{\"providerName\":\"Microsoft-Windows-Sysmon\",\"providerGuid\":\"{5770385f-c22a-43e0-bf4c-06f5698ffbd9}\",\"eventID\":\"13\",\"version\":\"2\",\"level\":\"4\",\"task\":\"13\",\"opcode\":\"0\",\"keywords\":\"0x8000000000000000\",\"systemTime\":\"2026-10-02T03:06:12.9938433Z\",\"eventRecordID\":\"11320\",\"processID\":\"2140\",\"threadID\":\"4056\",\"channel\":\"Microsoft-Windows-Sysmon/Operational\",\"computer\":\"WIN10-01.SOC-LAB.LOCAL\",\"severityValue\":\"INFORMATION\",\"message\":\"\\\"Registry value set:\\r\\nRuleName: -\\r\\nEventType: SetValue\\r\\nUtcTime: 2026-10-02 03:06:12.988\\r\\nProcessGuid: {e12a69d9-1f98-6abf-1100-000000001700}\\r\\nProcessId: 64\\r\\nImage: C:\\\\Windows\\\\system32\\\\svchost.exe\\r\\nTargetObject: HKLM\\\\SOFTWARE\\\\Microsoft\\\\Windows NT\\\\CurrentVersion\\\\NetworkList\\\\Profiles\\\\{A13E1D21-BD7C-4FC1-B574-95721E957E44}\\\\DateLastConnected\\r\\nDetails: Binary Data\\r\\nUser: NT AUTHORITY\\\\LOCAL SERVICE\\\"\"},\"eventdata\":{\"eventType\":\"SetValue\",\"utcTime\":\"2026-10-02 03:06:12.988\",\"processGuid\":\"{e12a69d9-1f98-6abf-1100-000000001700}\",\"processId\":\"64\",\"image\":\"C:\\\\\\\\Windows\\\\\\\\system32\\\\\\\\svchost.exe\",\"targetObject\":\"HKLM\\\\\\\\SOFTWARE\\\\\\\\Microsoft\\\\\\\\Windows NT\\\\\\\\CurrentVersion\\\\\\\\NetworkList\\\\\\\\Profiles\\\\\\\\{A13E1D21-BD7C-4FC1-B574-95721E957E44}\\\\\\\\DateLastConnected\",\"details\":\"Binary Data\",\"user\":\"NT AUTHORITY\\\\\\\\LOCAL SERVICE\"}}}","decoder":{"name":"windows_eventchannel"},"data":{"win":{"system":{"providerName":"Microsoft-Windows-Sysmon","providerGuid":"{5770385f-c22a-43e0-bf4c-06f5698ffbd9}","eventID":"13","version":"2","level":"4","task":"13","opcode":"0","keywords":"0x8000000000000000","systemTime":"2026-10-02T03:06:12.9938433Z","eventRecordID":"11320","processID":"2140","threadID":"4056","channel":"Microsoft-Windows-Sysmon/Operational","computer":"WIN10-01.SOC-LAB.LOCAL","severityValue":"INFORMATION","message":"\"Registry value set:\r\nRuleName: -\r\nEventType: SetValue\r\nUtcTime: 2026-10-02 03:06:12.988\r\nProcessGuid: {e12a69d9-1f98-6abf-1100-000000001700}\r\nProcessId: 64\r\nImage: C:\\Windows\\system32\\svchost.exe\r\nTargetObject: HKLM\\SOFTWARE\\Microsoft\\Windows NT\\CurrentVersion\\NetworkList\\Profiles\\{A13E1D21-BD7C-4FC1-B574-95721E957E44}\\DateLastConnected\r\nDetails: Binary Data\r\nUser: NT AUTHORITY\\LOCAL SERVICE\""},"eventdata":{"eventType":"SetValue","utcTime":"2026-10-02 03:06:12.988","processGuid":"{e12a69d9-1f98-6abf-1100-000000001700}","processId":"64","image":"C:\\\\Windows\\\\system32\\\\svchost.exe","targetObject":"HKLM\\\\SOFTWARE\\\\Microsoft\\\\Windows NT\\\\CurrentVersion\\\\NetworkList\\\\Profiles\\\\{A13E1D21-BD7C-4FC1-B574-95721E957E44}\\\\DateLastConnected","details":"Binary Data","user":"NT AUTHORITY\\\\LOCAL SERVICE"}}},"location":"EventChannel"}
{"timestamp":"2026-10-02T03:06:35.526+0000","rule":{"level":9,"description":"Powershell process created an executable file in Windows root folder","id":"92205","mitre":{"id":["T1105"],"tactic":["Command and Control"],"technique":["Ingress Tool Transfer"]},"firedtimes":5,"mail":false,"groups":["sysmon","sysmon_eid11_detections","windows"]},"agent":{"id":"001","name":"SOC-WIN10","ip":"192.168.50.20"},"manager":{"name":"soc-wazuh"},"id":"1790910395.118582","full_log":"{\"win\":{\"system\":{\"providerName\":\"Microsoft-Windows-Sysmon\",\"providerGuid\":\"{5770385f-c22a-43e0-bf4c-06f5698ffbd9}\",\"eventID\":\"11\",\"version\":\"2\",\"level\":\"4\",\"task\":\"11\",\"opcode\":\"0\",\"keywords\":\"0x8000000000000000\",\"systemTime\":\"2026-10-02T03:06:13.1944326Z\",\"eventRecordID\":\"11321\",\"processID\":\"2140\",\"threadID\":\"4056\",\"channel\":\"Microsoft-Windows-Sysmon/Operational\",\"computer\":\"WIN10-01.SOC-LAB.LOCAL\",\"severityValue\":\"INFORMATION\",\"message\":\"\\\"File created:\\r\\nRuleName: -\\r\\nUtcTime: 2026-10-02 03:06:13.191\\r\\nProcessGuid: {e12a69d9-1fa4-6abf-6a00-000000001700}\\r\\nProcessId: 4684\\r\\nImage: C:\\\\Windows\\\\SysWOW64\\\\WindowsPowerShell\\\\v1.0\\\\powershell.exe\\r\\nTargetFilename: C:\\\\Windows\\\\SystemTemp\\\\__PSScriptPolicyTest_ow4h43ur.ww3.ps1\\r\\nCreationUtcTime: 2026-10-02 03:06:13.191\\r\\nUser: NT AUTHORITY\\\\SYSTEM\\\"\"},\"eventdata\":{\"utcTime\":\"2026-10-02 03:06:13.191\",\"processGuid\":\"{e12a69d9-1fa4-6abf-6a00-000000001700}\",\"processId\":\"4684\",\"image\":\"C:\\\\\\\\Windows\\\\\\\\SysWOW64\\\\\\\\WindowsPowerShell\\\\\\\\v1.0\\\\\\\\powershell.exe\",\"targetFilename\":\"C:\\\\\\\\Windows\\\\\\\\SystemTemp\\\\\\\\__PSScriptPolicyTest_ow4h43ur.ww3.ps1\",\"creationUtcTime\":\"2026-10-02 03:06:13.191\",\"user\":\"NT AUTHORITY\\\\\\\\SYSTEM\"}}}","decoder":{"name":"windows_eventchannel"},"data":{"win":{"system":{"providerName":"Microsoft-Windows-Sysmon","providerGuid":"{5770385f-c22a-43e0-bf4c-06f5698ffbd9}","eventID":"11","version":"2","level":"4","task":"11","opcode":"0","keywords":"0x8000000000000000","systemTime":"2026-10-02T03:06:13.1944326Z","eventRecordID":"11321","processID":"2140","threadID":"4056","channel":"Microsoft-Windows-Sysmon/Operational","computer":"WIN10-01.SOC-LAB.LOCAL","severityValue":"INFORMATION","message":"\"File created:\r\nRuleName: -\r\nUtcTime: 2026-10-02 03:06:13.191\r\nProcessGuid: {e12a69d9-1fa4-6abf-6a00-000000001700}\r\nProcessId: 4684\r\nImage: C:\\Windows\\SysWOW64\\WindowsPowerShell\\v1.0\\powershell.exe\r\nTargetFilename: C:\\Windows\\SystemTemp\\__PSScriptPolicyTest_ow4h43ur.ww3.ps1\r\nCreationUtcTime: 2026-10-02 03:06:13.191\r\nUser: NT AUTHORITY\\SYSTEM\""},"eventdata":{"utcTime":"2026-10-02 03:06:13.191","processGuid":"{e12a69d9-1fa4-6abf-6a00-000000001700}","processId":"4684","image":"C:\\\\Windows\\\\SysWOW64\\\\WindowsPowerShell\\\\v1.0\\\\powershell.exe","targetFilename":"C:\\\\Windows\\\\SystemTemp\\\\__PSScriptPolicyTest_ow4h43ur.ww3.ps1","creationUtcTime":"2026-10-02 03:06:13.191","user":"NT AUTHORITY\\\\SYSTEM"}}},"location":"EventChannel"}
{"timestamp":"2026-10-02T03:06:35.627+0000","agent":{"id":"001","name":"SOC-WIN10","ip":"192.168.50.20"},"manager":{"name":"soc-wazuh"},"id":"1790910395.118582","full_log":"{\"win\":{\"system\":{\"providerName\":\"Microsoft-Windows-Sysmon\",\"providerGuid\":\"{5770385f-c22a-43e0-bf4c-06f5698ffbd9}\",\"eventID\":\"1\",\"version\":\"5\",\"level\":\"4\",\"task\":\"1\",\"opcode\":\"0\",\"keywords\":\"0x8000000000000000\",\"systemTime\":\"2026-10-02T03:06:13.3255028Z\",\"eventRecordID\":\"11322\",\"processID\":\"2140\",\"threadID\":\"4056\",\"channel\":\"Microsoft-Windows-Sysmon/Operational\",\"computer\":\"WIN10-01.SOC-LAB.LOCAL\",\"severityValue\":\"INFORMATION\",\"message\":\"\\\"Process Create:\\r\\nRuleName: -\\r\\nUtcTime: 2026-10-02 03:06:13.321\\r\\nProcessGuid: {e12a69d9-1fa5-6abf-6c00-000000001700}\\r\\nProcessId: 4808\\r\\nImage: C:\\\\Windows\\\\System32\\\\taskhostw.exe\\r\\nFileVersion: 10.0.19041.5794 (WinBuild.160101.0800)\\r\\nDescription: Host Process for Windows Tasks\\r\\nProduct: Microsoft® Windows® Operating System\\r\\nCompany: Microsoft Corporation\\r\\nOriginalFileName: taskhostw.exe\\r\\nCommandLine: taskhostw.exe network\\r\\nCurrentDirectory: C:\\\\Windows\\\\system32\\\\\\r\\nUser: NT AUTHORITY\\\\NETWORK SERVICE\\r\\nLogonGuid: {e12a69d9-1f98-6abf-e403-000000000000}\\r\\nLogonId: 0x3E4\\r\\nTerminalSessionId: 0\\r\\nIntegrityLevel: System\\r\\nHashes: MD5=D71630DA4364F89F36B47581D4162639,SHA256=4D84D1DB6C572DA841307B814CCF26478429D3A29F304755CE1BAF110E639F64,IMPHASH=3A0C6863CDE566AF997DB2DEFFF9D924\\r\\nParentProcessGuid: {e12a69d9-1f98-6abf-1700-000000001700}\\r\\nParentProcessId: 988\\r\\nParentImage: C:\\\\Windows\\\\System32\\\\svchost.exe\\r\\nParentCommandLine: C:\\\\Windows\\\\system32\\\\svchost.exe -k netsvcs -p\\r\\nParentUser: NT AUTHORITY\\\\SYSTEM\\\"\"},\"eventdata\":{\"utcTime\":\"2026-10-02 03:06:13.321\",\"processGuid\":\"{e12a69d9-1fa5-6abf-6c00-000000001700}\",\"processId\":\"4808\",\"image\":\"C:\\\\\\\\Windows\\\\\\\\System32\\\\\\\\taskhostw.exe\",\"fileVersion\":\"10.0.19041.5794 (WinBuild.160101.0800)\",\"description\":\"Host Process for Windows Tasks\",\"product\":\"Microsoft® Windows® Operating System\",\"company\":\"Microsoft Corporation\",\"originalFileName\":\"taskhostw.exe\",\"commandLine\":\"taskhostw.exe network\",\"currentDirectory\":\"C:\\\\\\\\Windows\\\\\\\\system32\\\\\\\\\",\"user\":\"NT AUTHORITY\\\\\\\\NETWORK SERVICE\",\"logonGuid\":\"{e12a69d9-1f98-6abf-e403-000000000000}\",\"logonId\":\"0x3e4\",\"terminalSessionId\":\"0\",\"integrityLevel\":\"System\",\"hashes\":\"MD5=D71630DA4364F89F36B47581D4162639,SHA256=4D84D1DB6C572DA841307B814CCF26478429D3A29F304755CE1BAF110E639F64,IMPHASH=3A0C6863CDE566AF997DB2DEFFF9D924\",\"parentProcessGuid\":\"{e12a69d9-1f98-6abf-1700-000000001700}\",\"parentProcessId\":\"988\",\"parentImage\":\"C:\\\\\\\\Windows\\\\\\\\System32\\\\\\\\svchost.exe\",\"parentCommandLine\":\"C:\\\\\\\\Windows\\\\\\\\system32\\\\\\\\svchost.exe -k netsvcs -p\",\"parentUser\":\"NT AUTHORITY\\\\\\\\SYSTEM\"}}}","decoder":{"name":"windows_eventchannel"},"data":{"win":{"system":{"providerName":"Microsoft-Windows-Sysmon","providerGuid":"{5770385f-c22a-43e0-bf4c-06f5698ffbd9}","eventID":"1","version":"5","level":"4","task":"1","opcode":"0","keywords":"0x8000000000000000","systemTime":"2026-10-02T03:06:13.3255028Z","eventRecordID":"11322","processID":"2140","threadID":"4056","channel":"Microsoft-Windows-Sysmon/Operational","computer":"WIN10-01.SOC-LAB.LOCAL","severityValue":"INFORMATION","message":"\"Process Create:\r\nRuleName: -\r\nUtcTime: 2026-10-02 03:06:13.321\r\nProcessGuid: {e12a69d9-1fa5-6abf-6c00-000000001700}\r\nProcessId: 4808\r\nImage: C:\\Windows\\System32\\taskhostw.exe\r\nFileVersion: 10.0.19041.5794 (WinBuild.160101.0800)\r\nDescription: Host Process for Windows Tasks\r\nProduct: Microsoft® Windows® Operating System\r\nCompany: Microsoft Corporation\r\nOriginalFileName: taskhostw.exe\r\nCommandLine: taskhostw.exe network\r\nCurrentDirectory: C:\\Windows\\system32\\\r\nUser: NT AUTHORITY\\NETWORK SERVICE\r\nLogonGuid: {e12a69d9-1f98-6abf-e403-000000000000}\r\nLogonId: 0x3E4\r\nTerminalSessionId: 0\r\nIntegrityLevel: System\r\nHashes: MD5=D71630DA4364F89F36B47581D4162639,SHA256=4D84D1DB6C572DA841307B814CCF26478429D3A29F304755CE1BAF110E639F64,IMPHASH=3A0C6863CDE566AF997DB2DEFFF9D924\r\nParentProcessGuid: {e12a69d9-1f98-6abf-1700-000000001700}\r\nParentProcessId: 988\r\nParentImage: C:\\Windows\\System32\\svchost.exe\r\nParentCommandLine: C:\\Windows\\system32\\svchost.exe -k netsvcs -p\r\nParentUser: NT AUTHORITY\\SYSTEM\""},"eventdata":{"utcTime":"2026-10-02 03:06:13.321","processGuid":"{e12a69d9-1fa5-6abf-6c00-000000001700}","processId":"4808","image":"C:\\\\Windows\\\\System32\\\\taskhostw.exe","fileVersion":"10.0.19041.5794 (WinBuild.160101.0800)","description":"Host Process for Windows Tasks","product":"Microsoft® Windows® Operating System","company":"Microsoft Corporation","originalFileName":"taskhostw.exe","commandLine":"taskhostw.exe network","currentDirectory":"C:\\\\Windows\\\\system32\\\\","user":"NT AUTHORITY\\\\NETWORK SERVICE","logonGuid":"{e12a69d9-1f98-6abf-e403-000000000000}","logonId":"0x3e4","terminalSessionId":"0","integrityLevel":"System","hashes":"MD5=D71630DA4364F89F36B47581D4162639,SHA256=4D84D1DB6C572DA841307B814CCF26478429D3A29F304755CE1BAF110E639F64,IMPHASH=3A0C6863CDE566AF997DB2DEFFF9D924","parentProcessGuid":"{e12a69d9-1f98-6abf-1700-000000001700}","parentProcessId":"988","parentImage":"C:\\\\Windows\\\\System32\\\\svchost.exe","parentCommandLine":"C:\\\\Windows\\\\system32\\\\svchost.exe -k netsvcs -p","parentUser":"NT AUTHORITY\\\\SYSTEM"}}},"location":"EventChannel"}
{"timestamp":"2026-10-02T03:06:35.693+0000","agent":{"id":"001","name":"SOC-WIN10","ip":"192.168.50.20"},"manager":{"name":"soc-wazuh"},"id":"1790910395.118582","full_log":"{\"win\":{\"system\":{\"providerName\":\"Microsoft-Windows-Sysmon\",\"providerGuid\":\"{5770385f-c22a-43e0-bf4c-06f5698ffbd9}\",\"eventID\":\"22\",\"version\":\"5\",\"level\":\"4\",\"task\":\"22\",\"opcode\":\"0\",\"keywords\":\"0x8000000000000000\",\"systemTime\":\"2026-10-02T03:06:13.6604876Z\",\"eventRecordID\":\"11323\",\"processID\":\"2140\",\"threadID\":\"4072\",\"channel\":\"Microsoft-Windows-Sysmon/Operational\",\"computer\":\"WIN10-01.SOC-LAB.LOCAL\",\"severityValue\":\"INFORMATION\",\"message\":\"\\\"Dns query:\\r\\nRuleName: -\\r\\nUtcTime: 2026-10-02 03:06:12.989\\r\\nProcessGuid: {e12a69d9-1f98-6abf-1800-000000001700}\\r\\nProcessId: 1048\\r\\nQueryName: _ldap._tcp.dc._msdcs.SOC-LAB.LOCAL.\\r\\nQueryStatus: 1460\\r\\nQueryResults: -\\r\\nImage: C:\\\\Windows\\\\System32\\\\svchost.exe\\r\\nUser: NT AUTHORITY\\\\NETWORK SERVICE\\\"\"},\"eventdata\":{\"utcTime\":\"2026-10-02 03:06:12.989\",\"processGuid\":\"{e12a69d9-1f98-6abf-1800-000000001700}\",\"processId\":\"1048\",\"queryName\":\"_ldap._tcp.dc._msdcs.SOC-LAB.LOCAL.\",\"queryStatus\":\"1460\",\"image\":\"C:\\\\\\\\Windows\\\\\\\\System32\\\\\\\\svchost.exe\",\"user\":\"NT AUTHORITY\\\\\\\\NETWORK SERVICE\"}}}","decoder":{"name":"windows_eventchannel"},"data":{"win":{"system":{"providerName":"Microsoft-Windows-Sysmon","providerGuid":"{5770385f-c22a-43e0-bf4c-06f5698ffbd9}","eventID":"22","version":"5","level":"4","task":"22","opcode":"0","keywords":"0x8000000000000000","systemTime":"2026-10-02T03:06:13.6604876Z","eventRecordID":"11323","processID":"2140","threadID":"4072","channel":"Microsoft-Windows-Sysmon/Operational","computer":"WIN10-01.SOC-LAB.LOCAL","severityValue":"INFORMATION","message":"\"Dns query:\r\nRuleName: -\r\nUtcTime: 2026-10-02 03:06:12.989\r\nProcessGuid: {e12a69d9-1f98-6abf-1800-000000001700}\r\nProcessId: 1048\r\nQueryName: _ldap._tcp.dc._msdcs.SOC-LAB.LOCAL.\r\nQueryStatus: 1460\r\nQueryResults: -\r\nImage: C:\\Windows\\System32\\svchost.exe\r\nUser: NT AUTHORITY\\NETWORK SERVICE\""},"eventdata":{"utcTime":"2026-10-02 03:06:12.989","processGuid":"{e12a69d9-1f98-6abf-1800-000000001700}","processId":"1048","queryName":"_ldap._tcp.dc._msdcs.SOC-LAB.LOCAL.","queryStatus":"1460","image":"C:\\\\Windows\\\\System32\\\\svchost.exe","user":"NT AUTHORITY\\\\NETWORK SERVICE"}}},"location":"EventChannel"}
{"timestamp":"2026-10-02T03:06:35.727+0000","agent":{"id":"001","name":"SOC-WIN10","ip":"192.168.50.20"},"manager":{"name":"soc-wazuh"},"id":"1790910395.118582","full_log":"{\"win\":{\"system\":{\"providerName\":\"Microsoft-Windows-Sysmon\",\"providerGuid\":\"{5770385f-c22a-43e0-bf4c-06f5698ffbd9}\",\"eventID\":\"22\",\"version\":\"5\",\"level\":\"4\",\"task\":\"22\",\"opcode\":\"0\",\"keywords\":\"0x8000000000000000\",\"systemTime\":\"2026-10-02T03:06:13.6605144Z\",\"eventRecordID\":\"11324\",\"processID\":\"2140\",\"threadID\":\"4072\",\"channel\":\"Microsoft-Windows-Sysmon/Operational\",\"computer\":\"WIN10-01.SOC-LAB.LOCAL\",\"severityValue\":\"INFORMATION\",\"message\":\"\\\"Dns query:\\r\\nRuleName: -\\r\\nUtcTime: 2026-10-02 03:06:12.989\\r\\nProcessGuid: {e12a69d9-1f98-6abf-0c00-000000001700}\\r\\nProcessId: 704\\r\\nQueryName: _ldap._tcp.dc._msdcs.SOC-LAB.LOCAL.\\r\\nQueryStatus: 1460\\r\\nQueryResults: -\\r\\nImage: C:\\\\Windows\\\\System32\\\\lsass.exe\\r\\nUser: NT AUTHORITY\\\\SYSTEM\\\"\"},\"eventdata\":{\"utcTime\":\"2026-10-02 03:06:12.989\",\"processGuid\":\"{e12a69d9-1f98-6abf-0c00-000000001700}\",\"processId\":\"704\",\"queryName\":\"_ldap._tcp.dc._msdcs.SOC-LAB.LOCAL.\",\"queryStatus\":\"1460\",\"image\":\"C:\\\\\\\\Windows\\\\\\\\System32\\\\\\\\lsass.exe\",\"user\":\"NT AUTHORITY\\\\\\\\SYSTEM\"}}}","decoder":{"name":"windows_eventchannel"},"data":{"win":{"system":{"providerName":"Microsoft-Windows-Sysmon","providerGuid":"{5770385f-c22a-43e0-bf4c-06f5698ffbd9}","eventID":"22","version":"5","level":"4","task":"22","opcode":"0","keywords":"0x8000000000000000","systemTime":"2026-10-02T03:06:13.6605144Z","eventRecordID":"11324","processID":"2140","threadID":"4072","channel":"Microsoft-Windows-Sysmon/Operational","computer":"WIN10-01.SOC-LAB.LOCAL","severityValue":"INFORMATION","message":"\"Dns query:\r\nRuleName: -\r\nUtcTime: 2026-10-02 03:06:12.989\r\nProcessGuid: {e12a69d9-1f98-6abf-0c00-000000001700}\r\nProcessId: 704\r\nQueryName: _ldap._tcp.dc._msdcs.SOC-LAB.LOCAL.\r\nQueryStatus: 1460\r\nQueryResults: -\r\nImage: C:\\Windows\\System32\\lsass.exe\r\nUser: NT AUTHORITY\\SYSTEM\""},"eventdata":{"utcTime":"2026-10-02 03:06:12.989","processGuid":"{e12a69d9-1f98-6abf-0c00-000000001700}","processId":"704","queryName":"_ldap._tcp.dc._msdcs.SOC-LAB.LOCAL.","queryStatus":"1460","image":"C:\\\\Windows\\\\System32\\\\lsass.exe","user":"NT AUTHORITY\\\\SYSTEM"}}},"location":"EventChannel"}
{"timestamp":"2026-10-02T03:06:35.761+0000","agent":{"id":"001","name":"SOC-WIN10","ip":"192.168.50.20"},"manager":{"name":"soc-wazuh"},"id":"1790910395.118582","full_log":"{\"win\":{\"system\":{\"providerName\":\"Microsoft-Windows-Sysmon\",\"providerGuid\":\"{5770385f-c22a-43e0-bf4c-06f5698ffbd9}\",\"eventID\":\"22\",\"version\":\"5\",\"level\":\"4\",\"task\":\"22\",\"opcode\":\"0\",\"keywords\":\"0x8000000000000000\",\"systemTime\":\"2026-10-02T03:06:13.6605443Z\",\"eventRecordID\":\"11325\",\"processID\":\"2140\",\"threadID\":\"4072\",\"channel\":\"Microsoft-Windows-Sysmon/Operational\",\"computer\":\"WIN10-01.SOC-LAB.LOCAL\",\"severityValue\":\"INFORMATION\",\"message\":\"\\\"Dns query:\\r\\nRuleName: -\\r\\nUtcTime: 2026-10-02 03:06:13.587\\r\\nProcessGuid: {e12a69d9-1f98-6abf-1200-000000001700}\\r\\nProcessId: 340\\r\\nQueryName: wpad\\r\\nQueryStatus: 1460\\r\\nQueryResults: -\\r\\nImage: C:\\\\Windows\\\\System32\\\\svchost.exe\\r\\nUser: NT AUTHORITY\\\\LOCAL SERVICE\\\"\"},\"eventdata\":{\"utcTime\":\"2026-10-02 03:06:13.587\",\"processGuid\":\"{e12a69d9-1f98-6abf-1200-000000001700}\",\"processId\":\"340\",\"queryName\":\"wpad\",\"queryStatus\":\"1460\",\"image\":\"C:\\\\\\\\Windows\\\\\\\\System32\\\\\\\\svchost.exe\",\"user\":\"NT AUTHORITY\\\\\\\\LOCAL SERVICE\"}}}","decoder":{"name":"windows_eventchannel"},"data":{"win":{"system":{"providerName":"Microsoft-Windows-Sysmon","providerGuid":"{5770385f-c22a-43e0-bf4c-06f5698ffbd9}","eventID":"22","version":"5","level":"4","task":"22","opcode":"0","keywords":"0x8000000000000000","systemTime":"2026-10-02T03:06:13.6605443Z","eventRecordID":"11325","processID":"2140","threadID":"4072","channel":"Microsoft-Windows-Sysmon/Operational","computer":"WIN10-01.SOC-LAB.LOCAL","severityValue":"INFORMATION","message":"\"Dns query:\r\nRuleName: -\r\nUtcTime: 2026-10-02 03:06:13.587\r\nProcessGuid: {e12a69d9-1f98-6abf-1200-000000001700}\r\nProcessId: 340\r\nQueryName: wpad\r\nQueryStatus: 1460\r\nQueryResults: -\r\nImage: C:\\Windows\\System32\\svchost.exe\r\nUser: NT AUTHORITY\\LOCAL SERVICE\""},"eventdata":{"utcTime":"2026-10-02 03:06:13.587","processGuid":"{e12a69d9-1f98-6abf-1200-000000001700}","processId":"340","queryName":"wpad","queryStatus":"1460","image":"C:\\\\Windows\\\\System32\\\\svchost.exe","user":"NT AUTHORITY\\\\LOCAL SERVICE"}}},"location":"EventChannel"}
{"timestamp":"2026-10-02T03:06:35.761+0000","agent":{"id":"001","name":"SOC-WIN10","ip":"192.168.50.20"},"manager":{"name":"soc-wazuh"},"id":"1790910395.118582","full_log":"{\"win\":{\"system\":{\"providerName\":\"Microsoft-Windows-Sysmon\",\"providerGuid\":\"{5770385f-c22a-43e0-bf4c-06f5698ffbd9}\",\"eventID\":\"1\",\"version\":\"5\",\"level\":\"4\",\"task\":\"1\",\"opcode\":\"0\",\"keywords\":\"0x8000000000000000\",\"systemTime\":\"2026-10-02T03:06:13.8632033Z\",\"eventRecordID\":\"11326\",\"processID\":\"2140\",\"threadID\":\"4056\",\"channel\":\"Microsoft-Windows-Sysmon/Operational\",\"computer\":\"WIN10-01.SOC-LAB.LOCAL\",\"severityValue\":\"INFORMATION\",\"message\":\"\\\"Process Create:\\r\\nRuleName: -\\r\\nUtcTime: 2026-10-02 03:06:13.844\\r\\nProcessGuid: {e12a69d9-1fa5-6abf-6f00-000000001700}\\r\\nProcessId: 4976\\r\\nImage: C:\\\\Windows\\\\System32\\\\slui.exe\\r\\nFileVersion: 10.0.19041.6456 (WinBuild.160101.0800)\\r\\nDescription: Windows Activation Client\\r\\nProduct: Microsoft® Windows® Operating System\\r\\nCompany: Microsoft Corporation\\r\\nOriginalFileName: slui.exe\\r\\nCommandLine: \\\"C:\\\\Windows\\\\System32\\\\SLUI.exe\\\" RuleId=31e71c49-8da7-4a2f-ad92-45d98a1c79ba;Action=AutoActivate;AppId=55c92734-d682-4d71-983e-d6ec3f16059f;SkuId=4de7cb65-cdf1-4de9-8ae8-e3cce27b9f2c;NotificationInterval=1440;Trigger=NetworkAvailable\\r\\nCurrentDirectory: C:\\\\Windows\\\\system32\\\\\\r\\nUser: NT AUTHORITY\\\\NETWORK SERVICE\\r\\nLogonGuid: {e12a69d9-1f98-6abf-e403-000000000000}\\r\\nLogonId: 0x3E4\\r\\nTerminalSessionId: 0\\r\\nIntegrityLevel: System\\r\\nHashes: MD5=FD0711FA8686860690BC87B8E5052848,SHA256=DB82AAAC88797176B14C921C20B031F3F7710BC8086D223960BF63A10F8CCA83,IMPHASH=F8B84614B23D2E435258EEC719D54B42\\r\\nParentProcessGuid: {e12a69d9-1fa5-6abf-6e00-000000001700}\\r\\nParentProcessId: 4948\\r\\nParentImage: C:\\\\Windows\\\\System32\\\\SppExtComObj.Exe\\r\\nParentCommandLine: C:\\\\Windows\\\\system32\\\\SppExtComObj.exe -Embedding\\r\\nParentUser: NT AUTHORITY\\\\NETWORK SERVICE\\\"\"},\"eventdata\":{\"utcTime\":\"2026-10-02 03:06:13.844\",\"processGuid\":\"{e12a69d9-1fa5-6abf-6f00-000000001700}\",\"processId\":\"4976\",\"image\":\"C:\\\\\\\\Windows\\\\\\\\System32\\\\\\\\slui.exe\",\"fileVersion\":\"10.0.19041.6456 (WinBuild.160101.0800)\",\"description\":\"Windows Activation Client\",\"product\":\"Microsoft® Windows® Operating System\",\"company\":\"Microsoft Corporation\",\"originalFileName\":\"slui.exe\",\"commandLine\":\"\\\\\\\"C:\\\\\\\\Windows\\\\\\\\System32\\\\\\\\SLUI.exe\\\\\\\" RuleId=31e71c49-8da7-4a2f-ad92-45d98a1c79ba;Action=AutoActivate;AppId=55c92734-d682-4d71-983e-d6ec3f16059f;SkuId=4de7cb65-cdf1-4de9-8ae8-e3cce27b9f2c;NotificationInterval=1440;Trigger=NetworkAvailable\",\"currentDirectory\":\"C:\\\\\\\\Windows\\\\\\\\system32\\\\\\\\\",\"user\":\"NT AUTHORITY\\\\\\\\NETWORK SERVICE\",\"logonGuid\":\"{e12a69d9-1f98-6abf-e403-000000000000}\",\"logonId\":\"0x3e4\",\"terminalSessionId\":\"0\",\"integrityLevel\":\"System\",\"hashes\":\"MD5=FD0711FA8686860690BC87B8E5052848,SHA256=DB82AAAC88797176B14C921C20B031F3F7710BC8086D223960BF63A10F8CCA83,IMPHASH=F8B84614B23D2E435258EEC719D54B42\",\"parentProcessGuid\":\"{e12a69d9-1fa5-6abf-6e00-000000001700}\",\"parentProcessId\":\"4948\",\"parentImage\":\"C:\\\\\\\\Windows\\\\\\\\System32\\\\\\\\SppExtComObj.Exe\",\"parentCommandLine\":\"C:\\\\\\\\Windows\\\\\\\\system32\\\\\\\\SppExtComObj.exe -Embedding\",\"parentUser\":\"NT AUTHORITY\\\\\\\\NETWORK SERVICE\"}}}","decoder":{"name":"windows_eventchannel"},"data":{"win":{"system":{"providerName":"Microsoft-Windows-Sysmon","providerGuid":"{5770385f-c22a-43e0-bf4c-06f5698ffbd9}","eventID":"1","version":"5","level":"4","task":"1","opcode":"0","keywords":"0x8000000000000000","systemTime":"2026-10-02T03:06:13.8632033Z","eventRecordID":"11326","processID":"2140","threadID":"4056","channel":"Microsoft-Windows-Sysmon/Operational","computer":"WIN10-01.SOC-LAB.LOCAL","severityValue":"INFORMATION","message":"\"Process Create:\r\nRuleName: -\r\nUtcTime: 2026-10-02 03:06:13.844\r\nProcessGuid: {e12a69d9-1fa5-6abf-6f00-000000001700}\r\nProcessId: 4976\r\nImage: C:\\Windows\\System32\\slui.exe\r\nFileVersion: 10.0.19041.6456 (WinBuild.160101.0800)\r\nDescription: Windows Activation Client\r\nProduct: Microsoft® Windows® Operating System\r\nCompany: Microsoft Corporation\r\nOriginalFileName: slui.exe\r\nCommandLine: \"C:\\Windows\\System32\\SLUI.exe\" RuleId=31e71c49-8da7-4a2f-ad92-45d98a1c79ba;Action=AutoActivate;AppId=55c92734-d682-4d71-983e-d6ec3f16059f;SkuId=4de7cb65-cdf1-4de9-8ae8-e3cce27b9f2c;NotificationInterval=1440;Trigger=NetworkAvailable\r\nCurrentDirectory: C:\\Windows\\system32\\\r\nUser: NT AUTHORITY\\NETWORK SERVICE\r\nLogonGuid: {e12a69d9-1f98-6abf-e403-000000000000}\r\nLogonId: 0x3E4\r\nTerminalSessionId: 0\r\nIntegrityLevel: System\r\nHashes: MD5=FD0711FA8686860690BC87B8E5052848,SHA256=DB82AAAC88797176B14C921C20B031F3F7710BC8086D223960BF63A10F8CCA83,IMPHASH=F8B84614B23D2E435258EEC719D54B42\r\nParentProcessGuid: {e12a69d9-1fa5-6abf-6e00-000000001700}\r\nParentProcessId: 4948\r\nParentImage: C:\\Windows\\System32\\SppExtComObj.Exe\r\nParentCommandLine: C:\\Windows\\system32\\SppExtComObj.exe -Embedding\r\nParentUser: NT AUTHORITY\\NETWORK SERVICE\""},"eventdata":{"utcTime":"2026-10-02 03:06:13.844","processGuid":"{e12a69d9-1fa5-6abf-6f00-000000001700}","processId":"4976","image":"C:\\\\Windows\\\\System32\\\\slui.exe","fileVersion":"10.0.19041.6456 (WinBuild.160101.0800)","description":"Windows Activation Client","product":"Microsoft® Windows® Operating System","company":"Microsoft Corporation","originalFileName":"slui.exe","commandLine":"\\\"C:\\\\Windows\\\\System32\\\\SLUI.exe\\\" RuleId=31e71c49-8da7-4a2f-ad92-45d98a1c79ba;Action=AutoActivate;AppId=55c92734-d682-4d71-983e-d6ec3f16059f;SkuId=4de7cb65-cdf1-4de9-8ae8-e3cce27b9f2c;NotificationInterval=1440;Trigger=NetworkAvailable","currentDirectory":"C:\\\\Windows\\\\system32\\\\","user":"NT AUTHORITY\\\\NETWORK SERVICE","logonGuid":"{e12a69d9-1f98-6abf-e403-000000000000}","logonId":"0x3e4","terminalSessionId":"0","integrityLevel":"System","hashes":"MD5=FD0711FA8686860690BC87B8E5052848,SHA256=DB82AAAC88797176B14C921C20B031F3F7710BC8086D223960BF63A10F8CCA83,IMPHASH=F8B84614B23D2E435258EEC719D54B42","parentProcessGuid":"{e12a69d9-1fa5-6abf-6e00-000000001700}","parentProcessId":"4948","parentImage":"C:\\\\Windows\\\\System32\\\\SppExtComObj.Exe","parentCommandLine":"C:\\\\Windows\\\\system32\\\\SppExtComObj.exe -Embedding","parentUser":"NT AUTHORITY\\\\NETWORK SERVICE"}}},"location":"EventChannel"}
{"timestamp":"2026-10-02T03:06:35.778+0000","agent":{"id":"001","name":"SOC-WIN10","ip":"192.168.50.20"},"manager":{"name":"soc-wazuh"},"id":"1790910395.118582","full_log":"{\"win\":{\"system\":{\"providerName\":\"Microsoft-Windows-Sysmon\",\"providerGuid\":\"{5770385f-c22a-43e0-bf4c-06f5698ffbd9}\",\"eventID\":\"22\",\"version\":\"5\",\"level\":\"4\",\"task\":\"22\",\"opcode\":\"0\",\"keywords\":\"0x8000000000000000\",\"systemTime\":\"2026-10-02T03:06:14.8169791Z\",\"eventRecordID\":\"11327\",\"processID\":\"2140\",\"threadID\":\"4072\",\"channel\":\"Microsoft-Windows-Sysmon/Operational\",\"computer\":\"WIN10-01.SOC-LAB.LOCAL\",\"severityValue\":\"INFORMATION\",\"message\":\"\\\"Dns query:\\r\\nRuleName: -\\r\\nUtcTime: 2026-10-02 03:06:13.692\\r\\nProcessGuid: {e12a69d9-1f98-6abf-0c00-000000001700}\\r\\nProcessId: 704\\r\\nQueryName: _ldap._tcp.Default-First-Site-Name._sites.dc._msdcs.SOC-LAB.LOCAL.\\r\\nQueryStatus: 1460\\r\\nQueryResults: -\\r\\nImage: C:\\\\Windows\\\\System32\\\\lsass.exe\\r\\nUser: NT AUTHORITY\\\\SYSTEM\\\"\"},\"eventdata\":{\"utcTime\":\"2026-10-02 03:06:13.692\",\"processGuid\":\"{e12a69d9-1f98-6abf-0c00-000000001700}\",\"processId\":\"704\",\"queryName\":\"_ldap._tcp.Default-First-Site-Name._sites.dc._msdcs.SOC-LAB.LOCAL.\",\"queryStatus\":\"1460\",\"image\":\"C:\\\\\\\\Windows\\\\\\\\System32\\\\\\\\lsass.exe\",\"user\":\"NT AUTHORITY\\\\\\\\SYSTEM\"}}}","decoder":{"name":"windows_eventchannel"},"data":{"win":{"system":{"providerName":"Microsoft-Windows-Sysmon","providerGuid":"{5770385f-c22a-43e0-bf4c-06f5698ffbd9}","eventID":"22","version":"5","level":"4","task":"22","opcode":"0","keywords":"0x8000000000000000","systemTime":"2026-10-02T03:06:14.8169791Z","eventRecordID":"11327","processID":"2140","threadID":"4072","channel":"Microsoft-Windows-Sysmon/Operational","computer":"WIN10-01.SOC-LAB.LOCAL","severityValue":"INFORMATION","message":"\"Dns query:\r\nRuleName: -\r\nUtcTime: 2026-10-02 03:06:13.692\r\nProcessGuid: {e12a69d9-1f98-6abf-0c00-000000001700}\r\nProcessId: 704\r\nQueryName: _ldap._tcp.Default-First-Site-Name._sites.dc._msdcs.SOC-LAB.LOCAL.\r\nQueryStatus: 1460\r\nQueryResults: -\r\nImage: C:\\Windows\\System32\\lsass.exe\r\nUser: NT AUTHORITY\\SYSTEM\""},"eventdata":{"utcTime":"2026-10-02 03:06:13.692","processGuid":"{e12a69d9-1f98-6abf-0c00-000000001700}","processId":"704","queryName":"_ldap._tcp.Default-First-Site-Name._sites.dc._msdcs.SOC-LAB.LOCAL.","queryStatus":"1460","image":"C:\\\\Windows\\\\System32\\\\lsass.exe","user":"NT AUTHORITY\\\\SYSTEM"}}},"location":"EventChannel"}
{"timestamp":"2026-10-02T03:06:35.801+0000","agent":{"id":"001","name":"SOC-WIN10","ip":"192.168.50.20"},"manager":{"name":"soc-wazuh"},"id":"1790910395.118582","full_log":"{\"win\":{\"system\":{\"providerName\":\"Microsoft-Windows-Sysmon\",\"providerGuid\":\"{5770385f-c22a-43e0-bf4c-06f5698ffbd9}\",\"eventID\":\"22\",\"version\":\"5\",\"level\":\"4\",\"task\":\"22\",\"opcode\":\"0\",\"keywords\":\"0x8000000000000000\",\"systemTime\":\"2026-10-02T03:06:14.8170673Z\",\"eventRecordID\":\"11328\",\"processID\":\"2140\",\"threadID\":\"4072\",\"channel\":\"Microsoft-Windows-Sysmon/Operational\",\"computer\":\"WIN10-01.SOC-LAB.LOCAL\",\"severityValue\":\"INFORMATION\",\"message\":\"\\\"Dns query:\\r\\nRuleName: -\\r\\nUtcTime: 2026-10-02 03:06:14.001\\r\\nProcessGuid: {e12a69d9-1f99-6abf-2300-000000001700}\\r\\nProcessId: 1840\\r\\nQueryName: WIN10-01\\r\\nQueryStatus: 0\\r\\nQueryResults: fe80::897a:841e:d1d3:7126;::ffff:192.168.50.20;\\r\\nImage: C:\\\\Windows\\\\System32\\\\spoolsv.exe\\r\\nUser: NT AUTHORITY\\\\SYSTEM\\\"\"},\"eventdata\":{\"utcTime\":\"2026-10-02 03:06:14.001\",\"processGuid\":\"{e12a69d9-1f99-6abf-2300-000000001700}\",\"processId\":\"1840\",\"queryName\":\"WIN10-01\",\"queryStatus\":\"0\",\"queryResults\":\"fe80::897a:841e:d1d3:7126;::ffff:192.168.50.20;\",\"image\":\"C:\\\\\\\\Windows\\\\\\\\System32\\\\\\\\spoolsv.exe\",\"user\":\"NT AUTHORITY\\\\\\\\SYSTEM\"}}}","decoder":{"name":"windows_eventchannel"},"data":{"win":{"system":{"providerName":"Microsoft-Windows-Sysmon","providerGuid":"{5770385f-c22a-43e0-bf4c-06f5698ffbd9}","eventID":"22","version":"5","level":"4","task":"22","opcode":"0","keywords":"0x8000000000000000","systemTime":"2026-10-02T03:06:14.8170673Z","eventRecordID":"11328","processID":"2140","threadID":"4072","channel":"Microsoft-Windows-Sysmon/Operational","computer":"WIN10-01.SOC-LAB.LOCAL","severityValue":"INFORMATION","message":"\"Dns query:\r\nRuleName: -\r\nUtcTime: 2026-10-02 03:06:14.001\r\nProcessGuid: {e12a69d9-1f99-6abf-2300-000000001700}\r\nProcessId: 1840\r\nQueryName: WIN10-01\r\nQueryStatus: 0\r\nQueryResults: fe80::897a:841e:d1d3:7126;::ffff:192.168.50.20;\r\nImage: C:\\Windows\\System32\\spoolsv.exe\r\nUser: NT AUTHORITY\\SYSTEM\""},"eventdata":{"utcTime":"2026-10-02 03:06:14.001","processGuid":"{e12a69d9-1f99-6abf-2300-000000001700}","processId":"1840","queryName":"WIN10-01","queryStatus":"0","queryResults":"fe80::897a:841e:d1d3:7126;::ffff:192.168.50.20;","image":"C:\\\\Windows\\\\System32\\\\spoolsv.exe","user":"NT AUTHORITY\\\\SYSTEM"}}},"location":"EventChannel"}
{"timestamp":"2026-10-02T03:06:35.817+0000","agent":{"id":"001","name":"SOC-WIN10","ip":"192.168.50.20"},"manager":{"name":"soc-wazuh"},"id":"1790910395.118582","full_log":"{\"win\":{\"system\":{\"providerName\":\"Microsoft-Windows-Sysmon\",\"providerGuid\":\"{5770385f-c22a-43e0-bf4c-06f5698ffbd9}\",\"eventID\":\"22\",\"version\":\"5\",\"level\":\"4\",\"task\":\"22\",\"opcode\":\"0\",\"keywords\":\"0x8000000000000000\",\"systemTime\":\"2026-10-02T03:06:15.6763147Z\",\"eventRecordID\":\"11330\",\"processID\":\"2140\",\"threadID\":\"4072\",\"channel\":\"Microsoft-Windows-Sysmon/Operational\",\"computer\":\"WIN10-01.SOC-LAB.LOCAL\",\"severityValue\":\"INFORMATION\",\"message\":\"\\\"Dns query:\\r\\nRuleName: -\\r\\nUtcTime: 2026-10-02 03:06:14.201\\r\\nProcessGuid: {e12a69d9-1f99-6abf-2300-000000001700}\\r\\nProcessId: 1840\\r\\nQueryName: WIN10-01\\r\\nQueryStatus: 0\\r\\nQueryResults: 192.168.50.20;\\r\\nImage: C:\\\\Windows\\\\System32\\\\spoolsv.exe\\r\\nUser: NT AUTHORITY\\\\SYSTEM\\\"\"},\"eventdata\":{\"utcTime\":\"2026-10-02 03:06:14.201\",\"processGuid\":\"{e12a69d9-1f99-6abf-2300-000000001700}\",\"processId\":\"1840\",\"queryName\":\"WIN10-01\",\"queryStatus\":\"0\",\"queryResults\":\"192.168.50.20;\",\"image\":\"C:\\\\\\\\Windows\\\\\\\\System32\\\\\\\\spoolsv.exe\",\"user\":\"NT AUTHORITY\\\\\\\\SYSTEM\"}}}","decoder":{"name":"windows_eventchannel"},"data":{"win":{"system":{"providerName":"Microsoft-Windows-Sysmon","providerGuid":"{5770385f-c22a-43e0-bf4c-06f5698ffbd9}","eventID":"22","version":"5","level":"4","task":"22","opcode":"0","keywords":"0x8000000000000000","systemTime":"2026-10-02T03:06:15.6763147Z","eventRecordID":"11330","processID":"2140","threadID":"4072","channel":"Microsoft-Windows-Sysmon/Operational","computer":"WIN10-01.SOC-LAB.LOCAL","severityValue":"INFORMATION","message":"\"Dns query:\r\nRuleName: -\r\nUtcTime: 2026-10-02 03:06:14.201\r\nProcessGuid: {e12a69d9-1f99-6abf-2300-000000001700}\r\nProcessId: 1840\r\nQueryName: WIN10-01\r\nQueryStatus: 0\r\nQueryResults: 192.168.50.20;\r\nImage: C:\\Windows\\System32\\spoolsv.exe\r\nUser: NT AUTHORITY\\SYSTEM\""},"eventdata":{"utcTime":"2026-10-02 03:06:14.201","processGuid":"{e12a69d9-1f99-6abf-2300-000000001700}","processId":"1840","queryName":"WIN10-01","queryStatus":"0","queryResults":"192.168.50.20;","image":"C:\\\\Windows\\\\System32\\\\spoolsv.exe","user":"NT AUTHORITY\\\\SYSTEM"}}},"location":"EventChannel"}
