{"timestamp":"2026-10-02T03:06:35.817+0000","rule":{"level":4,"description":"C:\\\\Windows\\\\SysWOW64\\\\SecEdit.exe binary in a suspicious location launched by C:\\\\Windows\\\\SysWOW64\\\\WindowsPowerShell\\\\v1.0\\\\powershell.exe","id":"92066","mitre":{"id":["T1059.001"],"tactic":["Execution"],"technique":["PowerShell"]},"firedtimes":5,"mail":false,"groups":["sysmon","sysmon_eid1_detections","windows"]},"agent":{"id":"001","name":"SOC-WIN10","ip":"192.168.50.20"},"manager":{"name":"soc-wazuh"},"id":"1790910395.118582","full_log":"{\"win\":{\"system\":{\"providerName\":\"Microsoft-Windows-Sysmon\",\"providerGuid\":\"{5770385f-c22a-43e0-bf4c-06f5698ffbd9}\",\"eventID\":\"1\",\"version\":\"5\",\"level\":\"4\",\"task\":\"1\",\"opcode\":\"0\",\"keywords\":\"0x8000000000000000\",\"systemTime\":\"2026-10-02T03:06:15.5819601Z\",\"eventRecordID\":\"11329\",\"processID\":\"2140\",\"threadID\":\"4056\",\"channel\":\"Microsoft-Windows-Sysmon/Operational\",\"computer\":\"WIN10-01.SOC-LAB.LOCAL\",\"severityValue\":\"INFORMATION\",\"message\":\"\\\"Process Create:\\r\\nRuleName: -\\r\\nUtcTime: 2026-10-02 03:06:15.577\\r\\nProcessGuid: {e12a69d9-1fa7-6abf-7200-000000001700}\\r\\nProcessId: 3732\\r\\nImage: C:\\\\Windows\\\\SysWOW64\\\\SecEdit.exe\\r\\nFileVersion: 10.0.19041.1 (WinBuild.160101.0800)\\r\\nDescription: Windows Security Configuration Editor Command Tool\\r\\nProduct: Microsoft® Windows® Operating System\\r\\nCompany: Microsoft Corporation\\r\\nOriginalFileName: SeCEdit\\r\\nCommandLine: \\\"C:\\\\Windows\\\\system32\\\\SecEdit.exe\\\" /export /cfg C:\\\\Windows\\\\TEMP\\\\secpol.cfg\\r\\nCurrentDirectory: C:\\\\Program Files (x86)\\\\ossec-agent\\\\\\r\\nUser: NT AUTHORITY\\\\SYSTEM\\r\\nLogonGuid: {e12a69d9-1f98-6abf-e703-000000000000}\\r\\nLogonId: 0x3E7\\r\\nTerminalSessionId: 0\\r\\nIntegrityLevel: System\\r\\nHashes: MD5=BFC13856291E4B804D33BBAEFC8CB3B5,SHA256=56CB815F0FDA92C4658296692E4F70DEE557137528482FE7A834296BFDB710C0,IMPHASH=615449A6A25801F47AE0D7578EB950B4\\r\\nParentProcessGuid: {e12a69d9-1fa4-6abf-6a00-000000001700}\\r\\nParentProcessId: 4684\\r\\nParentImage: C:\\\\Windows\\\\SysWOW64\\\\WindowsPowerShell\\\\v1.0\\\\powershell.exe\\r\\nParentCommandLine: powershell secedit /export /cfg $env:TEMP\\\\secpol.cfg; Get-Content $env:TEMP\\\\secpol.cfg | Select-String \\\"MinimumPasswordLength\\\"; Remove-Item $env:TEMP\\\\secpol.cfg\\r\\nParentUser: NT AUTHORITY\\\\SYSTEM\\\"\"},\"eventdata\":{\"utcTime\":\"2026-10-02 03:06:15.577\",\"processGuid\":\"{e12a69d9-1fa7-6abf-7200-000000001700}\",\"processId\":\"3732\",\"image\":\"C:\\\\\\\\Windows\\\\\\\\SysWOW64\\\\\\\\SecEdit.exe\",\"fileVersion\":\"10.0.19041.1 (WinBuild.160101.0800)\",\"description\":\"Windows Security Configuration Editor Command Tool\",\"product\":\"Microsoft® Windows® Operating System\",\"company\":\"Microsoft Corporation\",\"originalFileName\":\"SeCEdit\",\"commandLine\":\"\\\\\\\"C:\\\\\\\\Windows\\\\\\\\system32\\\\\\\\SecEdit.exe\\\\\\\" /export /cfg C:\\\\\\\\Windows\\\\\\\\TEMP\\\\\\\\secpol.cfg\",\"currentDirectory\":\"C:\\\\\\\\Program Files (x86)\\\\\\\\ossec-agent\\\\\\\\\",\"user\":\"NT AUTHORITY\\\\\\\\SYSTEM\",\"logonGuid\":\"{e12a69d9-1f98-6abf-e703-000000000000}\",\"logonId\":\"0x3e7\",\"terminalSessionId\":\"0\",\"integrityLevel\":\"System\",\"hashes\":\"MD5=BFC13856291E4B804D33BBAEFC8CB3B5,SHA256=56CB815F0FDA92C4658296692E4F70DEE557137528482FE7A834296BFDB710C0,IMPHASH=615449A6A25801F47AE0D7578EB950B4\",\"parentProcessGuid\":\"{e12a69d9-1fa4-6abf-6a00-000000001700}\",\"parentProcessId\":\"4684\",\"parentImage\":\"C:\\\\\\\\Windows\\\\\\\\SysWOW64\\\\\\\\WindowsPowerShell\\\\\\\\v1.0\\\\\\\\powershell.exe\",\"parentCommandLine\":\"powershell secedit /export /cfg $env:TEMP\\\\\\\\secpol.cfg; Get-Content $env:TEMP\\\\\\\\secpol.cfg | Select-String \\\\\\\"MinimumPasswordLength\\\\\\\"; Remove-Item $env:TEMP\\\\\\\\secpol.cfg\",\"parentUser\":\"NT AUTHORITY\\\\\\\\SYSTEM\"}}}","decoder":{"name":"windows_eventchannel"},"data":{"win":{"system":{"providerName":"Microsoft-Windows-Sysmon","providerGuid":"{5770385f-c22a-43e0-bf4c-06f5698ffbd9}","eventID":"1","version":"5","level":"4","task":"1","opcode":"0","keywords":"0x8000000000000000","systemTime":"2026-10-02T03:06:15.5819601Z","eventRecordID":"11329","processID":"2140","threadID":"4056","channel":"Microsoft-Windows-Sysmon/Operational","computer":"WIN10-01.SOC-LAB.LOCAL","severityValue":"INFORMATION","message":"\"Process Create:\r\nRuleName: -\r\nUtcTime: 2026-10-02 03:06:15.577\r\nProcessGuid: {e12a69d9-1fa7-6abf-7200-000000001700}\r\nProcessId: 3732\r\nImage: C:\\Windows\\SysWOW64\\SecEdit.exe\r\nFileVersion: 10.0.19041.1 (WinBuild.160101.0800)\r\nDescription: Windows Security Configuration Editor Command Tool\r\nProduct: Microsoft® Windows® Operating System\r\nCompany: Microsoft Corporation\r\nOriginalFileName: SeCEdit\r\nCommandLine: \"C:\\Windows\\system32\\SecEdit.exe\" /export /cfg C:\\Windows\\TEMP\\secpol.cfg\r\nCurrentDirectory: C:\\Program Files (x86)\\ossec-agent\\\r\nUser: NT AUTHORITY\\SYSTEM\r\nLogonGuid: {e12a69d9-1f98-6abf-e703-000000000000}\r\nLogonId: 0x3E7\r\nTerminalSessionId: 0\r\nIntegrityLevel: System\r\nHashes: MD5=BFC13856291E4B804D33BBAEFC8CB3B5,SHA256=56CB815F0FDA92C4658296692E4F70DEE557137528482FE7A834296BFDB710C0,IMPHASH=615449A6A25801F47AE0D7578EB950B4\r\nParentProcessGuid: {e12a69d9-1fa4-6abf-6a00-000000001700}\r\nParentProcessId: 4684\r\nParentImage: C:\\Windows\\SysWOW64\\WindowsPowerShell\\v1.0\\powershell.exe\r\nParentCommandLine: powershell secedit /export /cfg $env:TEMP\\secpol.cfg; Get-Content $env:TEMP\\secpol.cfg | Select-String \"MinimumPasswordLength\"; Remove-Item $env:TEMP\\secpol.cfg\r\nParentUser: NT AUTHORITY\\SYSTEM\""},"eventdata":{"utcTime":"2026-10-02 03:06:15.577","processGuid":"{e12a69d9-1fa7-6abf-7200-000000001700}","processId":"3732","image":"C:\\\\Windows\\\\SysWOW64\\\\SecEdit.exe","fileVersion":"10.0.19041.1 (WinBuild.160101.0800)","description":"Windows Security Configuration Editor Command Tool","product":"Microsoft® Windows® Operating System","company":"Microsoft Corporation","originalFileName":"SeCEdit","commandLine":"\\\"C:\\\\Windows\\\\system32\\\\SecEdit.exe\\\" /export /cfg C:\\\\Windows\\\\TEMP\\\\secpol.cfg","currentDirectory":"C:\\\\Program Files (x86)\\\\ossec-agent\\\\","user":"NT AUTHORITY\\\\SYSTEM","logonGuid":"{e12a69d9-1f98-6abf-e703-000000000000}","logonId":"0x3e7","terminalSessionId":"0","integrityLevel":"System","hashes":"MD5=BFC13856291E4B804D33BBAEFC8CB3B5,SHA256=56CB815F0FDA92C4658296692E4F70DEE557137528482FE7A834296BFDB710C0,IMPHASH=615449A6A25801F47AE0D7578EB950B4","parentProcessGuid":"{e12a69d9-1fa4-6abf-6a00-000000001700}","parentProcessId":"4684","parentImage":"C:\\\\Windows\\\\SysWOW64\\\\WindowsPowerShell\\\\v1.0\\\\powershell.exe","parentCommandLine":"powershell secedit /export /cfg $env:TEMP\\\\secpol.cfg; Get-Content $env:TEMP\\\\secpol.cfg | Select-String \\\"MinimumPasswordLength\\\"; Remove-Item $env:TEMP\\\\secpol.cfg","parentUser":"NT AUTHORITY\\\\SYSTEM"}}},"location":"EventChannel"}
{"timestamp":"2026-10-02T03:06:35.842+0000","agent":{"id":"001","name":"SOC-WIN10","ip":"192.168.50.20"},"manager":{"name":"soc-wazuh"},"id":"1790910395.121309","full_log":"{\"win\":{\"system\":{\"providerName\":\"Microsoft-Windows-Sysmon\",\"providerGuid\":\"{5770385f-c22a-43e0-bf4c-06f5698ffbd9}\",\"eventID\":\"22\",\"version\":\"5\",\"level\":\"4\",\"task\":\"22\",\"opcode\":\"0\",\"keywords\":\"0x8000000000000000\",\"systemTime\":\"2026-10-02T03:06:15.6763437Z\",\"eventRecordID\":\"11331\",\"processID\":\"2140\",\"threadID\":\"4072\",\"channel\":\"Microsoft-Windows-Sysmon/Operational\",\"computer\":\"WIN10-01.SOC-LAB.LOCAL\",\"severityValue\":\"INFORMATION\",\"message\":\"\\\"Dns query:\\r\\nRuleName: -\\r\\nUtcTime: 2026-10-02 03:06:14.201\\r\\nProcessGuid: {e12a69d9-1f99-6abf-2300-000000001700}\\r\\nProcessId: 1840\\r\\nQueryName: WIN10-01\\r\\nQueryStatus: 0\\r\\nQueryResults: fe80::897a:841e:d1d3:7126;\\r\\nImage: C:\\\\Windows\\\\System32\\\\spoolsv.exe\\r\\nUser: NT AUTHORITY\\\\SYSTEM\\\"\"},\"eventdata\":{\"utcTime\":\"2026-10-02 03:06:14.201\",\"processGuid\":\"{e12a69d9-1f99-6abf-2300-000000001700}\",\"processId\":\"1840\",\"queryName\":\"WIN10-01\",\"queryStatus\":\"0\",\"queryResults\":\"fe80::897a:841e:d1d3:7126;\",\"image\":\"C:\\\\\\\\Windows\\\\\\\\System32\\\\\\\\spoolsv.exe\",\"user\":\"NT AUTHORITY\\\\\\\\SYSTEM\"}}}","decoder":{"name":"windows_eventchannel"},"data":{"win":{"system":{"providerName":"Microsoft-Windows-Sysmon","providerGuid":"{5770385f-c22a-43e0-bf4c-06f5698ffbd9}","eventID":"22","version":"5","level":"4","task":"22","opcode":"0","keywords":"0x8000000000000000","systemTime":"2026-10-02T03:06:15.6763437Z","eventRecordID":"11331","processID":"2140","threadID":"4072","channel":"Microsoft-Windows-Sysmon/Operational","computer":"WIN10-01.SOC-LAB.LOCAL","severityValue":"INFORMATION","message":"\"Dns query:\r\nRuleName: -\r\nUtcTime: 2026-10-02 03:06:14.201\r\nProcessGuid: {e12a69d9-1f99-6abf-2300-000000001700}\r\nProcessId: 1840\r\nQueryName: WIN10-01\r\nQueryStatus: 0\r\nQueryResults: fe80::897a:841e:d1d3:7126;\r\nImage: C:\\Windows\\System32\\spoolsv.exe\r\nUser: NT AUTHORITY\\SYSTEM\""},"eventdata":{"utcTime":"2026-10-02 03:06:14.201","processGuid":"{e12a69d9-1f99-6abf-2300-000000001700}","processId":"1840","queryName":"WIN10-01","queryStatus":"0","queryResults":"fe80::897a:841e:d1d3:7126;","image":"C:\\\\Windows\\\\System32\\\\spoolsv.exe","user":"NT AUTHORITY\\\\SYSTEM"}}},"location":"EventChannel"}
{"timestamp":"2026-10-02T03:06:35.871+0000","rule":{"level":9,"description":"Powershell process created an executable file in Windows root folder","id":"92205","mitre":{"id":["T1105"],"tactic":["Command and Control"],"technique":["Ingress Tool Transfer"]},"firedtimes":6,"mail":false,"groups":["sysmon","sysmon_eid11_detections","windows"]},"agent":{"id":"001","name":"SOC-WIN10","ip":"192.168.50.20"},"manager":{"name":"soc-wazuh"},"id":"1790910395.130619","full_log":"{\"win\":{\"system\":{\"providerName\":\"Microsoft-Windows-Sysmon\",\"providerGuid\":\"{5770385f-c22a-43e0-bf4c-06f5698ffbd9}\",\"eventID\":\"11\",\"version\":\"2\",\"level\":\"4\",\"task\":\"11\",\"opcode\":\"0\",\"keywords\":\"0x8000000000000000\",\"systemTime\":\"2026-10-02T03:06:16.3829377Z\",\"eventRecordID\":\"11333\",\"processID\":\"2140\",\"threadID\":\"4056\",\"channel\":\"Microsoft-Windows-Sysmon/Operational\",\"computer\":\"WIN10-01.SOC-LAB.LOCAL\",\"severityValue\":\"INFORMATION\",\"message\":\"\\\"File created:\\r\\nRuleName: -\\r\\nUtcTime: 2026-10-02 03:06:16.379\\r\\nProcessGuid: {e12a69d9-1fa8-6abf-7300-000000001700}\\r\\nProcessId: 3816\\r\\nImage: C:\\\\Windows\\\\SysWOW64\\\\WindowsPowerShell\\\\v1.0\\\\powershell.exe\\r\\nTargetFilename: C:\\\\Windows\\\\SystemTemp\\\\__PSScriptPolicyTest_u4pxiroo.knq.ps1\\r\\nCreationUtcTime: 2026-10-02 03:06:16.379\\r\\nUser: NT AUTHORITY\\\\SYSTEM\\\"\"},\"eventdata\":{\"utcTime\":\"2026-10-02 03:06:16.379\",\"processGuid\":\"{e12a69d9-1fa8-6abf-7300-000000001700}\",\"processId\":\"3816\",\"image\":\"C:\\\\\\\\Windows\\\\\\\\SysWOW64\\\\\\\\WindowsPowerShell\\\\\\\\v1.0\\\\\\\\powershell.exe\",\"targetFilename\":\"C:\\\\\\\\Windows\\\\\\\\SystemTemp\\\\\\\\__PSScriptPolicyTest_u4pxiroo.knq.ps1\",\"creationUtcTime\":\"2026-10-02 03:06:16.379\",\"user\":\"NT AUTHORITY\\\\\\\\SYSTEM\"}}}","decoder":{"name":"windows_eventchannel"},"data":{"win":{"system":{"providerName":"Microsoft-Windows-Sysmon","providerGuid":"{5770385f-c22a-43e0-bf4c-06f5698ffbd9}","eventID":"11","version":"2","level":"4","task":"11","opcode":"0","keywords":"0x8000000000000000","systemTime":"2026-10-02T03:06:16.3829377Z","eventRecordID":"11333","processID":"2140","threadID":"4056","channel":"Microsoft-Windows-Sysmon/Operational","computer":"WIN10-01.SOC-LAB.LOCAL","severityValue":"INFORMATION","message":"\"File created:\r\nRuleName: -\r\nUtcTime: 2026-10-02 03:06:16.379\r\nProcessGuid: {e12a69d9-1fa8-6abf-7300-000000001700}\r\nProcessId: 3816\r\nImage: C:\\Windows\\SysWOW64\\WindowsPowerShell\\v1.0\\powershell.exe\r\nTargetFilename: C:\\Windows\\SystemTemp\\__PSScriptPolicyTest_u4pxiroo.knq.ps1\r\nCreationUtcTime: 2026-10-02 03:06:16.379\r\nUser: NT AUTHORITY\\SYSTEM\""},"eventdata":{"utcTime":"2026-10-02 03:06:16.379","processGuid":"{e12a69d9-1fa8-6abf-7300-000000001700}","processId":"3816","image":"C:\\\\Windows\\\\SysWOW64\\\\WindowsPowerShell\\\\v1.0\\\\powershell.exe","targetFilename":"C:\\\\Windows\\\\SystemTemp\\\\__PSScriptPolicyTest_u4pxiroo.knq.ps1","creationUtcTime":"2026-10-02 03:06:16.379","user":"NT AUTHORITY\\\\SYSTEM"}}},"location":"EventChannel"}
{"timestamp":"2026-10-02T03:06:35.871+0000","rule":{"level":3,"description":"Powershell was used to delete files or directories","id":"92021","mitre":{"id":["T1070.004"],"tactic":["Defense Evasion"],"technique":["File Deletion"]},"firedtimes":6,"mail":false,"groups":["sysmon","sysmon_eid1_detections","windows"]},"agent":{"id":"001","name":"SOC-WIN10","ip":"192.168.50.20"},"manager":{"name":"soc-wazuh"},"id":"1790910395.130619","full_log":"{\"win\":{\"system\":{\"providerName\":\"Microsoft-Windows-Sysmon\",\"providerGuid\":\"{5770385f-c22a-43e0-bf4c-06f5698ffbd9}\",\"eventID\":\"1\",\"version\":\"5\",\"level\":\"4\",\"task\":\"1\",\"opcode\":\"0\",\"keywords\":\"0x8000000000000000\",\"systemTime\":\"2026-10-02T03:06:16.1517042Z\",\"eventRecordID\":\"11332\",\"processID\":\"2140\",\"threadID\":\"4056\",\"channel\":\"Microsoft-Windows-Sysmon/Operational\",\"computer\":\"WIN10-01.SOC-LAB.LOCAL\",\"severityValue\":\"INFORMATION\",\"message\":\"\\\"Process Create:\\r\\nRuleName: -\\r\\nUtcTime: 2026-10-02 03:06:16.142\\r\\nProcessGuid: {e12a69d9-1fa8-6abf-7300-000000001700}\\r\\nProcessId: 3816\\r\\nImage: C:\\\\Windows\\\\SysWOW64\\\\WindowsPowerShell\\\\v1.0\\\\powershell.exe\\r\\nFileVersion: 10.0.19041.3996 (WinBuild.160101.0800)\\r\\nDescription: Windows PowerShell\\r\\nProduct: Microsoft® Windows® Operating System\\r\\nCompany: Microsoft Corporation\\r\\nOriginalFileName: PowerShell.EXE\\r\\nCommandLine: powershell secedit /export /cfg $env:TEMP\\\\secpol.cfg; Get-Content $env:TEMP\\\\secpol.cfg | Select-String \\\"LockoutDuration\\\"; Remove-Item $env:TEMP\\\\secpol.cfg\\r\\nCurrentDirectory: C:\\\\Program Files (x86)\\\\ossec-agent\\\\\\r\\nUser: NT AUTHORITY\\\\SYSTEM\\r\\nLogonGuid: {e12a69d9-1f98-6abf-e703-000000000000}\\r\\nLogonId: 0x3E7\\r\\nTerminalSessionId: 0\\r\\nIntegrityLevel: System\\r\\nHashes: MD5=6BB54B2D7A3D63578559239A79700EA3,SHA256=870EDA04EA71CC066EC907F005E1D05CE592F04799C60E600E2CB986DC85B5EB,IMPHASH=82E387AE778A57C7A6473B5554B4184E\\r\\nParentProcessGuid: {e12a69d9-1f99-6abf-2a00-000000001700}\\r\\nParentProcessId: 2124\\r\\nParentImage: C:\\\\Program Files (x86)\\\\ossec-agent\\\\wazuh-agent.exe\\r\\nParentCommandLine: \\\"C:\\\\Program Files (x86)\\\\ossec-agent\\\\wazuh-agent.exe\\\"\\r\\nParentUser: NT AUTHORITY\\\\SYSTEM\\\"\"},\"eventdata\":{\"utcTime\":\"2026-10-02 03:06:16.142\",\"processGuid\":\"{e12a69d9-1fa8-6abf-7300-000000001700}\",\"processId\":\"3816\",\"image\":\"C:\\\\\\\\Windows\\\\\\\\SysWOW64\\\\\\\\WindowsPowerShell\\\\\\\\v1.0\\\\\\\\powershell.exe\",\"fileVersion\":\"10.0.19041.3996 (WinBuild.160101.0800)\",\"description\":\"Windows PowerShell\",\"product\":\"Microsoft® Windows® Operating System\",\"company\":\"Microsoft Corporation\",\"originalFileName\":\"PowerShell.EXE\",\"commandLine\":\"powershell secedit /export /cfg $env:TEMP\\\\\\\\secpol.cfg; Get-Content $env:TEMP\\\\\\\\secpol.cfg | Select-String \\\\\\\"LockoutDuration\\\\\\\"; Remove-Item $env:TEMP\\\\\\\\secpol.cfg\",\"currentDirectory\":\"C:\\\\\\\\Program Files (x86)\\\\\\\\ossec-agent\\\\\\\\\",\"user\":\"NT AUTHORITY\\\\\\\\SYSTEM\",\"logonGuid\":\"{e12a69d9-1f98-6abf-e703-000000000000}\",\"logonId\":\"0x3e7\",\"terminalSessionId\":\"0\",\"integrityLevel\":\"System\",\"hashes\":\"MD5=6BB54B2D7A3D63578559239A79700EA3,SHA256=870EDA04EA71CC066EC907F005E1D05CE592F04799C60E600E2CB986DC85B5EB,IMPHASH=82E387AE778A57C7A6473B5554B4184E\",\"parentProcessGuid\":\"{e12a69d9-1f99-6abf-2a00-000000001700}\",\"parentProcessId\":\"2124\",\"parentImage\":\"C:\\\\\\\\Program Files (x86)\\\\\\\\ossec-agent\\\\\\\\wazuh-agent.exe\",\"parentCommandLine\":\"\\\\\\\"C:\\\\\\\\Program Files (x86)\\\\\\\\ossec-agent\\\\\\\\wazuh-agent.exe\\\\\\\"\",\"parentUser\":\"NT AUTHORITY\\\\\\\\SYSTEM\"}}}","decoder":{"name":"windows_eventchannel"},"data":{"win":{"system":{"providerName":"Microsoft-Windows-Sysmon","providerGuid":"{5770385f-c22a-43e0-bf4c-06f5698ffbd9}","eventID":"1","version":"5","level":"4","task":"1","opcode":"0","keywords":"0x8000000000000000","systemTime":"2026-10-02T03:06:16.1517042Z","eventRecordID":"11332","processID":"2140","threadID":"4056","channel":"Microsoft-Windows-Sysmon/Operational","computer":"WIN10-01.SOC-LAB.LOCAL","severityValue":"INFORMATION","message":"\"Process Create:\r\nRuleName: -\r\nUtcTime: 2026-10-02 03:06:16.142\r\nProcessGuid: {e12a69d9-1fa8-6abf-7300-000000001700}\r\nProcessId: 3816\r\nImage: C:\\Windows\\SysWOW64\\WindowsPowerShell\\v1.0\\powershell.exe\r\nFileVersion: 10.0.19041.3996 (WinBuild.160101.0800)\r\nDescription: Windows PowerShell\r\nProduct: Microsoft® Windows® Operating System\r\nCompany: Microsoft Corporation\r\nOriginalFileName: PowerShell.EXE\r\nCommandLine: powershell secedit /export /cfg $env:TEMP\\secpol.cfg; Get-Content $env:TEMP\\secpol.cfg | Select-String \"LockoutDuration\"; Remove-Item $env:TEMP\\secpol.cfg\r\nCurrentDirectory: C:\\Program Files (x86)\\ossec-agent\\\r\nUser: NT AUTHORITY\\SYSTEM\r\nLogonGuid: {e12a69d9-1f98-6abf-e703-000000000000}\r\nLogonId: 0x3E7\r\nTerminalSessionId: 0\r\nIntegrityLevel: System\r\nHashes: MD5=6BB54B2D7A3D63578559239A79700EA3,SHA256=870EDA04EA71CC066EC907F005E1D05CE592F04799C60E600E2CB986DC85B5EB,IMPHASH=82E387AE778A57C7A6473B5554B4184E\r\nParentProcessGuid: {e12a69d9-1f99-6abf-2a00-000000001700}\r\nParentProcessId: 2124\r\nParentImage: C:\\Program Files (x86)\\ossec-agent\\wazuh-agent.exe\r\nParentCommandLine: \"C:\\Program Files (x86)\\ossec-agent\\wazuh-agent.exe\"\r\nParentUser: NT AUTHORITY\\SYSTEM\""},"eventdata":{"utcTime":"2026-10-02 03:06:16.142","processGuid":"{e12a69d9-1fa8-6abf-7300-000000001700}","processId":"3816","image":"C:\\\\Windows\\\\SysWOW64\\\\WindowsPowerShell\\\\v1.0\\\\powershell.exe","fileVersion":"10.0.19041.3996 (WinBuild.160101.0800)","description":"Windows PowerShell","product":"Microsoft® Windows® Operating System","company":"Microsoft Corporation","originalFileName":"PowerShell.EXE","commandLine":"powershell secedit /export /cfg $env:TEMP\\\\secpol.cfg; Get-Content $env:TEMP\\\\secpol.cfg | Select-String \\\"LockoutDuration\\\"; Remove-Item $env:TEMP\\\\secpol.cfg","currentDirectory":"C:\\\\Program Files (x86)\\\\ossec-agent\\\\","user":"NT AUTHORITY\\\\SYSTEM","logonGuid":"{e12a69d9-1f98-6abf-e703-000000000000}","logonId":"0x3e7","terminalSessionId":"0","integrityLevel":"System","hashes":"MD5=6BB54B2D7A3D63578559239A79700EA3,SHA256=870EDA04EA71CC066EC907F005E1D05CE592F04799C60E600E2CB986DC85B5EB,IMPHASH=82E387AE778A57C7A6473B5554B4184E","parentProcessGuid":"{e12a69d9-1f99-6abf-2a00-000000001700}","parentProcessId":"2124","parentImage":"C:\\\\Program Files (x86)\\\\ossec-agent\\\\wazuh-agent.exe","parentCommandLine":"\\\"C:\\\\Program Files (x86)\\\\ossec-agent\\\\wazuh-agent.exe\\\"","parentUser":"NT AUTHORITY\\\\SYSTEM"}}},"location":"EventChannel"}
{"timestamp":"2026-10-02T03:06:35.893+0000","rule":{"level":4,"description":"C:\\\\Windows\\\\SysWOW64\\\\SecEdit.exe binary in a suspicious location launched by C:\\\\Windows\\\\SysWOW64\\\\WindowsPowerShell\\\\v1.0\\\\powershell.exe","id":"92066","mitre":{"id":["T1059.001"],"tactic":["Execution"],"technique":["PowerShell"]},"firedtimes":6,"mail":false,"groups":["sysmon","sysmon_eid1_detections","windows"]},"agent":{"id":"001","name":"SOC-WIN10","ip":"192.168.50.20"},"manager":{"name":"soc-wazuh"},"id":"1790910395.136976","full_log":"{\"win\":{\"system\":{\"providerName\":\"Microsoft-Windows-Sysmon\",\"providerGuid\":\"{5770385f-c22a-43e0-bf4c-06f5698ffbd9}\",\"eventID\":\"1\",\"version\":\"5\",\"level\":\"4\",\"task\":\"1\",\"opcode\":\"0\",\"keywords\":\"0x8000000000000000\",\"systemTime\":\"2026-10-02T03:06:16.9064631Z\",\"eventRecordID\":\"11334\",\"processID\":\"2140\",\"threadID\":\"4056\",\"channel\":\"Microsoft-Windows-Sysmon/Operational\",\"computer\":\"WIN10-01.SOC-LAB.LOCAL\",\"severityValue\":\"INFORMATION\",\"message\":\"\\\"Process Create:\\r\\nRuleName: -\\r\\nUtcTime: 2026-10-02 03:06:16.902\\r\\nProcessGuid: {e12a69d9-1fa8-6abf-7500-000000001700}\\r\\nProcessId: 4244\\r\\nImage: C:\\\\Windows\\\\SysWOW64\\\\SecEdit.exe\\r\\nFileVersion: 10.0.19041.1 (WinBuild.160101.0800)\\r\\nDescription: Windows Security Configuration Editor Command Tool\\r\\nProduct: Microsoft® Windows® Operating System\\r\\nCompany: Microsoft Corporation\\r\\nOriginalFileName: SeCEdit\\r\\nCommandLine: \\\"C:\\\\Windows\\\\system32\\\\SecEdit.exe\\\" /export /cfg C:\\\\Windows\\\\TEMP\\\\secpol.cfg\\r\\nCurrentDirectory: C:\\\\Program Files (x86)\\\\ossec-agent\\\\\\r\\nUser: NT AUTHORITY\\\\SYSTEM\\r\\nLogonGuid: {e12a69d9-1f98-6abf-e703-000000000000}\\r\\nLogonId: 0x3E7\\r\\nTerminalSessionId: 0\\r\\nIntegrityLevel: System\\r\\nHashes: MD5=BFC13856291E4B804D33BBAEFC8CB3B5,SHA256=56CB815F0FDA92C4658296692E4F70DEE557137528482FE7A834296BFDB710C0,IMPHASH=615449A6A25801F47AE0D7578EB950B4\\r\\nParentProcessGuid: {e12a69d9-1fa8-6abf-7300-000000001700}\\r\\nParentProcessId: 3816\\r\\nParentImage: C:\\\\Windows\\\\SysWOW64\\\\WindowsPowerShell\\\\v1.0\\\\powershell.exe\\r\\nParentCommandLine: powershell secedit /export /cfg $env:TEMP\\\\secpol.cfg; Get-Content $env:TEMP\\\\secpol.cfg | Select-String \\\"LockoutDuration\\\"; Remove-Item $env:TEMP\\\\secpol.cfg\\r\\nParentUser: NT AUTHORITY\\\\SYSTEM\\\"\"},\"eventdata\":{\"utcTime\":\"2026-10-02 03:06:16.902\",\"processGuid\":\"{e12a69d9-1fa8-6abf-7500-000000001700}\",\"processId\":\"4244\",\"image\":\"C:\\\\\\\\Windows\\\\\\\\SysWOW64\\\\\\\\SecEdit.exe\",\"fileVersion\":\"10.0.19041.1 (WinBuild.160101.0800)\",\"description\":\"Windows Security Configuration Editor Command Tool\",\"product\":\"Microsoft® Windows® Operating System\",\"company\":\"Microsoft Corporation\",\"originalFileName\":\"SeCEdit\",\"commandLine\":\"\\\\\\\"C:\\\\\\\\Windows\\\\\\\\system32\\\\\\\\SecEdit.exe\\\\\\\" /export /cfg C:\\\\\\\\Windows\\\\\\\\TEMP\\\\\\\\secpol.cfg\",\"currentDirectory\":\"C:\\\\\\\\Program Files (x86)\\\\\\\\ossec-agent\\\\\\\\\",\"user\":\"NT AUTHORITY\\\\\\\\SYSTEM\",\"logonGuid\":\"{e12a69d9-1f98-6abf-e703-000000000000}\",\"logonId\":\"0x3e7\",\"terminalSessionId\":\"0\",\"integrityLevel\":\"System\",\"hashes\":\"MD5=BFC13856291E4B804D33BBAEFC8CB3B5,SHA256=56CB815F0FDA92C4658296692E4F70DEE557137528482FE7A834296BFDB710C0,IMPHASH=615449A6A25801F47AE0D7578EB950B4\",\"parentProcessGuid\":\"{e12a69d9-1fa8-6abf-7300-000000001700}\",\"parentProcessId\":\"3816\",\"parentImage\":\"C:\\\\\\\\Windows\\\\\\\\SysWOW64\\\\\\\\WindowsPowerShell\\\\\\\\v1.0\\\\\\\\powershell.exe\",\"parentCommandLine\":\"powershell secedit /export /cfg $env:TEMP\\\\\\\\secpol.cfg; Get-Content $env:TEMP\\\\\\\\secpol.cfg | Select-String \\\\\\\"LockoutDuration\\\\\\\"; Remove-Item $env:TEMP\\\\\\\\secpol.cfg\",\"parentUser\":\"NT AUTHORITY\\\\\\\\SYSTEM\"}}}","decoder":{"name":"windows_eventchannel"},"data":{"win":{"system":{"providerName":"Microsoft-Windows-Sysmon","providerGuid":"{5770385f-c22a-43e0-bf4c-06f5698ffbd9}","eventID":"1","version":"5","level":"4","task":"1","opcode":"0","keywords":"0x8000000000000000","systemTime":"2026-10-02T03:06:16.9064631Z","eventRecordID":"11334","processID":"2140","threadID":"4056","channel":"Microsoft-Windows-Sysmon/Operational","computer":"WIN10-01.SOC-LAB.LOCAL","severityValue":"INFORMATION","message":"\"Process Create:\r\nRuleName: -\r\nUtcTime: 2026-10-02 03:06:16.902\r\nProcessGuid: {e12a69d9-1fa8-6abf-7500-000000001700}\r\nProcessId: 4244\r\nImage: C:\\Windows\\SysWOW64\\SecEdit.exe\r\nFileVersion: 10.0.19041.1 (WinBuild.160101.0800)\r\nDescription: Windows Security Configuration Editor Command Tool\r\nProduct: Microsoft® Windows® Operating System\r\nCompany: Microsoft Corporation\r\nOriginalFileName: SeCEdit\r\nCommandLine: \"C:\\Windows\\system32\\SecEdit.exe\" /export /cfg C:\\Windows\\TEMP\\secpol.cfg\r\nCurrentDirectory: C:\\Program Files (x86)\\ossec-agent\\\r\nUser: NT AUTHORITY\\SYSTEM\r\nLogonGuid: {e12a69d9-1f98-6abf-e703-000000000000}\r\nLogonId: 0x3E7\r\nTerminalSessionId: 0\r\nIntegrityLevel: System\r\nHashes: MD5=BFC13856291E4B804D33BBAEFC8CB3B5,SHA256=56CB815F0FDA92C4658296692E4F70DEE557137528482FE7A834296BFDB710C0,IMPHASH=615449A6A25801F47AE0D7578EB950B4\r\nParentProcessGuid: {e12a69d9-1fa8-6abf-7300-000000001700}\r\nParentProcessId: 3816\r\nParentImage: C:\\Windows\\SysWOW64\\WindowsPowerShell\\v1.0\\powershell.exe\r\nParentCommandLine: powershell secedit /export /cfg $env:TEMP\\secpol.cfg; Get-Content $env:TEMP\\secpol.cfg | Select-String \"LockoutDuration\"; Remove-Item $env:TEMP\\secpol.cfg\r\nParentUser: NT AUTHORITY\\SYSTEM\""},"eventdata":{"utcTime":"2026-10-02 03:06:16.902","processGuid":"{e12a69d9-1fa8-6abf-7500-000000001700}","processId":"4244","image":"C:\\\\Windows\\\\SysWOW64\\\\SecEdit.exe","fileVersion":"10.0.19041.1 (WinBuild.160101.0800)","description":"Windows Security Configuration Editor Command Tool","product":"Microsoft® Windows® Operating System","company":"Microsoft Corporation","originalFileName":"SeCEdit","commandLine":"\\\"C:\\\\Windows\\\\system32\\\\SecEdit.exe\\\" /export /cfg C:\\\\Windows\\\\TEMP\\\\secpol.cfg","currentDirectory":"C:\\\\Program Files (x86)\\\\ossec-agent\\\\","user":"NT AUTHORITY\\\\SYSTEM","logonGuid":"{e12a69d9-1f98-6abf-e703-000000000000}","logonId":"0x3e7","terminalSessionId":"0","integrityLevel":"System","hashes":"MD5=BFC13856291E4B804D33BBAEFC8CB3B5,SHA256=56CB815F0FDA92C4658296692E4F70DEE557137528482FE7A834296BFDB710C0,IMPHASH=615449A6A25801F47AE0D7578EB950B4","parentProcessGuid":"{e12a69d9-1fa8-6abf-7300-000000001700}","parentProcessId":"3816","parentImage":"C:\\\\Windows\\\\SysWOW64\\\\WindowsPowerShell\\\\v1.0\\\\powershell.exe","parentCommandLine":"powershell secedit /export /cfg $env:TEMP\\\\secpol.cfg; Get-Content $env:TEMP\\\\secpol.cfg | Select-String \\\"LockoutDuration\\\"; Remove-Item $env:TEMP\\\\secpol.cfg","parentUser":"NT AUTHORITY\\\\SYSTEM"}}},"location":"EventChannel"}
{"timestamp":"2026-10-02T03:06:35.901+0000","rule":{"level":3,"description":"Powershell was used to delete files or directories","id":"92021","mitre":{"id":["T1070.004"],"tactic":["Defense Evasion"],"technique":["File Deletion"]},"firedtimes":7,"mail":false,"groups":["sysmon","sysmon_eid1_detections","windows"]},"agent":{"id":"001","name":"SOC-WIN10","ip":"192.168.50.20"},"manager":{"name":"soc-wazuh"},"id":"1790910395.136976","full_log":"{\"win\":{\"system\":{\"providerName\":\"Microsoft-Windows-Sysmon\",\"providerGuid\":\"{5770385f-c22a-43e0-bf4c-06f5698ffbd9}\",\"eventID\":\"1\",\"version\":\"5\",\"level\":\"4\",\"task\":\"1\",\"opcode\":\"0\",\"keywords\":\"0x8000000000000000\",\"systemTime\":\"2026-10-02T03:06:17.4104498Z\",\"eventRecordID\":\"11335\",\"processID\":\"2140\",\"threadID\":\"4056\",\"channel\":\"Microsoft-Windows-Sysmon/Operational\",\"computer\":\"WIN10-01.SOC-LAB.LOCAL\",\"severityValue\":\"INFORMATION\",\"message\":\"\\\"Process Create:\\r\\nRuleName: -\\r\\nUtcTime: 2026-10-02 03:06:17.400\\r\\nProcessGuid: {e12a69d9-1fa9-6abf-7600-000000001700}\\r\\nProcessId: 4292\\r\\nImage: C:\\\\Windows\\\\SysWOW64\\\\WindowsPowerShell\\\\v1.0\\\\powershell.exe\\r\\nFileVersion: 10.0.19041.3996 (WinBuild.160101.0800)\\r\\nDescription: Windows PowerShell\\r\\nProduct: Microsoft® Windows® Operating System\\r\\nCompany: Microsoft Corporation\\r\\nOriginalFileName: PowerShell.EXE\\r\\nCommandLine: powershell secedit /export /cfg $env:TEMP\\\\secpol.cfg; Get-Content $env:TEMP\\\\secpol.cfg | Select-String \\\"LockoutBadCount\\\"; Remove-Item $env:TEMP\\\\secpol.cfg\\r\\nCurrentDirectory: C:\\\\Program Files (x86)\\\\ossec-agent\\\\\\r\\nUser: NT AUTHORITY\\\\SYSTEM\\r\\nLogonGuid: {e12a69d9-1f98-6abf-e703-000000000000}\\r\\nLogonId: 0x3E7\\r\\nTerminalSessionId: 0\\r\\nIntegrityLevel: System\\r\\nHashes: MD5=6BB54B2D7A3D63578559239A79700EA3,SHA256=870EDA04EA71CC066EC907F005E1D05CE592F04799C60E600E2CB986DC85B5EB,IMPHASH=82E387AE778A57C7A6473B5554B4184E\\r\\nParentProcessGuid: {e12a69d9-1f99-6abf-2a00-000000001700}\\r\\nParentProcessId: 2124\\r\\nParentImage: C:\\\\Program Files (x86)\\\\ossec-agent\\\\wazuh-agent.exe\\r\\nParentCommandLine: \\\"C:\\\\Program Files (x86)\\\\ossec-agent\\\\wazuh-agent.exe\\\"\\r\\nParentUser: NT AUTHORITY\\\\SYSTEM\\\"\"},\"eventdata\":{\"utcTime\":\"2026-10-02 03:06:17.400\",\"processGuid\":\"{e12a69d9-1fa9-6abf-7600-000000001700}\",\"processId\":\"4292\",\"image\":\"C:\\\\\\\\Windows\\\\\\\\SysWOW64\\\\\\\\WindowsPowerShell\\\\\\\\v1.0\\\\\\\\powershell.exe\",\"fileVersion\":\"10.0.19041.3996 (WinBuild.160101.0800)\",\"description\":\"Windows PowerShell\",\"product\":\"Microsoft® Windows® Operating System\",\"company\":\"Microsoft Corporation\",\"originalFileName\":\"PowerShell.EXE\",\"commandLine\":\"powershell secedit /export /cfg $env:TEMP\\\\\\\\secpol.cfg; Get-Content $env:TEMP\\\\\\\\secpol.cfg | Select-String \\\\\\\"LockoutBadCount\\\\\\\"; Remove-Item $env:TEMP\\\\\\\\secpol.cfg\",\"currentDirectory\":\"C:\\\\\\\\Program Files (x86)\\\\\\\\ossec-agent\\\\\\\\\",\"user\":\"NT AUTHORITY\\\\\\\\SYSTEM\",\"logonGuid\":\"{e12a69d9-1f98-6abf-e703-000000000000}\",\"logonId\":\"0x3e7\",\"terminalSessionId\":\"0\",\"integrityLevel\":\"System\",\"hashes\":\"MD5=6BB54B2D7A3D63578559239A79700EA3,SHA256=870EDA04EA71CC066EC907F005E1D05CE592F04799C60E600E2CB986DC85B5EB,IMPHASH=82E387AE778A57C7A6473B5554B4184E\",\"parentProcessGuid\":\"{e12a69d9-1f99-6abf-2a00-000000001700}\",\"parentProcessId\":\"2124\",\"parentImage\":\"C:\\\\\\\\Program Files (x86)\\\\\\\\ossec-agent\\\\\\\\wazuh-agent.exe\",\"parentCommandLine\":\"\\\\\\\"C:\\\\\\\\Program Files (x86)\\\\\\\\ossec-agent\\\\\\\\wazuh-agent.exe\\\\\\\"\",\"parentUser\":\"NT AUTHORITY\\\\\\\\SYSTEM\"}}}","decoder":{"name":"windows_eventchannel"},"data":{"win":{"system":{"providerName":"Microsoft-Windows-Sysmon","providerGuid":"{5770385f-c22a-43e0-bf4c-06f5698ffbd9}","eventID":"1","version":"5","level":"4","task":"1","opcode":"0","keywords":"0x8000000000000000","systemTime":"2026-10-02T03:06:17.4104498Z","eventRecordID":"11335","processID":"2140","threadID":"4056","channel":"Microsoft-Windows-Sysmon/Operational","computer":"WIN10-01.SOC-LAB.LOCAL","severityValue":"INFORMATION","message":"\"Process Create:\r\nRuleName: -\r\nUtcTime: 2026-10-02 03:06:17.400\r\nProcessGuid: {e12a69d9-1fa9-6abf-7600-000000001700}\r\nProcessId: 4292\r\nImage: C:\\Windows\\SysWOW64\\WindowsPowerShell\\v1.0\\powershell.exe\r\nFileVersion: 10.0.19041.3996 (WinBuild.160101.0800)\r\nDescription: Windows PowerShell\r\nProduct: Microsoft® Windows® Operating System\r\nCompany: Microsoft Corporation\r\nOriginalFileName: PowerShell.EXE\r\nCommandLine: powershell secedit /export /cfg $env:TEMP\\secpol.cfg; Get-Content $env:TEMP\\secpol.cfg | Select-String \"LockoutBadCount\"; Remove-Item $env:TEMP\\secpol.cfg\r\nCurrentDirectory: C:\\Program Files (x86)\\ossec-agent\\\r\nUser: NT AUTHORITY\\SYSTEM\r\nLogonGuid: {e12a69d9-1f98-6abf-e703-000000000000}\r\nLogonId: 0x3E7\r\nTerminalSessionId: 0\r\nIntegrityLevel: System\r\nHashes: MD5=6BB54B2D7A3D63578559239A79700EA3,SHA256=870EDA04EA71CC066EC907F005E1D05CE592F04799C60E600E2CB986DC85B5EB,IMPHASH=82E387AE778A57C7A6473B5554B4184E\r\nParentProcessGuid: {e12a69d9-1f99-6abf-2a00-000000001700}\r\nParentProcessId: 2124\r\nParentImage: C:\\Program Files (x86)\\ossec-agent\\wazuh-agent.exe\r\nParentCommandLine: \"C:\\Program Files (x86)\\ossec-agent\\wazuh-agent.exe\"\r\nParentUser: NT AUTHORITY\\SYSTEM\""},"eventdata":{"utcTime":"2026-10-02 03:06:17.400","processGuid":"{e12a69d9-1fa9-6abf-7600-000000001700}","processId":"4292","image":"C:\\\\Windows\\\\SysWOW64\\\\WindowsPowerShell\\\\v1.0\\\\powershell.exe","fileVersion":"10.0.19041.3996 (WinBuild.160101.0800)","description":"Windows PowerShell","product":"Microsoft® Windows® Operating System","company":"Microsoft Corporation","originalFileName":"PowerShell.EXE","commandLine":"powershell secedit /export /cfg $env:TEMP\\\\secpol.cfg; Get-Content $env:TEMP\\\\secpol.cfg | Select-String \\\"LockoutBadCount\\\"; Remove-Item $env:TEMP\\\\secpol.cfg","currentDirectory":"C:\\\\Program Files (x86)\\\\ossec-agent\\\\","user":"NT AUTHORITY\\\\SYSTEM","logonGuid":"{e12a69d9-1f98-6abf-e703-000000000000}","logonId":"0x3e7","terminalSessionId":"0","integrityLevel":"System","hashes":"MD5=6BB54B2D7A3D63578559239A79700EA3,SHA256=870EDA04EA71CC066EC907F005E1D05CE592F04799C60E600E2CB986DC85B5EB,IMPHASH=82E387AE778A57C7A6473B5554B4184E","parentProcessGuid":"{e12a69d9-1f99-6abf-2a00-000000001700}","parentProcessId":"2124","parentImage":"C:\\\\Program Files (x86)\\\\ossec-agent\\\\wazuh-agent.exe","parentCommandLine":"\\\"C:\\\\Program Files (x86)\\\\ossec-agent\\\\wazuh-agent.exe\\\"","parentUser":"NT AUTHORITY\\\\SYSTEM"}}},"location":"EventChannel"}
{"timestamp":"2026-10-02T03:06:35.911+0000","rule":{"level":9,"description":"Powershell process created an executable file in Windows root folder","id":"92205","mitre":{"id":["T1105"],"tactic":["Command and Control"],"technique":["Ingress Tool Transfer"]},"firedtimes":7,"mail":false,"groups":["sysmon","sysmon_eid11_detections","windows"]},"agent":{"id":"001","name":"SOC-WIN10","ip":"192.168.50.20"},"manager":{"name":"soc-wazuh"},"id":"1790910395.149892","full_log":"{\"win\":{\"system\":{\"providerName\":\"Microsoft-Windows-Sysmon\",\"providerGuid\":\"{5770385f-c22a-43e0-bf4c-06f5698ffbd9}\",\"eventID\":\"11\",\"version\":\"2\",\"level\":\"4\",\"task\":\"11\",\"opcode\":\"0\",\"keywords\":\"0x8000000000000000\",\"systemTime\":\"2026-10-02T03:06:17.5394570Z\",\"eventRecordID\":\"11336\",\"processID\":\"2140\",\"threadID\":\"4056\",\"channel\":\"Microsoft-Windows-Sysmon/Operational\",\"computer\":\"WIN10-01.SOC-LAB.LOCAL\",\"severityValue\":\"INFORMATION\",\"message\":\"\\\"File created:\\r\\nRuleName: -\\r\\nUtcTime: 2026-10-02 03:06:17.535\\r\\nProcessGuid: {e12a69d9-1fa9-6abf-7600-000000001700}\\r\\nProcessId: 4292\\r\\nImage: C:\\\\Windows\\\\SysWOW64\\\\WindowsPowerShell\\\\v1.0\\\\powershell.exe\\r\\nTargetFilename: C:\\\\Windows\\\\SystemTemp\\\\__PSScriptPolicyTest_bftbqvhr.1ev.ps1\\r\\nCreationUtcTime: 2026-10-02 03:06:17.535\\r\\nUser: NT AUTHORITY\\\\SYSTEM\\\"\"},\"eventdata\":{\"utcTime\":\"2026-10-02 03:06:17.535\",\"processGuid\":\"{e12a69d9-1fa9-6abf-7600-000000001700}\",\"processId\":\"4292\",\"image\":\"C:\\\\\\\\Windows\\\\\\\\SysWOW64\\\\\\\\WindowsPowerShell\\\\\\\\v1.0\\\\\\\\powershell.exe\",\"targetFilename\":\"C:\\\\\\\\Windows\\\\\\\\SystemTemp\\\\\\\\__PSScriptPolicyTest_bftbqvhr.1ev.ps1\",\"creationUtcTime\":\"2026-10-02 03:06:17.535\",\"user\":\"NT AUTHORITY\\\\\\\\SYSTEM\"}}}","decoder":{"name":"windows_eventchannel"},"data":{"win":{"system":{"providerName":"Microsoft-Windows-Sysmon","providerGuid":"{5770385f-c22a-43e0-bf4c-06f5698ffbd9}","eventID":"11","version":"2","level":"4","task":"11","opcode":"0","keywords":"0x8000000000000000","systemTime":"2026-10-02T03:06:17.5394570Z","eventRecordID":"11336","processID":"2140","threadID":"4056","channel":"Microsoft-Windows-Sysmon/Operational","computer":"WIN10-01.SOC-LAB.LOCAL","severityValue":"INFORMATION","message":"\"File created:\r\nRuleName: -\r\nUtcTime: 2026-10-02 03:06:17.535\r\nProcessGuid: {e12a69d9-1fa9-6abf-7600-000000001700}\r\nProcessId: 4292\r\nImage: C:\\Windows\\SysWOW64\\WindowsPowerShell\\v1.0\\powershell.exe\r\nTargetFilename: C:\\Windows\\SystemTemp\\__PSScriptPolicyTest_bftbqvhr.1ev.ps1\r\nCreationUtcTime: 2026-10-02 03:06:17.535\r\nUser: NT AUTHORITY\\SYSTEM\""},"eventdata":{"utcTime":"2026-10-02 03:06:17.535","processGuid":"{e12a69d9-1fa9-6abf-7600-000000001700}","processId":"4292","image":"C:\\\\Windows\\\\SysWOW64\\\\WindowsPowerShell\\\\v1.0\\\\powershell.exe","targetFilename":"C:\\\\Windows\\\\SystemTemp\\\\__PSScriptPolicyTest_bftbqvhr.1ev.ps1","creationUtcTime":"2026-10-02 03:06:17.535","user":"NT AUTHORITY\\\\SYSTEM"}}},"location":"EventChannel"}
{"timestamp":"2026-10-02T03:06:35.926+0000","rule":{"level":4,"description":"C:\\\\Windows\\\\SysWOW64\\\\SecEdit.exe binary in a suspicious location launched by C:\\\\Windows\\\\SysWOW64\\\\WindowsPowerShell\\\\v1.0\\\\powershell.exe","id":"92066","mitre":{"id":["T1059.001"],"tactic":["Execution"],"technique":["PowerShell"]},"firedtimes":7,"mail":false,"groups":["sysmon","sysmon_eid1_detections","windows"]},"agent":{"id":"001","name":"SOC-WIN10","ip":"192.168.50.20"},"manager":{"name":"soc-wazuh"},"id":"1790910395.152619","full_log":"{\"win\":{\"system\":{\"providerName\":\"Microsoft-Windows-Sysmon\",\"providerGuid\":\"{5770385f-c22a-43e0-bf4c-06f5698ffbd9}\",\"eventID\":\"1\",\"version\":\"5\",\"level\":\"4\",\"task\":\"1\",\"opcode\":\"0\",\"keywords\":\"0x8000000000000000\",\"systemTime\":\"2026-10-02T03:06:17.9946347Z\",\"eventRecordID\":\"11337\",\"processID\":\"2140\",\"threadID\":\"4056\",\"channel\":\"Microsoft-Windows-Sysmon/Operational\",\"computer\":\"WIN10-01.SOC-LAB.LOCAL\",\"severityValue\":\"INFORMATION\",\"message\":\"\\\"Process Create:\\r\\nRuleName: -\\r\\nUtcTime: 2026-10-02 03:06:17.990\\r\\nProcessGuid: {e12a69d9-1fa9-6abf-7800-000000001700}\\r\\nProcessId: 4420\\r\\nImage: C:\\\\Windows\\\\SysWOW64\\\\SecEdit.exe\\r\\nFileVersion: 10.0.19041.1 (WinBuild.160101.0800)\\r\\nDescription: Windows Security Configuration Editor Command Tool\\r\\nProduct: Microsoft® Windows® Operating System\\r\\nCompany: Microsoft Corporation\\r\\nOriginalFileName: SeCEdit\\r\\nCommandLine: \\\"C:\\\\Windows\\\\system32\\\\SecEdit.exe\\\" /export /cfg C:\\\\Windows\\\\TEMP\\\\secpol.cfg\\r\\nCurrentDirectory: C:\\\\Program Files (x86)\\\\ossec-agent\\\\\\r\\nUser: NT AUTHORITY\\\\SYSTEM\\r\\nLogonGuid: {e12a69d9-1f98-6abf-e703-000000000000}\\r\\nLogonId: 0x3E7\\r\\nTerminalSessionId: 0\\r\\nIntegrityLevel: System\\r\\nHashes: MD5=BFC13856291E4B804D33BBAEFC8CB3B5,SHA256=56CB815F0FDA92C4658296692E4F70DEE557137528482FE7A834296BFDB710C0,IMPHASH=615449A6A25801F47AE0D7578EB950B4\\r\\nParentProcessGuid: {e12a69d9-1fa9-6abf-7600-000000001700}\\r\\nParentProcessId: 4292\\r\\nParentImage: C:\\\\Windows\\\\SysWOW64\\\\WindowsPowerShell\\\\v1.0\\\\powershell.exe\\r\\nParentCommandLine: powershell secedit /export /cfg $env:TEMP\\\\secpol.cfg; Get-Content $env:TEMP\\\\secpol.cfg | Select-String \\\"LockoutBadCount\\\"; Remove-Item $env:TEMP\\\\secpol.cfg\\r\\nParentUser: NT AUTHORITY\\\\SYSTEM\\\"\"},\"eventdata\":{\"utcTime\":\"2026-10-02 03:06:17.990\",\"processGuid\":\"{e12a69d9-1fa9-6abf-7800-000000001700}\",\"processId\":\"4420\",\"image\":\"C:\\\\\\\\Windows\\\\\\\\SysWOW64\\\\\\\\SecEdit.exe\",\"fileVersion\":\"10.0.19041.1 (WinBuild.160101.0800)\",\"description\":\"Windows Security Configuration Editor Command Tool\",\"product\":\"Microsoft® Windows® Operating System\",\"company\":\"Microsoft Corporation\",\"originalFileName\":\"SeCEdit\",\"commandLine\":\"\\\\\\\"C:\\\\\\\\Windows\\\\\\\\system32\\\\\\\\SecEdit.exe\\\\\\\" /export /cfg C:\\\\\\\\Windows\\\\\\\\TEMP\\\\\\\\secpol.cfg\",\"currentDirectory\":\"C:\\\\\\\\Program Files (x86)\\\\\\\\ossec-agent\\\\\\\\\",\"user\":\"NT AUTHORITY\\\\\\\\SYSTEM\",\"logonGuid\":\"{e12a69d9-1f98-6abf-e703-000000000000}\",\"logonId\":\"0x3e7\",\"terminalSessionId\":\"0\",\"integrityLevel\":\"System\",\"hashes\":\"MD5=BFC13856291E4B804D33BBAEFC8CB3B5,SHA256=56CB815F0FDA92C4658296692E4F70DEE557137528482FE7A834296BFDB710C0,IMPHASH=615449A6A25801F47AE0D7578EB950B4\",\"parentProcessGuid\":\"{e12a69d9-1fa9-6abf-7600-000000001700}\",\"parentProcessId\":\"4292\",\"parentImage\":\"C:\\\\\\\\Windows\\\\\\\\SysWOW64\\\\\\\\WindowsPowerShell\\\\\\\\v1.0\\\\\\\\powershell.exe\",\"parentCommandLine\":\"powershell secedit /export /cfg $env:TEMP\\\\\\\\secpol.cfg; Get-Content $env:TEMP\\\\\\\\secpol.cfg | Select-String \\\\\\\"LockoutBadCount\\\\\\\"; Remove-Item $env:TEMP\\\\\\\\secpol.cfg\",\"parentUser\":\"NT AUTHORITY\\\\\\\\SYSTEM\"}}}","decoder":{"name":"windows_eventchannel"},"data":{"win":{"system":{"providerName":"Microsoft-Windows-Sysmon","providerGuid":"{5770385f-c22a-43e0-bf4c-06f5698ffbd9}","eventID":"1","version":"5","level":"4","task":"1","opcode":"0","keywords":"0x8000000000000000","systemTime":"2026-10-02T03:06:17.9946347Z","eventRecordID":"11337","processID":"2140","threadID":"4056","channel":"Microsoft-Windows-Sysmon/Operational","computer":"WIN10-01.SOC-LAB.LOCAL","severityValue":"INFORMATION","message":"\"Process Create:\r\nRuleName: -\r\nUtcTime: 2026-10-02 03:06:17.990\r\nProcessGuid: {e12a69d9-1fa9-6abf-7800-000000001700}\r\nProcessId: 4420\r\nImage: C:\\Windows\\SysWOW64\\SecEdit.exe\r\nFileVersion: 10.0.19041.1 (WinBuild.160101.0800)\r\nDescription: Windows Security Configuration Editor Command Tool\r\nProduct: Microsoft® Windows® Operating System\r\nCompany: Microsoft Corporation\r\nOriginalFileName: SeCEdit\r\nCommandLine: \"C:\\Windows\\system32\\SecEdit.exe\" /export /cfg C:\\Windows\\TEMP\\secpol.cfg\r\nCurrentDirectory: C:\\Program Files (x86)\\ossec-agent\\\r\nUser: NT AUTHORITY\\SYSTEM\r\nLogonGuid: {e12a69d9-1f98-6abf-e703-000000000000}\r\nLogonId: 0x3E7\r\nTerminalSessionId: 0\r\nIntegrityLevel: System\r\nHashes: MD5=BFC13856291E4B804D33BBAEFC8CB3B5,SHA256=56CB815F0FDA92C4658296692E4F70DEE557137528482FE7A834296BFDB710C0,IMPHASH=615449A6A25801F47AE0D7578EB950B4\r\nParentProcessGuid: {e12a69d9-1fa9-6abf-7600-000000001700}\r\nParentProcessId: 4292\r\nParentImage: C:\\Windows\\SysWOW64\\WindowsPowerShell\\v1.0\\powershell.exe\r\nParentCommandLine: powershell secedit /export /cfg $env:TEMP\\secpol.cfg; Get-Content $env:TEMP\\secpol.cfg | Select-String \"LockoutBadCount\"; Remove-Item $env:TEMP\\secpol.cfg\r\nParentUser: NT AUTHORITY\\SYSTEM\""},"eventdata":{"utcTime":"2026-10-02 03:06:17.990","processGuid":"{e12a69d9-1fa9-6abf-7800-000000001700}","processId":"4420","image":"C:\\\\Windows\\\\SysWOW64\\\\SecEdit.exe","fileVersion":"10.0.19041.1 (WinBuild.160101.0800)","description":"Windows Security Configuration Editor Command Tool","product":"Microsoft® Windows® Operating System","company":"Microsoft Corporation","originalFileName":"SeCEdit","commandLine":"\\\"C:\\\\Windows\\\\system32\\\\SecEdit.exe\\\" /export /cfg C:\\\\Windows\\\\TEMP\\\\secpol.cfg","currentDirectory":"C:\\\\Program Files (x86)\\\\ossec-agent\\\\","user":"NT AUTHORITY\\\\SYSTEM","logonGuid":"{e12a69d9-1f98-6abf-e703-000000000000}","logonId":"0x3e7","terminalSessionId":"0","integrityLevel":"System","hashes":"MD5=BFC13856291E4B804D33BBAEFC8CB3B5,SHA256=56CB815F0FDA92C4658296692E4F70DEE557137528482FE7A834296BFDB710C0,IMPHASH=615449A6A25801F47AE0D7578EB950B4","parentProcessGuid":"{e12a69d9-1fa9-6abf-7600-000000001700}","parentProcessId":"4292","parentImage":"C:\\\\Windows\\\\SysWOW64\\\\WindowsPowerShell\\\\v1.0\\\\powershell.exe","parentCommandLine":"powershell secedit /export /cfg $env:TEMP\\\\secpol.cfg; Get-Content $env:TEMP\\\\secpol.cfg | Select-String \\\"LockoutBadCount\\\"; Remove-Item $env:TEMP\\\\secpol.cfg","parentUser":"NT AUTHORITY\\\\SYSTEM"}}},"location":"EventChannel"}
