{"timestamp":"2026-10-02T03:06:32.875+0000","agent":{"id":"001","name":"SOC-WIN10","ip":"192.168.50.20"},"manager":{"name":"soc-wazuh"},"id":"1790910392.42705","full_log":"{\"win\":{\"system\":{\"providerName\":\"Microsoft-Windows-Sysmon\",\"providerGuid\":\"{5770385f-c22a-43e0-bf4c-06f5698ffbd9}\",\"eventID\":\"1\",\"version\":\"5\",\"level\":\"4\",\"task\":\"1\",\"opcode\":\"0\",\"keywords\":\"0x8000000000000000\",\"systemTime\":\"2026-10-02T03:06:05.7100034Z\",\"eventRecordID\":\"11239\",\"processID\":\"2140\",\"threadID\":\"4056\",\"channel\":\"Microsoft-Windows-Sysmon/Operational\",\"computer\":\"WIN10-01.SOC-LAB.LOCAL\",\"severityValue\":\"INFORMATION\",\"message\":\"\\\"Process Create:\\r\\nRuleName: -\\r\\nUtcTime: 2026-10-02 03:06:01.659\\r\\nProcessGuid: {e12a69d9-1f99-6abf-2500-000000001700}\\r\\nProcessId: 2040\\r\\nImage: C:\\\\Windows\\\\System32\\\\svchost.exe\\r\\nFileVersion: 10.0.19041.5794 (WinBuild.160101.0800)\\r\\nDescription: Host Process for Windows Services\\r\\nProduct: Microsoft® Windows® Operating System\\r\\nCompany: Microsoft Corporation\\r\\nOriginalFileName: svchost.exe\\r\\nCommandLine: C:\\\\Windows\\\\System32\\\\svchost.exe -k utcsvc -p\\r\\nCurrentDirectory: C:\\\\Windows\\\\system32\\\\\\r\\nUser: NT AUTHORITY\\\\SYSTEM\\r\\nLogonGuid: {e12a69d9-1f98-6abf-e703-000000000000}\\r\\nLogonId: 0x3E7\\r\\nTerminalSessionId: 0\\r\\nIntegrityLevel: System\\r\\nHashes: MD5=3D1034D6ED3DAED60816A25C561E8C83,SHA256=B0B36BFF7AE4057F687D839CD4B3D81159AB646F1EE1B22106A927E93DECBB61,IMPHASH=F9BBD96FAE53B7A31264A703CAFA0666\\r\\nParentProcessGuid: {e12a69d9-1f98-6abf-0b00-000000001700}\\r\\nParentProcessId: 684\\r\\nParentImage: C:\\\\Windows\\\\System32\\\\services.exe\\r\\nParentCommandLine: C:\\\\Windows\\\\system32\\\\services.exe\\r\\nParentUser: NT AUTHORITY\\\\SYSTEM\\\"\"},\"eventdata\":{\"utcTime\":\"2026-10-02 03:06:01.659\",\"processGuid\":\"{e12a69d9-1f99-6abf-2500-000000001700}\",\"processId\":\"2040\",\"image\":\"C:\\\\\\\\Windows\\\\\\\\System32\\\\\\\\svchost.exe\",\"fileVersion\":\"10.0.19041.5794 (WinBuild.160101.0800)\",\"description\":\"Host Process for Windows Services\",\"product\":\"Microsoft® Windows® Operating System\",\"company\":\"Microsoft Corporation\",\"originalFileName\":\"svchost.exe\",\"commandLine\":\"C:\\\\\\\\Windows\\\\\\\\System32\\\\\\\\svchost.exe -k utcsvc -p\",\"currentDirectory\":\"C:\\\\\\\\Windows\\\\\\\\system32\\\\\\\\\",\"user\":\"NT AUTHORITY\\\\\\\\SYSTEM\",\"logonGuid\":\"{e12a69d9-1f98-6abf-e703-000000000000}\",\"logonId\":\"0x3e7\",\"terminalSessionId\":\"0\",\"integrityLevel\":\"System\",\"hashes\":\"MD5=3D1034D6ED3DAED60816A25C561E8C83,SHA256=B0B36BFF7AE4057F687D839CD4B3D81159AB646F1EE1B22106A927E93DECBB61,IMPHASH=F9BBD96FAE53B7A31264A703CAFA0666\",\"parentProcessGuid\":\"{e12a69d9-1f98-6abf-0b00-000000001700}\",\"parentProcessId\":\"684\",\"parentImage\":\"C:\\\\\\\\Windows\\\\\\\\System32\\\\\\\\services.exe\",\"parentCommandLine\":\"C:\\\\\\\\Windows\\\\\\\\system32\\\\\\\\services.exe\",\"parentUser\":\"NT AUTHORITY\\\\\\\\SYSTEM\"}}}","decoder":{"name":"windows_eventchannel"},"data":{"win":{"system":{"providerName":"Microsoft-Windows-Sysmon","providerGuid":"{5770385f-c22a-43e0-bf4c-06f5698ffbd9}","eventID":"1","version":"5","level":"4","task":"1","opcode":"0","keywords":"0x8000000000000000","systemTime":"2026-10-02T03:06:05.7100034Z","eventRecordID":"11239","processID":"2140","threadID":"4056","channel":"Microsoft-Windows-Sysmon/Operational","computer":"WIN10-01.SOC-LAB.LOCAL","severityValue":"INFORMATION","message":"\"Process Create:\r\nRuleName: -\r\nUtcTime: 2026-10-02 03:06:01.659\r\nProcessGuid: {e12a69d9-1f99-6abf-2500-000000001700}\r\nProcessId: 2040\r\nImage: C:\\Windows\\System32\\svchost.exe\r\nFileVersion: 10.0.19041.5794 (WinBuild.160101.0800)\r\nDescription: Host Process for Windows Services\r\nProduct: Microsoft® Windows® Operating System\r\nCompany: Microsoft Corporation\r\nOriginalFileName: svchost.exe\r\nCommandLine: C:\\Windows\\System32\\svchost.exe -k utcsvc -p\r\nCurrentDirectory: C:\\Windows\\system32\\\r\nUser: NT AUTHORITY\\SYSTEM\r\nLogonGuid: {e12a69d9-1f98-6abf-e703-000000000000}\r\nLogonId: 0x3E7\r\nTerminalSessionId: 0\r\nIntegrityLevel: System\r\nHashes: MD5=3D1034D6ED3DAED60816A25C561E8C83,SHA256=B0B36BFF7AE4057F687D839CD4B3D81159AB646F1EE1B22106A927E93DECBB61,IMPHASH=F9BBD96FAE53B7A31264A703CAFA0666\r\nParentProcessGuid: {e12a69d9-1f98-6abf-0b00-000000001700}\r\nParentProcessId: 684\r\nParentImage: C:\\Windows\\System32\\services.exe\r\nParentCommandLine: C:\\Windows\\system32\\services.exe\r\nParentUser: NT AUTHORITY\\SYSTEM\""},"eventdata":{"utcTime":"2026-10-02 03:06:01.659","processGuid":"{e12a69d9-1f99-6abf-2500-000000001700}","processId":"2040","image":"C:\\\\Windows\\\\System32\\\\svchost.exe","fileVersion":"10.0.19041.5794 (WinBuild.160101.0800)","description":"Host Process for Windows Services","product":"Microsoft® Windows® Operating System","company":"Microsoft Corporation","originalFileName":"svchost.exe","commandLine":"C:\\\\Windows\\\\System32\\\\svchost.exe -k utcsvc -p","currentDirectory":"C:\\\\Windows\\\\system32\\\\","user":"NT AUTHORITY\\\\SYSTEM","logonGuid":"{e12a69d9-1f98-6abf-e703-000000000000}","logonId":"0x3e7","terminalSessionId":"0","integrityLevel":"System","hashes":"MD5=3D1034D6ED3DAED60816A25C561E8C83,SHA256=B0B36BFF7AE4057F687D839CD4B3D81159AB646F1EE1B22106A927E93DECBB61,IMPHASH=F9BBD96FAE53B7A31264A703CAFA0666","parentProcessGuid":"{e12a69d9-1f98-6abf-0b00-000000001700}","parentProcessId":"684","parentImage":"C:\\\\Windows\\\\System32\\\\services.exe","parentCommandLine":"C:\\\\Windows\\\\system32\\\\services.exe","parentUser":"NT AUTHORITY\\\\SYSTEM"}}},"location":"EventChannel"}
{"timestamp":"2026-10-02T03:06:32.892+0000","agent":{"id":"001","name":"SOC-WIN10","ip":"192.168.50.20"},"manager":{"name":"soc-wazuh"},"id":"1790910392.42705","full_log":"{\"win\":{\"system\":{\"providerName\":\"Microsoft-Windows-Sysmon\",\"providerGuid\":\"{5770385f-c22a-43e0-bf4c-06f5698ffbd9}\",\"eventID\":\"1\",\"version\":\"5\",\"level\":\"4\",\"task\":\"1\",\"opcode\":\"0\",\"keywords\":\"0x8000000000000000\",\"systemTime\":\"2026-10-02T03:06:05.7103898Z\",\"eventRecordID\":\"11240\",\"processID\":\"2140\",\"threadID\":\"4056\",\"channel\":\"Microsoft-Windows-Sysmon/Operational\",\"computer\":\"WIN10-01.SOC-LAB.LOCAL\",\"severityValue\":\"INFORMATION\",\"message\":\"\\\"Process Create:\\r\\nRuleName: -\\r\\nUtcTime: 2026-10-02 03:06:01.684\\r\\nProcessGuid: {e12a69d9-1f99-6abf-2600-000000001700}\\r\\nProcessId: 1380\\r\\nImage: C:\\\\ProgramData\\\\Microsoft\\\\Windows Defender\\\\Platform\\\\4.18.26080.4-0\\\\MpDefenderCoreService.exe\\r\\nFileVersion: 4.18.26080.4 (ccacee407da609d5c2c557d13db39624e32a0227)\\r\\nDescription: Antimalware Core Service\\r\\nProduct: Microsoft® Windows® Operating System\\r\\nCompany: Microsoft Corporation\\r\\nOriginalFileName: MpDefenderCoreService.exe\\r\\nCommandLine: \\\"C:\\\\ProgramData\\\\Microsoft\\\\Windows Defender\\\\platform\\\\4.18.26080.4-0\\\\MpDefenderCoreService.exe\\\"\\r\\nCurrentDirectory: C:\\\\Windows\\\\system32\\\\\\r\\nUser: NT AUTHORITY\\\\SYSTEM\\r\\nLogonGuid: {e12a69d9-1f98-6abf-e703-000000000000}\\r\\nLogonId: 0x3E7\\r\\nTerminalSessionId: 0\\r\\nIntegrityLevel: System\\r\\nHashes: MD5=7748DBD9A1BB2B984DCE44C5652260DD,SHA256=E185FE0598E3B23FA5B4A76B06E1983609857537849CB1ECEF2F408BF41F06F6,IMPHASH=41531E9CF12033627493AC8D52432323\\r\\nParentProcessGuid: {e12a69d9-1f98-6abf-0b00-000000001700}\\r\\nParentProcessId: 684\\r\\nParentImage: C:\\\\Windows\\\\System32\\\\services.exe\\r\\nParentCommandLine: C:\\\\Windows\\\\system32\\\\services.exe\\r\\nParentUser: NT AUTHORITY\\\\SYSTEM\\\"\"},\"eventdata\":{\"utcTime\":\"2026-10-02 03:06:01.684\",\"processGuid\":\"{e12a69d9-1f99-6abf-2600-000000001700}\",\"processId\":\"1380\",\"image\":\"C:\\\\\\\\ProgramData\\\\\\\\Microsoft\\\\\\\\Windows Defender\\\\\\\\Platform\\\\\\\\4.18.26080.4-0\\\\\\\\MpDefenderCoreService.exe\",\"fileVersion\":\"4.18.26080.4 (ccacee407da609d5c2c557d13db39624e32a0227)\",\"description\":\"Antimalware Core Service\",\"product\":\"Microsoft® Windows® Operating System\",\"company\":\"Microsoft Corporation\",\"originalFileName\":\"MpDefenderCoreService.exe\",\"commandLine\":\"\\\\\\\"C:\\\\\\\\ProgramData\\\\\\\\Microsoft\\\\\\\\Windows Defender\\\\\\\\platform\\\\\\\\4.18.26080.4-0\\\\\\\\MpDefenderCoreService.exe\\\\\\\"\",\"currentDirectory\":\"C:\\\\\\\\Windows\\\\\\\\system32\\\\\\\\\",\"user\":\"NT AUTHORITY\\\\\\\\SYSTEM\",\"logonGuid\":\"{e12a69d9-1f98-6abf-e703-000000000000}\",\"logonId\":\"0x3e7\",\"terminalSessionId\":\"0\",\"integrityLevel\":\"System\",\"hashes\":\"MD5=7748DBD9A1BB2B984DCE44C5652260DD,SHA256=E185FE0598E3B23FA5B4A76B06E1983609857537849CB1ECEF2F408BF41F06F6,IMPHASH=41531E9CF12033627493AC8D52432323\",\"parentProcessGuid\":\"{e12a69d9-1f98-6abf-0b00-000000001700}\",\"parentProcessId\":\"684\",\"parentImage\":\"C:\\\\\\\\Windows\\\\\\\\System32\\\\\\\\services.exe\",\"parentCommandLine\":\"C:\\\\\\\\Windows\\\\\\\\system32\\\\\\\\services.exe\",\"parentUser\":\"NT AUTHORITY\\\\\\\\SYSTEM\"}}}","decoder":{"name":"windows_eventchannel"},"data":{"win":{"system":{"providerName":"Microsoft-Windows-Sysmon","providerGuid":"{5770385f-c22a-43e0-bf4c-06f5698ffbd9}","eventID":"1","version":"5","level":"4","task":"1","opcode":"0","keywords":"0x8000000000000000","systemTime":"2026-10-02T03:06:05.7103898Z","eventRecordID":"11240","processID":"2140","threadID":"4056","channel":"Microsoft-Windows-Sysmon/Operational","computer":"WIN10-01.SOC-LAB.LOCAL","severityValue":"INFORMATION","message":"\"Process Create:\r\nRuleName: -\r\nUtcTime: 2026-10-02 03:06:01.684\r\nProcessGuid: {e12a69d9-1f99-6abf-2600-000000001700}\r\nProcessId: 1380\r\nImage: C:\\ProgramData\\Microsoft\\Windows Defender\\Platform\\4.18.26080.4-0\\MpDefenderCoreService.exe\r\nFileVersion: 4.18.26080.4 (ccacee407da609d5c2c557d13db39624e32a0227)\r\nDescription: Antimalware Core Service\r\nProduct: Microsoft® Windows® Operating System\r\nCompany: Microsoft Corporation\r\nOriginalFileName: MpDefenderCoreService.exe\r\nCommandLine: \"C:\\ProgramData\\Microsoft\\Windows Defender\\platform\\4.18.26080.4-0\\MpDefenderCoreService.exe\"\r\nCurrentDirectory: C:\\Windows\\system32\\\r\nUser: NT AUTHORITY\\SYSTEM\r\nLogonGuid: {e12a69d9-1f98-6abf-e703-000000000000}\r\nLogonId: 0x3E7\r\nTerminalSessionId: 0\r\nIntegrityLevel: System\r\nHashes: MD5=7748DBD9A1BB2B984DCE44C5652260DD,SHA256=E185FE0598E3B23FA5B4A76B06E1983609857537849CB1ECEF2F408BF41F06F6,IMPHASH=41531E9CF12033627493AC8D52432323\r\nParentProcessGuid: {e12a69d9-1f98-6abf-0b00-000000001700}\r\nParentProcessId: 684\r\nParentImage: C:\\Windows\\System32\\services.exe\r\nParentCommandLine: C:\\Windows\\system32\\services.exe\r\nParentUser: NT AUTHORITY\\SYSTEM\""},"eventdata":{"utcTime":"2026-10-02 03:06:01.684","processGuid":"{e12a69d9-1f99-6abf-2600-000000001700}","processId":"1380","image":"C:\\\\ProgramData\\\\Microsoft\\\\Windows Defender\\\\Platform\\\\4.18.26080.4-0\\\\MpDefenderCoreService.exe","fileVersion":"4.18.26080.4 (ccacee407da609d5c2c557d13db39624e32a0227)","description":"Antimalware Core Service","product":"Microsoft® Windows® Operating System","company":"Microsoft Corporation","originalFileName":"MpDefenderCoreService.exe","commandLine":"\\\"C:\\\\ProgramData\\\\Microsoft\\\\Windows Defender\\\\platform\\\\4.18.26080.4-0\\\\MpDefenderCoreService.exe\\\"","currentDirectory":"C:\\\\Windows\\\\system32\\\\","user":"NT AUTHORITY\\\\SYSTEM","logonGuid":"{e12a69d9-1f98-6abf-e703-000000000000}","logonId":"0x3e7","terminalSessionId":"0","integrityLevel":"System","hashes":"MD5=7748DBD9A1BB2B984DCE44C5652260DD,SHA256=E185FE0598E3B23FA5B4A76B06E1983609857537849CB1ECEF2F408BF41F06F6,IMPHASH=41531E9CF12033627493AC8D52432323","parentProcessGuid":"{e12a69d9-1f98-6abf-0b00-000000001700}","parentProcessId":"684","parentImage":"C:\\\\Windows\\\\System32\\\\services.exe","parentCommandLine":"C:\\\\Windows\\\\system32\\\\services.exe","parentUser":"NT AUTHORITY\\\\SYSTEM"}}},"location":"EventChannel"}
{"timestamp":"2026-10-02T03:06:32.905+0000","agent":{"id":"001","name":"SOC-WIN10","ip":"192.168.50.20"},"manager":{"name":"soc-wazuh"},"id":"1790910392.42705","full_log":"{\"win\":{\"system\":{\"providerName\":\"Microsoft-Windows-Sysmon\",\"providerGuid\":\"{5770385f-c22a-43e0-bf4c-06f5698ffbd9}\",\"eventID\":\"1\",\"version\":\"5\",\"level\":\"4\",\"task\":\"1\",\"opcode\":\"0\",\"keywords\":\"0x8000000000000000\",\"systemTime\":\"2026-10-02T03:06:05.7123153Z\",\"eventRecordID\":\"11241\",\"processID\":\"2140\",\"threadID\":\"4056\",\"channel\":\"Microsoft-Windows-Sysmon/Operational\",\"computer\":\"WIN10-01.SOC-LAB.LOCAL\",\"severityValue\":\"INFORMATION\",\"message\":\"\\\"Process Create:\\r\\nRuleName: -\\r\\nUtcTime: 2026-10-02 03:06:01.727\\r\\nProcessGuid: {e12a69d9-1f99-6abf-2800-000000001700}\\r\\nProcessId: 2000\\r\\nImage: C:\\\\Program Files\\\\qemu-ga\\\\qemu-ga.exe\\r\\nFileVersion: -\\r\\nDescription: -\\r\\nProduct: -\\r\\nCompany: -\\r\\nOriginalFileName: -\\r\\nCommandLine: \\\"C:\\\\Program Files\\\\qemu-ga\\\\qemu-ga.exe\\\" -d\\r\\nCurrentDirectory: C:\\\\Windows\\\\system32\\\\\\r\\nUser: NT AUTHORITY\\\\SYSTEM\\r\\nLogonGuid: {e12a69d9-1f98-6abf-e703-000000000000}\\r\\nLogonId: 0x3E7\\r\\nTerminalSessionId: 0\\r\\nIntegrityLevel: System\\r\\nHashes: MD5=4CB37770956CC8F867762D7D3DDC4B33,SHA256=551EF169BDEE14FE924DC72D2EC9A80B1E2C6B41EF398F480E0CCB699D6B5221,IMPHASH=60939B4189F6799FB715EF8434EB5802\\r\\nParentProcessGuid: {e12a69d9-1f98-6abf-0b00-000000001700}\\r\\nParentProcessId: 684\\r\\nParentImage: C:\\\\Windows\\\\System32\\\\services.exe\\r\\nParentCommandLine: C:\\\\Windows\\\\system32\\\\services.exe\\r\\nParentUser: NT AUTHORITY\\\\SYSTEM\\\"\"},\"eventdata\":{\"utcTime\":\"2026-10-02 03:06:01.727\",\"processGuid\":\"{e12a69d9-1f99-6abf-2800-000000001700}\",\"processId\":\"2000\",\"image\":\"C:\\\\\\\\Program Files\\\\\\\\qemu-ga\\\\\\\\qemu-ga.exe\",\"commandLine\":\"\\\\\\\"C:\\\\\\\\Program Files\\\\\\\\qemu-ga\\\\\\\\qemu-ga.exe\\\\\\\" -d\",\"currentDirectory\":\"C:\\\\\\\\Windows\\\\\\\\system32\\\\\\\\\",\"user\":\"NT AUTHORITY\\\\\\\\SYSTEM\",\"logonGuid\":\"{e12a69d9-1f98-6abf-e703-000000000000}\",\"logonId\":\"0x3e7\",\"terminalSessionId\":\"0\",\"integrityLevel\":\"System\",\"hashes\":\"MD5=4CB37770956CC8F867762D7D3DDC4B33,SHA256=551EF169BDEE14FE924DC72D2EC9A80B1E2C6B41EF398F480E0CCB699D6B5221,IMPHASH=60939B4189F6799FB715EF8434EB5802\",\"parentProcessGuid\":\"{e12a69d9-1f98-6abf-0b00-000000001700}\",\"parentProcessId\":\"684\",\"parentImage\":\"C:\\\\\\\\Windows\\\\\\\\System32\\\\\\\\services.exe\",\"parentCommandLine\":\"C:\\\\\\\\Windows\\\\\\\\system32\\\\\\\\services.exe\",\"parentUser\":\"NT AUTHORITY\\\\\\\\SYSTEM\"}}}","decoder":{"name":"windows_eventchannel"},"data":{"win":{"system":{"providerName":"Microsoft-Windows-Sysmon","providerGuid":"{5770385f-c22a-43e0-bf4c-06f5698ffbd9}","eventID":"1","version":"5","level":"4","task":"1","opcode":"0","keywords":"0x8000000000000000","systemTime":"2026-10-02T03:06:05.7123153Z","eventRecordID":"11241","processID":"2140","threadID":"4056","channel":"Microsoft-Windows-Sysmon/Operational","computer":"WIN10-01.SOC-LAB.LOCAL","severityValue":"INFORMATION","message":"\"Process Create:\r\nRuleName: -\r\nUtcTime: 2026-10-02 03:06:01.727\r\nProcessGuid: {e12a69d9-1f99-6abf-2800-000000001700}\r\nProcessId: 2000\r\nImage: C:\\Program Files\\qemu-ga\\qemu-ga.exe\r\nFileVersion: -\r\nDescription: -\r\nProduct: -\r\nCompany: -\r\nOriginalFileName: -\r\nCommandLine: \"C:\\Program Files\\qemu-ga\\qemu-ga.exe\" -d\r\nCurrentDirectory: C:\\Windows\\system32\\\r\nUser: NT AUTHORITY\\SYSTEM\r\nLogonGuid: {e12a69d9-1f98-6abf-e703-000000000000}\r\nLogonId: 0x3E7\r\nTerminalSessionId: 0\r\nIntegrityLevel: System\r\nHashes: MD5=4CB37770956CC8F867762D7D3DDC4B33,SHA256=551EF169BDEE14FE924DC72D2EC9A80B1E2C6B41EF398F480E0CCB699D6B5221,IMPHASH=60939B4189F6799FB715EF8434EB5802\r\nParentProcessGuid: {e12a69d9-1f98-6abf-0b00-000000001700}\r\nParentProcessId: 684\r\nParentImage: C:\\Windows\\System32\\services.exe\r\nParentCommandLine: C:\\Windows\\system32\\services.exe\r\nParentUser: NT AUTHORITY\\SYSTEM\""},"eventdata":{"utcTime":"2026-10-02 03:06:01.727","processGuid":"{e12a69d9-1f99-6abf-2800-000000001700}","processId":"2000","image":"C:\\\\Program Files\\\\qemu-ga\\\\qemu-ga.exe","commandLine":"\\\"C:\\\\Program Files\\\\qemu-ga\\\\qemu-ga.exe\\\" -d","currentDirectory":"C:\\\\Windows\\\\system32\\\\","user":"NT AUTHORITY\\\\SYSTEM","logonGuid":"{e12a69d9-1f98-6abf-e703-000000000000}","logonId":"0x3e7","terminalSessionId":"0","integrityLevel":"System","hashes":"MD5=4CB37770956CC8F867762D7D3DDC4B33,SHA256=551EF169BDEE14FE924DC72D2EC9A80B1E2C6B41EF398F480E0CCB699D6B5221,IMPHASH=60939B4189F6799FB715EF8434EB5802","parentProcessGuid":"{e12a69d9-1f98-6abf-0b00-000000001700}","parentProcessId":"684","parentImage":"C:\\\\Windows\\\\System32\\\\services.exe","parentCommandLine":"C:\\\\Windows\\\\system32\\\\services.exe","parentUser":"NT AUTHORITY\\\\SYSTEM"}}},"location":"EventChannel"}
{"timestamp":"2026-10-02T03:06:32.922+0000","agent":{"id":"001","name":"SOC-WIN10","ip":"192.168.50.20"},"manager":{"name":"soc-wazuh"},"id":"1790910392.42705","full_log":"{\"win\":{\"system\":{\"providerName\":\"Microsoft-Windows-Sysmon\",\"providerGuid\":\"{5770385f-c22a-43e0-bf4c-06f5698ffbd9}\",\"eventID\":\"1\",\"version\":\"5\",\"level\":\"4\",\"task\":\"1\",\"opcode\":\"0\",\"keywords\":\"0x8000000000000000\",\"systemTime\":\"2026-10-02T03:06:05.7131937Z\",\"eventRecordID\":\"11242\",\"processID\":\"2140\",\"threadID\":\"4056\",\"channel\":\"Microsoft-Windows-Sysmon/Operational\",\"computer\":\"WIN10-01.SOC-LAB.LOCAL\",\"severityValue\":\"INFORMATION\",\"message\":\"\\\"Process Create:\\r\\nRuleName: -\\r\\nUtcTime: 2026-10-02 03:06:01.753\\r\\nProcessGuid: {e12a69d9-1f99-6abf-2900-000000001700}\\r\\nProcessId: 2088\\r\\nImage: C:\\\\Program Files (x86)\\\\SPICE Guest Tools\\\\64\\\\vdservice.exe\\r\\nFileVersion: 0, 5, 1, 0\\r\\nDescription: Spice service\\r\\nProduct: Red Hat Spice\\r\\nCompany: Red Hat Inc.\\r\\nOriginalFileName: vdservice.exe\\r\\nCommandLine: \\\"C:\\\\Program Files (x86)\\\\SPICE Guest Tools\\\\64\\\\vdservice.exe\\\"\\r\\nCurrentDirectory: C:\\\\Windows\\\\system32\\\\\\r\\nUser: NT AUTHORITY\\\\SYSTEM\\r\\nLogonGuid: {e12a69d9-1f98-6abf-e703-000000000000}\\r\\nLogonId: 0x3E7\\r\\nTerminalSessionId: 0\\r\\nIntegrityLevel: System\\r\\nHashes: MD5=8D67DF3737FFBC042BD97EE079BEEB80,SHA256=6583AA22AEF26D477FA5E32D29FD640D85FB5960EE2B93AD66B7B1E7B45045DB,IMPHASH=DD1361FA03EF6018AAA0DFC54524D42F\\r\\nParentProcessGuid: {e12a69d9-1f98-6abf-0b00-000000001700}\\r\\nParentProcessId: 684\\r\\nParentImage: C:\\\\Windows\\\\System32\\\\services.exe\\r\\nParentCommandLine: C:\\\\Windows\\\\system32\\\\services.exe\\r\\nParentUser: NT AUTHORITY\\\\SYSTEM\\\"\"},\"eventdata\":{\"utcTime\":\"2026-10-02 03:06:01.753\",\"processGuid\":\"{e12a69d9-1f99-6abf-2900-000000001700}\",\"processId\":\"2088\",\"image\":\"C:\\\\\\\\Program Files (x86)\\\\\\\\SPICE Guest Tools\\\\\\\\64\\\\\\\\vdservice.exe\",\"fileVersion\":\"0, 5, 1, 0\",\"description\":\"Spice service\",\"product\":\"Red Hat Spice\",\"company\":\"Red Hat Inc.\",\"originalFileName\":\"vdservice.exe\",\"commandLine\":\"\\\\\\\"C:\\\\\\\\Program Files (x86)\\\\\\\\SPICE Guest Tools\\\\\\\\64\\\\\\\\vdservice.exe\\\\\\\"\",\"currentDirectory\":\"C:\\\\\\\\Windows\\\\\\\\system32\\\\\\\\\",\"user\":\"NT AUTHORITY\\\\\\\\SYSTEM\",\"logonGuid\":\"{e12a69d9-1f98-6abf-e703-000000000000}\",\"logonId\":\"0x3e7\",\"terminalSessionId\":\"0\",\"integrityLevel\":\"System\",\"hashes\":\"MD5=8D67DF3737FFBC042BD97EE079BEEB80,SHA256=6583AA22AEF26D477FA5E32D29FD640D85FB5960EE2B93AD66B7B1E7B45045DB,IMPHASH=DD1361FA03EF6018AAA0DFC54524D42F\",\"parentProcessGuid\":\"{e12a69d9-1f98-6abf-0b00-000000001700}\",\"parentProcessId\":\"684\",\"parentImage\":\"C:\\\\\\\\Windows\\\\\\\\System32\\\\\\\\services.exe\",\"parentCommandLine\":\"C:\\\\\\\\Windows\\\\\\\\system32\\\\\\\\services.exe\",\"parentUser\":\"NT AUTHORITY\\\\\\\\SYSTEM\"}}}","decoder":{"name":"windows_eventchannel"},"data":{"win":{"system":{"providerName":"Microsoft-Windows-Sysmon","providerGuid":"{5770385f-c22a-43e0-bf4c-06f5698ffbd9}","eventID":"1","version":"5","level":"4","task":"1","opcode":"0","keywords":"0x8000000000000000","systemTime":"2026-10-02T03:06:05.7131937Z","eventRecordID":"11242","processID":"2140","threadID":"4056","channel":"Microsoft-Windows-Sysmon/Operational","computer":"WIN10-01.SOC-LAB.LOCAL","severityValue":"INFORMATION","message":"\"Process Create:\r\nRuleName: -\r\nUtcTime: 2026-10-02 03:06:01.753\r\nProcessGuid: {e12a69d9-1f99-6abf-2900-000000001700}\r\nProcessId: 2088\r\nImage: C:\\Program Files (x86)\\SPICE Guest Tools\\64\\vdservice.exe\r\nFileVersion: 0, 5, 1, 0\r\nDescription: Spice service\r\nProduct: Red Hat Spice\r\nCompany: Red Hat Inc.\r\nOriginalFileName: vdservice.exe\r\nCommandLine: \"C:\\Program Files (x86)\\SPICE Guest Tools\\64\\vdservice.exe\"\r\nCurrentDirectory: C:\\Windows\\system32\\\r\nUser: NT AUTHORITY\\SYSTEM\r\nLogonGuid: {e12a69d9-1f98-6abf-e703-000000000000}\r\nLogonId: 0x3E7\r\nTerminalSessionId: 0\r\nIntegrityLevel: System\r\nHashes: MD5=8D67DF3737FFBC042BD97EE079BEEB80,SHA256=6583AA22AEF26D477FA5E32D29FD640D85FB5960EE2B93AD66B7B1E7B45045DB,IMPHASH=DD1361FA03EF6018AAA0DFC54524D42F\r\nParentProcessGuid: {e12a69d9-1f98-6abf-0b00-000000001700}\r\nParentProcessId: 684\r\nParentImage: C:\\Windows\\System32\\services.exe\r\nParentCommandLine: C:\\Windows\\system32\\services.exe\r\nParentUser: NT AUTHORITY\\SYSTEM\""},"eventdata":{"utcTime":"2026-10-02 03:06:01.753","processGuid":"{e12a69d9-1f99-6abf-2900-000000001700}","processId":"2088","image":"C:\\\\Program Files (x86)\\\\SPICE Guest Tools\\\\64\\\\vdservice.exe","fileVersion":"0, 5, 1, 0","description":"Spice service","product":"Red Hat Spice","company":"Red Hat Inc.","originalFileName":"vdservice.exe","commandLine":"\\\"C:\\\\Program Files (x86)\\\\SPICE Guest Tools\\\\64\\\\vdservice.exe\\\"","currentDirectory":"C:\\\\Windows\\\\system32\\\\","user":"NT AUTHORITY\\\\SYSTEM","logonGuid":"{e12a69d9-1f98-6abf-e703-000000000000}","logonId":"0x3e7","terminalSessionId":"0","integrityLevel":"System","hashes":"MD5=8D67DF3737FFBC042BD97EE079BEEB80,SHA256=6583AA22AEF26D477FA5E32D29FD640D85FB5960EE2B93AD66B7B1E7B45045DB,IMPHASH=DD1361FA03EF6018AAA0DFC54524D42F","parentProcessGuid":"{e12a69d9-1f98-6abf-0b00-000000001700}","parentProcessId":"684","parentImage":"C:\\\\Windows\\\\System32\\\\services.exe","parentCommandLine":"C:\\\\Windows\\\\system32\\\\services.exe","parentUser":"NT AUTHORITY\\\\SYSTEM"}}},"location":"EventChannel"}
{"timestamp":"2026-10-02T03:06:32.942+0000","agent":{"id":"001","name":"SOC-WIN10","ip":"192.168.50.20"},"manager":{"name":"soc-wazuh"},"id":"1790910392.42705","full_log":"{\"win\":{\"system\":{\"providerName\":\"Microsoft-Windows-Sysmon\",\"providerGuid\":\"{5770385f-c22a-43e0-bf4c-06f5698ffbd9}\",\"eventID\":\"1\",\"version\":\"5\",\"level\":\"4\",\"task\":\"1\",\"opcode\":\"0\",\"keywords\":\"0x8000000000000000\",\"systemTime\":\"2026-10-02T03:06:05.7148768Z\",\"eventRecordID\":\"11243\",\"processID\":\"2140\",\"threadID\":\"4056\",\"channel\":\"Microsoft-Windows-Sysmon/Operational\",\"computer\":\"WIN10-01.SOC-LAB.LOCAL\",\"severityValue\":\"INFORMATION\",\"message\":\"\\\"Process Create:\\r\\nRuleName: -\\r\\nUtcTime: 2026-10-02 03:06:01.776\\r\\nProcessGuid: {e12a69d9-1f99-6abf-2a00-000000001700}\\r\\nProcessId: 2124\\r\\nImage: C:\\\\Program Files (x86)\\\\ossec-agent\\\\wazuh-agent.exe\\r\\nFileVersion: v4.14.8\\r\\nDescription: Wazuh Agent\\r\\nProduct: Wazuh Windows Agent\\r\\nCompany: Wazuh Inc.\\r\\nOriginalFileName: -\\r\\nCommandLine: \\\"C:\\\\Program Files (x86)\\\\ossec-agent\\\\wazuh-agent.exe\\\"\\r\\nCurrentDirectory: C:\\\\Windows\\\\system32\\\\\\r\\nUser: NT AUTHORITY\\\\SYSTEM\\r\\nLogonGuid: {e12a69d9-1f98-6abf-e703-000000000000}\\r\\nLogonId: 0x3E7\\r\\nTerminalSessionId: 0\\r\\nIntegrityLevel: System\\r\\nHashes: MD5=38C8B0E4ABF7DB68C09CA4AE22991279,SHA256=E377D47E5C6682CBC21BEC2DAE5A6EA02DC8C5885A744919AC358AFBC95BE018,IMPHASH=E8CD03A9A7B877692A44359518FCEB9E\\r\\nParentProcessGuid: {e12a69d9-1f98-6abf-0b00-000000001700}\\r\\nParentProcessId: 684\\r\\nParentImage: C:\\\\Windows\\\\System32\\\\services.exe\\r\\nParentCommandLine: C:\\\\Windows\\\\system32\\\\services.exe\\r\\nParentUser: NT AUTHORITY\\\\SYSTEM\\\"\"},\"eventdata\":{\"utcTime\":\"2026-10-02 03:06:01.776\",\"processGuid\":\"{e12a69d9-1f99-6abf-2a00-000000001700}\",\"processId\":\"2124\",\"image\":\"C:\\\\\\\\Program Files (x86)\\\\\\\\ossec-agent\\\\\\\\wazuh-agent.exe\",\"fileVersion\":\"v4.14.8\",\"description\":\"Wazuh Agent\",\"product\":\"Wazuh Windows Agent\",\"company\":\"Wazuh Inc.\",\"commandLine\":\"\\\\\\\"C:\\\\\\\\Program Files (x86)\\\\\\\\ossec-agent\\\\\\\\wazuh-agent.exe\\\\\\\"\",\"currentDirectory\":\"C:\\\\\\\\Windows\\\\\\\\system32\\\\\\\\\",\"user\":\"NT AUTHORITY\\\\\\\\SYSTEM\",\"logonGuid\":\"{e12a69d9-1f98-6abf-e703-000000000000}\",\"logonId\":\"0x3e7\",\"terminalSessionId\":\"0\",\"integrityLevel\":\"System\",\"hashes\":\"MD5=38C8B0E4ABF7DB68C09CA4AE22991279,SHA256=E377D47E5C6682CBC21BEC2DAE5A6EA02DC8C5885A744919AC358AFBC95BE018,IMPHASH=E8CD03A9A7B877692A44359518FCEB9E\",\"parentProcessGuid\":\"{e12a69d9-1f98-6abf-0b00-000000001700}\",\"parentProcessId\":\"684\",\"parentImage\":\"C:\\\\\\\\Windows\\\\\\\\System32\\\\\\\\services.exe\",\"parentCommandLine\":\"C:\\\\\\\\Windows\\\\\\\\system32\\\\\\\\services.exe\",\"parentUser\":\"NT AUTHORITY\\\\\\\\SYSTEM\"}}}","decoder":{"name":"windows_eventchannel"},"data":{"win":{"system":{"providerName":"Microsoft-Windows-Sysmon","providerGuid":"{5770385f-c22a-43e0-bf4c-06f5698ffbd9}","eventID":"1","version":"5","level":"4","task":"1","opcode":"0","keywords":"0x8000000000000000","systemTime":"2026-10-02T03:06:05.7148768Z","eventRecordID":"11243","processID":"2140","threadID":"4056","channel":"Microsoft-Windows-Sysmon/Operational","computer":"WIN10-01.SOC-LAB.LOCAL","severityValue":"INFORMATION","message":"\"Process Create:\r\nRuleName: -\r\nUtcTime: 2026-10-02 03:06:01.776\r\nProcessGuid: {e12a69d9-1f99-6abf-2a00-000000001700}\r\nProcessId: 2124\r\nImage: C:\\Program Files (x86)\\ossec-agent\\wazuh-agent.exe\r\nFileVersion: v4.14.8\r\nDescription: Wazuh Agent\r\nProduct: Wazuh Windows Agent\r\nCompany: Wazuh Inc.\r\nOriginalFileName: -\r\nCommandLine: \"C:\\Program Files (x86)\\ossec-agent\\wazuh-agent.exe\"\r\nCurrentDirectory: C:\\Windows\\system32\\\r\nUser: NT AUTHORITY\\SYSTEM\r\nLogonGuid: {e12a69d9-1f98-6abf-e703-000000000000}\r\nLogonId: 0x3E7\r\nTerminalSessionId: 0\r\nIntegrityLevel: System\r\nHashes: MD5=38C8B0E4ABF7DB68C09CA4AE22991279,SHA256=E377D47E5C6682CBC21BEC2DAE5A6EA02DC8C5885A744919AC358AFBC95BE018,IMPHASH=E8CD03A9A7B877692A44359518FCEB9E\r\nParentProcessGuid: {e12a69d9-1f98-6abf-0b00-000000001700}\r\nParentProcessId: 684\r\nParentImage: C:\\Windows\\System32\\services.exe\r\nParentCommandLine: C:\\Windows\\system32\\services.exe\r\nParentUser: NT AUTHORITY\\SYSTEM\""},"eventdata":{"utcTime":"2026-10-02 03:06:01.776","processGuid":"{e12a69d9-1f99-6abf-2a00-000000001700}","processId":"2124","image":"C:\\\\Program Files (x86)\\\\ossec-agent\\\\wazuh-agent.exe","fileVersion":"v4.14.8","description":"Wazuh Agent","product":"Wazuh Windows Agent","company":"Wazuh Inc.","commandLine":"\\\"C:\\\\Program Files (x86)\\\\ossec-agent\\\\wazuh-agent.exe\\\"","currentDirectory":"C:\\\\Windows\\\\system32\\\\","user":"NT AUTHORITY\\\\SYSTEM","logonGuid":"{e12a69d9-1f98-6abf-e703-000000000000}","logonId":"0x3e7","terminalSessionId":"0","integrityLevel":"System","hashes":"MD5=38C8B0E4ABF7DB68C09CA4AE22991279,SHA256=E377D47E5C6682CBC21BEC2DAE5A6EA02DC8C5885A744919AC358AFBC95BE018,IMPHASH=E8CD03A9A7B877692A44359518FCEB9E","parentProcessGuid":"{e12a69d9-1f98-6abf-0b00-000000001700}","parentProcessId":"684","parentImage":"C:\\\\Windows\\\\System32\\\\services.exe","parentCommandLine":"C:\\\\Windows\\\\system32\\\\services.exe","parentUser":"NT AUTHORITY\\\\SYSTEM"}}},"location":"EventChannel"}
{"timestamp":"2026-10-02T03:06:32.985+0000","agent":{"id":"001","name":"SOC-WIN10","ip":"192.168.50.20"},"manager":{"name":"soc-wazuh"},"id":"1790910392.42705","full_log":"{\"win\":{\"system\":{\"providerName\":\"Microsoft-Windows-Sysmon\",\"providerGuid\":\"{5770385f-c22a-43e0-bf4c-06f5698ffbd9}\",\"eventID\":\"1\",\"version\":\"5\",\"level\":\"4\",\"task\":\"1\",\"opcode\":\"0\",\"keywords\":\"0x8000000000000000\",\"systemTime\":\"2026-10-02T03:06:05.7758533Z\",\"eventRecordID\":\"11245\",\"processID\":\"2140\",\"threadID\":\"4056\",\"channel\":\"Microsoft-Windows-Sysmon/Operational\",\"computer\":\"WIN10-01.SOC-LAB.LOCAL\",\"severityValue\":\"INFORMATION\",\"message\":\"\\\"Process Create:\\r\\nRuleName: -\\r\\nUtcTime: 2026-10-02 03:06:01.797\\r\\nProcessGuid: {e12a69d9-1f99-6abf-2b00-000000001700}\\r\\nProcessId: 2140\\r\\nImage: C:\\\\Windows\\\\Sysmon64.exe\\r\\nFileVersion: 15.22\\r\\nDescription: System activity monitor\\r\\nProduct: Sysinternals Sysmon\\r\\nCompany: Sysinternals - www.sysinternals.com\\r\\nOriginalFileName: -\\r\\nCommandLine: C:\\\\Windows\\\\Sysmon64.exe\\r\\nCurrentDirectory: C:\\\\Windows\\\\system32\\\\\\r\\nUser: NT AUTHORITY\\\\SYSTEM\\r\\nLogonGuid: {e12a69d9-1f98-6abf-e703-000000000000}\\r\\nLogonId: 0x3E7\\r\\nTerminalSessionId: 0\\r\\nIntegrityLevel: System\\r\\nHashes: MD5=0E7D569469CCE6B1E8A6415AED72C577,SHA256=83D31F2478DC6716CFDBF69E5C384BF043072B5F0D8D7B2EEA365F709FDA4352,IMPHASH=5C31CFDE3181A762CA91D21902DEF1B4\\r\\nParentProcessGuid: {e12a69d9-1f98-6abf-0b00-000000001700}\\r\\nParentProcessId: 684\\r\\nParentImage: C:\\\\Windows\\\\System32\\\\services.exe\\r\\nParentCommandLine: C:\\\\Windows\\\\system32\\\\services.exe\\r\\nParentUser: NT AUTHORITY\\\\SYSTEM\\\"\"},\"eventdata\":{\"utcTime\":\"2026-10-02 03:06:01.797\",\"processGuid\":\"{e12a69d9-1f99-6abf-2b00-000000001700}\",\"processId\":\"2140\",\"image\":\"C:\\\\\\\\Windows\\\\\\\\Sysmon64.exe\",\"fileVersion\":\"15.22\",\"description\":\"System activity monitor\",\"product\":\"Sysinternals Sysmon\",\"company\":\"Sysinternals - www.sysinternals.com\",\"commandLine\":\"C:\\\\\\\\Windows\\\\\\\\Sysmon64.exe\",\"currentDirectory\":\"C:\\\\\\\\Windows\\\\\\\\system32\\\\\\\\\",\"user\":\"NT AUTHORITY\\\\\\\\SYSTEM\",\"logonGuid\":\"{e12a69d9-1f98-6abf-e703-000000000000}\",\"logonId\":\"0x3e7\",\"terminalSessionId\":\"0\",\"integrityLevel\":\"System\",\"hashes\":\"MD5=0E7D569469CCE6B1E8A6415AED72C577,SHA256=83D31F2478DC6716CFDBF69E5C384BF043072B5F0D8D7B2EEA365F709FDA4352,IMPHASH=5C31CFDE3181A762CA91D21902DEF1B4\",\"parentProcessGuid\":\"{e12a69d9-1f98-6abf-0b00-000000001700}\",\"parentProcessId\":\"684\",\"parentImage\":\"C:\\\\\\\\Windows\\\\\\\\System32\\\\\\\\services.exe\",\"parentCommandLine\":\"C:\\\\\\\\Windows\\\\\\\\system32\\\\\\\\services.exe\",\"parentUser\":\"NT AUTHORITY\\\\\\\\SYSTEM\"}}}","decoder":{"name":"windows_eventchannel"},"data":{"win":{"system":{"providerName":"Microsoft-Windows-Sysmon","providerGuid":"{5770385f-c22a-43e0-bf4c-06f5698ffbd9}","eventID":"1","version":"5","level":"4","task":"1","opcode":"0","keywords":"0x8000000000000000","systemTime":"2026-10-02T03:06:05.7758533Z","eventRecordID":"11245","processID":"2140","threadID":"4056","channel":"Microsoft-Windows-Sysmon/Operational","computer":"WIN10-01.SOC-LAB.LOCAL","severityValue":"INFORMATION","message":"\"Process Create:\r\nRuleName: -\r\nUtcTime: 2026-10-02 03:06:01.797\r\nProcessGuid: {e12a69d9-1f99-6abf-2b00-000000001700}\r\nProcessId: 2140\r\nImage: C:\\Windows\\Sysmon64.exe\r\nFileVersion: 15.22\r\nDescription: System activity monitor\r\nProduct: Sysinternals Sysmon\r\nCompany: Sysinternals - www.sysinternals.com\r\nOriginalFileName: -\r\nCommandLine: C:\\Windows\\Sysmon64.exe\r\nCurrentDirectory: C:\\Windows\\system32\\\r\nUser: NT AUTHORITY\\SYSTEM\r\nLogonGuid: {e12a69d9-1f98-6abf-e703-000000000000}\r\nLogonId: 0x3E7\r\nTerminalSessionId: 0\r\nIntegrityLevel: System\r\nHashes: MD5=0E7D569469CCE6B1E8A6415AED72C577,SHA256=83D31F2478DC6716CFDBF69E5C384BF043072B5F0D8D7B2EEA365F709FDA4352,IMPHASH=5C31CFDE3181A762CA91D21902DEF1B4\r\nParentProcessGuid: {e12a69d9-1f98-6abf-0b00-000000001700}\r\nParentProcessId: 684\r\nParentImage: C:\\Windows\\System32\\services.exe\r\nParentCommandLine: C:\\Windows\\system32\\services.exe\r\nParentUser: NT AUTHORITY\\SYSTEM\""},"eventdata":{"utcTime":"2026-10-02 03:06:01.797","processGuid":"{e12a69d9-1f99-6abf-2b00-000000001700}","processId":"2140","image":"C:\\\\Windows\\\\Sysmon64.exe","fileVersion":"15.22","description":"System activity monitor","product":"Sysinternals Sysmon","company":"Sysinternals - www.sysinternals.com","commandLine":"C:\\\\Windows\\\\Sysmon64.exe","currentDirectory":"C:\\\\Windows\\\\system32\\\\","user":"NT AUTHORITY\\\\SYSTEM","logonGuid":"{e12a69d9-1f98-6abf-e703-000000000000}","logonId":"0x3e7","terminalSessionId":"0","integrityLevel":"System","hashes":"MD5=0E7D569469CCE6B1E8A6415AED72C577,SHA256=83D31F2478DC6716CFDBF69E5C384BF043072B5F0D8D7B2EEA365F709FDA4352,IMPHASH=5C31CFDE3181A762CA91D21902DEF1B4","parentProcessGuid":"{e12a69d9-1f98-6abf-0b00-000000001700}","parentProcessId":"684","parentImage":"C:\\\\Windows\\\\System32\\\\services.exe","parentCommandLine":"C:\\\\Windows\\\\system32\\\\services.exe","parentUser":"NT AUTHORITY\\\\SYSTEM"}}},"location":"EventChannel"}
{"timestamp":"2026-10-02T03:06:32.984+0000","agent":{"id":"001","name":"SOC-WIN10","ip":"192.168.50.20"},"manager":{"name":"soc-wazuh"},"id":"1790910392.42705","full_log":"{\"win\":{\"system\":{\"providerName\":\"Microsoft-Windows-Sysmon\",\"providerGuid\":\"{5770385f-c22a-43e0-bf4c-06f5698ffbd9}\",\"eventID\":\"1\",\"version\":\"5\",\"level\":\"4\",\"task\":\"1\",\"opcode\":\"0\",\"keywords\":\"0x8000000000000000\",\"systemTime\":\"2026-10-02T03:06:05.7756750Z\",\"eventRecordID\":\"11244\",\"processID\":\"2140\",\"threadID\":\"4056\",\"channel\":\"Microsoft-Windows-Sysmon/Operational\",\"computer\":\"WIN10-01.SOC-LAB.LOCAL\",\"severityValue\":\"INFORMATION\",\"message\":\"\\\"Process Create:\\r\\nRuleName: -\\r\\nUtcTime: 2026-10-02 03:06:01.806\\r\\nProcessGuid: {e12a69d9-1f99-6abf-2c00-000000001700}\\r\\nProcessId: 2148\\r\\nImage: C:\\\\ProgramData\\\\Microsoft\\\\Windows Defender\\\\Platform\\\\4.18.26080.4-0\\\\MsMpEng.exe\\r\\nFileVersion: 4.18.26080.4 (ccacee407da609d5c2c557d13db39624e32a0227)\\r\\nDescription: Antimalware Service Executable\\r\\nProduct: Microsoft® Windows® Operating System\\r\\nCompany: Microsoft Corporation\\r\\nOriginalFileName: MsMpEng.exe\\r\\nCommandLine: \\\"C:\\\\ProgramData\\\\Microsoft\\\\Windows Defender\\\\platform\\\\4.18.26080.4-0\\\\MsMpEng.exe\\\"\\r\\nCurrentDirectory: C:\\\\Windows\\\\system32\\\\\\r\\nUser: NT AUTHORITY\\\\SYSTEM\\r\\nLogonGuid: {e12a69d9-1f98-6abf-e703-000000000000}\\r\\nLogonId: 0x3E7\\r\\nTerminalSessionId: 0\\r\\nIntegrityLevel: System\\r\\nHashes: MD5=7338D283176336062F1B1190CD12DF71,SHA256=7272962632224709CEBD1E7F4560F99A068E513545B530AD7929A085B6A921AA,IMPHASH=1EE35B64FAD8B6CD71B42D716D178A21\\r\\nParentProcessGuid: {e12a69d9-1f98-6abf-0b00-000000001700}\\r\\nParentProcessId: 684\\r\\nParentImage: C:\\\\Windows\\\\System32\\\\services.exe\\r\\nParentCommandLine: C:\\\\Windows\\\\system32\\\\services.exe\\r\\nParentUser: NT AUTHORITY\\\\SYSTEM\\\"\"},\"eventdata\":{\"utcTime\":\"2026-10-02 03:06:01.806\",\"processGuid\":\"{e12a69d9-1f99-6abf-2c00-000000001700}\",\"processId\":\"2148\",\"image\":\"C:\\\\\\\\ProgramData\\\\\\\\Microsoft\\\\\\\\Windows Defender\\\\\\\\Platform\\\\\\\\4.18.26080.4-0\\\\\\\\MsMpEng.exe\",\"fileVersion\":\"4.18.26080.4 (ccacee407da609d5c2c557d13db39624e32a0227)\",\"description\":\"Antimalware Service Executable\",\"product\":\"Microsoft® Windows® Operating System\",\"company\":\"Microsoft Corporation\",\"originalFileName\":\"MsMpEng.exe\",\"commandLine\":\"\\\\\\\"C:\\\\\\\\ProgramData\\\\\\\\Microsoft\\\\\\\\Windows Defender\\\\\\\\platform\\\\\\\\4.18.26080.4-0\\\\\\\\MsMpEng.exe\\\\\\\"\",\"currentDirectory\":\"C:\\\\\\\\Windows\\\\\\\\system32\\\\\\\\\",\"user\":\"NT AUTHORITY\\\\\\\\SYSTEM\",\"logonGuid\":\"{e12a69d9-1f98-6abf-e703-000000000000}\",\"logonId\":\"0x3e7\",\"terminalSessionId\":\"0\",\"integrityLevel\":\"System\",\"hashes\":\"MD5=7338D283176336062F1B1190CD12DF71,SHA256=7272962632224709CEBD1E7F4560F99A068E513545B530AD7929A085B6A921AA,IMPHASH=1EE35B64FAD8B6CD71B42D716D178A21\",\"parentProcessGuid\":\"{e12a69d9-1f98-6abf-0b00-000000001700}\",\"parentProcessId\":\"684\",\"parentImage\":\"C:\\\\\\\\Windows\\\\\\\\System32\\\\\\\\services.exe\",\"parentCommandLine\":\"C:\\\\\\\\Windows\\\\\\\\system32\\\\\\\\services.exe\",\"parentUser\":\"NT AUTHORITY\\\\\\\\SYSTEM\"}}}","decoder":{"name":"windows_eventchannel"},"data":{"win":{"system":{"providerName":"Microsoft-Windows-Sysmon","providerGuid":"{5770385f-c22a-43e0-bf4c-06f5698ffbd9}","eventID":"1","version":"5","level":"4","task":"1","opcode":"0","keywords":"0x8000000000000000","systemTime":"2026-10-02T03:06:05.7756750Z","eventRecordID":"11244","processID":"2140","threadID":"4056","channel":"Microsoft-Windows-Sysmon/Operational","computer":"WIN10-01.SOC-LAB.LOCAL","severityValue":"INFORMATION","message":"\"Process Create:\r\nRuleName: -\r\nUtcTime: 2026-10-02 03:06:01.806\r\nProcessGuid: {e12a69d9-1f99-6abf-2c00-000000001700}\r\nProcessId: 2148\r\nImage: C:\\ProgramData\\Microsoft\\Windows Defender\\Platform\\4.18.26080.4-0\\MsMpEng.exe\r\nFileVersion: 4.18.26080.4 (ccacee407da609d5c2c557d13db39624e32a0227)\r\nDescription: Antimalware Service Executable\r\nProduct: Microsoft® Windows® Operating System\r\nCompany: Microsoft Corporation\r\nOriginalFileName: MsMpEng.exe\r\nCommandLine: \"C:\\ProgramData\\Microsoft\\Windows Defender\\platform\\4.18.26080.4-0\\MsMpEng.exe\"\r\nCurrentDirectory: C:\\Windows\\system32\\\r\nUser: NT AUTHORITY\\SYSTEM\r\nLogonGuid: {e12a69d9-1f98-6abf-e703-000000000000}\r\nLogonId: 0x3E7\r\nTerminalSessionId: 0\r\nIntegrityLevel: System\r\nHashes: MD5=7338D283176336062F1B1190CD12DF71,SHA256=7272962632224709CEBD1E7F4560F99A068E513545B530AD7929A085B6A921AA,IMPHASH=1EE35B64FAD8B6CD71B42D716D178A21\r\nParentProcessGuid: {e12a69d9-1f98-6abf-0b00-000000001700}\r\nParentProcessId: 684\r\nParentImage: C:\\Windows\\System32\\services.exe\r\nParentCommandLine: C:\\Windows\\system32\\services.exe\r\nParentUser: NT AUTHORITY\\SYSTEM\""},"eventdata":{"utcTime":"2026-10-02 03:06:01.806","processGuid":"{e12a69d9-1f99-6abf-2c00-000000001700}","processId":"2148","image":"C:\\\\ProgramData\\\\Microsoft\\\\Windows Defender\\\\Platform\\\\4.18.26080.4-0\\\\MsMpEng.exe","fileVersion":"4.18.26080.4 (ccacee407da609d5c2c557d13db39624e32a0227)","description":"Antimalware Service Executable","product":"Microsoft® Windows® Operating System","company":"Microsoft Corporation","originalFileName":"MsMpEng.exe","commandLine":"\\\"C:\\\\ProgramData\\\\Microsoft\\\\Windows Defender\\\\platform\\\\4.18.26080.4-0\\\\MsMpEng.exe\\\"","currentDirectory":"C:\\\\Windows\\\\system32\\\\","user":"NT AUTHORITY\\\\SYSTEM","logonGuid":"{e12a69d9-1f98-6abf-e703-000000000000}","logonId":"0x3e7","terminalSessionId":"0","integrityLevel":"System","hashes":"MD5=7338D283176336062F1B1190CD12DF71,SHA256=7272962632224709CEBD1E7F4560F99A068E513545B530AD7929A085B6A921AA,IMPHASH=1EE35B64FAD8B6CD71B42D716D178A21","parentProcessGuid":"{e12a69d9-1f98-6abf-0b00-000000001700}","parentProcessId":"684","parentImage":"C:\\\\Windows\\\\System32\\\\services.exe","parentCommandLine":"C:\\\\Windows\\\\system32\\\\services.exe","parentUser":"NT AUTHORITY\\\\SYSTEM"}}},"location":"EventChannel"}
{"timestamp":"2026-10-02T03:06:33.040+0000","agent":{"id":"001","name":"SOC-WIN10","ip":"192.168.50.20"},"manager":{"name":"soc-wazuh"},"id":"1790910393.42705","full_log":"{\"win\":{\"system\":{\"providerName\":\"Microsoft-Windows-Sysmon\",\"providerGuid\":\"{5770385f-c22a-43e0-bf4c-06f5698ffbd9}\",\"eventID\":\"1\",\"version\":\"5\",\"level\":\"4\",\"task\":\"1\",\"opcode\":\"0\",\"keywords\":\"0x8000000000000000\",\"systemTime\":\"2026-10-02T03:06:05.7929564Z\",\"eventRecordID\":\"11246\",\"processID\":\"2140\",\"threadID\":\"4056\",\"channel\":\"Microsoft-Windows-Sysmon/Operational\",\"computer\":\"WIN10-01.SOC-LAB.LOCAL\",\"severityValue\":\"INFORMATION\",\"message\":\"\\\"Process Create:\\r\\nRuleName: -\\r\\nUtcTime: 2026-10-02 03:06:01.879\\r\\nProcessGuid: {e12a69d9-1f99-6abf-2d00-000000001700}\\r\\nProcessId: 2280\\r\\nImage: C:\\\\Program Files (x86)\\\\SPICE Guest Tools\\\\64\\\\vdagent.exe\\r\\nFileVersion: 0, 5, 1, 0\\r\\nDescription: Spice agent\\r\\nProduct: Red Hat Spice\\r\\nCompany: Red Hat Inc.\\r\\nOriginalFileName: vdagent.exe\\r\\nCommandLine: C:\\\\Program Files (x86)\\\\SPICE Guest Tools\\\\64\\\\vdagent.exe\\r\\nCurrentDirectory: C:\\\\Windows\\\\system32\\\\\\r\\nUser: NT AUTHORITY\\\\SYSTEM\\r\\nLogonGuid: {e12a69d9-1f98-6abf-e703-000000000000}\\r\\nLogonId: 0x3E7\\r\\nTerminalSessionId: 1\\r\\nIntegrityLevel: System\\r\\nHashes: MD5=4584D997C42C288AFEA26F1C85462842,SHA256=26A8C09CF136F4C3888E4FF251B401D9FAD1B162680CE90C74B6F2C42E0CE962,IMPHASH=B2A37D30E0FC1FD1DCB85F832C807C4E\\r\\nParentProcessGuid: {e12a69d9-1f99-6abf-2900-000000001700}\\r\\nParentProcessId: 2088\\r\\nParentImage: C:\\\\Program Files (x86)\\\\SPICE Guest Tools\\\\64\\\\vdservice.exe\\r\\nParentCommandLine: \\\"C:\\\\Program Files (x86)\\\\SPICE Guest Tools\\\\64\\\\vdservice.exe\\\"\\r\\nParentUser: NT AUTHORITY\\\\SYSTEM\\\"\"},\"eventdata\":{\"utcTime\":\"2026-10-02 03:06:01.879\",\"processGuid\":\"{e12a69d9-1f99-6abf-2d00-000000001700}\",\"processId\":\"2280\",\"image\":\"C:\\\\\\\\Program Files (x86)\\\\\\\\SPICE Guest Tools\\\\\\\\64\\\\\\\\vdagent.exe\",\"fileVersion\":\"0, 5, 1, 0\",\"description\":\"Spice agent\",\"product\":\"Red Hat Spice\",\"company\":\"Red Hat Inc.\",\"originalFileName\":\"vdagent.exe\",\"commandLine\":\"C:\\\\\\\\Program Files (x86)\\\\\\\\SPICE Guest Tools\\\\\\\\64\\\\\\\\vdagent.exe\",\"currentDirectory\":\"C:\\\\\\\\Windows\\\\\\\\system32\\\\\\\\\",\"user\":\"NT AUTHORITY\\\\\\\\SYSTEM\",\"logonGuid\":\"{e12a69d9-1f98-6abf-e703-000000000000}\",\"logonId\":\"0x3e7\",\"terminalSessionId\":\"1\",\"integrityLevel\":\"System\",\"hashes\":\"MD5=4584D997C42C288AFEA26F1C85462842,SHA256=26A8C09CF136F4C3888E4FF251B401D9FAD1B162680CE90C74B6F2C42E0CE962,IMPHASH=B2A37D30E0FC1FD1DCB85F832C807C4E\",\"parentProcessGuid\":\"{e12a69d9-1f99-6abf-2900-000000001700}\",\"parentProcessId\":\"2088\",\"parentImage\":\"C:\\\\\\\\Program Files (x86)\\\\\\\\SPICE Guest Tools\\\\\\\\64\\\\\\\\vdservice.exe\",\"parentCommandLine\":\"\\\\\\\"C:\\\\\\\\Program Files (x86)\\\\\\\\SPICE Guest Tools\\\\\\\\64\\\\\\\\vdservice.exe\\\\\\\"\",\"parentUser\":\"NT AUTHORITY\\\\\\\\SYSTEM\"}}}","decoder":{"name":"windows_eventchannel"},"data":{"win":{"system":{"providerName":"Microsoft-Windows-Sysmon","providerGuid":"{5770385f-c22a-43e0-bf4c-06f5698ffbd9}","eventID":"1","version":"5","level":"4","task":"1","opcode":"0","keywords":"0x8000000000000000","systemTime":"2026-10-02T03:06:05.7929564Z","eventRecordID":"11246","processID":"2140","threadID":"4056","channel":"Microsoft-Windows-Sysmon/Operational","computer":"WIN10-01.SOC-LAB.LOCAL","severityValue":"INFORMATION","message":"\"Process Create:\r\nRuleName: -\r\nUtcTime: 2026-10-02 03:06:01.879\r\nProcessGuid: {e12a69d9-1f99-6abf-2d00-000000001700}\r\nProcessId: 2280\r\nImage: C:\\Program Files (x86)\\SPICE Guest Tools\\64\\vdagent.exe\r\nFileVersion: 0, 5, 1, 0\r\nDescription: Spice agent\r\nProduct: Red Hat Spice\r\nCompany: Red Hat Inc.\r\nOriginalFileName: vdagent.exe\r\nCommandLine: C:\\Program Files (x86)\\SPICE Guest Tools\\64\\vdagent.exe\r\nCurrentDirectory: C:\\Windows\\system32\\\r\nUser: NT AUTHORITY\\SYSTEM\r\nLogonGuid: {e12a69d9-1f98-6abf-e703-000000000000}\r\nLogonId: 0x3E7\r\nTerminalSessionId: 1\r\nIntegrityLevel: System\r\nHashes: MD5=4584D997C42C288AFEA26F1C85462842,SHA256=26A8C09CF136F4C3888E4FF251B401D9FAD1B162680CE90C74B6F2C42E0CE962,IMPHASH=B2A37D30E0FC1FD1DCB85F832C807C4E\r\nParentProcessGuid: {e12a69d9-1f99-6abf-2900-000000001700}\r\nParentProcessId: 2088\r\nParentImage: C:\\Program Files (x86)\\SPICE Guest Tools\\64\\vdservice.exe\r\nParentCommandLine: \"C:\\Program Files (x86)\\SPICE Guest Tools\\64\\vdservice.exe\"\r\nParentUser: NT AUTHORITY\\SYSTEM\""},"eventdata":{"utcTime":"2026-10-02 03:06:01.879","processGuid":"{e12a69d9-1f99-6abf-2d00-000000001700}","processId":"2280","image":"C:\\\\Program Files (x86)\\\\SPICE Guest Tools\\\\64\\\\vdagent.exe","fileVersion":"0, 5, 1, 0","description":"Spice agent","product":"Red Hat Spice","company":"Red Hat Inc.","originalFileName":"vdagent.exe","commandLine":"C:\\\\Program Files (x86)\\\\SPICE Guest Tools\\\\64\\\\vdagent.exe","currentDirectory":"C:\\\\Windows\\\\system32\\\\","user":"NT AUTHORITY\\\\SYSTEM","logonGuid":"{e12a69d9-1f98-6abf-e703-000000000000}","logonId":"0x3e7","terminalSessionId":"1","integrityLevel":"System","hashes":"MD5=4584D997C42C288AFEA26F1C85462842,SHA256=26A8C09CF136F4C3888E4FF251B401D9FAD1B162680CE90C74B6F2C42E0CE962,IMPHASH=B2A37D30E0FC1FD1DCB85F832C807C4E","parentProcessGuid":"{e12a69d9-1f99-6abf-2900-000000001700}","parentProcessId":"2088","parentImage":"C:\\\\Program Files (x86)\\\\SPICE Guest Tools\\\\64\\\\vdservice.exe","parentCommandLine":"\\\"C:\\\\Program Files (x86)\\\\SPICE Guest Tools\\\\64\\\\vdservice.exe\\\"","parentUser":"NT AUTHORITY\\\\SYSTEM"}}},"location":"EventChannel"}
