{"timestamp":"2026-10-02T04:53:48.045+0000","agent":{"id":"001","name":"SOC-WIN10","ip":"192.168.50.20"},"manager":{"name":"soc-wazuh"},"id":"1790916828.1253914","full_log":"{\"win\":{\"system\":{\"providerName\":\"Microsoft-Windows-Sysmon\",\"providerGuid\":\"{5770385f-c22a-43e0-bf4c-06f5698ffbd9}\",\"eventID\":\"13\",\"version\":\"2\",\"level\":\"4\",\"task\":\"13\",\"opcode\":\"0\",\"keywords\":\"0x8000000000000000\",\"systemTime\":\"2026-10-02T04:53:46.3829043Z\",\"eventRecordID\":\"12561\",\"processID\":\"2140\",\"threadID\":\"4056\",\"channel\":\"Microsoft-Windows-Sysmon/Operational\",\"computer\":\"WIN10-01.SOC-LAB.LOCAL\",\"severityValue\":\"INFORMATION\",\"message\":\"\\\"Registry value set:\\r\\nRuleName: InvDB\\r\\nEventType: SetValue\\r\\nUtcTime: 2026-10-02 04:53:46.381\\r\\nProcessGuid: {e12a69d9-1f98-6abf-1600-000000001700}\\r\\nProcessId: 8\\r\\nImage: C:\\\\Windows\\\\System32\\\\svchost.exe\\r\\nTargetObject: HKU\\\\S-1-5-21-1324826322-2293316327-2538204677-1108\\\\SOFTWARE\\\\Microsoft\\\\Windows NT\\\\CurrentVersion\\\\AppCompatFlags\\\\Compatibility Assistant\\\\Store\\\\C:\\\\Program Files (x86)\\\\Microsoft\\\\Edge\\\\Application\\\\msedge.exe\\r\\nDetails: Binary Data\\r\\nUser: NT AUTHORITY\\\\SYSTEM\\\"\"},\"eventdata\":{\"ruleName\":\"InvDB\",\"eventType\":\"SetValue\",\"utcTime\":\"2026-10-02 04:53:46.381\",\"processGuid\":\"{e12a69d9-1f98-6abf-1600-000000001700}\",\"processId\":\"8\",\"image\":\"C:\\\\\\\\Windows\\\\\\\\System32\\\\\\\\svchost.exe\",\"targetObject\":\"HKU\\\\\\\\S-1-5-21-1324826322-2293316327-2538204677-1108\\\\\\\\SOFTWARE\\\\\\\\Microsoft\\\\\\\\Windows NT\\\\\\\\CurrentVersion\\\\\\\\AppCompatFlags\\\\\\\\Compatibility Assistant\\\\\\\\Store\\\\\\\\C:\\\\\\\\Program Files (x86)\\\\\\\\Microsoft\\\\\\\\Edge\\\\\\\\Application\\\\\\\\msedge.exe\",\"details\":\"Binary Data\",\"user\":\"NT AUTHORITY\\\\\\\\SYSTEM\"}}}","decoder":{"name":"windows_eventchannel"},"data":{"win":{"system":{"providerName":"Microsoft-Windows-Sysmon","providerGuid":"{5770385f-c22a-43e0-bf4c-06f5698ffbd9}","eventID":"13","version":"2","level":"4","task":"13","opcode":"0","keywords":"0x8000000000000000","systemTime":"2026-10-02T04:53:46.3829043Z","eventRecordID":"12561","processID":"2140","threadID":"4056","channel":"Microsoft-Windows-Sysmon/Operational","computer":"WIN10-01.SOC-LAB.LOCAL","severityValue":"INFORMATION","message":"\"Registry value set:\r\nRuleName: InvDB\r\nEventType: SetValue\r\nUtcTime: 2026-10-02 04:53:46.381\r\nProcessGuid: {e12a69d9-1f98-6abf-1600-000000001700}\r\nProcessId: 8\r\nImage: C:\\Windows\\System32\\svchost.exe\r\nTargetObject: HKU\\S-1-5-21-1324826322-2293316327-2538204677-1108\\SOFTWARE\\Microsoft\\Windows NT\\CurrentVersion\\AppCompatFlags\\Compatibility Assistant\\Store\\C:\\Program Files (x86)\\Microsoft\\Edge\\Application\\msedge.exe\r\nDetails: Binary Data\r\nUser: NT AUTHORITY\\SYSTEM\""},"eventdata":{"ruleName":"InvDB","eventType":"SetValue","utcTime":"2026-10-02 04:53:46.381","processGuid":"{e12a69d9-1f98-6abf-1600-000000001700}","processId":"8","image":"C:\\\\Windows\\\\System32\\\\svchost.exe","targetObject":"HKU\\\\S-1-5-21-1324826322-2293316327-2538204677-1108\\\\SOFTWARE\\\\Microsoft\\\\Windows NT\\\\CurrentVersion\\\\AppCompatFlags\\\\Compatibility Assistant\\\\Store\\\\C:\\\\Program Files (x86)\\\\Microsoft\\\\Edge\\\\Application\\\\msedge.exe","details":"Binary Data","user":"NT AUTHORITY\\\\SYSTEM"}}},"location":"EventChannel"}
{"timestamp":"2026-10-02T04:53:48.044+0000","agent":{"id":"001","name":"SOC-WIN10","ip":"192.168.50.20"},"manager":{"name":"soc-wazuh"},"id":"1790916828.1253914","full_log":"{\"win\":{\"system\":{\"providerName\":\"Microsoft-Windows-Security-Auditing\",\"providerGuid\":\"{54849625-5478-4994-a5ba-3e3b0328c30d}\",\"eventID\":\"5058\",\"version\":\"1\",\"level\":\"0\",\"task\":\"12292\",\"opcode\":\"0\",\"keywords\":\"0x8020000000000000\",\"systemTime\":\"2026-10-02T04:53:46.0499786Z\",\"eventRecordID\":\"14704\",\"processID\":\"704\",\"threadID\":\"3368\",\"channel\":\"Security\",\"computer\":\"WIN10-01.SOC-LAB.LOCAL\",\"severityValue\":\"AUDIT_SUCCESS\",\"message\":\"\\\"Key file operation.\\r\\n\\r\\nSubject:\\r\\n\\tSecurity ID:\\t\\tS-1-5-18\\r\\n\\tAccount Name:\\t\\tWIN10-01$\\r\\n\\tAccount Domain:\\t\\tSOC-LAB\\r\\n\\tLogon ID:\\t\\t0x3E7\\r\\n\\r\\nProcess Information:\\r\\n\\tProcess ID:\\t\\t8168\\r\\n\\tProcess Creation Time:\\t‎2026‎-‎10‎-‎02T04:53:44.826707800Z\\r\\n\\r\\nCryptographic Parameters:\\r\\n\\tProvider Name:\\tMicrosoft Software Key Storage Provider\\r\\n\\tAlgorithm Name:\\tUNKNOWN\\r\\n\\tKey Name:\\tMicrosoft Edgekey1\\r\\n\\tKey Type:\\tUser key.\\r\\n\\r\\nKey File Operation Information:\\r\\n\\tFile Path:\\tC:\\\\ProgramData\\\\Microsoft\\\\Crypto\\\\SystemKeys\\\\2a61780cbc53cdf276b46ac8e1698f67_e12a69d9-1701-4e4d-8310-aaa0a7beaf07\\r\\n\\tOperation:\\tRead persisted key from file.\\r\\n\\tReturn Code:\\t0x0\\\"\"},\"eventdata\":{\"subjectUserSid\":\"S-1-5-18\",\"subjectUserName\":\"WIN10-01$\",\"subjectDomainName\":\"SOC-LAB\",\"subjectLogonId\":\"0x3e7\",\"clientProcessId\":\"8168\",\"clientCreationTime\":\"2026-10-02T04:53:44.8267078Z\",\"providerName\":\"Microsoft Software Key Storage Provider\",\"algorithmName\":\"UNKNOWN\",\"keyName\":\"Microsoft Edgekey1\",\"keyType\":\"%%2500\",\"keyFilePath\":\"C:\\\\\\\\ProgramData\\\\\\\\Microsoft\\\\\\\\Crypto\\\\\\\\SystemKeys\\\\\\\\2a61780cbc53cdf276b46ac8e1698f67_e12a69d9-1701-4e4d-8310-aaa0a7beaf07\",\"operation\":\"%%2458\",\"returnCode\":\"0x0\"}}}","decoder":{"name":"windows_eventchannel"},"data":{"win":{"system":{"providerName":"Microsoft-Windows-Security-Auditing","providerGuid":"{54849625-5478-4994-a5ba-3e3b0328c30d}","eventID":"5058","version":"1","level":"0","task":"12292","opcode":"0","keywords":"0x8020000000000000","systemTime":"2026-10-02T04:53:46.0499786Z","eventRecordID":"14704","processID":"704","threadID":"3368","channel":"Security","computer":"WIN10-01.SOC-LAB.LOCAL","severityValue":"AUDIT_SUCCESS","message":"\"Key file operation.\r\n\r\nSubject:\r\n\tSecurity ID:\t\tS-1-5-18\r\n\tAccount Name:\t\tWIN10-01$\r\n\tAccount Domain:\t\tSOC-LAB\r\n\tLogon ID:\t\t0x3E7\r\n\r\nProcess Information:\r\n\tProcess ID:\t\t8168\r\n\tProcess Creation Time:\t‎2026‎-‎10‎-‎02T04:53:44.826707800Z\r\n\r\nCryptographic Parameters:\r\n\tProvider Name:\tMicrosoft Software Key Storage Provider\r\n\tAlgorithm Name:\tUNKNOWN\r\n\tKey Name:\tMicrosoft Edgekey1\r\n\tKey Type:\tUser key.\r\n\r\nKey File Operation Information:\r\n\tFile Path:\tC:\\ProgramData\\Microsoft\\Crypto\\SystemKeys\\2a61780cbc53cdf276b46ac8e1698f67_e12a69d9-1701-4e4d-8310-aaa0a7beaf07\r\n\tOperation:\tRead persisted key from file.\r\n\tReturn Code:\t0x0\""},"eventdata":{"subjectUserSid":"S-1-5-18","subjectUserName":"WIN10-01$","subjectDomainName":"SOC-LAB","subjectLogonId":"0x3e7","clientProcessId":"8168","clientCreationTime":"2026-10-02T04:53:44.8267078Z","providerName":"Microsoft Software Key Storage Provider","algorithmName":"UNKNOWN","keyName":"Microsoft Edgekey1","keyType":"%%2500","keyFilePath":"C:\\\\ProgramData\\\\Microsoft\\\\Crypto\\\\SystemKeys\\\\2a61780cbc53cdf276b46ac8e1698f67_e12a69d9-1701-4e4d-8310-aaa0a7beaf07","operation":"%%2458","returnCode":"0x0"}}},"location":"EventChannel"}
{"timestamp":"2026-10-02T04:53:48.054+0000","agent":{"id":"001","name":"SOC-WIN10","ip":"192.168.50.20"},"manager":{"name":"soc-wazuh"},"id":"1790916828.1253914","full_log":"{\"win\":{\"system\":{\"providerName\":\"Microsoft-Windows-Security-Auditing\",\"providerGuid\":\"{54849625-5478-4994-a5ba-3e3b0328c30d}\",\"eventID\":\"5061\",\"version\":\"0\",\"level\":\"0\",\"task\":\"12290\",\"opcode\":\"0\",\"keywords\":\"0x8020000000000000\",\"systemTime\":\"2026-10-02T04:53:46.0517812Z\",\"eventRecordID\":\"14705\",\"processID\":\"704\",\"threadID\":\"3368\",\"channel\":\"Security\",\"computer\":\"WIN10-01.SOC-LAB.LOCAL\",\"severityValue\":\"AUDIT_SUCCESS\",\"message\":\"\\\"Cryptographic operation.\\r\\n\\r\\nSubject:\\r\\n\\tSecurity ID:\\t\\tS-1-5-18\\r\\n\\tAccount Name:\\t\\tWIN10-01$\\r\\n\\tAccount Domain:\\t\\tSOC-LAB\\r\\n\\tLogon ID:\\t\\t0x3E7\\r\\n\\r\\nCryptographic Parameters:\\r\\n\\tProvider Name:\\tMicrosoft Software Key Storage Provider\\r\\n\\tAlgorithm Name:\\tAES\\r\\n\\tKey Name:\\tMicrosoft Edgekey1\\r\\n\\tKey Type:\\tUser key.\\r\\n\\r\\nCryptographic Operation:\\r\\n\\tOperation:\\tOpen Key.\\r\\n\\tReturn Code:\\t0x0\\\"\"},\"eventdata\":{\"subjectUserSid\":\"S-1-5-18\",\"subjectUserName\":\"WIN10-01$\",\"subjectDomainName\":\"SOC-LAB\",\"subjectLogonId\":\"0x3e7\",\"providerName\":\"Microsoft Software Key Storage Provider\",\"algorithmName\":\"AES\",\"keyName\":\"Microsoft Edgekey1\",\"keyType\":\"%%2500\",\"operation\":\"%%2480\",\"returnCode\":\"0x0\"}}}","decoder":{"name":"windows_eventchannel"},"data":{"win":{"system":{"providerName":"Microsoft-Windows-Security-Auditing","providerGuid":"{54849625-5478-4994-a5ba-3e3b0328c30d}","eventID":"5061","version":"0","level":"0","task":"12290","opcode":"0","keywords":"0x8020000000000000","systemTime":"2026-10-02T04:53:46.0517812Z","eventRecordID":"14705","processID":"704","threadID":"3368","channel":"Security","computer":"WIN10-01.SOC-LAB.LOCAL","severityValue":"AUDIT_SUCCESS","message":"\"Cryptographic operation.\r\n\r\nSubject:\r\n\tSecurity ID:\t\tS-1-5-18\r\n\tAccount Name:\t\tWIN10-01$\r\n\tAccount Domain:\t\tSOC-LAB\r\n\tLogon ID:\t\t0x3E7\r\n\r\nCryptographic Parameters:\r\n\tProvider Name:\tMicrosoft Software Key Storage Provider\r\n\tAlgorithm Name:\tAES\r\n\tKey Name:\tMicrosoft Edgekey1\r\n\tKey Type:\tUser key.\r\n\r\nCryptographic Operation:\r\n\tOperation:\tOpen Key.\r\n\tReturn Code:\t0x0\""},"eventdata":{"subjectUserSid":"S-1-5-18","subjectUserName":"WIN10-01$","subjectDomainName":"SOC-LAB","subjectLogonId":"0x3e7","providerName":"Microsoft Software Key Storage Provider","algorithmName":"AES","keyName":"Microsoft Edgekey1","keyType":"%%2500","operation":"%%2480","returnCode":"0x0"}}},"location":"EventChannel"}
{"timestamp":"2026-10-02T04:53:51.218+0000","agent":{"id":"001","name":"SOC-WIN10","ip":"192.168.50.20"},"manager":{"name":"soc-wazuh"},"id":"1790916831.1253914","full_log":"{\"win\":{\"system\":{\"providerName\":\"Microsoft-Windows-Sysmon\",\"providerGuid\":\"{5770385f-c22a-43e0-bf4c-06f5698ffbd9}\",\"eventID\":\"12\",\"version\":\"2\",\"level\":\"4\",\"task\":\"12\",\"opcode\":\"0\",\"keywords\":\"0x8000000000000000\",\"systemTime\":\"2026-10-02T04:53:49.2596723Z\",\"eventRecordID\":\"12562\",\"processID\":\"2140\",\"threadID\":\"4056\",\"channel\":\"Microsoft-Windows-Sysmon/Operational\",\"computer\":\"WIN10-01.SOC-LAB.LOCAL\",\"severityValue\":\"INFORMATION\",\"message\":\"\\\"Registry object added or deleted:\\r\\nRuleName: T1060,RunKey\\r\\nEventType: DeleteValue\\r\\nUtcTime: 2026-10-02 04:53:49.253\\r\\nProcessGuid: {e12a69d9-38d8-6abf-3503-000000001700}\\r\\nProcessId: 7824\\r\\nImage: C:\\\\Program Files (x86)\\\\Microsoft\\\\Edge\\\\Application\\\\msedge.exe\\r\\nTargetObject: HKU\\\\S-1-5-21-1324826322-2293316327-2538204677-1108\\\\SOFTWARE\\\\Microsoft\\\\Windows\\\\CurrentVersion\\\\Run\\\\MicrosoftEdgeAutoLaunch_EC7A0D1E60FBAA975E56D3FFE1C152F0\\r\\nUser: SOC-LAB\\\\nam.user\\\"\"},\"eventdata\":{\"ruleName\":\"T1060,RunKey\",\"eventType\":\"DeleteValue\",\"utcTime\":\"2026-10-02 04:53:49.253\",\"processGuid\":\"{e12a69d9-38d8-6abf-3503-000000001700}\",\"processId\":\"7824\",\"image\":\"C:\\\\\\\\Program Files (x86)\\\\\\\\Microsoft\\\\\\\\Edge\\\\\\\\Application\\\\\\\\msedge.exe\",\"targetObject\":\"HKU\\\\\\\\S-1-5-21-1324826322-2293316327-2538204677-1108\\\\\\\\SOFTWARE\\\\\\\\Microsoft\\\\\\\\Windows\\\\\\\\CurrentVersion\\\\\\\\Run\\\\\\\\MicrosoftEdgeAutoLaunch_EC7A0D1E60FBAA975E56D3FFE1C152F0\",\"user\":\"SOC-LAB\\\\\\\\nam.user\"}}}","decoder":{"name":"windows_eventchannel"},"data":{"win":{"system":{"providerName":"Microsoft-Windows-Sysmon","providerGuid":"{5770385f-c22a-43e0-bf4c-06f5698ffbd9}","eventID":"12","version":"2","level":"4","task":"12","opcode":"0","keywords":"0x8000000000000000","systemTime":"2026-10-02T04:53:49.2596723Z","eventRecordID":"12562","processID":"2140","threadID":"4056","channel":"Microsoft-Windows-Sysmon/Operational","computer":"WIN10-01.SOC-LAB.LOCAL","severityValue":"INFORMATION","message":"\"Registry object added or deleted:\r\nRuleName: T1060,RunKey\r\nEventType: DeleteValue\r\nUtcTime: 2026-10-02 04:53:49.253\r\nProcessGuid: {e12a69d9-38d8-6abf-3503-000000001700}\r\nProcessId: 7824\r\nImage: C:\\Program Files (x86)\\Microsoft\\Edge\\Application\\msedge.exe\r\nTargetObject: HKU\\S-1-5-21-1324826322-2293316327-2538204677-1108\\SOFTWARE\\Microsoft\\Windows\\CurrentVersion\\Run\\MicrosoftEdgeAutoLaunch_EC7A0D1E60FBAA975E56D3FFE1C152F0\r\nUser: SOC-LAB\\nam.user\""},"eventdata":{"ruleName":"T1060,RunKey","eventType":"DeleteValue","utcTime":"2026-10-02 04:53:49.253","processGuid":"{e12a69d9-38d8-6abf-3503-000000001700}","processId":"7824","image":"C:\\\\Program Files (x86)\\\\Microsoft\\\\Edge\\\\Application\\\\msedge.exe","targetObject":"HKU\\\\S-1-5-21-1324826322-2293316327-2538204677-1108\\\\SOFTWARE\\\\Microsoft\\\\Windows\\\\CurrentVersion\\\\Run\\\\MicrosoftEdgeAutoLaunch_EC7A0D1E60FBAA975E56D3FFE1C152F0","user":"SOC-LAB\\\\nam.user"}}},"location":"EventChannel"}
{"timestamp":"2026-10-02T04:53:51.220+0000","rule":{"level":7,"description":"SOC Lab: Registry Run Key modification detected - HKU\\\\S-1-5-21-1324826322-2293316327-2538204677-1108\\\\SOFTWARE\\\\Microsoft\\\\Windows\\\\CurrentVersion\\\\Run\\\\MicrosoftEdgeAutoLaunch_EC7A0D1E60FBAA975E56D3FFE1C152F0","id":"100501","mitre":{"id":["T1112","T1547.001"],"tactic":["Defense Evasion","Persistence","Privilege Escalation"],"technique":["Modify Registry","Registry Run Keys / Startup Folder"]},"firedtimes":5,"mail":false,"groups":["local","windows","sysmon","soc_lab"]},"agent":{"id":"001","name":"SOC-WIN10","ip":"192.168.50.20"},"manager":{"name":"soc-wazuh"},"id":"1790916831.1254284","full_log":"{\"win\":{\"system\":{\"providerName\":\"Microsoft-Windows-Sysmon\",\"providerGuid\":\"{5770385f-c22a-43e0-bf4c-06f5698ffbd9}\",\"eventID\":\"13\",\"version\":\"2\",\"level\":\"4\",\"task\":\"13\",\"opcode\":\"0\",\"keywords\":\"0x8000000000000000\",\"systemTime\":\"2026-10-02T04:53:49.2608021Z\",\"eventRecordID\":\"12563\",\"processID\":\"2140\",\"threadID\":\"4056\",\"channel\":\"Microsoft-Windows-Sysmon/Operational\",\"computer\":\"WIN10-01.SOC-LAB.LOCAL\",\"severityValue\":\"INFORMATION\",\"message\":\"\\\"Registry value set:\\r\\nRuleName: T1060,RunKey\\r\\nEventType: SetValue\\r\\nUtcTime: 2026-10-02 04:53:49.253\\r\\nProcessGuid: {e12a69d9-38d8-6abf-3503-000000001700}\\r\\nProcessId: 7824\\r\\nImage: C:\\\\Program Files (x86)\\\\Microsoft\\\\Edge\\\\Application\\\\msedge.exe\\r\\nTargetObject: HKU\\\\S-1-5-21-1324826322-2293316327-2538204677-1108\\\\SOFTWARE\\\\Microsoft\\\\Windows\\\\CurrentVersion\\\\Run\\\\MicrosoftEdgeAutoLaunch_EC7A0D1E60FBAA975E56D3FFE1C152F0\\r\\nDetails: \\\"C:\\\\Program Files (x86)\\\\Microsoft\\\\Edge\\\\Application\\\\msedge.exe\\\" --no-startup-window --win-session-start\\r\\nUser: SOC-LAB\\\\nam.user\\\"\"},\"eventdata\":{\"ruleName\":\"T1060,RunKey\",\"eventType\":\"SetValue\",\"utcTime\":\"2026-10-02 04:53:49.253\",\"processGuid\":\"{e12a69d9-38d8-6abf-3503-000000001700}\",\"processId\":\"7824\",\"image\":\"C:\\\\\\\\Program Files (x86)\\\\\\\\Microsoft\\\\\\\\Edge\\\\\\\\Application\\\\\\\\msedge.exe\",\"targetObject\":\"HKU\\\\\\\\S-1-5-21-1324826322-2293316327-2538204677-1108\\\\\\\\SOFTWARE\\\\\\\\Microsoft\\\\\\\\Windows\\\\\\\\CurrentVersion\\\\\\\\Run\\\\\\\\MicrosoftEdgeAutoLaunch_EC7A0D1E60FBAA975E56D3FFE1C152F0\",\"details\":\"\\\\\\\"C:\\\\\\\\Program Files (x86)\\\\\\\\Microsoft\\\\\\\\Edge\\\\\\\\Application\\\\\\\\msedge.exe\\\\\\\" --no-startup-window --win-session-start\",\"user\":\"SOC-LAB\\\\\\\\nam.user\"}}}","decoder":{"name":"windows_eventchannel"},"data":{"win":{"system":{"providerName":"Microsoft-Windows-Sysmon","providerGuid":"{5770385f-c22a-43e0-bf4c-06f5698ffbd9}","eventID":"13","version":"2","level":"4","task":"13","opcode":"0","keywords":"0x8000000000000000","systemTime":"2026-10-02T04:53:49.2608021Z","eventRecordID":"12563","processID":"2140","threadID":"4056","channel":"Microsoft-Windows-Sysmon/Operational","computer":"WIN10-01.SOC-LAB.LOCAL","severityValue":"INFORMATION","message":"\"Registry value set:\r\nRuleName: T1060,RunKey\r\nEventType: SetValue\r\nUtcTime: 2026-10-02 04:53:49.253\r\nProcessGuid: {e12a69d9-38d8-6abf-3503-000000001700}\r\nProcessId: 7824\r\nImage: C:\\Program Files (x86)\\Microsoft\\Edge\\Application\\msedge.exe\r\nTargetObject: HKU\\S-1-5-21-1324826322-2293316327-2538204677-1108\\SOFTWARE\\Microsoft\\Windows\\CurrentVersion\\Run\\MicrosoftEdgeAutoLaunch_EC7A0D1E60FBAA975E56D3FFE1C152F0\r\nDetails: \"C:\\Program Files (x86)\\Microsoft\\Edge\\Application\\msedge.exe\" --no-startup-window --win-session-start\r\nUser: SOC-LAB\\nam.user\""},"eventdata":{"ruleName":"T1060,RunKey","eventType":"SetValue","utcTime":"2026-10-02 04:53:49.253","processGuid":"{e12a69d9-38d8-6abf-3503-000000001700}","processId":"7824","image":"C:\\\\Program Files (x86)\\\\Microsoft\\\\Edge\\\\Application\\\\msedge.exe","targetObject":"HKU\\\\S-1-5-21-1324826322-2293316327-2538204677-1108\\\\SOFTWARE\\\\Microsoft\\\\Windows\\\\CurrentVersion\\\\Run\\\\MicrosoftEdgeAutoLaunch_EC7A0D1E60FBAA975E56D3FFE1C152F0","details":"\\\"C:\\\\Program Files (x86)\\\\Microsoft\\\\Edge\\\\Application\\\\msedge.exe\\\" --no-startup-window --win-session-start","user":"SOC-LAB\\\\nam.user"}}},"location":"EventChannel"}
{"timestamp":"2026-10-02T04:53:51.232+0000","agent":{"id":"001","name":"SOC-WIN10","ip":"192.168.50.20"},"manager":{"name":"soc-wazuh"},"id":"1790916831.1254284","full_log":"{\"win\":{\"system\":{\"providerName\":\"Microsoft-Windows-Sysmon\",\"providerGuid\":\"{5770385f-c22a-43e0-bf4c-06f5698ffbd9}\",\"eventID\":\"1\",\"version\":\"5\",\"level\":\"4\",\"task\":\"1\",\"opcode\":\"0\",\"keywords\":\"0x8000000000000000\",\"systemTime\":\"2026-10-02T04:53:49.2844479Z\",\"eventRecordID\":\"12564\",\"processID\":\"2140\",\"threadID\":\"4056\",\"channel\":\"Microsoft-Windows-Sysmon/Operational\",\"computer\":\"WIN10-01.SOC-LAB.LOCAL\",\"severityValue\":\"INFORMATION\",\"message\":\"\\\"Process Create:\\r\\nRuleName: -\\r\\nUtcTime: 2026-10-02 04:53:49.279\\r\\nProcessGuid: {e12a69d9-38dd-6abf-3d03-000000001700}\\r\\nProcessId: 2956\\r\\nImage: C:\\\\Program Files (x86)\\\\Microsoft\\\\Edge\\\\Application\\\\msedge.exe\\r\\nFileVersion: 154.0.4258.48\\r\\nDescription: Microsoft Edge\\r\\nProduct: Microsoft Edge\\r\\nCompany: Microsoft Corporation\\r\\nOriginalFileName: msedge.exe\\r\\nCommandLine: \\\"C:\\\\Program Files (x86)\\\\Microsoft\\\\Edge\\\\Application\\\\msedge.exe\\\" --no-startup-window /prefetch:5\\r\\nCurrentDirectory: C:\\\\Program Files (x86)\\\\Microsoft\\\\Edge\\\\Application\\\\\\r\\nUser: SOC-LAB\\\\nam.user\\r\\nLogonGuid: {e12a69d9-1fab-6abf-e90d-090000000000}\\r\\nLogonId: 0x90DE9\\r\\nTerminalSessionId: 1\\r\\nIntegrityLevel: Medium\\r\\nHashes: MD5=C1980CDF20E3DA190B3BC8F21C0B9A6A,SHA256=64670D599EDC778D7A2A7DB70A98791799FE027A9858EFF7EEB28D31975DBA3C,IMPHASH=D38C0D5E659AA4EF1F1B1B3C4C20C711\\r\\nParentProcessGuid: {e12a69d9-38d8-6abf-3503-000000001700}\\r\\nParentProcessId: 7824\\r\\nParentImage: C:\\\\Program Files (x86)\\\\Microsoft\\\\Edge\\\\Application\\\\msedge.exe\\r\\nParentCommandLine: \\\"C:\\\\Program Files (x86)\\\\Microsoft\\\\Edge\\\\Application\\\\msedge.exe\\\" --profile-directory=Default\\r\\nParentUser: SOC-LAB\\\\nam.user\\\"\"},\"eventdata\":{\"utcTime\":\"2026-10-02 04:53:49.279\",\"processGuid\":\"{e12a69d9-38dd-6abf-3d03-000000001700}\",\"processId\":\"2956\",\"image\":\"C:\\\\\\\\Program Files (x86)\\\\\\\\Microsoft\\\\\\\\Edge\\\\\\\\Application\\\\\\\\msedge.exe\",\"fileVersion\":\"154.0.4258.48\",\"description\":\"Microsoft Edge\",\"product\":\"Microsoft Edge\",\"company\":\"Microsoft Corporation\",\"originalFileName\":\"msedge.exe\",\"commandLine\":\"\\\\\\\"C:\\\\\\\\Program Files (x86)\\\\\\\\Microsoft\\\\\\\\Edge\\\\\\\\Application\\\\\\\\msedge.exe\\\\\\\" --no-startup-window /prefetch:5\",\"currentDirectory\":\"C:\\\\\\\\Program Files (x86)\\\\\\\\Microsoft\\\\\\\\Edge\\\\\\\\Application\\\\\\\\\",\"user\":\"SOC-LAB\\\\\\\\nam.user\",\"logonGuid\":\"{e12a69d9-1fab-6abf-e90d-090000000000}\",\"logonId\":\"0x90de9\",\"terminalSessionId\":\"1\",\"integrityLevel\":\"Medium\",\"hashes\":\"MD5=C1980CDF20E3DA190B3BC8F21C0B9A6A,SHA256=64670D599EDC778D7A2A7DB70A98791799FE027A9858EFF7EEB28D31975DBA3C,IMPHASH=D38C0D5E659AA4EF1F1B1B3C4C20C711\",\"parentProcessGuid\":\"{e12a69d9-38d8-6abf-3503-000000001700}\",\"parentProcessId\":\"7824\",\"parentImage\":\"C:\\\\\\\\Program Files (x86)\\\\\\\\Microsoft\\\\\\\\Edge\\\\\\\\Application\\\\\\\\msedge.exe\",\"parentCommandLine\":\"\\\\\\\"C:\\\\\\\\Program Files (x86)\\\\\\\\Microsoft\\\\\\\\Edge\\\\\\\\Application\\\\\\\\msedge.exe\\\\\\\" --profile-directory=Default\",\"parentUser\":\"SOC-LAB\\\\\\\\nam.user\"}}}","decoder":{"name":"windows_eventchannel"},"data":{"win":{"system":{"providerName":"Microsoft-Windows-Sysmon","providerGuid":"{5770385f-c22a-43e0-bf4c-06f5698ffbd9}","eventID":"1","version":"5","level":"4","task":"1","opcode":"0","keywords":"0x8000000000000000","systemTime":"2026-10-02T04:53:49.2844479Z","eventRecordID":"12564","processID":"2140","threadID":"4056","channel":"Microsoft-Windows-Sysmon/Operational","computer":"WIN10-01.SOC-LAB.LOCAL","severityValue":"INFORMATION","message":"\"Process Create:\r\nRuleName: -\r\nUtcTime: 2026-10-02 04:53:49.279\r\nProcessGuid: {e12a69d9-38dd-6abf-3d03-000000001700}\r\nProcessId: 2956\r\nImage: C:\\Program Files (x86)\\Microsoft\\Edge\\Application\\msedge.exe\r\nFileVersion: 154.0.4258.48\r\nDescription: Microsoft Edge\r\nProduct: Microsoft Edge\r\nCompany: Microsoft Corporation\r\nOriginalFileName: msedge.exe\r\nCommandLine: \"C:\\Program Files (x86)\\Microsoft\\Edge\\Application\\msedge.exe\" --no-startup-window /prefetch:5\r\nCurrentDirectory: C:\\Program Files (x86)\\Microsoft\\Edge\\Application\\\r\nUser: SOC-LAB\\nam.user\r\nLogonGuid: {e12a69d9-1fab-6abf-e90d-090000000000}\r\nLogonId: 0x90DE9\r\nTerminalSessionId: 1\r\nIntegrityLevel: Medium\r\nHashes: MD5=C1980CDF20E3DA190B3BC8F21C0B9A6A,SHA256=64670D599EDC778D7A2A7DB70A98791799FE027A9858EFF7EEB28D31975DBA3C,IMPHASH=D38C0D5E659AA4EF1F1B1B3C4C20C711\r\nParentProcessGuid: {e12a69d9-38d8-6abf-3503-000000001700}\r\nParentProcessId: 7824\r\nParentImage: C:\\Program Files (x86)\\Microsoft\\Edge\\Application\\msedge.exe\r\nParentCommandLine: \"C:\\Program Files (x86)\\Microsoft\\Edge\\Application\\msedge.exe\" --profile-directory=Default\r\nParentUser: SOC-LAB\\nam.user\""},"eventdata":{"utcTime":"2026-10-02 04:53:49.279","processGuid":"{e12a69d9-38dd-6abf-3d03-000000001700}","processId":"2956","image":"C:\\\\Program Files (x86)\\\\Microsoft\\\\Edge\\\\Application\\\\msedge.exe","fileVersion":"154.0.4258.48","description":"Microsoft Edge","product":"Microsoft Edge","company":"Microsoft Corporation","originalFileName":"msedge.exe","commandLine":"\\\"C:\\\\Program Files (x86)\\\\Microsoft\\\\Edge\\\\Application\\\\msedge.exe\\\" --no-startup-window /prefetch:5","currentDirectory":"C:\\\\Program Files (x86)\\\\Microsoft\\\\Edge\\\\Application\\\\","user":"SOC-LAB\\\\nam.user","logonGuid":"{e12a69d9-1fab-6abf-e90d-090000000000}","logonId":"0x90de9","terminalSessionId":"1","integrityLevel":"Medium","hashes":"MD5=C1980CDF20E3DA190B3BC8F21C0B9A6A,SHA256=64670D599EDC778D7A2A7DB70A98791799FE027A9858EFF7EEB28D31975DBA3C,IMPHASH=D38C0D5E659AA4EF1F1B1B3C4C20C711","parentProcessGuid":"{e12a69d9-38d8-6abf-3503-000000001700}","parentProcessId":"7824","parentImage":"C:\\\\Program Files (x86)\\\\Microsoft\\\\Edge\\\\Application\\\\msedge.exe","parentCommandLine":"\\\"C:\\\\Program Files (x86)\\\\Microsoft\\\\Edge\\\\Application\\\\msedge.exe\\\" --profile-directory=Default","parentUser":"SOC-LAB\\\\nam.user"}}},"location":"EventChannel"}
{"timestamp":"2026-10-02T04:53:51.249+0000","agent":{"id":"001","name":"SOC-WIN10","ip":"192.168.50.20"},"manager":{"name":"soc-wazuh"},"id":"1790916831.1254284","full_log":"{\"win\":{\"system\":{\"providerName\":\"Microsoft-Windows-Sysmon\",\"providerGuid\":\"{5770385f-c22a-43e0-bf4c-06f5698ffbd9}\",\"eventID\":\"1\",\"version\":\"5\",\"level\":\"4\",\"task\":\"1\",\"opcode\":\"0\",\"keywords\":\"0x8000000000000000\",\"systemTime\":\"2026-10-02T04:53:49.4478570Z\",\"eventRecordID\":\"12565\",\"processID\":\"2140\",\"threadID\":\"4056\",\"channel\":\"Microsoft-Windows-Sysmon/Operational\",\"computer\":\"WIN10-01.SOC-LAB.LOCAL\",\"severityValue\":\"INFORMATION\",\"message\":\"\\\"Process Create:\\r\\nRuleName: -\\r\\nUtcTime: 2026-10-02 04:53:49.441\\r\\nProcessGuid: {e12a69d9-38dd-6abf-3e03-000000001700}\\r\\nProcessId: 6036\\r\\nImage: C:\\\\Program Files (x86)\\\\Microsoft\\\\Edge\\\\Application\\\\msedge.exe\\r\\nFileVersion: 154.0.4258.48\\r\\nDescription: Microsoft Edge\\r\\nProduct: Microsoft Edge\\r\\nCompany: Microsoft Corporation\\r\\nOriginalFileName: msedge.exe\\r\\nCommandLine: \\\"C:\\\\Program Files (x86)\\\\Microsoft\\\\Edge\\\\Application\\\\msedge.exe\\\" --type=crashpad-handler \\\"--user-data-dir=C:\\\\Users\\\\nam.user\\\\AppData\\\\Local\\\\Microsoft\\\\Edge\\\\User Data\\\" /prefetch:4 --monitor-self-annotation=ptype=crashpad-handler \\\"--database=C:\\\\Users\\\\nam.user\\\\AppData\\\\Local\\\\Microsoft\\\\Edge\\\\User Data\\\\Crashpad\\\" \\\"--metrics-dir=C:\\\\Users\\\\nam.user\\\\AppData\\\\Local\\\\Microsoft\\\\Edge\\\\User Data\\\" --annotation=IsOfficialBuild=1 --annotation=channel= --annotation=chromium-version=154.0.8037.58 \\\"--annotation=exe=C:\\\\Program Files (x86)\\\\Microsoft\\\\Edge\\\\Application\\\\msedge.exe\\\" --annotation=plat=Win64 --annotation=prod=Edge --annotation=ver=154.0.4258.48 --initial-client-data=0x27c,0x280,0x284,0x278,0x28c,0x7ff805c783e0,0x7ff805c783f0,0x7ff805c78400\\r\\nCurrentDirectory: C:\\\\Program Files (x86)\\\\Microsoft\\\\Edge\\\\Application\\\\154.0.4258.48\\\\\\r\\nUser: SOC-LAB\\\\nam.user\\r\\nLogonGuid: {e12a69d9-1fab-6abf-e90d-090000000000}\\r\\nLogonId: 0x90DE9\\r\\nTerminalSessionId: 1\\r\\nIntegrityLevel: Medium\\r\\nHashes: MD5=C1980CDF20E3DA190B3BC8F21C0B9A6A,SHA256=64670D599EDC778D7A2A7DB70A98791799FE027A9858EFF7EEB28D31975DBA3C,IMPHASH=D38C0D5E659AA4EF1F1B1B3C4C20C711\\r\\nParentProcessGuid: {e12a69d9-38dd-6abf-3d03-000000001700}\\r\\nParentProcessId: 2956\\r\\nParentImage: C:\\\\Program Files (x86)\\\\Microsoft\\\\Edge\\\\Application\\\\msedge.exe\\r\\nParentCommandLine: \\\"C:\\\\Program Files (x86)\\\\Microsoft\\\\Edge\\\\Application\\\\msedge.exe\\\" --no-startup-window /prefetch:5\\r\\nParentUser: SOC-LAB\\\\nam.user\\\"\"},\"eventdata\":{\"utcTime\":\"2026-10-02 04:53:49.441\",\"processGuid\":\"{e12a69d9-38dd-6abf-3e03-000000001700}\",\"processId\":\"6036\",\"image\":\"C:\\\\\\\\Program Files (x86)\\\\\\\\Microsoft\\\\\\\\Edge\\\\\\\\Application\\\\\\\\msedge.exe\",\"fileVersion\":\"154.0.4258.48\",\"description\":\"Microsoft Edge\",\"product\":\"Microsoft Edge\",\"company\":\"Microsoft Corporation\",\"originalFileName\":\"msedge.exe\",\"commandLine\":\"\\\\\\\"C:\\\\\\\\Program Files (x86)\\\\\\\\Microsoft\\\\\\\\Edge\\\\\\\\Application\\\\\\\\msedge.exe\\\\\\\" --type=crashpad-handler \\\\\\\"--user-data-dir=C:\\\\\\\\Users\\\\\\\\nam.user\\\\\\\\AppData\\\\\\\\Local\\\\\\\\Microsoft\\\\\\\\Edge\\\\\\\\User Data\\\\\\\" /prefetch:4 --monitor-self-annotation=ptype=crashpad-handler \\\\\\\"--database=C:\\\\\\\\Users\\\\\\\\nam.user\\\\\\\\AppData\\\\\\\\Local\\\\\\\\Microsoft\\\\\\\\Edge\\\\\\\\User Data\\\\\\\\Crashpad\\\\\\\" \\\\\\\"--metrics-dir=C:\\\\\\\\Users\\\\\\\\nam.user\\\\\\\\AppData\\\\\\\\Local\\\\\\\\Microsoft\\\\\\\\Edge\\\\\\\\User Data\\\\\\\" --annotation=IsOfficialBuild=1 --annotation=channel= --annotation=chromium-version=154.0.8037.58 \\\\\\\"--annotation=exe=C:\\\\\\\\Program Files (x86)\\\\\\\\Microsoft\\\\\\\\Edge\\\\\\\\Application\\\\\\\\msedge.exe\\\\\\\" --annotation=plat=Win64 --annotation=prod=Edge --annotation=ver=154.0.4258.48 --initial-client-data=0x27c,0x280,0x284,0x278,0x28c,0x7ff805c783e0,0x7ff805c783f0,0x7ff805c78400\",\"currentDirectory\":\"C:\\\\\\\\Program Files (x86)\\\\\\\\Microsoft\\\\\\\\Edge\\\\\\\\Application\\\\\\\\154.0.4258.48\\\\\\\\\",\"user\":\"SOC-LAB\\\\\\\\nam.user\",\"logonGuid\":\"{e12a69d9-1fab-6abf-e90d-090000000000}\",\"logonId\":\"0x90de9\",\"terminalSessionId\":\"1\",\"integrityLevel\":\"Medium\",\"hashes\":\"MD5=C1980CDF20E3DA190B3BC8F21C0B9A6A,SHA256=64670D599EDC778D7A2A7DB70A98791799FE027A9858EFF7EEB28D31975DBA3C,IMPHASH=D38C0D5E659AA4EF1F1B1B3C4C20C711\",\"parentProcessGuid\":\"{e12a69d9-38dd-6abf-3d03-000000001700}\",\"parentProcessId\":\"2956\",\"parentImage\":\"C:\\\\\\\\Program Files (x86)\\\\\\\\Microsoft\\\\\\\\Edge\\\\\\\\Application\\\\\\\\msedge.exe\",\"parentCommandLine\":\"\\\\\\\"C:\\\\\\\\Program Files (x86)\\\\\\\\Microsoft\\\\\\\\Edge\\\\\\\\Application\\\\\\\\msedge.exe\\\\\\\" --no-startup-window /prefetch:5\",\"parentUser\":\"SOC-LAB\\\\\\\\nam.user\"}}}","decoder":{"name":"windows_eventchannel"},"data":{"win":{"system":{"providerName":"Microsoft-Windows-Sysmon","providerGuid":"{5770385f-c22a-43e0-bf4c-06f5698ffbd9}","eventID":"1","version":"5","level":"4","task":"1","opcode":"0","keywords":"0x8000000000000000","systemTime":"2026-10-02T04:53:49.4478570Z","eventRecordID":"12565","processID":"2140","threadID":"4056","channel":"Microsoft-Windows-Sysmon/Operational","computer":"WIN10-01.SOC-LAB.LOCAL","severityValue":"INFORMATION","message":"\"Process Create:\r\nRuleName: -\r\nUtcTime: 2026-10-02 04:53:49.441\r\nProcessGuid: {e12a69d9-38dd-6abf-3e03-000000001700}\r\nProcessId: 6036\r\nImage: C:\\Program Files (x86)\\Microsoft\\Edge\\Application\\msedge.exe\r\nFileVersion: 154.0.4258.48\r\nDescription: Microsoft Edge\r\nProduct: Microsoft Edge\r\nCompany: Microsoft Corporation\r\nOriginalFileName: msedge.exe\r\nCommandLine: \"C:\\Program Files (x86)\\Microsoft\\Edge\\Application\\msedge.exe\" --type=crashpad-handler \"--user-data-dir=C:\\Users\\nam.user\\AppData\\Local\\Microsoft\\Edge\\User Data\" /prefetch:4 --monitor-self-annotation=ptype=crashpad-handler \"--database=C:\\Users\\nam.user\\AppData\\Local\\Microsoft\\Edge\\User Data\\Crashpad\" \"--metrics-dir=C:\\Users\\nam.user\\AppData\\Local\\Microsoft\\Edge\\User Data\" --annotation=IsOfficialBuild=1 --annotation=channel= --annotation=chromium-version=154.0.8037.58 \"--annotation=exe=C:\\Program Files (x86)\\Microsoft\\Edge\\Application\\msedge.exe\" --annotation=plat=Win64 --annotation=prod=Edge --annotation=ver=154.0.4258.48 --initial-client-data=0x27c,0x280,0x284,0x278,0x28c,0x7ff805c783e0,0x7ff805c783f0,0x7ff805c78400\r\nCurrentDirectory: C:\\Program Files (x86)\\Microsoft\\Edge\\Application\\154.0.4258.48\\\r\nUser: SOC-LAB\\nam.user\r\nLogonGuid: {e12a69d9-1fab-6abf-e90d-090000000000}\r\nLogonId: 0x90DE9\r\nTerminalSessionId: 1\r\nIntegrityLevel: Medium\r\nHashes: MD5=C1980CDF20E3DA190B3BC8F21C0B9A6A,SHA256=64670D599EDC778D7A2A7DB70A98791799FE027A9858EFF7EEB28D31975DBA3C,IMPHASH=D38C0D5E659AA4EF1F1B1B3C4C20C711\r\nParentProcessGuid: {e12a69d9-38dd-6abf-3d03-000000001700}\r\nParentProcessId: 2956\r\nParentImage: C:\\Program Files (x86)\\Microsoft\\Edge\\Application\\msedge.exe\r\nParentCommandLine: \"C:\\Program Files (x86)\\Microsoft\\Edge\\Application\\msedge.exe\" --no-startup-window /prefetch:5\r\nParentUser: SOC-LAB\\nam.user\""},"eventdata":{"utcTime":"2026-10-02 04:53:49.441","processGuid":"{e12a69d9-38dd-6abf-3e03-000000001700}","processId":"6036","image":"C:\\\\Program Files (x86)\\\\Microsoft\\\\Edge\\\\Application\\\\msedge.exe","fileVersion":"154.0.4258.48","description":"Microsoft Edge","product":"Microsoft Edge","company":"Microsoft Corporation","originalFileName":"msedge.exe","commandLine":"\\\"C:\\\\Program Files (x86)\\\\Microsoft\\\\Edge\\\\Application\\\\msedge.exe\\\" --type=crashpad-handler \\\"--user-data-dir=C:\\\\Users\\\\nam.user\\\\AppData\\\\Local\\\\Microsoft\\\\Edge\\\\User Data\\\" /prefetch:4 --monitor-self-annotation=ptype=crashpad-handler \\\"--database=C:\\\\Users\\\\nam.user\\\\AppData\\\\Local\\\\Microsoft\\\\Edge\\\\User Data\\\\Crashpad\\\" \\\"--metrics-dir=C:\\\\Users\\\\nam.user\\\\AppData\\\\Local\\\\Microsoft\\\\Edge\\\\User Data\\\" --annotation=IsOfficialBuild=1 --annotation=channel= --annotation=chromium-version=154.0.8037.58 \\\"--annotation=exe=C:\\\\Program Files (x86)\\\\Microsoft\\\\Edge\\\\Application\\\\msedge.exe\\\" --annotation=plat=Win64 --annotation=prod=Edge --annotation=ver=154.0.4258.48 --initial-client-data=0x27c,0x280,0x284,0x278,0x28c,0x7ff805c783e0,0x7ff805c783f0,0x7ff805c78400","currentDirectory":"C:\\\\Program Files (x86)\\\\Microsoft\\\\Edge\\\\Application\\\\154.0.4258.48\\\\","user":"SOC-LAB\\\\nam.user","logonGuid":"{e12a69d9-1fab-6abf-e90d-090000000000}","logonId":"0x90de9","terminalSessionId":"1","integrityLevel":"Medium","hashes":"MD5=C1980CDF20E3DA190B3BC8F21C0B9A6A,SHA256=64670D599EDC778D7A2A7DB70A98791799FE027A9858EFF7EEB28D31975DBA3C,IMPHASH=D38C0D5E659AA4EF1F1B1B3C4C20C711","parentProcessGuid":"{e12a69d9-38dd-6abf-3d03-000000001700}","parentProcessId":"2956","parentImage":"C:\\\\Program Files (x86)\\\\Microsoft\\\\Edge\\\\Application\\\\msedge.exe","parentCommandLine":"\\\"C:\\\\Program Files (x86)\\\\Microsoft\\\\Edge\\\\Application\\\\msedge.exe\\\" --no-startup-window /prefetch:5","parentUser":"SOC-LAB\\\\nam.user"}}},"location":"EventChannel"}
{"timestamp":"2026-10-02T04:53:51.264+0000","agent":{"id":"001","name":"SOC-WIN10","ip":"192.168.50.20"},"manager":{"name":"soc-wazuh"},"id":"1790916831.1254284","full_log":"{\"win\":{\"system\":{\"providerName\":\"Microsoft-Windows-Sysmon\",\"providerGuid\":\"{5770385f-c22a-43e0-bf4c-06f5698ffbd9}\",\"eventID\":\"1\",\"version\":\"5\",\"level\":\"4\",\"task\":\"1\",\"opcode\":\"0\",\"keywords\":\"0x8000000000000000\",\"systemTime\":\"2026-10-02T04:53:49.5442727Z\",\"eventRecordID\":\"12566\",\"processID\":\"2140\",\"threadID\":\"4056\",\"channel\":\"Microsoft-Windows-Sysmon/Operational\",\"computer\":\"WIN10-01.SOC-LAB.LOCAL\",\"severityValue\":\"INFORMATION\",\"message\":\"\\\"Process Create:\\r\\nRuleName: -\\r\\nUtcTime: 2026-10-02 04:53:49.540\\r\\nProcessGuid: {e12a69d9-38dd-6abf-4003-000000001700}\\r\\nProcessId: 3568\\r\\nImage: C:\\\\Program Files (x86)\\\\Microsoft\\\\Edge\\\\Application\\\\msedge.exe\\r\\nFileVersion: 154.0.4258.48\\r\\nDescription: Microsoft Edge\\r\\nProduct: Microsoft Edge\\r\\nCompany: Microsoft Corporation\\r\\nOriginalFileName: msedge.exe\\r\\nCommandLine: \\\"C:\\\\Program Files (x86)\\\\Microsoft\\\\Edge\\\\Application\\\\msedge.exe\\\" --type=gpu-process --gpu-recent-crash-count=0 --gpu-preferences=WAAAAAAAAADgAAAEAAAAAAAAAAAAAGAAQAAAAAAAAAADAAAAAAAAADgAAAAAAAAAAAAAAAAAAAACAAAAAAAAAAAAAAAAAAAAKAAAAAAAAAAoAAAAAAAAAAgAAAAAAAAAEAAAAAIAAAABAAAAAAAAAAgAAAAAAAAACAAAAAAAAAA= --startup-read-main-dll --metrics-shmem-handle=1808,i,15666426875731957051,4726669315293615012,262144 --field-trial-handle=2404,i,209205648249616707,16725008573636024905,262144 --variations-seed-version --pseudonymization-salt-handle=2408,i,18290480754366370836,12712334944360873779,4 --trace-process-track-uuid=3190708988185955192 --mojo-platform-channel-handle=2400 /prefetch:2\\r\\nCurrentDirectory: C:\\\\Program Files (x86)\\\\Microsoft\\\\Edge\\\\Application\\\\154.0.4258.48\\\\\\r\\nUser: SOC-LAB\\\\nam.user\\r\\nLogonGuid: {e12a69d9-1fab-6abf-e90d-090000000000}\\r\\nLogonId: 0x90DE9\\r\\nTerminalSessionId: 1\\r\\nIntegrityLevel: Low\\r\\nHashes: MD5=C1980CDF20E3DA190B3BC8F21C0B9A6A,SHA256=64670D599EDC778D7A2A7DB70A98791799FE027A9858EFF7EEB28D31975DBA3C,IMPHASH=D38C0D5E659AA4EF1F1B1B3C4C20C711\\r\\nParentProcessGuid: {e12a69d9-38dd-6abf-3d03-000000001700}\\r\\nParentProcessId: 2956\\r\\nParentImage: C:\\\\Program Files (x86)\\\\Microsoft\\\\Edge\\\\Application\\\\msedge.exe\\r\\nParentCommandLine: \\\"C:\\\\Program Files (x86)\\\\Microsoft\\\\Edge\\\\Application\\\\msedge.exe\\\" --no-startup-window /prefetch:5\\r\\nParentUser: SOC-LAB\\\\nam.user\\\"\"},\"eventdata\":{\"utcTime\":\"2026-10-02 04:53:49.540\",\"processGuid\":\"{e12a69d9-38dd-6abf-4003-000000001700}\",\"processId\":\"3568\",\"image\":\"C:\\\\\\\\Program Files (x86)\\\\\\\\Microsoft\\\\\\\\Edge\\\\\\\\Application\\\\\\\\msedge.exe\",\"fileVersion\":\"154.0.4258.48\",\"description\":\"Microsoft Edge\",\"product\":\"Microsoft Edge\",\"company\":\"Microsoft Corporation\",\"originalFileName\":\"msedge.exe\",\"commandLine\":\"\\\\\\\"C:\\\\\\\\Program Files (x86)\\\\\\\\Microsoft\\\\\\\\Edge\\\\\\\\Application\\\\\\\\msedge.exe\\\\\\\" --type=gpu-process --gpu-recent-crash-count=0 --gpu-preferences=WAAAAAAAAADgAAAEAAAAAAAAAAAAAGAAQAAAAAAAAAADAAAAAAAAADgAAAAAAAAAAAAAAAAAAAACAAAAAAAAAAAAAAAAAAAAKAAAAAAAAAAoAAAAAAAAAAgAAAAAAAAAEAAAAAIAAAABAAAAAAAAAAgAAAAAAAAACAAAAAAAAAA= --startup-read-main-dll --metrics-shmem-handle=1808,i,15666426875731957051,4726669315293615012,262144 --field-trial-handle=2404,i,209205648249616707,16725008573636024905,262144 --variations-seed-version --pseudonymization-salt-handle=2408,i,18290480754366370836,12712334944360873779,4 --trace-process-track-uuid=3190708988185955192 --mojo-platform-channel-handle=2400 /prefetch:2\",\"currentDirectory\":\"C:\\\\\\\\Program Files (x86)\\\\\\\\Microsoft\\\\\\\\Edge\\\\\\\\Application\\\\\\\\154.0.4258.48\\\\\\\\\",\"user\":\"SOC-LAB\\\\\\\\nam.user\",\"logonGuid\":\"{e12a69d9-1fab-6abf-e90d-090000000000}\",\"logonId\":\"0x90de9\",\"terminalSessionId\":\"1\",\"integrityLevel\":\"Low\",\"hashes\":\"MD5=C1980CDF20E3DA190B3BC8F21C0B9A6A,SHA256=64670D599EDC778D7A2A7DB70A98791799FE027A9858EFF7EEB28D31975DBA3C,IMPHASH=D38C0D5E659AA4EF1F1B1B3C4C20C711\",\"parentProcessGuid\":\"{e12a69d9-38dd-6abf-3d03-000000001700}\",\"parentProcessId\":\"2956\",\"parentImage\":\"C:\\\\\\\\Program Files (x86)\\\\\\\\Microsoft\\\\\\\\Edge\\\\\\\\Application\\\\\\\\msedge.exe\",\"parentCommandLine\":\"\\\\\\\"C:\\\\\\\\Program Files (x86)\\\\\\\\Microsoft\\\\\\\\Edge\\\\\\\\Application\\\\\\\\msedge.exe\\\\\\\" --no-startup-window /prefetch:5\",\"parentUser\":\"SOC-LAB\\\\\\\\nam.user\"}}}","decoder":{"name":"windows_eventchannel"},"data":{"win":{"system":{"providerName":"Microsoft-Windows-Sysmon","providerGuid":"{5770385f-c22a-43e0-bf4c-06f5698ffbd9}","eventID":"1","version":"5","level":"4","task":"1","opcode":"0","keywords":"0x8000000000000000","systemTime":"2026-10-02T04:53:49.5442727Z","eventRecordID":"12566","processID":"2140","threadID":"4056","channel":"Microsoft-Windows-Sysmon/Operational","computer":"WIN10-01.SOC-LAB.LOCAL","severityValue":"INFORMATION","message":"\"Process Create:\r\nRuleName: -\r\nUtcTime: 2026-10-02 04:53:49.540\r\nProcessGuid: {e12a69d9-38dd-6abf-4003-000000001700}\r\nProcessId: 3568\r\nImage: C:\\Program Files (x86)\\Microsoft\\Edge\\Application\\msedge.exe\r\nFileVersion: 154.0.4258.48\r\nDescription: Microsoft Edge\r\nProduct: Microsoft Edge\r\nCompany: Microsoft Corporation\r\nOriginalFileName: msedge.exe\r\nCommandLine: \"C:\\Program Files (x86)\\Microsoft\\Edge\\Application\\msedge.exe\" --type=gpu-process --gpu-recent-crash-count=0 --gpu-preferences=WAAAAAAAAADgAAAEAAAAAAAAAAAAAGAAQAAAAAAAAAADAAAAAAAAADgAAAAAAAAAAAAAAAAAAAACAAAAAAAAAAAAAAAAAAAAKAAAAAAAAAAoAAAAAAAAAAgAAAAAAAAAEAAAAAIAAAABAAAAAAAAAAgAAAAAAAAACAAAAAAAAAA= --startup-read-main-dll --metrics-shmem-handle=1808,i,15666426875731957051,4726669315293615012,262144 --field-trial-handle=2404,i,209205648249616707,16725008573636024905,262144 --variations-seed-version --pseudonymization-salt-handle=2408,i,18290480754366370836,12712334944360873779,4 --trace-process-track-uuid=3190708988185955192 --mojo-platform-channel-handle=2400 /prefetch:2\r\nCurrentDirectory: C:\\Program Files (x86)\\Microsoft\\Edge\\Application\\154.0.4258.48\\\r\nUser: SOC-LAB\\nam.user\r\nLogonGuid: {e12a69d9-1fab-6abf-e90d-090000000000}\r\nLogonId: 0x90DE9\r\nTerminalSessionId: 1\r\nIntegrityLevel: Low\r\nHashes: MD5=C1980CDF20E3DA190B3BC8F21C0B9A6A,SHA256=64670D599EDC778D7A2A7DB70A98791799FE027A9858EFF7EEB28D31975DBA3C,IMPHASH=D38C0D5E659AA4EF1F1B1B3C4C20C711\r\nParentProcessGuid: {e12a69d9-38dd-6abf-3d03-000000001700}\r\nParentProcessId: 2956\r\nParentImage: C:\\Program Files (x86)\\Microsoft\\Edge\\Application\\msedge.exe\r\nParentCommandLine: \"C:\\Program Files (x86)\\Microsoft\\Edge\\Application\\msedge.exe\" --no-startup-window /prefetch:5\r\nParentUser: SOC-LAB\\nam.user\""},"eventdata":{"utcTime":"2026-10-02 04:53:49.540","processGuid":"{e12a69d9-38dd-6abf-4003-000000001700}","processId":"3568","image":"C:\\\\Program Files (x86)\\\\Microsoft\\\\Edge\\\\Application\\\\msedge.exe","fileVersion":"154.0.4258.48","description":"Microsoft Edge","product":"Microsoft Edge","company":"Microsoft Corporation","originalFileName":"msedge.exe","commandLine":"\\\"C:\\\\Program Files (x86)\\\\Microsoft\\\\Edge\\\\Application\\\\msedge.exe\\\" --type=gpu-process --gpu-recent-crash-count=0 --gpu-preferences=WAAAAAAAAADgAAAEAAAAAAAAAAAAAGAAQAAAAAAAAAADAAAAAAAAADgAAAAAAAAAAAAAAAAAAAACAAAAAAAAAAAAAAAAAAAAKAAAAAAAAAAoAAAAAAAAAAgAAAAAAAAAEAAAAAIAAAABAAAAAAAAAAgAAAAAAAAACAAAAAAAAAA= --startup-read-main-dll --metrics-shmem-handle=1808,i,15666426875731957051,4726669315293615012,262144 --field-trial-handle=2404,i,209205648249616707,16725008573636024905,262144 --variations-seed-version --pseudonymization-salt-handle=2408,i,18290480754366370836,12712334944360873779,4 --trace-process-track-uuid=3190708988185955192 --mojo-platform-channel-handle=2400 /prefetch:2","currentDirectory":"C:\\\\Program Files (x86)\\\\Microsoft\\\\Edge\\\\Application\\\\154.0.4258.48\\\\","user":"SOC-LAB\\\\nam.user","logonGuid":"{e12a69d9-1fab-6abf-e90d-090000000000}","logonId":"0x90de9","terminalSessionId":"1","integrityLevel":"Low","hashes":"MD5=C1980CDF20E3DA190B3BC8F21C0B9A6A,SHA256=64670D599EDC778D7A2A7DB70A98791799FE027A9858EFF7EEB28D31975DBA3C,IMPHASH=D38C0D5E659AA4EF1F1B1B3C4C20C711","parentProcessGuid":"{e12a69d9-38dd-6abf-3d03-000000001700}","parentProcessId":"2956","parentImage":"C:\\\\Program Files (x86)\\\\Microsoft\\\\Edge\\\\Application\\\\msedge.exe","parentCommandLine":"\\\"C:\\\\Program Files (x86)\\\\Microsoft\\\\Edge\\\\Application\\\\msedge.exe\\\" --no-startup-window /prefetch:5","parentUser":"SOC-LAB\\\\nam.user"}}},"location":"EventChannel"}
