{"timestamp":"2026-10-02T03:06:29.560+0000","agent":{"id":"001","name":"SOC-WIN10","ip":"192.168.50.20"},"manager":{"name":"soc-wazuh"},"id":"1790910389.0","full_log":"{\"win\":{\"system\":{\"providerName\":\"Microsoft-Windows-Security-Auditing\",\"providerGuid\":\"{54849625-5478-4994-a5ba-3e3b0328c30d}\",\"eventID\":\"4798\",\"version\":\"0\",\"level\":\"0\",\"task\":\"13824\",\"opcode\":\"0\",\"keywords\":\"0x8020000000000000\",\"systemTime\":\"2026-10-02T03:06:14.5429018Z\",\"eventRecordID\":\"14442\",\"processID\":\"704\",\"threadID\":\"3792\",\"channel\":\"Security\",\"computer\":\"WIN10-01.SOC-LAB.LOCAL\",\"severityValue\":\"AUDIT_SUCCESS\",\"message\":\"\\\"A user's local group membership was enumerated.\\r\\n\\r\\nSubject:\\r\\n\\tSecurity ID:\\t\\tS-1-5-18\\r\\n\\tAccount Name:\\t\\tWIN10-01$\\r\\n\\tAccount Domain:\\t\\tSOC-LAB\\r\\n\\tLogon ID:\\t\\t0x3E7\\r\\n\\r\\nUser:\\r\\n\\tSecurity ID:\\t\\tS-1-5-21-3980012672-840659275-2606660550-504\\r\\n\\tAccount Name:\\t\\tWDAGUtilityAccount\\r\\n\\tAccount Domain:\\t\\tWIN10-01\\r\\n\\r\\nProcess Information:\\r\\n\\tProcess ID:\\t\\t0x84c\\r\\n\\tProcess Name:\\t\\tC:\\\\Program Files (x86)\\\\ossec-agent\\\\wazuh-agent.exe\\\"\"},\"eventdata\":{\"targetUserName\":\"WDAGUtilityAccount\",\"targetDomainName\":\"WIN10-01\",\"targetSid\":\"S-1-5-21-3980012672-840659275-2606660550-504\",\"subjectUserSid\":\"S-1-5-18\",\"subjectUserName\":\"WIN10-01$\",\"subjectDomainName\":\"SOC-LAB\",\"subjectLogonId\":\"0x3e7\",\"callerProcessId\":\"0x84c\",\"callerProcessName\":\"C:\\\\\\\\Program Files (x86)\\\\\\\\ossec-agent\\\\\\\\wazuh-agent.exe\"}}}","decoder":{"name":"windows_eventchannel"},"data":{"win":{"system":{"providerName":"Microsoft-Windows-Security-Auditing","providerGuid":"{54849625-5478-4994-a5ba-3e3b0328c30d}","eventID":"4798","version":"0","level":"0","task":"13824","opcode":"0","keywords":"0x8020000000000000","systemTime":"2026-10-02T03:06:14.5429018Z","eventRecordID":"14442","processID":"704","threadID":"3792","channel":"Security","computer":"WIN10-01.SOC-LAB.LOCAL","severityValue":"AUDIT_SUCCESS","message":"\"A user's local group membership was enumerated.\r\n\r\nSubject:\r\n\tSecurity ID:\t\tS-1-5-18\r\n\tAccount Name:\t\tWIN10-01$\r\n\tAccount Domain:\t\tSOC-LAB\r\n\tLogon ID:\t\t0x3E7\r\n\r\nUser:\r\n\tSecurity ID:\t\tS-1-5-21-3980012672-840659275-2606660550-504\r\n\tAccount Name:\t\tWDAGUtilityAccount\r\n\tAccount Domain:\t\tWIN10-01\r\n\r\nProcess Information:\r\n\tProcess ID:\t\t0x84c\r\n\tProcess Name:\t\tC:\\Program Files (x86)\\ossec-agent\\wazuh-agent.exe\""},"eventdata":{"targetUserName":"WDAGUtilityAccount","targetDomainName":"WIN10-01","targetSid":"S-1-5-21-3980012672-840659275-2606660550-504","subjectUserSid":"S-1-5-18","subjectUserName":"WIN10-01$","subjectDomainName":"SOC-LAB","subjectLogonId":"0x3e7","callerProcessId":"0x84c","callerProcessName":"C:\\\\Program Files (x86)\\\\ossec-agent\\\\wazuh-agent.exe"}}},"location":"EventChannel"}
{"timestamp":"2026-10-02T03:06:29.601+0000","agent":{"id":"001","name":"SOC-WIN10","ip":"192.168.50.20"},"manager":{"name":"soc-wazuh"},"id":"1790910389.0","full_log":"{\"win\":{\"system\":{\"providerName\":\"Microsoft-Windows-Security-Auditing\",\"providerGuid\":\"{54849625-5478-4994-a5ba-3e3b0328c30d}\",\"eventID\":\"4648\",\"version\":\"0\",\"level\":\"0\",\"task\":\"12544\",\"opcode\":\"0\",\"keywords\":\"0x8020000000000000\",\"systemTime\":\"2026-10-02T03:06:19.8474286Z\",\"eventRecordID\":\"14443\",\"processID\":\"704\",\"threadID\":\"748\",\"channel\":\"Security\",\"computer\":\"WIN10-01.SOC-LAB.LOCAL\",\"severityValue\":\"AUDIT_SUCCESS\",\"message\":\"\\\"A logon was attempted using explicit credentials.\\r\\n\\r\\nSubject:\\r\\n\\tSecurity ID:\\t\\tS-1-5-18\\r\\n\\tAccount Name:\\t\\tWIN10-01$\\r\\n\\tAccount Domain:\\t\\tSOC-LAB\\r\\n\\tLogon ID:\\t\\t0x3E7\\r\\n\\tLogon GUID:\\t\\t{00000000-0000-0000-0000-000000000000}\\r\\n\\r\\nAccount Whose Credentials Were Used:\\r\\n\\tAccount Name:\\t\\tnam.user\\r\\n\\tAccount Domain:\\t\\tSOC-LAB\\r\\n\\tLogon GUID:\\t\\t{00000000-0000-0000-0000-000000000000}\\r\\n\\r\\nTarget Server:\\r\\n\\tTarget Server Name:\\tlocalhost\\r\\n\\tAdditional Information:\\tlocalhost\\r\\n\\r\\nProcess Information:\\r\\n\\tProcess ID:\\t\\t0x3dc\\r\\n\\tProcess Name:\\t\\tC:\\\\Windows\\\\System32\\\\svchost.exe\\r\\n\\r\\nNetwork Information:\\r\\n\\tNetwork Address:\\t127.0.0.1\\r\\n\\tPort:\\t\\t\\t0\\r\\n\\r\\nThis event is generated when a process attempts to log on an account by explicitly specifying that account’s credentials.  This most commonly occurs in batch-type configurations such as scheduled tasks, or when using the RUNAS command.\\\"\"},\"eventdata\":{\"subjectUserSid\":\"S-1-5-18\",\"subjectUserName\":\"WIN10-01$\",\"subjectDomainName\":\"SOC-LAB\",\"subjectLogonId\":\"0x3e7\",\"logonGuid\":\"{00000000-0000-0000-0000-000000000000}\",\"targetUserName\":\"nam.user\",\"targetDomainName\":\"SOC-LAB\",\"targetLogonGuid\":\"{00000000-0000-0000-0000-000000000000}\",\"targetServerName\":\"localhost\",\"targetInfo\":\"localhost\",\"processId\":\"0x3dc\",\"processName\":\"C:\\\\\\\\Windows\\\\\\\\System32\\\\\\\\svchost.exe\",\"ipAddress\":\"127.0.0.1\",\"ipPort\":\"0\"}}}","decoder":{"name":"windows_eventchannel"},"data":{"win":{"system":{"providerName":"Microsoft-Windows-Security-Auditing","providerGuid":"{54849625-5478-4994-a5ba-3e3b0328c30d}","eventID":"4648","version":"0","level":"0","task":"12544","opcode":"0","keywords":"0x8020000000000000","systemTime":"2026-10-02T03:06:19.8474286Z","eventRecordID":"14443","processID":"704","threadID":"748","channel":"Security","computer":"WIN10-01.SOC-LAB.LOCAL","severityValue":"AUDIT_SUCCESS","message":"\"A logon was attempted using explicit credentials.\r\n\r\nSubject:\r\n\tSecurity ID:\t\tS-1-5-18\r\n\tAccount Name:\t\tWIN10-01$\r\n\tAccount Domain:\t\tSOC-LAB\r\n\tLogon ID:\t\t0x3E7\r\n\tLogon GUID:\t\t{00000000-0000-0000-0000-000000000000}\r\n\r\nAccount Whose Credentials Were Used:\r\n\tAccount Name:\t\tnam.user\r\n\tAccount Domain:\t\tSOC-LAB\r\n\tLogon GUID:\t\t{00000000-0000-0000-0000-000000000000}\r\n\r\nTarget Server:\r\n\tTarget Server Name:\tlocalhost\r\n\tAdditional Information:\tlocalhost\r\n\r\nProcess Information:\r\n\tProcess ID:\t\t0x3dc\r\n\tProcess Name:\t\tC:\\Windows\\System32\\svchost.exe\r\n\r\nNetwork Information:\r\n\tNetwork Address:\t127.0.0.1\r\n\tPort:\t\t\t0\r\n\r\nThis event is generated when a process attempts to log on an account by explicitly specifying that account’s credentials.  This most commonly occurs in batch-type configurations such as scheduled tasks, or when using the RUNAS command.\""},"eventdata":{"subjectUserSid":"S-1-5-18","subjectUserName":"WIN10-01$","subjectDomainName":"SOC-LAB","subjectLogonId":"0x3e7","logonGuid":"{00000000-0000-0000-0000-000000000000}","targetUserName":"nam.user","targetDomainName":"SOC-LAB","targetLogonGuid":"{00000000-0000-0000-0000-000000000000}","targetServerName":"localhost","targetInfo":"localhost","processId":"0x3dc","processName":"C:\\\\Windows\\\\System32\\\\svchost.exe","ipAddress":"127.0.0.1","ipPort":"0"}}},"location":"EventChannel"}
{"timestamp":"2026-10-02T03:06:29.601+0000","rule":{"level":3,"description":"Non network or service local logon.","id":"67022","firedtimes":1,"mail":false,"groups":["windows"," WEF"]},"agent":{"id":"001","name":"SOC-WIN10","ip":"192.168.50.20"},"manager":{"name":"soc-wazuh"},"id":"1790910389.323","full_log":"{\"win\":{\"system\":{\"providerName\":\"Microsoft-Windows-Security-Auditing\",\"providerGuid\":\"{54849625-5478-4994-a5ba-3e3b0328c30d}\",\"eventID\":\"4624\",\"version\":\"2\",\"level\":\"0\",\"task\":\"12544\",\"opcode\":\"0\",\"keywords\":\"0x8020000000000000\",\"systemTime\":\"2026-10-02T03:06:19.8474499Z\",\"eventRecordID\":\"14444\",\"processID\":\"704\",\"threadID\":\"748\",\"channel\":\"Security\",\"computer\":\"WIN10-01.SOC-LAB.LOCAL\",\"severityValue\":\"AUDIT_SUCCESS\",\"message\":\"\\\"An account was successfully logged on.\\r\\n\\r\\nSubject:\\r\\n\\tSecurity ID:\\t\\tS-1-5-18\\r\\n\\tAccount Name:\\t\\tWIN10-01$\\r\\n\\tAccount Domain:\\t\\tSOC-LAB\\r\\n\\tLogon ID:\\t\\t0x3E7\\r\\n\\r\\nLogon Information:\\r\\n\\tLogon Type:\\t\\t11\\r\\n\\tRestricted Admin Mode:\\t-\\r\\n\\tVirtual Account:\\t\\tNo\\r\\n\\tElevated Token:\\t\\tNo\\r\\n\\r\\nImpersonation Level:\\t\\tImpersonation\\r\\n\\r\\nNew Logon:\\r\\n\\tSecurity ID:\\t\\tS-1-5-21-1324826322-2293316327-2538204677-1108\\r\\n\\tAccount Name:\\t\\tnam.user\\r\\n\\tAccount Domain:\\t\\tSOC-LAB\\r\\n\\tLogon ID:\\t\\t0x90DE9\\r\\n\\tLinked Logon ID:\\t\\t0x0\\r\\n\\tNetwork Account Name:\\t-\\r\\n\\tNetwork Account Domain:\\t-\\r\\n\\tLogon GUID:\\t\\t{00000000-0000-0000-0000-000000000000}\\r\\n\\r\\nProcess Information:\\r\\n\\tProcess ID:\\t\\t0x3dc\\r\\n\\tProcess Name:\\t\\tC:\\\\Windows\\\\System32\\\\svchost.exe\\r\\n\\r\\nNetwork Information:\\r\\n\\tWorkstation Name:\\tWIN10-01\\r\\n\\tSource Network Address:\\t127.0.0.1\\r\\n\\tSource Port:\\t\\t0\\r\\n\\r\\nDetailed Authentication Information:\\r\\n\\tLogon Process:\\t\\tUser32 \\r\\n\\tAuthentication Package:\\tNegotiate\\r\\n\\tTransited Services:\\t-\\r\\n\\tPackage Name (NTLM only):\\t-\\r\\n\\tKey Length:\\t\\t0\\r\\n\\r\\nThis event is generated when a logon session is created. It is generated on the computer that was accessed.\\r\\n\\r\\nThe subject fields indicate the account on the local system which requested the logon. This is most commonly a service such as the Server service, or a local process such as Winlogon.exe or Services.exe.\\r\\n\\r\\nThe logon type field indicates the kind of logon that occurred. The most common types are 2 (interactive) and 3 (network).\\r\\n\\r\\nThe New Logon fields indicate the account for whom the new logon was created, i.e. the account that was logged on.\\r\\n\\r\\nThe network fields indicate where a remote logon request originated. Workstation name is not always available and may be left blank in some cases.\\r\\n\\r\\nThe impersonation level field indicates the extent to which a process in the logon session can impersonate.\\r\\n\\r\\nThe authentication information fields provide detailed information about this specific logon request.\\r\\n\\t- Logon GUID is a unique identifier that can be used to correlate this event with a KDC event.\\r\\n\\t- Transited services indicate which intermediate services have participated in this logon request.\\r\\n\\t- Package name indicates which sub-protocol was used among the NTLM protocols.\\r\\n\\t- Key length indicates the length of the generated session key. This will be 0 if no session key was requested.\\\"\"},\"eventdata\":{\"subjectUserSid\":\"S-1-5-18\",\"subjectUserName\":\"WIN10-01$\",\"subjectDomainName\":\"SOC-LAB\",\"subjectLogonId\":\"0x3e7\",\"targetUserSid\":\"S-1-5-21-1324826322-2293316327-2538204677-1108\",\"targetUserName\":\"nam.user\",\"targetDomainName\":\"SOC-LAB\",\"targetLogonId\":\"0x90de9\",\"logonType\":\"11\",\"logonProcessName\":\"User32\",\"authenticationPackageName\":\"Negotiate\",\"workstationName\":\"WIN10-01\",\"logonGuid\":\"{00000000-0000-0000-0000-000000000000}\",\"keyLength\":\"0\",\"processId\":\"0x3dc\",\"processName\":\"C:\\\\\\\\Windows\\\\\\\\System32\\\\\\\\svchost.exe\",\"ipAddress\":\"127.0.0.1\",\"ipPort\":\"0\",\"impersonationLevel\":\"%%1833\",\"virtualAccount\":\"%%1843\",\"targetLinkedLogonId\":\"0x0\",\"elevatedToken\":\"%%1843\"}}}","decoder":{"name":"windows_eventchannel"},"data":{"win":{"system":{"providerName":"Microsoft-Windows-Security-Auditing","providerGuid":"{54849625-5478-4994-a5ba-3e3b0328c30d}","eventID":"4624","version":"2","level":"0","task":"12544","opcode":"0","keywords":"0x8020000000000000","systemTime":"2026-10-02T03:06:19.8474499Z","eventRecordID":"14444","processID":"704","threadID":"748","channel":"Security","computer":"WIN10-01.SOC-LAB.LOCAL","severityValue":"AUDIT_SUCCESS","message":"\"An account was successfully logged on.\r\n\r\nSubject:\r\n\tSecurity ID:\t\tS-1-5-18\r\n\tAccount Name:\t\tWIN10-01$\r\n\tAccount Domain:\t\tSOC-LAB\r\n\tLogon ID:\t\t0x3E7\r\n\r\nLogon Information:\r\n\tLogon Type:\t\t11\r\n\tRestricted Admin Mode:\t-\r\n\tVirtual Account:\t\tNo\r\n\tElevated Token:\t\tNo\r\n\r\nImpersonation Level:\t\tImpersonation\r\n\r\nNew Logon:\r\n\tSecurity ID:\t\tS-1-5-21-1324826322-2293316327-2538204677-1108\r\n\tAccount Name:\t\tnam.user\r\n\tAccount Domain:\t\tSOC-LAB\r\n\tLogon ID:\t\t0x90DE9\r\n\tLinked Logon ID:\t\t0x0\r\n\tNetwork Account Name:\t-\r\n\tNetwork Account Domain:\t-\r\n\tLogon GUID:\t\t{00000000-0000-0000-0000-000000000000}\r\n\r\nProcess Information:\r\n\tProcess ID:\t\t0x3dc\r\n\tProcess Name:\t\tC:\\Windows\\System32\\svchost.exe\r\n\r\nNetwork Information:\r\n\tWorkstation Name:\tWIN10-01\r\n\tSource Network Address:\t127.0.0.1\r\n\tSource Port:\t\t0\r\n\r\nDetailed Authentication Information:\r\n\tLogon Process:\t\tUser32 \r\n\tAuthentication Package:\tNegotiate\r\n\tTransited Services:\t-\r\n\tPackage Name (NTLM only):\t-\r\n\tKey Length:\t\t0\r\n\r\nThis event is generated when a logon session is created. It is generated on the computer that was accessed.\r\n\r\nThe subject fields indicate the account on the local system which requested the logon. This is most commonly a service such as the Server service, or a local process such as Winlogon.exe or Services.exe.\r\n\r\nThe logon type field indicates the kind of logon that occurred. The most common types are 2 (interactive) and 3 (network).\r\n\r\nThe New Logon fields indicate the account for whom the new logon was created, i.e. the account that was logged on.\r\n\r\nThe network fields indicate where a remote logon request originated. Workstation name is not always available and may be left blank in some cases.\r\n\r\nThe impersonation level field indicates the extent to which a process in the logon session can impersonate.\r\n\r\nThe authentication information fields provide detailed information about this specific logon request.\r\n\t- Logon GUID is a unique identifier that can be used to correlate this event with a KDC event.\r\n\t- Transited services indicate which intermediate services have participated in this logon request.\r\n\t- Package name indicates which sub-protocol was used among the NTLM protocols.\r\n\t- Key length indicates the length of the generated session key. This will be 0 if no session key was requested.\""},"eventdata":{"subjectUserSid":"S-1-5-18","subjectUserName":"WIN10-01$","subjectDomainName":"SOC-LAB","subjectLogonId":"0x3e7","targetUserSid":"S-1-5-21-1324826322-2293316327-2538204677-1108","targetUserName":"nam.user","targetDomainName":"SOC-LAB","targetLogonId":"0x90de9","logonType":"11","logonProcessName":"User32","authenticationPackageName":"Negotiate","workstationName":"WIN10-01","logonGuid":"{00000000-0000-0000-0000-000000000000}","keyLength":"0","processId":"0x3dc","processName":"C:\\\\Windows\\\\System32\\\\svchost.exe","ipAddress":"127.0.0.1","ipPort":"0","impersonationLevel":"%%1833","virtualAccount":"%%1843","targetLinkedLogonId":"0x0","elevatedToken":"%%1843"}}},"location":"EventChannel"}
{"timestamp":"2026-10-02T03:06:29.604+0000","agent":{"id":"001","name":"SOC-WIN10","ip":"192.168.50.20"},"manager":{"name":"soc-wazuh"},"id":"1790910389.323","full_log":"{\"win\":{\"system\":{\"providerName\":\"Microsoft-Windows-Security-Auditing\",\"providerGuid\":\"{54849625-5478-4994-a5ba-3e3b0328c30d}\",\"eventID\":\"4798\",\"version\":\"0\",\"level\":\"0\",\"task\":\"13824\",\"opcode\":\"0\",\"keywords\":\"0x8020000000000000\",\"systemTime\":\"2026-10-02T03:06:21.2147977Z\",\"eventRecordID\":\"14445\",\"processID\":\"704\",\"threadID\":\"748\",\"channel\":\"Security\",\"computer\":\"WIN10-01.SOC-LAB.LOCAL\",\"severityValue\":\"AUDIT_SUCCESS\",\"message\":\"\\\"A user's local group membership was enumerated.\\r\\n\\r\\nSubject:\\r\\n\\tSecurity ID:\\t\\tS-1-5-18\\r\\n\\tAccount Name:\\t\\tWIN10-01$\\r\\n\\tAccount Domain:\\t\\tSOC-LAB\\r\\n\\tLogon ID:\\t\\t0x3E7\\r\\n\\r\\nUser:\\r\\n\\tSecurity ID:\\t\\tS-1-5-21-3980012672-840659275-2606660550-500\\r\\n\\tAccount Name:\\t\\tAdministrator\\r\\n\\tAccount Domain:\\t\\tWIN10-01\\r\\n\\r\\nProcess Information:\\r\\n\\tProcess ID:\\t\\t0x7f4\\r\\n\\tProcess Name:\\t\\tC:\\\\Windows\\\\System32\\\\wbem\\\\WmiPrvSE.exe\\\"\"},\"eventdata\":{\"targetUserName\":\"Administrator\",\"targetDomainName\":\"WIN10-01\",\"targetSid\":\"S-1-5-21-3980012672-840659275-2606660550-500\",\"subjectUserSid\":\"S-1-5-18\",\"subjectUserName\":\"WIN10-01$\",\"subjectDomainName\":\"SOC-LAB\",\"subjectLogonId\":\"0x3e7\",\"callerProcessId\":\"0x7f4\",\"callerProcessName\":\"C:\\\\\\\\Windows\\\\\\\\System32\\\\\\\\wbem\\\\\\\\WmiPrvSE.exe\"}}}","decoder":{"name":"windows_eventchannel"},"data":{"win":{"system":{"providerName":"Microsoft-Windows-Security-Auditing","providerGuid":"{54849625-5478-4994-a5ba-3e3b0328c30d}","eventID":"4798","version":"0","level":"0","task":"13824","opcode":"0","keywords":"0x8020000000000000","systemTime":"2026-10-02T03:06:21.2147977Z","eventRecordID":"14445","processID":"704","threadID":"748","channel":"Security","computer":"WIN10-01.SOC-LAB.LOCAL","severityValue":"AUDIT_SUCCESS","message":"\"A user's local group membership was enumerated.\r\n\r\nSubject:\r\n\tSecurity ID:\t\tS-1-5-18\r\n\tAccount Name:\t\tWIN10-01$\r\n\tAccount Domain:\t\tSOC-LAB\r\n\tLogon ID:\t\t0x3E7\r\n\r\nUser:\r\n\tSecurity ID:\t\tS-1-5-21-3980012672-840659275-2606660550-500\r\n\tAccount Name:\t\tAdministrator\r\n\tAccount Domain:\t\tWIN10-01\r\n\r\nProcess Information:\r\n\tProcess ID:\t\t0x7f4\r\n\tProcess Name:\t\tC:\\Windows\\System32\\wbem\\WmiPrvSE.exe\""},"eventdata":{"targetUserName":"Administrator","targetDomainName":"WIN10-01","targetSid":"S-1-5-21-3980012672-840659275-2606660550-500","subjectUserSid":"S-1-5-18","subjectUserName":"WIN10-01$","subjectDomainName":"SOC-LAB","subjectLogonId":"0x3e7","callerProcessId":"0x7f4","callerProcessName":"C:\\\\Windows\\\\System32\\\\wbem\\\\WmiPrvSE.exe"}}},"location":"EventChannel"}
{"timestamp":"2026-10-02T03:06:29.632+0000","agent":{"id":"001","name":"SOC-WIN10","ip":"192.168.50.20"},"manager":{"name":"soc-wazuh"},"id":"1790910389.323","full_log":"{\"win\":{\"system\":{\"providerName\":\"Microsoft-Windows-Security-Auditing\",\"providerGuid\":\"{54849625-5478-4994-a5ba-3e3b0328c30d}\",\"eventID\":\"4798\",\"version\":\"0\",\"level\":\"0\",\"task\":\"13824\",\"opcode\":\"0\",\"keywords\":\"0x8020000000000000\",\"systemTime\":\"2026-10-02T03:06:21.2155736Z\",\"eventRecordID\":\"14446\",\"processID\":\"704\",\"threadID\":\"748\",\"channel\":\"Security\",\"computer\":\"WIN10-01.SOC-LAB.LOCAL\",\"severityValue\":\"AUDIT_SUCCESS\",\"message\":\"\\\"A user's local group membership was enumerated.\\r\\n\\r\\nSubject:\\r\\n\\tSecurity ID:\\t\\tS-1-5-18\\r\\n\\tAccount Name:\\t\\tWIN10-01$\\r\\n\\tAccount Domain:\\t\\tSOC-LAB\\r\\n\\tLogon ID:\\t\\t0x3E7\\r\\n\\r\\nUser:\\r\\n\\tSecurity ID:\\t\\tS-1-5-21-3980012672-840659275-2606660550-503\\r\\n\\tAccount Name:\\t\\tDefaultAccount\\r\\n\\tAccount Domain:\\t\\tWIN10-01\\r\\n\\r\\nProcess Information:\\r\\n\\tProcess ID:\\t\\t0x7f4\\r\\n\\tProcess Name:\\t\\tC:\\\\Windows\\\\System32\\\\wbem\\\\WmiPrvSE.exe\\\"\"},\"eventdata\":{\"targetUserName\":\"DefaultAccount\",\"targetDomainName\":\"WIN10-01\",\"targetSid\":\"S-1-5-21-3980012672-840659275-2606660550-503\",\"subjectUserSid\":\"S-1-5-18\",\"subjectUserName\":\"WIN10-01$\",\"subjectDomainName\":\"SOC-LAB\",\"subjectLogonId\":\"0x3e7\",\"callerProcessId\":\"0x7f4\",\"callerProcessName\":\"C:\\\\\\\\Windows\\\\\\\\System32\\\\\\\\wbem\\\\\\\\WmiPrvSE.exe\"}}}","decoder":{"name":"windows_eventchannel"},"data":{"win":{"system":{"providerName":"Microsoft-Windows-Security-Auditing","providerGuid":"{54849625-5478-4994-a5ba-3e3b0328c30d}","eventID":"4798","version":"0","level":"0","task":"13824","opcode":"0","keywords":"0x8020000000000000","systemTime":"2026-10-02T03:06:21.2155736Z","eventRecordID":"14446","processID":"704","threadID":"748","channel":"Security","computer":"WIN10-01.SOC-LAB.LOCAL","severityValue":"AUDIT_SUCCESS","message":"\"A user's local group membership was enumerated.\r\n\r\nSubject:\r\n\tSecurity ID:\t\tS-1-5-18\r\n\tAccount Name:\t\tWIN10-01$\r\n\tAccount Domain:\t\tSOC-LAB\r\n\tLogon ID:\t\t0x3E7\r\n\r\nUser:\r\n\tSecurity ID:\t\tS-1-5-21-3980012672-840659275-2606660550-503\r\n\tAccount Name:\t\tDefaultAccount\r\n\tAccount Domain:\t\tWIN10-01\r\n\r\nProcess Information:\r\n\tProcess ID:\t\t0x7f4\r\n\tProcess Name:\t\tC:\\Windows\\System32\\wbem\\WmiPrvSE.exe\""},"eventdata":{"targetUserName":"DefaultAccount","targetDomainName":"WIN10-01","targetSid":"S-1-5-21-3980012672-840659275-2606660550-503","subjectUserSid":"S-1-5-18","subjectUserName":"WIN10-01$","subjectDomainName":"SOC-LAB","subjectLogonId":"0x3e7","callerProcessId":"0x7f4","callerProcessName":"C:\\\\Windows\\\\System32\\\\wbem\\\\WmiPrvSE.exe"}}},"location":"EventChannel"}
{"timestamp":"2026-10-02T03:06:29.661+0000","agent":{"id":"001","name":"SOC-WIN10","ip":"192.168.50.20"},"manager":{"name":"soc-wazuh"},"id":"1790910389.323","full_log":"{\"win\":{\"system\":{\"providerName\":\"Microsoft-Windows-Security-Auditing\",\"providerGuid\":\"{54849625-5478-4994-a5ba-3e3b0328c30d}\",\"eventID\":\"4798\",\"version\":\"0\",\"level\":\"0\",\"task\":\"13824\",\"opcode\":\"0\",\"keywords\":\"0x8020000000000000\",\"systemTime\":\"2026-10-02T03:06:21.2161808Z\",\"eventRecordID\":\"14447\",\"processID\":\"704\",\"threadID\":\"748\",\"channel\":\"Security\",\"computer\":\"WIN10-01.SOC-LAB.LOCAL\",\"severityValue\":\"AUDIT_SUCCESS\",\"message\":\"\\\"A user's local group membership was enumerated.\\r\\n\\r\\nSubject:\\r\\n\\tSecurity ID:\\t\\tS-1-5-18\\r\\n\\tAccount Name:\\t\\tWIN10-01$\\r\\n\\tAccount Domain:\\t\\tSOC-LAB\\r\\n\\tLogon ID:\\t\\t0x3E7\\r\\n\\r\\nUser:\\r\\n\\tSecurity ID:\\t\\tS-1-5-21-3980012672-840659275-2606660550-501\\r\\n\\tAccount Name:\\t\\tGuest\\r\\n\\tAccount Domain:\\t\\tWIN10-01\\r\\n\\r\\nProcess Information:\\r\\n\\tProcess ID:\\t\\t0x7f4\\r\\n\\tProcess Name:\\t\\tC:\\\\Windows\\\\System32\\\\wbem\\\\WmiPrvSE.exe\\\"\"},\"eventdata\":{\"targetUserName\":\"Guest\",\"targetDomainName\":\"WIN10-01\",\"targetSid\":\"S-1-5-21-3980012672-840659275-2606660550-501\",\"subjectUserSid\":\"S-1-5-18\",\"subjectUserName\":\"WIN10-01$\",\"subjectDomainName\":\"SOC-LAB\",\"subjectLogonId\":\"0x3e7\",\"callerProcessId\":\"0x7f4\",\"callerProcessName\":\"C:\\\\\\\\Windows\\\\\\\\System32\\\\\\\\wbem\\\\\\\\WmiPrvSE.exe\"}}}","decoder":{"name":"windows_eventchannel"},"data":{"win":{"system":{"providerName":"Microsoft-Windows-Security-Auditing","providerGuid":"{54849625-5478-4994-a5ba-3e3b0328c30d}","eventID":"4798","version":"0","level":"0","task":"13824","opcode":"0","keywords":"0x8020000000000000","systemTime":"2026-10-02T03:06:21.2161808Z","eventRecordID":"14447","processID":"704","threadID":"748","channel":"Security","computer":"WIN10-01.SOC-LAB.LOCAL","severityValue":"AUDIT_SUCCESS","message":"\"A user's local group membership was enumerated.\r\n\r\nSubject:\r\n\tSecurity ID:\t\tS-1-5-18\r\n\tAccount Name:\t\tWIN10-01$\r\n\tAccount Domain:\t\tSOC-LAB\r\n\tLogon ID:\t\t0x3E7\r\n\r\nUser:\r\n\tSecurity ID:\t\tS-1-5-21-3980012672-840659275-2606660550-501\r\n\tAccount Name:\t\tGuest\r\n\tAccount Domain:\t\tWIN10-01\r\n\r\nProcess Information:\r\n\tProcess ID:\t\t0x7f4\r\n\tProcess Name:\t\tC:\\Windows\\System32\\wbem\\WmiPrvSE.exe\""},"eventdata":{"targetUserName":"Guest","targetDomainName":"WIN10-01","targetSid":"S-1-5-21-3980012672-840659275-2606660550-501","subjectUserSid":"S-1-5-18","subjectUserName":"WIN10-01$","subjectDomainName":"SOC-LAB","subjectLogonId":"0x3e7","callerProcessId":"0x7f4","callerProcessName":"C:\\\\Windows\\\\System32\\\\wbem\\\\WmiPrvSE.exe"}}},"location":"EventChannel"}
{"timestamp":"2026-10-02T03:06:29.661+0000","agent":{"id":"001","name":"SOC-WIN10","ip":"192.168.50.20"},"manager":{"name":"soc-wazuh"},"id":"1790910389.323","full_log":"{\"win\":{\"system\":{\"providerName\":\"Microsoft-Windows-Security-Auditing\",\"providerGuid\":\"{54849625-5478-4994-a5ba-3e3b0328c30d}\",\"eventID\":\"4798\",\"version\":\"0\",\"level\":\"0\",\"task\":\"13824\",\"opcode\":\"0\",\"keywords\":\"0x8020000000000000\",\"systemTime\":\"2026-10-02T03:06:21.2168897Z\",\"eventRecordID\":\"14448\",\"processID\":\"704\",\"threadID\":\"748\",\"channel\":\"Security\",\"computer\":\"WIN10-01.SOC-LAB.LOCAL\",\"severityValue\":\"AUDIT_SUCCESS\",\"message\":\"\\\"A user's local group membership was enumerated.\\r\\n\\r\\nSubject:\\r\\n\\tSecurity ID:\\t\\tS-1-5-18\\r\\n\\tAccount Name:\\t\\tWIN10-01$\\r\\n\\tAccount Domain:\\t\\tSOC-LAB\\r\\n\\tLogon ID:\\t\\t0x3E7\\r\\n\\r\\nUser:\\r\\n\\tSecurity ID:\\t\\tS-1-5-21-3980012672-840659275-2606660550-1001\\r\\n\\tAccount Name:\\t\\tlocaladmin\\r\\n\\tAccount Domain:\\t\\tWIN10-01\\r\\n\\r\\nProcess Information:\\r\\n\\tProcess ID:\\t\\t0x7f4\\r\\n\\tProcess Name:\\t\\tC:\\\\Windows\\\\System32\\\\wbem\\\\WmiPrvSE.exe\\\"\"},\"eventdata\":{\"targetUserName\":\"localadmin\",\"targetDomainName\":\"WIN10-01\",\"targetSid\":\"S-1-5-21-3980012672-840659275-2606660550-1001\",\"subjectUserSid\":\"S-1-5-18\",\"subjectUserName\":\"WIN10-01$\",\"subjectDomainName\":\"SOC-LAB\",\"subjectLogonId\":\"0x3e7\",\"callerProcessId\":\"0x7f4\",\"callerProcessName\":\"C:\\\\\\\\Windows\\\\\\\\System32\\\\\\\\wbem\\\\\\\\WmiPrvSE.exe\"}}}","decoder":{"name":"windows_eventchannel"},"data":{"win":{"system":{"providerName":"Microsoft-Windows-Security-Auditing","providerGuid":"{54849625-5478-4994-a5ba-3e3b0328c30d}","eventID":"4798","version":"0","level":"0","task":"13824","opcode":"0","keywords":"0x8020000000000000","systemTime":"2026-10-02T03:06:21.2168897Z","eventRecordID":"14448","processID":"704","threadID":"748","channel":"Security","computer":"WIN10-01.SOC-LAB.LOCAL","severityValue":"AUDIT_SUCCESS","message":"\"A user's local group membership was enumerated.\r\n\r\nSubject:\r\n\tSecurity ID:\t\tS-1-5-18\r\n\tAccount Name:\t\tWIN10-01$\r\n\tAccount Domain:\t\tSOC-LAB\r\n\tLogon ID:\t\t0x3E7\r\n\r\nUser:\r\n\tSecurity ID:\t\tS-1-5-21-3980012672-840659275-2606660550-1001\r\n\tAccount Name:\t\tlocaladmin\r\n\tAccount Domain:\t\tWIN10-01\r\n\r\nProcess Information:\r\n\tProcess ID:\t\t0x7f4\r\n\tProcess Name:\t\tC:\\Windows\\System32\\wbem\\WmiPrvSE.exe\""},"eventdata":{"targetUserName":"localadmin","targetDomainName":"WIN10-01","targetSid":"S-1-5-21-3980012672-840659275-2606660550-1001","subjectUserSid":"S-1-5-18","subjectUserName":"WIN10-01$","subjectDomainName":"SOC-LAB","subjectLogonId":"0x3e7","callerProcessId":"0x7f4","callerProcessName":"C:\\\\Windows\\\\System32\\\\wbem\\\\WmiPrvSE.exe"}}},"location":"EventChannel"}
{"timestamp":"2026-10-02T03:06:29.676+0000","agent":{"id":"001","name":"SOC-WIN10","ip":"192.168.50.20"},"manager":{"name":"soc-wazuh"},"id":"1790910389.323","full_log":"{\"win\":{\"system\":{\"providerName\":\"Microsoft-Windows-Security-Auditing\",\"providerGuid\":\"{54849625-5478-4994-a5ba-3e3b0328c30d}\",\"eventID\":\"4798\",\"version\":\"0\",\"level\":\"0\",\"task\":\"13824\",\"opcode\":\"0\",\"keywords\":\"0x8020000000000000\",\"systemTime\":\"2026-10-02T03:06:21.2174315Z\",\"eventRecordID\":\"14449\",\"processID\":\"704\",\"threadID\":\"748\",\"channel\":\"Security\",\"computer\":\"WIN10-01.SOC-LAB.LOCAL\",\"severityValue\":\"AUDIT_SUCCESS\",\"message\":\"\\\"A user's local group membership was enumerated.\\r\\n\\r\\nSubject:\\r\\n\\tSecurity ID:\\t\\tS-1-5-18\\r\\n\\tAccount Name:\\t\\tWIN10-01$\\r\\n\\tAccount Domain:\\t\\tSOC-LAB\\r\\n\\tLogon ID:\\t\\t0x3E7\\r\\n\\r\\nUser:\\r\\n\\tSecurity ID:\\t\\tS-1-5-21-3980012672-840659275-2606660550-504\\r\\n\\tAccount Name:\\t\\tWDAGUtilityAccount\\r\\n\\tAccount Domain:\\t\\tWIN10-01\\r\\n\\r\\nProcess Information:\\r\\n\\tProcess ID:\\t\\t0x7f4\\r\\n\\tProcess Name:\\t\\tC:\\\\Windows\\\\System32\\\\wbem\\\\WmiPrvSE.exe\\\"\"},\"eventdata\":{\"targetUserName\":\"WDAGUtilityAccount\",\"targetDomainName\":\"WIN10-01\",\"targetSid\":\"S-1-5-21-3980012672-840659275-2606660550-504\",\"subjectUserSid\":\"S-1-5-18\",\"subjectUserName\":\"WIN10-01$\",\"subjectDomainName\":\"SOC-LAB\",\"subjectLogonId\":\"0x3e7\",\"callerProcessId\":\"0x7f4\",\"callerProcessName\":\"C:\\\\\\\\Windows\\\\\\\\System32\\\\\\\\wbem\\\\\\\\WmiPrvSE.exe\"}}}","decoder":{"name":"windows_eventchannel"},"data":{"win":{"system":{"providerName":"Microsoft-Windows-Security-Auditing","providerGuid":"{54849625-5478-4994-a5ba-3e3b0328c30d}","eventID":"4798","version":"0","level":"0","task":"13824","opcode":"0","keywords":"0x8020000000000000","systemTime":"2026-10-02T03:06:21.2174315Z","eventRecordID":"14449","processID":"704","threadID":"748","channel":"Security","computer":"WIN10-01.SOC-LAB.LOCAL","severityValue":"AUDIT_SUCCESS","message":"\"A user's local group membership was enumerated.\r\n\r\nSubject:\r\n\tSecurity ID:\t\tS-1-5-18\r\n\tAccount Name:\t\tWIN10-01$\r\n\tAccount Domain:\t\tSOC-LAB\r\n\tLogon ID:\t\t0x3E7\r\n\r\nUser:\r\n\tSecurity ID:\t\tS-1-5-21-3980012672-840659275-2606660550-504\r\n\tAccount Name:\t\tWDAGUtilityAccount\r\n\tAccount Domain:\t\tWIN10-01\r\n\r\nProcess Information:\r\n\tProcess ID:\t\t0x7f4\r\n\tProcess Name:\t\tC:\\Windows\\System32\\wbem\\WmiPrvSE.exe\""},"eventdata":{"targetUserName":"WDAGUtilityAccount","targetDomainName":"WIN10-01","targetSid":"S-1-5-21-3980012672-840659275-2606660550-504","subjectUserSid":"S-1-5-18","subjectUserName":"WIN10-01$","subjectDomainName":"SOC-LAB","subjectLogonId":"0x3e7","callerProcessId":"0x7f4","callerProcessName":"C:\\\\Windows\\\\System32\\\\wbem\\\\WmiPrvSE.exe"}}},"location":"EventChannel"}
{"timestamp":"2026-10-02T03:06:29.693+0000","agent":{"id":"001","name":"SOC-WIN10","ip":"192.168.50.20"},"manager":{"name":"soc-wazuh"},"id":"1790910389.323","full_log":"{\"win\":{\"system\":{\"providerName\":\"Microsoft-Windows-Security-Auditing\",\"providerGuid\":\"{54849625-5478-4994-a5ba-3e3b0328c30d}\",\"eventID\":\"4799\",\"version\":\"0\",\"level\":\"0\",\"task\":\"13826\",\"opcode\":\"0\",\"keywords\":\"0x8020000000000000\",\"systemTime\":\"2026-10-02T03:06:23.7716434Z\",\"eventRecordID\":\"14450\",\"processID\":\"704\",\"threadID\":\"3580\",\"channel\":\"Security\",\"computer\":\"WIN10-01.SOC-LAB.LOCAL\",\"severityValue\":\"AUDIT_SUCCESS\",\"message\":\"\\\"A security-enabled local group membership was enumerated.\\r\\n\\r\\nSubject:\\r\\n\\tSecurity ID:\\t\\tS-1-5-18\\r\\n\\tAccount Name:\\t\\tWIN10-01$\\r\\n\\tAccount Domain:\\t\\tSOC-LAB\\r\\n\\tLogon ID:\\t\\t0x3E7\\r\\n\\r\\nGroup:\\r\\n\\tSecurity ID:\\t\\tS-1-5-32-544\\r\\n\\tGroup Name:\\t\\tAdministrators\\r\\n\\tGroup Domain:\\t\\tBuiltin\\r\\n\\r\\nProcess Information:\\r\\n\\tProcess ID:\\t\\t0x3dc\\r\\n\\tProcess Name:\\t\\tC:\\\\Windows\\\\System32\\\\svchost.exe\\\"\"},\"eventdata\":{\"targetUserName\":\"Administrators\",\"targetDomainName\":\"Builtin\",\"targetSid\":\"S-1-5-32-544\",\"subjectUserSid\":\"S-1-5-18\",\"subjectUserName\":\"WIN10-01$\",\"subjectDomainName\":\"SOC-LAB\",\"subjectLogonId\":\"0x3e7\",\"callerProcessId\":\"0x3dc\",\"callerProcessName\":\"C:\\\\\\\\Windows\\\\\\\\System32\\\\\\\\svchost.exe\"}}}","decoder":{"name":"windows_eventchannel"},"data":{"win":{"system":{"providerName":"Microsoft-Windows-Security-Auditing","providerGuid":"{54849625-5478-4994-a5ba-3e3b0328c30d}","eventID":"4799","version":"0","level":"0","task":"13826","opcode":"0","keywords":"0x8020000000000000","systemTime":"2026-10-02T03:06:23.7716434Z","eventRecordID":"14450","processID":"704","threadID":"3580","channel":"Security","computer":"WIN10-01.SOC-LAB.LOCAL","severityValue":"AUDIT_SUCCESS","message":"\"A security-enabled local group membership was enumerated.\r\n\r\nSubject:\r\n\tSecurity ID:\t\tS-1-5-18\r\n\tAccount Name:\t\tWIN10-01$\r\n\tAccount Domain:\t\tSOC-LAB\r\n\tLogon ID:\t\t0x3E7\r\n\r\nGroup:\r\n\tSecurity ID:\t\tS-1-5-32-544\r\n\tGroup Name:\t\tAdministrators\r\n\tGroup Domain:\t\tBuiltin\r\n\r\nProcess Information:\r\n\tProcess ID:\t\t0x3dc\r\n\tProcess Name:\t\tC:\\Windows\\System32\\svchost.exe\""},"eventdata":{"targetUserName":"Administrators","targetDomainName":"Builtin","targetSid":"S-1-5-32-544","subjectUserSid":"S-1-5-18","subjectUserName":"WIN10-01$","subjectDomainName":"SOC-LAB","subjectLogonId":"0x3e7","callerProcessId":"0x3dc","callerProcessName":"C:\\\\Windows\\\\System32\\\\svchost.exe"}}},"location":"EventChannel"}
{"timestamp":"2026-10-02T03:06:29.700+0000","rule":{"level":5,"description":"Windows audit failure event","id":"60104","firedtimes":1,"mail":false,"groups":["windows","windows_security"],"pci_dss":["10.6.1"],"gdpr":["IV_35.7.d"],"hipaa":["164.312.b"],"nist_800_53":["AU.6"],"tsc":["CC7.2","CC7.3"]},"agent":{"id":"001","name":"SOC-WIN10","ip":"192.168.50.20"},"manager":{"name":"soc-wazuh"},"id":"1790910389.7800","full_log":"{\"win\":{\"system\":{\"providerName\":\"Microsoft-Windows-Security-Auditing\",\"providerGuid\":\"{54849625-5478-4994-a5ba-3e3b0328c30d}\",\"eventID\":\"5038\",\"version\":\"0\",\"level\":\"0\",\"task\":\"12290\",\"opcode\":\"0\",\"keywords\":\"0x8010000000000000\",\"systemTime\":\"2026-10-02T03:06:23.8180482Z\",\"eventRecordID\":\"14451\",\"processID\":\"4\",\"threadID\":\"192\",\"channel\":\"Security\",\"computer\":\"WIN10-01.SOC-LAB.LOCAL\",\"severityValue\":\"AUDIT_FAILURE\",\"message\":\"\\\"Code integrity determined that the image hash of a file is not valid.  The file could be corrupt due to unauthorized modification or the invalid hash could indicate a potential disk device error.\\r\\n\\r\\nFile Name:\\t\\\\Device\\\\HarddiskVolume2\\\\ProgramData\\\\Microsoft\\\\Windows Defender\\\\Platform\\\\4.18.26080.4-0\\\\DefenderSessionHelper.exe\\t\\\"\"},\"eventdata\":{\"param1\":\"\\\\\\\\Device\\\\\\\\HarddiskVolume2\\\\\\\\ProgramData\\\\\\\\Microsoft\\\\\\\\Windows Defender\\\\\\\\Platform\\\\\\\\4.18.26080.4-0\\\\\\\\DefenderSessionHelper.exe\"}}}","decoder":{"name":"windows_eventchannel"},"data":{"win":{"system":{"providerName":"Microsoft-Windows-Security-Auditing","providerGuid":"{54849625-5478-4994-a5ba-3e3b0328c30d}","eventID":"5038","version":"0","level":"0","task":"12290","opcode":"0","keywords":"0x8010000000000000","systemTime":"2026-10-02T03:06:23.8180482Z","eventRecordID":"14451","processID":"4","threadID":"192","channel":"Security","computer":"WIN10-01.SOC-LAB.LOCAL","severityValue":"AUDIT_FAILURE","message":"\"Code integrity determined that the image hash of a file is not valid.  The file could be corrupt due to unauthorized modification or the invalid hash could indicate a potential disk device error.\r\n\r\nFile Name:\t\\Device\\HarddiskVolume2\\ProgramData\\Microsoft\\Windows Defender\\Platform\\4.18.26080.4-0\\DefenderSessionHelper.exe\t\""},"eventdata":{"param1":"\\\\Device\\\\HarddiskVolume2\\\\ProgramData\\\\Microsoft\\\\Windows Defender\\\\Platform\\\\4.18.26080.4-0\\\\DefenderSessionHelper.exe"}}},"location":"EventChannel"}
{"timestamp":"2026-10-02T03:06:29.715+0000","agent":{"id":"001","name":"SOC-WIN10","ip":"192.168.50.20"},"manager":{"name":"soc-wazuh"},"id":"1790910389.7800","full_log":"{\"win\":{\"system\":{\"providerName\":\"Microsoft-Windows-Security-Auditing\",\"providerGuid\":\"{54849625-5478-4994-a5ba-3e3b0328c30d}\",\"eventID\":\"5058\",\"version\":\"1\",\"level\":\"0\",\"task\":\"12292\",\"opcode\":\"0\",\"keywords\":\"0x8020000000000000\",\"systemTime\":\"2026-10-02T03:06:24.5991667Z\",\"eventRecordID\":\"14452\",\"processID\":\"704\",\"threadID\":\"4488\",\"channel\":\"Security\",\"computer\":\"WIN10-01.SOC-LAB.LOCAL\",\"severityValue\":\"AUDIT_SUCCESS\",\"message\":\"\\\"Key file operation.\\r\\n\\r\\nSubject:\\r\\n\\tSecurity ID:\\t\\tS-1-5-21-1324826322-2293316327-2538204677-1108\\r\\n\\tAccount Name:\\t\\tnam.user\\r\\n\\tAccount Domain:\\t\\tSOC-LAB\\r\\n\\tLogon ID:\\t\\t0x90DE9\\r\\n\\r\\nProcess Information:\\r\\n\\tProcess ID:\\t\\t4800\\r\\n\\tProcess Creation Time:\\t‎2026‎-‎10‎-‎02T03:06:24.104293800Z\\r\\n\\r\\nCryptographic Parameters:\\r\\n\\tProvider Name:\\tMicrosoft Software Key Storage Provider\\r\\n\\tAlgorithm Name:\\tUNKNOWN\\r\\n\\tKey Name:\\tMicrosoft Connected Devices Platform device certificate\\r\\n\\tKey Type:\\tUser key.\\r\\n\\r\\nKey File Operation Information:\\r\\n\\tFile Path:\\tC:\\\\Users\\\\nam.user\\\\AppData\\\\Roaming\\\\Microsoft\\\\Crypto\\\\Keys\\\\de7cf8a7901d2ad13e5c67c29e5d1662_e12a69d9-1701-4e4d-8310-aaa0a7beaf07\\r\\n\\tOperation:\\tRead persisted key from file.\\r\\n\\tReturn Code:\\t0x0\\\"\"},\"eventdata\":{\"subjectUserSid\":\"S-1-5-21-1324826322-2293316327-2538204677-1108\",\"subjectUserName\":\"nam.user\",\"subjectDomainName\":\"SOC-LAB\",\"subjectLogonId\":\"0x90de9\",\"clientProcessId\":\"4800\",\"clientCreationTime\":\"2026-10-02T03:06:24.1042938Z\",\"providerName\":\"Microsoft Software Key Storage Provider\",\"algorithmName\":\"UNKNOWN\",\"keyName\":\"Microsoft Connected Devices Platform device certificate\",\"keyType\":\"%%2500\",\"keyFilePath\":\"C:\\\\\\\\Users\\\\\\\\nam.user\\\\\\\\AppData\\\\\\\\Roaming\\\\\\\\Microsoft\\\\\\\\Crypto\\\\\\\\Keys\\\\\\\\de7cf8a7901d2ad13e5c67c29e5d1662_e12a69d9-1701-4e4d-8310-aaa0a7beaf07\",\"operation\":\"%%2458\",\"returnCode\":\"0x0\"}}}","decoder":{"name":"windows_eventchannel"},"data":{"win":{"system":{"providerName":"Microsoft-Windows-Security-Auditing","providerGuid":"{54849625-5478-4994-a5ba-3e3b0328c30d}","eventID":"5058","version":"1","level":"0","task":"12292","opcode":"0","keywords":"0x8020000000000000","systemTime":"2026-10-02T03:06:24.5991667Z","eventRecordID":"14452","processID":"704","threadID":"4488","channel":"Security","computer":"WIN10-01.SOC-LAB.LOCAL","severityValue":"AUDIT_SUCCESS","message":"\"Key file operation.\r\n\r\nSubject:\r\n\tSecurity ID:\t\tS-1-5-21-1324826322-2293316327-2538204677-1108\r\n\tAccount Name:\t\tnam.user\r\n\tAccount Domain:\t\tSOC-LAB\r\n\tLogon ID:\t\t0x90DE9\r\n\r\nProcess Information:\r\n\tProcess ID:\t\t4800\r\n\tProcess Creation Time:\t‎2026‎-‎10‎-‎02T03:06:24.104293800Z\r\n\r\nCryptographic Parameters:\r\n\tProvider Name:\tMicrosoft Software Key Storage Provider\r\n\tAlgorithm Name:\tUNKNOWN\r\n\tKey Name:\tMicrosoft Connected Devices Platform device certificate\r\n\tKey Type:\tUser key.\r\n\r\nKey File Operation Information:\r\n\tFile Path:\tC:\\Users\\nam.user\\AppData\\Roaming\\Microsoft\\Crypto\\Keys\\de7cf8a7901d2ad13e5c67c29e5d1662_e12a69d9-1701-4e4d-8310-aaa0a7beaf07\r\n\tOperation:\tRead persisted key from file.\r\n\tReturn Code:\t0x0\""},"eventdata":{"subjectUserSid":"S-1-5-21-1324826322-2293316327-2538204677-1108","subjectUserName":"nam.user","subjectDomainName":"SOC-LAB","subjectLogonId":"0x90de9","clientProcessId":"4800","clientCreationTime":"2026-10-02T03:06:24.1042938Z","providerName":"Microsoft Software Key Storage Provider","algorithmName":"UNKNOWN","keyName":"Microsoft Connected Devices Platform device certificate","keyType":"%%2500","keyFilePath":"C:\\\\Users\\\\nam.user\\\\AppData\\\\Roaming\\\\Microsoft\\\\Crypto\\\\Keys\\\\de7cf8a7901d2ad13e5c67c29e5d1662_e12a69d9-1701-4e4d-8310-aaa0a7beaf07","operation":"%%2458","returnCode":"0x0"}}},"location":"EventChannel"}
{"timestamp":"2026-10-02T03:06:29.735+0000","agent":{"id":"001","name":"SOC-WIN10","ip":"192.168.50.20"},"manager":{"name":"soc-wazuh"},"id":"1790910389.7800","full_log":"{\"win\":{\"system\":{\"providerName\":\"Microsoft-Windows-Security-Auditing\",\"providerGuid\":\"{54849625-5478-4994-a5ba-3e3b0328c30d}\",\"eventID\":\"5061\",\"version\":\"0\",\"level\":\"0\",\"task\":\"12290\",\"opcode\":\"0\",\"keywords\":\"0x8020000000000000\",\"systemTime\":\"2026-10-02T03:06:24.6136270Z\",\"eventRecordID\":\"14453\",\"processID\":\"704\",\"threadID\":\"4488\",\"channel\":\"Security\",\"computer\":\"WIN10-01.SOC-LAB.LOCAL\",\"severityValue\":\"AUDIT_SUCCESS\",\"message\":\"\\\"Cryptographic operation.\\r\\n\\r\\nSubject:\\r\\n\\tSecurity ID:\\t\\tS-1-5-21-1324826322-2293316327-2538204677-1108\\r\\n\\tAccount Name:\\t\\tnam.user\\r\\n\\tAccount Domain:\\t\\tSOC-LAB\\r\\n\\tLogon ID:\\t\\t0x90DE9\\r\\n\\r\\nCryptographic Parameters:\\r\\n\\tProvider Name:\\tMicrosoft Software Key Storage Provider\\r\\n\\tAlgorithm Name:\\tECDSA_P256\\r\\n\\tKey Name:\\tMicrosoft Connected Devices Platform device certificate\\r\\n\\tKey Type:\\tUser key.\\r\\n\\r\\nCryptographic Operation:\\r\\n\\tOperation:\\tOpen Key.\\r\\n\\tReturn Code:\\t0x0\\\"\"},\"eventdata\":{\"subjectUserSid\":\"S-1-5-21-1324826322-2293316327-2538204677-1108\",\"subjectUserName\":\"nam.user\",\"subjectDomainName\":\"SOC-LAB\",\"subjectLogonId\":\"0x90de9\",\"providerName\":\"Microsoft Software Key Storage Provider\",\"algorithmName\":\"ECDSA_P256\",\"keyName\":\"Microsoft Connected Devices Platform device certificate\",\"keyType\":\"%%2500\",\"operation\":\"%%2480\",\"returnCode\":\"0x0\"}}}","decoder":{"name":"windows_eventchannel"},"data":{"win":{"system":{"providerName":"Microsoft-Windows-Security-Auditing","providerGuid":"{54849625-5478-4994-a5ba-3e3b0328c30d}","eventID":"5061","version":"0","level":"0","task":"12290","opcode":"0","keywords":"0x8020000000000000","systemTime":"2026-10-02T03:06:24.6136270Z","eventRecordID":"14453","processID":"704","threadID":"4488","channel":"Security","computer":"WIN10-01.SOC-LAB.LOCAL","severityValue":"AUDIT_SUCCESS","message":"\"Cryptographic operation.\r\n\r\nSubject:\r\n\tSecurity ID:\t\tS-1-5-21-1324826322-2293316327-2538204677-1108\r\n\tAccount Name:\t\tnam.user\r\n\tAccount Domain:\t\tSOC-LAB\r\n\tLogon ID:\t\t0x90DE9\r\n\r\nCryptographic Parameters:\r\n\tProvider Name:\tMicrosoft Software Key Storage Provider\r\n\tAlgorithm Name:\tECDSA_P256\r\n\tKey Name:\tMicrosoft Connected Devices Platform device certificate\r\n\tKey Type:\tUser key.\r\n\r\nCryptographic Operation:\r\n\tOperation:\tOpen Key.\r\n\tReturn Code:\t0x0\""},"eventdata":{"subjectUserSid":"S-1-5-21-1324826322-2293316327-2538204677-1108","subjectUserName":"nam.user","subjectDomainName":"SOC-LAB","subjectLogonId":"0x90de9","providerName":"Microsoft Software Key Storage Provider","algorithmName":"ECDSA_P256","keyName":"Microsoft Connected Devices Platform device certificate","keyType":"%%2500","operation":"%%2480","returnCode":"0x0"}}},"location":"EventChannel"}
{"timestamp":"2026-10-02T03:06:29.749+0000","agent":{"id":"001","name":"SOC-WIN10","ip":"192.168.50.20"},"manager":{"name":"soc-wazuh"},"id":"1790910389.7800","full_log":"{\"win\":{\"system\":{\"providerName\":\"Microsoft-Windows-Security-Auditing\",\"providerGuid\":\"{54849625-5478-4994-a5ba-3e3b0328c30d}\",\"eventID\":\"5059\",\"version\":\"1\",\"level\":\"0\",\"task\":\"12292\",\"opcode\":\"0\",\"keywords\":\"0x8020000000000000\",\"systemTime\":\"2026-10-02T03:06:24.6143140Z\",\"eventRecordID\":\"14454\",\"processID\":\"704\",\"threadID\":\"4488\",\"channel\":\"Security\",\"computer\":\"WIN10-01.SOC-LAB.LOCAL\",\"severityValue\":\"AUDIT_SUCCESS\",\"message\":\"\\\"Key migration operation.\\r\\n\\r\\nSubject:\\r\\n\\tSecurity ID:\\t\\tS-1-5-21-1324826322-2293316327-2538204677-1108\\r\\n\\tAccount Name:\\t\\tnam.user\\r\\n\\tAccount Domain:\\t\\tSOC-LAB\\r\\n\\tLogon ID:\\t\\t0x90DE9\\r\\n\\r\\nProcess Information:\\r\\n\\tProcess ID:\\t\\t4800\\r\\n\\tProcess Creation Time:\\t‎2026‎-‎10‎-‎02T03:06:24.104293800Z\\r\\n\\r\\nCryptographic Parameters:\\r\\n\\tProvider Name:\\tMicrosoft Software Key Storage Provider\\r\\n\\tAlgorithm Name:\\tECDSA_P256\\r\\n\\tKey Name:\\tMicrosoft Connected Devices Platform device certificate\\r\\n\\tKey Type:\\tUser key.\\r\\n\\r\\nAdditional Information:\\r\\n\\tOperation:\\tExport of persistent cryptographic key.\\r\\n\\tReturn Code:\\t0x0\\\"\"},\"eventdata\":{\"subjectUserSid\":\"S-1-5-21-1324826322-2293316327-2538204677-1108\",\"subjectUserName\":\"nam.user\",\"subjectDomainName\":\"SOC-LAB\",\"subjectLogonId\":\"0x90de9\",\"clientProcessId\":\"4800\",\"clientCreationTime\":\"2026-10-02T03:06:24.1042938Z\",\"providerName\":\"Microsoft Software Key Storage Provider\",\"algorithmName\":\"ECDSA_P256\",\"keyName\":\"Microsoft Connected Devices Platform device certificate\",\"keyType\":\"%%2500\",\"operation\":\"%%2464\",\"returnCode\":\"0x0\"}}}","decoder":{"name":"windows_eventchannel"},"data":{"win":{"system":{"providerName":"Microsoft-Windows-Security-Auditing","providerGuid":"{54849625-5478-4994-a5ba-3e3b0328c30d}","eventID":"5059","version":"1","level":"0","task":"12292","opcode":"0","keywords":"0x8020000000000000","systemTime":"2026-10-02T03:06:24.6143140Z","eventRecordID":"14454","processID":"704","threadID":"4488","channel":"Security","computer":"WIN10-01.SOC-LAB.LOCAL","severityValue":"AUDIT_SUCCESS","message":"\"Key migration operation.\r\n\r\nSubject:\r\n\tSecurity ID:\t\tS-1-5-21-1324826322-2293316327-2538204677-1108\r\n\tAccount Name:\t\tnam.user\r\n\tAccount Domain:\t\tSOC-LAB\r\n\tLogon ID:\t\t0x90DE9\r\n\r\nProcess Information:\r\n\tProcess ID:\t\t4800\r\n\tProcess Creation Time:\t‎2026‎-‎10‎-‎02T03:06:24.104293800Z\r\n\r\nCryptographic Parameters:\r\n\tProvider Name:\tMicrosoft Software Key Storage Provider\r\n\tAlgorithm Name:\tECDSA_P256\r\n\tKey Name:\tMicrosoft Connected Devices Platform device certificate\r\n\tKey Type:\tUser key.\r\n\r\nAdditional Information:\r\n\tOperation:\tExport of persistent cryptographic key.\r\n\tReturn Code:\t0x0\""},"eventdata":{"subjectUserSid":"S-1-5-21-1324826322-2293316327-2538204677-1108","subjectUserName":"nam.user","subjectDomainName":"SOC-LAB","subjectLogonId":"0x90de9","clientProcessId":"4800","clientCreationTime":"2026-10-02T03:06:24.1042938Z","providerName":"Microsoft Software Key Storage Provider","algorithmName":"ECDSA_P256","keyName":"Microsoft Connected Devices Platform device certificate","keyType":"%%2500","operation":"%%2464","returnCode":"0x0"}}},"location":"EventChannel"}
{"timestamp":"2026-10-02T03:06:29.773+0000","agent":{"id":"001","name":"SOC-WIN10","ip":"192.168.50.20"},"manager":{"name":"soc-wazuh"},"id":"1790910389.7800","full_log":"{\"win\":{\"system\":{\"providerName\":\"Microsoft-Windows-Security-Auditing\",\"providerGuid\":\"{54849625-5478-4994-a5ba-3e3b0328c30d}\",\"eventID\":\"5058\",\"version\":\"1\",\"level\":\"0\",\"task\":\"12292\",\"opcode\":\"0\",\"keywords\":\"0x8020000000000000\",\"systemTime\":\"2026-10-02T03:06:24.7844774Z\",\"eventRecordID\":\"14455\",\"processID\":\"704\",\"threadID\":\"4488\",\"channel\":\"Security\",\"computer\":\"WIN10-01.SOC-LAB.LOCAL\",\"severityValue\":\"AUDIT_SUCCESS\",\"message\":\"\\\"Key file operation.\\r\\n\\r\\nSubject:\\r\\n\\tSecurity ID:\\t\\tS-1-5-19\\r\\n\\tAccount Name:\\t\\tLOCAL SERVICE\\r\\n\\tAccount Domain:\\t\\tNT AUTHORITY\\r\\n\\tLogon ID:\\t\\t0x3E5\\r\\n\\r\\nProcess Information:\\r\\n\\tProcess ID:\\t\\t64\\r\\n\\tProcess Creation Time:\\t‎2026‎-‎10‎-‎02T03:06:00.660804700Z\\r\\n\\r\\nCryptographic Parameters:\\r\\n\\tProvider Name:\\tMicrosoft Software Key Storage Provider\\r\\n\\tAlgorithm Name:\\tUNKNOWN\\r\\n\\tKey Name:\\tMicrosoft Connected Devices Platform device certificate\\r\\n\\tKey Type:\\tUser key.\\r\\n\\r\\nKey File Operation Information:\\r\\n\\tFile Path:\\tC:\\\\Windows\\\\ServiceProfiles\\\\LocalService\\\\AppData\\\\Roaming\\\\Microsoft\\\\Crypto\\\\Keys\\\\de7cf8a7901d2ad13e5c67c29e5d1662_e12a69d9-1701-4e4d-8310-aaa0a7beaf07\\r\\n\\tOperation:\\tRead persisted key from file.\\r\\n\\tReturn Code:\\t0x0\\\"\"},\"eventdata\":{\"subjectUserSid\":\"S-1-5-19\",\"subjectUserName\":\"LOCAL SERVICE\",\"subjectDomainName\":\"NT AUTHORITY\",\"subjectLogonId\":\"0x3e5\",\"clientProcessId\":\"64\",\"clientCreationTime\":\"2026-10-02T03:06:00.6608047Z\",\"providerName\":\"Microsoft Software Key Storage Provider\",\"algorithmName\":\"UNKNOWN\",\"keyName\":\"Microsoft Connected Devices Platform device certificate\",\"keyType\":\"%%2500\",\"keyFilePath\":\"C:\\\\\\\\Windows\\\\\\\\ServiceProfiles\\\\\\\\LocalService\\\\\\\\AppData\\\\\\\\Roaming\\\\\\\\Microsoft\\\\\\\\Crypto\\\\\\\\Keys\\\\\\\\de7cf8a7901d2ad13e5c67c29e5d1662_e12a69d9-1701-4e4d-8310-aaa0a7beaf07\",\"operation\":\"%%2458\",\"returnCode\":\"0x0\"}}}","decoder":{"name":"windows_eventchannel"},"data":{"win":{"system":{"providerName":"Microsoft-Windows-Security-Auditing","providerGuid":"{54849625-5478-4994-a5ba-3e3b0328c30d}","eventID":"5058","version":"1","level":"0","task":"12292","opcode":"0","keywords":"0x8020000000000000","systemTime":"2026-10-02T03:06:24.7844774Z","eventRecordID":"14455","processID":"704","threadID":"4488","channel":"Security","computer":"WIN10-01.SOC-LAB.LOCAL","severityValue":"AUDIT_SUCCESS","message":"\"Key file operation.\r\n\r\nSubject:\r\n\tSecurity ID:\t\tS-1-5-19\r\n\tAccount Name:\t\tLOCAL SERVICE\r\n\tAccount Domain:\t\tNT AUTHORITY\r\n\tLogon ID:\t\t0x3E5\r\n\r\nProcess Information:\r\n\tProcess ID:\t\t64\r\n\tProcess Creation Time:\t‎2026‎-‎10‎-‎02T03:06:00.660804700Z\r\n\r\nCryptographic Parameters:\r\n\tProvider Name:\tMicrosoft Software Key Storage Provider\r\n\tAlgorithm Name:\tUNKNOWN\r\n\tKey Name:\tMicrosoft Connected Devices Platform device certificate\r\n\tKey Type:\tUser key.\r\n\r\nKey File Operation Information:\r\n\tFile Path:\tC:\\Windows\\ServiceProfiles\\LocalService\\AppData\\Roaming\\Microsoft\\Crypto\\Keys\\de7cf8a7901d2ad13e5c67c29e5d1662_e12a69d9-1701-4e4d-8310-aaa0a7beaf07\r\n\tOperation:\tRead persisted key from file.\r\n\tReturn Code:\t0x0\""},"eventdata":{"subjectUserSid":"S-1-5-19","subjectUserName":"LOCAL SERVICE","subjectDomainName":"NT AUTHORITY","subjectLogonId":"0x3e5","clientProcessId":"64","clientCreationTime":"2026-10-02T03:06:00.6608047Z","providerName":"Microsoft Software Key Storage Provider","algorithmName":"UNKNOWN","keyName":"Microsoft Connected Devices Platform device certificate","keyType":"%%2500","keyFilePath":"C:\\\\Windows\\\\ServiceProfiles\\\\LocalService\\\\AppData\\\\Roaming\\\\Microsoft\\\\Crypto\\\\Keys\\\\de7cf8a7901d2ad13e5c67c29e5d1662_e12a69d9-1701-4e4d-8310-aaa0a7beaf07","operation":"%%2458","returnCode":"0x0"}}},"location":"EventChannel"}
