{"timestamp":"2026-10-02T03:06:50.136+0000","agent":{"id":"001","name":"SOC-WIN10","ip":"192.168.50.20"},"manager":{"name":"soc-wazuh"},"id":"1790910410.319068","full_log":"{\"win\":{\"system\":{\"providerName\":\"Microsoft-Windows-Sysmon\",\"providerGuid\":\"{5770385f-c22a-43e0-bf4c-06f5698ffbd9}\",\"eventID\":\"13\",\"version\":\"2\",\"level\":\"4\",\"task\":\"13\",\"opcode\":\"0\",\"keywords\":\"0x8000000000000000\",\"systemTime\":\"2026-10-02T03:06:47.8425968Z\",\"eventRecordID\":\"11438\",\"processID\":\"2140\",\"threadID\":\"4056\",\"channel\":\"Microsoft-Windows-Sysmon/Operational\",\"computer\":\"WIN10-01.SOC-LAB.LOCAL\",\"severityValue\":\"INFORMATION\",\"message\":\"\\\"Registry value set:\\r\\nRuleName: T1122\\r\\nEventType: SetValue\\r\\nUtcTime: 2026-10-02 03:06:47.816\\r\\nProcessGuid: {e12a69d9-1fc5-6abf-d700-000000001700}\\r\\nProcessId: 7028\\r\\nImage: C:\\\\Users\\\\nam.user\\\\AppData\\\\Local\\\\Microsoft\\\\OneDrive\\\\OneDrive.exe\\r\\nTargetObject: HKU\\\\S-1-5-21-1324826322-2293316327-2538204677-1108_Classes\\\\WOW6432Node\\\\CLSID\\\\{BBACC218-34EA-4666-9D7A-C78F2274A524}\\\\InprocServer32\\\\(Default)\\r\\nDetails: C:\\\\Users\\\\nam.user\\\\AppData\\\\Local\\\\Microsoft\\\\OneDrive\\\\26.168.0830.0006\\\\i386\\\\FileSyncShell.dll\\r\\nUser: SOC-LAB\\\\nam.user\\\"\"},\"eventdata\":{\"ruleName\":\"T1122\",\"eventType\":\"SetValue\",\"utcTime\":\"2026-10-02 03:06:47.816\",\"processGuid\":\"{e12a69d9-1fc5-6abf-d700-000000001700}\",\"processId\":\"7028\",\"image\":\"C:\\\\\\\\Users\\\\\\\\nam.user\\\\\\\\AppData\\\\\\\\Local\\\\\\\\Microsoft\\\\\\\\OneDrive\\\\\\\\OneDrive.exe\",\"targetObject\":\"HKU\\\\\\\\S-1-5-21-1324826322-2293316327-2538204677-1108_Classes\\\\\\\\WOW6432Node\\\\\\\\CLSID\\\\\\\\{BBACC218-34EA-4666-9D7A-C78F2274A524}\\\\\\\\InprocServer32\\\\\\\\(Default)\",\"details\":\"C:\\\\\\\\Users\\\\\\\\nam.user\\\\\\\\AppData\\\\\\\\Local\\\\\\\\Microsoft\\\\\\\\OneDrive\\\\\\\\26.168.0830.0006\\\\\\\\i386\\\\\\\\FileSyncShell.dll\",\"user\":\"SOC-LAB\\\\\\\\nam.user\"}}}","decoder":{"name":"windows_eventchannel"},"data":{"win":{"system":{"providerName":"Microsoft-Windows-Sysmon","providerGuid":"{5770385f-c22a-43e0-bf4c-06f5698ffbd9}","eventID":"13","version":"2","level":"4","task":"13","opcode":"0","keywords":"0x8000000000000000","systemTime":"2026-10-02T03:06:47.8425968Z","eventRecordID":"11438","processID":"2140","threadID":"4056","channel":"Microsoft-Windows-Sysmon/Operational","computer":"WIN10-01.SOC-LAB.LOCAL","severityValue":"INFORMATION","message":"\"Registry value set:\r\nRuleName: T1122\r\nEventType: SetValue\r\nUtcTime: 2026-10-02 03:06:47.816\r\nProcessGuid: {e12a69d9-1fc5-6abf-d700-000000001700}\r\nProcessId: 7028\r\nImage: C:\\Users\\nam.user\\AppData\\Local\\Microsoft\\OneDrive\\OneDrive.exe\r\nTargetObject: HKU\\S-1-5-21-1324826322-2293316327-2538204677-1108_Classes\\WOW6432Node\\CLSID\\{BBACC218-34EA-4666-9D7A-C78F2274A524}\\InprocServer32\\(Default)\r\nDetails: C:\\Users\\nam.user\\AppData\\Local\\Microsoft\\OneDrive\\26.168.0830.0006\\i386\\FileSyncShell.dll\r\nUser: SOC-LAB\\nam.user\""},"eventdata":{"ruleName":"T1122","eventType":"SetValue","utcTime":"2026-10-02 03:06:47.816","processGuid":"{e12a69d9-1fc5-6abf-d700-000000001700}","processId":"7028","image":"C:\\\\Users\\\\nam.user\\\\AppData\\\\Local\\\\Microsoft\\\\OneDrive\\\\OneDrive.exe","targetObject":"HKU\\\\S-1-5-21-1324826322-2293316327-2538204677-1108_Classes\\\\WOW6432Node\\\\CLSID\\\\{BBACC218-34EA-4666-9D7A-C78F2274A524}\\\\InprocServer32\\\\(Default)","details":"C:\\\\Users\\\\nam.user\\\\AppData\\\\Local\\\\Microsoft\\\\OneDrive\\\\26.168.0830.0006\\\\i386\\\\FileSyncShell.dll","user":"SOC-LAB\\\\nam.user"}}},"location":"EventChannel"}
{"timestamp":"2026-10-02T03:06:50.138+0000","agent":{"id":"001","name":"SOC-WIN10","ip":"192.168.50.20"},"manager":{"name":"soc-wazuh"},"id":"1790910410.319068","full_log":"{\"win\":{\"system\":{\"providerName\":\"Microsoft-Windows-Sysmon\",\"providerGuid\":\"{5770385f-c22a-43e0-bf4c-06f5698ffbd9}\",\"eventID\":\"13\",\"version\":\"2\",\"level\":\"4\",\"task\":\"13\",\"opcode\":\"0\",\"keywords\":\"0x8000000000000000\",\"systemTime\":\"2026-10-02T03:06:47.8428480Z\",\"eventRecordID\":\"11439\",\"processID\":\"2140\",\"threadID\":\"4056\",\"channel\":\"Microsoft-Windows-Sysmon/Operational\",\"computer\":\"WIN10-01.SOC-LAB.LOCAL\",\"severityValue\":\"INFORMATION\",\"message\":\"\\\"Registry value set:\\r\\nRuleName: T1122\\r\\nEventType: SetValue\\r\\nUtcTime: 2026-10-02 03:06:47.816\\r\\nProcessGuid: {e12a69d9-1fc5-6abf-d700-000000001700}\\r\\nProcessId: 7028\\r\\nImage: C:\\\\Users\\\\nam.user\\\\AppData\\\\Local\\\\Microsoft\\\\OneDrive\\\\OneDrive.exe\\r\\nTargetObject: HKU\\\\S-1-5-21-1324826322-2293316327-2538204677-1108_Classes\\\\CLSID\\\\{5AB7172C-9C11-405C-8DD5-AF20F3606282}\\\\InprocServer32\\\\(Default)\\r\\nDetails: C:\\\\Users\\\\nam.user\\\\AppData\\\\Local\\\\Microsoft\\\\OneDrive\\\\26.168.0830.0006\\\\FileSyncShell64.dll\\r\\nUser: SOC-LAB\\\\nam.user\\\"\"},\"eventdata\":{\"ruleName\":\"T1122\",\"eventType\":\"SetValue\",\"utcTime\":\"2026-10-02 03:06:47.816\",\"processGuid\":\"{e12a69d9-1fc5-6abf-d700-000000001700}\",\"processId\":\"7028\",\"image\":\"C:\\\\\\\\Users\\\\\\\\nam.user\\\\\\\\AppData\\\\\\\\Local\\\\\\\\Microsoft\\\\\\\\OneDrive\\\\\\\\OneDrive.exe\",\"targetObject\":\"HKU\\\\\\\\S-1-5-21-1324826322-2293316327-2538204677-1108_Classes\\\\\\\\CLSID\\\\\\\\{5AB7172C-9C11-405C-8DD5-AF20F3606282}\\\\\\\\InprocServer32\\\\\\\\(Default)\",\"details\":\"C:\\\\\\\\Users\\\\\\\\nam.user\\\\\\\\AppData\\\\\\\\Local\\\\\\\\Microsoft\\\\\\\\OneDrive\\\\\\\\26.168.0830.0006\\\\\\\\FileSyncShell64.dll\",\"user\":\"SOC-LAB\\\\\\\\nam.user\"}}}","decoder":{"name":"windows_eventchannel"},"data":{"win":{"system":{"providerName":"Microsoft-Windows-Sysmon","providerGuid":"{5770385f-c22a-43e0-bf4c-06f5698ffbd9}","eventID":"13","version":"2","level":"4","task":"13","opcode":"0","keywords":"0x8000000000000000","systemTime":"2026-10-02T03:06:47.8428480Z","eventRecordID":"11439","processID":"2140","threadID":"4056","channel":"Microsoft-Windows-Sysmon/Operational","computer":"WIN10-01.SOC-LAB.LOCAL","severityValue":"INFORMATION","message":"\"Registry value set:\r\nRuleName: T1122\r\nEventType: SetValue\r\nUtcTime: 2026-10-02 03:06:47.816\r\nProcessGuid: {e12a69d9-1fc5-6abf-d700-000000001700}\r\nProcessId: 7028\r\nImage: C:\\Users\\nam.user\\AppData\\Local\\Microsoft\\OneDrive\\OneDrive.exe\r\nTargetObject: HKU\\S-1-5-21-1324826322-2293316327-2538204677-1108_Classes\\CLSID\\{5AB7172C-9C11-405C-8DD5-AF20F3606282}\\InprocServer32\\(Default)\r\nDetails: C:\\Users\\nam.user\\AppData\\Local\\Microsoft\\OneDrive\\26.168.0830.0006\\FileSyncShell64.dll\r\nUser: SOC-LAB\\nam.user\""},"eventdata":{"ruleName":"T1122","eventType":"SetValue","utcTime":"2026-10-02 03:06:47.816","processGuid":"{e12a69d9-1fc5-6abf-d700-000000001700}","processId":"7028","image":"C:\\\\Users\\\\nam.user\\\\AppData\\\\Local\\\\Microsoft\\\\OneDrive\\\\OneDrive.exe","targetObject":"HKU\\\\S-1-5-21-1324826322-2293316327-2538204677-1108_Classes\\\\CLSID\\\\{5AB7172C-9C11-405C-8DD5-AF20F3606282}\\\\InprocServer32\\\\(Default)","details":"C:\\\\Users\\\\nam.user\\\\AppData\\\\Local\\\\Microsoft\\\\OneDrive\\\\26.168.0830.0006\\\\FileSyncShell64.dll","user":"SOC-LAB\\\\nam.user"}}},"location":"EventChannel"}
{"timestamp":"2026-10-02T03:06:50.151+0000","agent":{"id":"001","name":"SOC-WIN10","ip":"192.168.50.20"},"manager":{"name":"soc-wazuh"},"id":"1790910410.319068","full_log":"{\"win\":{\"system\":{\"providerName\":\"Microsoft-Windows-Sysmon\",\"providerGuid\":\"{5770385f-c22a-43e0-bf4c-06f5698ffbd9}\",\"eventID\":\"13\",\"version\":\"2\",\"level\":\"4\",\"task\":\"13\",\"opcode\":\"0\",\"keywords\":\"0x8000000000000000\",\"systemTime\":\"2026-10-02T03:06:47.8428861Z\",\"eventRecordID\":\"11440\",\"processID\":\"2140\",\"threadID\":\"4056\",\"channel\":\"Microsoft-Windows-Sysmon/Operational\",\"computer\":\"WIN10-01.SOC-LAB.LOCAL\",\"severityValue\":\"INFORMATION\",\"message\":\"\\\"Registry value set:\\r\\nRuleName: T1122\\r\\nEventType: SetValue\\r\\nUtcTime: 2026-10-02 03:06:47.816\\r\\nProcessGuid: {e12a69d9-1fc5-6abf-d700-000000001700}\\r\\nProcessId: 7028\\r\\nImage: C:\\\\Users\\\\nam.user\\\\AppData\\\\Local\\\\Microsoft\\\\OneDrive\\\\OneDrive.exe\\r\\nTargetObject: HKU\\\\S-1-5-21-1324826322-2293316327-2538204677-1108_Classes\\\\WOW6432Node\\\\CLSID\\\\{5AB7172C-9C11-405C-8DD5-AF20F3606282}\\\\InprocServer32\\\\(Default)\\r\\nDetails: C:\\\\Users\\\\nam.user\\\\AppData\\\\Local\\\\Microsoft\\\\OneDrive\\\\26.168.0830.0006\\\\i386\\\\FileSyncShell.dll\\r\\nUser: SOC-LAB\\\\nam.user\\\"\"},\"eventdata\":{\"ruleName\":\"T1122\",\"eventType\":\"SetValue\",\"utcTime\":\"2026-10-02 03:06:47.816\",\"processGuid\":\"{e12a69d9-1fc5-6abf-d700-000000001700}\",\"processId\":\"7028\",\"image\":\"C:\\\\\\\\Users\\\\\\\\nam.user\\\\\\\\AppData\\\\\\\\Local\\\\\\\\Microsoft\\\\\\\\OneDrive\\\\\\\\OneDrive.exe\",\"targetObject\":\"HKU\\\\\\\\S-1-5-21-1324826322-2293316327-2538204677-1108_Classes\\\\\\\\WOW6432Node\\\\\\\\CLSID\\\\\\\\{5AB7172C-9C11-405C-8DD5-AF20F3606282}\\\\\\\\InprocServer32\\\\\\\\(Default)\",\"details\":\"C:\\\\\\\\Users\\\\\\\\nam.user\\\\\\\\AppData\\\\\\\\Local\\\\\\\\Microsoft\\\\\\\\OneDrive\\\\\\\\26.168.0830.0006\\\\\\\\i386\\\\\\\\FileSyncShell.dll\",\"user\":\"SOC-LAB\\\\\\\\nam.user\"}}}","decoder":{"name":"windows_eventchannel"},"data":{"win":{"system":{"providerName":"Microsoft-Windows-Sysmon","providerGuid":"{5770385f-c22a-43e0-bf4c-06f5698ffbd9}","eventID":"13","version":"2","level":"4","task":"13","opcode":"0","keywords":"0x8000000000000000","systemTime":"2026-10-02T03:06:47.8428861Z","eventRecordID":"11440","processID":"2140","threadID":"4056","channel":"Microsoft-Windows-Sysmon/Operational","computer":"WIN10-01.SOC-LAB.LOCAL","severityValue":"INFORMATION","message":"\"Registry value set:\r\nRuleName: T1122\r\nEventType: SetValue\r\nUtcTime: 2026-10-02 03:06:47.816\r\nProcessGuid: {e12a69d9-1fc5-6abf-d700-000000001700}\r\nProcessId: 7028\r\nImage: C:\\Users\\nam.user\\AppData\\Local\\Microsoft\\OneDrive\\OneDrive.exe\r\nTargetObject: HKU\\S-1-5-21-1324826322-2293316327-2538204677-1108_Classes\\WOW6432Node\\CLSID\\{5AB7172C-9C11-405C-8DD5-AF20F3606282}\\InprocServer32\\(Default)\r\nDetails: C:\\Users\\nam.user\\AppData\\Local\\Microsoft\\OneDrive\\26.168.0830.0006\\i386\\FileSyncShell.dll\r\nUser: SOC-LAB\\nam.user\""},"eventdata":{"ruleName":"T1122","eventType":"SetValue","utcTime":"2026-10-02 03:06:47.816","processGuid":"{e12a69d9-1fc5-6abf-d700-000000001700}","processId":"7028","image":"C:\\\\Users\\\\nam.user\\\\AppData\\\\Local\\\\Microsoft\\\\OneDrive\\\\OneDrive.exe","targetObject":"HKU\\\\S-1-5-21-1324826322-2293316327-2538204677-1108_Classes\\\\WOW6432Node\\\\CLSID\\\\{5AB7172C-9C11-405C-8DD5-AF20F3606282}\\\\InprocServer32\\\\(Default)","details":"C:\\\\Users\\\\nam.user\\\\AppData\\\\Local\\\\Microsoft\\\\OneDrive\\\\26.168.0830.0006\\\\i386\\\\FileSyncShell.dll","user":"SOC-LAB\\\\nam.user"}}},"location":"EventChannel"}
{"timestamp":"2026-10-02T03:06:50.186+0000","agent":{"id":"001","name":"SOC-WIN10","ip":"192.168.50.20"},"manager":{"name":"soc-wazuh"},"id":"1790910410.319068","full_log":"{\"win\":{\"system\":{\"providerName\":\"Microsoft-Windows-Sysmon\",\"providerGuid\":\"{5770385f-c22a-43e0-bf4c-06f5698ffbd9}\",\"eventID\":\"13\",\"version\":\"2\",\"level\":\"4\",\"task\":\"13\",\"opcode\":\"0\",\"keywords\":\"0x8000000000000000\",\"systemTime\":\"2026-10-02T03:06:47.8431332Z\",\"eventRecordID\":\"11441\",\"processID\":\"2140\",\"threadID\":\"4056\",\"channel\":\"Microsoft-Windows-Sysmon/Operational\",\"computer\":\"WIN10-01.SOC-LAB.LOCAL\",\"severityValue\":\"INFORMATION\",\"message\":\"\\\"Registry value set:\\r\\nRuleName: T1122\\r\\nEventType: SetValue\\r\\nUtcTime: 2026-10-02 03:06:47.816\\r\\nProcessGuid: {e12a69d9-1fc5-6abf-d700-000000001700}\\r\\nProcessId: 7028\\r\\nImage: C:\\\\Users\\\\nam.user\\\\AppData\\\\Local\\\\Microsoft\\\\OneDrive\\\\OneDrive.exe\\r\\nTargetObject: HKU\\\\S-1-5-21-1324826322-2293316327-2538204677-1108_Classes\\\\CLSID\\\\{A78ED123-AB77-406B-9962-2A5D9D2F7F30}\\\\InprocServer32\\\\(Default)\\r\\nDetails: C:\\\\Users\\\\nam.user\\\\AppData\\\\Local\\\\Microsoft\\\\OneDrive\\\\26.168.0830.0006\\\\FileSyncShell64.dll\\r\\nUser: SOC-LAB\\\\nam.user\\\"\"},\"eventdata\":{\"ruleName\":\"T1122\",\"eventType\":\"SetValue\",\"utcTime\":\"2026-10-02 03:06:47.816\",\"processGuid\":\"{e12a69d9-1fc5-6abf-d700-000000001700}\",\"processId\":\"7028\",\"image\":\"C:\\\\\\\\Users\\\\\\\\nam.user\\\\\\\\AppData\\\\\\\\Local\\\\\\\\Microsoft\\\\\\\\OneDrive\\\\\\\\OneDrive.exe\",\"targetObject\":\"HKU\\\\\\\\S-1-5-21-1324826322-2293316327-2538204677-1108_Classes\\\\\\\\CLSID\\\\\\\\{A78ED123-AB77-406B-9962-2A5D9D2F7F30}\\\\\\\\InprocServer32\\\\\\\\(Default)\",\"details\":\"C:\\\\\\\\Users\\\\\\\\nam.user\\\\\\\\AppData\\\\\\\\Local\\\\\\\\Microsoft\\\\\\\\OneDrive\\\\\\\\26.168.0830.0006\\\\\\\\FileSyncShell64.dll\",\"user\":\"SOC-LAB\\\\\\\\nam.user\"}}}","decoder":{"name":"windows_eventchannel"},"data":{"win":{"system":{"providerName":"Microsoft-Windows-Sysmon","providerGuid":"{5770385f-c22a-43e0-bf4c-06f5698ffbd9}","eventID":"13","version":"2","level":"4","task":"13","opcode":"0","keywords":"0x8000000000000000","systemTime":"2026-10-02T03:06:47.8431332Z","eventRecordID":"11441","processID":"2140","threadID":"4056","channel":"Microsoft-Windows-Sysmon/Operational","computer":"WIN10-01.SOC-LAB.LOCAL","severityValue":"INFORMATION","message":"\"Registry value set:\r\nRuleName: T1122\r\nEventType: SetValue\r\nUtcTime: 2026-10-02 03:06:47.816\r\nProcessGuid: {e12a69d9-1fc5-6abf-d700-000000001700}\r\nProcessId: 7028\r\nImage: C:\\Users\\nam.user\\AppData\\Local\\Microsoft\\OneDrive\\OneDrive.exe\r\nTargetObject: HKU\\S-1-5-21-1324826322-2293316327-2538204677-1108_Classes\\CLSID\\{A78ED123-AB77-406B-9962-2A5D9D2F7F30}\\InprocServer32\\(Default)\r\nDetails: C:\\Users\\nam.user\\AppData\\Local\\Microsoft\\OneDrive\\26.168.0830.0006\\FileSyncShell64.dll\r\nUser: SOC-LAB\\nam.user\""},"eventdata":{"ruleName":"T1122","eventType":"SetValue","utcTime":"2026-10-02 03:06:47.816","processGuid":"{e12a69d9-1fc5-6abf-d700-000000001700}","processId":"7028","image":"C:\\\\Users\\\\nam.user\\\\AppData\\\\Local\\\\Microsoft\\\\OneDrive\\\\OneDrive.exe","targetObject":"HKU\\\\S-1-5-21-1324826322-2293316327-2538204677-1108_Classes\\\\CLSID\\\\{A78ED123-AB77-406B-9962-2A5D9D2F7F30}\\\\InprocServer32\\\\(Default)","details":"C:\\\\Users\\\\nam.user\\\\AppData\\\\Local\\\\Microsoft\\\\OneDrive\\\\26.168.0830.0006\\\\FileSyncShell64.dll","user":"SOC-LAB\\\\nam.user"}}},"location":"EventChannel"}
{"timestamp":"2026-10-02T03:06:50.187+0000","agent":{"id":"001","name":"SOC-WIN10","ip":"192.168.50.20"},"manager":{"name":"soc-wazuh"},"id":"1790910410.319068","full_log":"{\"win\":{\"system\":{\"providerName\":\"Microsoft-Windows-Sysmon\",\"providerGuid\":\"{5770385f-c22a-43e0-bf4c-06f5698ffbd9}\",\"eventID\":\"13\",\"version\":\"2\",\"level\":\"4\",\"task\":\"13\",\"opcode\":\"0\",\"keywords\":\"0x8000000000000000\",\"systemTime\":\"2026-10-02T03:06:47.8431710Z\",\"eventRecordID\":\"11442\",\"processID\":\"2140\",\"threadID\":\"4056\",\"channel\":\"Microsoft-Windows-Sysmon/Operational\",\"computer\":\"WIN10-01.SOC-LAB.LOCAL\",\"severityValue\":\"INFORMATION\",\"message\":\"\\\"Registry value set:\\r\\nRuleName: T1122\\r\\nEventType: SetValue\\r\\nUtcTime: 2026-10-02 03:06:47.816\\r\\nProcessGuid: {e12a69d9-1fc5-6abf-d700-000000001700}\\r\\nProcessId: 7028\\r\\nImage: C:\\\\Users\\\\nam.user\\\\AppData\\\\Local\\\\Microsoft\\\\OneDrive\\\\OneDrive.exe\\r\\nTargetObject: HKU\\\\S-1-5-21-1324826322-2293316327-2538204677-1108_Classes\\\\WOW6432Node\\\\CLSID\\\\{A78ED123-AB77-406B-9962-2A5D9D2F7F30}\\\\InprocServer32\\\\(Default)\\r\\nDetails: C:\\\\Users\\\\nam.user\\\\AppData\\\\Local\\\\Microsoft\\\\OneDrive\\\\26.168.0830.0006\\\\i386\\\\FileSyncShell.dll\\r\\nUser: SOC-LAB\\\\nam.user\\\"\"},\"eventdata\":{\"ruleName\":\"T1122\",\"eventType\":\"SetValue\",\"utcTime\":\"2026-10-02 03:06:47.816\",\"processGuid\":\"{e12a69d9-1fc5-6abf-d700-000000001700}\",\"processId\":\"7028\",\"image\":\"C:\\\\\\\\Users\\\\\\\\nam.user\\\\\\\\AppData\\\\\\\\Local\\\\\\\\Microsoft\\\\\\\\OneDrive\\\\\\\\OneDrive.exe\",\"targetObject\":\"HKU\\\\\\\\S-1-5-21-1324826322-2293316327-2538204677-1108_Classes\\\\\\\\WOW6432Node\\\\\\\\CLSID\\\\\\\\{A78ED123-AB77-406B-9962-2A5D9D2F7F30}\\\\\\\\InprocServer32\\\\\\\\(Default)\",\"details\":\"C:\\\\\\\\Users\\\\\\\\nam.user\\\\\\\\AppData\\\\\\\\Local\\\\\\\\Microsoft\\\\\\\\OneDrive\\\\\\\\26.168.0830.0006\\\\\\\\i386\\\\\\\\FileSyncShell.dll\",\"user\":\"SOC-LAB\\\\\\\\nam.user\"}}}","decoder":{"name":"windows_eventchannel"},"data":{"win":{"system":{"providerName":"Microsoft-Windows-Sysmon","providerGuid":"{5770385f-c22a-43e0-bf4c-06f5698ffbd9}","eventID":"13","version":"2","level":"4","task":"13","opcode":"0","keywords":"0x8000000000000000","systemTime":"2026-10-02T03:06:47.8431710Z","eventRecordID":"11442","processID":"2140","threadID":"4056","channel":"Microsoft-Windows-Sysmon/Operational","computer":"WIN10-01.SOC-LAB.LOCAL","severityValue":"INFORMATION","message":"\"Registry value set:\r\nRuleName: T1122\r\nEventType: SetValue\r\nUtcTime: 2026-10-02 03:06:47.816\r\nProcessGuid: {e12a69d9-1fc5-6abf-d700-000000001700}\r\nProcessId: 7028\r\nImage: C:\\Users\\nam.user\\AppData\\Local\\Microsoft\\OneDrive\\OneDrive.exe\r\nTargetObject: HKU\\S-1-5-21-1324826322-2293316327-2538204677-1108_Classes\\WOW6432Node\\CLSID\\{A78ED123-AB77-406B-9962-2A5D9D2F7F30}\\InprocServer32\\(Default)\r\nDetails: C:\\Users\\nam.user\\AppData\\Local\\Microsoft\\OneDrive\\26.168.0830.0006\\i386\\FileSyncShell.dll\r\nUser: SOC-LAB\\nam.user\""},"eventdata":{"ruleName":"T1122","eventType":"SetValue","utcTime":"2026-10-02 03:06:47.816","processGuid":"{e12a69d9-1fc5-6abf-d700-000000001700}","processId":"7028","image":"C:\\\\Users\\\\nam.user\\\\AppData\\\\Local\\\\Microsoft\\\\OneDrive\\\\OneDrive.exe","targetObject":"HKU\\\\S-1-5-21-1324826322-2293316327-2538204677-1108_Classes\\\\WOW6432Node\\\\CLSID\\\\{A78ED123-AB77-406B-9962-2A5D9D2F7F30}\\\\InprocServer32\\\\(Default)","details":"C:\\\\Users\\\\nam.user\\\\AppData\\\\Local\\\\Microsoft\\\\OneDrive\\\\26.168.0830.0006\\\\i386\\\\FileSyncShell.dll","user":"SOC-LAB\\\\nam.user"}}},"location":"EventChannel"}
{"timestamp":"2026-10-02T03:06:50.205+0000","agent":{"id":"001","name":"SOC-WIN10","ip":"192.168.50.20"},"manager":{"name":"soc-wazuh"},"id":"1790910410.319068","full_log":"{\"win\":{\"system\":{\"providerName\":\"Microsoft-Windows-Sysmon\",\"providerGuid\":\"{5770385f-c22a-43e0-bf4c-06f5698ffbd9}\",\"eventID\":\"13\",\"version\":\"2\",\"level\":\"4\",\"task\":\"13\",\"opcode\":\"0\",\"keywords\":\"0x8000000000000000\",\"systemTime\":\"2026-10-02T03:06:47.8434920Z\",\"eventRecordID\":\"11443\",\"processID\":\"2140\",\"threadID\":\"4056\",\"channel\":\"Microsoft-Windows-Sysmon/Operational\",\"computer\":\"WIN10-01.SOC-LAB.LOCAL\",\"severityValue\":\"INFORMATION\",\"message\":\"\\\"Registry value set:\\r\\nRuleName: T1122\\r\\nEventType: SetValue\\r\\nUtcTime: 2026-10-02 03:06:47.816\\r\\nProcessGuid: {e12a69d9-1fc5-6abf-d700-000000001700}\\r\\nProcessId: 7028\\r\\nImage: C:\\\\Users\\\\nam.user\\\\AppData\\\\Local\\\\Microsoft\\\\OneDrive\\\\OneDrive.exe\\r\\nTargetObject: HKU\\\\S-1-5-21-1324826322-2293316327-2538204677-1108_Classes\\\\CLSID\\\\{A0396A93-DC06-4AEF-BEE9-95FFCCAEF20E}\\\\InprocServer32\\\\(Default)\\r\\nDetails: C:\\\\Users\\\\nam.user\\\\AppData\\\\Local\\\\Microsoft\\\\OneDrive\\\\26.168.0830.0006\\\\FileSyncShell64.dll\\r\\nUser: SOC-LAB\\\\nam.user\\\"\"},\"eventdata\":{\"ruleName\":\"T1122\",\"eventType\":\"SetValue\",\"utcTime\":\"2026-10-02 03:06:47.816\",\"processGuid\":\"{e12a69d9-1fc5-6abf-d700-000000001700}\",\"processId\":\"7028\",\"image\":\"C:\\\\\\\\Users\\\\\\\\nam.user\\\\\\\\AppData\\\\\\\\Local\\\\\\\\Microsoft\\\\\\\\OneDrive\\\\\\\\OneDrive.exe\",\"targetObject\":\"HKU\\\\\\\\S-1-5-21-1324826322-2293316327-2538204677-1108_Classes\\\\\\\\CLSID\\\\\\\\{A0396A93-DC06-4AEF-BEE9-95FFCCAEF20E}\\\\\\\\InprocServer32\\\\\\\\(Default)\",\"details\":\"C:\\\\\\\\Users\\\\\\\\nam.user\\\\\\\\AppData\\\\\\\\Local\\\\\\\\Microsoft\\\\\\\\OneDrive\\\\\\\\26.168.0830.0006\\\\\\\\FileSyncShell64.dll\",\"user\":\"SOC-LAB\\\\\\\\nam.user\"}}}","decoder":{"name":"windows_eventchannel"},"data":{"win":{"system":{"providerName":"Microsoft-Windows-Sysmon","providerGuid":"{5770385f-c22a-43e0-bf4c-06f5698ffbd9}","eventID":"13","version":"2","level":"4","task":"13","opcode":"0","keywords":"0x8000000000000000","systemTime":"2026-10-02T03:06:47.8434920Z","eventRecordID":"11443","processID":"2140","threadID":"4056","channel":"Microsoft-Windows-Sysmon/Operational","computer":"WIN10-01.SOC-LAB.LOCAL","severityValue":"INFORMATION","message":"\"Registry value set:\r\nRuleName: T1122\r\nEventType: SetValue\r\nUtcTime: 2026-10-02 03:06:47.816\r\nProcessGuid: {e12a69d9-1fc5-6abf-d700-000000001700}\r\nProcessId: 7028\r\nImage: C:\\Users\\nam.user\\AppData\\Local\\Microsoft\\OneDrive\\OneDrive.exe\r\nTargetObject: HKU\\S-1-5-21-1324826322-2293316327-2538204677-1108_Classes\\CLSID\\{A0396A93-DC06-4AEF-BEE9-95FFCCAEF20E}\\InprocServer32\\(Default)\r\nDetails: C:\\Users\\nam.user\\AppData\\Local\\Microsoft\\OneDrive\\26.168.0830.0006\\FileSyncShell64.dll\r\nUser: SOC-LAB\\nam.user\""},"eventdata":{"ruleName":"T1122","eventType":"SetValue","utcTime":"2026-10-02 03:06:47.816","processGuid":"{e12a69d9-1fc5-6abf-d700-000000001700}","processId":"7028","image":"C:\\\\Users\\\\nam.user\\\\AppData\\\\Local\\\\Microsoft\\\\OneDrive\\\\OneDrive.exe","targetObject":"HKU\\\\S-1-5-21-1324826322-2293316327-2538204677-1108_Classes\\\\CLSID\\\\{A0396A93-DC06-4AEF-BEE9-95FFCCAEF20E}\\\\InprocServer32\\\\(Default)","details":"C:\\\\Users\\\\nam.user\\\\AppData\\\\Local\\\\Microsoft\\\\OneDrive\\\\26.168.0830.0006\\\\FileSyncShell64.dll","user":"SOC-LAB\\\\nam.user"}}},"location":"EventChannel"}
{"timestamp":"2026-10-02T03:06:50.233+0000","agent":{"id":"001","name":"SOC-WIN10","ip":"192.168.50.20"},"manager":{"name":"soc-wazuh"},"id":"1790910410.319068","full_log":"{\"win\":{\"system\":{\"providerName\":\"Microsoft-Windows-Sysmon\",\"providerGuid\":\"{5770385f-c22a-43e0-bf4c-06f5698ffbd9}\",\"eventID\":\"13\",\"version\":\"2\",\"level\":\"4\",\"task\":\"13\",\"opcode\":\"0\",\"keywords\":\"0x8000000000000000\",\"systemTime\":\"2026-10-02T03:06:47.8435402Z\",\"eventRecordID\":\"11444\",\"processID\":\"2140\",\"threadID\":\"4056\",\"channel\":\"Microsoft-Windows-Sysmon/Operational\",\"computer\":\"WIN10-01.SOC-LAB.LOCAL\",\"severityValue\":\"INFORMATION\",\"message\":\"\\\"Registry value set:\\r\\nRuleName: T1122\\r\\nEventType: SetValue\\r\\nUtcTime: 2026-10-02 03:06:47.816\\r\\nProcessGuid: {e12a69d9-1fc5-6abf-d700-000000001700}\\r\\nProcessId: 7028\\r\\nImage: C:\\\\Users\\\\nam.user\\\\AppData\\\\Local\\\\Microsoft\\\\OneDrive\\\\OneDrive.exe\\r\\nTargetObject: HKU\\\\S-1-5-21-1324826322-2293316327-2538204677-1108_Classes\\\\WOW6432Node\\\\CLSID\\\\{A0396A93-DC06-4AEF-BEE9-95FFCCAEF20E}\\\\InprocServer32\\\\(Default)\\r\\nDetails: C:\\\\Users\\\\nam.user\\\\AppData\\\\Local\\\\Microsoft\\\\OneDrive\\\\26.168.0830.0006\\\\i386\\\\FileSyncShell.dll\\r\\nUser: SOC-LAB\\\\nam.user\\\"\"},\"eventdata\":{\"ruleName\":\"T1122\",\"eventType\":\"SetValue\",\"utcTime\":\"2026-10-02 03:06:47.816\",\"processGuid\":\"{e12a69d9-1fc5-6abf-d700-000000001700}\",\"processId\":\"7028\",\"image\":\"C:\\\\\\\\Users\\\\\\\\nam.user\\\\\\\\AppData\\\\\\\\Local\\\\\\\\Microsoft\\\\\\\\OneDrive\\\\\\\\OneDrive.exe\",\"targetObject\":\"HKU\\\\\\\\S-1-5-21-1324826322-2293316327-2538204677-1108_Classes\\\\\\\\WOW6432Node\\\\\\\\CLSID\\\\\\\\{A0396A93-DC06-4AEF-BEE9-95FFCCAEF20E}\\\\\\\\InprocServer32\\\\\\\\(Default)\",\"details\":\"C:\\\\\\\\Users\\\\\\\\nam.user\\\\\\\\AppData\\\\\\\\Local\\\\\\\\Microsoft\\\\\\\\OneDrive\\\\\\\\26.168.0830.0006\\\\\\\\i386\\\\\\\\FileSyncShell.dll\",\"user\":\"SOC-LAB\\\\\\\\nam.user\"}}}","decoder":{"name":"windows_eventchannel"},"data":{"win":{"system":{"providerName":"Microsoft-Windows-Sysmon","providerGuid":"{5770385f-c22a-43e0-bf4c-06f5698ffbd9}","eventID":"13","version":"2","level":"4","task":"13","opcode":"0","keywords":"0x8000000000000000","systemTime":"2026-10-02T03:06:47.8435402Z","eventRecordID":"11444","processID":"2140","threadID":"4056","channel":"Microsoft-Windows-Sysmon/Operational","computer":"WIN10-01.SOC-LAB.LOCAL","severityValue":"INFORMATION","message":"\"Registry value set:\r\nRuleName: T1122\r\nEventType: SetValue\r\nUtcTime: 2026-10-02 03:06:47.816\r\nProcessGuid: {e12a69d9-1fc5-6abf-d700-000000001700}\r\nProcessId: 7028\r\nImage: C:\\Users\\nam.user\\AppData\\Local\\Microsoft\\OneDrive\\OneDrive.exe\r\nTargetObject: HKU\\S-1-5-21-1324826322-2293316327-2538204677-1108_Classes\\WOW6432Node\\CLSID\\{A0396A93-DC06-4AEF-BEE9-95FFCCAEF20E}\\InprocServer32\\(Default)\r\nDetails: C:\\Users\\nam.user\\AppData\\Local\\Microsoft\\OneDrive\\26.168.0830.0006\\i386\\FileSyncShell.dll\r\nUser: SOC-LAB\\nam.user\""},"eventdata":{"ruleName":"T1122","eventType":"SetValue","utcTime":"2026-10-02 03:06:47.816","processGuid":"{e12a69d9-1fc5-6abf-d700-000000001700}","processId":"7028","image":"C:\\\\Users\\\\nam.user\\\\AppData\\\\Local\\\\Microsoft\\\\OneDrive\\\\OneDrive.exe","targetObject":"HKU\\\\S-1-5-21-1324826322-2293316327-2538204677-1108_Classes\\\\WOW6432Node\\\\CLSID\\\\{A0396A93-DC06-4AEF-BEE9-95FFCCAEF20E}\\\\InprocServer32\\\\(Default)","details":"C:\\\\Users\\\\nam.user\\\\AppData\\\\Local\\\\Microsoft\\\\OneDrive\\\\26.168.0830.0006\\\\i386\\\\FileSyncShell.dll","user":"SOC-LAB\\\\nam.user"}}},"location":"EventChannel"}
{"timestamp":"2026-10-02T03:06:50.255+0000","agent":{"id":"001","name":"SOC-WIN10","ip":"192.168.50.20"},"manager":{"name":"soc-wazuh"},"id":"1790910410.319068","full_log":"{\"win\":{\"system\":{\"providerName\":\"Microsoft-Windows-Sysmon\",\"providerGuid\":\"{5770385f-c22a-43e0-bf4c-06f5698ffbd9}\",\"eventID\":\"13\",\"version\":\"2\",\"level\":\"4\",\"task\":\"13\",\"opcode\":\"0\",\"keywords\":\"0x8000000000000000\",\"systemTime\":\"2026-10-02T03:06:47.8437906Z\",\"eventRecordID\":\"11445\",\"processID\":\"2140\",\"threadID\":\"4056\",\"channel\":\"Microsoft-Windows-Sysmon/Operational\",\"computer\":\"WIN10-01.SOC-LAB.LOCAL\",\"severityValue\":\"INFORMATION\",\"message\":\"\\\"Registry value set:\\r\\nRuleName: T1122\\r\\nEventType: SetValue\\r\\nUtcTime: 2026-10-02 03:06:47.816\\r\\nProcessGuid: {e12a69d9-1fc5-6abf-d700-000000001700}\\r\\nProcessId: 7028\\r\\nImage: C:\\\\Users\\\\nam.user\\\\AppData\\\\Local\\\\Microsoft\\\\OneDrive\\\\OneDrive.exe\\r\\nTargetObject: HKU\\\\S-1-5-21-1324826322-2293316327-2538204677-1108_Classes\\\\CLSID\\\\{F241C880-6982-4CE5-8CF7-7085BA96DA5A}\\\\InprocServer32\\\\(Default)\\r\\nDetails: C:\\\\Users\\\\nam.user\\\\AppData\\\\Local\\\\Microsoft\\\\OneDrive\\\\26.168.0830.0006\\\\FileSyncShell64.dll\\r\\nUser: SOC-LAB\\\\nam.user\\\"\"},\"eventdata\":{\"ruleName\":\"T1122\",\"eventType\":\"SetValue\",\"utcTime\":\"2026-10-02 03:06:47.816\",\"processGuid\":\"{e12a69d9-1fc5-6abf-d700-000000001700}\",\"processId\":\"7028\",\"image\":\"C:\\\\\\\\Users\\\\\\\\nam.user\\\\\\\\AppData\\\\\\\\Local\\\\\\\\Microsoft\\\\\\\\OneDrive\\\\\\\\OneDrive.exe\",\"targetObject\":\"HKU\\\\\\\\S-1-5-21-1324826322-2293316327-2538204677-1108_Classes\\\\\\\\CLSID\\\\\\\\{F241C880-6982-4CE5-8CF7-7085BA96DA5A}\\\\\\\\InprocServer32\\\\\\\\(Default)\",\"details\":\"C:\\\\\\\\Users\\\\\\\\nam.user\\\\\\\\AppData\\\\\\\\Local\\\\\\\\Microsoft\\\\\\\\OneDrive\\\\\\\\26.168.0830.0006\\\\\\\\FileSyncShell64.dll\",\"user\":\"SOC-LAB\\\\\\\\nam.user\"}}}","decoder":{"name":"windows_eventchannel"},"data":{"win":{"system":{"providerName":"Microsoft-Windows-Sysmon","providerGuid":"{5770385f-c22a-43e0-bf4c-06f5698ffbd9}","eventID":"13","version":"2","level":"4","task":"13","opcode":"0","keywords":"0x8000000000000000","systemTime":"2026-10-02T03:06:47.8437906Z","eventRecordID":"11445","processID":"2140","threadID":"4056","channel":"Microsoft-Windows-Sysmon/Operational","computer":"WIN10-01.SOC-LAB.LOCAL","severityValue":"INFORMATION","message":"\"Registry value set:\r\nRuleName: T1122\r\nEventType: SetValue\r\nUtcTime: 2026-10-02 03:06:47.816\r\nProcessGuid: {e12a69d9-1fc5-6abf-d700-000000001700}\r\nProcessId: 7028\r\nImage: C:\\Users\\nam.user\\AppData\\Local\\Microsoft\\OneDrive\\OneDrive.exe\r\nTargetObject: HKU\\S-1-5-21-1324826322-2293316327-2538204677-1108_Classes\\CLSID\\{F241C880-6982-4CE5-8CF7-7085BA96DA5A}\\InprocServer32\\(Default)\r\nDetails: C:\\Users\\nam.user\\AppData\\Local\\Microsoft\\OneDrive\\26.168.0830.0006\\FileSyncShell64.dll\r\nUser: SOC-LAB\\nam.user\""},"eventdata":{"ruleName":"T1122","eventType":"SetValue","utcTime":"2026-10-02 03:06:47.816","processGuid":"{e12a69d9-1fc5-6abf-d700-000000001700}","processId":"7028","image":"C:\\\\Users\\\\nam.user\\\\AppData\\\\Local\\\\Microsoft\\\\OneDrive\\\\OneDrive.exe","targetObject":"HKU\\\\S-1-5-21-1324826322-2293316327-2538204677-1108_Classes\\\\CLSID\\\\{F241C880-6982-4CE5-8CF7-7085BA96DA5A}\\\\InprocServer32\\\\(Default)","details":"C:\\\\Users\\\\nam.user\\\\AppData\\\\Local\\\\Microsoft\\\\OneDrive\\\\26.168.0830.0006\\\\FileSyncShell64.dll","user":"SOC-LAB\\\\nam.user"}}},"location":"EventChannel"}
{"timestamp":"2026-10-02T03:06:50.394+0000","agent":{"id":"001","name":"SOC-WIN10","ip":"192.168.50.20"},"manager":{"name":"soc-wazuh"},"id":"1790910410.319068","full_log":"{\"win\":{\"system\":{\"providerName\":\"Microsoft-Windows-Sysmon\",\"providerGuid\":\"{5770385f-c22a-43e0-bf4c-06f5698ffbd9}\",\"eventID\":\"13\",\"version\":\"2\",\"level\":\"4\",\"task\":\"13\",\"opcode\":\"0\",\"keywords\":\"0x8000000000000000\",\"systemTime\":\"2026-10-02T03:06:47.8438276Z\",\"eventRecordID\":\"11446\",\"processID\":\"2140\",\"threadID\":\"4056\",\"channel\":\"Microsoft-Windows-Sysmon/Operational\",\"computer\":\"WIN10-01.SOC-LAB.LOCAL\",\"severityValue\":\"INFORMATION\",\"message\":\"\\\"Registry value set:\\r\\nRuleName: T1122\\r\\nEventType: SetValue\\r\\nUtcTime: 2026-10-02 03:06:47.816\\r\\nProcessGuid: {e12a69d9-1fc5-6abf-d700-000000001700}\\r\\nProcessId: 7028\\r\\nImage: C:\\\\Users\\\\nam.user\\\\AppData\\\\Local\\\\Microsoft\\\\OneDrive\\\\OneDrive.exe\\r\\nTargetObject: HKU\\\\S-1-5-21-1324826322-2293316327-2538204677-1108_Classes\\\\WOW6432Node\\\\CLSID\\\\{F241C880-6982-4CE5-8CF7-7085BA96DA5A}\\\\InprocServer32\\\\(Default)\\r\\nDetails: C:\\\\Users\\\\nam.user\\\\AppData\\\\Local\\\\Microsoft\\\\OneDrive\\\\26.168.0830.0006\\\\i386\\\\FileSyncShell.dll\\r\\nUser: SOC-LAB\\\\nam.user\\\"\"},\"eventdata\":{\"ruleName\":\"T1122\",\"eventType\":\"SetValue\",\"utcTime\":\"2026-10-02 03:06:47.816\",\"processGuid\":\"{e12a69d9-1fc5-6abf-d700-000000001700}\",\"processId\":\"7028\",\"image\":\"C:\\\\\\\\Users\\\\\\\\nam.user\\\\\\\\AppData\\\\\\\\Local\\\\\\\\Microsoft\\\\\\\\OneDrive\\\\\\\\OneDrive.exe\",\"targetObject\":\"HKU\\\\\\\\S-1-5-21-1324826322-2293316327-2538204677-1108_Classes\\\\\\\\WOW6432Node\\\\\\\\CLSID\\\\\\\\{F241C880-6982-4CE5-8CF7-7085BA96DA5A}\\\\\\\\InprocServer32\\\\\\\\(Default)\",\"details\":\"C:\\\\\\\\Users\\\\\\\\nam.user\\\\\\\\AppData\\\\\\\\Local\\\\\\\\Microsoft\\\\\\\\OneDrive\\\\\\\\26.168.0830.0006\\\\\\\\i386\\\\\\\\FileSyncShell.dll\",\"user\":\"SOC-LAB\\\\\\\\nam.user\"}}}","decoder":{"name":"windows_eventchannel"},"data":{"win":{"system":{"providerName":"Microsoft-Windows-Sysmon","providerGuid":"{5770385f-c22a-43e0-bf4c-06f5698ffbd9}","eventID":"13","version":"2","level":"4","task":"13","opcode":"0","keywords":"0x8000000000000000","systemTime":"2026-10-02T03:06:47.8438276Z","eventRecordID":"11446","processID":"2140","threadID":"4056","channel":"Microsoft-Windows-Sysmon/Operational","computer":"WIN10-01.SOC-LAB.LOCAL","severityValue":"INFORMATION","message":"\"Registry value set:\r\nRuleName: T1122\r\nEventType: SetValue\r\nUtcTime: 2026-10-02 03:06:47.816\r\nProcessGuid: {e12a69d9-1fc5-6abf-d700-000000001700}\r\nProcessId: 7028\r\nImage: C:\\Users\\nam.user\\AppData\\Local\\Microsoft\\OneDrive\\OneDrive.exe\r\nTargetObject: HKU\\S-1-5-21-1324826322-2293316327-2538204677-1108_Classes\\WOW6432Node\\CLSID\\{F241C880-6982-4CE5-8CF7-7085BA96DA5A}\\InprocServer32\\(Default)\r\nDetails: C:\\Users\\nam.user\\AppData\\Local\\Microsoft\\OneDrive\\26.168.0830.0006\\i386\\FileSyncShell.dll\r\nUser: SOC-LAB\\nam.user\""},"eventdata":{"ruleName":"T1122","eventType":"SetValue","utcTime":"2026-10-02 03:06:47.816","processGuid":"{e12a69d9-1fc5-6abf-d700-000000001700}","processId":"7028","image":"C:\\\\Users\\\\nam.user\\\\AppData\\\\Local\\\\Microsoft\\\\OneDrive\\\\OneDrive.exe","targetObject":"HKU\\\\S-1-5-21-1324826322-2293316327-2538204677-1108_Classes\\\\WOW6432Node\\\\CLSID\\\\{F241C880-6982-4CE5-8CF7-7085BA96DA5A}\\\\InprocServer32\\\\(Default)","details":"C:\\\\Users\\\\nam.user\\\\AppData\\\\Local\\\\Microsoft\\\\OneDrive\\\\26.168.0830.0006\\\\i386\\\\FileSyncShell.dll","user":"SOC-LAB\\\\nam.user"}}},"location":"EventChannel"}
{"timestamp":"2026-10-02T03:06:50.443+0000","agent":{"id":"001","name":"SOC-WIN10","ip":"192.168.50.20"},"manager":{"name":"soc-wazuh"},"id":"1790910410.319068","full_log":"{\"win\":{\"system\":{\"providerName\":\"Microsoft-Windows-Sysmon\",\"providerGuid\":\"{5770385f-c22a-43e0-bf4c-06f5698ffbd9}\",\"eventID\":\"13\",\"version\":\"2\",\"level\":\"4\",\"task\":\"13\",\"opcode\":\"0\",\"keywords\":\"0x8000000000000000\",\"systemTime\":\"2026-10-02T03:06:47.8507832Z\",\"eventRecordID\":\"11447\",\"processID\":\"2140\",\"threadID\":\"4056\",\"channel\":\"Microsoft-Windows-Sysmon/Operational\",\"computer\":\"WIN10-01.SOC-LAB.LOCAL\",\"severityValue\":\"INFORMATION\",\"message\":\"\\\"Registry value set:\\r\\nRuleName: T1122\\r\\nEventType: SetValue\\r\\nUtcTime: 2026-10-02 03:06:47.816\\r\\nProcessGuid: {e12a69d9-1fc5-6abf-d700-000000001700}\\r\\nProcessId: 7028\\r\\nImage: C:\\\\Users\\\\nam.user\\\\AppData\\\\Local\\\\Microsoft\\\\OneDrive\\\\OneDrive.exe\\r\\nTargetObject: HKU\\\\S-1-5-21-1324826322-2293316327-2538204677-1108_Classes\\\\CLSID\\\\{9AA2F32D-362A-42D9-9328-24A483E2CCC3}\\\\InprocServer32\\\\(Default)\\r\\nDetails: C:\\\\Users\\\\nam.user\\\\AppData\\\\Local\\\\Microsoft\\\\OneDrive\\\\26.168.0830.0006\\\\FileSyncShell64.dll\\r\\nUser: SOC-LAB\\\\nam.user\\\"\"},\"eventdata\":{\"ruleName\":\"T1122\",\"eventType\":\"SetValue\",\"utcTime\":\"2026-10-02 03:06:47.816\",\"processGuid\":\"{e12a69d9-1fc5-6abf-d700-000000001700}\",\"processId\":\"7028\",\"image\":\"C:\\\\\\\\Users\\\\\\\\nam.user\\\\\\\\AppData\\\\\\\\Local\\\\\\\\Microsoft\\\\\\\\OneDrive\\\\\\\\OneDrive.exe\",\"targetObject\":\"HKU\\\\\\\\S-1-5-21-1324826322-2293316327-2538204677-1108_Classes\\\\\\\\CLSID\\\\\\\\{9AA2F32D-362A-42D9-9328-24A483E2CCC3}\\\\\\\\InprocServer32\\\\\\\\(Default)\",\"details\":\"C:\\\\\\\\Users\\\\\\\\nam.user\\\\\\\\AppData\\\\\\\\Local\\\\\\\\Microsoft\\\\\\\\OneDrive\\\\\\\\26.168.0830.0006\\\\\\\\FileSyncShell64.dll\",\"user\":\"SOC-LAB\\\\\\\\nam.user\"}}}","decoder":{"name":"windows_eventchannel"},"data":{"win":{"system":{"providerName":"Microsoft-Windows-Sysmon","providerGuid":"{5770385f-c22a-43e0-bf4c-06f5698ffbd9}","eventID":"13","version":"2","level":"4","task":"13","opcode":"0","keywords":"0x8000000000000000","systemTime":"2026-10-02T03:06:47.8507832Z","eventRecordID":"11447","processID":"2140","threadID":"4056","channel":"Microsoft-Windows-Sysmon/Operational","computer":"WIN10-01.SOC-LAB.LOCAL","severityValue":"INFORMATION","message":"\"Registry value set:\r\nRuleName: T1122\r\nEventType: SetValue\r\nUtcTime: 2026-10-02 03:06:47.816\r\nProcessGuid: {e12a69d9-1fc5-6abf-d700-000000001700}\r\nProcessId: 7028\r\nImage: C:\\Users\\nam.user\\AppData\\Local\\Microsoft\\OneDrive\\OneDrive.exe\r\nTargetObject: HKU\\S-1-5-21-1324826322-2293316327-2538204677-1108_Classes\\CLSID\\{9AA2F32D-362A-42D9-9328-24A483E2CCC3}\\InprocServer32\\(Default)\r\nDetails: C:\\Users\\nam.user\\AppData\\Local\\Microsoft\\OneDrive\\26.168.0830.0006\\FileSyncShell64.dll\r\nUser: SOC-LAB\\nam.user\""},"eventdata":{"ruleName":"T1122","eventType":"SetValue","utcTime":"2026-10-02 03:06:47.816","processGuid":"{e12a69d9-1fc5-6abf-d700-000000001700}","processId":"7028","image":"C:\\\\Users\\\\nam.user\\\\AppData\\\\Local\\\\Microsoft\\\\OneDrive\\\\OneDrive.exe","targetObject":"HKU\\\\S-1-5-21-1324826322-2293316327-2538204677-1108_Classes\\\\CLSID\\\\{9AA2F32D-362A-42D9-9328-24A483E2CCC3}\\\\InprocServer32\\\\(Default)","details":"C:\\\\Users\\\\nam.user\\\\AppData\\\\Local\\\\Microsoft\\\\OneDrive\\\\26.168.0830.0006\\\\FileSyncShell64.dll","user":"SOC-LAB\\\\nam.user"}}},"location":"EventChannel"}
{"timestamp":"2026-10-02T03:06:50.467+0000","agent":{"id":"001","name":"SOC-WIN10","ip":"192.168.50.20"},"manager":{"name":"soc-wazuh"},"id":"1790910410.319068","full_log":"{\"win\":{\"system\":{\"providerName\":\"Microsoft-Windows-Sysmon\",\"providerGuid\":\"{5770385f-c22a-43e0-bf4c-06f5698ffbd9}\",\"eventID\":\"13\",\"version\":\"2\",\"level\":\"4\",\"task\":\"13\",\"opcode\":\"0\",\"keywords\":\"0x8000000000000000\",\"systemTime\":\"2026-10-02T03:06:47.8508548Z\",\"eventRecordID\":\"11448\",\"processID\":\"2140\",\"threadID\":\"4056\",\"channel\":\"Microsoft-Windows-Sysmon/Operational\",\"computer\":\"WIN10-01.SOC-LAB.LOCAL\",\"severityValue\":\"INFORMATION\",\"message\":\"\\\"Registry value set:\\r\\nRuleName: T1122\\r\\nEventType: SetValue\\r\\nUtcTime: 2026-10-02 03:06:47.816\\r\\nProcessGuid: {e12a69d9-1fc5-6abf-d700-000000001700}\\r\\nProcessId: 7028\\r\\nImage: C:\\\\Users\\\\nam.user\\\\AppData\\\\Local\\\\Microsoft\\\\OneDrive\\\\OneDrive.exe\\r\\nTargetObject: HKU\\\\S-1-5-21-1324826322-2293316327-2538204677-1108_Classes\\\\WOW6432Node\\\\CLSID\\\\{9AA2F32D-362A-42D9-9328-24A483E2CCC3}\\\\InprocServer32\\\\(Default)\\r\\nDetails: C:\\\\Users\\\\nam.user\\\\AppData\\\\Local\\\\Microsoft\\\\OneDrive\\\\26.168.0830.0006\\\\i386\\\\FileSyncShell.dll\\r\\nUser: SOC-LAB\\\\nam.user\\\"\"},\"eventdata\":{\"ruleName\":\"T1122\",\"eventType\":\"SetValue\",\"utcTime\":\"2026-10-02 03:06:47.816\",\"processGuid\":\"{e12a69d9-1fc5-6abf-d700-000000001700}\",\"processId\":\"7028\",\"image\":\"C:\\\\\\\\Users\\\\\\\\nam.user\\\\\\\\AppData\\\\\\\\Local\\\\\\\\Microsoft\\\\\\\\OneDrive\\\\\\\\OneDrive.exe\",\"targetObject\":\"HKU\\\\\\\\S-1-5-21-1324826322-2293316327-2538204677-1108_Classes\\\\\\\\WOW6432Node\\\\\\\\CLSID\\\\\\\\{9AA2F32D-362A-42D9-9328-24A483E2CCC3}\\\\\\\\InprocServer32\\\\\\\\(Default)\",\"details\":\"C:\\\\\\\\Users\\\\\\\\nam.user\\\\\\\\AppData\\\\\\\\Local\\\\\\\\Microsoft\\\\\\\\OneDrive\\\\\\\\26.168.0830.0006\\\\\\\\i386\\\\\\\\FileSyncShell.dll\",\"user\":\"SOC-LAB\\\\\\\\nam.user\"}}}","decoder":{"name":"windows_eventchannel"},"data":{"win":{"system":{"providerName":"Microsoft-Windows-Sysmon","providerGuid":"{5770385f-c22a-43e0-bf4c-06f5698ffbd9}","eventID":"13","version":"2","level":"4","task":"13","opcode":"0","keywords":"0x8000000000000000","systemTime":"2026-10-02T03:06:47.8508548Z","eventRecordID":"11448","processID":"2140","threadID":"4056","channel":"Microsoft-Windows-Sysmon/Operational","computer":"WIN10-01.SOC-LAB.LOCAL","severityValue":"INFORMATION","message":"\"Registry value set:\r\nRuleName: T1122\r\nEventType: SetValue\r\nUtcTime: 2026-10-02 03:06:47.816\r\nProcessGuid: {e12a69d9-1fc5-6abf-d700-000000001700}\r\nProcessId: 7028\r\nImage: C:\\Users\\nam.user\\AppData\\Local\\Microsoft\\OneDrive\\OneDrive.exe\r\nTargetObject: HKU\\S-1-5-21-1324826322-2293316327-2538204677-1108_Classes\\WOW6432Node\\CLSID\\{9AA2F32D-362A-42D9-9328-24A483E2CCC3}\\InprocServer32\\(Default)\r\nDetails: C:\\Users\\nam.user\\AppData\\Local\\Microsoft\\OneDrive\\26.168.0830.0006\\i386\\FileSyncShell.dll\r\nUser: SOC-LAB\\nam.user\""},"eventdata":{"ruleName":"T1122","eventType":"SetValue","utcTime":"2026-10-02 03:06:47.816","processGuid":"{e12a69d9-1fc5-6abf-d700-000000001700}","processId":"7028","image":"C:\\\\Users\\\\nam.user\\\\AppData\\\\Local\\\\Microsoft\\\\OneDrive\\\\OneDrive.exe","targetObject":"HKU\\\\S-1-5-21-1324826322-2293316327-2538204677-1108_Classes\\\\WOW6432Node\\\\CLSID\\\\{9AA2F32D-362A-42D9-9328-24A483E2CCC3}\\\\InprocServer32\\\\(Default)","details":"C:\\\\Users\\\\nam.user\\\\AppData\\\\Local\\\\Microsoft\\\\OneDrive\\\\26.168.0830.0006\\\\i386\\\\FileSyncShell.dll","user":"SOC-LAB\\\\nam.user"}}},"location":"EventChannel"}
{"timestamp":"2026-10-02T03:06:50.701+0000","agent":{"id":"001","name":"SOC-WIN10","ip":"192.168.50.20"},"manager":{"name":"soc-wazuh"},"id":"1790910410.319068","full_log":"{\"win\":{\"system\":{\"providerName\":\"Microsoft-Windows-Sysmon\",\"providerGuid\":\"{5770385f-c22a-43e0-bf4c-06f5698ffbd9}\",\"eventID\":\"13\",\"version\":\"2\",\"level\":\"4\",\"task\":\"13\",\"opcode\":\"0\",\"keywords\":\"0x8000000000000000\",\"systemTime\":\"2026-10-02T03:06:47.8512725Z\",\"eventRecordID\":\"11449\",\"processID\":\"2140\",\"threadID\":\"4056\",\"channel\":\"Microsoft-Windows-Sysmon/Operational\",\"computer\":\"WIN10-01.SOC-LAB.LOCAL\",\"severityValue\":\"INFORMATION\",\"message\":\"\\\"Registry value set:\\r\\nRuleName: T1122\\r\\nEventType: SetValue\\r\\nUtcTime: 2026-10-02 03:06:47.816\\r\\nProcessGuid: {e12a69d9-1fc5-6abf-d700-000000001700}\\r\\nProcessId: 7028\\r\\nImage: C:\\\\Users\\\\nam.user\\\\AppData\\\\Local\\\\Microsoft\\\\OneDrive\\\\OneDrive.exe\\r\\nTargetObject: HKU\\\\S-1-5-21-1324826322-2293316327-2538204677-1108_Classes\\\\CLSID\\\\{C5FF006E-2AE9-408C-B85B-2DFDD5449D9C}\\\\InprocServer32\\\\(Default)\\r\\nDetails: C:\\\\Users\\\\nam.user\\\\AppData\\\\Local\\\\Microsoft\\\\OneDrive\\\\26.168.0830.0006\\\\FileSyncShell64.dll\\r\\nUser: SOC-LAB\\\\nam.user\\\"\"},\"eventdata\":{\"ruleName\":\"T1122\",\"eventType\":\"SetValue\",\"utcTime\":\"2026-10-02 03:06:47.816\",\"processGuid\":\"{e12a69d9-1fc5-6abf-d700-000000001700}\",\"processId\":\"7028\",\"image\":\"C:\\\\\\\\Users\\\\\\\\nam.user\\\\\\\\AppData\\\\\\\\Local\\\\\\\\Microsoft\\\\\\\\OneDrive\\\\\\\\OneDrive.exe\",\"targetObject\":\"HKU\\\\\\\\S-1-5-21-1324826322-2293316327-2538204677-1108_Classes\\\\\\\\CLSID\\\\\\\\{C5FF006E-2AE9-408C-B85B-2DFDD5449D9C}\\\\\\\\InprocServer32\\\\\\\\(Default)\",\"details\":\"C:\\\\\\\\Users\\\\\\\\nam.user\\\\\\\\AppData\\\\\\\\Local\\\\\\\\Microsoft\\\\\\\\OneDrive\\\\\\\\26.168.0830.0006\\\\\\\\FileSyncShell64.dll\",\"user\":\"SOC-LAB\\\\\\\\nam.user\"}}}","decoder":{"name":"windows_eventchannel"},"data":{"win":{"system":{"providerName":"Microsoft-Windows-Sysmon","providerGuid":"{5770385f-c22a-43e0-bf4c-06f5698ffbd9}","eventID":"13","version":"2","level":"4","task":"13","opcode":"0","keywords":"0x8000000000000000","systemTime":"2026-10-02T03:06:47.8512725Z","eventRecordID":"11449","processID":"2140","threadID":"4056","channel":"Microsoft-Windows-Sysmon/Operational","computer":"WIN10-01.SOC-LAB.LOCAL","severityValue":"INFORMATION","message":"\"Registry value set:\r\nRuleName: T1122\r\nEventType: SetValue\r\nUtcTime: 2026-10-02 03:06:47.816\r\nProcessGuid: {e12a69d9-1fc5-6abf-d700-000000001700}\r\nProcessId: 7028\r\nImage: C:\\Users\\nam.user\\AppData\\Local\\Microsoft\\OneDrive\\OneDrive.exe\r\nTargetObject: HKU\\S-1-5-21-1324826322-2293316327-2538204677-1108_Classes\\CLSID\\{C5FF006E-2AE9-408C-B85B-2DFDD5449D9C}\\InprocServer32\\(Default)\r\nDetails: C:\\Users\\nam.user\\AppData\\Local\\Microsoft\\OneDrive\\26.168.0830.0006\\FileSyncShell64.dll\r\nUser: SOC-LAB\\nam.user\""},"eventdata":{"ruleName":"T1122","eventType":"SetValue","utcTime":"2026-10-02 03:06:47.816","processGuid":"{e12a69d9-1fc5-6abf-d700-000000001700}","processId":"7028","image":"C:\\\\Users\\\\nam.user\\\\AppData\\\\Local\\\\Microsoft\\\\OneDrive\\\\OneDrive.exe","targetObject":"HKU\\\\S-1-5-21-1324826322-2293316327-2538204677-1108_Classes\\\\CLSID\\\\{C5FF006E-2AE9-408C-B85B-2DFDD5449D9C}\\\\InprocServer32\\\\(Default)","details":"C:\\\\Users\\\\nam.user\\\\AppData\\\\Local\\\\Microsoft\\\\OneDrive\\\\26.168.0830.0006\\\\FileSyncShell64.dll","user":"SOC-LAB\\\\nam.user"}}},"location":"EventChannel"}
{"timestamp":"2026-10-02T03:06:50.769+0000","agent":{"id":"001","name":"SOC-WIN10","ip":"192.168.50.20"},"manager":{"name":"soc-wazuh"},"id":"1790910410.319068","full_log":"{\"win\":{\"system\":{\"providerName\":\"Microsoft-Windows-Sysmon\",\"providerGuid\":\"{5770385f-c22a-43e0-bf4c-06f5698ffbd9}\",\"eventID\":\"13\",\"version\":\"2\",\"level\":\"4\",\"task\":\"13\",\"opcode\":\"0\",\"keywords\":\"0x8000000000000000\",\"systemTime\":\"2026-10-02T03:06:47.8513529Z\",\"eventRecordID\":\"11450\",\"processID\":\"2140\",\"threadID\":\"4056\",\"channel\":\"Microsoft-Windows-Sysmon/Operational\",\"computer\":\"WIN10-01.SOC-LAB.LOCAL\",\"severityValue\":\"INFORMATION\",\"message\":\"\\\"Registry value set:\\r\\nRuleName: T1122\\r\\nEventType: SetValue\\r\\nUtcTime: 2026-10-02 03:06:47.816\\r\\nProcessGuid: {e12a69d9-1fc5-6abf-d700-000000001700}\\r\\nProcessId: 7028\\r\\nImage: C:\\\\Users\\\\nam.user\\\\AppData\\\\Local\\\\Microsoft\\\\OneDrive\\\\OneDrive.exe\\r\\nTargetObject: HKU\\\\S-1-5-21-1324826322-2293316327-2538204677-1108_Classes\\\\WOW6432Node\\\\CLSID\\\\{C5FF006E-2AE9-408C-B85B-2DFDD5449D9C}\\\\InprocServer32\\\\(Default)\\r\\nDetails: C:\\\\Users\\\\nam.user\\\\AppData\\\\Local\\\\Microsoft\\\\OneDrive\\\\26.168.0830.0006\\\\i386\\\\FileSyncShell.dll\\r\\nUser: SOC-LAB\\\\nam.user\\\"\"},\"eventdata\":{\"ruleName\":\"T1122\",\"eventType\":\"SetValue\",\"utcTime\":\"2026-10-02 03:06:47.816\",\"processGuid\":\"{e12a69d9-1fc5-6abf-d700-000000001700}\",\"processId\":\"7028\",\"image\":\"C:\\\\\\\\Users\\\\\\\\nam.user\\\\\\\\AppData\\\\\\\\Local\\\\\\\\Microsoft\\\\\\\\OneDrive\\\\\\\\OneDrive.exe\",\"targetObject\":\"HKU\\\\\\\\S-1-5-21-1324826322-2293316327-2538204677-1108_Classes\\\\\\\\WOW6432Node\\\\\\\\CLSID\\\\\\\\{C5FF006E-2AE9-408C-B85B-2DFDD5449D9C}\\\\\\\\InprocServer32\\\\\\\\(Default)\",\"details\":\"C:\\\\\\\\Users\\\\\\\\nam.user\\\\\\\\AppData\\\\\\\\Local\\\\\\\\Microsoft\\\\\\\\OneDrive\\\\\\\\26.168.0830.0006\\\\\\\\i386\\\\\\\\FileSyncShell.dll\",\"user\":\"SOC-LAB\\\\\\\\nam.user\"}}}","decoder":{"name":"windows_eventchannel"},"data":{"win":{"system":{"providerName":"Microsoft-Windows-Sysmon","providerGuid":"{5770385f-c22a-43e0-bf4c-06f5698ffbd9}","eventID":"13","version":"2","level":"4","task":"13","opcode":"0","keywords":"0x8000000000000000","systemTime":"2026-10-02T03:06:47.8513529Z","eventRecordID":"11450","processID":"2140","threadID":"4056","channel":"Microsoft-Windows-Sysmon/Operational","computer":"WIN10-01.SOC-LAB.LOCAL","severityValue":"INFORMATION","message":"\"Registry value set:\r\nRuleName: T1122\r\nEventType: SetValue\r\nUtcTime: 2026-10-02 03:06:47.816\r\nProcessGuid: {e12a69d9-1fc5-6abf-d700-000000001700}\r\nProcessId: 7028\r\nImage: C:\\Users\\nam.user\\AppData\\Local\\Microsoft\\OneDrive\\OneDrive.exe\r\nTargetObject: HKU\\S-1-5-21-1324826322-2293316327-2538204677-1108_Classes\\WOW6432Node\\CLSID\\{C5FF006E-2AE9-408C-B85B-2DFDD5449D9C}\\InprocServer32\\(Default)\r\nDetails: C:\\Users\\nam.user\\AppData\\Local\\Microsoft\\OneDrive\\26.168.0830.0006\\i386\\FileSyncShell.dll\r\nUser: SOC-LAB\\nam.user\""},"eventdata":{"ruleName":"T1122","eventType":"SetValue","utcTime":"2026-10-02 03:06:47.816","processGuid":"{e12a69d9-1fc5-6abf-d700-000000001700}","processId":"7028","image":"C:\\\\Users\\\\nam.user\\\\AppData\\\\Local\\\\Microsoft\\\\OneDrive\\\\OneDrive.exe","targetObject":"HKU\\\\S-1-5-21-1324826322-2293316327-2538204677-1108_Classes\\\\WOW6432Node\\\\CLSID\\\\{C5FF006E-2AE9-408C-B85B-2DFDD5449D9C}\\\\InprocServer32\\\\(Default)","details":"C:\\\\Users\\\\nam.user\\\\AppData\\\\Local\\\\Microsoft\\\\OneDrive\\\\26.168.0830.0006\\\\i386\\\\FileSyncShell.dll","user":"SOC-LAB\\\\nam.user"}}},"location":"EventChannel"}
