{"timestamp":"2026-10-02T04:52:47.010+0000","rule":{"level":4,"description":"Powershell process spawned Windows command shell instance","id":"92004","mitre":{"id":["T1059.003"],"tactic":["Execution"],"technique":["Windows Command Shell"]},"firedtimes":24,"mail":false,"groups":["sysmon","sysmon_eid1_detections","windows"]},"agent":{"id":"001","name":"SOC-WIN10","ip":"192.168.50.20"},"manager":{"name":"soc-wazuh"},"id":"1790916767.1169839","full_log":"{\"win\":{\"system\":{\"providerName\":\"Microsoft-Windows-Sysmon\",\"providerGuid\":\"{5770385f-c22a-43e0-bf4c-06f5698ffbd9}\",\"eventID\":\"1\",\"version\":\"5\",\"level\":\"4\",\"task\":\"1\",\"opcode\":\"0\",\"keywords\":\"0x8000000000000000\",\"systemTime\":\"2026-10-02T04:52:45.2338542Z\",\"eventRecordID\":\"12528\",\"processID\":\"2140\",\"threadID\":\"4056\",\"channel\":\"Microsoft-Windows-Sysmon/Operational\",\"computer\":\"WIN10-01.SOC-LAB.LOCAL\",\"severityValue\":\"INFORMATION\",\"message\":\"\\\"Process Create:\\r\\nRuleName: -\\r\\nUtcTime: 2026-10-02 04:52:45.232\\r\\nProcessGuid: {e12a69d9-389d-6abf-2003-000000001700}\\r\\nProcessId: 2812\\r\\nImage: C:\\\\Windows\\\\System32\\\\cmd.exe\\r\\nFileVersion: 10.0.19041.4355 (WinBuild.160101.0800)\\r\\nDescription: Windows Command Processor\\r\\nProduct: Microsoft® Windows® Operating System\\r\\nCompany: Microsoft Corporation\\r\\nOriginalFileName: Cmd.Exe\\r\\nCommandLine: \\\"C:\\\\Windows\\\\system32\\\\cmd.exe\\\" /c echo SOC_BENIGN_V3\\r\\nCurrentDirectory: C:\\\\Users\\\\nam.user\\\\\\r\\nUser: SOC-LAB\\\\nam.user\\r\\nLogonGuid: {e12a69d9-1fab-6abf-e90d-090000000000}\\r\\nLogonId: 0x90DE9\\r\\nTerminalSessionId: 1\\r\\nIntegrityLevel: Medium\\r\\nHashes: MD5=2B40C98ED0F7A1D3B091A3E8353132DC,SHA256=BADF4752413CB0CBDC03FB95820CA167F0CDC63B597CCDB5EF43111180E088B0,IMPHASH=272245E2988E1E430500B852C4FB5E18\\r\\nParentProcessGuid: {e12a69d9-2170-6abf-5b01-000000001700}\\r\\nParentProcessId: 7604\\r\\nParentImage: C:\\\\Windows\\\\System32\\\\WindowsPowerShell\\\\v1.0\\\\powershell.exe\\r\\nParentCommandLine: \\\"C:\\\\Windows\\\\System32\\\\WindowsPowerShell\\\\v1.0\\\\powershell.exe\\\" \\r\\nParentUser: SOC-LAB\\\\nam.user\\\"\"},\"eventdata\":{\"utcTime\":\"2026-10-02 04:52:45.232\",\"processGuid\":\"{e12a69d9-389d-6abf-2003-000000001700}\",\"processId\":\"2812\",\"image\":\"C:\\\\\\\\Windows\\\\\\\\System32\\\\\\\\cmd.exe\",\"fileVersion\":\"10.0.19041.4355 (WinBuild.160101.0800)\",\"description\":\"Windows Command Processor\",\"product\":\"Microsoft® Windows® Operating System\",\"company\":\"Microsoft Corporation\",\"originalFileName\":\"Cmd.Exe\",\"commandLine\":\"\\\\\\\"C:\\\\\\\\Windows\\\\\\\\system32\\\\\\\\cmd.exe\\\\\\\" /c echo SOC_BENIGN_V3\",\"currentDirectory\":\"C:\\\\\\\\Users\\\\\\\\nam.user\\\\\\\\\",\"user\":\"SOC-LAB\\\\\\\\nam.user\",\"logonGuid\":\"{e12a69d9-1fab-6abf-e90d-090000000000}\",\"logonId\":\"0x90de9\",\"terminalSessionId\":\"1\",\"integrityLevel\":\"Medium\",\"hashes\":\"MD5=2B40C98ED0F7A1D3B091A3E8353132DC,SHA256=BADF4752413CB0CBDC03FB95820CA167F0CDC63B597CCDB5EF43111180E088B0,IMPHASH=272245E2988E1E430500B852C4FB5E18\",\"parentProcessGuid\":\"{e12a69d9-2170-6abf-5b01-000000001700}\",\"parentProcessId\":\"7604\",\"parentImage\":\"C:\\\\\\\\Windows\\\\\\\\System32\\\\\\\\WindowsPowerShell\\\\\\\\v1.0\\\\\\\\powershell.exe\",\"parentCommandLine\":\"\\\\\\\"C:\\\\\\\\Windows\\\\\\\\System32\\\\\\\\WindowsPowerShell\\\\\\\\v1.0\\\\\\\\powershell.exe\\\\\\\"\",\"parentUser\":\"SOC-LAB\\\\\\\\nam.user\"}}}","decoder":{"name":"windows_eventchannel"},"data":{"win":{"system":{"providerName":"Microsoft-Windows-Sysmon","providerGuid":"{5770385f-c22a-43e0-bf4c-06f5698ffbd9}","eventID":"1","version":"5","level":"4","task":"1","opcode":"0","keywords":"0x8000000000000000","systemTime":"2026-10-02T04:52:45.2338542Z","eventRecordID":"12528","processID":"2140","threadID":"4056","channel":"Microsoft-Windows-Sysmon/Operational","computer":"WIN10-01.SOC-LAB.LOCAL","severityValue":"INFORMATION","message":"\"Process Create:\r\nRuleName: -\r\nUtcTime: 2026-10-02 04:52:45.232\r\nProcessGuid: {e12a69d9-389d-6abf-2003-000000001700}\r\nProcessId: 2812\r\nImage: C:\\Windows\\System32\\cmd.exe\r\nFileVersion: 10.0.19041.4355 (WinBuild.160101.0800)\r\nDescription: Windows Command Processor\r\nProduct: Microsoft® Windows® Operating System\r\nCompany: Microsoft Corporation\r\nOriginalFileName: Cmd.Exe\r\nCommandLine: \"C:\\Windows\\system32\\cmd.exe\" /c echo SOC_BENIGN_V3\r\nCurrentDirectory: C:\\Users\\nam.user\\\r\nUser: SOC-LAB\\nam.user\r\nLogonGuid: {e12a69d9-1fab-6abf-e90d-090000000000}\r\nLogonId: 0x90DE9\r\nTerminalSessionId: 1\r\nIntegrityLevel: Medium\r\nHashes: MD5=2B40C98ED0F7A1D3B091A3E8353132DC,SHA256=BADF4752413CB0CBDC03FB95820CA167F0CDC63B597CCDB5EF43111180E088B0,IMPHASH=272245E2988E1E430500B852C4FB5E18\r\nParentProcessGuid: {e12a69d9-2170-6abf-5b01-000000001700}\r\nParentProcessId: 7604\r\nParentImage: C:\\Windows\\System32\\WindowsPowerShell\\v1.0\\powershell.exe\r\nParentCommandLine: \"C:\\Windows\\System32\\WindowsPowerShell\\v1.0\\powershell.exe\" \r\nParentUser: SOC-LAB\\nam.user\""},"eventdata":{"utcTime":"2026-10-02 04:52:45.232","processGuid":"{e12a69d9-389d-6abf-2003-000000001700}","processId":"2812","image":"C:\\\\Windows\\\\System32\\\\cmd.exe","fileVersion":"10.0.19041.4355 (WinBuild.160101.0800)","description":"Windows Command Processor","product":"Microsoft® Windows® Operating System","company":"Microsoft Corporation","originalFileName":"Cmd.Exe","commandLine":"\\\"C:\\\\Windows\\\\system32\\\\cmd.exe\\\" /c echo SOC_BENIGN_V3","currentDirectory":"C:\\\\Users\\\\nam.user\\\\","user":"SOC-LAB\\\\nam.user","logonGuid":"{e12a69d9-1fab-6abf-e90d-090000000000}","logonId":"0x90de9","terminalSessionId":"1","integrityLevel":"Medium","hashes":"MD5=2B40C98ED0F7A1D3B091A3E8353132DC,SHA256=BADF4752413CB0CBDC03FB95820CA167F0CDC63B597CCDB5EF43111180E088B0,IMPHASH=272245E2988E1E430500B852C4FB5E18","parentProcessGuid":"{e12a69d9-2170-6abf-5b01-000000001700}","parentProcessId":"7604","parentImage":"C:\\\\Windows\\\\System32\\\\WindowsPowerShell\\\\v1.0\\\\powershell.exe","parentCommandLine":"\\\"C:\\\\Windows\\\\System32\\\\WindowsPowerShell\\\\v1.0\\\\powershell.exe\\\"","parentUser":"SOC-LAB\\\\nam.user"}}},"location":"EventChannel"}
{"timestamp":"2026-10-02T04:52:47.028+0000","rule":{"level":4,"description":"Powershell process spawned Windows command shell instance","id":"92004","mitre":{"id":["T1059.003"],"tactic":["Execution"],"technique":["Windows Command Shell"]},"firedtimes":25,"mail":false,"groups":["sysmon","sysmon_eid1_detections","windows"]},"agent":{"id":"001","name":"SOC-WIN10","ip":"192.168.50.20"},"manager":{"name":"soc-wazuh"},"id":"1790916767.1178444","full_log":"{\"win\":{\"system\":{\"providerName\":\"Microsoft-Windows-Sysmon\",\"providerGuid\":\"{5770385f-c22a-43e0-bf4c-06f5698ffbd9}\",\"eventID\":\"1\",\"version\":\"5\",\"level\":\"4\",\"task\":\"1\",\"opcode\":\"0\",\"keywords\":\"0x8000000000000000\",\"systemTime\":\"2026-10-02T04:52:45.2474176Z\",\"eventRecordID\":\"12529\",\"processID\":\"2140\",\"threadID\":\"4056\",\"channel\":\"Microsoft-Windows-Sysmon/Operational\",\"computer\":\"WIN10-01.SOC-LAB.LOCAL\",\"severityValue\":\"INFORMATION\",\"message\":\"\\\"Process Create:\\r\\nRuleName: -\\r\\nUtcTime: 2026-10-02 04:52:45.246\\r\\nProcessGuid: {e12a69d9-389d-6abf-2103-000000001700}\\r\\nProcessId: 4660\\r\\nImage: C:\\\\Windows\\\\System32\\\\cmd.exe\\r\\nFileVersion: 10.0.19041.4355 (WinBuild.160101.0800)\\r\\nDescription: Windows Command Processor\\r\\nProduct: Microsoft® Windows® Operating System\\r\\nCompany: Microsoft Corporation\\r\\nOriginalFileName: Cmd.Exe\\r\\nCommandLine: \\\"C:\\\\Windows\\\\system32\\\\cmd.exe\\\" /c ver\\r\\nCurrentDirectory: C:\\\\Users\\\\nam.user\\\\\\r\\nUser: SOC-LAB\\\\nam.user\\r\\nLogonGuid: {e12a69d9-1fab-6abf-e90d-090000000000}\\r\\nLogonId: 0x90DE9\\r\\nTerminalSessionId: 1\\r\\nIntegrityLevel: Medium\\r\\nHashes: MD5=2B40C98ED0F7A1D3B091A3E8353132DC,SHA256=BADF4752413CB0CBDC03FB95820CA167F0CDC63B597CCDB5EF43111180E088B0,IMPHASH=272245E2988E1E430500B852C4FB5E18\\r\\nParentProcessGuid: {e12a69d9-2170-6abf-5b01-000000001700}\\r\\nParentProcessId: 7604\\r\\nParentImage: C:\\\\Windows\\\\System32\\\\WindowsPowerShell\\\\v1.0\\\\powershell.exe\\r\\nParentCommandLine: \\\"C:\\\\Windows\\\\System32\\\\WindowsPowerShell\\\\v1.0\\\\powershell.exe\\\" \\r\\nParentUser: SOC-LAB\\\\nam.user\\\"\"},\"eventdata\":{\"utcTime\":\"2026-10-02 04:52:45.246\",\"processGuid\":\"{e12a69d9-389d-6abf-2103-000000001700}\",\"processId\":\"4660\",\"image\":\"C:\\\\\\\\Windows\\\\\\\\System32\\\\\\\\cmd.exe\",\"fileVersion\":\"10.0.19041.4355 (WinBuild.160101.0800)\",\"description\":\"Windows Command Processor\",\"product\":\"Microsoft® Windows® Operating System\",\"company\":\"Microsoft Corporation\",\"originalFileName\":\"Cmd.Exe\",\"commandLine\":\"\\\\\\\"C:\\\\\\\\Windows\\\\\\\\system32\\\\\\\\cmd.exe\\\\\\\" /c ver\",\"currentDirectory\":\"C:\\\\\\\\Users\\\\\\\\nam.user\\\\\\\\\",\"user\":\"SOC-LAB\\\\\\\\nam.user\",\"logonGuid\":\"{e12a69d9-1fab-6abf-e90d-090000000000}\",\"logonId\":\"0x90de9\",\"terminalSessionId\":\"1\",\"integrityLevel\":\"Medium\",\"hashes\":\"MD5=2B40C98ED0F7A1D3B091A3E8353132DC,SHA256=BADF4752413CB0CBDC03FB95820CA167F0CDC63B597CCDB5EF43111180E088B0,IMPHASH=272245E2988E1E430500B852C4FB5E18\",\"parentProcessGuid\":\"{e12a69d9-2170-6abf-5b01-000000001700}\",\"parentProcessId\":\"7604\",\"parentImage\":\"C:\\\\\\\\Windows\\\\\\\\System32\\\\\\\\WindowsPowerShell\\\\\\\\v1.0\\\\\\\\powershell.exe\",\"parentCommandLine\":\"\\\\\\\"C:\\\\\\\\Windows\\\\\\\\System32\\\\\\\\WindowsPowerShell\\\\\\\\v1.0\\\\\\\\powershell.exe\\\\\\\"\",\"parentUser\":\"SOC-LAB\\\\\\\\nam.user\"}}}","decoder":{"name":"windows_eventchannel"},"data":{"win":{"system":{"providerName":"Microsoft-Windows-Sysmon","providerGuid":"{5770385f-c22a-43e0-bf4c-06f5698ffbd9}","eventID":"1","version":"5","level":"4","task":"1","opcode":"0","keywords":"0x8000000000000000","systemTime":"2026-10-02T04:52:45.2474176Z","eventRecordID":"12529","processID":"2140","threadID":"4056","channel":"Microsoft-Windows-Sysmon/Operational","computer":"WIN10-01.SOC-LAB.LOCAL","severityValue":"INFORMATION","message":"\"Process Create:\r\nRuleName: -\r\nUtcTime: 2026-10-02 04:52:45.246\r\nProcessGuid: {e12a69d9-389d-6abf-2103-000000001700}\r\nProcessId: 4660\r\nImage: C:\\Windows\\System32\\cmd.exe\r\nFileVersion: 10.0.19041.4355 (WinBuild.160101.0800)\r\nDescription: Windows Command Processor\r\nProduct: Microsoft® Windows® Operating System\r\nCompany: Microsoft Corporation\r\nOriginalFileName: Cmd.Exe\r\nCommandLine: \"C:\\Windows\\system32\\cmd.exe\" /c ver\r\nCurrentDirectory: C:\\Users\\nam.user\\\r\nUser: SOC-LAB\\nam.user\r\nLogonGuid: {e12a69d9-1fab-6abf-e90d-090000000000}\r\nLogonId: 0x90DE9\r\nTerminalSessionId: 1\r\nIntegrityLevel: Medium\r\nHashes: MD5=2B40C98ED0F7A1D3B091A3E8353132DC,SHA256=BADF4752413CB0CBDC03FB95820CA167F0CDC63B597CCDB5EF43111180E088B0,IMPHASH=272245E2988E1E430500B852C4FB5E18\r\nParentProcessGuid: {e12a69d9-2170-6abf-5b01-000000001700}\r\nParentProcessId: 7604\r\nParentImage: C:\\Windows\\System32\\WindowsPowerShell\\v1.0\\powershell.exe\r\nParentCommandLine: \"C:\\Windows\\System32\\WindowsPowerShell\\v1.0\\powershell.exe\" \r\nParentUser: SOC-LAB\\nam.user\""},"eventdata":{"utcTime":"2026-10-02 04:52:45.246","processGuid":"{e12a69d9-389d-6abf-2103-000000001700}","processId":"4660","image":"C:\\\\Windows\\\\System32\\\\cmd.exe","fileVersion":"10.0.19041.4355 (WinBuild.160101.0800)","description":"Windows Command Processor","product":"Microsoft® Windows® Operating System","company":"Microsoft Corporation","originalFileName":"Cmd.Exe","commandLine":"\\\"C:\\\\Windows\\\\system32\\\\cmd.exe\\\" /c ver","currentDirectory":"C:\\\\Users\\\\nam.user\\\\","user":"SOC-LAB\\\\nam.user","logonGuid":"{e12a69d9-1fab-6abf-e90d-090000000000}","logonId":"0x90de9","terminalSessionId":"1","integrityLevel":"Medium","hashes":"MD5=2B40C98ED0F7A1D3B091A3E8353132DC,SHA256=BADF4752413CB0CBDC03FB95820CA167F0CDC63B597CCDB5EF43111180E088B0,IMPHASH=272245E2988E1E430500B852C4FB5E18","parentProcessGuid":"{e12a69d9-2170-6abf-5b01-000000001700}","parentProcessId":"7604","parentImage":"C:\\\\Windows\\\\System32\\\\WindowsPowerShell\\\\v1.0\\\\powershell.exe","parentCommandLine":"\\\"C:\\\\Windows\\\\System32\\\\WindowsPowerShell\\\\v1.0\\\\powershell.exe\\\"","parentUser":"SOC-LAB\\\\nam.user"}}},"location":"EventChannel"}
{"timestamp":"2026-10-02T04:52:47.042+0000","rule":{"level":4,"description":"Powershell process spawned Windows command shell instance","id":"92004","mitre":{"id":["T1059.003"],"tactic":["Execution"],"technique":["Windows Command Shell"]},"firedtimes":26,"mail":false,"groups":["sysmon","sysmon_eid1_detections","windows"]},"agent":{"id":"001","name":"SOC-WIN10","ip":"192.168.50.20"},"manager":{"name":"soc-wazuh"},"id":"1790916767.1178444","full_log":"{\"win\":{\"system\":{\"providerName\":\"Microsoft-Windows-Sysmon\",\"providerGuid\":\"{5770385f-c22a-43e0-bf4c-06f5698ffbd9}\",\"eventID\":\"1\",\"version\":\"5\",\"level\":\"4\",\"task\":\"1\",\"opcode\":\"0\",\"keywords\":\"0x8000000000000000\",\"systemTime\":\"2026-10-02T04:52:45.2653984Z\",\"eventRecordID\":\"12530\",\"processID\":\"2140\",\"threadID\":\"4056\",\"channel\":\"Microsoft-Windows-Sysmon/Operational\",\"computer\":\"WIN10-01.SOC-LAB.LOCAL\",\"severityValue\":\"INFORMATION\",\"message\":\"\\\"Process Create:\\r\\nRuleName: -\\r\\nUtcTime: 2026-10-02 04:52:45.263\\r\\nProcessGuid: {e12a69d9-389d-6abf-2203-000000001700}\\r\\nProcessId: 7692\\r\\nImage: C:\\\\Windows\\\\System32\\\\cmd.exe\\r\\nFileVersion: 10.0.19041.4355 (WinBuild.160101.0800)\\r\\nDescription: Windows Command Processor\\r\\nProduct: Microsoft® Windows® Operating System\\r\\nCompany: Microsoft Corporation\\r\\nOriginalFileName: Cmd.Exe\\r\\nCommandLine: \\\"C:\\\\Windows\\\\system32\\\\cmd.exe\\\" /c dir C:\\\\\\r\\nCurrentDirectory: C:\\\\Users\\\\nam.user\\\\\\r\\nUser: SOC-LAB\\\\nam.user\\r\\nLogonGuid: {e12a69d9-1fab-6abf-e90d-090000000000}\\r\\nLogonId: 0x90DE9\\r\\nTerminalSessionId: 1\\r\\nIntegrityLevel: Medium\\r\\nHashes: MD5=2B40C98ED0F7A1D3B091A3E8353132DC,SHA256=BADF4752413CB0CBDC03FB95820CA167F0CDC63B597CCDB5EF43111180E088B0,IMPHASH=272245E2988E1E430500B852C4FB5E18\\r\\nParentProcessGuid: {e12a69d9-2170-6abf-5b01-000000001700}\\r\\nParentProcessId: 7604\\r\\nParentImage: C:\\\\Windows\\\\System32\\\\WindowsPowerShell\\\\v1.0\\\\powershell.exe\\r\\nParentCommandLine: \\\"C:\\\\Windows\\\\System32\\\\WindowsPowerShell\\\\v1.0\\\\powershell.exe\\\" \\r\\nParentUser: SOC-LAB\\\\nam.user\\\"\"},\"eventdata\":{\"utcTime\":\"2026-10-02 04:52:45.263\",\"processGuid\":\"{e12a69d9-389d-6abf-2203-000000001700}\",\"processId\":\"7692\",\"image\":\"C:\\\\\\\\Windows\\\\\\\\System32\\\\\\\\cmd.exe\",\"fileVersion\":\"10.0.19041.4355 (WinBuild.160101.0800)\",\"description\":\"Windows Command Processor\",\"product\":\"Microsoft® Windows® Operating System\",\"company\":\"Microsoft Corporation\",\"originalFileName\":\"Cmd.Exe\",\"commandLine\":\"\\\\\\\"C:\\\\\\\\Windows\\\\\\\\system32\\\\\\\\cmd.exe\\\\\\\" /c dir C:\\\\\\\\\",\"currentDirectory\":\"C:\\\\\\\\Users\\\\\\\\nam.user\\\\\\\\\",\"user\":\"SOC-LAB\\\\\\\\nam.user\",\"logonGuid\":\"{e12a69d9-1fab-6abf-e90d-090000000000}\",\"logonId\":\"0x90de9\",\"terminalSessionId\":\"1\",\"integrityLevel\":\"Medium\",\"hashes\":\"MD5=2B40C98ED0F7A1D3B091A3E8353132DC,SHA256=BADF4752413CB0CBDC03FB95820CA167F0CDC63B597CCDB5EF43111180E088B0,IMPHASH=272245E2988E1E430500B852C4FB5E18\",\"parentProcessGuid\":\"{e12a69d9-2170-6abf-5b01-000000001700}\",\"parentProcessId\":\"7604\",\"parentImage\":\"C:\\\\\\\\Windows\\\\\\\\System32\\\\\\\\WindowsPowerShell\\\\\\\\v1.0\\\\\\\\powershell.exe\",\"parentCommandLine\":\"\\\\\\\"C:\\\\\\\\Windows\\\\\\\\System32\\\\\\\\WindowsPowerShell\\\\\\\\v1.0\\\\\\\\powershell.exe\\\\\\\"\",\"parentUser\":\"SOC-LAB\\\\\\\\nam.user\"}}}","decoder":{"name":"windows_eventchannel"},"data":{"win":{"system":{"providerName":"Microsoft-Windows-Sysmon","providerGuid":"{5770385f-c22a-43e0-bf4c-06f5698ffbd9}","eventID":"1","version":"5","level":"4","task":"1","opcode":"0","keywords":"0x8000000000000000","systemTime":"2026-10-02T04:52:45.2653984Z","eventRecordID":"12530","processID":"2140","threadID":"4056","channel":"Microsoft-Windows-Sysmon/Operational","computer":"WIN10-01.SOC-LAB.LOCAL","severityValue":"INFORMATION","message":"\"Process Create:\r\nRuleName: -\r\nUtcTime: 2026-10-02 04:52:45.263\r\nProcessGuid: {e12a69d9-389d-6abf-2203-000000001700}\r\nProcessId: 7692\r\nImage: C:\\Windows\\System32\\cmd.exe\r\nFileVersion: 10.0.19041.4355 (WinBuild.160101.0800)\r\nDescription: Windows Command Processor\r\nProduct: Microsoft® Windows® Operating System\r\nCompany: Microsoft Corporation\r\nOriginalFileName: Cmd.Exe\r\nCommandLine: \"C:\\Windows\\system32\\cmd.exe\" /c dir C:\\\r\nCurrentDirectory: C:\\Users\\nam.user\\\r\nUser: SOC-LAB\\nam.user\r\nLogonGuid: {e12a69d9-1fab-6abf-e90d-090000000000}\r\nLogonId: 0x90DE9\r\nTerminalSessionId: 1\r\nIntegrityLevel: Medium\r\nHashes: MD5=2B40C98ED0F7A1D3B091A3E8353132DC,SHA256=BADF4752413CB0CBDC03FB95820CA167F0CDC63B597CCDB5EF43111180E088B0,IMPHASH=272245E2988E1E430500B852C4FB5E18\r\nParentProcessGuid: {e12a69d9-2170-6abf-5b01-000000001700}\r\nParentProcessId: 7604\r\nParentImage: C:\\Windows\\System32\\WindowsPowerShell\\v1.0\\powershell.exe\r\nParentCommandLine: \"C:\\Windows\\System32\\WindowsPowerShell\\v1.0\\powershell.exe\" \r\nParentUser: SOC-LAB\\nam.user\""},"eventdata":{"utcTime":"2026-10-02 04:52:45.263","processGuid":"{e12a69d9-389d-6abf-2203-000000001700}","processId":"7692","image":"C:\\\\Windows\\\\System32\\\\cmd.exe","fileVersion":"10.0.19041.4355 (WinBuild.160101.0800)","description":"Windows Command Processor","product":"Microsoft® Windows® Operating System","company":"Microsoft Corporation","originalFileName":"Cmd.Exe","commandLine":"\\\"C:\\\\Windows\\\\system32\\\\cmd.exe\\\" /c dir C:\\\\","currentDirectory":"C:\\\\Users\\\\nam.user\\\\","user":"SOC-LAB\\\\nam.user","logonGuid":"{e12a69d9-1fab-6abf-e90d-090000000000}","logonId":"0x90de9","terminalSessionId":"1","integrityLevel":"Medium","hashes":"MD5=2B40C98ED0F7A1D3B091A3E8353132DC,SHA256=BADF4752413CB0CBDC03FB95820CA167F0CDC63B597CCDB5EF43111180E088B0,IMPHASH=272245E2988E1E430500B852C4FB5E18","parentProcessGuid":"{e12a69d9-2170-6abf-5b01-000000001700}","parentProcessId":"7604","parentImage":"C:\\\\Windows\\\\System32\\\\WindowsPowerShell\\\\v1.0\\\\powershell.exe","parentCommandLine":"\\\"C:\\\\Windows\\\\System32\\\\WindowsPowerShell\\\\v1.0\\\\powershell.exe\\\"","parentUser":"SOC-LAB\\\\nam.user"}}},"location":"EventChannel"}
{"timestamp":"2026-10-02T04:52:47.060+0000","rule":{"level":4,"description":"Powershell process spawned powershell instance","id":"92027","mitre":{"id":["T1059.001"],"tactic":["Execution"],"technique":["PowerShell"]},"firedtimes":43,"mail":false,"groups":["sysmon","sysmon_eid1_detections","windows"]},"agent":{"id":"001","name":"SOC-WIN10","ip":"192.168.50.20"},"manager":{"name":"soc-wazuh"},"id":"1790916767.1184201","full_log":"{\"win\":{\"system\":{\"providerName\":\"Microsoft-Windows-Sysmon\",\"providerGuid\":\"{5770385f-c22a-43e0-bf4c-06f5698ffbd9}\",\"eventID\":\"1\",\"version\":\"5\",\"level\":\"4\",\"task\":\"1\",\"opcode\":\"0\",\"keywords\":\"0x8000000000000000\",\"systemTime\":\"2026-10-02T04:52:45.2911319Z\",\"eventRecordID\":\"12531\",\"processID\":\"2140\",\"threadID\":\"4056\",\"channel\":\"Microsoft-Windows-Sysmon/Operational\",\"computer\":\"WIN10-01.SOC-LAB.LOCAL\",\"severityValue\":\"INFORMATION\",\"message\":\"\\\"Process Create:\\r\\nRuleName: -\\r\\nUtcTime: 2026-10-02 04:52:45.289\\r\\nProcessGuid: {e12a69d9-389d-6abf-2303-000000001700}\\r\\nProcessId: 5496\\r\\nImage: C:\\\\Windows\\\\System32\\\\WindowsPowerShell\\\\v1.0\\\\powershell.exe\\r\\nFileVersion: 10.0.19041.3996 (WinBuild.160101.0800)\\r\\nDescription: Windows PowerShell\\r\\nProduct: Microsoft® Windows® Operating System\\r\\nCompany: Microsoft Corporation\\r\\nOriginalFileName: PowerShell.EXE\\r\\nCommandLine: \\\"C:\\\\Windows\\\\System32\\\\WindowsPowerShell\\\\v1.0\\\\powershell.exe\\\" -NoProfile -Command Get-Date\\r\\nCurrentDirectory: C:\\\\Users\\\\nam.user\\\\\\r\\nUser: SOC-LAB\\\\nam.user\\r\\nLogonGuid: {e12a69d9-1fab-6abf-e90d-090000000000}\\r\\nLogonId: 0x90DE9\\r\\nTerminalSessionId: 1\\r\\nIntegrityLevel: Medium\\r\\nHashes: MD5=2E5A8590CF6848968FC23DE3FA1E25F1,SHA256=9785001B0DCF755EDDB8AF294A373C0B87B2498660F724E76C4D53F9C217C7A3,IMPHASH=3D08F4848535206D772DE145804FF4B6\\r\\nParentProcessGuid: {e12a69d9-2170-6abf-5b01-000000001700}\\r\\nParentProcessId: 7604\\r\\nParentImage: C:\\\\Windows\\\\System32\\\\WindowsPowerShell\\\\v1.0\\\\powershell.exe\\r\\nParentCommandLine: \\\"C:\\\\Windows\\\\System32\\\\WindowsPowerShell\\\\v1.0\\\\powershell.exe\\\" \\r\\nParentUser: SOC-LAB\\\\nam.user\\\"\"},\"eventdata\":{\"utcTime\":\"2026-10-02 04:52:45.289\",\"processGuid\":\"{e12a69d9-389d-6abf-2303-000000001700}\",\"processId\":\"5496\",\"image\":\"C:\\\\\\\\Windows\\\\\\\\System32\\\\\\\\WindowsPowerShell\\\\\\\\v1.0\\\\\\\\powershell.exe\",\"fileVersion\":\"10.0.19041.3996 (WinBuild.160101.0800)\",\"description\":\"Windows PowerShell\",\"product\":\"Microsoft® Windows® Operating System\",\"company\":\"Microsoft Corporation\",\"originalFileName\":\"PowerShell.EXE\",\"commandLine\":\"\\\\\\\"C:\\\\\\\\Windows\\\\\\\\System32\\\\\\\\WindowsPowerShell\\\\\\\\v1.0\\\\\\\\powershell.exe\\\\\\\" -NoProfile -Command Get-Date\",\"currentDirectory\":\"C:\\\\\\\\Users\\\\\\\\nam.user\\\\\\\\\",\"user\":\"SOC-LAB\\\\\\\\nam.user\",\"logonGuid\":\"{e12a69d9-1fab-6abf-e90d-090000000000}\",\"logonId\":\"0x90de9\",\"terminalSessionId\":\"1\",\"integrityLevel\":\"Medium\",\"hashes\":\"MD5=2E5A8590CF6848968FC23DE3FA1E25F1,SHA256=9785001B0DCF755EDDB8AF294A373C0B87B2498660F724E76C4D53F9C217C7A3,IMPHASH=3D08F4848535206D772DE145804FF4B6\",\"parentProcessGuid\":\"{e12a69d9-2170-6abf-5b01-000000001700}\",\"parentProcessId\":\"7604\",\"parentImage\":\"C:\\\\\\\\Windows\\\\\\\\System32\\\\\\\\WindowsPowerShell\\\\\\\\v1.0\\\\\\\\powershell.exe\",\"parentCommandLine\":\"\\\\\\\"C:\\\\\\\\Windows\\\\\\\\System32\\\\\\\\WindowsPowerShell\\\\\\\\v1.0\\\\\\\\powershell.exe\\\\\\\"\",\"parentUser\":\"SOC-LAB\\\\\\\\nam.user\"}}}","decoder":{"name":"windows_eventchannel"},"data":{"win":{"system":{"providerName":"Microsoft-Windows-Sysmon","providerGuid":"{5770385f-c22a-43e0-bf4c-06f5698ffbd9}","eventID":"1","version":"5","level":"4","task":"1","opcode":"0","keywords":"0x8000000000000000","systemTime":"2026-10-02T04:52:45.2911319Z","eventRecordID":"12531","processID":"2140","threadID":"4056","channel":"Microsoft-Windows-Sysmon/Operational","computer":"WIN10-01.SOC-LAB.LOCAL","severityValue":"INFORMATION","message":"\"Process Create:\r\nRuleName: -\r\nUtcTime: 2026-10-02 04:52:45.289\r\nProcessGuid: {e12a69d9-389d-6abf-2303-000000001700}\r\nProcessId: 5496\r\nImage: C:\\Windows\\System32\\WindowsPowerShell\\v1.0\\powershell.exe\r\nFileVersion: 10.0.19041.3996 (WinBuild.160101.0800)\r\nDescription: Windows PowerShell\r\nProduct: Microsoft® Windows® Operating System\r\nCompany: Microsoft Corporation\r\nOriginalFileName: PowerShell.EXE\r\nCommandLine: \"C:\\Windows\\System32\\WindowsPowerShell\\v1.0\\powershell.exe\" -NoProfile -Command Get-Date\r\nCurrentDirectory: C:\\Users\\nam.user\\\r\nUser: SOC-LAB\\nam.user\r\nLogonGuid: {e12a69d9-1fab-6abf-e90d-090000000000}\r\nLogonId: 0x90DE9\r\nTerminalSessionId: 1\r\nIntegrityLevel: Medium\r\nHashes: MD5=2E5A8590CF6848968FC23DE3FA1E25F1,SHA256=9785001B0DCF755EDDB8AF294A373C0B87B2498660F724E76C4D53F9C217C7A3,IMPHASH=3D08F4848535206D772DE145804FF4B6\r\nParentProcessGuid: {e12a69d9-2170-6abf-5b01-000000001700}\r\nParentProcessId: 7604\r\nParentImage: C:\\Windows\\System32\\WindowsPowerShell\\v1.0\\powershell.exe\r\nParentCommandLine: \"C:\\Windows\\System32\\WindowsPowerShell\\v1.0\\powershell.exe\" \r\nParentUser: SOC-LAB\\nam.user\""},"eventdata":{"utcTime":"2026-10-02 04:52:45.289","processGuid":"{e12a69d9-389d-6abf-2303-000000001700}","processId":"5496","image":"C:\\\\Windows\\\\System32\\\\WindowsPowerShell\\\\v1.0\\\\powershell.exe","fileVersion":"10.0.19041.3996 (WinBuild.160101.0800)","description":"Windows PowerShell","product":"Microsoft® Windows® Operating System","company":"Microsoft Corporation","originalFileName":"PowerShell.EXE","commandLine":"\\\"C:\\\\Windows\\\\System32\\\\WindowsPowerShell\\\\v1.0\\\\powershell.exe\\\" -NoProfile -Command Get-Date","currentDirectory":"C:\\\\Users\\\\nam.user\\\\","user":"SOC-LAB\\\\nam.user","logonGuid":"{e12a69d9-1fab-6abf-e90d-090000000000}","logonId":"0x90de9","terminalSessionId":"1","integrityLevel":"Medium","hashes":"MD5=2E5A8590CF6848968FC23DE3FA1E25F1,SHA256=9785001B0DCF755EDDB8AF294A373C0B87B2498660F724E76C4D53F9C217C7A3,IMPHASH=3D08F4848535206D772DE145804FF4B6","parentProcessGuid":"{e12a69d9-2170-6abf-5b01-000000001700}","parentProcessId":"7604","parentImage":"C:\\\\Windows\\\\System32\\\\WindowsPowerShell\\\\v1.0\\\\powershell.exe","parentCommandLine":"\\\"C:\\\\Windows\\\\System32\\\\WindowsPowerShell\\\\v1.0\\\\powershell.exe\\\"","parentUser":"SOC-LAB\\\\nam.user"}}},"location":"EventChannel"}
{"timestamp":"2026-10-02T04:52:47.072+0000","rule":{"level":15,"description":"Executable file dropped in folder commonly used by malware","id":"92213","mitre":{"id":["T1105"],"tactic":["Command and Control"],"technique":["Ingress Tool Transfer"]},"firedtimes":45,"mail":true,"groups":["sysmon","sysmon_eid11_detections","windows"]},"agent":{"id":"001","name":"SOC-WIN10","ip":"192.168.50.20"},"manager":{"name":"soc-wazuh"},"id":"1790916767.1196073","full_log":"{\"win\":{\"system\":{\"providerName\":\"Microsoft-Windows-Sysmon\",\"providerGuid\":\"{5770385f-c22a-43e0-bf4c-06f5698ffbd9}\",\"eventID\":\"11\",\"version\":\"2\",\"level\":\"4\",\"task\":\"11\",\"opcode\":\"0\",\"keywords\":\"0x8000000000000000\",\"systemTime\":\"2026-10-02T04:52:45.3496713Z\",\"eventRecordID\":\"12532\",\"processID\":\"2140\",\"threadID\":\"4056\",\"channel\":\"Microsoft-Windows-Sysmon/Operational\",\"computer\":\"WIN10-01.SOC-LAB.LOCAL\",\"severityValue\":\"INFORMATION\",\"message\":\"\\\"File created:\\r\\nRuleName: -\\r\\nUtcTime: 2026-10-02 04:52:45.328\\r\\nProcessGuid: {e12a69d9-389d-6abf-2303-000000001700}\\r\\nProcessId: 5496\\r\\nImage: C:\\\\Windows\\\\System32\\\\WindowsPowerShell\\\\v1.0\\\\powershell.exe\\r\\nTargetFilename: C:\\\\Users\\\\nam.user\\\\AppData\\\\Local\\\\Temp\\\\__PSScriptPolicyTest_q5wedigr.o5x.ps1\\r\\nCreationUtcTime: 2026-10-02 04:52:45.328\\r\\nUser: SOC-LAB\\\\nam.user\\\"\"},\"eventdata\":{\"utcTime\":\"2026-10-02 04:52:45.328\",\"processGuid\":\"{e12a69d9-389d-6abf-2303-000000001700}\",\"processId\":\"5496\",\"image\":\"C:\\\\\\\\Windows\\\\\\\\System32\\\\\\\\WindowsPowerShell\\\\\\\\v1.0\\\\\\\\powershell.exe\",\"targetFilename\":\"C:\\\\\\\\Users\\\\\\\\nam.user\\\\\\\\AppData\\\\\\\\Local\\\\\\\\Temp\\\\\\\\__PSScriptPolicyTest_q5wedigr.o5x.ps1\",\"creationUtcTime\":\"2026-10-02 04:52:45.328\",\"user\":\"SOC-LAB\\\\\\\\nam.user\"}}}","decoder":{"name":"windows_eventchannel"},"data":{"win":{"system":{"providerName":"Microsoft-Windows-Sysmon","providerGuid":"{5770385f-c22a-43e0-bf4c-06f5698ffbd9}","eventID":"11","version":"2","level":"4","task":"11","opcode":"0","keywords":"0x8000000000000000","systemTime":"2026-10-02T04:52:45.3496713Z","eventRecordID":"12532","processID":"2140","threadID":"4056","channel":"Microsoft-Windows-Sysmon/Operational","computer":"WIN10-01.SOC-LAB.LOCAL","severityValue":"INFORMATION","message":"\"File created:\r\nRuleName: -\r\nUtcTime: 2026-10-02 04:52:45.328\r\nProcessGuid: {e12a69d9-389d-6abf-2303-000000001700}\r\nProcessId: 5496\r\nImage: C:\\Windows\\System32\\WindowsPowerShell\\v1.0\\powershell.exe\r\nTargetFilename: C:\\Users\\nam.user\\AppData\\Local\\Temp\\__PSScriptPolicyTest_q5wedigr.o5x.ps1\r\nCreationUtcTime: 2026-10-02 04:52:45.328\r\nUser: SOC-LAB\\nam.user\""},"eventdata":{"utcTime":"2026-10-02 04:52:45.328","processGuid":"{e12a69d9-389d-6abf-2303-000000001700}","processId":"5496","image":"C:\\\\Windows\\\\System32\\\\WindowsPowerShell\\\\v1.0\\\\powershell.exe","targetFilename":"C:\\\\Users\\\\nam.user\\\\AppData\\\\Local\\\\Temp\\\\__PSScriptPolicyTest_q5wedigr.o5x.ps1","creationUtcTime":"2026-10-02 04:52:45.328","user":"SOC-LAB\\\\nam.user"}}},"location":"EventChannel"}
{"timestamp":"2026-10-02T04:52:47.088+0000","rule":{"level":4,"description":"Powershell process spawned powershell instance","id":"92027","mitre":{"id":["T1059.001"],"tactic":["Execution"],"technique":["PowerShell"]},"firedtimes":44,"mail":false,"groups":["sysmon","sysmon_eid1_detections","windows"]},"agent":{"id":"001","name":"SOC-WIN10","ip":"192.168.50.20"},"manager":{"name":"soc-wazuh"},"id":"1790916767.1196073","full_log":"{\"win\":{\"system\":{\"providerName\":\"Microsoft-Windows-Sysmon\",\"providerGuid\":\"{5770385f-c22a-43e0-bf4c-06f5698ffbd9}\",\"eventID\":\"1\",\"version\":\"5\",\"level\":\"4\",\"task\":\"1\",\"opcode\":\"0\",\"keywords\":\"0x8000000000000000\",\"systemTime\":\"2026-10-02T04:52:45.5441939Z\",\"eventRecordID\":\"12533\",\"processID\":\"2140\",\"threadID\":\"4056\",\"channel\":\"Microsoft-Windows-Sysmon/Operational\",\"computer\":\"WIN10-01.SOC-LAB.LOCAL\",\"severityValue\":\"INFORMATION\",\"message\":\"\\\"Process Create:\\r\\nRuleName: -\\r\\nUtcTime: 2026-10-02 04:52:45.542\\r\\nProcessGuid: {e12a69d9-389d-6abf-2403-000000001700}\\r\\nProcessId: 4820\\r\\nImage: C:\\\\Windows\\\\System32\\\\WindowsPowerShell\\\\v1.0\\\\powershell.exe\\r\\nFileVersion: 10.0.19041.3996 (WinBuild.160101.0800)\\r\\nDescription: Windows PowerShell\\r\\nProduct: Microsoft® Windows® Operating System\\r\\nCompany: Microsoft Corporation\\r\\nOriginalFileName: PowerShell.EXE\\r\\nCommandLine: \\\"C:\\\\Windows\\\\System32\\\\WindowsPowerShell\\\\v1.0\\\\powershell.exe\\\" -NoProfile -Command Get-Location\\r\\nCurrentDirectory: C:\\\\Users\\\\nam.user\\\\\\r\\nUser: SOC-LAB\\\\nam.user\\r\\nLogonGuid: {e12a69d9-1fab-6abf-e90d-090000000000}\\r\\nLogonId: 0x90DE9\\r\\nTerminalSessionId: 1\\r\\nIntegrityLevel: Medium\\r\\nHashes: MD5=2E5A8590CF6848968FC23DE3FA1E25F1,SHA256=9785001B0DCF755EDDB8AF294A373C0B87B2498660F724E76C4D53F9C217C7A3,IMPHASH=3D08F4848535206D772DE145804FF4B6\\r\\nParentProcessGuid: {e12a69d9-2170-6abf-5b01-000000001700}\\r\\nParentProcessId: 7604\\r\\nParentImage: C:\\\\Windows\\\\System32\\\\WindowsPowerShell\\\\v1.0\\\\powershell.exe\\r\\nParentCommandLine: \\\"C:\\\\Windows\\\\System32\\\\WindowsPowerShell\\\\v1.0\\\\powershell.exe\\\" \\r\\nParentUser: SOC-LAB\\\\nam.user\\\"\"},\"eventdata\":{\"utcTime\":\"2026-10-02 04:52:45.542\",\"processGuid\":\"{e12a69d9-389d-6abf-2403-000000001700}\",\"processId\":\"4820\",\"image\":\"C:\\\\\\\\Windows\\\\\\\\System32\\\\\\\\WindowsPowerShell\\\\\\\\v1.0\\\\\\\\powershell.exe\",\"fileVersion\":\"10.0.19041.3996 (WinBuild.160101.0800)\",\"description\":\"Windows PowerShell\",\"product\":\"Microsoft® Windows® Operating System\",\"company\":\"Microsoft Corporation\",\"originalFileName\":\"PowerShell.EXE\",\"commandLine\":\"\\\\\\\"C:\\\\\\\\Windows\\\\\\\\System32\\\\\\\\WindowsPowerShell\\\\\\\\v1.0\\\\\\\\powershell.exe\\\\\\\" -NoProfile -Command Get-Location\",\"currentDirectory\":\"C:\\\\\\\\Users\\\\\\\\nam.user\\\\\\\\\",\"user\":\"SOC-LAB\\\\\\\\nam.user\",\"logonGuid\":\"{e12a69d9-1fab-6abf-e90d-090000000000}\",\"logonId\":\"0x90de9\",\"terminalSessionId\":\"1\",\"integrityLevel\":\"Medium\",\"hashes\":\"MD5=2E5A8590CF6848968FC23DE3FA1E25F1,SHA256=9785001B0DCF755EDDB8AF294A373C0B87B2498660F724E76C4D53F9C217C7A3,IMPHASH=3D08F4848535206D772DE145804FF4B6\",\"parentProcessGuid\":\"{e12a69d9-2170-6abf-5b01-000000001700}\",\"parentProcessId\":\"7604\",\"parentImage\":\"C:\\\\\\\\Windows\\\\\\\\System32\\\\\\\\WindowsPowerShell\\\\\\\\v1.0\\\\\\\\powershell.exe\",\"parentCommandLine\":\"\\\\\\\"C:\\\\\\\\Windows\\\\\\\\System32\\\\\\\\WindowsPowerShell\\\\\\\\v1.0\\\\\\\\powershell.exe\\\\\\\"\",\"parentUser\":\"SOC-LAB\\\\\\\\nam.user\"}}}","decoder":{"name":"windows_eventchannel"},"data":{"win":{"system":{"providerName":"Microsoft-Windows-Sysmon","providerGuid":"{5770385f-c22a-43e0-bf4c-06f5698ffbd9}","eventID":"1","version":"5","level":"4","task":"1","opcode":"0","keywords":"0x8000000000000000","systemTime":"2026-10-02T04:52:45.5441939Z","eventRecordID":"12533","processID":"2140","threadID":"4056","channel":"Microsoft-Windows-Sysmon/Operational","computer":"WIN10-01.SOC-LAB.LOCAL","severityValue":"INFORMATION","message":"\"Process Create:\r\nRuleName: -\r\nUtcTime: 2026-10-02 04:52:45.542\r\nProcessGuid: {e12a69d9-389d-6abf-2403-000000001700}\r\nProcessId: 4820\r\nImage: C:\\Windows\\System32\\WindowsPowerShell\\v1.0\\powershell.exe\r\nFileVersion: 10.0.19041.3996 (WinBuild.160101.0800)\r\nDescription: Windows PowerShell\r\nProduct: Microsoft® Windows® Operating System\r\nCompany: Microsoft Corporation\r\nOriginalFileName: PowerShell.EXE\r\nCommandLine: \"C:\\Windows\\System32\\WindowsPowerShell\\v1.0\\powershell.exe\" -NoProfile -Command Get-Location\r\nCurrentDirectory: C:\\Users\\nam.user\\\r\nUser: SOC-LAB\\nam.user\r\nLogonGuid: {e12a69d9-1fab-6abf-e90d-090000000000}\r\nLogonId: 0x90DE9\r\nTerminalSessionId: 1\r\nIntegrityLevel: Medium\r\nHashes: MD5=2E5A8590CF6848968FC23DE3FA1E25F1,SHA256=9785001B0DCF755EDDB8AF294A373C0B87B2498660F724E76C4D53F9C217C7A3,IMPHASH=3D08F4848535206D772DE145804FF4B6\r\nParentProcessGuid: {e12a69d9-2170-6abf-5b01-000000001700}\r\nParentProcessId: 7604\r\nParentImage: C:\\Windows\\System32\\WindowsPowerShell\\v1.0\\powershell.exe\r\nParentCommandLine: \"C:\\Windows\\System32\\WindowsPowerShell\\v1.0\\powershell.exe\" \r\nParentUser: SOC-LAB\\nam.user\""},"eventdata":{"utcTime":"2026-10-02 04:52:45.542","processGuid":"{e12a69d9-389d-6abf-2403-000000001700}","processId":"4820","image":"C:\\\\Windows\\\\System32\\\\WindowsPowerShell\\\\v1.0\\\\powershell.exe","fileVersion":"10.0.19041.3996 (WinBuild.160101.0800)","description":"Windows PowerShell","product":"Microsoft® Windows® Operating System","company":"Microsoft Corporation","originalFileName":"PowerShell.EXE","commandLine":"\\\"C:\\\\Windows\\\\System32\\\\WindowsPowerShell\\\\v1.0\\\\powershell.exe\\\" -NoProfile -Command Get-Location","currentDirectory":"C:\\\\Users\\\\nam.user\\\\","user":"SOC-LAB\\\\nam.user","logonGuid":"{e12a69d9-1fab-6abf-e90d-090000000000}","logonId":"0x90de9","terminalSessionId":"1","integrityLevel":"Medium","hashes":"MD5=2E5A8590CF6848968FC23DE3FA1E25F1,SHA256=9785001B0DCF755EDDB8AF294A373C0B87B2498660F724E76C4D53F9C217C7A3,IMPHASH=3D08F4848535206D772DE145804FF4B6","parentProcessGuid":"{e12a69d9-2170-6abf-5b01-000000001700}","parentProcessId":"7604","parentImage":"C:\\\\Windows\\\\System32\\\\WindowsPowerShell\\\\v1.0\\\\powershell.exe","parentCommandLine":"\\\"C:\\\\Windows\\\\System32\\\\WindowsPowerShell\\\\v1.0\\\\powershell.exe\\\"","parentUser":"SOC-LAB\\\\nam.user"}}},"location":"EventChannel"}
{"timestamp":"2026-10-02T04:52:47.105+0000","rule":{"level":15,"description":"Executable file dropped in folder commonly used by malware","id":"92213","mitre":{"id":["T1105"],"tactic":["Command and Control"],"technique":["Ingress Tool Transfer"]},"firedtimes":46,"mail":true,"groups":["sysmon","sysmon_eid11_detections","windows"]},"agent":{"id":"001","name":"SOC-WIN10","ip":"192.168.50.20"},"manager":{"name":"soc-wazuh"},"id":"1790916767.1198861","full_log":"{\"win\":{\"system\":{\"providerName\":\"Microsoft-Windows-Sysmon\",\"providerGuid\":\"{5770385f-c22a-43e0-bf4c-06f5698ffbd9}\",\"eventID\":\"11\",\"version\":\"2\",\"level\":\"4\",\"task\":\"11\",\"opcode\":\"0\",\"keywords\":\"0x8000000000000000\",\"systemTime\":\"2026-10-02T04:52:45.6028784Z\",\"eventRecordID\":\"12534\",\"processID\":\"2140\",\"threadID\":\"4056\",\"channel\":\"Microsoft-Windows-Sysmon/Operational\",\"computer\":\"WIN10-01.SOC-LAB.LOCAL\",\"severityValue\":\"INFORMATION\",\"message\":\"\\\"File created:\\r\\nRuleName: -\\r\\nUtcTime: 2026-10-02 04:52:45.594\\r\\nProcessGuid: {e12a69d9-389d-6abf-2403-000000001700}\\r\\nProcessId: 4820\\r\\nImage: C:\\\\Windows\\\\System32\\\\WindowsPowerShell\\\\v1.0\\\\powershell.exe\\r\\nTargetFilename: C:\\\\Users\\\\nam.user\\\\AppData\\\\Local\\\\Temp\\\\__PSScriptPolicyTest_1itffkzh.paq.ps1\\r\\nCreationUtcTime: 2026-10-02 04:52:45.594\\r\\nUser: SOC-LAB\\\\nam.user\\\"\"},\"eventdata\":{\"utcTime\":\"2026-10-02 04:52:45.594\",\"processGuid\":\"{e12a69d9-389d-6abf-2403-000000001700}\",\"processId\":\"4820\",\"image\":\"C:\\\\\\\\Windows\\\\\\\\System32\\\\\\\\WindowsPowerShell\\\\\\\\v1.0\\\\\\\\powershell.exe\",\"targetFilename\":\"C:\\\\\\\\Users\\\\\\\\nam.user\\\\\\\\AppData\\\\\\\\Local\\\\\\\\Temp\\\\\\\\__PSScriptPolicyTest_1itffkzh.paq.ps1\",\"creationUtcTime\":\"2026-10-02 04:52:45.594\",\"user\":\"SOC-LAB\\\\\\\\nam.user\"}}}","decoder":{"name":"windows_eventchannel"},"data":{"win":{"system":{"providerName":"Microsoft-Windows-Sysmon","providerGuid":"{5770385f-c22a-43e0-bf4c-06f5698ffbd9}","eventID":"11","version":"2","level":"4","task":"11","opcode":"0","keywords":"0x8000000000000000","systemTime":"2026-10-02T04:52:45.6028784Z","eventRecordID":"12534","processID":"2140","threadID":"4056","channel":"Microsoft-Windows-Sysmon/Operational","computer":"WIN10-01.SOC-LAB.LOCAL","severityValue":"INFORMATION","message":"\"File created:\r\nRuleName: -\r\nUtcTime: 2026-10-02 04:52:45.594\r\nProcessGuid: {e12a69d9-389d-6abf-2403-000000001700}\r\nProcessId: 4820\r\nImage: C:\\Windows\\System32\\WindowsPowerShell\\v1.0\\powershell.exe\r\nTargetFilename: C:\\Users\\nam.user\\AppData\\Local\\Temp\\__PSScriptPolicyTest_1itffkzh.paq.ps1\r\nCreationUtcTime: 2026-10-02 04:52:45.594\r\nUser: SOC-LAB\\nam.user\""},"eventdata":{"utcTime":"2026-10-02 04:52:45.594","processGuid":"{e12a69d9-389d-6abf-2403-000000001700}","processId":"4820","image":"C:\\\\Windows\\\\System32\\\\WindowsPowerShell\\\\v1.0\\\\powershell.exe","targetFilename":"C:\\\\Users\\\\nam.user\\\\AppData\\\\Local\\\\Temp\\\\__PSScriptPolicyTest_1itffkzh.paq.ps1","creationUtcTime":"2026-10-02 04:52:45.594","user":"SOC-LAB\\\\nam.user"}}},"location":"EventChannel"}
{"timestamp":"2026-10-02T04:52:47.121+0000","rule":{"level":4,"description":"Powershell process spawned powershell instance","id":"92027","mitre":{"id":["T1059.001"],"tactic":["Execution"],"technique":["PowerShell"]},"firedtimes":45,"mail":false,"groups":["sysmon","sysmon_eid1_detections","windows"]},"agent":{"id":"001","name":"SOC-WIN10","ip":"192.168.50.20"},"manager":{"name":"soc-wazuh"},"id":"1790916767.1204971","full_log":"{\"win\":{\"system\":{\"providerName\":\"Microsoft-Windows-Sysmon\",\"providerGuid\":\"{5770385f-c22a-43e0-bf4c-06f5698ffbd9}\",\"eventID\":\"1\",\"version\":\"5\",\"level\":\"4\",\"task\":\"1\",\"opcode\":\"0\",\"keywords\":\"0x8000000000000000\",\"systemTime\":\"2026-10-02T04:52:45.7430536Z\",\"eventRecordID\":\"12535\",\"processID\":\"2140\",\"threadID\":\"4056\",\"channel\":\"Microsoft-Windows-Sysmon/Operational\",\"computer\":\"WIN10-01.SOC-LAB.LOCAL\",\"severityValue\":\"INFORMATION\",\"message\":\"\\\"Process Create:\\r\\nRuleName: -\\r\\nUtcTime: 2026-10-02 04:52:45.741\\r\\nProcessGuid: {e12a69d9-389d-6abf-2503-000000001700}\\r\\nProcessId: 5336\\r\\nImage: C:\\\\Windows\\\\System32\\\\WindowsPowerShell\\\\v1.0\\\\powershell.exe\\r\\nFileVersion: 10.0.19041.3996 (WinBuild.160101.0800)\\r\\nDescription: Windows PowerShell\\r\\nProduct: Microsoft® Windows® Operating System\\r\\nCompany: Microsoft Corporation\\r\\nOriginalFileName: PowerShell.EXE\\r\\nCommandLine: \\\"C:\\\\Windows\\\\System32\\\\WindowsPowerShell\\\\v1.0\\\\powershell.exe\\\" -NoProfile -Command \\\"Get-Process | Select-Object -First 10\\\"\\r\\nCurrentDirectory: C:\\\\Users\\\\nam.user\\\\\\r\\nUser: SOC-LAB\\\\nam.user\\r\\nLogonGuid: {e12a69d9-1fab-6abf-e90d-090000000000}\\r\\nLogonId: 0x90DE9\\r\\nTerminalSessionId: 1\\r\\nIntegrityLevel: Medium\\r\\nHashes: MD5=2E5A8590CF6848968FC23DE3FA1E25F1,SHA256=9785001B0DCF755EDDB8AF294A373C0B87B2498660F724E76C4D53F9C217C7A3,IMPHASH=3D08F4848535206D772DE145804FF4B6\\r\\nParentProcessGuid: {e12a69d9-2170-6abf-5b01-000000001700}\\r\\nParentProcessId: 7604\\r\\nParentImage: C:\\\\Windows\\\\System32\\\\WindowsPowerShell\\\\v1.0\\\\powershell.exe\\r\\nParentCommandLine: \\\"C:\\\\Windows\\\\System32\\\\WindowsPowerShell\\\\v1.0\\\\powershell.exe\\\" \\r\\nParentUser: SOC-LAB\\\\nam.user\\\"\"},\"eventdata\":{\"utcTime\":\"2026-10-02 04:52:45.741\",\"processGuid\":\"{e12a69d9-389d-6abf-2503-000000001700}\",\"processId\":\"5336\",\"image\":\"C:\\\\\\\\Windows\\\\\\\\System32\\\\\\\\WindowsPowerShell\\\\\\\\v1.0\\\\\\\\powershell.exe\",\"fileVersion\":\"10.0.19041.3996 (WinBuild.160101.0800)\",\"description\":\"Windows PowerShell\",\"product\":\"Microsoft® Windows® Operating System\",\"company\":\"Microsoft Corporation\",\"originalFileName\":\"PowerShell.EXE\",\"commandLine\":\"\\\\\\\"C:\\\\\\\\Windows\\\\\\\\System32\\\\\\\\WindowsPowerShell\\\\\\\\v1.0\\\\\\\\powershell.exe\\\\\\\" -NoProfile -Command \\\\\\\"Get-Process | Select-Object -First 10\\\\\\\"\",\"currentDirectory\":\"C:\\\\\\\\Users\\\\\\\\nam.user\\\\\\\\\",\"user\":\"SOC-LAB\\\\\\\\nam.user\",\"logonGuid\":\"{e12a69d9-1fab-6abf-e90d-090000000000}\",\"logonId\":\"0x90de9\",\"terminalSessionId\":\"1\",\"integrityLevel\":\"Medium\",\"hashes\":\"MD5=2E5A8590CF6848968FC23DE3FA1E25F1,SHA256=9785001B0DCF755EDDB8AF294A373C0B87B2498660F724E76C4D53F9C217C7A3,IMPHASH=3D08F4848535206D772DE145804FF4B6\",\"parentProcessGuid\":\"{e12a69d9-2170-6abf-5b01-000000001700}\",\"parentProcessId\":\"7604\",\"parentImage\":\"C:\\\\\\\\Windows\\\\\\\\System32\\\\\\\\WindowsPowerShell\\\\\\\\v1.0\\\\\\\\powershell.exe\",\"parentCommandLine\":\"\\\\\\\"C:\\\\\\\\Windows\\\\\\\\System32\\\\\\\\WindowsPowerShell\\\\\\\\v1.0\\\\\\\\powershell.exe\\\\\\\"\",\"parentUser\":\"SOC-LAB\\\\\\\\nam.user\"}}}","decoder":{"name":"windows_eventchannel"},"data":{"win":{"system":{"providerName":"Microsoft-Windows-Sysmon","providerGuid":"{5770385f-c22a-43e0-bf4c-06f5698ffbd9}","eventID":"1","version":"5","level":"4","task":"1","opcode":"0","keywords":"0x8000000000000000","systemTime":"2026-10-02T04:52:45.7430536Z","eventRecordID":"12535","processID":"2140","threadID":"4056","channel":"Microsoft-Windows-Sysmon/Operational","computer":"WIN10-01.SOC-LAB.LOCAL","severityValue":"INFORMATION","message":"\"Process Create:\r\nRuleName: -\r\nUtcTime: 2026-10-02 04:52:45.741\r\nProcessGuid: {e12a69d9-389d-6abf-2503-000000001700}\r\nProcessId: 5336\r\nImage: C:\\Windows\\System32\\WindowsPowerShell\\v1.0\\powershell.exe\r\nFileVersion: 10.0.19041.3996 (WinBuild.160101.0800)\r\nDescription: Windows PowerShell\r\nProduct: Microsoft® Windows® Operating System\r\nCompany: Microsoft Corporation\r\nOriginalFileName: PowerShell.EXE\r\nCommandLine: \"C:\\Windows\\System32\\WindowsPowerShell\\v1.0\\powershell.exe\" -NoProfile -Command \"Get-Process | Select-Object -First 10\"\r\nCurrentDirectory: C:\\Users\\nam.user\\\r\nUser: SOC-LAB\\nam.user\r\nLogonGuid: {e12a69d9-1fab-6abf-e90d-090000000000}\r\nLogonId: 0x90DE9\r\nTerminalSessionId: 1\r\nIntegrityLevel: Medium\r\nHashes: MD5=2E5A8590CF6848968FC23DE3FA1E25F1,SHA256=9785001B0DCF755EDDB8AF294A373C0B87B2498660F724E76C4D53F9C217C7A3,IMPHASH=3D08F4848535206D772DE145804FF4B6\r\nParentProcessGuid: {e12a69d9-2170-6abf-5b01-000000001700}\r\nParentProcessId: 7604\r\nParentImage: C:\\Windows\\System32\\WindowsPowerShell\\v1.0\\powershell.exe\r\nParentCommandLine: \"C:\\Windows\\System32\\WindowsPowerShell\\v1.0\\powershell.exe\" \r\nParentUser: SOC-LAB\\nam.user\""},"eventdata":{"utcTime":"2026-10-02 04:52:45.741","processGuid":"{e12a69d9-389d-6abf-2503-000000001700}","processId":"5336","image":"C:\\\\Windows\\\\System32\\\\WindowsPowerShell\\\\v1.0\\\\powershell.exe","fileVersion":"10.0.19041.3996 (WinBuild.160101.0800)","description":"Windows PowerShell","product":"Microsoft® Windows® Operating System","company":"Microsoft Corporation","originalFileName":"PowerShell.EXE","commandLine":"\\\"C:\\\\Windows\\\\System32\\\\WindowsPowerShell\\\\v1.0\\\\powershell.exe\\\" -NoProfile -Command \\\"Get-Process | Select-Object -First 10\\\"","currentDirectory":"C:\\\\Users\\\\nam.user\\\\","user":"SOC-LAB\\\\nam.user","logonGuid":"{e12a69d9-1fab-6abf-e90d-090000000000}","logonId":"0x90de9","terminalSessionId":"1","integrityLevel":"Medium","hashes":"MD5=2E5A8590CF6848968FC23DE3FA1E25F1,SHA256=9785001B0DCF755EDDB8AF294A373C0B87B2498660F724E76C4D53F9C217C7A3,IMPHASH=3D08F4848535206D772DE145804FF4B6","parentProcessGuid":"{e12a69d9-2170-6abf-5b01-000000001700}","parentProcessId":"7604","parentImage":"C:\\\\Windows\\\\System32\\\\WindowsPowerShell\\\\v1.0\\\\powershell.exe","parentCommandLine":"\\\"C:\\\\Windows\\\\System32\\\\WindowsPowerShell\\\\v1.0\\\\powershell.exe\\\"","parentUser":"SOC-LAB\\\\nam.user"}}},"location":"EventChannel"}
{"timestamp":"2026-10-02T04:52:47.135+0000","rule":{"level":15,"description":"Executable file dropped in folder commonly used by malware","id":"92213","mitre":{"id":["T1105"],"tactic":["Command and Control"],"technique":["Ingress Tool Transfer"]},"firedtimes":47,"mail":true,"groups":["sysmon","sysmon_eid11_detections","windows"]},"agent":{"id":"001","name":"SOC-WIN10","ip":"192.168.50.20"},"manager":{"name":"soc-wazuh"},"id":"1790916767.1207759","full_log":"{\"win\":{\"system\":{\"providerName\":\"Microsoft-Windows-Sysmon\",\"providerGuid\":\"{5770385f-c22a-43e0-bf4c-06f5698ffbd9}\",\"eventID\":\"11\",\"version\":\"2\",\"level\":\"4\",\"task\":\"11\",\"opcode\":\"0\",\"keywords\":\"0x8000000000000000\",\"systemTime\":\"2026-10-02T04:52:45.8106257Z\",\"eventRecordID\":\"12536\",\"processID\":\"2140\",\"threadID\":\"4056\",\"channel\":\"Microsoft-Windows-Sysmon/Operational\",\"computer\":\"WIN10-01.SOC-LAB.LOCAL\",\"severityValue\":\"INFORMATION\",\"message\":\"\\\"File created:\\r\\nRuleName: -\\r\\nUtcTime: 2026-10-02 04:52:45.797\\r\\nProcessGuid: {e12a69d9-389d-6abf-2503-000000001700}\\r\\nProcessId: 5336\\r\\nImage: C:\\\\Windows\\\\System32\\\\WindowsPowerShell\\\\v1.0\\\\powershell.exe\\r\\nTargetFilename: C:\\\\Users\\\\nam.user\\\\AppData\\\\Local\\\\Temp\\\\__PSScriptPolicyTest_pgt1thos.k1y.ps1\\r\\nCreationUtcTime: 2026-10-02 04:52:45.797\\r\\nUser: SOC-LAB\\\\nam.user\\\"\"},\"eventdata\":{\"utcTime\":\"2026-10-02 04:52:45.797\",\"processGuid\":\"{e12a69d9-389d-6abf-2503-000000001700}\",\"processId\":\"5336\",\"image\":\"C:\\\\\\\\Windows\\\\\\\\System32\\\\\\\\WindowsPowerShell\\\\\\\\v1.0\\\\\\\\powershell.exe\",\"targetFilename\":\"C:\\\\\\\\Users\\\\\\\\nam.user\\\\\\\\AppData\\\\\\\\Local\\\\\\\\Temp\\\\\\\\__PSScriptPolicyTest_pgt1thos.k1y.ps1\",\"creationUtcTime\":\"2026-10-02 04:52:45.797\",\"user\":\"SOC-LAB\\\\\\\\nam.user\"}}}","decoder":{"name":"windows_eventchannel"},"data":{"win":{"system":{"providerName":"Microsoft-Windows-Sysmon","providerGuid":"{5770385f-c22a-43e0-bf4c-06f5698ffbd9}","eventID":"11","version":"2","level":"4","task":"11","opcode":"0","keywords":"0x8000000000000000","systemTime":"2026-10-02T04:52:45.8106257Z","eventRecordID":"12536","processID":"2140","threadID":"4056","channel":"Microsoft-Windows-Sysmon/Operational","computer":"WIN10-01.SOC-LAB.LOCAL","severityValue":"INFORMATION","message":"\"File created:\r\nRuleName: -\r\nUtcTime: 2026-10-02 04:52:45.797\r\nProcessGuid: {e12a69d9-389d-6abf-2503-000000001700}\r\nProcessId: 5336\r\nImage: C:\\Windows\\System32\\WindowsPowerShell\\v1.0\\powershell.exe\r\nTargetFilename: C:\\Users\\nam.user\\AppData\\Local\\Temp\\__PSScriptPolicyTest_pgt1thos.k1y.ps1\r\nCreationUtcTime: 2026-10-02 04:52:45.797\r\nUser: SOC-LAB\\nam.user\""},"eventdata":{"utcTime":"2026-10-02 04:52:45.797","processGuid":"{e12a69d9-389d-6abf-2503-000000001700}","processId":"5336","image":"C:\\\\Windows\\\\System32\\\\WindowsPowerShell\\\\v1.0\\\\powershell.exe","targetFilename":"C:\\\\Users\\\\nam.user\\\\AppData\\\\Local\\\\Temp\\\\__PSScriptPolicyTest_pgt1thos.k1y.ps1","creationUtcTime":"2026-10-02 04:52:45.797","user":"SOC-LAB\\\\nam.user"}}},"location":"EventChannel"}
