{"timestamp":"2026-10-02T03:07:07.069+0000","agent":{"id":"001","name":"SOC-WIN10","ip":"192.168.50.20"},"manager":{"name":"soc-wazuh"},"id":"1790910427.323755","full_log":"{\"win\":{\"system\":{\"providerName\":\"Microsoft-Windows-Sysmon\",\"providerGuid\":\"{5770385f-c22a-43e0-bf4c-06f5698ffbd9}\",\"eventID\":\"1\",\"version\":\"5\",\"level\":\"4\",\"task\":\"1\",\"opcode\":\"0\",\"keywords\":\"0x8000000000000000\",\"systemTime\":\"2026-10-02T03:07:00.5697615Z\",\"eventRecordID\":\"11487\",\"processID\":\"2140\",\"threadID\":\"4056\",\"channel\":\"Microsoft-Windows-Sysmon/Operational\",\"computer\":\"WIN10-01.SOC-LAB.LOCAL\",\"severityValue\":\"INFORMATION\",\"message\":\"\\\"Process Create:\\r\\nRuleName: -\\r\\nUtcTime: 2026-10-02 03:07:00.534\\r\\nProcessGuid: {e12a69d9-1fd4-6abf-de00-000000001700}\\r\\nProcessId: 6756\\r\\nImage: C:\\\\Program Files (x86)\\\\Microsoft\\\\Edge\\\\Application\\\\msedge.exe\\r\\nFileVersion: 154.0.4258.37\\r\\nDescription: Microsoft Edge\\r\\nProduct: Microsoft Edge\\r\\nCompany: Microsoft Corporation\\r\\nOriginalFileName: msedge.exe\\r\\nCommandLine: \\\"C:\\\\Program Files (x86)\\\\Microsoft\\\\Edge\\\\Application\\\\msedge.exe\\\" --type=crashpad-handler \\\"--user-data-dir=C:\\\\Users\\\\nam.user\\\\AppData\\\\Local\\\\Microsoft\\\\Edge\\\\User Data\\\" /prefetch:4 --monitor-self-annotation=ptype=crashpad-handler \\\"--database=C:\\\\Users\\\\nam.user\\\\AppData\\\\Local\\\\Microsoft\\\\Edge\\\\User Data\\\\Crashpad\\\" \\\"--metrics-dir=C:\\\\Users\\\\nam.user\\\\AppData\\\\Local\\\\Microsoft\\\\Edge\\\\User Data\\\" --annotation=IsOfficialBuild=1 --annotation=channel= --annotation=chromium-version=154.0.8037.58 \\\"--annotation=exe=C:\\\\Program Files (x86)\\\\Microsoft\\\\Edge\\\\Application\\\\msedge.exe\\\" --annotation=plat=Win64 --annotation=prod=Edge --annotation=ver=154.0.4258.37 --initial-client-data=0x27c,0x280,0x284,0x258,0x2a0,0x7ff806d983e0,0x7ff806d983f0,0x7ff806d98400\\r\\nCurrentDirectory: C:\\\\Program Files (x86)\\\\Microsoft\\\\Edge\\\\Application\\\\154.0.4258.37\\\\\\r\\nUser: SOC-LAB\\\\nam.user\\r\\nLogonGuid: {e12a69d9-1fab-6abf-e90d-090000000000}\\r\\nLogonId: 0x90DE9\\r\\nTerminalSessionId: 1\\r\\nIntegrityLevel: Medium\\r\\nHashes: MD5=81D8709CD0506B6FEE954721DFDC0CD9,SHA256=F530BAFCDB7E529BD21DD8BE46E20C82B5C70FA0FFD770FE4C45A5C2C054C211,IMPHASH=D38C0D5E659AA4EF1F1B1B3C4C20C711\\r\\nParentProcessGuid: {e12a69d9-1fc8-6abf-d800-000000001700}\\r\\nParentProcessId: 7156\\r\\nParentImage: C:\\\\Program Files (x86)\\\\Microsoft\\\\Edge\\\\Application\\\\msedge.exe\\r\\nParentCommandLine: \\\"C:\\\\Program Files (x86)\\\\Microsoft\\\\Edge\\\\Application\\\\msedge.exe\\\" --no-startup-window --win-session-start\\r\\nParentUser: SOC-LAB\\\\nam.user\\\"\"},\"eventdata\":{\"utcTime\":\"2026-10-02 03:07:00.534\",\"processGuid\":\"{e12a69d9-1fd4-6abf-de00-000000001700}\",\"processId\":\"6756\",\"image\":\"C:\\\\\\\\Program Files (x86)\\\\\\\\Microsoft\\\\\\\\Edge\\\\\\\\Application\\\\\\\\msedge.exe\",\"fileVersion\":\"154.0.4258.37\",\"description\":\"Microsoft Edge\",\"product\":\"Microsoft Edge\",\"company\":\"Microsoft Corporation\",\"originalFileName\":\"msedge.exe\",\"commandLine\":\"\\\\\\\"C:\\\\\\\\Program Files (x86)\\\\\\\\Microsoft\\\\\\\\Edge\\\\\\\\Application\\\\\\\\msedge.exe\\\\\\\" --type=crashpad-handler \\\\\\\"--user-data-dir=C:\\\\\\\\Users\\\\\\\\nam.user\\\\\\\\AppData\\\\\\\\Local\\\\\\\\Microsoft\\\\\\\\Edge\\\\\\\\User Data\\\\\\\" /prefetch:4 --monitor-self-annotation=ptype=crashpad-handler \\\\\\\"--database=C:\\\\\\\\Users\\\\\\\\nam.user\\\\\\\\AppData\\\\\\\\Local\\\\\\\\Microsoft\\\\\\\\Edge\\\\\\\\User Data\\\\\\\\Crashpad\\\\\\\" \\\\\\\"--metrics-dir=C:\\\\\\\\Users\\\\\\\\nam.user\\\\\\\\AppData\\\\\\\\Local\\\\\\\\Microsoft\\\\\\\\Edge\\\\\\\\User Data\\\\\\\" --annotation=IsOfficialBuild=1 --annotation=channel= --annotation=chromium-version=154.0.8037.58 \\\\\\\"--annotation=exe=C:\\\\\\\\Program Files (x86)\\\\\\\\Microsoft\\\\\\\\Edge\\\\\\\\Application\\\\\\\\msedge.exe\\\\\\\" --annotation=plat=Win64 --annotation=prod=Edge --annotation=ver=154.0.4258.37 --initial-client-data=0x27c,0x280,0x284,0x258,0x2a0,0x7ff806d983e0,0x7ff806d983f0,0x7ff806d98400\",\"currentDirectory\":\"C:\\\\\\\\Program Files (x86)\\\\\\\\Microsoft\\\\\\\\Edge\\\\\\\\Application\\\\\\\\154.0.4258.37\\\\\\\\\",\"user\":\"SOC-LAB\\\\\\\\nam.user\",\"logonGuid\":\"{e12a69d9-1fab-6abf-e90d-090000000000}\",\"logonId\":\"0x90de9\",\"terminalSessionId\":\"1\",\"integrityLevel\":\"Medium\",\"hashes\":\"MD5=81D8709CD0506B6FEE954721DFDC0CD9,SHA256=F530BAFCDB7E529BD21DD8BE46E20C82B5C70FA0FFD770FE4C45A5C2C054C211,IMPHASH=D38C0D5E659AA4EF1F1B1B3C4C20C711\",\"parentProcessGuid\":\"{e12a69d9-1fc8-6abf-d800-000000001700}\",\"parentProcessId\":\"7156\",\"parentImage\":\"C:\\\\\\\\Program Files (x86)\\\\\\\\Microsoft\\\\\\\\Edge\\\\\\\\Application\\\\\\\\msedge.exe\",\"parentCommandLine\":\"\\\\\\\"C:\\\\\\\\Program Files (x86)\\\\\\\\Microsoft\\\\\\\\Edge\\\\\\\\Application\\\\\\\\msedge.exe\\\\\\\" --no-startup-window --win-session-start\",\"parentUser\":\"SOC-LAB\\\\\\\\nam.user\"}}}","decoder":{"name":"windows_eventchannel"},"data":{"win":{"system":{"providerName":"Microsoft-Windows-Sysmon","providerGuid":"{5770385f-c22a-43e0-bf4c-06f5698ffbd9}","eventID":"1","version":"5","level":"4","task":"1","opcode":"0","keywords":"0x8000000000000000","systemTime":"2026-10-02T03:07:00.5697615Z","eventRecordID":"11487","processID":"2140","threadID":"4056","channel":"Microsoft-Windows-Sysmon/Operational","computer":"WIN10-01.SOC-LAB.LOCAL","severityValue":"INFORMATION","message":"\"Process Create:\r\nRuleName: -\r\nUtcTime: 2026-10-02 03:07:00.534\r\nProcessGuid: {e12a69d9-1fd4-6abf-de00-000000001700}\r\nProcessId: 6756\r\nImage: C:\\Program Files (x86)\\Microsoft\\Edge\\Application\\msedge.exe\r\nFileVersion: 154.0.4258.37\r\nDescription: Microsoft Edge\r\nProduct: Microsoft Edge\r\nCompany: Microsoft Corporation\r\nOriginalFileName: msedge.exe\r\nCommandLine: \"C:\\Program Files (x86)\\Microsoft\\Edge\\Application\\msedge.exe\" --type=crashpad-handler \"--user-data-dir=C:\\Users\\nam.user\\AppData\\Local\\Microsoft\\Edge\\User Data\" /prefetch:4 --monitor-self-annotation=ptype=crashpad-handler \"--database=C:\\Users\\nam.user\\AppData\\Local\\Microsoft\\Edge\\User Data\\Crashpad\" \"--metrics-dir=C:\\Users\\nam.user\\AppData\\Local\\Microsoft\\Edge\\User Data\" --annotation=IsOfficialBuild=1 --annotation=channel= --annotation=chromium-version=154.0.8037.58 \"--annotation=exe=C:\\Program Files (x86)\\Microsoft\\Edge\\Application\\msedge.exe\" --annotation=plat=Win64 --annotation=prod=Edge --annotation=ver=154.0.4258.37 --initial-client-data=0x27c,0x280,0x284,0x258,0x2a0,0x7ff806d983e0,0x7ff806d983f0,0x7ff806d98400\r\nCurrentDirectory: C:\\Program Files (x86)\\Microsoft\\Edge\\Application\\154.0.4258.37\\\r\nUser: SOC-LAB\\nam.user\r\nLogonGuid: {e12a69d9-1fab-6abf-e90d-090000000000}\r\nLogonId: 0x90DE9\r\nTerminalSessionId: 1\r\nIntegrityLevel: Medium\r\nHashes: MD5=81D8709CD0506B6FEE954721DFDC0CD9,SHA256=F530BAFCDB7E529BD21DD8BE46E20C82B5C70FA0FFD770FE4C45A5C2C054C211,IMPHASH=D38C0D5E659AA4EF1F1B1B3C4C20C711\r\nParentProcessGuid: {e12a69d9-1fc8-6abf-d800-000000001700}\r\nParentProcessId: 7156\r\nParentImage: C:\\Program Files (x86)\\Microsoft\\Edge\\Application\\msedge.exe\r\nParentCommandLine: \"C:\\Program Files (x86)\\Microsoft\\Edge\\Application\\msedge.exe\" --no-startup-window --win-session-start\r\nParentUser: SOC-LAB\\nam.user\""},"eventdata":{"utcTime":"2026-10-02 03:07:00.534","processGuid":"{e12a69d9-1fd4-6abf-de00-000000001700}","processId":"6756","image":"C:\\\\Program Files (x86)\\\\Microsoft\\\\Edge\\\\Application\\\\msedge.exe","fileVersion":"154.0.4258.37","description":"Microsoft Edge","product":"Microsoft Edge","company":"Microsoft Corporation","originalFileName":"msedge.exe","commandLine":"\\\"C:\\\\Program Files (x86)\\\\Microsoft\\\\Edge\\\\Application\\\\msedge.exe\\\" --type=crashpad-handler \\\"--user-data-dir=C:\\\\Users\\\\nam.user\\\\AppData\\\\Local\\\\Microsoft\\\\Edge\\\\User Data\\\" /prefetch:4 --monitor-self-annotation=ptype=crashpad-handler \\\"--database=C:\\\\Users\\\\nam.user\\\\AppData\\\\Local\\\\Microsoft\\\\Edge\\\\User Data\\\\Crashpad\\\" \\\"--metrics-dir=C:\\\\Users\\\\nam.user\\\\AppData\\\\Local\\\\Microsoft\\\\Edge\\\\User Data\\\" --annotation=IsOfficialBuild=1 --annotation=channel= --annotation=chromium-version=154.0.8037.58 \\\"--annotation=exe=C:\\\\Program Files (x86)\\\\Microsoft\\\\Edge\\\\Application\\\\msedge.exe\\\" --annotation=plat=Win64 --annotation=prod=Edge --annotation=ver=154.0.4258.37 --initial-client-data=0x27c,0x280,0x284,0x258,0x2a0,0x7ff806d983e0,0x7ff806d983f0,0x7ff806d98400","currentDirectory":"C:\\\\Program Files (x86)\\\\Microsoft\\\\Edge\\\\Application\\\\154.0.4258.37\\\\","user":"SOC-LAB\\\\nam.user","logonGuid":"{e12a69d9-1fab-6abf-e90d-090000000000}","logonId":"0x90de9","terminalSessionId":"1","integrityLevel":"Medium","hashes":"MD5=81D8709CD0506B6FEE954721DFDC0CD9,SHA256=F530BAFCDB7E529BD21DD8BE46E20C82B5C70FA0FFD770FE4C45A5C2C054C211,IMPHASH=D38C0D5E659AA4EF1F1B1B3C4C20C711","parentProcessGuid":"{e12a69d9-1fc8-6abf-d800-000000001700}","parentProcessId":"7156","parentImage":"C:\\\\Program Files (x86)\\\\Microsoft\\\\Edge\\\\Application\\\\msedge.exe","parentCommandLine":"\\\"C:\\\\Program Files (x86)\\\\Microsoft\\\\Edge\\\\Application\\\\msedge.exe\\\" --no-startup-window --win-session-start","parentUser":"SOC-LAB\\\\nam.user"}}},"location":"EventChannel"}
{"timestamp":"2026-10-02T03:07:07.887+0000","agent":{"id":"001","name":"SOC-WIN10","ip":"192.168.50.20"},"manager":{"name":"soc-wazuh"},"id":"1790910427.323755","full_log":"{\"win\":{\"system\":{\"providerName\":\"Microsoft-Windows-Sysmon\",\"providerGuid\":\"{5770385f-c22a-43e0-bf4c-06f5698ffbd9}\",\"eventID\":\"1\",\"version\":\"5\",\"level\":\"4\",\"task\":\"1\",\"opcode\":\"0\",\"keywords\":\"0x8000000000000000\",\"systemTime\":\"2026-10-02T03:07:01.6279740Z\",\"eventRecordID\":\"11488\",\"processID\":\"2140\",\"threadID\":\"4056\",\"channel\":\"Microsoft-Windows-Sysmon/Operational\",\"computer\":\"WIN10-01.SOC-LAB.LOCAL\",\"severityValue\":\"INFORMATION\",\"message\":\"\\\"Process Create:\\r\\nRuleName: -\\r\\nUtcTime: 2026-10-02 03:07:01.604\\r\\nProcessGuid: {e12a69d9-1fd5-6abf-df00-000000001700}\\r\\nProcessId: 3076\\r\\nImage: C:\\\\Program Files (x86)\\\\Microsoft\\\\Edge\\\\Application\\\\msedge.exe\\r\\nFileVersion: 154.0.4258.37\\r\\nDescription: Microsoft Edge\\r\\nProduct: Microsoft Edge\\r\\nCompany: Microsoft Corporation\\r\\nOriginalFileName: msedge.exe\\r\\nCommandLine: \\\"C:\\\\Program Files (x86)\\\\Microsoft\\\\Edge\\\\Application\\\\msedge.exe\\\" --type=utility --utility-sub-type=network.mojom.NetworkService --lang=en-US --service-sandbox-type=none --startup-read-main-dll --metrics-shmem-handle=2016,i,2271465632979422778,1069260183439143624,524288 --field-trial-handle=2184,i,6741431159039538756,9639595158682454234,262144 --variations-seed-version --pseudonymization-salt-handle=2196,i,1360738832926531111,5158474847310396950,4 --trace-process-track-uuid=3190708989122997041 --mojo-platform-channel-handle=2336 /prefetch:3\\r\\nCurrentDirectory: C:\\\\Program Files (x86)\\\\Microsoft\\\\Edge\\\\Application\\\\154.0.4258.37\\\\\\r\\nUser: SOC-LAB\\\\nam.user\\r\\nLogonGuid: {e12a69d9-1fab-6abf-e90d-090000000000}\\r\\nLogonId: 0x90DE9\\r\\nTerminalSessionId: 1\\r\\nIntegrityLevel: Medium\\r\\nHashes: MD5=81D8709CD0506B6FEE954721DFDC0CD9,SHA256=F530BAFCDB7E529BD21DD8BE46E20C82B5C70FA0FFD770FE4C45A5C2C054C211,IMPHASH=D38C0D5E659AA4EF1F1B1B3C4C20C711\\r\\nParentProcessGuid: {e12a69d9-1fc8-6abf-d800-000000001700}\\r\\nParentProcessId: 7156\\r\\nParentImage: C:\\\\Program Files (x86)\\\\Microsoft\\\\Edge\\\\Application\\\\msedge.exe\\r\\nParentCommandLine: \\\"C:\\\\Program Files (x86)\\\\Microsoft\\\\Edge\\\\Application\\\\msedge.exe\\\" --no-startup-window --win-session-start\\r\\nParentUser: SOC-LAB\\\\nam.user\\\"\"},\"eventdata\":{\"utcTime\":\"2026-10-02 03:07:01.604\",\"processGuid\":\"{e12a69d9-1fd5-6abf-df00-000000001700}\",\"processId\":\"3076\",\"image\":\"C:\\\\\\\\Program Files (x86)\\\\\\\\Microsoft\\\\\\\\Edge\\\\\\\\Application\\\\\\\\msedge.exe\",\"fileVersion\":\"154.0.4258.37\",\"description\":\"Microsoft Edge\",\"product\":\"Microsoft Edge\",\"company\":\"Microsoft Corporation\",\"originalFileName\":\"msedge.exe\",\"commandLine\":\"\\\\\\\"C:\\\\\\\\Program Files (x86)\\\\\\\\Microsoft\\\\\\\\Edge\\\\\\\\Application\\\\\\\\msedge.exe\\\\\\\" --type=utility --utility-sub-type=network.mojom.NetworkService --lang=en-US --service-sandbox-type=none --startup-read-main-dll --metrics-shmem-handle=2016,i,2271465632979422778,1069260183439143624,524288 --field-trial-handle=2184,i,6741431159039538756,9639595158682454234,262144 --variations-seed-version --pseudonymization-salt-handle=2196,i,1360738832926531111,5158474847310396950,4 --trace-process-track-uuid=3190708989122997041 --mojo-platform-channel-handle=2336 /prefetch:3\",\"currentDirectory\":\"C:\\\\\\\\Program Files (x86)\\\\\\\\Microsoft\\\\\\\\Edge\\\\\\\\Application\\\\\\\\154.0.4258.37\\\\\\\\\",\"user\":\"SOC-LAB\\\\\\\\nam.user\",\"logonGuid\":\"{e12a69d9-1fab-6abf-e90d-090000000000}\",\"logonId\":\"0x90de9\",\"terminalSessionId\":\"1\",\"integrityLevel\":\"Medium\",\"hashes\":\"MD5=81D8709CD0506B6FEE954721DFDC0CD9,SHA256=F530BAFCDB7E529BD21DD8BE46E20C82B5C70FA0FFD770FE4C45A5C2C054C211,IMPHASH=D38C0D5E659AA4EF1F1B1B3C4C20C711\",\"parentProcessGuid\":\"{e12a69d9-1fc8-6abf-d800-000000001700}\",\"parentProcessId\":\"7156\",\"parentImage\":\"C:\\\\\\\\Program Files (x86)\\\\\\\\Microsoft\\\\\\\\Edge\\\\\\\\Application\\\\\\\\msedge.exe\",\"parentCommandLine\":\"\\\\\\\"C:\\\\\\\\Program Files (x86)\\\\\\\\Microsoft\\\\\\\\Edge\\\\\\\\Application\\\\\\\\msedge.exe\\\\\\\" --no-startup-window --win-session-start\",\"parentUser\":\"SOC-LAB\\\\\\\\nam.user\"}}}","decoder":{"name":"windows_eventchannel"},"data":{"win":{"system":{"providerName":"Microsoft-Windows-Sysmon","providerGuid":"{5770385f-c22a-43e0-bf4c-06f5698ffbd9}","eventID":"1","version":"5","level":"4","task":"1","opcode":"0","keywords":"0x8000000000000000","systemTime":"2026-10-02T03:07:01.6279740Z","eventRecordID":"11488","processID":"2140","threadID":"4056","channel":"Microsoft-Windows-Sysmon/Operational","computer":"WIN10-01.SOC-LAB.LOCAL","severityValue":"INFORMATION","message":"\"Process Create:\r\nRuleName: -\r\nUtcTime: 2026-10-02 03:07:01.604\r\nProcessGuid: {e12a69d9-1fd5-6abf-df00-000000001700}\r\nProcessId: 3076\r\nImage: C:\\Program Files (x86)\\Microsoft\\Edge\\Application\\msedge.exe\r\nFileVersion: 154.0.4258.37\r\nDescription: Microsoft Edge\r\nProduct: Microsoft Edge\r\nCompany: Microsoft Corporation\r\nOriginalFileName: msedge.exe\r\nCommandLine: \"C:\\Program Files (x86)\\Microsoft\\Edge\\Application\\msedge.exe\" --type=utility --utility-sub-type=network.mojom.NetworkService --lang=en-US --service-sandbox-type=none --startup-read-main-dll --metrics-shmem-handle=2016,i,2271465632979422778,1069260183439143624,524288 --field-trial-handle=2184,i,6741431159039538756,9639595158682454234,262144 --variations-seed-version --pseudonymization-salt-handle=2196,i,1360738832926531111,5158474847310396950,4 --trace-process-track-uuid=3190708989122997041 --mojo-platform-channel-handle=2336 /prefetch:3\r\nCurrentDirectory: C:\\Program Files (x86)\\Microsoft\\Edge\\Application\\154.0.4258.37\\\r\nUser: SOC-LAB\\nam.user\r\nLogonGuid: {e12a69d9-1fab-6abf-e90d-090000000000}\r\nLogonId: 0x90DE9\r\nTerminalSessionId: 1\r\nIntegrityLevel: Medium\r\nHashes: MD5=81D8709CD0506B6FEE954721DFDC0CD9,SHA256=F530BAFCDB7E529BD21DD8BE46E20C82B5C70FA0FFD770FE4C45A5C2C054C211,IMPHASH=D38C0D5E659AA4EF1F1B1B3C4C20C711\r\nParentProcessGuid: {e12a69d9-1fc8-6abf-d800-000000001700}\r\nParentProcessId: 7156\r\nParentImage: C:\\Program Files (x86)\\Microsoft\\Edge\\Application\\msedge.exe\r\nParentCommandLine: \"C:\\Program Files (x86)\\Microsoft\\Edge\\Application\\msedge.exe\" --no-startup-window --win-session-start\r\nParentUser: SOC-LAB\\nam.user\""},"eventdata":{"utcTime":"2026-10-02 03:07:01.604","processGuid":"{e12a69d9-1fd5-6abf-df00-000000001700}","processId":"3076","image":"C:\\\\Program Files (x86)\\\\Microsoft\\\\Edge\\\\Application\\\\msedge.exe","fileVersion":"154.0.4258.37","description":"Microsoft Edge","product":"Microsoft Edge","company":"Microsoft Corporation","originalFileName":"msedge.exe","commandLine":"\\\"C:\\\\Program Files (x86)\\\\Microsoft\\\\Edge\\\\Application\\\\msedge.exe\\\" --type=utility --utility-sub-type=network.mojom.NetworkService --lang=en-US --service-sandbox-type=none --startup-read-main-dll --metrics-shmem-handle=2016,i,2271465632979422778,1069260183439143624,524288 --field-trial-handle=2184,i,6741431159039538756,9639595158682454234,262144 --variations-seed-version --pseudonymization-salt-handle=2196,i,1360738832926531111,5158474847310396950,4 --trace-process-track-uuid=3190708989122997041 --mojo-platform-channel-handle=2336 /prefetch:3","currentDirectory":"C:\\\\Program Files (x86)\\\\Microsoft\\\\Edge\\\\Application\\\\154.0.4258.37\\\\","user":"SOC-LAB\\\\nam.user","logonGuid":"{e12a69d9-1fab-6abf-e90d-090000000000}","logonId":"0x90de9","terminalSessionId":"1","integrityLevel":"Medium","hashes":"MD5=81D8709CD0506B6FEE954721DFDC0CD9,SHA256=F530BAFCDB7E529BD21DD8BE46E20C82B5C70FA0FFD770FE4C45A5C2C054C211,IMPHASH=D38C0D5E659AA4EF1F1B1B3C4C20C711","parentProcessGuid":"{e12a69d9-1fc8-6abf-d800-000000001700}","parentProcessId":"7156","parentImage":"C:\\\\Program Files (x86)\\\\Microsoft\\\\Edge\\\\Application\\\\msedge.exe","parentCommandLine":"\\\"C:\\\\Program Files (x86)\\\\Microsoft\\\\Edge\\\\Application\\\\msedge.exe\\\" --no-startup-window --win-session-start","parentUser":"SOC-LAB\\\\nam.user"}}},"location":"EventChannel"}
{"timestamp":"2026-10-02T03:07:07.948+0000","agent":{"id":"001","name":"SOC-WIN10","ip":"192.168.50.20"},"manager":{"name":"soc-wazuh"},"id":"1790910427.323755","full_log":"{\"win\":{\"system\":{\"providerName\":\"Microsoft-Windows-Sysmon\",\"providerGuid\":\"{5770385f-c22a-43e0-bf4c-06f5698ffbd9}\",\"eventID\":\"1\",\"version\":\"5\",\"level\":\"4\",\"task\":\"1\",\"opcode\":\"0\",\"keywords\":\"0x8000000000000000\",\"systemTime\":\"2026-10-02T03:07:01.6379143Z\",\"eventRecordID\":\"11489\",\"processID\":\"2140\",\"threadID\":\"4056\",\"channel\":\"Microsoft-Windows-Sysmon/Operational\",\"computer\":\"WIN10-01.SOC-LAB.LOCAL\",\"severityValue\":\"INFORMATION\",\"message\":\"\\\"Process Create:\\r\\nRuleName: -\\r\\nUtcTime: 2026-10-02 03:07:01.610\\r\\nProcessGuid: {e12a69d9-1fd5-6abf-e000-000000001700}\\r\\nProcessId: 3476\\r\\nImage: C:\\\\Program Files (x86)\\\\Microsoft\\\\Edge\\\\Application\\\\msedge.exe\\r\\nFileVersion: 154.0.4258.37\\r\\nDescription: Microsoft Edge\\r\\nProduct: Microsoft Edge\\r\\nCompany: Microsoft Corporation\\r\\nOriginalFileName: msedge.exe\\r\\nCommandLine: \\\"C:\\\\Program Files (x86)\\\\Microsoft\\\\Edge\\\\Application\\\\msedge.exe\\\" --type=gpu-process --gpu-recent-crash-count=0 --gpu-preferences=WAAAAAAAAADgAAAEAAAAAAAAAAAAAGAAQAAAAAAAAAADAAAAAAAAADgAAAAAAAAAAAAAAAAAAAACAAAAAAAAAAAAAAAAAAAAKAAAAAAAAAAoAAAAAAAAAAgAAAAAAAAAEAAAAAIAAAABAAAAAAAAAAgAAAAAAAAACAAAAAAAAAA= --startup-read-main-dll --metrics-shmem-handle=1812,i,7784849338415191528,3064614053719617035,262144 --field-trial-handle=2184,i,6741431159039538756,9639595158682454234,262144 --variations-seed-version --pseudonymization-salt-handle=2196,i,1360738832926531111,5158474847310396950,4 --trace-process-track-uuid=3190708988185955192 --mojo-platform-channel-handle=2180 /prefetch:2\\r\\nCurrentDirectory: C:\\\\Program Files (x86)\\\\Microsoft\\\\Edge\\\\Application\\\\154.0.4258.37\\\\\\r\\nUser: SOC-LAB\\\\nam.user\\r\\nLogonGuid: {e12a69d9-1fab-6abf-e90d-090000000000}\\r\\nLogonId: 0x90DE9\\r\\nTerminalSessionId: 1\\r\\nIntegrityLevel: Low\\r\\nHashes: MD5=81D8709CD0506B6FEE954721DFDC0CD9,SHA256=F530BAFCDB7E529BD21DD8BE46E20C82B5C70FA0FFD770FE4C45A5C2C054C211,IMPHASH=D38C0D5E659AA4EF1F1B1B3C4C20C711\\r\\nParentProcessGuid: {e12a69d9-1fc8-6abf-d800-000000001700}\\r\\nParentProcessId: 7156\\r\\nParentImage: C:\\\\Program Files (x86)\\\\Microsoft\\\\Edge\\\\Application\\\\msedge.exe\\r\\nParentCommandLine: \\\"C:\\\\Program Files (x86)\\\\Microsoft\\\\Edge\\\\Application\\\\msedge.exe\\\" --no-startup-window --win-session-start\\r\\nParentUser: SOC-LAB\\\\nam.user\\\"\"},\"eventdata\":{\"utcTime\":\"2026-10-02 03:07:01.610\",\"processGuid\":\"{e12a69d9-1fd5-6abf-e000-000000001700}\",\"processId\":\"3476\",\"image\":\"C:\\\\\\\\Program Files (x86)\\\\\\\\Microsoft\\\\\\\\Edge\\\\\\\\Application\\\\\\\\msedge.exe\",\"fileVersion\":\"154.0.4258.37\",\"description\":\"Microsoft Edge\",\"product\":\"Microsoft Edge\",\"company\":\"Microsoft Corporation\",\"originalFileName\":\"msedge.exe\",\"commandLine\":\"\\\\\\\"C:\\\\\\\\Program Files (x86)\\\\\\\\Microsoft\\\\\\\\Edge\\\\\\\\Application\\\\\\\\msedge.exe\\\\\\\" --type=gpu-process --gpu-recent-crash-count=0 --gpu-preferences=WAAAAAAAAADgAAAEAAAAAAAAAAAAAGAAQAAAAAAAAAADAAAAAAAAADgAAAAAAAAAAAAAAAAAAAACAAAAAAAAAAAAAAAAAAAAKAAAAAAAAAAoAAAAAAAAAAgAAAAAAAAAEAAAAAIAAAABAAAAAAAAAAgAAAAAAAAACAAAAAAAAAA= --startup-read-main-dll --metrics-shmem-handle=1812,i,7784849338415191528,3064614053719617035,262144 --field-trial-handle=2184,i,6741431159039538756,9639595158682454234,262144 --variations-seed-version --pseudonymization-salt-handle=2196,i,1360738832926531111,5158474847310396950,4 --trace-process-track-uuid=3190708988185955192 --mojo-platform-channel-handle=2180 /prefetch:2\",\"currentDirectory\":\"C:\\\\\\\\Program Files (x86)\\\\\\\\Microsoft\\\\\\\\Edge\\\\\\\\Application\\\\\\\\154.0.4258.37\\\\\\\\\",\"user\":\"SOC-LAB\\\\\\\\nam.user\",\"logonGuid\":\"{e12a69d9-1fab-6abf-e90d-090000000000}\",\"logonId\":\"0x90de9\",\"terminalSessionId\":\"1\",\"integrityLevel\":\"Low\",\"hashes\":\"MD5=81D8709CD0506B6FEE954721DFDC0CD9,SHA256=F530BAFCDB7E529BD21DD8BE46E20C82B5C70FA0FFD770FE4C45A5C2C054C211,IMPHASH=D38C0D5E659AA4EF1F1B1B3C4C20C711\",\"parentProcessGuid\":\"{e12a69d9-1fc8-6abf-d800-000000001700}\",\"parentProcessId\":\"7156\",\"parentImage\":\"C:\\\\\\\\Program Files (x86)\\\\\\\\Microsoft\\\\\\\\Edge\\\\\\\\Application\\\\\\\\msedge.exe\",\"parentCommandLine\":\"\\\\\\\"C:\\\\\\\\Program Files (x86)\\\\\\\\Microsoft\\\\\\\\Edge\\\\\\\\Application\\\\\\\\msedge.exe\\\\\\\" --no-startup-window --win-session-start\",\"parentUser\":\"SOC-LAB\\\\\\\\nam.user\"}}}","decoder":{"name":"windows_eventchannel"},"data":{"win":{"system":{"providerName":"Microsoft-Windows-Sysmon","providerGuid":"{5770385f-c22a-43e0-bf4c-06f5698ffbd9}","eventID":"1","version":"5","level":"4","task":"1","opcode":"0","keywords":"0x8000000000000000","systemTime":"2026-10-02T03:07:01.6379143Z","eventRecordID":"11489","processID":"2140","threadID":"4056","channel":"Microsoft-Windows-Sysmon/Operational","computer":"WIN10-01.SOC-LAB.LOCAL","severityValue":"INFORMATION","message":"\"Process Create:\r\nRuleName: -\r\nUtcTime: 2026-10-02 03:07:01.610\r\nProcessGuid: {e12a69d9-1fd5-6abf-e000-000000001700}\r\nProcessId: 3476\r\nImage: C:\\Program Files (x86)\\Microsoft\\Edge\\Application\\msedge.exe\r\nFileVersion: 154.0.4258.37\r\nDescription: Microsoft Edge\r\nProduct: Microsoft Edge\r\nCompany: Microsoft Corporation\r\nOriginalFileName: msedge.exe\r\nCommandLine: \"C:\\Program Files (x86)\\Microsoft\\Edge\\Application\\msedge.exe\" --type=gpu-process --gpu-recent-crash-count=0 --gpu-preferences=WAAAAAAAAADgAAAEAAAAAAAAAAAAAGAAQAAAAAAAAAADAAAAAAAAADgAAAAAAAAAAAAAAAAAAAACAAAAAAAAAAAAAAAAAAAAKAAAAAAAAAAoAAAAAAAAAAgAAAAAAAAAEAAAAAIAAAABAAAAAAAAAAgAAAAAAAAACAAAAAAAAAA= --startup-read-main-dll --metrics-shmem-handle=1812,i,7784849338415191528,3064614053719617035,262144 --field-trial-handle=2184,i,6741431159039538756,9639595158682454234,262144 --variations-seed-version --pseudonymization-salt-handle=2196,i,1360738832926531111,5158474847310396950,4 --trace-process-track-uuid=3190708988185955192 --mojo-platform-channel-handle=2180 /prefetch:2\r\nCurrentDirectory: C:\\Program Files (x86)\\Microsoft\\Edge\\Application\\154.0.4258.37\\\r\nUser: SOC-LAB\\nam.user\r\nLogonGuid: {e12a69d9-1fab-6abf-e90d-090000000000}\r\nLogonId: 0x90DE9\r\nTerminalSessionId: 1\r\nIntegrityLevel: Low\r\nHashes: MD5=81D8709CD0506B6FEE954721DFDC0CD9,SHA256=F530BAFCDB7E529BD21DD8BE46E20C82B5C70FA0FFD770FE4C45A5C2C054C211,IMPHASH=D38C0D5E659AA4EF1F1B1B3C4C20C711\r\nParentProcessGuid: {e12a69d9-1fc8-6abf-d800-000000001700}\r\nParentProcessId: 7156\r\nParentImage: C:\\Program Files (x86)\\Microsoft\\Edge\\Application\\msedge.exe\r\nParentCommandLine: \"C:\\Program Files (x86)\\Microsoft\\Edge\\Application\\msedge.exe\" --no-startup-window --win-session-start\r\nParentUser: SOC-LAB\\nam.user\""},"eventdata":{"utcTime":"2026-10-02 03:07:01.610","processGuid":"{e12a69d9-1fd5-6abf-e000-000000001700}","processId":"3476","image":"C:\\\\Program Files (x86)\\\\Microsoft\\\\Edge\\\\Application\\\\msedge.exe","fileVersion":"154.0.4258.37","description":"Microsoft Edge","product":"Microsoft Edge","company":"Microsoft Corporation","originalFileName":"msedge.exe","commandLine":"\\\"C:\\\\Program Files (x86)\\\\Microsoft\\\\Edge\\\\Application\\\\msedge.exe\\\" --type=gpu-process --gpu-recent-crash-count=0 --gpu-preferences=WAAAAAAAAADgAAAEAAAAAAAAAAAAAGAAQAAAAAAAAAADAAAAAAAAADgAAAAAAAAAAAAAAAAAAAACAAAAAAAAAAAAAAAAAAAAKAAAAAAAAAAoAAAAAAAAAAgAAAAAAAAAEAAAAAIAAAABAAAAAAAAAAgAAAAAAAAACAAAAAAAAAA= --startup-read-main-dll --metrics-shmem-handle=1812,i,7784849338415191528,3064614053719617035,262144 --field-trial-handle=2184,i,6741431159039538756,9639595158682454234,262144 --variations-seed-version --pseudonymization-salt-handle=2196,i,1360738832926531111,5158474847310396950,4 --trace-process-track-uuid=3190708988185955192 --mojo-platform-channel-handle=2180 /prefetch:2","currentDirectory":"C:\\\\Program Files (x86)\\\\Microsoft\\\\Edge\\\\Application\\\\154.0.4258.37\\\\","user":"SOC-LAB\\\\nam.user","logonGuid":"{e12a69d9-1fab-6abf-e90d-090000000000}","logonId":"0x90de9","terminalSessionId":"1","integrityLevel":"Low","hashes":"MD5=81D8709CD0506B6FEE954721DFDC0CD9,SHA256=F530BAFCDB7E529BD21DD8BE46E20C82B5C70FA0FFD770FE4C45A5C2C054C211,IMPHASH=D38C0D5E659AA4EF1F1B1B3C4C20C711","parentProcessGuid":"{e12a69d9-1fc8-6abf-d800-000000001700}","parentProcessId":"7156","parentImage":"C:\\\\Program Files (x86)\\\\Microsoft\\\\Edge\\\\Application\\\\msedge.exe","parentCommandLine":"\\\"C:\\\\Program Files (x86)\\\\Microsoft\\\\Edge\\\\Application\\\\msedge.exe\\\" --no-startup-window --win-session-start","parentUser":"SOC-LAB\\\\nam.user"}}},"location":"EventChannel"}
{"timestamp":"2026-10-02T03:07:07.955+0000","agent":{"id":"001","name":"SOC-WIN10","ip":"192.168.50.20"},"manager":{"name":"soc-wazuh"},"id":"1790910427.323755","full_log":"{\"win\":{\"system\":{\"providerName\":\"Microsoft-Windows-Sysmon\",\"providerGuid\":\"{5770385f-c22a-43e0-bf4c-06f5698ffbd9}\",\"eventID\":\"1\",\"version\":\"5\",\"level\":\"4\",\"task\":\"1\",\"opcode\":\"0\",\"keywords\":\"0x8000000000000000\",\"systemTime\":\"2026-10-02T03:07:01.7013506Z\",\"eventRecordID\":\"11490\",\"processID\":\"2140\",\"threadID\":\"4056\",\"channel\":\"Microsoft-Windows-Sysmon/Operational\",\"computer\":\"WIN10-01.SOC-LAB.LOCAL\",\"severityValue\":\"INFORMATION\",\"message\":\"\\\"Process Create:\\r\\nRuleName: -\\r\\nUtcTime: 2026-10-02 03:07:01.636\\r\\nProcessGuid: {e12a69d9-1fd5-6abf-e100-000000001700}\\r\\nProcessId: 3740\\r\\nImage: C:\\\\Program Files (x86)\\\\Microsoft\\\\Edge\\\\Application\\\\154.0.4258.48\\\\elevation_service.exe\\r\\nFileVersion: 154.0.4258.48\\r\\nDescription: Microsoft Edge\\r\\nProduct: Microsoft Edge\\r\\nCompany: Microsoft Corporation\\r\\nOriginalFileName: elevation_service.exe\\r\\nCommandLine: \\\"C:\\\\Program Files (x86)\\\\Microsoft\\\\Edge\\\\Application\\\\154.0.4258.48\\\\elevation_service.exe\\\"\\r\\nCurrentDirectory: C:\\\\Windows\\\\system32\\\\\\r\\nUser: NT AUTHORITY\\\\SYSTEM\\r\\nLogonGuid: {e12a69d9-1f98-6abf-e703-000000000000}\\r\\nLogonId: 0x3E7\\r\\nTerminalSessionId: 0\\r\\nIntegrityLevel: System\\r\\nHashes: MD5=6272C4AB163C353DFA76A9395020CB1A,SHA256=85B4200D6BAC96E00F37C8147DCF00274C4D2BBBB45A586FF6126C3184A21FF7,IMPHASH=EA74C4B28BF0B3E7B38C4034B7F67684\\r\\nParentProcessGuid: {e12a69d9-1f98-6abf-0b00-000000001700}\\r\\nParentProcessId: 684\\r\\nParentImage: C:\\\\Windows\\\\System32\\\\services.exe\\r\\nParentCommandLine: C:\\\\Windows\\\\system32\\\\services.exe\\r\\nParentUser: NT AUTHORITY\\\\SYSTEM\\\"\"},\"eventdata\":{\"utcTime\":\"2026-10-02 03:07:01.636\",\"processGuid\":\"{e12a69d9-1fd5-6abf-e100-000000001700}\",\"processId\":\"3740\",\"image\":\"C:\\\\\\\\Program Files (x86)\\\\\\\\Microsoft\\\\\\\\Edge\\\\\\\\Application\\\\\\\\154.0.4258.48\\\\\\\\elevation_service.exe\",\"fileVersion\":\"154.0.4258.48\",\"description\":\"Microsoft Edge\",\"product\":\"Microsoft Edge\",\"company\":\"Microsoft Corporation\",\"originalFileName\":\"elevation_service.exe\",\"commandLine\":\"\\\\\\\"C:\\\\\\\\Program Files (x86)\\\\\\\\Microsoft\\\\\\\\Edge\\\\\\\\Application\\\\\\\\154.0.4258.48\\\\\\\\elevation_service.exe\\\\\\\"\",\"currentDirectory\":\"C:\\\\\\\\Windows\\\\\\\\system32\\\\\\\\\",\"user\":\"NT AUTHORITY\\\\\\\\SYSTEM\",\"logonGuid\":\"{e12a69d9-1f98-6abf-e703-000000000000}\",\"logonId\":\"0x3e7\",\"terminalSessionId\":\"0\",\"integrityLevel\":\"System\",\"hashes\":\"MD5=6272C4AB163C353DFA76A9395020CB1A,SHA256=85B4200D6BAC96E00F37C8147DCF00274C4D2BBBB45A586FF6126C3184A21FF7,IMPHASH=EA74C4B28BF0B3E7B38C4034B7F67684\",\"parentProcessGuid\":\"{e12a69d9-1f98-6abf-0b00-000000001700}\",\"parentProcessId\":\"684\",\"parentImage\":\"C:\\\\\\\\Windows\\\\\\\\System32\\\\\\\\services.exe\",\"parentCommandLine\":\"C:\\\\\\\\Windows\\\\\\\\system32\\\\\\\\services.exe\",\"parentUser\":\"NT AUTHORITY\\\\\\\\SYSTEM\"}}}","decoder":{"name":"windows_eventchannel"},"data":{"win":{"system":{"providerName":"Microsoft-Windows-Sysmon","providerGuid":"{5770385f-c22a-43e0-bf4c-06f5698ffbd9}","eventID":"1","version":"5","level":"4","task":"1","opcode":"0","keywords":"0x8000000000000000","systemTime":"2026-10-02T03:07:01.7013506Z","eventRecordID":"11490","processID":"2140","threadID":"4056","channel":"Microsoft-Windows-Sysmon/Operational","computer":"WIN10-01.SOC-LAB.LOCAL","severityValue":"INFORMATION","message":"\"Process Create:\r\nRuleName: -\r\nUtcTime: 2026-10-02 03:07:01.636\r\nProcessGuid: {e12a69d9-1fd5-6abf-e100-000000001700}\r\nProcessId: 3740\r\nImage: C:\\Program Files (x86)\\Microsoft\\Edge\\Application\\154.0.4258.48\\elevation_service.exe\r\nFileVersion: 154.0.4258.48\r\nDescription: Microsoft Edge\r\nProduct: Microsoft Edge\r\nCompany: Microsoft Corporation\r\nOriginalFileName: elevation_service.exe\r\nCommandLine: \"C:\\Program Files (x86)\\Microsoft\\Edge\\Application\\154.0.4258.48\\elevation_service.exe\"\r\nCurrentDirectory: C:\\Windows\\system32\\\r\nUser: NT AUTHORITY\\SYSTEM\r\nLogonGuid: {e12a69d9-1f98-6abf-e703-000000000000}\r\nLogonId: 0x3E7\r\nTerminalSessionId: 0\r\nIntegrityLevel: System\r\nHashes: MD5=6272C4AB163C353DFA76A9395020CB1A,SHA256=85B4200D6BAC96E00F37C8147DCF00274C4D2BBBB45A586FF6126C3184A21FF7,IMPHASH=EA74C4B28BF0B3E7B38C4034B7F67684\r\nParentProcessGuid: {e12a69d9-1f98-6abf-0b00-000000001700}\r\nParentProcessId: 684\r\nParentImage: C:\\Windows\\System32\\services.exe\r\nParentCommandLine: C:\\Windows\\system32\\services.exe\r\nParentUser: NT AUTHORITY\\SYSTEM\""},"eventdata":{"utcTime":"2026-10-02 03:07:01.636","processGuid":"{e12a69d9-1fd5-6abf-e100-000000001700}","processId":"3740","image":"C:\\\\Program Files (x86)\\\\Microsoft\\\\Edge\\\\Application\\\\154.0.4258.48\\\\elevation_service.exe","fileVersion":"154.0.4258.48","description":"Microsoft Edge","product":"Microsoft Edge","company":"Microsoft Corporation","originalFileName":"elevation_service.exe","commandLine":"\\\"C:\\\\Program Files (x86)\\\\Microsoft\\\\Edge\\\\Application\\\\154.0.4258.48\\\\elevation_service.exe\\\"","currentDirectory":"C:\\\\Windows\\\\system32\\\\","user":"NT AUTHORITY\\\\SYSTEM","logonGuid":"{e12a69d9-1f98-6abf-e703-000000000000}","logonId":"0x3e7","terminalSessionId":"0","integrityLevel":"System","hashes":"MD5=6272C4AB163C353DFA76A9395020CB1A,SHA256=85B4200D6BAC96E00F37C8147DCF00274C4D2BBBB45A586FF6126C3184A21FF7,IMPHASH=EA74C4B28BF0B3E7B38C4034B7F67684","parentProcessGuid":"{e12a69d9-1f98-6abf-0b00-000000001700}","parentProcessId":"684","parentImage":"C:\\\\Windows\\\\System32\\\\services.exe","parentCommandLine":"C:\\\\Windows\\\\system32\\\\services.exe","parentUser":"NT AUTHORITY\\\\SYSTEM"}}},"location":"EventChannel"}
{"timestamp":"2026-10-02T03:07:11.784+0000","agent":{"id":"001","name":"SOC-WIN10","ip":"192.168.50.20"},"manager":{"name":"soc-wazuh"},"id":"1790910431.323755","full_log":"{\"win\":{\"system\":{\"providerName\":\"Microsoft-Windows-Sysmon\",\"providerGuid\":\"{5770385f-c22a-43e0-bf4c-06f5698ffbd9}\",\"eventID\":\"1\",\"version\":\"5\",\"level\":\"4\",\"task\":\"1\",\"opcode\":\"0\",\"keywords\":\"0x8000000000000000\",\"systemTime\":\"2026-10-02T03:07:02.8262593Z\",\"eventRecordID\":\"11491\",\"processID\":\"2140\",\"threadID\":\"4056\",\"channel\":\"Microsoft-Windows-Sysmon/Operational\",\"computer\":\"WIN10-01.SOC-LAB.LOCAL\",\"severityValue\":\"INFORMATION\",\"message\":\"\\\"Process Create:\\r\\nRuleName: -\\r\\nUtcTime: 2026-10-02 03:07:02.483\\r\\nProcessGuid: {e12a69d9-1fd6-6abf-e300-000000001700}\\r\\nProcessId: 6700\\r\\nImage: C:\\\\Program Files (x86)\\\\Microsoft\\\\Edge\\\\Application\\\\154.0.4258.48\\\\Installer\\\\setup.exe\\r\\nFileVersion: 154.0.4258.48\\r\\nDescription: Microsoft Edge Installer\\r\\nProduct: Microsoft Edge Installer\\r\\nCompany: Microsoft Corporation\\r\\nOriginalFileName: setup.exe\\r\\nCommandLine: \\\"C:\\\\Program Files (x86)\\\\Microsoft\\\\Edge\\\\Application\\\\154.0.4258.48\\\\Installer\\\\setup.exe\\\" --rename-msedge-exe --system-level --verbose-logging --msedge --channel=stable\\r\\nCurrentDirectory: C:\\\\Windows\\\\SystemTemp\\\\\\r\\nUser: NT AUTHORITY\\\\SYSTEM\\r\\nLogonGuid: {e12a69d9-1f98-6abf-e703-000000000000}\\r\\nLogonId: 0x3E7\\r\\nTerminalSessionId: 0\\r\\nIntegrityLevel: System\\r\\nHashes: MD5=D0E7BD7A6A04B9475DC897BC09E37EE6,SHA256=A2B295222B0325150773385BAD0F5ACBCE8CCE16A60CFC6B883CC1CBBACA9E8E,IMPHASH=3A957038E01A36E9455A72310E40AB52\\r\\nParentProcessGuid: {e12a69d9-1fd5-6abf-e100-000000001700}\\r\\nParentProcessId: 3740\\r\\nParentImage: C:\\\\Program Files (x86)\\\\Microsoft\\\\Edge\\\\Application\\\\154.0.4258.48\\\\elevation_service.exe\\r\\nParentCommandLine: \\\"C:\\\\Program Files (x86)\\\\Microsoft\\\\Edge\\\\Application\\\\154.0.4258.48\\\\elevation_service.exe\\\"\\r\\nParentUser: NT AUTHORITY\\\\SYSTEM\\\"\"},\"eventdata\":{\"utcTime\":\"2026-10-02 03:07:02.483\",\"processGuid\":\"{e12a69d9-1fd6-6abf-e300-000000001700}\",\"processId\":\"6700\",\"image\":\"C:\\\\\\\\Program Files (x86)\\\\\\\\Microsoft\\\\\\\\Edge\\\\\\\\Application\\\\\\\\154.0.4258.48\\\\\\\\Installer\\\\\\\\setup.exe\",\"fileVersion\":\"154.0.4258.48\",\"description\":\"Microsoft Edge Installer\",\"product\":\"Microsoft Edge Installer\",\"company\":\"Microsoft Corporation\",\"originalFileName\":\"setup.exe\",\"commandLine\":\"\\\\\\\"C:\\\\\\\\Program Files (x86)\\\\\\\\Microsoft\\\\\\\\Edge\\\\\\\\Application\\\\\\\\154.0.4258.48\\\\\\\\Installer\\\\\\\\setup.exe\\\\\\\" --rename-msedge-exe --system-level --verbose-logging --msedge --channel=stable\",\"currentDirectory\":\"C:\\\\\\\\Windows\\\\\\\\SystemTemp\\\\\\\\\",\"user\":\"NT AUTHORITY\\\\\\\\SYSTEM\",\"logonGuid\":\"{e12a69d9-1f98-6abf-e703-000000000000}\",\"logonId\":\"0x3e7\",\"terminalSessionId\":\"0\",\"integrityLevel\":\"System\",\"hashes\":\"MD5=D0E7BD7A6A04B9475DC897BC09E37EE6,SHA256=A2B295222B0325150773385BAD0F5ACBCE8CCE16A60CFC6B883CC1CBBACA9E8E,IMPHASH=3A957038E01A36E9455A72310E40AB52\",\"parentProcessGuid\":\"{e12a69d9-1fd5-6abf-e100-000000001700}\",\"parentProcessId\":\"3740\",\"parentImage\":\"C:\\\\\\\\Program Files (x86)\\\\\\\\Microsoft\\\\\\\\Edge\\\\\\\\Application\\\\\\\\154.0.4258.48\\\\\\\\elevation_service.exe\",\"parentCommandLine\":\"\\\\\\\"C:\\\\\\\\Program Files (x86)\\\\\\\\Microsoft\\\\\\\\Edge\\\\\\\\Application\\\\\\\\154.0.4258.48\\\\\\\\elevation_service.exe\\\\\\\"\",\"parentUser\":\"NT AUTHORITY\\\\\\\\SYSTEM\"}}}","decoder":{"name":"windows_eventchannel"},"data":{"win":{"system":{"providerName":"Microsoft-Windows-Sysmon","providerGuid":"{5770385f-c22a-43e0-bf4c-06f5698ffbd9}","eventID":"1","version":"5","level":"4","task":"1","opcode":"0","keywords":"0x8000000000000000","systemTime":"2026-10-02T03:07:02.8262593Z","eventRecordID":"11491","processID":"2140","threadID":"4056","channel":"Microsoft-Windows-Sysmon/Operational","computer":"WIN10-01.SOC-LAB.LOCAL","severityValue":"INFORMATION","message":"\"Process Create:\r\nRuleName: -\r\nUtcTime: 2026-10-02 03:07:02.483\r\nProcessGuid: {e12a69d9-1fd6-6abf-e300-000000001700}\r\nProcessId: 6700\r\nImage: C:\\Program Files (x86)\\Microsoft\\Edge\\Application\\154.0.4258.48\\Installer\\setup.exe\r\nFileVersion: 154.0.4258.48\r\nDescription: Microsoft Edge Installer\r\nProduct: Microsoft Edge Installer\r\nCompany: Microsoft Corporation\r\nOriginalFileName: setup.exe\r\nCommandLine: \"C:\\Program Files (x86)\\Microsoft\\Edge\\Application\\154.0.4258.48\\Installer\\setup.exe\" --rename-msedge-exe --system-level --verbose-logging --msedge --channel=stable\r\nCurrentDirectory: C:\\Windows\\SystemTemp\\\r\nUser: NT AUTHORITY\\SYSTEM\r\nLogonGuid: {e12a69d9-1f98-6abf-e703-000000000000}\r\nLogonId: 0x3E7\r\nTerminalSessionId: 0\r\nIntegrityLevel: System\r\nHashes: MD5=D0E7BD7A6A04B9475DC897BC09E37EE6,SHA256=A2B295222B0325150773385BAD0F5ACBCE8CCE16A60CFC6B883CC1CBBACA9E8E,IMPHASH=3A957038E01A36E9455A72310E40AB52\r\nParentProcessGuid: {e12a69d9-1fd5-6abf-e100-000000001700}\r\nParentProcessId: 3740\r\nParentImage: C:\\Program Files (x86)\\Microsoft\\Edge\\Application\\154.0.4258.48\\elevation_service.exe\r\nParentCommandLine: \"C:\\Program Files (x86)\\Microsoft\\Edge\\Application\\154.0.4258.48\\elevation_service.exe\"\r\nParentUser: NT AUTHORITY\\SYSTEM\""},"eventdata":{"utcTime":"2026-10-02 03:07:02.483","processGuid":"{e12a69d9-1fd6-6abf-e300-000000001700}","processId":"6700","image":"C:\\\\Program Files (x86)\\\\Microsoft\\\\Edge\\\\Application\\\\154.0.4258.48\\\\Installer\\\\setup.exe","fileVersion":"154.0.4258.48","description":"Microsoft Edge Installer","product":"Microsoft Edge Installer","company":"Microsoft Corporation","originalFileName":"setup.exe","commandLine":"\\\"C:\\\\Program Files (x86)\\\\Microsoft\\\\Edge\\\\Application\\\\154.0.4258.48\\\\Installer\\\\setup.exe\\\" --rename-msedge-exe --system-level --verbose-logging --msedge --channel=stable","currentDirectory":"C:\\\\Windows\\\\SystemTemp\\\\","user":"NT AUTHORITY\\\\SYSTEM","logonGuid":"{e12a69d9-1f98-6abf-e703-000000000000}","logonId":"0x3e7","terminalSessionId":"0","integrityLevel":"System","hashes":"MD5=D0E7BD7A6A04B9475DC897BC09E37EE6,SHA256=A2B295222B0325150773385BAD0F5ACBCE8CCE16A60CFC6B883CC1CBBACA9E8E,IMPHASH=3A957038E01A36E9455A72310E40AB52","parentProcessGuid":"{e12a69d9-1fd5-6abf-e100-000000001700}","parentProcessId":"3740","parentImage":"C:\\\\Program Files (x86)\\\\Microsoft\\\\Edge\\\\Application\\\\154.0.4258.48\\\\elevation_service.exe","parentCommandLine":"\\\"C:\\\\Program Files (x86)\\\\Microsoft\\\\Edge\\\\Application\\\\154.0.4258.48\\\\elevation_service.exe\\\"","parentUser":"NT AUTHORITY\\\\SYSTEM"}}},"location":"EventChannel"}
{"timestamp":"2026-10-02T03:07:11.816+0000","agent":{"id":"001","name":"SOC-WIN10","ip":"192.168.50.20"},"manager":{"name":"soc-wazuh"},"id":"1790910431.323755","full_log":"{\"win\":{\"system\":{\"providerName\":\"Microsoft-Windows-Sysmon\",\"providerGuid\":\"{5770385f-c22a-43e0-bf4c-06f5698ffbd9}\",\"eventID\":\"1\",\"version\":\"5\",\"level\":\"4\",\"task\":\"1\",\"opcode\":\"0\",\"keywords\":\"0x8000000000000000\",\"systemTime\":\"2026-10-02T03:07:02.9322577Z\",\"eventRecordID\":\"11492\",\"processID\":\"2140\",\"threadID\":\"4056\",\"channel\":\"Microsoft-Windows-Sysmon/Operational\",\"computer\":\"WIN10-01.SOC-LAB.LOCAL\",\"severityValue\":\"INFORMATION\",\"message\":\"\\\"Process Create:\\r\\nRuleName: -\\r\\nUtcTime: 2026-10-02 03:07:02.155\\r\\nProcessGuid: {e12a69d9-1fd6-6abf-e200-000000001700}\\r\\nProcessId: 4520\\r\\nImage: C:\\\\Program Files\\\\WindowsApps\\\\Microsoft.MicrosoftOfficeHub_19.2609.52011.0_x64__8wekyb3d8bbwe\\\\M365Copilot.exe\\r\\nFileVersion: 19.2609.52011.0\\r\\nDescription: Microsoft 365 Copilot App\\r\\nProduct: Microsoft 365 Copilot\\r\\nCompany: Microsoft Corporation\\r\\nOriginalFileName: M365Copilot.exe\\r\\nCommandLine: \\\"C:\\\\Program Files\\\\WindowsApps\\\\Microsoft.MicrosoftOfficeHub_19.2609.52011.0_x64__8wekyb3d8bbwe\\\\M365Copilot.exe\\\" ms-getoffice: autostart reason=AutoStarter\\r\\nCurrentDirectory: C:\\\\Windows\\\\system32\\\\\\r\\nUser: SOC-LAB\\\\nam.user\\r\\nLogonGuid: {e12a69d9-1fab-6abf-e90d-090000000000}\\r\\nLogonId: 0x90DE9\\r\\nTerminalSessionId: 1\\r\\nIntegrityLevel: Medium\\r\\nHashes: MD5=9CBAA0B72A0B1F363208D7D8982021E3,SHA256=FEE0DA508271BE0981756729CB15F7CD9EA68F01D3FD80F07FD2A4AFE3FA5E1F,IMPHASH=B1FA0106D4F48295E0A2361318363073\\r\\nParentProcessGuid: {e12a69d9-1fcb-6abf-db00-000000001700}\\r\\nParentProcessId: 392\\r\\nParentImage: C:\\\\Program Files\\\\WindowsApps\\\\Microsoft.MicrosoftOfficeHub_19.2609.52011.0_x64__8wekyb3d8bbwe\\\\m365copilot_autostarter.exe\\r\\nParentCommandLine: \\\"C:\\\\Program Files\\\\WindowsApps\\\\Microsoft.MicrosoftOfficeHub_19.2609.52011.0_x64__8wekyb3d8bbwe\\\\m365copilot_autostarter.exe\\\" \\r\\nParentUser: SOC-LAB\\\\nam.user\\\"\"},\"eventdata\":{\"utcTime\":\"2026-10-02 03:07:02.155\",\"processGuid\":\"{e12a69d9-1fd6-6abf-e200-000000001700}\",\"processId\":\"4520\",\"image\":\"C:\\\\\\\\Program Files\\\\\\\\WindowsApps\\\\\\\\Microsoft.MicrosoftOfficeHub_19.2609.52011.0_x64__8wekyb3d8bbwe\\\\\\\\M365Copilot.exe\",\"fileVersion\":\"19.2609.52011.0\",\"description\":\"Microsoft 365 Copilot App\",\"product\":\"Microsoft 365 Copilot\",\"company\":\"Microsoft Corporation\",\"originalFileName\":\"M365Copilot.exe\",\"commandLine\":\"\\\\\\\"C:\\\\\\\\Program Files\\\\\\\\WindowsApps\\\\\\\\Microsoft.MicrosoftOfficeHub_19.2609.52011.0_x64__8wekyb3d8bbwe\\\\\\\\M365Copilot.exe\\\\\\\" ms-getoffice: autostart reason=AutoStarter\",\"currentDirectory\":\"C:\\\\\\\\Windows\\\\\\\\system32\\\\\\\\\",\"user\":\"SOC-LAB\\\\\\\\nam.user\",\"logonGuid\":\"{e12a69d9-1fab-6abf-e90d-090000000000}\",\"logonId\":\"0x90de9\",\"terminalSessionId\":\"1\",\"integrityLevel\":\"Medium\",\"hashes\":\"MD5=9CBAA0B72A0B1F363208D7D8982021E3,SHA256=FEE0DA508271BE0981756729CB15F7CD9EA68F01D3FD80F07FD2A4AFE3FA5E1F,IMPHASH=B1FA0106D4F48295E0A2361318363073\",\"parentProcessGuid\":\"{e12a69d9-1fcb-6abf-db00-000000001700}\",\"parentProcessId\":\"392\",\"parentImage\":\"C:\\\\\\\\Program Files\\\\\\\\WindowsApps\\\\\\\\Microsoft.MicrosoftOfficeHub_19.2609.52011.0_x64__8wekyb3d8bbwe\\\\\\\\m365copilot_autostarter.exe\",\"parentCommandLine\":\"\\\\\\\"C:\\\\\\\\Program Files\\\\\\\\WindowsApps\\\\\\\\Microsoft.MicrosoftOfficeHub_19.2609.52011.0_x64__8wekyb3d8bbwe\\\\\\\\m365copilot_autostarter.exe\\\\\\\"\",\"parentUser\":\"SOC-LAB\\\\\\\\nam.user\"}}}","decoder":{"name":"windows_eventchannel"},"data":{"win":{"system":{"providerName":"Microsoft-Windows-Sysmon","providerGuid":"{5770385f-c22a-43e0-bf4c-06f5698ffbd9}","eventID":"1","version":"5","level":"4","task":"1","opcode":"0","keywords":"0x8000000000000000","systemTime":"2026-10-02T03:07:02.9322577Z","eventRecordID":"11492","processID":"2140","threadID":"4056","channel":"Microsoft-Windows-Sysmon/Operational","computer":"WIN10-01.SOC-LAB.LOCAL","severityValue":"INFORMATION","message":"\"Process Create:\r\nRuleName: -\r\nUtcTime: 2026-10-02 03:07:02.155\r\nProcessGuid: {e12a69d9-1fd6-6abf-e200-000000001700}\r\nProcessId: 4520\r\nImage: C:\\Program Files\\WindowsApps\\Microsoft.MicrosoftOfficeHub_19.2609.52011.0_x64__8wekyb3d8bbwe\\M365Copilot.exe\r\nFileVersion: 19.2609.52011.0\r\nDescription: Microsoft 365 Copilot App\r\nProduct: Microsoft 365 Copilot\r\nCompany: Microsoft Corporation\r\nOriginalFileName: M365Copilot.exe\r\nCommandLine: \"C:\\Program Files\\WindowsApps\\Microsoft.MicrosoftOfficeHub_19.2609.52011.0_x64__8wekyb3d8bbwe\\M365Copilot.exe\" ms-getoffice: autostart reason=AutoStarter\r\nCurrentDirectory: C:\\Windows\\system32\\\r\nUser: SOC-LAB\\nam.user\r\nLogonGuid: {e12a69d9-1fab-6abf-e90d-090000000000}\r\nLogonId: 0x90DE9\r\nTerminalSessionId: 1\r\nIntegrityLevel: Medium\r\nHashes: MD5=9CBAA0B72A0B1F363208D7D8982021E3,SHA256=FEE0DA508271BE0981756729CB15F7CD9EA68F01D3FD80F07FD2A4AFE3FA5E1F,IMPHASH=B1FA0106D4F48295E0A2361318363073\r\nParentProcessGuid: {e12a69d9-1fcb-6abf-db00-000000001700}\r\nParentProcessId: 392\r\nParentImage: C:\\Program Files\\WindowsApps\\Microsoft.MicrosoftOfficeHub_19.2609.52011.0_x64__8wekyb3d8bbwe\\m365copilot_autostarter.exe\r\nParentCommandLine: \"C:\\Program Files\\WindowsApps\\Microsoft.MicrosoftOfficeHub_19.2609.52011.0_x64__8wekyb3d8bbwe\\m365copilot_autostarter.exe\" \r\nParentUser: SOC-LAB\\nam.user\""},"eventdata":{"utcTime":"2026-10-02 03:07:02.155","processGuid":"{e12a69d9-1fd6-6abf-e200-000000001700}","processId":"4520","image":"C:\\\\Program Files\\\\WindowsApps\\\\Microsoft.MicrosoftOfficeHub_19.2609.52011.0_x64__8wekyb3d8bbwe\\\\M365Copilot.exe","fileVersion":"19.2609.52011.0","description":"Microsoft 365 Copilot App","product":"Microsoft 365 Copilot","company":"Microsoft Corporation","originalFileName":"M365Copilot.exe","commandLine":"\\\"C:\\\\Program Files\\\\WindowsApps\\\\Microsoft.MicrosoftOfficeHub_19.2609.52011.0_x64__8wekyb3d8bbwe\\\\M365Copilot.exe\\\" ms-getoffice: autostart reason=AutoStarter","currentDirectory":"C:\\\\Windows\\\\system32\\\\","user":"SOC-LAB\\\\nam.user","logonGuid":"{e12a69d9-1fab-6abf-e90d-090000000000}","logonId":"0x90de9","terminalSessionId":"1","integrityLevel":"Medium","hashes":"MD5=9CBAA0B72A0B1F363208D7D8982021E3,SHA256=FEE0DA508271BE0981756729CB15F7CD9EA68F01D3FD80F07FD2A4AFE3FA5E1F,IMPHASH=B1FA0106D4F48295E0A2361318363073","parentProcessGuid":"{e12a69d9-1fcb-6abf-db00-000000001700}","parentProcessId":"392","parentImage":"C:\\\\Program Files\\\\WindowsApps\\\\Microsoft.MicrosoftOfficeHub_19.2609.52011.0_x64__8wekyb3d8bbwe\\\\m365copilot_autostarter.exe","parentCommandLine":"\\\"C:\\\\Program Files\\\\WindowsApps\\\\Microsoft.MicrosoftOfficeHub_19.2609.52011.0_x64__8wekyb3d8bbwe\\\\m365copilot_autostarter.exe\\\"","parentUser":"SOC-LAB\\\\nam.user"}}},"location":"EventChannel"}
