{"timestamp":"2026-10-02T03:07:14.754+0000","agent":{"id":"001","name":"SOC-WIN10","ip":"192.168.50.20"},"manager":{"name":"soc-wazuh"},"id":"1790910434.323755","full_log":"{\"win\":{\"system\":{\"providerName\":\"Microsoft-Windows-Sysmon\",\"providerGuid\":\"{5770385f-c22a-43e0-bf4c-06f5698ffbd9}\",\"eventID\":\"1\",\"version\":\"5\",\"level\":\"4\",\"task\":\"1\",\"opcode\":\"0\",\"keywords\":\"0x8000000000000000\",\"systemTime\":\"2026-10-02T03:07:07.3800924Z\",\"eventRecordID\":\"11509\",\"processID\":\"2140\",\"threadID\":\"4056\",\"channel\":\"Microsoft-Windows-Sysmon/Operational\",\"computer\":\"WIN10-01.SOC-LAB.LOCAL\",\"severityValue\":\"INFORMATION\",\"message\":\"\\\"Process Create:\\r\\nRuleName: -\\r\\nUtcTime: 2026-10-02 03:07:07.325\\r\\nProcessGuid: {e12a69d9-1fdb-6abf-ed00-000000001700}\\r\\nProcessId: 3868\\r\\nImage: C:\\\\Program Files (x86)\\\\Microsoft\\\\EdgeWebView\\\\Application\\\\154.0.4258.48\\\\msedgewebview2.exe\\r\\nFileVersion: 154.0.4258.48\\r\\nDescription: Microsoft Edge WebView2\\r\\nProduct: Microsoft Edge WebView2\\r\\nCompany: Microsoft Corporation\\r\\nOriginalFileName: msedgewebview2.exe\\r\\nCommandLine: \\\"C:\\\\Program Files (x86)\\\\Microsoft\\\\EdgeWebView\\\\Application\\\\154.0.4258.48\\\\msedgewebview2.exe\\\" --type=utility --utility-sub-type=network.mojom.NetworkService --lang=en-US --service-sandbox-type=none --noerrdialogs --user-data-dir=\\\"C:\\\\Users\\\\nam.user\\\\AppData\\\\Local\\\\Packages\\\\Microsoft.MicrosoftOfficeHub_8wekyb3d8bbwe\\\\LocalState\\\\EBWebView\\\" --webview-exe-name=M365Copilot.exe --webview-exe-version=19.2609.52011.0 --embedded-browser-webview=1 --embedded-browser-webview-dpi-awareness=2 --startup-read-main-dll --metrics-shmem-handle=1848,i,5767497019319305543,14401442493244073838,524288 --field-trial-handle=2024,i,17997923285045663805,6945669727337648643,262144 --enable-features=msSingleSignOnOSForPrimaryAccountIsShared --disable-features=msEnhancedTrackingPreventionEnabled --variations-seed-version --pseudonymization-salt-handle=2028,i,10363675654584423323,14711617210225985604,4 --trace-process-track-uuid=3190708989122997041 --mojo-platform-channel-handle=2220 /prefetch:3\\r\\nCurrentDirectory: C:\\\\Program Files (x86)\\\\Microsoft\\\\EdgeWebView\\\\Application\\\\154.0.4258.48\\\\\\r\\nUser: SOC-LAB\\\\nam.user\\r\\nLogonGuid: {e12a69d9-1fab-6abf-e90d-090000000000}\\r\\nLogonId: 0x90DE9\\r\\nTerminalSessionId: 1\\r\\nIntegrityLevel: Medium\\r\\nHashes: MD5=6852459A3127B588B72BA0BA000F54E2,SHA256=8454A3B710D8A8A7002AF5F16349FE6214DF14CEC90A2008E4790BF5728C4A3B,IMPHASH=D38C0D5E659AA4EF1F1B1B3C4C20C711\\r\\nParentProcessGuid: {e12a69d9-1fda-6abf-e900-000000001700}\\r\\nParentProcessId: 2468\\r\\nParentImage: C:\\\\Program Files (x86)\\\\Microsoft\\\\EdgeWebView\\\\Application\\\\154.0.4258.48\\\\msedgewebview2.exe\\r\\nParentCommandLine: \\\"C:\\\\Program Files (x86)\\\\Microsoft\\\\EdgeWebView\\\\Application\\\\154.0.4258.48\\\\msedgewebview2.exe\\\" --embedded-browser-webview=1 --webview-exe-name=M365Copilot.exe --webview-exe-version=19.2609.52011.0 --user-data-dir=\\\"C:\\\\Users\\\\nam.user\\\\AppData\\\\Local\\\\Packages\\\\Microsoft.MicrosoftOfficeHub_8wekyb3d8bbwe\\\\LocalState\\\\EBWebView\\\" --noerrdialogs --embedded-browser-webview-dpi-awareness=2 --disable-features=msEnhancedTrackingPreventionEnabled --enable-features=msSingleSignOnOSForPrimaryAccountIsShared --mojo-named-platform-channel-pipe=4520.2356.14068602213966527686\\r\\nParentUser: SOC-LAB\\\\nam.user\\\"\"},\"eventdata\":{\"utcTime\":\"2026-10-02 03:07:07.325\",\"processGuid\":\"{e12a69d9-1fdb-6abf-ed00-000000001700}\",\"processId\":\"3868\",\"image\":\"C:\\\\\\\\Program Files (x86)\\\\\\\\Microsoft\\\\\\\\EdgeWebView\\\\\\\\Application\\\\\\\\154.0.4258.48\\\\\\\\msedgewebview2.exe\",\"fileVersion\":\"154.0.4258.48\",\"description\":\"Microsoft Edge WebView2\",\"product\":\"Microsoft Edge WebView2\",\"company\":\"Microsoft Corporation\",\"originalFileName\":\"msedgewebview2.exe\",\"commandLine\":\"\\\\\\\"C:\\\\\\\\Program Files (x86)\\\\\\\\Microsoft\\\\\\\\EdgeWebView\\\\\\\\Application\\\\\\\\154.0.4258.48\\\\\\\\msedgewebview2.exe\\\\\\\" --type=utility --utility-sub-type=network.mojom.NetworkService --lang=en-US --service-sandbox-type=none --noerrdialogs --user-data-dir=\\\\\\\"C:\\\\\\\\Users\\\\\\\\nam.user\\\\\\\\AppData\\\\\\\\Local\\\\\\\\Packages\\\\\\\\Microsoft.MicrosoftOfficeHub_8wekyb3d8bbwe\\\\\\\\LocalState\\\\\\\\EBWebView\\\\\\\" --webview-exe-name=M365Copilot.exe --webview-exe-version=19.2609.52011.0 --embedded-browser-webview=1 --embedded-browser-webview-dpi-awareness=2 --startup-read-main-dll --metrics-shmem-handle=1848,i,5767497019319305543,14401442493244073838,524288 --field-trial-handle=2024,i,17997923285045663805,6945669727337648643,262144 --enable-features=msSingleSignOnOSForPrimaryAccountIsShared --disable-features=msEnhancedTrackingPreventionEnabled --variations-seed-version --pseudonymization-salt-handle=2028,i,10363675654584423323,14711617210225985604,4 --trace-process-track-uuid=3190708989122997041 --mojo-platform-channel-handle=2220 /prefetch:3\",\"currentDirectory\":\"C:\\\\\\\\Program Files (x86)\\\\\\\\Microsoft\\\\\\\\EdgeWebView\\\\\\\\Application\\\\\\\\154.0.4258.48\\\\\\\\\",\"user\":\"SOC-LAB\\\\\\\\nam.user\",\"logonGuid\":\"{e12a69d9-1fab-6abf-e90d-090000000000}\",\"logonId\":\"0x90de9\",\"terminalSessionId\":\"1\",\"integrityLevel\":\"Medium\",\"hashes\":\"MD5=6852459A3127B588B72BA0BA000F54E2,SHA256=8454A3B710D8A8A7002AF5F16349FE6214DF14CEC90A2008E4790BF5728C4A3B,IMPHASH=D38C0D5E659AA4EF1F1B1B3C4C20C711\",\"parentProcessGuid\":\"{e12a69d9-1fda-6abf-e900-000000001700}\",\"parentProcessId\":\"2468\",\"parentImage\":\"C:\\\\\\\\Program Files (x86)\\\\\\\\Microsoft\\\\\\\\EdgeWebView\\\\\\\\Application\\\\\\\\154.0.4258.48\\\\\\\\msedgewebview2.exe\",\"parentCommandLine\":\"\\\\\\\"C:\\\\\\\\Program Files (x86)\\\\\\\\Microsoft\\\\\\\\EdgeWebView\\\\\\\\Application\\\\\\\\154.0.4258.48\\\\\\\\msedgewebview2.exe\\\\\\\" --embedded-browser-webview=1 --webview-exe-name=M365Copilot.exe --webview-exe-version=19.2609.52011.0 --user-data-dir=\\\\\\\"C:\\\\\\\\Users\\\\\\\\nam.user\\\\\\\\AppData\\\\\\\\Local\\\\\\\\Packages\\\\\\\\Microsoft.MicrosoftOfficeHub_8wekyb3d8bbwe\\\\\\\\LocalState\\\\\\\\EBWebView\\\\\\\" --noerrdialogs --embedded-browser-webview-dpi-awareness=2 --disable-features=msEnhancedTrackingPreventionEnabled --enable-features=msSingleSignOnOSForPrimaryAccountIsShared --mojo-named-platform-channel-pipe=4520.2356.14068602213966527686\",\"parentUser\":\"SOC-LAB\\\\\\\\nam.user\"}}}","decoder":{"name":"windows_eventchannel"},"data":{"win":{"system":{"providerName":"Microsoft-Windows-Sysmon","providerGuid":"{5770385f-c22a-43e0-bf4c-06f5698ffbd9}","eventID":"1","version":"5","level":"4","task":"1","opcode":"0","keywords":"0x8000000000000000","systemTime":"2026-10-02T03:07:07.3800924Z","eventRecordID":"11509","processID":"2140","threadID":"4056","channel":"Microsoft-Windows-Sysmon/Operational","computer":"WIN10-01.SOC-LAB.LOCAL","severityValue":"INFORMATION","message":"\"Process Create:\r\nRuleName: -\r\nUtcTime: 2026-10-02 03:07:07.325\r\nProcessGuid: {e12a69d9-1fdb-6abf-ed00-000000001700}\r\nProcessId: 3868\r\nImage: C:\\Program Files (x86)\\Microsoft\\EdgeWebView\\Application\\154.0.4258.48\\msedgewebview2.exe\r\nFileVersion: 154.0.4258.48\r\nDescription: Microsoft Edge WebView2\r\nProduct: Microsoft Edge WebView2\r\nCompany: Microsoft Corporation\r\nOriginalFileName: msedgewebview2.exe\r\nCommandLine: \"C:\\Program Files (x86)\\Microsoft\\EdgeWebView\\Application\\154.0.4258.48\\msedgewebview2.exe\" --type=utility --utility-sub-type=network.mojom.NetworkService --lang=en-US --service-sandbox-type=none --noerrdialogs --user-data-dir=\"C:\\Users\\nam.user\\AppData\\Local\\Packages\\Microsoft.MicrosoftOfficeHub_8wekyb3d8bbwe\\LocalState\\EBWebView\" --webview-exe-name=M365Copilot.exe --webview-exe-version=19.2609.52011.0 --embedded-browser-webview=1 --embedded-browser-webview-dpi-awareness=2 --startup-read-main-dll --metrics-shmem-handle=1848,i,5767497019319305543,14401442493244073838,524288 --field-trial-handle=2024,i,17997923285045663805,6945669727337648643,262144 --enable-features=msSingleSignOnOSForPrimaryAccountIsShared --disable-features=msEnhancedTrackingPreventionEnabled --variations-seed-version --pseudonymization-salt-handle=2028,i,10363675654584423323,14711617210225985604,4 --trace-process-track-uuid=3190708989122997041 --mojo-platform-channel-handle=2220 /prefetch:3\r\nCurrentDirectory: C:\\Program Files (x86)\\Microsoft\\EdgeWebView\\Application\\154.0.4258.48\\\r\nUser: SOC-LAB\\nam.user\r\nLogonGuid: {e12a69d9-1fab-6abf-e90d-090000000000}\r\nLogonId: 0x90DE9\r\nTerminalSessionId: 1\r\nIntegrityLevel: Medium\r\nHashes: MD5=6852459A3127B588B72BA0BA000F54E2,SHA256=8454A3B710D8A8A7002AF5F16349FE6214DF14CEC90A2008E4790BF5728C4A3B,IMPHASH=D38C0D5E659AA4EF1F1B1B3C4C20C711\r\nParentProcessGuid: {e12a69d9-1fda-6abf-e900-000000001700}\r\nParentProcessId: 2468\r\nParentImage: C:\\Program Files (x86)\\Microsoft\\EdgeWebView\\Application\\154.0.4258.48\\msedgewebview2.exe\r\nParentCommandLine: \"C:\\Program Files (x86)\\Microsoft\\EdgeWebView\\Application\\154.0.4258.48\\msedgewebview2.exe\" --embedded-browser-webview=1 --webview-exe-name=M365Copilot.exe --webview-exe-version=19.2609.52011.0 --user-data-dir=\"C:\\Users\\nam.user\\AppData\\Local\\Packages\\Microsoft.MicrosoftOfficeHub_8wekyb3d8bbwe\\LocalState\\EBWebView\" --noerrdialogs --embedded-browser-webview-dpi-awareness=2 --disable-features=msEnhancedTrackingPreventionEnabled --enable-features=msSingleSignOnOSForPrimaryAccountIsShared --mojo-named-platform-channel-pipe=4520.2356.14068602213966527686\r\nParentUser: SOC-LAB\\nam.user\""},"eventdata":{"utcTime":"2026-10-02 03:07:07.325","processGuid":"{e12a69d9-1fdb-6abf-ed00-000000001700}","processId":"3868","image":"C:\\\\Program Files (x86)\\\\Microsoft\\\\EdgeWebView\\\\Application\\\\154.0.4258.48\\\\msedgewebview2.exe","fileVersion":"154.0.4258.48","description":"Microsoft Edge WebView2","product":"Microsoft Edge WebView2","company":"Microsoft Corporation","originalFileName":"msedgewebview2.exe","commandLine":"\\\"C:\\\\Program Files (x86)\\\\Microsoft\\\\EdgeWebView\\\\Application\\\\154.0.4258.48\\\\msedgewebview2.exe\\\" --type=utility --utility-sub-type=network.mojom.NetworkService --lang=en-US --service-sandbox-type=none --noerrdialogs --user-data-dir=\\\"C:\\\\Users\\\\nam.user\\\\AppData\\\\Local\\\\Packages\\\\Microsoft.MicrosoftOfficeHub_8wekyb3d8bbwe\\\\LocalState\\\\EBWebView\\\" --webview-exe-name=M365Copilot.exe --webview-exe-version=19.2609.52011.0 --embedded-browser-webview=1 --embedded-browser-webview-dpi-awareness=2 --startup-read-main-dll --metrics-shmem-handle=1848,i,5767497019319305543,14401442493244073838,524288 --field-trial-handle=2024,i,17997923285045663805,6945669727337648643,262144 --enable-features=msSingleSignOnOSForPrimaryAccountIsShared --disable-features=msEnhancedTrackingPreventionEnabled --variations-seed-version --pseudonymization-salt-handle=2028,i,10363675654584423323,14711617210225985604,4 --trace-process-track-uuid=3190708989122997041 --mojo-platform-channel-handle=2220 /prefetch:3","currentDirectory":"C:\\\\Program Files (x86)\\\\Microsoft\\\\EdgeWebView\\\\Application\\\\154.0.4258.48\\\\","user":"SOC-LAB\\\\nam.user","logonGuid":"{e12a69d9-1fab-6abf-e90d-090000000000}","logonId":"0x90de9","terminalSessionId":"1","integrityLevel":"Medium","hashes":"MD5=6852459A3127B588B72BA0BA000F54E2,SHA256=8454A3B710D8A8A7002AF5F16349FE6214DF14CEC90A2008E4790BF5728C4A3B,IMPHASH=D38C0D5E659AA4EF1F1B1B3C4C20C711","parentProcessGuid":"{e12a69d9-1fda-6abf-e900-000000001700}","parentProcessId":"2468","parentImage":"C:\\\\Program Files (x86)\\\\Microsoft\\\\EdgeWebView\\\\Application\\\\154.0.4258.48\\\\msedgewebview2.exe","parentCommandLine":"\\\"C:\\\\Program Files (x86)\\\\Microsoft\\\\EdgeWebView\\\\Application\\\\154.0.4258.48\\\\msedgewebview2.exe\\\" --embedded-browser-webview=1 --webview-exe-name=M365Copilot.exe --webview-exe-version=19.2609.52011.0 --user-data-dir=\\\"C:\\\\Users\\\\nam.user\\\\AppData\\\\Local\\\\Packages\\\\Microsoft.MicrosoftOfficeHub_8wekyb3d8bbwe\\\\LocalState\\\\EBWebView\\\" --noerrdialogs --embedded-browser-webview-dpi-awareness=2 --disable-features=msEnhancedTrackingPreventionEnabled --enable-features=msSingleSignOnOSForPrimaryAccountIsShared --mojo-named-platform-channel-pipe=4520.2356.14068602213966527686","parentUser":"SOC-LAB\\\\nam.user"}}},"location":"EventChannel"}
{"timestamp":"2026-10-02T03:07:14.769+0000","agent":{"id":"001","name":"SOC-WIN10","ip":"192.168.50.20"},"manager":{"name":"soc-wazuh"},"id":"1790910434.323755","full_log":"{\"win\":{\"system\":{\"providerName\":\"Microsoft-Windows-Sysmon\",\"providerGuid\":\"{5770385f-c22a-43e0-bf4c-06f5698ffbd9}\",\"eventID\":\"1\",\"version\":\"5\",\"level\":\"4\",\"task\":\"1\",\"opcode\":\"0\",\"keywords\":\"0x8000000000000000\",\"systemTime\":\"2026-10-02T03:07:07.6116102Z\",\"eventRecordID\":\"11510\",\"processID\":\"2140\",\"threadID\":\"4056\",\"channel\":\"Microsoft-Windows-Sysmon/Operational\",\"computer\":\"WIN10-01.SOC-LAB.LOCAL\",\"severityValue\":\"INFORMATION\",\"message\":\"\\\"Process Create:\\r\\nRuleName: -\\r\\nUtcTime: 2026-10-02 03:07:07.460\\r\\nProcessGuid: {e12a69d9-1fdb-6abf-ee00-000000001700}\\r\\nProcessId: 1112\\r\\nImage: C:\\\\Program Files (x86)\\\\Microsoft\\\\EdgeWebView\\\\Application\\\\154.0.4258.48\\\\msedgewebview2.exe\\r\\nFileVersion: 154.0.4258.48\\r\\nDescription: Microsoft Edge WebView2\\r\\nProduct: Microsoft Edge WebView2\\r\\nCompany: Microsoft Corporation\\r\\nOriginalFileName: msedgewebview2.exe\\r\\nCommandLine: \\\"C:\\\\Program Files (x86)\\\\Microsoft\\\\EdgeWebView\\\\Application\\\\154.0.4258.48\\\\msedgewebview2.exe\\\" --type=utility --utility-sub-type=storage.mojom.StorageService --lang=en-US --service-sandbox-type=service --noerrdialogs --user-data-dir=\\\"C:\\\\Users\\\\nam.user\\\\AppData\\\\Local\\\\Packages\\\\Microsoft.MicrosoftOfficeHub_8wekyb3d8bbwe\\\\LocalState\\\\EBWebView\\\" --webview-exe-name=M365Copilot.exe --webview-exe-version=19.2609.52011.0 --embedded-browser-webview=1 --embedded-browser-webview-dpi-awareness=2 --startup-read-main-dll --metrics-shmem-handle=2496,i,15112173325870018323,3728873925778148503,524288 --field-trial-handle=2024,i,17997923285045663805,6945669727337648643,262144 --enable-features=msSingleSignOnOSForPrimaryAccountIsShared --disable-features=msEnhancedTrackingPreventionEnabled --variations-seed-version --pseudonymization-salt-handle=2028,i,10363675654584423323,14711617210225985604,4 --trace-process-track-uuid=3190708990060038890 --mojo-platform-channel-handle=2588 /prefetch:8\\r\\nCurrentDirectory: C:\\\\Program Files (x86)\\\\Microsoft\\\\EdgeWebView\\\\Application\\\\154.0.4258.48\\\\\\r\\nUser: SOC-LAB\\\\nam.user\\r\\nLogonGuid: {e12a69d9-1fab-6abf-e90d-090000000000}\\r\\nLogonId: 0x90DE9\\r\\nTerminalSessionId: 1\\r\\nIntegrityLevel: Low\\r\\nHashes: MD5=6852459A3127B588B72BA0BA000F54E2,SHA256=8454A3B710D8A8A7002AF5F16349FE6214DF14CEC90A2008E4790BF5728C4A3B,IMPHASH=D38C0D5E659AA4EF1F1B1B3C4C20C711\\r\\nParentProcessGuid: {e12a69d9-1fda-6abf-e900-000000001700}\\r\\nParentProcessId: 2468\\r\\nParentImage: C:\\\\Program Files (x86)\\\\Microsoft\\\\EdgeWebView\\\\Application\\\\154.0.4258.48\\\\msedgewebview2.exe\\r\\nParentCommandLine: \\\"C:\\\\Program Files (x86)\\\\Microsoft\\\\EdgeWebView\\\\Application\\\\154.0.4258.48\\\\msedgewebview2.exe\\\" --embedded-browser-webview=1 --webview-exe-name=M365Copilot.exe --webview-exe-version=19.2609.52011.0 --user-data-dir=\\\"C:\\\\Users\\\\nam.user\\\\AppData\\\\Local\\\\Packages\\\\Microsoft.MicrosoftOfficeHub_8wekyb3d8bbwe\\\\LocalState\\\\EBWebView\\\" --noerrdialogs --embedded-browser-webview-dpi-awareness=2 --disable-features=msEnhancedTrackingPreventionEnabled --enable-features=msSingleSignOnOSForPrimaryAccountIsShared --mojo-named-platform-channel-pipe=4520.2356.14068602213966527686\\r\\nParentUser: SOC-LAB\\\\nam.user\\\"\"},\"eventdata\":{\"utcTime\":\"2026-10-02 03:07:07.460\",\"processGuid\":\"{e12a69d9-1fdb-6abf-ee00-000000001700}\",\"processId\":\"1112\",\"image\":\"C:\\\\\\\\Program Files (x86)\\\\\\\\Microsoft\\\\\\\\EdgeWebView\\\\\\\\Application\\\\\\\\154.0.4258.48\\\\\\\\msedgewebview2.exe\",\"fileVersion\":\"154.0.4258.48\",\"description\":\"Microsoft Edge WebView2\",\"product\":\"Microsoft Edge WebView2\",\"company\":\"Microsoft Corporation\",\"originalFileName\":\"msedgewebview2.exe\",\"commandLine\":\"\\\\\\\"C:\\\\\\\\Program Files (x86)\\\\\\\\Microsoft\\\\\\\\EdgeWebView\\\\\\\\Application\\\\\\\\154.0.4258.48\\\\\\\\msedgewebview2.exe\\\\\\\" --type=utility --utility-sub-type=storage.mojom.StorageService --lang=en-US --service-sandbox-type=service --noerrdialogs --user-data-dir=\\\\\\\"C:\\\\\\\\Users\\\\\\\\nam.user\\\\\\\\AppData\\\\\\\\Local\\\\\\\\Packages\\\\\\\\Microsoft.MicrosoftOfficeHub_8wekyb3d8bbwe\\\\\\\\LocalState\\\\\\\\EBWebView\\\\\\\" --webview-exe-name=M365Copilot.exe --webview-exe-version=19.2609.52011.0 --embedded-browser-webview=1 --embedded-browser-webview-dpi-awareness=2 --startup-read-main-dll --metrics-shmem-handle=2496,i,15112173325870018323,3728873925778148503,524288 --field-trial-handle=2024,i,17997923285045663805,6945669727337648643,262144 --enable-features=msSingleSignOnOSForPrimaryAccountIsShared --disable-features=msEnhancedTrackingPreventionEnabled --variations-seed-version --pseudonymization-salt-handle=2028,i,10363675654584423323,14711617210225985604,4 --trace-process-track-uuid=3190708990060038890 --mojo-platform-channel-handle=2588 /prefetch:8\",\"currentDirectory\":\"C:\\\\\\\\Program Files (x86)\\\\\\\\Microsoft\\\\\\\\EdgeWebView\\\\\\\\Application\\\\\\\\154.0.4258.48\\\\\\\\\",\"user\":\"SOC-LAB\\\\\\\\nam.user\",\"logonGuid\":\"{e12a69d9-1fab-6abf-e90d-090000000000}\",\"logonId\":\"0x90de9\",\"terminalSessionId\":\"1\",\"integrityLevel\":\"Low\",\"hashes\":\"MD5=6852459A3127B588B72BA0BA000F54E2,SHA256=8454A3B710D8A8A7002AF5F16349FE6214DF14CEC90A2008E4790BF5728C4A3B,IMPHASH=D38C0D5E659AA4EF1F1B1B3C4C20C711\",\"parentProcessGuid\":\"{e12a69d9-1fda-6abf-e900-000000001700}\",\"parentProcessId\":\"2468\",\"parentImage\":\"C:\\\\\\\\Program Files (x86)\\\\\\\\Microsoft\\\\\\\\EdgeWebView\\\\\\\\Application\\\\\\\\154.0.4258.48\\\\\\\\msedgewebview2.exe\",\"parentCommandLine\":\"\\\\\\\"C:\\\\\\\\Program Files (x86)\\\\\\\\Microsoft\\\\\\\\EdgeWebView\\\\\\\\Application\\\\\\\\154.0.4258.48\\\\\\\\msedgewebview2.exe\\\\\\\" --embedded-browser-webview=1 --webview-exe-name=M365Copilot.exe --webview-exe-version=19.2609.52011.0 --user-data-dir=\\\\\\\"C:\\\\\\\\Users\\\\\\\\nam.user\\\\\\\\AppData\\\\\\\\Local\\\\\\\\Packages\\\\\\\\Microsoft.MicrosoftOfficeHub_8wekyb3d8bbwe\\\\\\\\LocalState\\\\\\\\EBWebView\\\\\\\" --noerrdialogs --embedded-browser-webview-dpi-awareness=2 --disable-features=msEnhancedTrackingPreventionEnabled --enable-features=msSingleSignOnOSForPrimaryAccountIsShared --mojo-named-platform-channel-pipe=4520.2356.14068602213966527686\",\"parentUser\":\"SOC-LAB\\\\\\\\nam.user\"}}}","decoder":{"name":"windows_eventchannel"},"data":{"win":{"system":{"providerName":"Microsoft-Windows-Sysmon","providerGuid":"{5770385f-c22a-43e0-bf4c-06f5698ffbd9}","eventID":"1","version":"5","level":"4","task":"1","opcode":"0","keywords":"0x8000000000000000","systemTime":"2026-10-02T03:07:07.6116102Z","eventRecordID":"11510","processID":"2140","threadID":"4056","channel":"Microsoft-Windows-Sysmon/Operational","computer":"WIN10-01.SOC-LAB.LOCAL","severityValue":"INFORMATION","message":"\"Process Create:\r\nRuleName: -\r\nUtcTime: 2026-10-02 03:07:07.460\r\nProcessGuid: {e12a69d9-1fdb-6abf-ee00-000000001700}\r\nProcessId: 1112\r\nImage: C:\\Program Files (x86)\\Microsoft\\EdgeWebView\\Application\\154.0.4258.48\\msedgewebview2.exe\r\nFileVersion: 154.0.4258.48\r\nDescription: Microsoft Edge WebView2\r\nProduct: Microsoft Edge WebView2\r\nCompany: Microsoft Corporation\r\nOriginalFileName: msedgewebview2.exe\r\nCommandLine: \"C:\\Program Files (x86)\\Microsoft\\EdgeWebView\\Application\\154.0.4258.48\\msedgewebview2.exe\" --type=utility --utility-sub-type=storage.mojom.StorageService --lang=en-US --service-sandbox-type=service --noerrdialogs --user-data-dir=\"C:\\Users\\nam.user\\AppData\\Local\\Packages\\Microsoft.MicrosoftOfficeHub_8wekyb3d8bbwe\\LocalState\\EBWebView\" --webview-exe-name=M365Copilot.exe --webview-exe-version=19.2609.52011.0 --embedded-browser-webview=1 --embedded-browser-webview-dpi-awareness=2 --startup-read-main-dll --metrics-shmem-handle=2496,i,15112173325870018323,3728873925778148503,524288 --field-trial-handle=2024,i,17997923285045663805,6945669727337648643,262144 --enable-features=msSingleSignOnOSForPrimaryAccountIsShared --disable-features=msEnhancedTrackingPreventionEnabled --variations-seed-version --pseudonymization-salt-handle=2028,i,10363675654584423323,14711617210225985604,4 --trace-process-track-uuid=3190708990060038890 --mojo-platform-channel-handle=2588 /prefetch:8\r\nCurrentDirectory: C:\\Program Files (x86)\\Microsoft\\EdgeWebView\\Application\\154.0.4258.48\\\r\nUser: SOC-LAB\\nam.user\r\nLogonGuid: {e12a69d9-1fab-6abf-e90d-090000000000}\r\nLogonId: 0x90DE9\r\nTerminalSessionId: 1\r\nIntegrityLevel: Low\r\nHashes: MD5=6852459A3127B588B72BA0BA000F54E2,SHA256=8454A3B710D8A8A7002AF5F16349FE6214DF14CEC90A2008E4790BF5728C4A3B,IMPHASH=D38C0D5E659AA4EF1F1B1B3C4C20C711\r\nParentProcessGuid: {e12a69d9-1fda-6abf-e900-000000001700}\r\nParentProcessId: 2468\r\nParentImage: C:\\Program Files (x86)\\Microsoft\\EdgeWebView\\Application\\154.0.4258.48\\msedgewebview2.exe\r\nParentCommandLine: \"C:\\Program Files (x86)\\Microsoft\\EdgeWebView\\Application\\154.0.4258.48\\msedgewebview2.exe\" --embedded-browser-webview=1 --webview-exe-name=M365Copilot.exe --webview-exe-version=19.2609.52011.0 --user-data-dir=\"C:\\Users\\nam.user\\AppData\\Local\\Packages\\Microsoft.MicrosoftOfficeHub_8wekyb3d8bbwe\\LocalState\\EBWebView\" --noerrdialogs --embedded-browser-webview-dpi-awareness=2 --disable-features=msEnhancedTrackingPreventionEnabled --enable-features=msSingleSignOnOSForPrimaryAccountIsShared --mojo-named-platform-channel-pipe=4520.2356.14068602213966527686\r\nParentUser: SOC-LAB\\nam.user\""},"eventdata":{"utcTime":"2026-10-02 03:07:07.460","processGuid":"{e12a69d9-1fdb-6abf-ee00-000000001700}","processId":"1112","image":"C:\\\\Program Files (x86)\\\\Microsoft\\\\EdgeWebView\\\\Application\\\\154.0.4258.48\\\\msedgewebview2.exe","fileVersion":"154.0.4258.48","description":"Microsoft Edge WebView2","product":"Microsoft Edge WebView2","company":"Microsoft Corporation","originalFileName":"msedgewebview2.exe","commandLine":"\\\"C:\\\\Program Files (x86)\\\\Microsoft\\\\EdgeWebView\\\\Application\\\\154.0.4258.48\\\\msedgewebview2.exe\\\" --type=utility --utility-sub-type=storage.mojom.StorageService --lang=en-US --service-sandbox-type=service --noerrdialogs --user-data-dir=\\\"C:\\\\Users\\\\nam.user\\\\AppData\\\\Local\\\\Packages\\\\Microsoft.MicrosoftOfficeHub_8wekyb3d8bbwe\\\\LocalState\\\\EBWebView\\\" --webview-exe-name=M365Copilot.exe --webview-exe-version=19.2609.52011.0 --embedded-browser-webview=1 --embedded-browser-webview-dpi-awareness=2 --startup-read-main-dll --metrics-shmem-handle=2496,i,15112173325870018323,3728873925778148503,524288 --field-trial-handle=2024,i,17997923285045663805,6945669727337648643,262144 --enable-features=msSingleSignOnOSForPrimaryAccountIsShared --disable-features=msEnhancedTrackingPreventionEnabled --variations-seed-version --pseudonymization-salt-handle=2028,i,10363675654584423323,14711617210225985604,4 --trace-process-track-uuid=3190708990060038890 --mojo-platform-channel-handle=2588 /prefetch:8","currentDirectory":"C:\\\\Program Files (x86)\\\\Microsoft\\\\EdgeWebView\\\\Application\\\\154.0.4258.48\\\\","user":"SOC-LAB\\\\nam.user","logonGuid":"{e12a69d9-1fab-6abf-e90d-090000000000}","logonId":"0x90de9","terminalSessionId":"1","integrityLevel":"Low","hashes":"MD5=6852459A3127B588B72BA0BA000F54E2,SHA256=8454A3B710D8A8A7002AF5F16349FE6214DF14CEC90A2008E4790BF5728C4A3B,IMPHASH=D38C0D5E659AA4EF1F1B1B3C4C20C711","parentProcessGuid":"{e12a69d9-1fda-6abf-e900-000000001700}","parentProcessId":"2468","parentImage":"C:\\\\Program Files (x86)\\\\Microsoft\\\\EdgeWebView\\\\Application\\\\154.0.4258.48\\\\msedgewebview2.exe","parentCommandLine":"\\\"C:\\\\Program Files (x86)\\\\Microsoft\\\\EdgeWebView\\\\Application\\\\154.0.4258.48\\\\msedgewebview2.exe\\\" --embedded-browser-webview=1 --webview-exe-name=M365Copilot.exe --webview-exe-version=19.2609.52011.0 --user-data-dir=\\\"C:\\\\Users\\\\nam.user\\\\AppData\\\\Local\\\\Packages\\\\Microsoft.MicrosoftOfficeHub_8wekyb3d8bbwe\\\\LocalState\\\\EBWebView\\\" --noerrdialogs --embedded-browser-webview-dpi-awareness=2 --disable-features=msEnhancedTrackingPreventionEnabled --enable-features=msSingleSignOnOSForPrimaryAccountIsShared --mojo-named-platform-channel-pipe=4520.2356.14068602213966527686","parentUser":"SOC-LAB\\\\nam.user"}}},"location":"EventChannel"}
{"timestamp":"2026-10-02T03:07:15.165+0000","agent":{"id":"001","name":"SOC-WIN10","ip":"192.168.50.20"},"manager":{"name":"soc-wazuh"},"id":"1790910435.323755","full_log":"{\"win\":{\"system\":{\"providerName\":\"Microsoft-Windows-Sysmon\",\"providerGuid\":\"{5770385f-c22a-43e0-bf4c-06f5698ffbd9}\",\"eventID\":\"1\",\"version\":\"5\",\"level\":\"4\",\"task\":\"1\",\"opcode\":\"0\",\"keywords\":\"0x8000000000000000\",\"systemTime\":\"2026-10-02T03:07:08.0635538Z\",\"eventRecordID\":\"11511\",\"processID\":\"2140\",\"threadID\":\"4056\",\"channel\":\"Microsoft-Windows-Sysmon/Operational\",\"computer\":\"WIN10-01.SOC-LAB.LOCAL\",\"severityValue\":\"INFORMATION\",\"message\":\"\\\"Process Create:\\r\\nRuleName: -\\r\\nUtcTime: 2026-10-02 03:07:08.051\\r\\nProcessGuid: {e12a69d9-1fdc-6abf-ef00-000000001700}\\r\\nProcessId: 7288\\r\\nImage: C:\\\\Program Files (x86)\\\\Microsoft\\\\EdgeWebView\\\\Application\\\\154.0.4258.48\\\\msedgewebview2.exe\\r\\nFileVersion: 154.0.4258.48\\r\\nDescription: Microsoft Edge WebView2\\r\\nProduct: Microsoft Edge WebView2\\r\\nCompany: Microsoft Corporation\\r\\nOriginalFileName: msedgewebview2.exe\\r\\nCommandLine: \\\"C:\\\\Program Files (x86)\\\\Microsoft\\\\EdgeWebView\\\\Application\\\\154.0.4258.48\\\\msedgewebview2.exe\\\" --type=renderer --noerrdialogs --user-data-dir=\\\"C:\\\\Users\\\\nam.user\\\\AppData\\\\Local\\\\Packages\\\\Microsoft.MicrosoftOfficeHub_8wekyb3d8bbwe\\\\LocalState\\\\EBWebView\\\" --webview-exe-name=M365Copilot.exe --webview-exe-version=19.2609.52011.0 --embedded-browser-webview=1 --embedded-browser-webview-dpi-awareness=2 --video-capture-use-gpu-memory-buffer --lang=en-US --js-flags --device-scale-factor=1 --num-raster-threads=1 --renderer-client-id=5 --ram-no-pressure-read-main-dll --launch-time-ticks=75889808 --metrics-shmem-handle=4196,i,5235126766970618863,99066244270268653,1048576 --field-trial-handle=2024,i,17997923285045663805,6945669727337648643,262144 --enable-features=msSingleSignOnOSForPrimaryAccountIsShared --disable-features=msEnhancedTrackingPreventionEnabled --variations-seed-version --pseudonymization-salt-handle=2028,i,10363675654584423323,14711617210225985604,4 --trace-process-track-uuid=3190708990997080739 --mojo-platform-channel-handle=4212 /prefetch:1\\r\\nCurrentDirectory: C:\\\\Program Files (x86)\\\\Microsoft\\\\EdgeWebView\\\\Application\\\\154.0.4258.48\\\\\\r\\nUser: SOC-LAB\\\\nam.user\\r\\nLogonGuid: {e12a69d9-1fab-6abf-e90d-090000000000}\\r\\nLogonId: 0x90DE9\\r\\nTerminalSessionId: 1\\r\\nIntegrityLevel: Low\\r\\nHashes: MD5=6852459A3127B588B72BA0BA000F54E2,SHA256=8454A3B710D8A8A7002AF5F16349FE6214DF14CEC90A2008E4790BF5728C4A3B,IMPHASH=D38C0D5E659AA4EF1F1B1B3C4C20C711\\r\\nParentProcessGuid: {e12a69d9-1fda-6abf-e900-000000001700}\\r\\nParentProcessId: 2468\\r\\nParentImage: C:\\\\Program Files (x86)\\\\Microsoft\\\\EdgeWebView\\\\Application\\\\154.0.4258.48\\\\msedgewebview2.exe\\r\\nParentCommandLine: \\\"C:\\\\Program Files (x86)\\\\Microsoft\\\\EdgeWebView\\\\Application\\\\154.0.4258.48\\\\msedgewebview2.exe\\\" --embedded-browser-webview=1 --webview-exe-name=M365Copilot.exe --webview-exe-version=19.2609.52011.0 --user-data-dir=\\\"C:\\\\Users\\\\nam.user\\\\AppData\\\\Local\\\\Packages\\\\Microsoft.MicrosoftOfficeHub_8wekyb3d8bbwe\\\\LocalState\\\\EBWebView\\\" --noerrdialogs --embedded-browser-webview-dpi-awareness=2 --disable-features=msEnhancedTrackingPreventionEnabled --enable-features=msSingleSignOnOSForPrimaryAccountIsShared --mojo-named-platform-channel-pipe=4520.2356.14068602213966527686\\r\\nParentUser: SOC-LAB\\\\nam.user\\\"\"},\"eventdata\":{\"utcTime\":\"2026-10-02 03:07:08.051\",\"processGuid\":\"{e12a69d9-1fdc-6abf-ef00-000000001700}\",\"processId\":\"7288\",\"image\":\"C:\\\\\\\\Program Files (x86)\\\\\\\\Microsoft\\\\\\\\EdgeWebView\\\\\\\\Application\\\\\\\\154.0.4258.48\\\\\\\\msedgewebview2.exe\",\"fileVersion\":\"154.0.4258.48\",\"description\":\"Microsoft Edge WebView2\",\"product\":\"Microsoft Edge WebView2\",\"company\":\"Microsoft Corporation\",\"originalFileName\":\"msedgewebview2.exe\",\"commandLine\":\"\\\\\\\"C:\\\\\\\\Program Files (x86)\\\\\\\\Microsoft\\\\\\\\EdgeWebView\\\\\\\\Application\\\\\\\\154.0.4258.48\\\\\\\\msedgewebview2.exe\\\\\\\" --type=renderer --noerrdialogs --user-data-dir=\\\\\\\"C:\\\\\\\\Users\\\\\\\\nam.user\\\\\\\\AppData\\\\\\\\Local\\\\\\\\Packages\\\\\\\\Microsoft.MicrosoftOfficeHub_8wekyb3d8bbwe\\\\\\\\LocalState\\\\\\\\EBWebView\\\\\\\" --webview-exe-name=M365Copilot.exe --webview-exe-version=19.2609.52011.0 --embedded-browser-webview=1 --embedded-browser-webview-dpi-awareness=2 --video-capture-use-gpu-memory-buffer --lang=en-US --js-flags --device-scale-factor=1 --num-raster-threads=1 --renderer-client-id=5 --ram-no-pressure-read-main-dll --launch-time-ticks=75889808 --metrics-shmem-handle=4196,i,5235126766970618863,99066244270268653,1048576 --field-trial-handle=2024,i,17997923285045663805,6945669727337648643,262144 --enable-features=msSingleSignOnOSForPrimaryAccountIsShared --disable-features=msEnhancedTrackingPreventionEnabled --variations-seed-version --pseudonymization-salt-handle=2028,i,10363675654584423323,14711617210225985604,4 --trace-process-track-uuid=3190708990997080739 --mojo-platform-channel-handle=4212 /prefetch:1\",\"currentDirectory\":\"C:\\\\\\\\Program Files (x86)\\\\\\\\Microsoft\\\\\\\\EdgeWebView\\\\\\\\Application\\\\\\\\154.0.4258.48\\\\\\\\\",\"user\":\"SOC-LAB\\\\\\\\nam.user\",\"logonGuid\":\"{e12a69d9-1fab-6abf-e90d-090000000000}\",\"logonId\":\"0x90de9\",\"terminalSessionId\":\"1\",\"integrityLevel\":\"Low\",\"hashes\":\"MD5=6852459A3127B588B72BA0BA000F54E2,SHA256=8454A3B710D8A8A7002AF5F16349FE6214DF14CEC90A2008E4790BF5728C4A3B,IMPHASH=D38C0D5E659AA4EF1F1B1B3C4C20C711\",\"parentProcessGuid\":\"{e12a69d9-1fda-6abf-e900-000000001700}\",\"parentProcessId\":\"2468\",\"parentImage\":\"C:\\\\\\\\Program Files (x86)\\\\\\\\Microsoft\\\\\\\\EdgeWebView\\\\\\\\Application\\\\\\\\154.0.4258.48\\\\\\\\msedgewebview2.exe\",\"parentCommandLine\":\"\\\\\\\"C:\\\\\\\\Program Files (x86)\\\\\\\\Microsoft\\\\\\\\EdgeWebView\\\\\\\\Application\\\\\\\\154.0.4258.48\\\\\\\\msedgewebview2.exe\\\\\\\" --embedded-browser-webview=1 --webview-exe-name=M365Copilot.exe --webview-exe-version=19.2609.52011.0 --user-data-dir=\\\\\\\"C:\\\\\\\\Users\\\\\\\\nam.user\\\\\\\\AppData\\\\\\\\Local\\\\\\\\Packages\\\\\\\\Microsoft.MicrosoftOfficeHub_8wekyb3d8bbwe\\\\\\\\LocalState\\\\\\\\EBWebView\\\\\\\" --noerrdialogs --embedded-browser-webview-dpi-awareness=2 --disable-features=msEnhancedTrackingPreventionEnabled --enable-features=msSingleSignOnOSForPrimaryAccountIsShared --mojo-named-platform-channel-pipe=4520.2356.14068602213966527686\",\"parentUser\":\"SOC-LAB\\\\\\\\nam.user\"}}}","decoder":{"name":"windows_eventchannel"},"data":{"win":{"system":{"providerName":"Microsoft-Windows-Sysmon","providerGuid":"{5770385f-c22a-43e0-bf4c-06f5698ffbd9}","eventID":"1","version":"5","level":"4","task":"1","opcode":"0","keywords":"0x8000000000000000","systemTime":"2026-10-02T03:07:08.0635538Z","eventRecordID":"11511","processID":"2140","threadID":"4056","channel":"Microsoft-Windows-Sysmon/Operational","computer":"WIN10-01.SOC-LAB.LOCAL","severityValue":"INFORMATION","message":"\"Process Create:\r\nRuleName: -\r\nUtcTime: 2026-10-02 03:07:08.051\r\nProcessGuid: {e12a69d9-1fdc-6abf-ef00-000000001700}\r\nProcessId: 7288\r\nImage: C:\\Program Files (x86)\\Microsoft\\EdgeWebView\\Application\\154.0.4258.48\\msedgewebview2.exe\r\nFileVersion: 154.0.4258.48\r\nDescription: Microsoft Edge WebView2\r\nProduct: Microsoft Edge WebView2\r\nCompany: Microsoft Corporation\r\nOriginalFileName: msedgewebview2.exe\r\nCommandLine: \"C:\\Program Files (x86)\\Microsoft\\EdgeWebView\\Application\\154.0.4258.48\\msedgewebview2.exe\" --type=renderer --noerrdialogs --user-data-dir=\"C:\\Users\\nam.user\\AppData\\Local\\Packages\\Microsoft.MicrosoftOfficeHub_8wekyb3d8bbwe\\LocalState\\EBWebView\" --webview-exe-name=M365Copilot.exe --webview-exe-version=19.2609.52011.0 --embedded-browser-webview=1 --embedded-browser-webview-dpi-awareness=2 --video-capture-use-gpu-memory-buffer --lang=en-US --js-flags --device-scale-factor=1 --num-raster-threads=1 --renderer-client-id=5 --ram-no-pressure-read-main-dll --launch-time-ticks=75889808 --metrics-shmem-handle=4196,i,5235126766970618863,99066244270268653,1048576 --field-trial-handle=2024,i,17997923285045663805,6945669727337648643,262144 --enable-features=msSingleSignOnOSForPrimaryAccountIsShared --disable-features=msEnhancedTrackingPreventionEnabled --variations-seed-version --pseudonymization-salt-handle=2028,i,10363675654584423323,14711617210225985604,4 --trace-process-track-uuid=3190708990997080739 --mojo-platform-channel-handle=4212 /prefetch:1\r\nCurrentDirectory: C:\\Program Files (x86)\\Microsoft\\EdgeWebView\\Application\\154.0.4258.48\\\r\nUser: SOC-LAB\\nam.user\r\nLogonGuid: {e12a69d9-1fab-6abf-e90d-090000000000}\r\nLogonId: 0x90DE9\r\nTerminalSessionId: 1\r\nIntegrityLevel: Low\r\nHashes: MD5=6852459A3127B588B72BA0BA000F54E2,SHA256=8454A3B710D8A8A7002AF5F16349FE6214DF14CEC90A2008E4790BF5728C4A3B,IMPHASH=D38C0D5E659AA4EF1F1B1B3C4C20C711\r\nParentProcessGuid: {e12a69d9-1fda-6abf-e900-000000001700}\r\nParentProcessId: 2468\r\nParentImage: C:\\Program Files (x86)\\Microsoft\\EdgeWebView\\Application\\154.0.4258.48\\msedgewebview2.exe\r\nParentCommandLine: \"C:\\Program Files (x86)\\Microsoft\\EdgeWebView\\Application\\154.0.4258.48\\msedgewebview2.exe\" --embedded-browser-webview=1 --webview-exe-name=M365Copilot.exe --webview-exe-version=19.2609.52011.0 --user-data-dir=\"C:\\Users\\nam.user\\AppData\\Local\\Packages\\Microsoft.MicrosoftOfficeHub_8wekyb3d8bbwe\\LocalState\\EBWebView\" --noerrdialogs --embedded-browser-webview-dpi-awareness=2 --disable-features=msEnhancedTrackingPreventionEnabled --enable-features=msSingleSignOnOSForPrimaryAccountIsShared --mojo-named-platform-channel-pipe=4520.2356.14068602213966527686\r\nParentUser: SOC-LAB\\nam.user\""},"eventdata":{"utcTime":"2026-10-02 03:07:08.051","processGuid":"{e12a69d9-1fdc-6abf-ef00-000000001700}","processId":"7288","image":"C:\\\\Program Files (x86)\\\\Microsoft\\\\EdgeWebView\\\\Application\\\\154.0.4258.48\\\\msedgewebview2.exe","fileVersion":"154.0.4258.48","description":"Microsoft Edge WebView2","product":"Microsoft Edge WebView2","company":"Microsoft Corporation","originalFileName":"msedgewebview2.exe","commandLine":"\\\"C:\\\\Program Files (x86)\\\\Microsoft\\\\EdgeWebView\\\\Application\\\\154.0.4258.48\\\\msedgewebview2.exe\\\" --type=renderer --noerrdialogs --user-data-dir=\\\"C:\\\\Users\\\\nam.user\\\\AppData\\\\Local\\\\Packages\\\\Microsoft.MicrosoftOfficeHub_8wekyb3d8bbwe\\\\LocalState\\\\EBWebView\\\" --webview-exe-name=M365Copilot.exe --webview-exe-version=19.2609.52011.0 --embedded-browser-webview=1 --embedded-browser-webview-dpi-awareness=2 --video-capture-use-gpu-memory-buffer --lang=en-US --js-flags --device-scale-factor=1 --num-raster-threads=1 --renderer-client-id=5 --ram-no-pressure-read-main-dll --launch-time-ticks=75889808 --metrics-shmem-handle=4196,i,5235126766970618863,99066244270268653,1048576 --field-trial-handle=2024,i,17997923285045663805,6945669727337648643,262144 --enable-features=msSingleSignOnOSForPrimaryAccountIsShared --disable-features=msEnhancedTrackingPreventionEnabled --variations-seed-version --pseudonymization-salt-handle=2028,i,10363675654584423323,14711617210225985604,4 --trace-process-track-uuid=3190708990997080739 --mojo-platform-channel-handle=4212 /prefetch:1","currentDirectory":"C:\\\\Program Files (x86)\\\\Microsoft\\\\EdgeWebView\\\\Application\\\\154.0.4258.48\\\\","user":"SOC-LAB\\\\nam.user","logonGuid":"{e12a69d9-1fab-6abf-e90d-090000000000}","logonId":"0x90de9","terminalSessionId":"1","integrityLevel":"Low","hashes":"MD5=6852459A3127B588B72BA0BA000F54E2,SHA256=8454A3B710D8A8A7002AF5F16349FE6214DF14CEC90A2008E4790BF5728C4A3B,IMPHASH=D38C0D5E659AA4EF1F1B1B3C4C20C711","parentProcessGuid":"{e12a69d9-1fda-6abf-e900-000000001700}","parentProcessId":"2468","parentImage":"C:\\\\Program Files (x86)\\\\Microsoft\\\\EdgeWebView\\\\Application\\\\154.0.4258.48\\\\msedgewebview2.exe","parentCommandLine":"\\\"C:\\\\Program Files (x86)\\\\Microsoft\\\\EdgeWebView\\\\Application\\\\154.0.4258.48\\\\msedgewebview2.exe\\\" --embedded-browser-webview=1 --webview-exe-name=M365Copilot.exe --webview-exe-version=19.2609.52011.0 --user-data-dir=\\\"C:\\\\Users\\\\nam.user\\\\AppData\\\\Local\\\\Packages\\\\Microsoft.MicrosoftOfficeHub_8wekyb3d8bbwe\\\\LocalState\\\\EBWebView\\\" --noerrdialogs --embedded-browser-webview-dpi-awareness=2 --disable-features=msEnhancedTrackingPreventionEnabled --enable-features=msSingleSignOnOSForPrimaryAccountIsShared --mojo-named-platform-channel-pipe=4520.2356.14068602213966527686","parentUser":"SOC-LAB\\\\nam.user"}}},"location":"EventChannel"}
{"timestamp":"2026-10-02T03:07:15.165+0000","agent":{"id":"001","name":"SOC-WIN10","ip":"192.168.50.20"},"manager":{"name":"soc-wazuh"},"id":"1790910435.323755","full_log":"{\"win\":{\"system\":{\"providerName\":\"Microsoft-Windows-Sysmon\",\"providerGuid\":\"{5770385f-c22a-43e0-bf4c-06f5698ffbd9}\",\"eventID\":\"22\",\"version\":\"5\",\"level\":\"4\",\"task\":\"22\",\"opcode\":\"0\",\"keywords\":\"0x8000000000000000\",\"systemTime\":\"2026-10-02T03:07:08.9993006Z\",\"eventRecordID\":\"11512\",\"processID\":\"2140\",\"threadID\":\"4072\",\"channel\":\"Microsoft-Windows-Sysmon/Operational\",\"computer\":\"WIN10-01.SOC-LAB.LOCAL\",\"severityValue\":\"INFORMATION\",\"message\":\"\\\"Dns query:\\r\\nRuleName: -\\r\\nUtcTime: 2026-10-02 03:07:07.818\\r\\nProcessGuid: {e12a69d9-1fdb-6abf-ed00-000000001700}\\r\\nProcessId: 3868\\r\\nQueryName: wpad\\r\\nQueryStatus: 1460\\r\\nQueryResults: -\\r\\nImage: C:\\\\Program Files (x86)\\\\Microsoft\\\\EdgeWebView\\\\Application\\\\154.0.4258.48\\\\msedgewebview2.exe\\r\\nUser: SOC-LAB\\\\nam.user\\\"\"},\"eventdata\":{\"utcTime\":\"2026-10-02 03:07:07.818\",\"processGuid\":\"{e12a69d9-1fdb-6abf-ed00-000000001700}\",\"processId\":\"3868\",\"queryName\":\"wpad\",\"queryStatus\":\"1460\",\"image\":\"C:\\\\\\\\Program Files (x86)\\\\\\\\Microsoft\\\\\\\\EdgeWebView\\\\\\\\Application\\\\\\\\154.0.4258.48\\\\\\\\msedgewebview2.exe\",\"user\":\"SOC-LAB\\\\\\\\nam.user\"}}}","decoder":{"name":"windows_eventchannel"},"data":{"win":{"system":{"providerName":"Microsoft-Windows-Sysmon","providerGuid":"{5770385f-c22a-43e0-bf4c-06f5698ffbd9}","eventID":"22","version":"5","level":"4","task":"22","opcode":"0","keywords":"0x8000000000000000","systemTime":"2026-10-02T03:07:08.9993006Z","eventRecordID":"11512","processID":"2140","threadID":"4072","channel":"Microsoft-Windows-Sysmon/Operational","computer":"WIN10-01.SOC-LAB.LOCAL","severityValue":"INFORMATION","message":"\"Dns query:\r\nRuleName: -\r\nUtcTime: 2026-10-02 03:07:07.818\r\nProcessGuid: {e12a69d9-1fdb-6abf-ed00-000000001700}\r\nProcessId: 3868\r\nQueryName: wpad\r\nQueryStatus: 1460\r\nQueryResults: -\r\nImage: C:\\Program Files (x86)\\Microsoft\\EdgeWebView\\Application\\154.0.4258.48\\msedgewebview2.exe\r\nUser: SOC-LAB\\nam.user\""},"eventdata":{"utcTime":"2026-10-02 03:07:07.818","processGuid":"{e12a69d9-1fdb-6abf-ed00-000000001700}","processId":"3868","queryName":"wpad","queryStatus":"1460","image":"C:\\\\Program Files (x86)\\\\Microsoft\\\\EdgeWebView\\\\Application\\\\154.0.4258.48\\\\msedgewebview2.exe","user":"SOC-LAB\\\\nam.user"}}},"location":"EventChannel"}
{"timestamp":"2026-10-02T03:07:17.849+0000","agent":{"id":"001","name":"SOC-WIN10","ip":"192.168.50.20"},"manager":{"name":"soc-wazuh"},"id":"1790910437.323755","full_log":"{\"win\":{\"system\":{\"providerName\":\"Microsoft-Windows-Sysmon\",\"providerGuid\":\"{5770385f-c22a-43e0-bf4c-06f5698ffbd9}\",\"eventID\":\"22\",\"version\":\"5\",\"level\":\"4\",\"task\":\"22\",\"opcode\":\"0\",\"keywords\":\"0x8000000000000000\",\"systemTime\":\"2026-10-02T03:07:13.7082028Z\",\"eventRecordID\":\"11513\",\"processID\":\"2140\",\"threadID\":\"4072\",\"channel\":\"Microsoft-Windows-Sysmon/Operational\",\"computer\":\"WIN10-01.SOC-LAB.LOCAL\",\"severityValue\":\"INFORMATION\",\"message\":\"\\\"Dns query:\\r\\nRuleName: -\\r\\nUtcTime: 2026-10-02 03:07:12.723\\r\\nProcessGuid: {e12a69d9-1fdb-6abf-ed00-000000001700}\\r\\nProcessId: 3868\\r\\nQueryName: www.microsoft365.com\\r\\nQueryStatus: 1460\\r\\nQueryResults: -\\r\\nImage: C:\\\\Program Files (x86)\\\\Microsoft\\\\EdgeWebView\\\\Application\\\\154.0.4258.48\\\\msedgewebview2.exe\\r\\nUser: SOC-LAB\\\\nam.user\\\"\"},\"eventdata\":{\"utcTime\":\"2026-10-02 03:07:12.723\",\"processGuid\":\"{e12a69d9-1fdb-6abf-ed00-000000001700}\",\"processId\":\"3868\",\"queryName\":\"www.microsoft365.com\",\"queryStatus\":\"1460\",\"image\":\"C:\\\\\\\\Program Files (x86)\\\\\\\\Microsoft\\\\\\\\EdgeWebView\\\\\\\\Application\\\\\\\\154.0.4258.48\\\\\\\\msedgewebview2.exe\",\"user\":\"SOC-LAB\\\\\\\\nam.user\"}}}","decoder":{"name":"windows_eventchannel"},"data":{"win":{"system":{"providerName":"Microsoft-Windows-Sysmon","providerGuid":"{5770385f-c22a-43e0-bf4c-06f5698ffbd9}","eventID":"22","version":"5","level":"4","task":"22","opcode":"0","keywords":"0x8000000000000000","systemTime":"2026-10-02T03:07:13.7082028Z","eventRecordID":"11513","processID":"2140","threadID":"4072","channel":"Microsoft-Windows-Sysmon/Operational","computer":"WIN10-01.SOC-LAB.LOCAL","severityValue":"INFORMATION","message":"\"Dns query:\r\nRuleName: -\r\nUtcTime: 2026-10-02 03:07:12.723\r\nProcessGuid: {e12a69d9-1fdb-6abf-ed00-000000001700}\r\nProcessId: 3868\r\nQueryName: www.microsoft365.com\r\nQueryStatus: 1460\r\nQueryResults: -\r\nImage: C:\\Program Files (x86)\\Microsoft\\EdgeWebView\\Application\\154.0.4258.48\\msedgewebview2.exe\r\nUser: SOC-LAB\\nam.user\""},"eventdata":{"utcTime":"2026-10-02 03:07:12.723","processGuid":"{e12a69d9-1fdb-6abf-ed00-000000001700}","processId":"3868","queryName":"www.microsoft365.com","queryStatus":"1460","image":"C:\\\\Program Files (x86)\\\\Microsoft\\\\EdgeWebView\\\\Application\\\\154.0.4258.48\\\\msedgewebview2.exe","user":"SOC-LAB\\\\nam.user"}}},"location":"EventChannel"}
{"timestamp":"2026-10-02T03:07:26.701+0000","agent":{"id":"001","name":"SOC-WIN10","ip":"192.168.50.20"},"manager":{"name":"soc-wazuh"},"id":"1790910446.327763","full_log":"{\"win\":{\"system\":{\"providerName\":\"Microsoft-Windows-Sysmon\",\"providerGuid\":\"{5770385f-c22a-43e0-bf4c-06f5698ffbd9}\",\"eventID\":\"1\",\"version\":\"5\",\"level\":\"4\",\"task\":\"1\",\"opcode\":\"0\",\"keywords\":\"0x8000000000000000\",\"systemTime\":\"2026-10-02T03:07:24.7201979Z\",\"eventRecordID\":\"11514\",\"processID\":\"2140\",\"threadID\":\"4056\",\"channel\":\"Microsoft-Windows-Sysmon/Operational\",\"computer\":\"WIN10-01.SOC-LAB.LOCAL\",\"severityValue\":\"INFORMATION\",\"message\":\"\\\"Process Create:\\r\\nRuleName: -\\r\\nUtcTime: 2026-10-02 03:07:24.693\\r\\nProcessGuid: {e12a69d9-1fec-6abf-f100-000000001700}\\r\\nProcessId: 7532\\r\\nImage: C:\\\\Program Files (x86)\\\\Microsoft\\\\EdgeUpdate\\\\MicrosoftEdgeUpdate.exe\\r\\nFileVersion: 1.3.271.7\\r\\nDescription: Microsoft Edge Update\\r\\nProduct: Microsoft Edge Update\\r\\nCompany: Microsoft Corporation\\r\\nOriginalFileName: MicrosoftEdgeUpdate.exe\\r\\nCommandLine: \\\"C:\\\\Program Files (x86)\\\\Microsoft\\\\EdgeUpdate\\\\MicrosoftEdgeUpdate.exe\\\" /c\\r\\nCurrentDirectory: C:\\\\Windows\\\\system32\\\\\\r\\nUser: NT AUTHORITY\\\\SYSTEM\\r\\nLogonGuid: {e12a69d9-1f98-6abf-e703-000000000000}\\r\\nLogonId: 0x3E7\\r\\nTerminalSessionId: 0\\r\\nIntegrityLevel: System\\r\\nHashes: MD5=5773A83436600F9CC768C646385AF4FE,SHA256=5497DD84321887D18B62FAE35689EA4A7D07CAD7840853B2BB50BBF7BFAC365E,IMPHASH=CD3B2D99C6655A5D4A14E30E380F5BF9\\r\\nParentProcessGuid: {e12a69d9-1f98-6abf-1700-000000001700}\\r\\nParentProcessId: 988\\r\\nParentImage: C:\\\\Windows\\\\System32\\\\svchost.exe\\r\\nParentCommandLine: C:\\\\Windows\\\\system32\\\\svchost.exe -k netsvcs -p\\r\\nParentUser: NT AUTHORITY\\\\SYSTEM\\\"\"},\"eventdata\":{\"utcTime\":\"2026-10-02 03:07:24.693\",\"processGuid\":\"{e12a69d9-1fec-6abf-f100-000000001700}\",\"processId\":\"7532\",\"image\":\"C:\\\\\\\\Program Files (x86)\\\\\\\\Microsoft\\\\\\\\EdgeUpdate\\\\\\\\MicrosoftEdgeUpdate.exe\",\"fileVersion\":\"1.3.271.7\",\"description\":\"Microsoft Edge Update\",\"product\":\"Microsoft Edge Update\",\"company\":\"Microsoft Corporation\",\"originalFileName\":\"MicrosoftEdgeUpdate.exe\",\"commandLine\":\"\\\\\\\"C:\\\\\\\\Program Files (x86)\\\\\\\\Microsoft\\\\\\\\EdgeUpdate\\\\\\\\MicrosoftEdgeUpdate.exe\\\\\\\" /c\",\"currentDirectory\":\"C:\\\\\\\\Windows\\\\\\\\system32\\\\\\\\\",\"user\":\"NT AUTHORITY\\\\\\\\SYSTEM\",\"logonGuid\":\"{e12a69d9-1f98-6abf-e703-000000000000}\",\"logonId\":\"0x3e7\",\"terminalSessionId\":\"0\",\"integrityLevel\":\"System\",\"hashes\":\"MD5=5773A83436600F9CC768C646385AF4FE,SHA256=5497DD84321887D18B62FAE35689EA4A7D07CAD7840853B2BB50BBF7BFAC365E,IMPHASH=CD3B2D99C6655A5D4A14E30E380F5BF9\",\"parentProcessGuid\":\"{e12a69d9-1f98-6abf-1700-000000001700}\",\"parentProcessId\":\"988\",\"parentImage\":\"C:\\\\\\\\Windows\\\\\\\\System32\\\\\\\\svchost.exe\",\"parentCommandLine\":\"C:\\\\\\\\Windows\\\\\\\\system32\\\\\\\\svchost.exe -k netsvcs -p\",\"parentUser\":\"NT AUTHORITY\\\\\\\\SYSTEM\"}}}","decoder":{"name":"windows_eventchannel"},"data":{"win":{"system":{"providerName":"Microsoft-Windows-Sysmon","providerGuid":"{5770385f-c22a-43e0-bf4c-06f5698ffbd9}","eventID":"1","version":"5","level":"4","task":"1","opcode":"0","keywords":"0x8000000000000000","systemTime":"2026-10-02T03:07:24.7201979Z","eventRecordID":"11514","processID":"2140","threadID":"4056","channel":"Microsoft-Windows-Sysmon/Operational","computer":"WIN10-01.SOC-LAB.LOCAL","severityValue":"INFORMATION","message":"\"Process Create:\r\nRuleName: -\r\nUtcTime: 2026-10-02 03:07:24.693\r\nProcessGuid: {e12a69d9-1fec-6abf-f100-000000001700}\r\nProcessId: 7532\r\nImage: C:\\Program Files (x86)\\Microsoft\\EdgeUpdate\\MicrosoftEdgeUpdate.exe\r\nFileVersion: 1.3.271.7\r\nDescription: Microsoft Edge Update\r\nProduct: Microsoft Edge Update\r\nCompany: Microsoft Corporation\r\nOriginalFileName: MicrosoftEdgeUpdate.exe\r\nCommandLine: \"C:\\Program Files (x86)\\Microsoft\\EdgeUpdate\\MicrosoftEdgeUpdate.exe\" /c\r\nCurrentDirectory: C:\\Windows\\system32\\\r\nUser: NT AUTHORITY\\SYSTEM\r\nLogonGuid: {e12a69d9-1f98-6abf-e703-000000000000}\r\nLogonId: 0x3E7\r\nTerminalSessionId: 0\r\nIntegrityLevel: System\r\nHashes: MD5=5773A83436600F9CC768C646385AF4FE,SHA256=5497DD84321887D18B62FAE35689EA4A7D07CAD7840853B2BB50BBF7BFAC365E,IMPHASH=CD3B2D99C6655A5D4A14E30E380F5BF9\r\nParentProcessGuid: {e12a69d9-1f98-6abf-1700-000000001700}\r\nParentProcessId: 988\r\nParentImage: C:\\Windows\\System32\\svchost.exe\r\nParentCommandLine: C:\\Windows\\system32\\svchost.exe -k netsvcs -p\r\nParentUser: NT AUTHORITY\\SYSTEM\""},"eventdata":{"utcTime":"2026-10-02 03:07:24.693","processGuid":"{e12a69d9-1fec-6abf-f100-000000001700}","processId":"7532","image":"C:\\\\Program Files (x86)\\\\Microsoft\\\\EdgeUpdate\\\\MicrosoftEdgeUpdate.exe","fileVersion":"1.3.271.7","description":"Microsoft Edge Update","product":"Microsoft Edge Update","company":"Microsoft Corporation","originalFileName":"MicrosoftEdgeUpdate.exe","commandLine":"\\\"C:\\\\Program Files (x86)\\\\Microsoft\\\\EdgeUpdate\\\\MicrosoftEdgeUpdate.exe\\\" /c","currentDirectory":"C:\\\\Windows\\\\system32\\\\","user":"NT AUTHORITY\\\\SYSTEM","logonGuid":"{e12a69d9-1f98-6abf-e703-000000000000}","logonId":"0x3e7","terminalSessionId":"0","integrityLevel":"System","hashes":"MD5=5773A83436600F9CC768C646385AF4FE,SHA256=5497DD84321887D18B62FAE35689EA4A7D07CAD7840853B2BB50BBF7BFAC365E,IMPHASH=CD3B2D99C6655A5D4A14E30E380F5BF9","parentProcessGuid":"{e12a69d9-1f98-6abf-1700-000000001700}","parentProcessId":"988","parentImage":"C:\\\\Windows\\\\System32\\\\svchost.exe","parentCommandLine":"C:\\\\Windows\\\\system32\\\\svchost.exe -k netsvcs -p","parentUser":"NT AUTHORITY\\\\SYSTEM"}}},"location":"EventChannel"}
