{"timestamp":"2026-10-02T03:06:52.896+0000","agent":{"id":"001","name":"SOC-WIN10","ip":"192.168.50.20"},"manager":{"name":"soc-wazuh"},"id":"1790910412.319068","full_log":"{\"win\":{\"system\":{\"providerName\":\"Microsoft-Windows-Sysmon\",\"providerGuid\":\"{5770385f-c22a-43e0-bf4c-06f5698ffbd9}\",\"eventID\":\"1\",\"version\":\"5\",\"level\":\"4\",\"task\":\"1\",\"opcode\":\"0\",\"keywords\":\"0x8000000000000000\",\"systemTime\":\"2026-10-02T03:06:48.6337550Z\",\"eventRecordID\":\"11477\",\"processID\":\"2140\",\"threadID\":\"4056\",\"channel\":\"Microsoft-Windows-Sysmon/Operational\",\"computer\":\"WIN10-01.SOC-LAB.LOCAL\",\"severityValue\":\"INFORMATION\",\"message\":\"\\\"Process Create:\\r\\nRuleName: -\\r\\nUtcTime: 2026-10-02 03:06:48.540\\r\\nProcessGuid: {e12a69d9-1fc8-6abf-d800-000000001700}\\r\\nProcessId: 7156\\r\\nImage: C:\\\\Program Files (x86)\\\\Microsoft\\\\Edge\\\\Application\\\\msedge.exe\\r\\nFileVersion: 154.0.4258.37\\r\\nDescription: Microsoft Edge\\r\\nProduct: Microsoft Edge\\r\\nCompany: Microsoft Corporation\\r\\nOriginalFileName: msedge.exe\\r\\nCommandLine: \\\"C:\\\\Program Files (x86)\\\\Microsoft\\\\Edge\\\\Application\\\\msedge.exe\\\" --no-startup-window --win-session-start\\r\\nCurrentDirectory: C:\\\\Windows\\\\system32\\\\\\r\\nUser: SOC-LAB\\\\nam.user\\r\\nLogonGuid: {e12a69d9-1fab-6abf-e90d-090000000000}\\r\\nLogonId: 0x90DE9\\r\\nTerminalSessionId: 1\\r\\nIntegrityLevel: Medium\\r\\nHashes: MD5=81D8709CD0506B6FEE954721DFDC0CD9,SHA256=F530BAFCDB7E529BD21DD8BE46E20C82B5C70FA0FFD770FE4C45A5C2C054C211,IMPHASH=D38C0D5E659AA4EF1F1B1B3C4C20C711\\r\\nParentProcessGuid: {e12a69d9-1fb1-6abf-8900-000000001700}\\r\\nParentProcessId: 4652\\r\\nParentImage: C:\\\\Windows\\\\explorer.exe\\r\\nParentCommandLine: C:\\\\Windows\\\\Explorer.EXE\\r\\nParentUser: SOC-LAB\\\\nam.user\\\"\"},\"eventdata\":{\"utcTime\":\"2026-10-02 03:06:48.540\",\"processGuid\":\"{e12a69d9-1fc8-6abf-d800-000000001700}\",\"processId\":\"7156\",\"image\":\"C:\\\\\\\\Program Files (x86)\\\\\\\\Microsoft\\\\\\\\Edge\\\\\\\\Application\\\\\\\\msedge.exe\",\"fileVersion\":\"154.0.4258.37\",\"description\":\"Microsoft Edge\",\"product\":\"Microsoft Edge\",\"company\":\"Microsoft Corporation\",\"originalFileName\":\"msedge.exe\",\"commandLine\":\"\\\\\\\"C:\\\\\\\\Program Files (x86)\\\\\\\\Microsoft\\\\\\\\Edge\\\\\\\\Application\\\\\\\\msedge.exe\\\\\\\" --no-startup-window --win-session-start\",\"currentDirectory\":\"C:\\\\\\\\Windows\\\\\\\\system32\\\\\\\\\",\"user\":\"SOC-LAB\\\\\\\\nam.user\",\"logonGuid\":\"{e12a69d9-1fab-6abf-e90d-090000000000}\",\"logonId\":\"0x90de9\",\"terminalSessionId\":\"1\",\"integrityLevel\":\"Medium\",\"hashes\":\"MD5=81D8709CD0506B6FEE954721DFDC0CD9,SHA256=F530BAFCDB7E529BD21DD8BE46E20C82B5C70FA0FFD770FE4C45A5C2C054C211,IMPHASH=D38C0D5E659AA4EF1F1B1B3C4C20C711\",\"parentProcessGuid\":\"{e12a69d9-1fb1-6abf-8900-000000001700}\",\"parentProcessId\":\"4652\",\"parentImage\":\"C:\\\\\\\\Windows\\\\\\\\explorer.exe\",\"parentCommandLine\":\"C:\\\\\\\\Windows\\\\\\\\Explorer.EXE\",\"parentUser\":\"SOC-LAB\\\\\\\\nam.user\"}}}","decoder":{"name":"windows_eventchannel"},"data":{"win":{"system":{"providerName":"Microsoft-Windows-Sysmon","providerGuid":"{5770385f-c22a-43e0-bf4c-06f5698ffbd9}","eventID":"1","version":"5","level":"4","task":"1","opcode":"0","keywords":"0x8000000000000000","systemTime":"2026-10-02T03:06:48.6337550Z","eventRecordID":"11477","processID":"2140","threadID":"4056","channel":"Microsoft-Windows-Sysmon/Operational","computer":"WIN10-01.SOC-LAB.LOCAL","severityValue":"INFORMATION","message":"\"Process Create:\r\nRuleName: -\r\nUtcTime: 2026-10-02 03:06:48.540\r\nProcessGuid: {e12a69d9-1fc8-6abf-d800-000000001700}\r\nProcessId: 7156\r\nImage: C:\\Program Files (x86)\\Microsoft\\Edge\\Application\\msedge.exe\r\nFileVersion: 154.0.4258.37\r\nDescription: Microsoft Edge\r\nProduct: Microsoft Edge\r\nCompany: Microsoft Corporation\r\nOriginalFileName: msedge.exe\r\nCommandLine: \"C:\\Program Files (x86)\\Microsoft\\Edge\\Application\\msedge.exe\" --no-startup-window --win-session-start\r\nCurrentDirectory: C:\\Windows\\system32\\\r\nUser: SOC-LAB\\nam.user\r\nLogonGuid: {e12a69d9-1fab-6abf-e90d-090000000000}\r\nLogonId: 0x90DE9\r\nTerminalSessionId: 1\r\nIntegrityLevel: Medium\r\nHashes: MD5=81D8709CD0506B6FEE954721DFDC0CD9,SHA256=F530BAFCDB7E529BD21DD8BE46E20C82B5C70FA0FFD770FE4C45A5C2C054C211,IMPHASH=D38C0D5E659AA4EF1F1B1B3C4C20C711\r\nParentProcessGuid: {e12a69d9-1fb1-6abf-8900-000000001700}\r\nParentProcessId: 4652\r\nParentImage: C:\\Windows\\explorer.exe\r\nParentCommandLine: C:\\Windows\\Explorer.EXE\r\nParentUser: SOC-LAB\\nam.user\""},"eventdata":{"utcTime":"2026-10-02 03:06:48.540","processGuid":"{e12a69d9-1fc8-6abf-d800-000000001700}","processId":"7156","image":"C:\\\\Program Files (x86)\\\\Microsoft\\\\Edge\\\\Application\\\\msedge.exe","fileVersion":"154.0.4258.37","description":"Microsoft Edge","product":"Microsoft Edge","company":"Microsoft Corporation","originalFileName":"msedge.exe","commandLine":"\\\"C:\\\\Program Files (x86)\\\\Microsoft\\\\Edge\\\\Application\\\\msedge.exe\\\" --no-startup-window --win-session-start","currentDirectory":"C:\\\\Windows\\\\system32\\\\","user":"SOC-LAB\\\\nam.user","logonGuid":"{e12a69d9-1fab-6abf-e90d-090000000000}","logonId":"0x90de9","terminalSessionId":"1","integrityLevel":"Medium","hashes":"MD5=81D8709CD0506B6FEE954721DFDC0CD9,SHA256=F530BAFCDB7E529BD21DD8BE46E20C82B5C70FA0FFD770FE4C45A5C2C054C211,IMPHASH=D38C0D5E659AA4EF1F1B1B3C4C20C711","parentProcessGuid":"{e12a69d9-1fb1-6abf-8900-000000001700}","parentProcessId":"4652","parentImage":"C:\\\\Windows\\\\explorer.exe","parentCommandLine":"C:\\\\Windows\\\\Explorer.EXE","parentUser":"SOC-LAB\\\\nam.user"}}},"location":"EventChannel"}
{"timestamp":"2026-10-02T03:06:57.201+0000","agent":{"id":"001","name":"SOC-WIN10","ip":"192.168.50.20"},"manager":{"name":"soc-wazuh"},"id":"1790910417.319068","full_log":"{\"win\":{\"system\":{\"providerName\":\"Microsoft-Windows-Sysmon\",\"providerGuid\":\"{5770385f-c22a-43e0-bf4c-06f5698ffbd9}\",\"eventID\":\"1\",\"version\":\"5\",\"level\":\"4\",\"task\":\"1\",\"opcode\":\"0\",\"keywords\":\"0x8000000000000000\",\"systemTime\":\"2026-10-02T03:06:50.6096620Z\",\"eventRecordID\":\"11478\",\"processID\":\"2140\",\"threadID\":\"4056\",\"channel\":\"Microsoft-Windows-Sysmon/Operational\",\"computer\":\"WIN10-01.SOC-LAB.LOCAL\",\"severityValue\":\"INFORMATION\",\"message\":\"\\\"Process Create:\\r\\nRuleName: -\\r\\nUtcTime: 2026-10-02 03:06:50.394\\r\\nProcessGuid: {e12a69d9-1fca-6abf-da00-000000001700}\\r\\nProcessId: 3668\\r\\nImage: C:\\\\Users\\\\nam.user\\\\AppData\\\\Local\\\\Microsoft\\\\OneDrive\\\\26.168.0830.0006\\\\FileCoAuth.exe\\r\\nFileVersion: 26.168.0830.0006\\r\\nDescription: Microsoft OneDriveFile Co-Authoring Executable\\r\\nProduct: Microsoft OneDrive\\r\\nCompany: Microsoft Corporation\\r\\nOriginalFileName: FileCoAuth.exe\\r\\nCommandLine: \\\"C:\\\\Users\\\\nam.user\\\\AppData\\\\Local\\\\Microsoft\\\\OneDrive\\\\26.168.0830.0006\\\\FileCoAuth.exe\\\" -Embedding\\r\\nCurrentDirectory: C:\\\\Windows\\\\system32\\\\\\r\\nUser: SOC-LAB\\\\nam.user\\r\\nLogonGuid: {e12a69d9-1fab-6abf-e90d-090000000000}\\r\\nLogonId: 0x90DE9\\r\\nTerminalSessionId: 1\\r\\nIntegrityLevel: Medium\\r\\nHashes: MD5=E2F3EBE3F174FE8BB680C5E088F8F37A,SHA256=BDB3127A6FE35988B2F13196230938D3412C27F9F2BE2A23CAAB1B000021532F,IMPHASH=2FCD3B053AEEECD5E9AFB82BA51EF844\\r\\nParentProcessGuid: {e12a69d9-1f98-6abf-0f00-000000001700}\\r\\nParentProcessId: 812\\r\\nParentImage: C:\\\\Windows\\\\System32\\\\svchost.exe\\r\\nParentCommandLine: C:\\\\Windows\\\\system32\\\\svchost.exe -k DcomLaunch -p\\r\\nParentUser: NT AUTHORITY\\\\SYSTEM\\\"\"},\"eventdata\":{\"utcTime\":\"2026-10-02 03:06:50.394\",\"processGuid\":\"{e12a69d9-1fca-6abf-da00-000000001700}\",\"processId\":\"3668\",\"image\":\"C:\\\\\\\\Users\\\\\\\\nam.user\\\\\\\\AppData\\\\\\\\Local\\\\\\\\Microsoft\\\\\\\\OneDrive\\\\\\\\26.168.0830.0006\\\\\\\\FileCoAuth.exe\",\"fileVersion\":\"26.168.0830.0006\",\"description\":\"Microsoft OneDriveFile Co-Authoring Executable\",\"product\":\"Microsoft OneDrive\",\"company\":\"Microsoft Corporation\",\"originalFileName\":\"FileCoAuth.exe\",\"commandLine\":\"\\\\\\\"C:\\\\\\\\Users\\\\\\\\nam.user\\\\\\\\AppData\\\\\\\\Local\\\\\\\\Microsoft\\\\\\\\OneDrive\\\\\\\\26.168.0830.0006\\\\\\\\FileCoAuth.exe\\\\\\\" -Embedding\",\"currentDirectory\":\"C:\\\\\\\\Windows\\\\\\\\system32\\\\\\\\\",\"user\":\"SOC-LAB\\\\\\\\nam.user\",\"logonGuid\":\"{e12a69d9-1fab-6abf-e90d-090000000000}\",\"logonId\":\"0x90de9\",\"terminalSessionId\":\"1\",\"integrityLevel\":\"Medium\",\"hashes\":\"MD5=E2F3EBE3F174FE8BB680C5E088F8F37A,SHA256=BDB3127A6FE35988B2F13196230938D3412C27F9F2BE2A23CAAB1B000021532F,IMPHASH=2FCD3B053AEEECD5E9AFB82BA51EF844\",\"parentProcessGuid\":\"{e12a69d9-1f98-6abf-0f00-000000001700}\",\"parentProcessId\":\"812\",\"parentImage\":\"C:\\\\\\\\Windows\\\\\\\\System32\\\\\\\\svchost.exe\",\"parentCommandLine\":\"C:\\\\\\\\Windows\\\\\\\\system32\\\\\\\\svchost.exe -k DcomLaunch -p\",\"parentUser\":\"NT AUTHORITY\\\\\\\\SYSTEM\"}}}","decoder":{"name":"windows_eventchannel"},"data":{"win":{"system":{"providerName":"Microsoft-Windows-Sysmon","providerGuid":"{5770385f-c22a-43e0-bf4c-06f5698ffbd9}","eventID":"1","version":"5","level":"4","task":"1","opcode":"0","keywords":"0x8000000000000000","systemTime":"2026-10-02T03:06:50.6096620Z","eventRecordID":"11478","processID":"2140","threadID":"4056","channel":"Microsoft-Windows-Sysmon/Operational","computer":"WIN10-01.SOC-LAB.LOCAL","severityValue":"INFORMATION","message":"\"Process Create:\r\nRuleName: -\r\nUtcTime: 2026-10-02 03:06:50.394\r\nProcessGuid: {e12a69d9-1fca-6abf-da00-000000001700}\r\nProcessId: 3668\r\nImage: C:\\Users\\nam.user\\AppData\\Local\\Microsoft\\OneDrive\\26.168.0830.0006\\FileCoAuth.exe\r\nFileVersion: 26.168.0830.0006\r\nDescription: Microsoft OneDriveFile Co-Authoring Executable\r\nProduct: Microsoft OneDrive\r\nCompany: Microsoft Corporation\r\nOriginalFileName: FileCoAuth.exe\r\nCommandLine: \"C:\\Users\\nam.user\\AppData\\Local\\Microsoft\\OneDrive\\26.168.0830.0006\\FileCoAuth.exe\" -Embedding\r\nCurrentDirectory: C:\\Windows\\system32\\\r\nUser: SOC-LAB\\nam.user\r\nLogonGuid: {e12a69d9-1fab-6abf-e90d-090000000000}\r\nLogonId: 0x90DE9\r\nTerminalSessionId: 1\r\nIntegrityLevel: Medium\r\nHashes: MD5=E2F3EBE3F174FE8BB680C5E088F8F37A,SHA256=BDB3127A6FE35988B2F13196230938D3412C27F9F2BE2A23CAAB1B000021532F,IMPHASH=2FCD3B053AEEECD5E9AFB82BA51EF844\r\nParentProcessGuid: {e12a69d9-1f98-6abf-0f00-000000001700}\r\nParentProcessId: 812\r\nParentImage: C:\\Windows\\System32\\svchost.exe\r\nParentCommandLine: C:\\Windows\\system32\\svchost.exe -k DcomLaunch -p\r\nParentUser: NT AUTHORITY\\SYSTEM\""},"eventdata":{"utcTime":"2026-10-02 03:06:50.394","processGuid":"{e12a69d9-1fca-6abf-da00-000000001700}","processId":"3668","image":"C:\\\\Users\\\\nam.user\\\\AppData\\\\Local\\\\Microsoft\\\\OneDrive\\\\26.168.0830.0006\\\\FileCoAuth.exe","fileVersion":"26.168.0830.0006","description":"Microsoft OneDriveFile Co-Authoring Executable","product":"Microsoft OneDrive","company":"Microsoft Corporation","originalFileName":"FileCoAuth.exe","commandLine":"\\\"C:\\\\Users\\\\nam.user\\\\AppData\\\\Local\\\\Microsoft\\\\OneDrive\\\\26.168.0830.0006\\\\FileCoAuth.exe\\\" -Embedding","currentDirectory":"C:\\\\Windows\\\\system32\\\\","user":"SOC-LAB\\\\nam.user","logonGuid":"{e12a69d9-1fab-6abf-e90d-090000000000}","logonId":"0x90de9","terminalSessionId":"1","integrityLevel":"Medium","hashes":"MD5=E2F3EBE3F174FE8BB680C5E088F8F37A,SHA256=BDB3127A6FE35988B2F13196230938D3412C27F9F2BE2A23CAAB1B000021532F,IMPHASH=2FCD3B053AEEECD5E9AFB82BA51EF844","parentProcessGuid":"{e12a69d9-1f98-6abf-0f00-000000001700}","parentProcessId":"812","parentImage":"C:\\\\Windows\\\\System32\\\\svchost.exe","parentCommandLine":"C:\\\\Windows\\\\system32\\\\svchost.exe -k DcomLaunch -p","parentUser":"NT AUTHORITY\\\\SYSTEM"}}},"location":"EventChannel"}
{"timestamp":"2026-10-02T03:06:59.039+0000","agent":{"id":"001","name":"SOC-WIN10","ip":"192.168.50.20"},"manager":{"name":"soc-wazuh"},"id":"1790910419.319068","full_log":"{\"win\":{\"system\":{\"providerName\":\"Microsoft-Windows-Sysmon\",\"providerGuid\":\"{5770385f-c22a-43e0-bf4c-06f5698ffbd9}\",\"eventID\":\"13\",\"version\":\"2\",\"level\":\"4\",\"task\":\"13\",\"opcode\":\"0\",\"keywords\":\"0x8000000000000000\",\"systemTime\":\"2026-10-02T03:06:50.8044209Z\",\"eventRecordID\":\"11479\",\"processID\":\"2140\",\"threadID\":\"4056\",\"channel\":\"Microsoft-Windows-Sysmon/Operational\",\"computer\":\"WIN10-01.SOC-LAB.LOCAL\",\"severityValue\":\"INFORMATION\",\"message\":\"\\\"Registry value set:\\r\\nRuleName: T1042\\r\\nEventType: SetValue\\r\\nUtcTime: 2026-10-02 03:06:50.769\\r\\nProcessGuid: {e12a69d9-1fc5-6abf-d700-000000001700}\\r\\nProcessId: 7028\\r\\nImage: C:\\\\Users\\\\nam.user\\\\AppData\\\\Local\\\\Microsoft\\\\OneDrive\\\\OneDrive.exe\\r\\nTargetObject: HKU\\\\S-1-5-21-1324826322-2293316327-2538204677-1108_Classes\\\\grvopen\\\\shell\\\\open\\\\command\\\\(Default)\\r\\nDetails: \\\"C:\\\\Users\\\\nam.user\\\\AppData\\\\Local\\\\Microsoft\\\\OneDrive\\\\OneDrive.exe\\\" /url:\\\"Incorrect function.\\\"\\r\\nUser: SOC-LAB\\\\nam.user\\\"\"},\"eventdata\":{\"ruleName\":\"T1042\",\"eventType\":\"SetValue\",\"utcTime\":\"2026-10-02 03:06:50.769\",\"processGuid\":\"{e12a69d9-1fc5-6abf-d700-000000001700}\",\"processId\":\"7028\",\"image\":\"C:\\\\\\\\Users\\\\\\\\nam.user\\\\\\\\AppData\\\\\\\\Local\\\\\\\\Microsoft\\\\\\\\OneDrive\\\\\\\\OneDrive.exe\",\"targetObject\":\"HKU\\\\\\\\S-1-5-21-1324826322-2293316327-2538204677-1108_Classes\\\\\\\\grvopen\\\\\\\\shell\\\\\\\\open\\\\\\\\command\\\\\\\\(Default)\",\"details\":\"\\\\\\\"C:\\\\\\\\Users\\\\\\\\nam.user\\\\\\\\AppData\\\\\\\\Local\\\\\\\\Microsoft\\\\\\\\OneDrive\\\\\\\\OneDrive.exe\\\\\\\" /url:\\\\\\\"%%1\\\\\\\"\",\"user\":\"SOC-LAB\\\\\\\\nam.user\"}}}","decoder":{"name":"windows_eventchannel"},"data":{"win":{"system":{"providerName":"Microsoft-Windows-Sysmon","providerGuid":"{5770385f-c22a-43e0-bf4c-06f5698ffbd9}","eventID":"13","version":"2","level":"4","task":"13","opcode":"0","keywords":"0x8000000000000000","systemTime":"2026-10-02T03:06:50.8044209Z","eventRecordID":"11479","processID":"2140","threadID":"4056","channel":"Microsoft-Windows-Sysmon/Operational","computer":"WIN10-01.SOC-LAB.LOCAL","severityValue":"INFORMATION","message":"\"Registry value set:\r\nRuleName: T1042\r\nEventType: SetValue\r\nUtcTime: 2026-10-02 03:06:50.769\r\nProcessGuid: {e12a69d9-1fc5-6abf-d700-000000001700}\r\nProcessId: 7028\r\nImage: C:\\Users\\nam.user\\AppData\\Local\\Microsoft\\OneDrive\\OneDrive.exe\r\nTargetObject: HKU\\S-1-5-21-1324826322-2293316327-2538204677-1108_Classes\\grvopen\\shell\\open\\command\\(Default)\r\nDetails: \"C:\\Users\\nam.user\\AppData\\Local\\Microsoft\\OneDrive\\OneDrive.exe\" /url:\"Incorrect function.\"\r\nUser: SOC-LAB\\nam.user\""},"eventdata":{"ruleName":"T1042","eventType":"SetValue","utcTime":"2026-10-02 03:06:50.769","processGuid":"{e12a69d9-1fc5-6abf-d700-000000001700}","processId":"7028","image":"C:\\\\Users\\\\nam.user\\\\AppData\\\\Local\\\\Microsoft\\\\OneDrive\\\\OneDrive.exe","targetObject":"HKU\\\\S-1-5-21-1324826322-2293316327-2538204677-1108_Classes\\\\grvopen\\\\shell\\\\open\\\\command\\\\(Default)","details":"\\\"C:\\\\Users\\\\nam.user\\\\AppData\\\\Local\\\\Microsoft\\\\OneDrive\\\\OneDrive.exe\\\" /url:\\\"%%1\\\"","user":"SOC-LAB\\\\nam.user"}}},"location":"EventChannel"}
{"timestamp":"2026-10-02T03:06:59.304+0000","agent":{"id":"001","name":"SOC-WIN10","ip":"192.168.50.20"},"manager":{"name":"soc-wazuh"},"id":"1790910419.319068","full_log":"{\"win\":{\"system\":{\"providerName\":\"Microsoft-Windows-Sysmon\",\"providerGuid\":\"{5770385f-c22a-43e0-bf4c-06f5698ffbd9}\",\"eventID\":\"13\",\"version\":\"2\",\"level\":\"4\",\"task\":\"13\",\"opcode\":\"0\",\"keywords\":\"0x8000000000000000\",\"systemTime\":\"2026-10-02T03:06:50.8044784Z\",\"eventRecordID\":\"11480\",\"processID\":\"2140\",\"threadID\":\"4056\",\"channel\":\"Microsoft-Windows-Sysmon/Operational\",\"computer\":\"WIN10-01.SOC-LAB.LOCAL\",\"severityValue\":\"INFORMATION\",\"message\":\"\\\"Registry value set:\\r\\nRuleName: T1042\\r\\nEventType: SetValue\\r\\nUtcTime: 2026-10-02 03:06:50.769\\r\\nProcessGuid: {e12a69d9-1fc5-6abf-d700-000000001700}\\r\\nProcessId: 7028\\r\\nImage: C:\\\\Users\\\\nam.user\\\\AppData\\\\Local\\\\Microsoft\\\\OneDrive\\\\OneDrive.exe\\r\\nTargetObject: HKU\\\\S-1-5-21-1324826322-2293316327-2538204677-1108_Classes\\\\grvopen\\\\shell\\\\open\\\\command\\\\(Default)\\r\\nDetails: \\\"C:\\\\Users\\\\nam.user\\\\AppData\\\\Local\\\\Microsoft\\\\OneDrive\\\\OneDrive.exe\\\" /url:\\\"Incorrect function.\\\"\\r\\nUser: SOC-LAB\\\\nam.user\\\"\"},\"eventdata\":{\"ruleName\":\"T1042\",\"eventType\":\"SetValue\",\"utcTime\":\"2026-10-02 03:06:50.769\",\"processGuid\":\"{e12a69d9-1fc5-6abf-d700-000000001700}\",\"processId\":\"7028\",\"image\":\"C:\\\\\\\\Users\\\\\\\\nam.user\\\\\\\\AppData\\\\\\\\Local\\\\\\\\Microsoft\\\\\\\\OneDrive\\\\\\\\OneDrive.exe\",\"targetObject\":\"HKU\\\\\\\\S-1-5-21-1324826322-2293316327-2538204677-1108_Classes\\\\\\\\grvopen\\\\\\\\shell\\\\\\\\open\\\\\\\\command\\\\\\\\(Default)\",\"details\":\"\\\\\\\"C:\\\\\\\\Users\\\\\\\\nam.user\\\\\\\\AppData\\\\\\\\Local\\\\\\\\Microsoft\\\\\\\\OneDrive\\\\\\\\OneDrive.exe\\\\\\\" /url:\\\\\\\"%%1\\\\\\\"\",\"user\":\"SOC-LAB\\\\\\\\nam.user\"}}}","decoder":{"name":"windows_eventchannel"},"data":{"win":{"system":{"providerName":"Microsoft-Windows-Sysmon","providerGuid":"{5770385f-c22a-43e0-bf4c-06f5698ffbd9}","eventID":"13","version":"2","level":"4","task":"13","opcode":"0","keywords":"0x8000000000000000","systemTime":"2026-10-02T03:06:50.8044784Z","eventRecordID":"11480","processID":"2140","threadID":"4056","channel":"Microsoft-Windows-Sysmon/Operational","computer":"WIN10-01.SOC-LAB.LOCAL","severityValue":"INFORMATION","message":"\"Registry value set:\r\nRuleName: T1042\r\nEventType: SetValue\r\nUtcTime: 2026-10-02 03:06:50.769\r\nProcessGuid: {e12a69d9-1fc5-6abf-d700-000000001700}\r\nProcessId: 7028\r\nImage: C:\\Users\\nam.user\\AppData\\Local\\Microsoft\\OneDrive\\OneDrive.exe\r\nTargetObject: HKU\\S-1-5-21-1324826322-2293316327-2538204677-1108_Classes\\grvopen\\shell\\open\\command\\(Default)\r\nDetails: \"C:\\Users\\nam.user\\AppData\\Local\\Microsoft\\OneDrive\\OneDrive.exe\" /url:\"Incorrect function.\"\r\nUser: SOC-LAB\\nam.user\""},"eventdata":{"ruleName":"T1042","eventType":"SetValue","utcTime":"2026-10-02 03:06:50.769","processGuid":"{e12a69d9-1fc5-6abf-d700-000000001700}","processId":"7028","image":"C:\\\\Users\\\\nam.user\\\\AppData\\\\Local\\\\Microsoft\\\\OneDrive\\\\OneDrive.exe","targetObject":"HKU\\\\S-1-5-21-1324826322-2293316327-2538204677-1108_Classes\\\\grvopen\\\\shell\\\\open\\\\command\\\\(Default)","details":"\\\"C:\\\\Users\\\\nam.user\\\\AppData\\\\Local\\\\Microsoft\\\\OneDrive\\\\OneDrive.exe\\\" /url:\\\"%%1\\\"","user":"SOC-LAB\\\\nam.user"}}},"location":"EventChannel"}
{"timestamp":"2026-10-02T03:06:59.771+0000","agent":{"id":"001","name":"SOC-WIN10","ip":"192.168.50.20"},"manager":{"name":"soc-wazuh"},"id":"1790910419.319068","full_log":"{\"win\":{\"system\":{\"providerName\":\"Microsoft-Windows-Sysmon\",\"providerGuid\":\"{5770385f-c22a-43e0-bf4c-06f5698ffbd9}\",\"eventID\":\"22\",\"version\":\"5\",\"level\":\"4\",\"task\":\"22\",\"opcode\":\"0\",\"keywords\":\"0x8000000000000000\",\"systemTime\":\"2026-10-02T03:06:51.1283528Z\",\"eventRecordID\":\"11481\",\"processID\":\"2140\",\"threadID\":\"4072\",\"channel\":\"Microsoft-Windows-Sysmon/Operational\",\"computer\":\"WIN10-01.SOC-LAB.LOCAL\",\"severityValue\":\"INFORMATION\",\"message\":\"\\\"Dns query:\\r\\nRuleName: -\\r\\nUtcTime: 2026-10-02 03:06:50.654\\r\\nProcessGuid: {e12a69d9-1fc5-6abf-d700-000000001700}\\r\\nProcessId: 7028\\r\\nQueryName: ecs.office.com\\r\\nQueryStatus: 1460\\r\\nQueryResults: -\\r\\nImage: C:\\\\Users\\\\nam.user\\\\AppData\\\\Local\\\\Microsoft\\\\OneDrive\\\\OneDrive.exe\\r\\nUser: SOC-LAB\\\\nam.user\\\"\"},\"eventdata\":{\"utcTime\":\"2026-10-02 03:06:50.654\",\"processGuid\":\"{e12a69d9-1fc5-6abf-d700-000000001700}\",\"processId\":\"7028\",\"queryName\":\"ecs.office.com\",\"queryStatus\":\"1460\",\"image\":\"C:\\\\\\\\Users\\\\\\\\nam.user\\\\\\\\AppData\\\\\\\\Local\\\\\\\\Microsoft\\\\\\\\OneDrive\\\\\\\\OneDrive.exe\",\"user\":\"SOC-LAB\\\\\\\\nam.user\"}}}","decoder":{"name":"windows_eventchannel"},"data":{"win":{"system":{"providerName":"Microsoft-Windows-Sysmon","providerGuid":"{5770385f-c22a-43e0-bf4c-06f5698ffbd9}","eventID":"22","version":"5","level":"4","task":"22","opcode":"0","keywords":"0x8000000000000000","systemTime":"2026-10-02T03:06:51.1283528Z","eventRecordID":"11481","processID":"2140","threadID":"4072","channel":"Microsoft-Windows-Sysmon/Operational","computer":"WIN10-01.SOC-LAB.LOCAL","severityValue":"INFORMATION","message":"\"Dns query:\r\nRuleName: -\r\nUtcTime: 2026-10-02 03:06:50.654\r\nProcessGuid: {e12a69d9-1fc5-6abf-d700-000000001700}\r\nProcessId: 7028\r\nQueryName: ecs.office.com\r\nQueryStatus: 1460\r\nQueryResults: -\r\nImage: C:\\Users\\nam.user\\AppData\\Local\\Microsoft\\OneDrive\\OneDrive.exe\r\nUser: SOC-LAB\\nam.user\""},"eventdata":{"utcTime":"2026-10-02 03:06:50.654","processGuid":"{e12a69d9-1fc5-6abf-d700-000000001700}","processId":"7028","queryName":"ecs.office.com","queryStatus":"1460","image":"C:\\\\Users\\\\nam.user\\\\AppData\\\\Local\\\\Microsoft\\\\OneDrive\\\\OneDrive.exe","user":"SOC-LAB\\\\nam.user"}}},"location":"EventChannel"}
{"timestamp":"2026-10-02T03:07:00.131+0000","agent":{"id":"001","name":"SOC-WIN10","ip":"192.168.50.20"},"manager":{"name":"soc-wazuh"},"id":"1790910420.319068","full_log":"{\"win\":{\"system\":{\"providerName\":\"Microsoft-Windows-Sysmon\",\"providerGuid\":\"{5770385f-c22a-43e0-bf4c-06f5698ffbd9}\",\"eventID\":\"1\",\"version\":\"5\",\"level\":\"4\",\"task\":\"1\",\"opcode\":\"0\",\"keywords\":\"0x8000000000000000\",\"systemTime\":\"2026-10-02T03:06:51.1979366Z\",\"eventRecordID\":\"11482\",\"processID\":\"2140\",\"threadID\":\"4056\",\"channel\":\"Microsoft-Windows-Sysmon/Operational\",\"computer\":\"WIN10-01.SOC-LAB.LOCAL\",\"severityValue\":\"INFORMATION\",\"message\":\"\\\"Process Create:\\r\\nRuleName: -\\r\\nUtcTime: 2026-10-02 03:06:51.119\\r\\nProcessGuid: {e12a69d9-1fcb-6abf-db00-000000001700}\\r\\nProcessId: 392\\r\\nImage: C:\\\\Program Files\\\\WindowsApps\\\\Microsoft.MicrosoftOfficeHub_19.2609.52011.0_x64__8wekyb3d8bbwe\\\\m365copilot_autostarter.exe\\r\\nFileVersion: -\\r\\nDescription: -\\r\\nProduct: -\\r\\nCompany: -\\r\\nOriginalFileName: -\\r\\nCommandLine: \\\"C:\\\\Program Files\\\\WindowsApps\\\\Microsoft.MicrosoftOfficeHub_19.2609.52011.0_x64__8wekyb3d8bbwe\\\\m365copilot_autostarter.exe\\\" \\r\\nCurrentDirectory: C:\\\\Windows\\\\system32\\\\\\r\\nUser: SOC-LAB\\\\nam.user\\r\\nLogonGuid: {e12a69d9-1fab-6abf-e90d-090000000000}\\r\\nLogonId: 0x90DE9\\r\\nTerminalSessionId: 1\\r\\nIntegrityLevel: Medium\\r\\nHashes: MD5=3C1BB97B53996BF30B210C989E349762,SHA256=27F316C2A66D535ED504CCA53278A6CE24876974218864BEB0AAADF17F83E6E6,IMPHASH=A1BCB4B27AADE411FE26D038A49D5A5D\\r\\nParentProcessGuid: {e12a69d9-1fb1-6abf-8900-000000001700}\\r\\nParentProcessId: 4652\\r\\nParentImage: C:\\\\Windows\\\\explorer.exe\\r\\nParentCommandLine: C:\\\\Windows\\\\Explorer.EXE\\r\\nParentUser: SOC-LAB\\\\nam.user\\\"\"},\"eventdata\":{\"utcTime\":\"2026-10-02 03:06:51.119\",\"processGuid\":\"{e12a69d9-1fcb-6abf-db00-000000001700}\",\"processId\":\"392\",\"image\":\"C:\\\\\\\\Program Files\\\\\\\\WindowsApps\\\\\\\\Microsoft.MicrosoftOfficeHub_19.2609.52011.0_x64__8wekyb3d8bbwe\\\\\\\\m365copilot_autostarter.exe\",\"commandLine\":\"\\\\\\\"C:\\\\\\\\Program Files\\\\\\\\WindowsApps\\\\\\\\Microsoft.MicrosoftOfficeHub_19.2609.52011.0_x64__8wekyb3d8bbwe\\\\\\\\m365copilot_autostarter.exe\\\\\\\"\",\"currentDirectory\":\"C:\\\\\\\\Windows\\\\\\\\system32\\\\\\\\\",\"user\":\"SOC-LAB\\\\\\\\nam.user\",\"logonGuid\":\"{e12a69d9-1fab-6abf-e90d-090000000000}\",\"logonId\":\"0x90de9\",\"terminalSessionId\":\"1\",\"integrityLevel\":\"Medium\",\"hashes\":\"MD5=3C1BB97B53996BF30B210C989E349762,SHA256=27F316C2A66D535ED504CCA53278A6CE24876974218864BEB0AAADF17F83E6E6,IMPHASH=A1BCB4B27AADE411FE26D038A49D5A5D\",\"parentProcessGuid\":\"{e12a69d9-1fb1-6abf-8900-000000001700}\",\"parentProcessId\":\"4652\",\"parentImage\":\"C:\\\\\\\\Windows\\\\\\\\explorer.exe\",\"parentCommandLine\":\"C:\\\\\\\\Windows\\\\\\\\Explorer.EXE\",\"parentUser\":\"SOC-LAB\\\\\\\\nam.user\"}}}","decoder":{"name":"windows_eventchannel"},"data":{"win":{"system":{"providerName":"Microsoft-Windows-Sysmon","providerGuid":"{5770385f-c22a-43e0-bf4c-06f5698ffbd9}","eventID":"1","version":"5","level":"4","task":"1","opcode":"0","keywords":"0x8000000000000000","systemTime":"2026-10-02T03:06:51.1979366Z","eventRecordID":"11482","processID":"2140","threadID":"4056","channel":"Microsoft-Windows-Sysmon/Operational","computer":"WIN10-01.SOC-LAB.LOCAL","severityValue":"INFORMATION","message":"\"Process Create:\r\nRuleName: -\r\nUtcTime: 2026-10-02 03:06:51.119\r\nProcessGuid: {e12a69d9-1fcb-6abf-db00-000000001700}\r\nProcessId: 392\r\nImage: C:\\Program Files\\WindowsApps\\Microsoft.MicrosoftOfficeHub_19.2609.52011.0_x64__8wekyb3d8bbwe\\m365copilot_autostarter.exe\r\nFileVersion: -\r\nDescription: -\r\nProduct: -\r\nCompany: -\r\nOriginalFileName: -\r\nCommandLine: \"C:\\Program Files\\WindowsApps\\Microsoft.MicrosoftOfficeHub_19.2609.52011.0_x64__8wekyb3d8bbwe\\m365copilot_autostarter.exe\" \r\nCurrentDirectory: C:\\Windows\\system32\\\r\nUser: SOC-LAB\\nam.user\r\nLogonGuid: {e12a69d9-1fab-6abf-e90d-090000000000}\r\nLogonId: 0x90DE9\r\nTerminalSessionId: 1\r\nIntegrityLevel: Medium\r\nHashes: MD5=3C1BB97B53996BF30B210C989E349762,SHA256=27F316C2A66D535ED504CCA53278A6CE24876974218864BEB0AAADF17F83E6E6,IMPHASH=A1BCB4B27AADE411FE26D038A49D5A5D\r\nParentProcessGuid: {e12a69d9-1fb1-6abf-8900-000000001700}\r\nParentProcessId: 4652\r\nParentImage: C:\\Windows\\explorer.exe\r\nParentCommandLine: C:\\Windows\\Explorer.EXE\r\nParentUser: SOC-LAB\\nam.user\""},"eventdata":{"utcTime":"2026-10-02 03:06:51.119","processGuid":"{e12a69d9-1fcb-6abf-db00-000000001700}","processId":"392","image":"C:\\\\Program Files\\\\WindowsApps\\\\Microsoft.MicrosoftOfficeHub_19.2609.52011.0_x64__8wekyb3d8bbwe\\\\m365copilot_autostarter.exe","commandLine":"\\\"C:\\\\Program Files\\\\WindowsApps\\\\Microsoft.MicrosoftOfficeHub_19.2609.52011.0_x64__8wekyb3d8bbwe\\\\m365copilot_autostarter.exe\\\"","currentDirectory":"C:\\\\Windows\\\\system32\\\\","user":"SOC-LAB\\\\nam.user","logonGuid":"{e12a69d9-1fab-6abf-e90d-090000000000}","logonId":"0x90de9","terminalSessionId":"1","integrityLevel":"Medium","hashes":"MD5=3C1BB97B53996BF30B210C989E349762,SHA256=27F316C2A66D535ED504CCA53278A6CE24876974218864BEB0AAADF17F83E6E6,IMPHASH=A1BCB4B27AADE411FE26D038A49D5A5D","parentProcessGuid":"{e12a69d9-1fb1-6abf-8900-000000001700}","parentProcessId":"4652","parentImage":"C:\\\\Windows\\\\explorer.exe","parentCommandLine":"C:\\\\Windows\\\\Explorer.EXE","parentUser":"SOC-LAB\\\\nam.user"}}},"location":"EventChannel"}
{"timestamp":"2026-10-02T03:07:02.470+0000","agent":{"id":"001","name":"SOC-WIN10","ip":"192.168.50.20"},"manager":{"name":"soc-wazuh"},"id":"1790910422.319068","full_log":"{\"win\":{\"system\":{\"providerName\":\"Microsoft-Windows-Sysmon\",\"providerGuid\":\"{5770385f-c22a-43e0-bf4c-06f5698ffbd9}\",\"eventID\":\"13\",\"version\":\"2\",\"level\":\"4\",\"task\":\"13\",\"opcode\":\"0\",\"keywords\":\"0x8000000000000000\",\"systemTime\":\"2026-10-02T03:06:52.3311281Z\",\"eventRecordID\":\"11483\",\"processID\":\"2140\",\"threadID\":\"4056\",\"channel\":\"Microsoft-Windows-Sysmon/Operational\",\"computer\":\"WIN10-01.SOC-LAB.LOCAL\",\"severityValue\":\"INFORMATION\",\"message\":\"\\\"Registry value set:\\r\\nRuleName: InvDB\\r\\nEventType: SetValue\\r\\nUtcTime: 2026-10-02 03:06:52.222\\r\\nProcessGuid: {e12a69d9-1f98-6abf-1600-000000001700}\\r\\nProcessId: 8\\r\\nImage: C:\\\\Windows\\\\System32\\\\svchost.exe\\r\\nTargetObject: HKU\\\\S-1-5-21-1324826322-2293316327-2538204677-1108\\\\SOFTWARE\\\\Microsoft\\\\Windows NT\\\\CurrentVersion\\\\AppCompatFlags\\\\Compatibility Assistant\\\\Store\\\\C:\\\\Program Files\\\\WindowsApps\\\\Microsoft.MicrosoftOfficeHub_19.2609.52011.0_x64__8wekyb3d8bbwe\\\\m365copilot_autostarter.exe\\r\\nDetails: Binary Data\\r\\nUser: NT AUTHORITY\\\\SYSTEM\\\"\"},\"eventdata\":{\"ruleName\":\"InvDB\",\"eventType\":\"SetValue\",\"utcTime\":\"2026-10-02 03:06:52.222\",\"processGuid\":\"{e12a69d9-1f98-6abf-1600-000000001700}\",\"processId\":\"8\",\"image\":\"C:\\\\\\\\Windows\\\\\\\\System32\\\\\\\\svchost.exe\",\"targetObject\":\"HKU\\\\\\\\S-1-5-21-1324826322-2293316327-2538204677-1108\\\\\\\\SOFTWARE\\\\\\\\Microsoft\\\\\\\\Windows NT\\\\\\\\CurrentVersion\\\\\\\\AppCompatFlags\\\\\\\\Compatibility Assistant\\\\\\\\Store\\\\\\\\C:\\\\\\\\Program Files\\\\\\\\WindowsApps\\\\\\\\Microsoft.MicrosoftOfficeHub_19.2609.52011.0_x64__8wekyb3d8bbwe\\\\\\\\m365copilot_autostarter.exe\",\"details\":\"Binary Data\",\"user\":\"NT AUTHORITY\\\\\\\\SYSTEM\"}}}","decoder":{"name":"windows_eventchannel"},"data":{"win":{"system":{"providerName":"Microsoft-Windows-Sysmon","providerGuid":"{5770385f-c22a-43e0-bf4c-06f5698ffbd9}","eventID":"13","version":"2","level":"4","task":"13","opcode":"0","keywords":"0x8000000000000000","systemTime":"2026-10-02T03:06:52.3311281Z","eventRecordID":"11483","processID":"2140","threadID":"4056","channel":"Microsoft-Windows-Sysmon/Operational","computer":"WIN10-01.SOC-LAB.LOCAL","severityValue":"INFORMATION","message":"\"Registry value set:\r\nRuleName: InvDB\r\nEventType: SetValue\r\nUtcTime: 2026-10-02 03:06:52.222\r\nProcessGuid: {e12a69d9-1f98-6abf-1600-000000001700}\r\nProcessId: 8\r\nImage: C:\\Windows\\System32\\svchost.exe\r\nTargetObject: HKU\\S-1-5-21-1324826322-2293316327-2538204677-1108\\SOFTWARE\\Microsoft\\Windows NT\\CurrentVersion\\AppCompatFlags\\Compatibility Assistant\\Store\\C:\\Program Files\\WindowsApps\\Microsoft.MicrosoftOfficeHub_19.2609.52011.0_x64__8wekyb3d8bbwe\\m365copilot_autostarter.exe\r\nDetails: Binary Data\r\nUser: NT AUTHORITY\\SYSTEM\""},"eventdata":{"ruleName":"InvDB","eventType":"SetValue","utcTime":"2026-10-02 03:06:52.222","processGuid":"{e12a69d9-1f98-6abf-1600-000000001700}","processId":"8","image":"C:\\\\Windows\\\\System32\\\\svchost.exe","targetObject":"HKU\\\\S-1-5-21-1324826322-2293316327-2538204677-1108\\\\SOFTWARE\\\\Microsoft\\\\Windows NT\\\\CurrentVersion\\\\AppCompatFlags\\\\Compatibility Assistant\\\\Store\\\\C:\\\\Program Files\\\\WindowsApps\\\\Microsoft.MicrosoftOfficeHub_19.2609.52011.0_x64__8wekyb3d8bbwe\\\\m365copilot_autostarter.exe","details":"Binary Data","user":"NT AUTHORITY\\\\SYSTEM"}}},"location":"EventChannel"}
{"timestamp":"2026-10-02T03:07:04.541+0000","agent":{"id":"001","name":"SOC-WIN10","ip":"192.168.50.20"},"manager":{"name":"soc-wazuh"},"id":"1790910424.319068","full_log":"{\"win\":{\"system\":{\"providerName\":\"Microsoft-Windows-Sysmon\",\"providerGuid\":\"{5770385f-c22a-43e0-bf4c-06f5698ffbd9}\",\"eventID\":\"1\",\"version\":\"5\",\"level\":\"4\",\"task\":\"1\",\"opcode\":\"0\",\"keywords\":\"0x8000000000000000\",\"systemTime\":\"2026-10-02T03:06:55.0907349Z\",\"eventRecordID\":\"11484\",\"processID\":\"2140\",\"threadID\":\"4056\",\"channel\":\"Microsoft-Windows-Sysmon/Operational\",\"computer\":\"WIN10-01.SOC-LAB.LOCAL\",\"severityValue\":\"INFORMATION\",\"message\":\"\\\"Process Create:\\r\\nRuleName: -\\r\\nUtcTime: 2026-10-02 03:06:55.071\\r\\nProcessGuid: {e12a69d9-1fcf-6abf-dc00-000000001700}\\r\\nProcessId: 6584\\r\\nImage: C:\\\\Windows\\\\System32\\\\wlrmdr.exe\\r\\nFileVersion: 10.0.19041.3636 (WinBuild.160101.0800)\\r\\nDescription: Windows logon reminder\\r\\nProduct: Microsoft® Windows® Operating System\\r\\nCompany: Microsoft Corporation\\r\\nOriginalFileName: WLRMNDR.EXE\\r\\nCommandLine:  -c -s 0 -f 0 -t Empty -m Empty -a 0 -u Empty\\r\\nCurrentDirectory: C:\\\\Windows\\\\system32\\\\\\r\\nUser: SOC-LAB\\\\nam.user\\r\\nLogonGuid: {e12a69d9-1fab-6abf-e90d-090000000000}\\r\\nLogonId: 0x90DE9\\r\\nTerminalSessionId: 1\\r\\nIntegrityLevel: Medium\\r\\nHashes: MD5=59BD6F822956E54CDEDD0C441372C289,SHA256=2F89115E1081C91BABAF2961CEF0BCF9C8F4EE803D3BE6E88ACE23B383FE7324,IMPHASH=0C029EF03BE0DFE4324558843609A28E\\r\\nParentProcessGuid: {e12a69d9-1f98-6abf-0a00-000000001700}\\r\\nParentProcessId: 616\\r\\nParentImage: C:\\\\Windows\\\\System32\\\\winlogon.exe\\r\\nParentCommandLine: winlogon.exe\\r\\nParentUser: NT AUTHORITY\\\\SYSTEM\\\"\"},\"eventdata\":{\"utcTime\":\"2026-10-02 03:06:55.071\",\"processGuid\":\"{e12a69d9-1fcf-6abf-dc00-000000001700}\",\"processId\":\"6584\",\"image\":\"C:\\\\\\\\Windows\\\\\\\\System32\\\\\\\\wlrmdr.exe\",\"fileVersion\":\"10.0.19041.3636 (WinBuild.160101.0800)\",\"description\":\"Windows logon reminder\",\"product\":\"Microsoft® Windows® Operating System\",\"company\":\"Microsoft Corporation\",\"originalFileName\":\"WLRMNDR.EXE\",\"commandLine\":\" -c -s 0 -f 0 -t Empty -m Empty -a 0 -u Empty\",\"currentDirectory\":\"C:\\\\\\\\Windows\\\\\\\\system32\\\\\\\\\",\"user\":\"SOC-LAB\\\\\\\\nam.user\",\"logonGuid\":\"{e12a69d9-1fab-6abf-e90d-090000000000}\",\"logonId\":\"0x90de9\",\"terminalSessionId\":\"1\",\"integrityLevel\":\"Medium\",\"hashes\":\"MD5=59BD6F822956E54CDEDD0C441372C289,SHA256=2F89115E1081C91BABAF2961CEF0BCF9C8F4EE803D3BE6E88ACE23B383FE7324,IMPHASH=0C029EF03BE0DFE4324558843609A28E\",\"parentProcessGuid\":\"{e12a69d9-1f98-6abf-0a00-000000001700}\",\"parentProcessId\":\"616\",\"parentImage\":\"C:\\\\\\\\Windows\\\\\\\\System32\\\\\\\\winlogon.exe\",\"parentCommandLine\":\"winlogon.exe\",\"parentUser\":\"NT AUTHORITY\\\\\\\\SYSTEM\"}}}","decoder":{"name":"windows_eventchannel"},"data":{"win":{"system":{"providerName":"Microsoft-Windows-Sysmon","providerGuid":"{5770385f-c22a-43e0-bf4c-06f5698ffbd9}","eventID":"1","version":"5","level":"4","task":"1","opcode":"0","keywords":"0x8000000000000000","systemTime":"2026-10-02T03:06:55.0907349Z","eventRecordID":"11484","processID":"2140","threadID":"4056","channel":"Microsoft-Windows-Sysmon/Operational","computer":"WIN10-01.SOC-LAB.LOCAL","severityValue":"INFORMATION","message":"\"Process Create:\r\nRuleName: -\r\nUtcTime: 2026-10-02 03:06:55.071\r\nProcessGuid: {e12a69d9-1fcf-6abf-dc00-000000001700}\r\nProcessId: 6584\r\nImage: C:\\Windows\\System32\\wlrmdr.exe\r\nFileVersion: 10.0.19041.3636 (WinBuild.160101.0800)\r\nDescription: Windows logon reminder\r\nProduct: Microsoft® Windows® Operating System\r\nCompany: Microsoft Corporation\r\nOriginalFileName: WLRMNDR.EXE\r\nCommandLine:  -c -s 0 -f 0 -t Empty -m Empty -a 0 -u Empty\r\nCurrentDirectory: C:\\Windows\\system32\\\r\nUser: SOC-LAB\\nam.user\r\nLogonGuid: {e12a69d9-1fab-6abf-e90d-090000000000}\r\nLogonId: 0x90DE9\r\nTerminalSessionId: 1\r\nIntegrityLevel: Medium\r\nHashes: MD5=59BD6F822956E54CDEDD0C441372C289,SHA256=2F89115E1081C91BABAF2961CEF0BCF9C8F4EE803D3BE6E88ACE23B383FE7324,IMPHASH=0C029EF03BE0DFE4324558843609A28E\r\nParentProcessGuid: {e12a69d9-1f98-6abf-0a00-000000001700}\r\nParentProcessId: 616\r\nParentImage: C:\\Windows\\System32\\winlogon.exe\r\nParentCommandLine: winlogon.exe\r\nParentUser: NT AUTHORITY\\SYSTEM\""},"eventdata":{"utcTime":"2026-10-02 03:06:55.071","processGuid":"{e12a69d9-1fcf-6abf-dc00-000000001700}","processId":"6584","image":"C:\\\\Windows\\\\System32\\\\wlrmdr.exe","fileVersion":"10.0.19041.3636 (WinBuild.160101.0800)","description":"Windows logon reminder","product":"Microsoft® Windows® Operating System","company":"Microsoft Corporation","originalFileName":"WLRMNDR.EXE","commandLine":" -c -s 0 -f 0 -t Empty -m Empty -a 0 -u Empty","currentDirectory":"C:\\\\Windows\\\\system32\\\\","user":"SOC-LAB\\\\nam.user","logonGuid":"{e12a69d9-1fab-6abf-e90d-090000000000}","logonId":"0x90de9","terminalSessionId":"1","integrityLevel":"Medium","hashes":"MD5=59BD6F822956E54CDEDD0C441372C289,SHA256=2F89115E1081C91BABAF2961CEF0BCF9C8F4EE803D3BE6E88ACE23B383FE7324,IMPHASH=0C029EF03BE0DFE4324558843609A28E","parentProcessGuid":"{e12a69d9-1f98-6abf-0a00-000000001700}","parentProcessId":"616","parentImage":"C:\\\\Windows\\\\System32\\\\winlogon.exe","parentCommandLine":"winlogon.exe","parentUser":"NT AUTHORITY\\\\SYSTEM"}}},"location":"EventChannel"}
{"timestamp":"2026-10-02T03:07:04.602+0000","agent":{"id":"001","name":"SOC-WIN10","ip":"192.168.50.20"},"manager":{"name":"soc-wazuh"},"id":"1790910424.319068","full_log":"{\"win\":{\"system\":{\"providerName\":\"Microsoft-Windows-Sysmon\",\"providerGuid\":\"{5770385f-c22a-43e0-bf4c-06f5698ffbd9}\",\"eventID\":\"1\",\"version\":\"5\",\"level\":\"4\",\"task\":\"1\",\"opcode\":\"0\",\"keywords\":\"0x8000000000000000\",\"systemTime\":\"2026-10-02T03:06:55.2906316Z\",\"eventRecordID\":\"11485\",\"processID\":\"2140\",\"threadID\":\"4056\",\"channel\":\"Microsoft-Windows-Sysmon/Operational\",\"computer\":\"WIN10-01.SOC-LAB.LOCAL\",\"severityValue\":\"INFORMATION\",\"message\":\"\\\"Process Create:\\r\\nRuleName: -\\r\\nUtcTime: 2026-10-02 03:06:55.089\\r\\nProcessGuid: {e12a69d9-1fcf-6abf-dd00-000000001700}\\r\\nProcessId: 6656\\r\\nImage: C:\\\\Windows\\\\System32\\\\taskhostw.exe\\r\\nFileVersion: 10.0.19041.5794 (WinBuild.160101.0800)\\r\\nDescription: Host Process for Windows Tasks\\r\\nProduct: Microsoft® Windows® Operating System\\r\\nCompany: Microsoft Corporation\\r\\nOriginalFileName: taskhostw.exe\\r\\nCommandLine: taskhostw.exe SyncFromCloud\\r\\nCurrentDirectory: C:\\\\Windows\\\\system32\\\\\\r\\nUser: SOC-LAB\\\\nam.user\\r\\nLogonGuid: {e12a69d9-1fab-6abf-e90d-090000000000}\\r\\nLogonId: 0x90DE9\\r\\nTerminalSessionId: 1\\r\\nIntegrityLevel: Medium\\r\\nHashes: MD5=D71630DA4364F89F36B47581D4162639,SHA256=4D84D1DB6C572DA841307B814CCF26478429D3A29F304755CE1BAF110E639F64,IMPHASH=3A0C6863CDE566AF997DB2DEFFF9D924\\r\\nParentProcessGuid: {e12a69d9-1f98-6abf-1700-000000001700}\\r\\nParentProcessId: 988\\r\\nParentImage: C:\\\\Windows\\\\System32\\\\svchost.exe\\r\\nParentCommandLine: C:\\\\Windows\\\\system32\\\\svchost.exe -k netsvcs -p\\r\\nParentUser: NT AUTHORITY\\\\SYSTEM\\\"\"},\"eventdata\":{\"utcTime\":\"2026-10-02 03:06:55.089\",\"processGuid\":\"{e12a69d9-1fcf-6abf-dd00-000000001700}\",\"processId\":\"6656\",\"image\":\"C:\\\\\\\\Windows\\\\\\\\System32\\\\\\\\taskhostw.exe\",\"fileVersion\":\"10.0.19041.5794 (WinBuild.160101.0800)\",\"description\":\"Host Process for Windows Tasks\",\"product\":\"Microsoft® Windows® Operating System\",\"company\":\"Microsoft Corporation\",\"originalFileName\":\"taskhostw.exe\",\"commandLine\":\"taskhostw.exe SyncFromCloud\",\"currentDirectory\":\"C:\\\\\\\\Windows\\\\\\\\system32\\\\\\\\\",\"user\":\"SOC-LAB\\\\\\\\nam.user\",\"logonGuid\":\"{e12a69d9-1fab-6abf-e90d-090000000000}\",\"logonId\":\"0x90de9\",\"terminalSessionId\":\"1\",\"integrityLevel\":\"Medium\",\"hashes\":\"MD5=D71630DA4364F89F36B47581D4162639,SHA256=4D84D1DB6C572DA841307B814CCF26478429D3A29F304755CE1BAF110E639F64,IMPHASH=3A0C6863CDE566AF997DB2DEFFF9D924\",\"parentProcessGuid\":\"{e12a69d9-1f98-6abf-1700-000000001700}\",\"parentProcessId\":\"988\",\"parentImage\":\"C:\\\\\\\\Windows\\\\\\\\System32\\\\\\\\svchost.exe\",\"parentCommandLine\":\"C:\\\\\\\\Windows\\\\\\\\system32\\\\\\\\svchost.exe -k netsvcs -p\",\"parentUser\":\"NT AUTHORITY\\\\\\\\SYSTEM\"}}}","decoder":{"name":"windows_eventchannel"},"data":{"win":{"system":{"providerName":"Microsoft-Windows-Sysmon","providerGuid":"{5770385f-c22a-43e0-bf4c-06f5698ffbd9}","eventID":"1","version":"5","level":"4","task":"1","opcode":"0","keywords":"0x8000000000000000","systemTime":"2026-10-02T03:06:55.2906316Z","eventRecordID":"11485","processID":"2140","threadID":"4056","channel":"Microsoft-Windows-Sysmon/Operational","computer":"WIN10-01.SOC-LAB.LOCAL","severityValue":"INFORMATION","message":"\"Process Create:\r\nRuleName: -\r\nUtcTime: 2026-10-02 03:06:55.089\r\nProcessGuid: {e12a69d9-1fcf-6abf-dd00-000000001700}\r\nProcessId: 6656\r\nImage: C:\\Windows\\System32\\taskhostw.exe\r\nFileVersion: 10.0.19041.5794 (WinBuild.160101.0800)\r\nDescription: Host Process for Windows Tasks\r\nProduct: Microsoft® Windows® Operating System\r\nCompany: Microsoft Corporation\r\nOriginalFileName: taskhostw.exe\r\nCommandLine: taskhostw.exe SyncFromCloud\r\nCurrentDirectory: C:\\Windows\\system32\\\r\nUser: SOC-LAB\\nam.user\r\nLogonGuid: {e12a69d9-1fab-6abf-e90d-090000000000}\r\nLogonId: 0x90DE9\r\nTerminalSessionId: 1\r\nIntegrityLevel: Medium\r\nHashes: MD5=D71630DA4364F89F36B47581D4162639,SHA256=4D84D1DB6C572DA841307B814CCF26478429D3A29F304755CE1BAF110E639F64,IMPHASH=3A0C6863CDE566AF997DB2DEFFF9D924\r\nParentProcessGuid: {e12a69d9-1f98-6abf-1700-000000001700}\r\nParentProcessId: 988\r\nParentImage: C:\\Windows\\System32\\svchost.exe\r\nParentCommandLine: C:\\Windows\\system32\\svchost.exe -k netsvcs -p\r\nParentUser: NT AUTHORITY\\SYSTEM\""},"eventdata":{"utcTime":"2026-10-02 03:06:55.089","processGuid":"{e12a69d9-1fcf-6abf-dd00-000000001700}","processId":"6656","image":"C:\\\\Windows\\\\System32\\\\taskhostw.exe","fileVersion":"10.0.19041.5794 (WinBuild.160101.0800)","description":"Host Process for Windows Tasks","product":"Microsoft® Windows® Operating System","company":"Microsoft Corporation","originalFileName":"taskhostw.exe","commandLine":"taskhostw.exe SyncFromCloud","currentDirectory":"C:\\\\Windows\\\\system32\\\\","user":"SOC-LAB\\\\nam.user","logonGuid":"{e12a69d9-1fab-6abf-e90d-090000000000}","logonId":"0x90de9","terminalSessionId":"1","integrityLevel":"Medium","hashes":"MD5=D71630DA4364F89F36B47581D4162639,SHA256=4D84D1DB6C572DA841307B814CCF26478429D3A29F304755CE1BAF110E639F64,IMPHASH=3A0C6863CDE566AF997DB2DEFFF9D924","parentProcessGuid":"{e12a69d9-1f98-6abf-1700-000000001700}","parentProcessId":"988","parentImage":"C:\\\\Windows\\\\System32\\\\svchost.exe","parentCommandLine":"C:\\\\Windows\\\\system32\\\\svchost.exe -k netsvcs -p","parentUser":"NT AUTHORITY\\\\SYSTEM"}}},"location":"EventChannel"}
{"timestamp":"2026-10-02T03:07:05.235+0000","rule":{"level":3,"description":"Software protection service scheduled successfully.","id":"60642","firedtimes":1,"mail":false,"groups":["windows","windows_application"]},"agent":{"id":"001","name":"SOC-WIN10","ip":"192.168.50.20"},"manager":{"name":"soc-wazuh"},"id":"1790910425.319068","full_log":"{\"win\":{\"system\":{\"providerName\":\"Microsoft-Windows-Security-SPP\",\"providerGuid\":\"{E23B33B0-C8C9-472C-A5F9-F2BDFEA0F156}\",\"eventSourceName\":\"Software Protection Platform Service\",\"eventID\":\"16384\",\"version\":\"0\",\"level\":\"4\",\"task\":\"0\",\"opcode\":\"0\",\"keywords\":\"0x80000000000000\",\"systemTime\":\"2026-10-02T03:06:59.3947030Z\",\"eventRecordID\":\"1928\",\"processID\":\"0\",\"threadID\":\"0\",\"channel\":\"Application\",\"computer\":\"WIN10-01.SOC-LAB.LOCAL\",\"severityValue\":\"INFORMATION\",\"message\":\"\\\"Successfully scheduled Software Protection service for re-start at 2026-10-03T03:05:58Z. Reason: RulesEngine.\\\"\"},\"eventdata\":{\"data\":\"2026-10-03T03:05:58Z, RulesEngine\"}}}","decoder":{"name":"windows_eventchannel"},"data":{"win":{"system":{"providerName":"Microsoft-Windows-Security-SPP","providerGuid":"{E23B33B0-C8C9-472C-A5F9-F2BDFEA0F156}","eventSourceName":"Software Protection Platform Service","eventID":"16384","version":"0","level":"4","task":"0","opcode":"0","keywords":"0x80000000000000","systemTime":"2026-10-02T03:06:59.3947030Z","eventRecordID":"1928","processID":"0","threadID":"0","channel":"Application","computer":"WIN10-01.SOC-LAB.LOCAL","severityValue":"INFORMATION","message":"\"Successfully scheduled Software Protection service for re-start at 2026-10-03T03:05:58Z. Reason: RulesEngine.\""},"eventdata":{"data":"2026-10-03T03:05:58Z, RulesEngine"}}},"location":"EventChannel"}
{"timestamp":"2026-10-02T03:07:05.434+0000","agent":{"id":"001","name":"SOC-WIN10","ip":"192.168.50.20"},"manager":{"name":"soc-wazuh"},"id":"1790910425.323755","full_log":"{\"win\":{\"system\":{\"providerName\":\"Microsoft-Windows-Security-SPP\",\"providerGuid\":\"{E23B33B0-C8C9-472C-A5F9-F2BDFEA0F156}\",\"eventSourceName\":\"Software Protection Platform Service\",\"eventID\":\"903\",\"version\":\"0\",\"level\":\"0\",\"task\":\"0\",\"opcode\":\"0\",\"keywords\":\"0x80000000000000\",\"systemTime\":\"2026-10-02T03:07:00.0665887Z\",\"eventRecordID\":\"1929\",\"processID\":\"0\",\"threadID\":\"0\",\"channel\":\"Application\",\"computer\":\"WIN10-01.SOC-LAB.LOCAL\",\"severityValue\":\"UNKNOWN\",\"message\":\"\\\"The Software Protection service has stopped.\\r\\n\\\"\"}}}","decoder":{"name":"windows_eventchannel"},"data":{"win":{"system":{"providerName":"Microsoft-Windows-Security-SPP","providerGuid":"{E23B33B0-C8C9-472C-A5F9-F2BDFEA0F156}","eventSourceName":"Software Protection Platform Service","eventID":"903","version":"0","level":"0","task":"0","opcode":"0","keywords":"0x80000000000000","systemTime":"2026-10-02T03:07:00.0665887Z","eventRecordID":"1929","processID":"0","threadID":"0","channel":"Application","computer":"WIN10-01.SOC-LAB.LOCAL","severityValue":"UNKNOWN","message":"\"The Software Protection service has stopped.\r\n\""}}},"location":"EventChannel"}
{"timestamp":"2026-10-02T03:07:05.484+0000","agent":{"id":"001","name":"SOC-WIN10","ip":"192.168.50.20"},"manager":{"name":"soc-wazuh"},"id":"1790910425.323755","full_log":"{\"win\":{\"system\":{\"providerName\":\"Microsoft-Windows-Sysmon\",\"providerGuid\":\"{5770385f-c22a-43e0-bf4c-06f5698ffbd9}\",\"eventID\":\"5\",\"version\":\"3\",\"level\":\"4\",\"task\":\"5\",\"opcode\":\"0\",\"keywords\":\"0x8000000000000000\",\"systemTime\":\"2026-10-02T03:06:59.1810983Z\",\"eventRecordID\":\"11486\",\"processID\":\"2140\",\"threadID\":\"4056\",\"channel\":\"Microsoft-Windows-Sysmon/Operational\",\"computer\":\"WIN10-01.SOC-LAB.LOCAL\",\"severityValue\":\"INFORMATION\",\"message\":\"\\\"Process terminated:\\r\\nRuleName: -\\r\\nUtcTime: 2026-10-02 03:06:59.050\\r\\nProcessGuid: {e12a69d9-1fca-6abf-da00-000000001700}\\r\\nProcessId: 3668\\r\\nImage: C:\\\\Users\\\\nam.user\\\\AppData\\\\Local\\\\Microsoft\\\\OneDrive\\\\26.168.0830.0006\\\\FileCoAuth.exe\\r\\nUser: SOC-LAB\\\\nam.user\\\"\"},\"eventdata\":{\"utcTime\":\"2026-10-02 03:06:59.050\",\"processGuid\":\"{e12a69d9-1fca-6abf-da00-000000001700}\",\"processId\":\"3668\",\"image\":\"C:\\\\\\\\Users\\\\\\\\nam.user\\\\\\\\AppData\\\\\\\\Local\\\\\\\\Microsoft\\\\\\\\OneDrive\\\\\\\\26.168.0830.0006\\\\\\\\FileCoAuth.exe\",\"user\":\"SOC-LAB\\\\\\\\nam.user\"}}}","decoder":{"name":"windows_eventchannel"},"data":{"win":{"system":{"providerName":"Microsoft-Windows-Sysmon","providerGuid":"{5770385f-c22a-43e0-bf4c-06f5698ffbd9}","eventID":"5","version":"3","level":"4","task":"5","opcode":"0","keywords":"0x8000000000000000","systemTime":"2026-10-02T03:06:59.1810983Z","eventRecordID":"11486","processID":"2140","threadID":"4056","channel":"Microsoft-Windows-Sysmon/Operational","computer":"WIN10-01.SOC-LAB.LOCAL","severityValue":"INFORMATION","message":"\"Process terminated:\r\nRuleName: -\r\nUtcTime: 2026-10-02 03:06:59.050\r\nProcessGuid: {e12a69d9-1fca-6abf-da00-000000001700}\r\nProcessId: 3668\r\nImage: C:\\Users\\nam.user\\AppData\\Local\\Microsoft\\OneDrive\\26.168.0830.0006\\FileCoAuth.exe\r\nUser: SOC-LAB\\nam.user\""},"eventdata":{"utcTime":"2026-10-02 03:06:59.050","processGuid":"{e12a69d9-1fca-6abf-da00-000000001700}","processId":"3668","image":"C:\\\\Users\\\\nam.user\\\\AppData\\\\Local\\\\Microsoft\\\\OneDrive\\\\26.168.0830.0006\\\\FileCoAuth.exe","user":"SOC-LAB\\\\nam.user"}}},"location":"EventChannel"}
