{"timestamp":"2026-10-02T04:53:51.288+0000","agent":{"id":"001","name":"SOC-WIN10","ip":"192.168.50.20"},"manager":{"name":"soc-wazuh"},"id":"1790916831.1254284","full_log":"{\"win\":{\"system\":{\"providerName\":\"Microsoft-Windows-Sysmon\",\"providerGuid\":\"{5770385f-c22a-43e0-bf4c-06f5698ffbd9}\",\"eventID\":\"1\",\"version\":\"5\",\"level\":\"4\",\"task\":\"1\",\"opcode\":\"0\",\"keywords\":\"0x8000000000000000\",\"systemTime\":\"2026-10-02T04:53:49.6812629Z\",\"eventRecordID\":\"12567\",\"processID\":\"2140\",\"threadID\":\"4056\",\"channel\":\"Microsoft-Windows-Sysmon/Operational\",\"computer\":\"WIN10-01.SOC-LAB.LOCAL\",\"severityValue\":\"INFORMATION\",\"message\":\"\\\"Process Create:\\r\\nRuleName: -\\r\\nUtcTime: 2026-10-02 04:53:49.537\\r\\nProcessGuid: {e12a69d9-38dd-6abf-3f03-000000001700}\\r\\nProcessId: 4220\\r\\nImage: C:\\\\Program Files (x86)\\\\Microsoft\\\\Edge\\\\Application\\\\msedge.exe\\r\\nFileVersion: 154.0.4258.48\\r\\nDescription: Microsoft Edge\\r\\nProduct: Microsoft Edge\\r\\nCompany: Microsoft Corporation\\r\\nOriginalFileName: msedge.exe\\r\\nCommandLine: \\\"C:\\\\Program Files (x86)\\\\Microsoft\\\\Edge\\\\Application\\\\msedge.exe\\\" --type=utility --utility-sub-type=network.mojom.NetworkService --lang=en-US --service-sandbox-type=none --startup-read-main-dll --metrics-shmem-handle=2076,i,16445844434752831002,3339325718898914612,524288 --field-trial-handle=2404,i,209205648249616707,16725008573636024905,262144 --variations-seed-version --pseudonymization-salt-handle=2408,i,18290480754366370836,12712334944360873779,4 --trace-process-track-uuid=3190708989122997041 --mojo-platform-channel-handle=2456 /prefetch:3\\r\\nCurrentDirectory: C:\\\\Program Files (x86)\\\\Microsoft\\\\Edge\\\\Application\\\\154.0.4258.48\\\\\\r\\nUser: SOC-LAB\\\\nam.user\\r\\nLogonGuid: {e12a69d9-1fab-6abf-e90d-090000000000}\\r\\nLogonId: 0x90DE9\\r\\nTerminalSessionId: 1\\r\\nIntegrityLevel: Medium\\r\\nHashes: MD5=C1980CDF20E3DA190B3BC8F21C0B9A6A,SHA256=64670D599EDC778D7A2A7DB70A98791799FE027A9858EFF7EEB28D31975DBA3C,IMPHASH=D38C0D5E659AA4EF1F1B1B3C4C20C711\\r\\nParentProcessGuid: {e12a69d9-38dd-6abf-3d03-000000001700}\\r\\nParentProcessId: 2956\\r\\nParentImage: C:\\\\Program Files (x86)\\\\Microsoft\\\\Edge\\\\Application\\\\msedge.exe\\r\\nParentCommandLine: \\\"C:\\\\Program Files (x86)\\\\Microsoft\\\\Edge\\\\Application\\\\msedge.exe\\\" --no-startup-window /prefetch:5\\r\\nParentUser: SOC-LAB\\\\nam.user\\\"\"},\"eventdata\":{\"utcTime\":\"2026-10-02 04:53:49.537\",\"processGuid\":\"{e12a69d9-38dd-6abf-3f03-000000001700}\",\"processId\":\"4220\",\"image\":\"C:\\\\\\\\Program Files (x86)\\\\\\\\Microsoft\\\\\\\\Edge\\\\\\\\Application\\\\\\\\msedge.exe\",\"fileVersion\":\"154.0.4258.48\",\"description\":\"Microsoft Edge\",\"product\":\"Microsoft Edge\",\"company\":\"Microsoft Corporation\",\"originalFileName\":\"msedge.exe\",\"commandLine\":\"\\\\\\\"C:\\\\\\\\Program Files (x86)\\\\\\\\Microsoft\\\\\\\\Edge\\\\\\\\Application\\\\\\\\msedge.exe\\\\\\\" --type=utility --utility-sub-type=network.mojom.NetworkService --lang=en-US --service-sandbox-type=none --startup-read-main-dll --metrics-shmem-handle=2076,i,16445844434752831002,3339325718898914612,524288 --field-trial-handle=2404,i,209205648249616707,16725008573636024905,262144 --variations-seed-version --pseudonymization-salt-handle=2408,i,18290480754366370836,12712334944360873779,4 --trace-process-track-uuid=3190708989122997041 --mojo-platform-channel-handle=2456 /prefetch:3\",\"currentDirectory\":\"C:\\\\\\\\Program Files (x86)\\\\\\\\Microsoft\\\\\\\\Edge\\\\\\\\Application\\\\\\\\154.0.4258.48\\\\\\\\\",\"user\":\"SOC-LAB\\\\\\\\nam.user\",\"logonGuid\":\"{e12a69d9-1fab-6abf-e90d-090000000000}\",\"logonId\":\"0x90de9\",\"terminalSessionId\":\"1\",\"integrityLevel\":\"Medium\",\"hashes\":\"MD5=C1980CDF20E3DA190B3BC8F21C0B9A6A,SHA256=64670D599EDC778D7A2A7DB70A98791799FE027A9858EFF7EEB28D31975DBA3C,IMPHASH=D38C0D5E659AA4EF1F1B1B3C4C20C711\",\"parentProcessGuid\":\"{e12a69d9-38dd-6abf-3d03-000000001700}\",\"parentProcessId\":\"2956\",\"parentImage\":\"C:\\\\\\\\Program Files (x86)\\\\\\\\Microsoft\\\\\\\\Edge\\\\\\\\Application\\\\\\\\msedge.exe\",\"parentCommandLine\":\"\\\\\\\"C:\\\\\\\\Program Files (x86)\\\\\\\\Microsoft\\\\\\\\Edge\\\\\\\\Application\\\\\\\\msedge.exe\\\\\\\" --no-startup-window /prefetch:5\",\"parentUser\":\"SOC-LAB\\\\\\\\nam.user\"}}}","decoder":{"name":"windows_eventchannel"},"data":{"win":{"system":{"providerName":"Microsoft-Windows-Sysmon","providerGuid":"{5770385f-c22a-43e0-bf4c-06f5698ffbd9}","eventID":"1","version":"5","level":"4","task":"1","opcode":"0","keywords":"0x8000000000000000","systemTime":"2026-10-02T04:53:49.6812629Z","eventRecordID":"12567","processID":"2140","threadID":"4056","channel":"Microsoft-Windows-Sysmon/Operational","computer":"WIN10-01.SOC-LAB.LOCAL","severityValue":"INFORMATION","message":"\"Process Create:\r\nRuleName: -\r\nUtcTime: 2026-10-02 04:53:49.537\r\nProcessGuid: {e12a69d9-38dd-6abf-3f03-000000001700}\r\nProcessId: 4220\r\nImage: C:\\Program Files (x86)\\Microsoft\\Edge\\Application\\msedge.exe\r\nFileVersion: 154.0.4258.48\r\nDescription: Microsoft Edge\r\nProduct: Microsoft Edge\r\nCompany: Microsoft Corporation\r\nOriginalFileName: msedge.exe\r\nCommandLine: \"C:\\Program Files (x86)\\Microsoft\\Edge\\Application\\msedge.exe\" --type=utility --utility-sub-type=network.mojom.NetworkService --lang=en-US --service-sandbox-type=none --startup-read-main-dll --metrics-shmem-handle=2076,i,16445844434752831002,3339325718898914612,524288 --field-trial-handle=2404,i,209205648249616707,16725008573636024905,262144 --variations-seed-version --pseudonymization-salt-handle=2408,i,18290480754366370836,12712334944360873779,4 --trace-process-track-uuid=3190708989122997041 --mojo-platform-channel-handle=2456 /prefetch:3\r\nCurrentDirectory: C:\\Program Files (x86)\\Microsoft\\Edge\\Application\\154.0.4258.48\\\r\nUser: SOC-LAB\\nam.user\r\nLogonGuid: {e12a69d9-1fab-6abf-e90d-090000000000}\r\nLogonId: 0x90DE9\r\nTerminalSessionId: 1\r\nIntegrityLevel: Medium\r\nHashes: MD5=C1980CDF20E3DA190B3BC8F21C0B9A6A,SHA256=64670D599EDC778D7A2A7DB70A98791799FE027A9858EFF7EEB28D31975DBA3C,IMPHASH=D38C0D5E659AA4EF1F1B1B3C4C20C711\r\nParentProcessGuid: {e12a69d9-38dd-6abf-3d03-000000001700}\r\nParentProcessId: 2956\r\nParentImage: C:\\Program Files (x86)\\Microsoft\\Edge\\Application\\msedge.exe\r\nParentCommandLine: \"C:\\Program Files (x86)\\Microsoft\\Edge\\Application\\msedge.exe\" --no-startup-window /prefetch:5\r\nParentUser: SOC-LAB\\nam.user\""},"eventdata":{"utcTime":"2026-10-02 04:53:49.537","processGuid":"{e12a69d9-38dd-6abf-3f03-000000001700}","processId":"4220","image":"C:\\\\Program Files (x86)\\\\Microsoft\\\\Edge\\\\Application\\\\msedge.exe","fileVersion":"154.0.4258.48","description":"Microsoft Edge","product":"Microsoft Edge","company":"Microsoft Corporation","originalFileName":"msedge.exe","commandLine":"\\\"C:\\\\Program Files (x86)\\\\Microsoft\\\\Edge\\\\Application\\\\msedge.exe\\\" --type=utility --utility-sub-type=network.mojom.NetworkService --lang=en-US --service-sandbox-type=none --startup-read-main-dll --metrics-shmem-handle=2076,i,16445844434752831002,3339325718898914612,524288 --field-trial-handle=2404,i,209205648249616707,16725008573636024905,262144 --variations-seed-version --pseudonymization-salt-handle=2408,i,18290480754366370836,12712334944360873779,4 --trace-process-track-uuid=3190708989122997041 --mojo-platform-channel-handle=2456 /prefetch:3","currentDirectory":"C:\\\\Program Files (x86)\\\\Microsoft\\\\Edge\\\\Application\\\\154.0.4258.48\\\\","user":"SOC-LAB\\\\nam.user","logonGuid":"{e12a69d9-1fab-6abf-e90d-090000000000}","logonId":"0x90de9","terminalSessionId":"1","integrityLevel":"Medium","hashes":"MD5=C1980CDF20E3DA190B3BC8F21C0B9A6A,SHA256=64670D599EDC778D7A2A7DB70A98791799FE027A9858EFF7EEB28D31975DBA3C,IMPHASH=D38C0D5E659AA4EF1F1B1B3C4C20C711","parentProcessGuid":"{e12a69d9-38dd-6abf-3d03-000000001700}","parentProcessId":"2956","parentImage":"C:\\\\Program Files (x86)\\\\Microsoft\\\\Edge\\\\Application\\\\msedge.exe","parentCommandLine":"\\\"C:\\\\Program Files (x86)\\\\Microsoft\\\\Edge\\\\Application\\\\msedge.exe\\\" --no-startup-window /prefetch:5","parentUser":"SOC-LAB\\\\nam.user"}}},"location":"EventChannel"}
{"timestamp":"2026-10-02T04:53:51.298+0000","agent":{"id":"001","name":"SOC-WIN10","ip":"192.168.50.20"},"manager":{"name":"soc-wazuh"},"id":"1790916831.1254284","full_log":"{\"win\":{\"system\":{\"providerName\":\"Microsoft-Windows-Sysmon\",\"providerGuid\":\"{5770385f-c22a-43e0-bf4c-06f5698ffbd9}\",\"eventID\":\"1\",\"version\":\"5\",\"level\":\"4\",\"task\":\"1\",\"opcode\":\"0\",\"keywords\":\"0x8000000000000000\",\"systemTime\":\"2026-10-02T04:53:49.6819231Z\",\"eventRecordID\":\"12568\",\"processID\":\"2140\",\"threadID\":\"4056\",\"channel\":\"Microsoft-Windows-Sysmon/Operational\",\"computer\":\"WIN10-01.SOC-LAB.LOCAL\",\"severityValue\":\"INFORMATION\",\"message\":\"\\\"Process Create:\\r\\nRuleName: -\\r\\nUtcTime: 2026-10-02 04:53:49.657\\r\\nProcessGuid: {e12a69d9-38dd-6abf-4103-000000001700}\\r\\nProcessId: 4356\\r\\nImage: C:\\\\Program Files (x86)\\\\Microsoft\\\\Edge\\\\Application\\\\msedge.exe\\r\\nFileVersion: 154.0.4258.48\\r\\nDescription: Microsoft Edge\\r\\nProduct: Microsoft Edge\\r\\nCompany: Microsoft Corporation\\r\\nOriginalFileName: msedge.exe\\r\\nCommandLine: \\\"C:\\\\Program Files (x86)\\\\Microsoft\\\\Edge\\\\Application\\\\msedge.exe\\\" --type=utility --utility-sub-type=storage.mojom.StorageService --lang=en-US --service-sandbox-type=service --startup-read-main-dll --metrics-shmem-handle=2612,i,6694279856904731095,3499231086326546396,524288 --field-trial-handle=2404,i,209205648249616707,16725008573636024905,262144 --variations-seed-version --pseudonymization-salt-handle=2408,i,18290480754366370836,12712334944360873779,4 --trace-process-track-uuid=3190708990060038890 --mojo-platform-channel-handle=3368 /prefetch:8\\r\\nCurrentDirectory: C:\\\\Program Files (x86)\\\\Microsoft\\\\Edge\\\\Application\\\\154.0.4258.48\\\\\\r\\nUser: SOC-LAB\\\\nam.user\\r\\nLogonGuid: {e12a69d9-1fab-6abf-e90d-090000000000}\\r\\nLogonId: 0x90DE9\\r\\nTerminalSessionId: 1\\r\\nIntegrityLevel: Low\\r\\nHashes: MD5=C1980CDF20E3DA190B3BC8F21C0B9A6A,SHA256=64670D599EDC778D7A2A7DB70A98791799FE027A9858EFF7EEB28D31975DBA3C,IMPHASH=D38C0D5E659AA4EF1F1B1B3C4C20C711\\r\\nParentProcessGuid: {e12a69d9-38dd-6abf-3d03-000000001700}\\r\\nParentProcessId: 2956\\r\\nParentImage: C:\\\\Program Files (x86)\\\\Microsoft\\\\Edge\\\\Application\\\\msedge.exe\\r\\nParentCommandLine: \\\"C:\\\\Program Files (x86)\\\\Microsoft\\\\Edge\\\\Application\\\\msedge.exe\\\" --no-startup-window /prefetch:5\\r\\nParentUser: SOC-LAB\\\\nam.user\\\"\"},\"eventdata\":{\"utcTime\":\"2026-10-02 04:53:49.657\",\"processGuid\":\"{e12a69d9-38dd-6abf-4103-000000001700}\",\"processId\":\"4356\",\"image\":\"C:\\\\\\\\Program Files (x86)\\\\\\\\Microsoft\\\\\\\\Edge\\\\\\\\Application\\\\\\\\msedge.exe\",\"fileVersion\":\"154.0.4258.48\",\"description\":\"Microsoft Edge\",\"product\":\"Microsoft Edge\",\"company\":\"Microsoft Corporation\",\"originalFileName\":\"msedge.exe\",\"commandLine\":\"\\\\\\\"C:\\\\\\\\Program Files (x86)\\\\\\\\Microsoft\\\\\\\\Edge\\\\\\\\Application\\\\\\\\msedge.exe\\\\\\\" --type=utility --utility-sub-type=storage.mojom.StorageService --lang=en-US --service-sandbox-type=service --startup-read-main-dll --metrics-shmem-handle=2612,i,6694279856904731095,3499231086326546396,524288 --field-trial-handle=2404,i,209205648249616707,16725008573636024905,262144 --variations-seed-version --pseudonymization-salt-handle=2408,i,18290480754366370836,12712334944360873779,4 --trace-process-track-uuid=3190708990060038890 --mojo-platform-channel-handle=3368 /prefetch:8\",\"currentDirectory\":\"C:\\\\\\\\Program Files (x86)\\\\\\\\Microsoft\\\\\\\\Edge\\\\\\\\Application\\\\\\\\154.0.4258.48\\\\\\\\\",\"user\":\"SOC-LAB\\\\\\\\nam.user\",\"logonGuid\":\"{e12a69d9-1fab-6abf-e90d-090000000000}\",\"logonId\":\"0x90de9\",\"terminalSessionId\":\"1\",\"integrityLevel\":\"Low\",\"hashes\":\"MD5=C1980CDF20E3DA190B3BC8F21C0B9A6A,SHA256=64670D599EDC778D7A2A7DB70A98791799FE027A9858EFF7EEB28D31975DBA3C,IMPHASH=D38C0D5E659AA4EF1F1B1B3C4C20C711\",\"parentProcessGuid\":\"{e12a69d9-38dd-6abf-3d03-000000001700}\",\"parentProcessId\":\"2956\",\"parentImage\":\"C:\\\\\\\\Program Files (x86)\\\\\\\\Microsoft\\\\\\\\Edge\\\\\\\\Application\\\\\\\\msedge.exe\",\"parentCommandLine\":\"\\\\\\\"C:\\\\\\\\Program Files (x86)\\\\\\\\Microsoft\\\\\\\\Edge\\\\\\\\Application\\\\\\\\msedge.exe\\\\\\\" --no-startup-window /prefetch:5\",\"parentUser\":\"SOC-LAB\\\\\\\\nam.user\"}}}","decoder":{"name":"windows_eventchannel"},"data":{"win":{"system":{"providerName":"Microsoft-Windows-Sysmon","providerGuid":"{5770385f-c22a-43e0-bf4c-06f5698ffbd9}","eventID":"1","version":"5","level":"4","task":"1","opcode":"0","keywords":"0x8000000000000000","systemTime":"2026-10-02T04:53:49.6819231Z","eventRecordID":"12568","processID":"2140","threadID":"4056","channel":"Microsoft-Windows-Sysmon/Operational","computer":"WIN10-01.SOC-LAB.LOCAL","severityValue":"INFORMATION","message":"\"Process Create:\r\nRuleName: -\r\nUtcTime: 2026-10-02 04:53:49.657\r\nProcessGuid: {e12a69d9-38dd-6abf-4103-000000001700}\r\nProcessId: 4356\r\nImage: C:\\Program Files (x86)\\Microsoft\\Edge\\Application\\msedge.exe\r\nFileVersion: 154.0.4258.48\r\nDescription: Microsoft Edge\r\nProduct: Microsoft Edge\r\nCompany: Microsoft Corporation\r\nOriginalFileName: msedge.exe\r\nCommandLine: \"C:\\Program Files (x86)\\Microsoft\\Edge\\Application\\msedge.exe\" --type=utility --utility-sub-type=storage.mojom.StorageService --lang=en-US --service-sandbox-type=service --startup-read-main-dll --metrics-shmem-handle=2612,i,6694279856904731095,3499231086326546396,524288 --field-trial-handle=2404,i,209205648249616707,16725008573636024905,262144 --variations-seed-version --pseudonymization-salt-handle=2408,i,18290480754366370836,12712334944360873779,4 --trace-process-track-uuid=3190708990060038890 --mojo-platform-channel-handle=3368 /prefetch:8\r\nCurrentDirectory: C:\\Program Files (x86)\\Microsoft\\Edge\\Application\\154.0.4258.48\\\r\nUser: SOC-LAB\\nam.user\r\nLogonGuid: {e12a69d9-1fab-6abf-e90d-090000000000}\r\nLogonId: 0x90DE9\r\nTerminalSessionId: 1\r\nIntegrityLevel: Low\r\nHashes: MD5=C1980CDF20E3DA190B3BC8F21C0B9A6A,SHA256=64670D599EDC778D7A2A7DB70A98791799FE027A9858EFF7EEB28D31975DBA3C,IMPHASH=D38C0D5E659AA4EF1F1B1B3C4C20C711\r\nParentProcessGuid: {e12a69d9-38dd-6abf-3d03-000000001700}\r\nParentProcessId: 2956\r\nParentImage: C:\\Program Files (x86)\\Microsoft\\Edge\\Application\\msedge.exe\r\nParentCommandLine: \"C:\\Program Files (x86)\\Microsoft\\Edge\\Application\\msedge.exe\" --no-startup-window /prefetch:5\r\nParentUser: SOC-LAB\\nam.user\""},"eventdata":{"utcTime":"2026-10-02 04:53:49.657","processGuid":"{e12a69d9-38dd-6abf-4103-000000001700}","processId":"4356","image":"C:\\\\Program Files (x86)\\\\Microsoft\\\\Edge\\\\Application\\\\msedge.exe","fileVersion":"154.0.4258.48","description":"Microsoft Edge","product":"Microsoft Edge","company":"Microsoft Corporation","originalFileName":"msedge.exe","commandLine":"\\\"C:\\\\Program Files (x86)\\\\Microsoft\\\\Edge\\\\Application\\\\msedge.exe\\\" --type=utility --utility-sub-type=storage.mojom.StorageService --lang=en-US --service-sandbox-type=service --startup-read-main-dll --metrics-shmem-handle=2612,i,6694279856904731095,3499231086326546396,524288 --field-trial-handle=2404,i,209205648249616707,16725008573636024905,262144 --variations-seed-version --pseudonymization-salt-handle=2408,i,18290480754366370836,12712334944360873779,4 --trace-process-track-uuid=3190708990060038890 --mojo-platform-channel-handle=3368 /prefetch:8","currentDirectory":"C:\\\\Program Files (x86)\\\\Microsoft\\\\Edge\\\\Application\\\\154.0.4258.48\\\\","user":"SOC-LAB\\\\nam.user","logonGuid":"{e12a69d9-1fab-6abf-e90d-090000000000}","logonId":"0x90de9","terminalSessionId":"1","integrityLevel":"Low","hashes":"MD5=C1980CDF20E3DA190B3BC8F21C0B9A6A,SHA256=64670D599EDC778D7A2A7DB70A98791799FE027A9858EFF7EEB28D31975DBA3C,IMPHASH=D38C0D5E659AA4EF1F1B1B3C4C20C711","parentProcessGuid":"{e12a69d9-38dd-6abf-3d03-000000001700}","parentProcessId":"2956","parentImage":"C:\\\\Program Files (x86)\\\\Microsoft\\\\Edge\\\\Application\\\\msedge.exe","parentCommandLine":"\\\"C:\\\\Program Files (x86)\\\\Microsoft\\\\Edge\\\\Application\\\\msedge.exe\\\" --no-startup-window /prefetch:5","parentUser":"SOC-LAB\\\\nam.user"}}},"location":"EventChannel"}
{"timestamp":"2026-10-02T04:53:51.315+0000","agent":{"id":"001","name":"SOC-WIN10","ip":"192.168.50.20"},"manager":{"name":"soc-wazuh"},"id":"1790916831.1254284","full_log":"{\"win\":{\"system\":{\"providerName\":\"Microsoft-Windows-Sysmon\",\"providerGuid\":\"{5770385f-c22a-43e0-bf4c-06f5698ffbd9}\",\"eventID\":\"1\",\"version\":\"5\",\"level\":\"4\",\"task\":\"1\",\"opcode\":\"0\",\"keywords\":\"0x8000000000000000\",\"systemTime\":\"2026-10-02T04:53:49.7024603Z\",\"eventRecordID\":\"12569\",\"processID\":\"2140\",\"threadID\":\"4056\",\"channel\":\"Microsoft-Windows-Sysmon/Operational\",\"computer\":\"WIN10-01.SOC-LAB.LOCAL\",\"severityValue\":\"INFORMATION\",\"message\":\"\\\"Process Create:\\r\\nRuleName: -\\r\\nUtcTime: 2026-10-02 04:53:49.700\\r\\nProcessGuid: {e12a69d9-38dd-6abf-4203-000000001700}\\r\\nProcessId: 7392\\r\\nImage: C:\\\\Program Files (x86)\\\\Microsoft\\\\Edge\\\\Application\\\\154.0.4258.48\\\\elevation_service.exe\\r\\nFileVersion: 154.0.4258.48\\r\\nDescription: Microsoft Edge\\r\\nProduct: Microsoft Edge\\r\\nCompany: Microsoft Corporation\\r\\nOriginalFileName: elevation_service.exe\\r\\nCommandLine: \\\"C:\\\\Program Files (x86)\\\\Microsoft\\\\Edge\\\\Application\\\\154.0.4258.48\\\\elevation_service.exe\\\"\\r\\nCurrentDirectory: C:\\\\Windows\\\\system32\\\\\\r\\nUser: NT AUTHORITY\\\\SYSTEM\\r\\nLogonGuid: {e12a69d9-1f98-6abf-e703-000000000000}\\r\\nLogonId: 0x3E7\\r\\nTerminalSessionId: 0\\r\\nIntegrityLevel: System\\r\\nHashes: MD5=6272C4AB163C353DFA76A9395020CB1A,SHA256=85B4200D6BAC96E00F37C8147DCF00274C4D2BBBB45A586FF6126C3184A21FF7,IMPHASH=EA74C4B28BF0B3E7B38C4034B7F67684\\r\\nParentProcessGuid: {e12a69d9-1f98-6abf-0b00-000000001700}\\r\\nParentProcessId: 684\\r\\nParentImage: C:\\\\Windows\\\\System32\\\\services.exe\\r\\nParentCommandLine: C:\\\\Windows\\\\system32\\\\services.exe\\r\\nParentUser: NT AUTHORITY\\\\SYSTEM\\\"\"},\"eventdata\":{\"utcTime\":\"2026-10-02 04:53:49.700\",\"processGuid\":\"{e12a69d9-38dd-6abf-4203-000000001700}\",\"processId\":\"7392\",\"image\":\"C:\\\\\\\\Program Files (x86)\\\\\\\\Microsoft\\\\\\\\Edge\\\\\\\\Application\\\\\\\\154.0.4258.48\\\\\\\\elevation_service.exe\",\"fileVersion\":\"154.0.4258.48\",\"description\":\"Microsoft Edge\",\"product\":\"Microsoft Edge\",\"company\":\"Microsoft Corporation\",\"originalFileName\":\"elevation_service.exe\",\"commandLine\":\"\\\\\\\"C:\\\\\\\\Program Files (x86)\\\\\\\\Microsoft\\\\\\\\Edge\\\\\\\\Application\\\\\\\\154.0.4258.48\\\\\\\\elevation_service.exe\\\\\\\"\",\"currentDirectory\":\"C:\\\\\\\\Windows\\\\\\\\system32\\\\\\\\\",\"user\":\"NT AUTHORITY\\\\\\\\SYSTEM\",\"logonGuid\":\"{e12a69d9-1f98-6abf-e703-000000000000}\",\"logonId\":\"0x3e7\",\"terminalSessionId\":\"0\",\"integrityLevel\":\"System\",\"hashes\":\"MD5=6272C4AB163C353DFA76A9395020CB1A,SHA256=85B4200D6BAC96E00F37C8147DCF00274C4D2BBBB45A586FF6126C3184A21FF7,IMPHASH=EA74C4B28BF0B3E7B38C4034B7F67684\",\"parentProcessGuid\":\"{e12a69d9-1f98-6abf-0b00-000000001700}\",\"parentProcessId\":\"684\",\"parentImage\":\"C:\\\\\\\\Windows\\\\\\\\System32\\\\\\\\services.exe\",\"parentCommandLine\":\"C:\\\\\\\\Windows\\\\\\\\system32\\\\\\\\services.exe\",\"parentUser\":\"NT AUTHORITY\\\\\\\\SYSTEM\"}}}","decoder":{"name":"windows_eventchannel"},"data":{"win":{"system":{"providerName":"Microsoft-Windows-Sysmon","providerGuid":"{5770385f-c22a-43e0-bf4c-06f5698ffbd9}","eventID":"1","version":"5","level":"4","task":"1","opcode":"0","keywords":"0x8000000000000000","systemTime":"2026-10-02T04:53:49.7024603Z","eventRecordID":"12569","processID":"2140","threadID":"4056","channel":"Microsoft-Windows-Sysmon/Operational","computer":"WIN10-01.SOC-LAB.LOCAL","severityValue":"INFORMATION","message":"\"Process Create:\r\nRuleName: -\r\nUtcTime: 2026-10-02 04:53:49.700\r\nProcessGuid: {e12a69d9-38dd-6abf-4203-000000001700}\r\nProcessId: 7392\r\nImage: C:\\Program Files (x86)\\Microsoft\\Edge\\Application\\154.0.4258.48\\elevation_service.exe\r\nFileVersion: 154.0.4258.48\r\nDescription: Microsoft Edge\r\nProduct: Microsoft Edge\r\nCompany: Microsoft Corporation\r\nOriginalFileName: elevation_service.exe\r\nCommandLine: \"C:\\Program Files (x86)\\Microsoft\\Edge\\Application\\154.0.4258.48\\elevation_service.exe\"\r\nCurrentDirectory: C:\\Windows\\system32\\\r\nUser: NT AUTHORITY\\SYSTEM\r\nLogonGuid: {e12a69d9-1f98-6abf-e703-000000000000}\r\nLogonId: 0x3E7\r\nTerminalSessionId: 0\r\nIntegrityLevel: System\r\nHashes: MD5=6272C4AB163C353DFA76A9395020CB1A,SHA256=85B4200D6BAC96E00F37C8147DCF00274C4D2BBBB45A586FF6126C3184A21FF7,IMPHASH=EA74C4B28BF0B3E7B38C4034B7F67684\r\nParentProcessGuid: {e12a69d9-1f98-6abf-0b00-000000001700}\r\nParentProcessId: 684\r\nParentImage: C:\\Windows\\System32\\services.exe\r\nParentCommandLine: C:\\Windows\\system32\\services.exe\r\nParentUser: NT AUTHORITY\\SYSTEM\""},"eventdata":{"utcTime":"2026-10-02 04:53:49.700","processGuid":"{e12a69d9-38dd-6abf-4203-000000001700}","processId":"7392","image":"C:\\\\Program Files (x86)\\\\Microsoft\\\\Edge\\\\Application\\\\154.0.4258.48\\\\elevation_service.exe","fileVersion":"154.0.4258.48","description":"Microsoft Edge","product":"Microsoft Edge","company":"Microsoft Corporation","originalFileName":"elevation_service.exe","commandLine":"\\\"C:\\\\Program Files (x86)\\\\Microsoft\\\\Edge\\\\Application\\\\154.0.4258.48\\\\elevation_service.exe\\\"","currentDirectory":"C:\\\\Windows\\\\system32\\\\","user":"NT AUTHORITY\\\\SYSTEM","logonGuid":"{e12a69d9-1f98-6abf-e703-000000000000}","logonId":"0x3e7","terminalSessionId":"0","integrityLevel":"System","hashes":"MD5=6272C4AB163C353DFA76A9395020CB1A,SHA256=85B4200D6BAC96E00F37C8147DCF00274C4D2BBBB45A586FF6126C3184A21FF7,IMPHASH=EA74C4B28BF0B3E7B38C4034B7F67684","parentProcessGuid":"{e12a69d9-1f98-6abf-0b00-000000001700}","parentProcessId":"684","parentImage":"C:\\\\Windows\\\\System32\\\\services.exe","parentCommandLine":"C:\\\\Windows\\\\system32\\\\services.exe","parentUser":"NT AUTHORITY\\\\SYSTEM"}}},"location":"EventChannel"}
{"timestamp":"2026-10-02T04:53:51.327+0000","agent":{"id":"001","name":"SOC-WIN10","ip":"192.168.50.20"},"manager":{"name":"soc-wazuh"},"id":"1790916831.1254284","full_log":"{\"win\":{\"system\":{\"providerName\":\"Microsoft-Windows-Sysmon\",\"providerGuid\":\"{5770385f-c22a-43e0-bf4c-06f5698ffbd9}\",\"eventID\":\"12\",\"version\":\"2\",\"level\":\"4\",\"task\":\"12\",\"opcode\":\"0\",\"keywords\":\"0x8000000000000000\",\"systemTime\":\"2026-10-02T04:53:49.9830022Z\",\"eventRecordID\":\"12570\",\"processID\":\"2140\",\"threadID\":\"4056\",\"channel\":\"Microsoft-Windows-Sysmon/Operational\",\"computer\":\"WIN10-01.SOC-LAB.LOCAL\",\"severityValue\":\"INFORMATION\",\"message\":\"\\\"Registry object added or deleted:\\r\\nRuleName: T1060,RunKey\\r\\nEventType: DeleteValue\\r\\nUtcTime: 2026-10-02 04:53:49.972\\r\\nProcessGuid: {e12a69d9-38dd-6abf-3d03-000000001700}\\r\\nProcessId: 2956\\r\\nImage: C:\\\\Program Files (x86)\\\\Microsoft\\\\Edge\\\\Application\\\\msedge.exe\\r\\nTargetObject: HKU\\\\S-1-5-21-1324826322-2293316327-2538204677-1108\\\\SOFTWARE\\\\Microsoft\\\\Windows\\\\CurrentVersion\\\\Run\\\\MicrosoftEdgeAutoLaunch_EC7A0D1E60FBAA975E56D3FFE1C152F0\\r\\nUser: SOC-LAB\\\\nam.user\\\"\"},\"eventdata\":{\"ruleName\":\"T1060,RunKey\",\"eventType\":\"DeleteValue\",\"utcTime\":\"2026-10-02 04:53:49.972\",\"processGuid\":\"{e12a69d9-38dd-6abf-3d03-000000001700}\",\"processId\":\"2956\",\"image\":\"C:\\\\\\\\Program Files (x86)\\\\\\\\Microsoft\\\\\\\\Edge\\\\\\\\Application\\\\\\\\msedge.exe\",\"targetObject\":\"HKU\\\\\\\\S-1-5-21-1324826322-2293316327-2538204677-1108\\\\\\\\SOFTWARE\\\\\\\\Microsoft\\\\\\\\Windows\\\\\\\\CurrentVersion\\\\\\\\Run\\\\\\\\MicrosoftEdgeAutoLaunch_EC7A0D1E60FBAA975E56D3FFE1C152F0\",\"user\":\"SOC-LAB\\\\\\\\nam.user\"}}}","decoder":{"name":"windows_eventchannel"},"data":{"win":{"system":{"providerName":"Microsoft-Windows-Sysmon","providerGuid":"{5770385f-c22a-43e0-bf4c-06f5698ffbd9}","eventID":"12","version":"2","level":"4","task":"12","opcode":"0","keywords":"0x8000000000000000","systemTime":"2026-10-02T04:53:49.9830022Z","eventRecordID":"12570","processID":"2140","threadID":"4056","channel":"Microsoft-Windows-Sysmon/Operational","computer":"WIN10-01.SOC-LAB.LOCAL","severityValue":"INFORMATION","message":"\"Registry object added or deleted:\r\nRuleName: T1060,RunKey\r\nEventType: DeleteValue\r\nUtcTime: 2026-10-02 04:53:49.972\r\nProcessGuid: {e12a69d9-38dd-6abf-3d03-000000001700}\r\nProcessId: 2956\r\nImage: C:\\Program Files (x86)\\Microsoft\\Edge\\Application\\msedge.exe\r\nTargetObject: HKU\\S-1-5-21-1324826322-2293316327-2538204677-1108\\SOFTWARE\\Microsoft\\Windows\\CurrentVersion\\Run\\MicrosoftEdgeAutoLaunch_EC7A0D1E60FBAA975E56D3FFE1C152F0\r\nUser: SOC-LAB\\nam.user\""},"eventdata":{"ruleName":"T1060,RunKey","eventType":"DeleteValue","utcTime":"2026-10-02 04:53:49.972","processGuid":"{e12a69d9-38dd-6abf-3d03-000000001700}","processId":"2956","image":"C:\\\\Program Files (x86)\\\\Microsoft\\\\Edge\\\\Application\\\\msedge.exe","targetObject":"HKU\\\\S-1-5-21-1324826322-2293316327-2538204677-1108\\\\SOFTWARE\\\\Microsoft\\\\Windows\\\\CurrentVersion\\\\Run\\\\MicrosoftEdgeAutoLaunch_EC7A0D1E60FBAA975E56D3FFE1C152F0","user":"SOC-LAB\\\\nam.user"}}},"location":"EventChannel"}
{"timestamp":"2026-10-02T04:53:51.346+0000","agent":{"id":"001","name":"SOC-WIN10","ip":"192.168.50.20"},"manager":{"name":"soc-wazuh"},"id":"1790916831.1254284","full_log":"{\"win\":{\"system\":{\"providerName\":\"Microsoft-Windows-Sysmon\",\"providerGuid\":\"{5770385f-c22a-43e0-bf4c-06f5698ffbd9}\",\"eventID\":\"1\",\"version\":\"5\",\"level\":\"4\",\"task\":\"1\",\"opcode\":\"0\",\"keywords\":\"0x8000000000000000\",\"systemTime\":\"2026-10-02T04:53:50.0856510Z\",\"eventRecordID\":\"12571\",\"processID\":\"2140\",\"threadID\":\"4056\",\"channel\":\"Microsoft-Windows-Sysmon/Operational\",\"computer\":\"WIN10-01.SOC-LAB.LOCAL\",\"severityValue\":\"INFORMATION\",\"message\":\"\\\"Process Create:\\r\\nRuleName: -\\r\\nUtcTime: 2026-10-02 04:53:50.078\\r\\nProcessGuid: {e12a69d9-38de-6abf-4303-000000001700}\\r\\nProcessId: 2516\\r\\nImage: C:\\\\Program Files (x86)\\\\Microsoft\\\\Edge\\\\Application\\\\154.0.4258.48\\\\identity_helper.exe\\r\\nFileVersion: 154.0.4258.48\\r\\nDescription: PWA Identity Proxy Host\\r\\nProduct: Microsoft Edge\\r\\nCompany: Microsoft Corporation\\r\\nOriginalFileName: identity_helper.exe\\r\\nCommandLine: \\\"C:\\\\Program Files (x86)\\\\Microsoft\\\\Edge\\\\Application\\\\154.0.4258.48\\\\identity_helper.exe\\\" --type=utility --utility-sub-type=winrt_app_id.mojom.WinrtAppIdService --lang=en-US --service-sandbox-type=windows_package_identity --ram-no-pressure-read-main-dll --metrics-shmem-handle=5012,i,205826929077043935,5959977074029210499,524288 --field-trial-handle=2404,i,209205648249616707,16725008573636024905,262144 --variations-seed-version --pseudonymization-salt-handle=2408,i,18290480754366370836,12712334944360873779,4 --trace-process-track-uuid=3190708990997080739 --mojo-platform-channel-handle=4956 /prefetch:8\\r\\nCurrentDirectory: C:\\\\Program Files (x86)\\\\Microsoft\\\\Edge\\\\Application\\\\154.0.4258.48\\\\\\r\\nUser: SOC-LAB\\\\nam.user\\r\\nLogonGuid: {e12a69d9-1fab-6abf-e90d-090000000000}\\r\\nLogonId: 0x90DE9\\r\\nTerminalSessionId: 1\\r\\nIntegrityLevel: Medium\\r\\nHashes: MD5=885591A5C3F22031FC3996CC50EF6582,SHA256=6C0D3B042C2BDD80B86DB641CF88C5388D9BDF496A16EF8ED2E09FD0E95C93BE,IMPHASH=D7667DC133E0BF3576558C42276CCD30\\r\\nParentProcessGuid: {e12a69d9-38dd-6abf-3d03-000000001700}\\r\\nParentProcessId: 2956\\r\\nParentImage: C:\\\\Program Files (x86)\\\\Microsoft\\\\Edge\\\\Application\\\\msedge.exe\\r\\nParentCommandLine: \\\"C:\\\\Program Files (x86)\\\\Microsoft\\\\Edge\\\\Application\\\\msedge.exe\\\" --no-startup-window /prefetch:5\\r\\nParentUser: SOC-LAB\\\\nam.user\\\"\"},\"eventdata\":{\"utcTime\":\"2026-10-02 04:53:50.078\",\"processGuid\":\"{e12a69d9-38de-6abf-4303-000000001700}\",\"processId\":\"2516\",\"image\":\"C:\\\\\\\\Program Files (x86)\\\\\\\\Microsoft\\\\\\\\Edge\\\\\\\\Application\\\\\\\\154.0.4258.48\\\\\\\\identity_helper.exe\",\"fileVersion\":\"154.0.4258.48\",\"description\":\"PWA Identity Proxy Host\",\"product\":\"Microsoft Edge\",\"company\":\"Microsoft Corporation\",\"originalFileName\":\"identity_helper.exe\",\"commandLine\":\"\\\\\\\"C:\\\\\\\\Program Files (x86)\\\\\\\\Microsoft\\\\\\\\Edge\\\\\\\\Application\\\\\\\\154.0.4258.48\\\\\\\\identity_helper.exe\\\\\\\" --type=utility --utility-sub-type=winrt_app_id.mojom.WinrtAppIdService --lang=en-US --service-sandbox-type=windows_package_identity --ram-no-pressure-read-main-dll --metrics-shmem-handle=5012,i,205826929077043935,5959977074029210499,524288 --field-trial-handle=2404,i,209205648249616707,16725008573636024905,262144 --variations-seed-version --pseudonymization-salt-handle=2408,i,18290480754366370836,12712334944360873779,4 --trace-process-track-uuid=3190708990997080739 --mojo-platform-channel-handle=4956 /prefetch:8\",\"currentDirectory\":\"C:\\\\\\\\Program Files (x86)\\\\\\\\Microsoft\\\\\\\\Edge\\\\\\\\Application\\\\\\\\154.0.4258.48\\\\\\\\\",\"user\":\"SOC-LAB\\\\\\\\nam.user\",\"logonGuid\":\"{e12a69d9-1fab-6abf-e90d-090000000000}\",\"logonId\":\"0x90de9\",\"terminalSessionId\":\"1\",\"integrityLevel\":\"Medium\",\"hashes\":\"MD5=885591A5C3F22031FC3996CC50EF6582,SHA256=6C0D3B042C2BDD80B86DB641CF88C5388D9BDF496A16EF8ED2E09FD0E95C93BE,IMPHASH=D7667DC133E0BF3576558C42276CCD30\",\"parentProcessGuid\":\"{e12a69d9-38dd-6abf-3d03-000000001700}\",\"parentProcessId\":\"2956\",\"parentImage\":\"C:\\\\\\\\Program Files (x86)\\\\\\\\Microsoft\\\\\\\\Edge\\\\\\\\Application\\\\\\\\msedge.exe\",\"parentCommandLine\":\"\\\\\\\"C:\\\\\\\\Program Files (x86)\\\\\\\\Microsoft\\\\\\\\Edge\\\\\\\\Application\\\\\\\\msedge.exe\\\\\\\" --no-startup-window /prefetch:5\",\"parentUser\":\"SOC-LAB\\\\\\\\nam.user\"}}}","decoder":{"name":"windows_eventchannel"},"data":{"win":{"system":{"providerName":"Microsoft-Windows-Sysmon","providerGuid":"{5770385f-c22a-43e0-bf4c-06f5698ffbd9}","eventID":"1","version":"5","level":"4","task":"1","opcode":"0","keywords":"0x8000000000000000","systemTime":"2026-10-02T04:53:50.0856510Z","eventRecordID":"12571","processID":"2140","threadID":"4056","channel":"Microsoft-Windows-Sysmon/Operational","computer":"WIN10-01.SOC-LAB.LOCAL","severityValue":"INFORMATION","message":"\"Process Create:\r\nRuleName: -\r\nUtcTime: 2026-10-02 04:53:50.078\r\nProcessGuid: {e12a69d9-38de-6abf-4303-000000001700}\r\nProcessId: 2516\r\nImage: C:\\Program Files (x86)\\Microsoft\\Edge\\Application\\154.0.4258.48\\identity_helper.exe\r\nFileVersion: 154.0.4258.48\r\nDescription: PWA Identity Proxy Host\r\nProduct: Microsoft Edge\r\nCompany: Microsoft Corporation\r\nOriginalFileName: identity_helper.exe\r\nCommandLine: \"C:\\Program Files (x86)\\Microsoft\\Edge\\Application\\154.0.4258.48\\identity_helper.exe\" --type=utility --utility-sub-type=winrt_app_id.mojom.WinrtAppIdService --lang=en-US --service-sandbox-type=windows_package_identity --ram-no-pressure-read-main-dll --metrics-shmem-handle=5012,i,205826929077043935,5959977074029210499,524288 --field-trial-handle=2404,i,209205648249616707,16725008573636024905,262144 --variations-seed-version --pseudonymization-salt-handle=2408,i,18290480754366370836,12712334944360873779,4 --trace-process-track-uuid=3190708990997080739 --mojo-platform-channel-handle=4956 /prefetch:8\r\nCurrentDirectory: C:\\Program Files (x86)\\Microsoft\\Edge\\Application\\154.0.4258.48\\\r\nUser: SOC-LAB\\nam.user\r\nLogonGuid: {e12a69d9-1fab-6abf-e90d-090000000000}\r\nLogonId: 0x90DE9\r\nTerminalSessionId: 1\r\nIntegrityLevel: Medium\r\nHashes: MD5=885591A5C3F22031FC3996CC50EF6582,SHA256=6C0D3B042C2BDD80B86DB641CF88C5388D9BDF496A16EF8ED2E09FD0E95C93BE,IMPHASH=D7667DC133E0BF3576558C42276CCD30\r\nParentProcessGuid: {e12a69d9-38dd-6abf-3d03-000000001700}\r\nParentProcessId: 2956\r\nParentImage: C:\\Program Files (x86)\\Microsoft\\Edge\\Application\\msedge.exe\r\nParentCommandLine: \"C:\\Program Files (x86)\\Microsoft\\Edge\\Application\\msedge.exe\" --no-startup-window /prefetch:5\r\nParentUser: SOC-LAB\\nam.user\""},"eventdata":{"utcTime":"2026-10-02 04:53:50.078","processGuid":"{e12a69d9-38de-6abf-4303-000000001700}","processId":"2516","image":"C:\\\\Program Files (x86)\\\\Microsoft\\\\Edge\\\\Application\\\\154.0.4258.48\\\\identity_helper.exe","fileVersion":"154.0.4258.48","description":"PWA Identity Proxy Host","product":"Microsoft Edge","company":"Microsoft Corporation","originalFileName":"identity_helper.exe","commandLine":"\\\"C:\\\\Program Files (x86)\\\\Microsoft\\\\Edge\\\\Application\\\\154.0.4258.48\\\\identity_helper.exe\\\" --type=utility --utility-sub-type=winrt_app_id.mojom.WinrtAppIdService --lang=en-US --service-sandbox-type=windows_package_identity --ram-no-pressure-read-main-dll --metrics-shmem-handle=5012,i,205826929077043935,5959977074029210499,524288 --field-trial-handle=2404,i,209205648249616707,16725008573636024905,262144 --variations-seed-version --pseudonymization-salt-handle=2408,i,18290480754366370836,12712334944360873779,4 --trace-process-track-uuid=3190708990997080739 --mojo-platform-channel-handle=4956 /prefetch:8","currentDirectory":"C:\\\\Program Files (x86)\\\\Microsoft\\\\Edge\\\\Application\\\\154.0.4258.48\\\\","user":"SOC-LAB\\\\nam.user","logonGuid":"{e12a69d9-1fab-6abf-e90d-090000000000}","logonId":"0x90de9","terminalSessionId":"1","integrityLevel":"Medium","hashes":"MD5=885591A5C3F22031FC3996CC50EF6582,SHA256=6C0D3B042C2BDD80B86DB641CF88C5388D9BDF496A16EF8ED2E09FD0E95C93BE,IMPHASH=D7667DC133E0BF3576558C42276CCD30","parentProcessGuid":"{e12a69d9-38dd-6abf-3d03-000000001700}","parentProcessId":"2956","parentImage":"C:\\\\Program Files (x86)\\\\Microsoft\\\\Edge\\\\Application\\\\msedge.exe","parentCommandLine":"\\\"C:\\\\Program Files (x86)\\\\Microsoft\\\\Edge\\\\Application\\\\msedge.exe\\\" --no-startup-window /prefetch:5","parentUser":"SOC-LAB\\\\nam.user"}}},"location":"EventChannel"}
{"timestamp":"2026-10-02T04:53:51.367+0000","agent":{"id":"001","name":"SOC-WIN10","ip":"192.168.50.20"},"manager":{"name":"soc-wazuh"},"id":"1790916831.1254284","full_log":"{\"win\":{\"system\":{\"providerName\":\"Microsoft-Windows-Sysmon\",\"providerGuid\":\"{5770385f-c22a-43e0-bf4c-06f5698ffbd9}\",\"eventID\":\"1\",\"version\":\"5\",\"level\":\"4\",\"task\":\"1\",\"opcode\":\"0\",\"keywords\":\"0x8000000000000000\",\"systemTime\":\"2026-10-02T04:53:50.0991977Z\",\"eventRecordID\":\"12572\",\"processID\":\"2140\",\"threadID\":\"4056\",\"channel\":\"Microsoft-Windows-Sysmon/Operational\",\"computer\":\"WIN10-01.SOC-LAB.LOCAL\",\"severityValue\":\"INFORMATION\",\"message\":\"\\\"Process Create:\\r\\nRuleName: -\\r\\nUtcTime: 2026-10-02 04:53:50.096\\r\\nProcessGuid: {e12a69d9-38de-6abf-4403-000000001700}\\r\\nProcessId: 3952\\r\\nImage: C:\\\\Program Files (x86)\\\\Microsoft\\\\Edge\\\\Application\\\\154.0.4258.48\\\\identity_helper.exe\\r\\nFileVersion: 154.0.4258.48\\r\\nDescription: PWA Identity Proxy Host\\r\\nProduct: Microsoft Edge\\r\\nCompany: Microsoft Corporation\\r\\nOriginalFileName: identity_helper.exe\\r\\nCommandLine: \\\"C:\\\\Program Files (x86)\\\\Microsoft\\\\Edge\\\\Application\\\\154.0.4258.48\\\\identity_helper.exe\\\" --type=utility --utility-sub-type=winrt_app_id.mojom.WinrtAppIdService --lang=en-US --service-sandbox-type=windows_package_identity --ram-no-pressure-read-main-dll --metrics-shmem-handle=5012,i,205826929077043935,5959977074029210499,524288 --field-trial-handle=2404,i,209205648249616707,16725008573636024905,262144 --variations-seed-version --pseudonymization-salt-handle=2408,i,18290480754366370836,12712334944360873779,4 --trace-process-track-uuid=3190708990997080739 --mojo-platform-channel-handle=4956 /prefetch:8\\r\\nCurrentDirectory: C:\\\\Program Files (x86)\\\\Microsoft\\\\Edge\\\\Application\\\\154.0.4258.48\\\\\\r\\nUser: SOC-LAB\\\\nam.user\\r\\nLogonGuid: {e12a69d9-1fab-6abf-e90d-090000000000}\\r\\nLogonId: 0x90DE9\\r\\nTerminalSessionId: 1\\r\\nIntegrityLevel: Medium\\r\\nHashes: MD5=885591A5C3F22031FC3996CC50EF6582,SHA256=6C0D3B042C2BDD80B86DB641CF88C5388D9BDF496A16EF8ED2E09FD0E95C93BE,IMPHASH=D7667DC133E0BF3576558C42276CCD30\\r\\nParentProcessGuid: {e12a69d9-38dd-6abf-3d03-000000001700}\\r\\nParentProcessId: 2956\\r\\nParentImage: C:\\\\Program Files (x86)\\\\Microsoft\\\\Edge\\\\Application\\\\msedge.exe\\r\\nParentCommandLine: \\\"C:\\\\Program Files (x86)\\\\Microsoft\\\\Edge\\\\Application\\\\msedge.exe\\\" --no-startup-window /prefetch:5\\r\\nParentUser: SOC-LAB\\\\nam.user\\\"\"},\"eventdata\":{\"utcTime\":\"2026-10-02 04:53:50.096\",\"processGuid\":\"{e12a69d9-38de-6abf-4403-000000001700}\",\"processId\":\"3952\",\"image\":\"C:\\\\\\\\Program Files (x86)\\\\\\\\Microsoft\\\\\\\\Edge\\\\\\\\Application\\\\\\\\154.0.4258.48\\\\\\\\identity_helper.exe\",\"fileVersion\":\"154.0.4258.48\",\"description\":\"PWA Identity Proxy Host\",\"product\":\"Microsoft Edge\",\"company\":\"Microsoft Corporation\",\"originalFileName\":\"identity_helper.exe\",\"commandLine\":\"\\\\\\\"C:\\\\\\\\Program Files (x86)\\\\\\\\Microsoft\\\\\\\\Edge\\\\\\\\Application\\\\\\\\154.0.4258.48\\\\\\\\identity_helper.exe\\\\\\\" --type=utility --utility-sub-type=winrt_app_id.mojom.WinrtAppIdService --lang=en-US --service-sandbox-type=windows_package_identity --ram-no-pressure-read-main-dll --metrics-shmem-handle=5012,i,205826929077043935,5959977074029210499,524288 --field-trial-handle=2404,i,209205648249616707,16725008573636024905,262144 --variations-seed-version --pseudonymization-salt-handle=2408,i,18290480754366370836,12712334944360873779,4 --trace-process-track-uuid=3190708990997080739 --mojo-platform-channel-handle=4956 /prefetch:8\",\"currentDirectory\":\"C:\\\\\\\\Program Files (x86)\\\\\\\\Microsoft\\\\\\\\Edge\\\\\\\\Application\\\\\\\\154.0.4258.48\\\\\\\\\",\"user\":\"SOC-LAB\\\\\\\\nam.user\",\"logonGuid\":\"{e12a69d9-1fab-6abf-e90d-090000000000}\",\"logonId\":\"0x90de9\",\"terminalSessionId\":\"1\",\"integrityLevel\":\"Medium\",\"hashes\":\"MD5=885591A5C3F22031FC3996CC50EF6582,SHA256=6C0D3B042C2BDD80B86DB641CF88C5388D9BDF496A16EF8ED2E09FD0E95C93BE,IMPHASH=D7667DC133E0BF3576558C42276CCD30\",\"parentProcessGuid\":\"{e12a69d9-38dd-6abf-3d03-000000001700}\",\"parentProcessId\":\"2956\",\"parentImage\":\"C:\\\\\\\\Program Files (x86)\\\\\\\\Microsoft\\\\\\\\Edge\\\\\\\\Application\\\\\\\\msedge.exe\",\"parentCommandLine\":\"\\\\\\\"C:\\\\\\\\Program Files (x86)\\\\\\\\Microsoft\\\\\\\\Edge\\\\\\\\Application\\\\\\\\msedge.exe\\\\\\\" --no-startup-window /prefetch:5\",\"parentUser\":\"SOC-LAB\\\\\\\\nam.user\"}}}","decoder":{"name":"windows_eventchannel"},"data":{"win":{"system":{"providerName":"Microsoft-Windows-Sysmon","providerGuid":"{5770385f-c22a-43e0-bf4c-06f5698ffbd9}","eventID":"1","version":"5","level":"4","task":"1","opcode":"0","keywords":"0x8000000000000000","systemTime":"2026-10-02T04:53:50.0991977Z","eventRecordID":"12572","processID":"2140","threadID":"4056","channel":"Microsoft-Windows-Sysmon/Operational","computer":"WIN10-01.SOC-LAB.LOCAL","severityValue":"INFORMATION","message":"\"Process Create:\r\nRuleName: -\r\nUtcTime: 2026-10-02 04:53:50.096\r\nProcessGuid: {e12a69d9-38de-6abf-4403-000000001700}\r\nProcessId: 3952\r\nImage: C:\\Program Files (x86)\\Microsoft\\Edge\\Application\\154.0.4258.48\\identity_helper.exe\r\nFileVersion: 154.0.4258.48\r\nDescription: PWA Identity Proxy Host\r\nProduct: Microsoft Edge\r\nCompany: Microsoft Corporation\r\nOriginalFileName: identity_helper.exe\r\nCommandLine: \"C:\\Program Files (x86)\\Microsoft\\Edge\\Application\\154.0.4258.48\\identity_helper.exe\" --type=utility --utility-sub-type=winrt_app_id.mojom.WinrtAppIdService --lang=en-US --service-sandbox-type=windows_package_identity --ram-no-pressure-read-main-dll --metrics-shmem-handle=5012,i,205826929077043935,5959977074029210499,524288 --field-trial-handle=2404,i,209205648249616707,16725008573636024905,262144 --variations-seed-version --pseudonymization-salt-handle=2408,i,18290480754366370836,12712334944360873779,4 --trace-process-track-uuid=3190708990997080739 --mojo-platform-channel-handle=4956 /prefetch:8\r\nCurrentDirectory: C:\\Program Files (x86)\\Microsoft\\Edge\\Application\\154.0.4258.48\\\r\nUser: SOC-LAB\\nam.user\r\nLogonGuid: {e12a69d9-1fab-6abf-e90d-090000000000}\r\nLogonId: 0x90DE9\r\nTerminalSessionId: 1\r\nIntegrityLevel: Medium\r\nHashes: MD5=885591A5C3F22031FC3996CC50EF6582,SHA256=6C0D3B042C2BDD80B86DB641CF88C5388D9BDF496A16EF8ED2E09FD0E95C93BE,IMPHASH=D7667DC133E0BF3576558C42276CCD30\r\nParentProcessGuid: {e12a69d9-38dd-6abf-3d03-000000001700}\r\nParentProcessId: 2956\r\nParentImage: C:\\Program Files (x86)\\Microsoft\\Edge\\Application\\msedge.exe\r\nParentCommandLine: \"C:\\Program Files (x86)\\Microsoft\\Edge\\Application\\msedge.exe\" --no-startup-window /prefetch:5\r\nParentUser: SOC-LAB\\nam.user\""},"eventdata":{"utcTime":"2026-10-02 04:53:50.096","processGuid":"{e12a69d9-38de-6abf-4403-000000001700}","processId":"3952","image":"C:\\\\Program Files (x86)\\\\Microsoft\\\\Edge\\\\Application\\\\154.0.4258.48\\\\identity_helper.exe","fileVersion":"154.0.4258.48","description":"PWA Identity Proxy Host","product":"Microsoft Edge","company":"Microsoft Corporation","originalFileName":"identity_helper.exe","commandLine":"\\\"C:\\\\Program Files (x86)\\\\Microsoft\\\\Edge\\\\Application\\\\154.0.4258.48\\\\identity_helper.exe\\\" --type=utility --utility-sub-type=winrt_app_id.mojom.WinrtAppIdService --lang=en-US --service-sandbox-type=windows_package_identity --ram-no-pressure-read-main-dll --metrics-shmem-handle=5012,i,205826929077043935,5959977074029210499,524288 --field-trial-handle=2404,i,209205648249616707,16725008573636024905,262144 --variations-seed-version --pseudonymization-salt-handle=2408,i,18290480754366370836,12712334944360873779,4 --trace-process-track-uuid=3190708990997080739 --mojo-platform-channel-handle=4956 /prefetch:8","currentDirectory":"C:\\\\Program Files (x86)\\\\Microsoft\\\\Edge\\\\Application\\\\154.0.4258.48\\\\","user":"SOC-LAB\\\\nam.user","logonGuid":"{e12a69d9-1fab-6abf-e90d-090000000000}","logonId":"0x90de9","terminalSessionId":"1","integrityLevel":"Medium","hashes":"MD5=885591A5C3F22031FC3996CC50EF6582,SHA256=6C0D3B042C2BDD80B86DB641CF88C5388D9BDF496A16EF8ED2E09FD0E95C93BE,IMPHASH=D7667DC133E0BF3576558C42276CCD30","parentProcessGuid":"{e12a69d9-38dd-6abf-3d03-000000001700}","parentProcessId":"2956","parentImage":"C:\\\\Program Files (x86)\\\\Microsoft\\\\Edge\\\\Application\\\\msedge.exe","parentCommandLine":"\\\"C:\\\\Program Files (x86)\\\\Microsoft\\\\Edge\\\\Application\\\\msedge.exe\\\" --no-startup-window /prefetch:5","parentUser":"SOC-LAB\\\\nam.user"}}},"location":"EventChannel"}
{"timestamp":"2026-10-02T04:53:51.375+0000","agent":{"id":"001","name":"SOC-WIN10","ip":"192.168.50.20"},"manager":{"name":"soc-wazuh"},"id":"1790916831.1254284","full_log":"{\"win\":{\"system\":{\"providerName\":\"Microsoft-Windows-Sysmon\",\"providerGuid\":\"{5770385f-c22a-43e0-bf4c-06f5698ffbd9}\",\"eventID\":\"22\",\"version\":\"5\",\"level\":\"4\",\"task\":\"22\",\"opcode\":\"0\",\"keywords\":\"0x8000000000000000\",\"systemTime\":\"2026-10-02T04:53:50.0995051Z\",\"eventRecordID\":\"12573\",\"processID\":\"2140\",\"threadID\":\"4072\",\"channel\":\"Microsoft-Windows-Sysmon/Operational\",\"computer\":\"WIN10-01.SOC-LAB.LOCAL\",\"severityValue\":\"INFORMATION\",\"message\":\"\\\"Dns query:\\r\\nRuleName: -\\r\\nUtcTime: 2026-10-02 04:53:49.899\\r\\nProcessGuid: {e12a69d9-38dd-6abf-3f03-000000001700}\\r\\nProcessId: 4220\\r\\nQueryName: wpad\\r\\nQueryStatus: 1460\\r\\nQueryResults: -\\r\\nImage: C:\\\\Program Files (x86)\\\\Microsoft\\\\Edge\\\\Application\\\\msedge.exe\\r\\nUser: SOC-LAB\\\\nam.user\\\"\"},\"eventdata\":{\"utcTime\":\"2026-10-02 04:53:49.899\",\"processGuid\":\"{e12a69d9-38dd-6abf-3f03-000000001700}\",\"processId\":\"4220\",\"queryName\":\"wpad\",\"queryStatus\":\"1460\",\"image\":\"C:\\\\\\\\Program Files (x86)\\\\\\\\Microsoft\\\\\\\\Edge\\\\\\\\Application\\\\\\\\msedge.exe\",\"user\":\"SOC-LAB\\\\\\\\nam.user\"}}}","decoder":{"name":"windows_eventchannel"},"data":{"win":{"system":{"providerName":"Microsoft-Windows-Sysmon","providerGuid":"{5770385f-c22a-43e0-bf4c-06f5698ffbd9}","eventID":"22","version":"5","level":"4","task":"22","opcode":"0","keywords":"0x8000000000000000","systemTime":"2026-10-02T04:53:50.0995051Z","eventRecordID":"12573","processID":"2140","threadID":"4072","channel":"Microsoft-Windows-Sysmon/Operational","computer":"WIN10-01.SOC-LAB.LOCAL","severityValue":"INFORMATION","message":"\"Dns query:\r\nRuleName: -\r\nUtcTime: 2026-10-02 04:53:49.899\r\nProcessGuid: {e12a69d9-38dd-6abf-3f03-000000001700}\r\nProcessId: 4220\r\nQueryName: wpad\r\nQueryStatus: 1460\r\nQueryResults: -\r\nImage: C:\\Program Files (x86)\\Microsoft\\Edge\\Application\\msedge.exe\r\nUser: SOC-LAB\\nam.user\""},"eventdata":{"utcTime":"2026-10-02 04:53:49.899","processGuid":"{e12a69d9-38dd-6abf-3f03-000000001700}","processId":"4220","queryName":"wpad","queryStatus":"1460","image":"C:\\\\Program Files (x86)\\\\Microsoft\\\\Edge\\\\Application\\\\msedge.exe","user":"SOC-LAB\\\\nam.user"}}},"location":"EventChannel"}
