{"timestamp":"2026-10-02T04:52:23.838+0000","rule":{"level":15,"description":"Executable file dropped in folder commonly used by malware","id":"92213","mitre":{"id":["T1105"],"tactic":["Command and Control"],"technique":["Ingress Tool Transfer"]},"firedtimes":43,"mail":true,"groups":["sysmon","sysmon_eid11_detections","windows"]},"agent":{"id":"001","name":"SOC-WIN10","ip":"192.168.50.20"},"manager":{"name":"soc-wazuh"},"id":"1790916743.1154760","full_log":"{\"win\":{\"system\":{\"providerName\":\"Microsoft-Windows-Sysmon\",\"providerGuid\":\"{5770385f-c22a-43e0-bf4c-06f5698ffbd9}\",\"eventID\":\"11\",\"version\":\"2\",\"level\":\"4\",\"task\":\"11\",\"opcode\":\"0\",\"keywords\":\"0x8000000000000000\",\"systemTime\":\"2026-10-02T04:52:22.3910730Z\",\"eventRecordID\":\"12519\",\"processID\":\"2140\",\"threadID\":\"4056\",\"channel\":\"Microsoft-Windows-Sysmon/Operational\",\"computer\":\"WIN10-01.SOC-LAB.LOCAL\",\"severityValue\":\"INFORMATION\",\"message\":\"\\\"File created:\\r\\nRuleName: -\\r\\nUtcTime: 2026-10-02 04:52:22.375\\r\\nProcessGuid: {e12a69d9-3886-6abf-1703-000000001700}\\r\\nProcessId: 2540\\r\\nImage: C:\\\\Windows\\\\System32\\\\WindowsPowerShell\\\\v1.0\\\\powershell.exe\\r\\nTargetFilename: C:\\\\Users\\\\nam.user\\\\AppData\\\\Local\\\\Temp\\\\__PSScriptPolicyTest_5u0vhrrp.n32.ps1\\r\\nCreationUtcTime: 2026-10-02 04:52:22.375\\r\\nUser: SOC-LAB\\\\nam.user\\\"\"},\"eventdata\":{\"utcTime\":\"2026-10-02 04:52:22.375\",\"processGuid\":\"{e12a69d9-3886-6abf-1703-000000001700}\",\"processId\":\"2540\",\"image\":\"C:\\\\\\\\Windows\\\\\\\\System32\\\\\\\\WindowsPowerShell\\\\\\\\v1.0\\\\\\\\powershell.exe\",\"targetFilename\":\"C:\\\\\\\\Users\\\\\\\\nam.user\\\\\\\\AppData\\\\\\\\Local\\\\\\\\Temp\\\\\\\\__PSScriptPolicyTest_5u0vhrrp.n32.ps1\",\"creationUtcTime\":\"2026-10-02 04:52:22.375\",\"user\":\"SOC-LAB\\\\\\\\nam.user\"}}}","decoder":{"name":"windows_eventchannel"},"data":{"win":{"system":{"providerName":"Microsoft-Windows-Sysmon","providerGuid":"{5770385f-c22a-43e0-bf4c-06f5698ffbd9}","eventID":"11","version":"2","level":"4","task":"11","opcode":"0","keywords":"0x8000000000000000","systemTime":"2026-10-02T04:52:22.3910730Z","eventRecordID":"12519","processID":"2140","threadID":"4056","channel":"Microsoft-Windows-Sysmon/Operational","computer":"WIN10-01.SOC-LAB.LOCAL","severityValue":"INFORMATION","message":"\"File created:\r\nRuleName: -\r\nUtcTime: 2026-10-02 04:52:22.375\r\nProcessGuid: {e12a69d9-3886-6abf-1703-000000001700}\r\nProcessId: 2540\r\nImage: C:\\Windows\\System32\\WindowsPowerShell\\v1.0\\powershell.exe\r\nTargetFilename: C:\\Users\\nam.user\\AppData\\Local\\Temp\\__PSScriptPolicyTest_5u0vhrrp.n32.ps1\r\nCreationUtcTime: 2026-10-02 04:52:22.375\r\nUser: SOC-LAB\\nam.user\""},"eventdata":{"utcTime":"2026-10-02 04:52:22.375","processGuid":"{e12a69d9-3886-6abf-1703-000000001700}","processId":"2540","image":"C:\\\\Windows\\\\System32\\\\WindowsPowerShell\\\\v1.0\\\\powershell.exe","targetFilename":"C:\\\\Users\\\\nam.user\\\\AppData\\\\Local\\\\Temp\\\\__PSScriptPolicyTest_5u0vhrrp.n32.ps1","creationUtcTime":"2026-10-02 04:52:22.375","user":"SOC-LAB\\\\nam.user"}}},"location":"EventChannel"}
{"timestamp":"2026-10-02T04:52:25.138+0000","rule":{"level":4,"description":"Powershell process spawned powershell instance","id":"92027","mitre":{"id":["T1059.001"],"tactic":["Execution"],"technique":["PowerShell"]},"firedtimes":42,"mail":false,"groups":["sysmon","sysmon_eid1_detections","windows"]},"agent":{"id":"001","name":"SOC-WIN10","ip":"192.168.50.20"},"manager":{"name":"soc-wazuh"},"id":"1790916745.1160886","full_log":"{\"win\":{\"system\":{\"providerName\":\"Microsoft-Windows-Sysmon\",\"providerGuid\":\"{5770385f-c22a-43e0-bf4c-06f5698ffbd9}\",\"eventID\":\"1\",\"version\":\"5\",\"level\":\"4\",\"task\":\"1\",\"opcode\":\"0\",\"keywords\":\"0x8000000000000000\",\"systemTime\":\"2026-10-02T04:52:23.1808058Z\",\"eventRecordID\":\"12520\",\"processID\":\"2140\",\"threadID\":\"4056\",\"channel\":\"Microsoft-Windows-Sysmon/Operational\",\"computer\":\"WIN10-01.SOC-LAB.LOCAL\",\"severityValue\":\"INFORMATION\",\"message\":\"\\\"Process Create:\\r\\nRuleName: -\\r\\nUtcTime: 2026-10-02 04:52:23.179\\r\\nProcessGuid: {e12a69d9-3887-6abf-1803-000000001700}\\r\\nProcessId: 7144\\r\\nImage: C:\\\\Windows\\\\System32\\\\WindowsPowerShell\\\\v1.0\\\\powershell.exe\\r\\nFileVersion: 10.0.19041.3996 (WinBuild.160101.0800)\\r\\nDescription: Windows PowerShell\\r\\nProduct: Microsoft® Windows® Operating System\\r\\nCompany: Microsoft Corporation\\r\\nOriginalFileName: PowerShell.EXE\\r\\nCommandLine: \\\"C:\\\\Windows\\\\System32\\\\WindowsPowerShell\\\\v1.0\\\\powershell.exe\\\" -NoProfile -Command \\\"Test-Path C:\\\\Windows\\\"\\r\\nCurrentDirectory: C:\\\\Users\\\\nam.user\\\\\\r\\nUser: SOC-LAB\\\\nam.user\\r\\nLogonGuid: {e12a69d9-1fab-6abf-e90d-090000000000}\\r\\nLogonId: 0x90DE9\\r\\nTerminalSessionId: 1\\r\\nIntegrityLevel: Medium\\r\\nHashes: MD5=2E5A8590CF6848968FC23DE3FA1E25F1,SHA256=9785001B0DCF755EDDB8AF294A373C0B87B2498660F724E76C4D53F9C217C7A3,IMPHASH=3D08F4848535206D772DE145804FF4B6\\r\\nParentProcessGuid: {e12a69d9-2170-6abf-5b01-000000001700}\\r\\nParentProcessId: 7604\\r\\nParentImage: C:\\\\Windows\\\\System32\\\\WindowsPowerShell\\\\v1.0\\\\powershell.exe\\r\\nParentCommandLine: \\\"C:\\\\Windows\\\\System32\\\\WindowsPowerShell\\\\v1.0\\\\powershell.exe\\\" \\r\\nParentUser: SOC-LAB\\\\nam.user\\\"\"},\"eventdata\":{\"utcTime\":\"2026-10-02 04:52:23.179\",\"processGuid\":\"{e12a69d9-3887-6abf-1803-000000001700}\",\"processId\":\"7144\",\"image\":\"C:\\\\\\\\Windows\\\\\\\\System32\\\\\\\\WindowsPowerShell\\\\\\\\v1.0\\\\\\\\powershell.exe\",\"fileVersion\":\"10.0.19041.3996 (WinBuild.160101.0800)\",\"description\":\"Windows PowerShell\",\"product\":\"Microsoft® Windows® Operating System\",\"company\":\"Microsoft Corporation\",\"originalFileName\":\"PowerShell.EXE\",\"commandLine\":\"\\\\\\\"C:\\\\\\\\Windows\\\\\\\\System32\\\\\\\\WindowsPowerShell\\\\\\\\v1.0\\\\\\\\powershell.exe\\\\\\\" -NoProfile -Command \\\\\\\"Test-Path C:\\\\\\\\Windows\\\\\\\"\",\"currentDirectory\":\"C:\\\\\\\\Users\\\\\\\\nam.user\\\\\\\\\",\"user\":\"SOC-LAB\\\\\\\\nam.user\",\"logonGuid\":\"{e12a69d9-1fab-6abf-e90d-090000000000}\",\"logonId\":\"0x90de9\",\"terminalSessionId\":\"1\",\"integrityLevel\":\"Medium\",\"hashes\":\"MD5=2E5A8590CF6848968FC23DE3FA1E25F1,SHA256=9785001B0DCF755EDDB8AF294A373C0B87B2498660F724E76C4D53F9C217C7A3,IMPHASH=3D08F4848535206D772DE145804FF4B6\",\"parentProcessGuid\":\"{e12a69d9-2170-6abf-5b01-000000001700}\",\"parentProcessId\":\"7604\",\"parentImage\":\"C:\\\\\\\\Windows\\\\\\\\System32\\\\\\\\WindowsPowerShell\\\\\\\\v1.0\\\\\\\\powershell.exe\",\"parentCommandLine\":\"\\\\\\\"C:\\\\\\\\Windows\\\\\\\\System32\\\\\\\\WindowsPowerShell\\\\\\\\v1.0\\\\\\\\powershell.exe\\\\\\\"\",\"parentUser\":\"SOC-LAB\\\\\\\\nam.user\"}}}","decoder":{"name":"windows_eventchannel"},"data":{"win":{"system":{"providerName":"Microsoft-Windows-Sysmon","providerGuid":"{5770385f-c22a-43e0-bf4c-06f5698ffbd9}","eventID":"1","version":"5","level":"4","task":"1","opcode":"0","keywords":"0x8000000000000000","systemTime":"2026-10-02T04:52:23.1808058Z","eventRecordID":"12520","processID":"2140","threadID":"4056","channel":"Microsoft-Windows-Sysmon/Operational","computer":"WIN10-01.SOC-LAB.LOCAL","severityValue":"INFORMATION","message":"\"Process Create:\r\nRuleName: -\r\nUtcTime: 2026-10-02 04:52:23.179\r\nProcessGuid: {e12a69d9-3887-6abf-1803-000000001700}\r\nProcessId: 7144\r\nImage: C:\\Windows\\System32\\WindowsPowerShell\\v1.0\\powershell.exe\r\nFileVersion: 10.0.19041.3996 (WinBuild.160101.0800)\r\nDescription: Windows PowerShell\r\nProduct: Microsoft® Windows® Operating System\r\nCompany: Microsoft Corporation\r\nOriginalFileName: PowerShell.EXE\r\nCommandLine: \"C:\\Windows\\System32\\WindowsPowerShell\\v1.0\\powershell.exe\" -NoProfile -Command \"Test-Path C:\\Windows\"\r\nCurrentDirectory: C:\\Users\\nam.user\\\r\nUser: SOC-LAB\\nam.user\r\nLogonGuid: {e12a69d9-1fab-6abf-e90d-090000000000}\r\nLogonId: 0x90DE9\r\nTerminalSessionId: 1\r\nIntegrityLevel: Medium\r\nHashes: MD5=2E5A8590CF6848968FC23DE3FA1E25F1,SHA256=9785001B0DCF755EDDB8AF294A373C0B87B2498660F724E76C4D53F9C217C7A3,IMPHASH=3D08F4848535206D772DE145804FF4B6\r\nParentProcessGuid: {e12a69d9-2170-6abf-5b01-000000001700}\r\nParentProcessId: 7604\r\nParentImage: C:\\Windows\\System32\\WindowsPowerShell\\v1.0\\powershell.exe\r\nParentCommandLine: \"C:\\Windows\\System32\\WindowsPowerShell\\v1.0\\powershell.exe\" \r\nParentUser: SOC-LAB\\nam.user\""},"eventdata":{"utcTime":"2026-10-02 04:52:23.179","processGuid":"{e12a69d9-3887-6abf-1803-000000001700}","processId":"7144","image":"C:\\\\Windows\\\\System32\\\\WindowsPowerShell\\\\v1.0\\\\powershell.exe","fileVersion":"10.0.19041.3996 (WinBuild.160101.0800)","description":"Windows PowerShell","product":"Microsoft® Windows® Operating System","company":"Microsoft Corporation","originalFileName":"PowerShell.EXE","commandLine":"\\\"C:\\\\Windows\\\\System32\\\\WindowsPowerShell\\\\v1.0\\\\powershell.exe\\\" -NoProfile -Command \\\"Test-Path C:\\\\Windows\\\"","currentDirectory":"C:\\\\Users\\\\nam.user\\\\","user":"SOC-LAB\\\\nam.user","logonGuid":"{e12a69d9-1fab-6abf-e90d-090000000000}","logonId":"0x90de9","terminalSessionId":"1","integrityLevel":"Medium","hashes":"MD5=2E5A8590CF6848968FC23DE3FA1E25F1,SHA256=9785001B0DCF755EDDB8AF294A373C0B87B2498660F724E76C4D53F9C217C7A3,IMPHASH=3D08F4848535206D772DE145804FF4B6","parentProcessGuid":"{e12a69d9-2170-6abf-5b01-000000001700}","parentProcessId":"7604","parentImage":"C:\\\\Windows\\\\System32\\\\WindowsPowerShell\\\\v1.0\\\\powershell.exe","parentCommandLine":"\\\"C:\\\\Windows\\\\System32\\\\WindowsPowerShell\\\\v1.0\\\\powershell.exe\\\"","parentUser":"SOC-LAB\\\\nam.user"}}},"location":"EventChannel"}
{"timestamp":"2026-10-02T04:52:25.139+0000","rule":{"level":15,"description":"Executable file dropped in folder commonly used by malware","id":"92213","mitre":{"id":["T1105"],"tactic":["Command and Control"],"technique":["Ingress Tool Transfer"]},"firedtimes":44,"mail":true,"groups":["sysmon","sysmon_eid11_detections","windows"]},"agent":{"id":"001","name":"SOC-WIN10","ip":"192.168.50.20"},"manager":{"name":"soc-wazuh"},"id":"1790916745.1163674","full_log":"{\"win\":{\"system\":{\"providerName\":\"Microsoft-Windows-Sysmon\",\"providerGuid\":\"{5770385f-c22a-43e0-bf4c-06f5698ffbd9}\",\"eventID\":\"11\",\"version\":\"2\",\"level\":\"4\",\"task\":\"11\",\"opcode\":\"0\",\"keywords\":\"0x8000000000000000\",\"systemTime\":\"2026-10-02T04:52:23.2550348Z\",\"eventRecordID\":\"12521\",\"processID\":\"2140\",\"threadID\":\"4056\",\"channel\":\"Microsoft-Windows-Sysmon/Operational\",\"computer\":\"WIN10-01.SOC-LAB.LOCAL\",\"severityValue\":\"INFORMATION\",\"message\":\"\\\"File created:\\r\\nRuleName: -\\r\\nUtcTime: 2026-10-02 04:52:23.235\\r\\nProcessGuid: {e12a69d9-3887-6abf-1803-000000001700}\\r\\nProcessId: 7144\\r\\nImage: C:\\\\Windows\\\\System32\\\\WindowsPowerShell\\\\v1.0\\\\powershell.exe\\r\\nTargetFilename: C:\\\\Users\\\\nam.user\\\\AppData\\\\Local\\\\Temp\\\\__PSScriptPolicyTest_5tiav5pb.m0p.ps1\\r\\nCreationUtcTime: 2026-10-02 04:52:23.235\\r\\nUser: SOC-LAB\\\\nam.user\\\"\"},\"eventdata\":{\"utcTime\":\"2026-10-02 04:52:23.235\",\"processGuid\":\"{e12a69d9-3887-6abf-1803-000000001700}\",\"processId\":\"7144\",\"image\":\"C:\\\\\\\\Windows\\\\\\\\System32\\\\\\\\WindowsPowerShell\\\\\\\\v1.0\\\\\\\\powershell.exe\",\"targetFilename\":\"C:\\\\\\\\Users\\\\\\\\nam.user\\\\\\\\AppData\\\\\\\\Local\\\\\\\\Temp\\\\\\\\__PSScriptPolicyTest_5tiav5pb.m0p.ps1\",\"creationUtcTime\":\"2026-10-02 04:52:23.235\",\"user\":\"SOC-LAB\\\\\\\\nam.user\"}}}","decoder":{"name":"windows_eventchannel"},"data":{"win":{"system":{"providerName":"Microsoft-Windows-Sysmon","providerGuid":"{5770385f-c22a-43e0-bf4c-06f5698ffbd9}","eventID":"11","version":"2","level":"4","task":"11","opcode":"0","keywords":"0x8000000000000000","systemTime":"2026-10-02T04:52:23.2550348Z","eventRecordID":"12521","processID":"2140","threadID":"4056","channel":"Microsoft-Windows-Sysmon/Operational","computer":"WIN10-01.SOC-LAB.LOCAL","severityValue":"INFORMATION","message":"\"File created:\r\nRuleName: -\r\nUtcTime: 2026-10-02 04:52:23.235\r\nProcessGuid: {e12a69d9-3887-6abf-1803-000000001700}\r\nProcessId: 7144\r\nImage: C:\\Windows\\System32\\WindowsPowerShell\\v1.0\\powershell.exe\r\nTargetFilename: C:\\Users\\nam.user\\AppData\\Local\\Temp\\__PSScriptPolicyTest_5tiav5pb.m0p.ps1\r\nCreationUtcTime: 2026-10-02 04:52:23.235\r\nUser: SOC-LAB\\nam.user\""},"eventdata":{"utcTime":"2026-10-02 04:52:23.235","processGuid":"{e12a69d9-3887-6abf-1803-000000001700}","processId":"7144","image":"C:\\\\Windows\\\\System32\\\\WindowsPowerShell\\\\v1.0\\\\powershell.exe","targetFilename":"C:\\\\Users\\\\nam.user\\\\AppData\\\\Local\\\\Temp\\\\__PSScriptPolicyTest_5tiav5pb.m0p.ps1","creationUtcTime":"2026-10-02 04:52:23.235","user":"SOC-LAB\\\\nam.user"}}},"location":"EventChannel"}
{"timestamp":"2026-10-02T04:52:25.151+0000","agent":{"id":"001","name":"SOC-WIN10","ip":"192.168.50.20"},"manager":{"name":"soc-wazuh"},"id":"1790916745.1169839","full_log":"{\"win\":{\"system\":{\"providerName\":\"Microsoft-Windows-Sysmon\",\"providerGuid\":\"{5770385f-c22a-43e0-bf4c-06f5698ffbd9}\",\"eventID\":\"1\",\"version\":\"5\",\"level\":\"4\",\"task\":\"1\",\"opcode\":\"0\",\"keywords\":\"0x8000000000000000\",\"systemTime\":\"2026-10-02T04:52:23.4202721Z\",\"eventRecordID\":\"12522\",\"processID\":\"2140\",\"threadID\":\"4056\",\"channel\":\"Microsoft-Windows-Sysmon/Operational\",\"computer\":\"WIN10-01.SOC-LAB.LOCAL\",\"severityValue\":\"INFORMATION\",\"message\":\"\\\"Process Create:\\r\\nRuleName: -\\r\\nUtcTime: 2026-10-02 04:52:23.418\\r\\nProcessGuid: {e12a69d9-3887-6abf-1903-000000001700}\\r\\nProcessId: 6724\\r\\nImage: C:\\\\Windows\\\\System32\\\\notepad.exe\\r\\nFileVersion: 10.0.19041.5794 (WinBuild.160101.0800)\\r\\nDescription: Notepad\\r\\nProduct: Microsoft® Windows® Operating System\\r\\nCompany: Microsoft Corporation\\r\\nOriginalFileName: NOTEPAD.EXE\\r\\nCommandLine: \\\"C:\\\\Windows\\\\system32\\\\notepad.exe\\\"\\r\\nCurrentDirectory: C:\\\\Users\\\\nam.user\\\\\\r\\nUser: SOC-LAB\\\\nam.user\\r\\nLogonGuid: {e12a69d9-1fab-6abf-e90d-090000000000}\\r\\nLogonId: 0x90DE9\\r\\nTerminalSessionId: 1\\r\\nIntegrityLevel: Medium\\r\\nHashes: MD5=6F51BCABF1B2B34AD7E670AEE6DA451F,SHA256=DA5807BB0997CC6B5132950EC87EDA2B33B1AC4533CF1F7A22A6F3B576ED7C5B,IMPHASH=09ED737A03DB7295BF734A9953F6EB5E\\r\\nParentProcessGuid: {e12a69d9-2170-6abf-5b01-000000001700}\\r\\nParentProcessId: 7604\\r\\nParentImage: C:\\\\Windows\\\\System32\\\\WindowsPowerShell\\\\v1.0\\\\powershell.exe\\r\\nParentCommandLine: \\\"C:\\\\Windows\\\\System32\\\\WindowsPowerShell\\\\v1.0\\\\powershell.exe\\\" \\r\\nParentUser: SOC-LAB\\\\nam.user\\\"\"},\"eventdata\":{\"utcTime\":\"2026-10-02 04:52:23.418\",\"processGuid\":\"{e12a69d9-3887-6abf-1903-000000001700}\",\"processId\":\"6724\",\"image\":\"C:\\\\\\\\Windows\\\\\\\\System32\\\\\\\\notepad.exe\",\"fileVersion\":\"10.0.19041.5794 (WinBuild.160101.0800)\",\"description\":\"Notepad\",\"product\":\"Microsoft® Windows® Operating System\",\"company\":\"Microsoft Corporation\",\"originalFileName\":\"NOTEPAD.EXE\",\"commandLine\":\"\\\\\\\"C:\\\\\\\\Windows\\\\\\\\system32\\\\\\\\notepad.exe\\\\\\\"\",\"currentDirectory\":\"C:\\\\\\\\Users\\\\\\\\nam.user\\\\\\\\\",\"user\":\"SOC-LAB\\\\\\\\nam.user\",\"logonGuid\":\"{e12a69d9-1fab-6abf-e90d-090000000000}\",\"logonId\":\"0x90de9\",\"terminalSessionId\":\"1\",\"integrityLevel\":\"Medium\",\"hashes\":\"MD5=6F51BCABF1B2B34AD7E670AEE6DA451F,SHA256=DA5807BB0997CC6B5132950EC87EDA2B33B1AC4533CF1F7A22A6F3B576ED7C5B,IMPHASH=09ED737A03DB7295BF734A9953F6EB5E\",\"parentProcessGuid\":\"{e12a69d9-2170-6abf-5b01-000000001700}\",\"parentProcessId\":\"7604\",\"parentImage\":\"C:\\\\\\\\Windows\\\\\\\\System32\\\\\\\\WindowsPowerShell\\\\\\\\v1.0\\\\\\\\powershell.exe\",\"parentCommandLine\":\"\\\\\\\"C:\\\\\\\\Windows\\\\\\\\System32\\\\\\\\WindowsPowerShell\\\\\\\\v1.0\\\\\\\\powershell.exe\\\\\\\"\",\"parentUser\":\"SOC-LAB\\\\\\\\nam.user\"}}}","decoder":{"name":"windows_eventchannel"},"data":{"win":{"system":{"providerName":"Microsoft-Windows-Sysmon","providerGuid":"{5770385f-c22a-43e0-bf4c-06f5698ffbd9}","eventID":"1","version":"5","level":"4","task":"1","opcode":"0","keywords":"0x8000000000000000","systemTime":"2026-10-02T04:52:23.4202721Z","eventRecordID":"12522","processID":"2140","threadID":"4056","channel":"Microsoft-Windows-Sysmon/Operational","computer":"WIN10-01.SOC-LAB.LOCAL","severityValue":"INFORMATION","message":"\"Process Create:\r\nRuleName: -\r\nUtcTime: 2026-10-02 04:52:23.418\r\nProcessGuid: {e12a69d9-3887-6abf-1903-000000001700}\r\nProcessId: 6724\r\nImage: C:\\Windows\\System32\\notepad.exe\r\nFileVersion: 10.0.19041.5794 (WinBuild.160101.0800)\r\nDescription: Notepad\r\nProduct: Microsoft® Windows® Operating System\r\nCompany: Microsoft Corporation\r\nOriginalFileName: NOTEPAD.EXE\r\nCommandLine: \"C:\\Windows\\system32\\notepad.exe\"\r\nCurrentDirectory: C:\\Users\\nam.user\\\r\nUser: SOC-LAB\\nam.user\r\nLogonGuid: {e12a69d9-1fab-6abf-e90d-090000000000}\r\nLogonId: 0x90DE9\r\nTerminalSessionId: 1\r\nIntegrityLevel: Medium\r\nHashes: MD5=6F51BCABF1B2B34AD7E670AEE6DA451F,SHA256=DA5807BB0997CC6B5132950EC87EDA2B33B1AC4533CF1F7A22A6F3B576ED7C5B,IMPHASH=09ED737A03DB7295BF734A9953F6EB5E\r\nParentProcessGuid: {e12a69d9-2170-6abf-5b01-000000001700}\r\nParentProcessId: 7604\r\nParentImage: C:\\Windows\\System32\\WindowsPowerShell\\v1.0\\powershell.exe\r\nParentCommandLine: \"C:\\Windows\\System32\\WindowsPowerShell\\v1.0\\powershell.exe\" \r\nParentUser: SOC-LAB\\nam.user\""},"eventdata":{"utcTime":"2026-10-02 04:52:23.418","processGuid":"{e12a69d9-3887-6abf-1903-000000001700}","processId":"6724","image":"C:\\\\Windows\\\\System32\\\\notepad.exe","fileVersion":"10.0.19041.5794 (WinBuild.160101.0800)","description":"Notepad","product":"Microsoft® Windows® Operating System","company":"Microsoft Corporation","originalFileName":"NOTEPAD.EXE","commandLine":"\\\"C:\\\\Windows\\\\system32\\\\notepad.exe\\\"","currentDirectory":"C:\\\\Users\\\\nam.user\\\\","user":"SOC-LAB\\\\nam.user","logonGuid":"{e12a69d9-1fab-6abf-e90d-090000000000}","logonId":"0x90de9","terminalSessionId":"1","integrityLevel":"Medium","hashes":"MD5=6F51BCABF1B2B34AD7E670AEE6DA451F,SHA256=DA5807BB0997CC6B5132950EC87EDA2B33B1AC4533CF1F7A22A6F3B576ED7C5B,IMPHASH=09ED737A03DB7295BF734A9953F6EB5E","parentProcessGuid":"{e12a69d9-2170-6abf-5b01-000000001700}","parentProcessId":"7604","parentImage":"C:\\\\Windows\\\\System32\\\\WindowsPowerShell\\\\v1.0\\\\powershell.exe","parentCommandLine":"\\\"C:\\\\Windows\\\\System32\\\\WindowsPowerShell\\\\v1.0\\\\powershell.exe\\\"","parentUser":"SOC-LAB\\\\nam.user"}}},"location":"EventChannel"}
{"timestamp":"2026-10-02T04:52:33.018+0000","agent":{"id":"001","name":"SOC-WIN10","ip":"192.168.50.20"},"manager":{"name":"soc-wazuh"},"id":"1790916753.1169839","full_log":"{\"win\":{\"system\":{\"providerName\":\"Microsoft-Windows-Sysmon\",\"providerGuid\":\"{5770385f-c22a-43e0-bf4c-06f5698ffbd9}\",\"eventID\":\"1\",\"version\":\"5\",\"level\":\"4\",\"task\":\"1\",\"opcode\":\"0\",\"keywords\":\"0x8000000000000000\",\"systemTime\":\"2026-10-02T04:52:31.0512123Z\",\"eventRecordID\":\"12523\",\"processID\":\"2140\",\"threadID\":\"4056\",\"channel\":\"Microsoft-Windows-Sysmon/Operational\",\"computer\":\"WIN10-01.SOC-LAB.LOCAL\",\"severityValue\":\"INFORMATION\",\"message\":\"\\\"Process Create:\\r\\nRuleName: -\\r\\nUtcTime: 2026-10-02 04:52:31.042\\r\\nProcessGuid: {e12a69d9-388f-6abf-1a03-000000001700}\\r\\nProcessId: 5440\\r\\nImage: C:\\\\Windows\\\\System32\\\\calc.exe\\r\\nFileVersion: 10.0.19041.1 (WinBuild.160101.0800)\\r\\nDescription: Windows Calculator\\r\\nProduct: Microsoft® Windows® Operating System\\r\\nCompany: Microsoft Corporation\\r\\nOriginalFileName: CALC.EXE\\r\\nCommandLine: \\\"C:\\\\Windows\\\\system32\\\\calc.exe\\\"\\r\\nCurrentDirectory: C:\\\\Users\\\\nam.user\\\\\\r\\nUser: SOC-LAB\\\\nam.user\\r\\nLogonGuid: {e12a69d9-1fab-6abf-e90d-090000000000}\\r\\nLogonId: 0x90DE9\\r\\nTerminalSessionId: 1\\r\\nIntegrityLevel: Medium\\r\\nHashes: MD5=5DA8C98136D98DFEC4716EDD79C7145F,SHA256=58189CBD4E6DC0C7D8E66B6A6F75652FC9F4AFC7CE0EBA7D67D8C3FEB0D5381F,IMPHASH=8EEAA9499666119D13B3F44ECD77A729\\r\\nParentProcessGuid: {e12a69d9-2170-6abf-5b01-000000001700}\\r\\nParentProcessId: 7604\\r\\nParentImage: C:\\\\Windows\\\\System32\\\\WindowsPowerShell\\\\v1.0\\\\powershell.exe\\r\\nParentCommandLine: \\\"C:\\\\Windows\\\\System32\\\\WindowsPowerShell\\\\v1.0\\\\powershell.exe\\\" \\r\\nParentUser: SOC-LAB\\\\nam.user\\\"\"},\"eventdata\":{\"utcTime\":\"2026-10-02 04:52:31.042\",\"processGuid\":\"{e12a69d9-388f-6abf-1a03-000000001700}\",\"processId\":\"5440\",\"image\":\"C:\\\\\\\\Windows\\\\\\\\System32\\\\\\\\calc.exe\",\"fileVersion\":\"10.0.19041.1 (WinBuild.160101.0800)\",\"description\":\"Windows Calculator\",\"product\":\"Microsoft® Windows® Operating System\",\"company\":\"Microsoft Corporation\",\"originalFileName\":\"CALC.EXE\",\"commandLine\":\"\\\\\\\"C:\\\\\\\\Windows\\\\\\\\system32\\\\\\\\calc.exe\\\\\\\"\",\"currentDirectory\":\"C:\\\\\\\\Users\\\\\\\\nam.user\\\\\\\\\",\"user\":\"SOC-LAB\\\\\\\\nam.user\",\"logonGuid\":\"{e12a69d9-1fab-6abf-e90d-090000000000}\",\"logonId\":\"0x90de9\",\"terminalSessionId\":\"1\",\"integrityLevel\":\"Medium\",\"hashes\":\"MD5=5DA8C98136D98DFEC4716EDD79C7145F,SHA256=58189CBD4E6DC0C7D8E66B6A6F75652FC9F4AFC7CE0EBA7D67D8C3FEB0D5381F,IMPHASH=8EEAA9499666119D13B3F44ECD77A729\",\"parentProcessGuid\":\"{e12a69d9-2170-6abf-5b01-000000001700}\",\"parentProcessId\":\"7604\",\"parentImage\":\"C:\\\\\\\\Windows\\\\\\\\System32\\\\\\\\WindowsPowerShell\\\\\\\\v1.0\\\\\\\\powershell.exe\",\"parentCommandLine\":\"\\\\\\\"C:\\\\\\\\Windows\\\\\\\\System32\\\\\\\\WindowsPowerShell\\\\\\\\v1.0\\\\\\\\powershell.exe\\\\\\\"\",\"parentUser\":\"SOC-LAB\\\\\\\\nam.user\"}}}","decoder":{"name":"windows_eventchannel"},"data":{"win":{"system":{"providerName":"Microsoft-Windows-Sysmon","providerGuid":"{5770385f-c22a-43e0-bf4c-06f5698ffbd9}","eventID":"1","version":"5","level":"4","task":"1","opcode":"0","keywords":"0x8000000000000000","systemTime":"2026-10-02T04:52:31.0512123Z","eventRecordID":"12523","processID":"2140","threadID":"4056","channel":"Microsoft-Windows-Sysmon/Operational","computer":"WIN10-01.SOC-LAB.LOCAL","severityValue":"INFORMATION","message":"\"Process Create:\r\nRuleName: -\r\nUtcTime: 2026-10-02 04:52:31.042\r\nProcessGuid: {e12a69d9-388f-6abf-1a03-000000001700}\r\nProcessId: 5440\r\nImage: C:\\Windows\\System32\\calc.exe\r\nFileVersion: 10.0.19041.1 (WinBuild.160101.0800)\r\nDescription: Windows Calculator\r\nProduct: Microsoft® Windows® Operating System\r\nCompany: Microsoft Corporation\r\nOriginalFileName: CALC.EXE\r\nCommandLine: \"C:\\Windows\\system32\\calc.exe\"\r\nCurrentDirectory: C:\\Users\\nam.user\\\r\nUser: SOC-LAB\\nam.user\r\nLogonGuid: {e12a69d9-1fab-6abf-e90d-090000000000}\r\nLogonId: 0x90DE9\r\nTerminalSessionId: 1\r\nIntegrityLevel: Medium\r\nHashes: MD5=5DA8C98136D98DFEC4716EDD79C7145F,SHA256=58189CBD4E6DC0C7D8E66B6A6F75652FC9F4AFC7CE0EBA7D67D8C3FEB0D5381F,IMPHASH=8EEAA9499666119D13B3F44ECD77A729\r\nParentProcessGuid: {e12a69d9-2170-6abf-5b01-000000001700}\r\nParentProcessId: 7604\r\nParentImage: C:\\Windows\\System32\\WindowsPowerShell\\v1.0\\powershell.exe\r\nParentCommandLine: \"C:\\Windows\\System32\\WindowsPowerShell\\v1.0\\powershell.exe\" \r\nParentUser: SOC-LAB\\nam.user\""},"eventdata":{"utcTime":"2026-10-02 04:52:31.042","processGuid":"{e12a69d9-388f-6abf-1a03-000000001700}","processId":"5440","image":"C:\\\\Windows\\\\System32\\\\calc.exe","fileVersion":"10.0.19041.1 (WinBuild.160101.0800)","description":"Windows Calculator","product":"Microsoft® Windows® Operating System","company":"Microsoft Corporation","originalFileName":"CALC.EXE","commandLine":"\\\"C:\\\\Windows\\\\system32\\\\calc.exe\\\"","currentDirectory":"C:\\\\Users\\\\nam.user\\\\","user":"SOC-LAB\\\\nam.user","logonGuid":"{e12a69d9-1fab-6abf-e90d-090000000000}","logonId":"0x90de9","terminalSessionId":"1","integrityLevel":"Medium","hashes":"MD5=5DA8C98136D98DFEC4716EDD79C7145F,SHA256=58189CBD4E6DC0C7D8E66B6A6F75652FC9F4AFC7CE0EBA7D67D8C3FEB0D5381F,IMPHASH=8EEAA9499666119D13B3F44ECD77A729","parentProcessGuid":"{e12a69d9-2170-6abf-5b01-000000001700}","parentProcessId":"7604","parentImage":"C:\\\\Windows\\\\System32\\\\WindowsPowerShell\\\\v1.0\\\\powershell.exe","parentCommandLine":"\\\"C:\\\\Windows\\\\System32\\\\WindowsPowerShell\\\\v1.0\\\\powershell.exe\\\"","parentUser":"SOC-LAB\\\\nam.user"}}},"location":"EventChannel"}
{"timestamp":"2026-10-02T04:52:46.964+0000","agent":{"id":"001","name":"SOC-WIN10","ip":"192.168.50.20"},"manager":{"name":"soc-wazuh"},"id":"1790916766.1169839","full_log":"{\"win\":{\"system\":{\"providerName\":\"Microsoft-Windows-Sysmon\",\"providerGuid\":\"{5770385f-c22a-43e0-bf4c-06f5698ffbd9}\",\"eventID\":\"1\",\"version\":\"5\",\"level\":\"4\",\"task\":\"1\",\"opcode\":\"0\",\"keywords\":\"0x8000000000000000\",\"systemTime\":\"2026-10-02T04:52:45.0049006Z\",\"eventRecordID\":\"12524\",\"processID\":\"2140\",\"threadID\":\"4056\",\"channel\":\"Microsoft-Windows-Sysmon/Operational\",\"computer\":\"WIN10-01.SOC-LAB.LOCAL\",\"severityValue\":\"INFORMATION\",\"message\":\"\\\"Process Create:\\r\\nRuleName: -\\r\\nUtcTime: 2026-10-02 04:52:45.003\\r\\nProcessGuid: {e12a69d9-389d-6abf-1c03-000000001700}\\r\\nProcessId: 7456\\r\\nImage: C:\\\\Windows\\\\System32\\\\whoami.exe\\r\\nFileVersion: 10.0.19041.1 (WinBuild.160101.0800)\\r\\nDescription: whoami - displays logged on user information\\r\\nProduct: Microsoft® Windows® Operating System\\r\\nCompany: Microsoft Corporation\\r\\nOriginalFileName: whoami.exe\\r\\nCommandLine: \\\"C:\\\\Windows\\\\system32\\\\whoami.exe\\\"\\r\\nCurrentDirectory: C:\\\\Users\\\\nam.user\\\\\\r\\nUser: SOC-LAB\\\\nam.user\\r\\nLogonGuid: {e12a69d9-1fab-6abf-e90d-090000000000}\\r\\nLogonId: 0x90DE9\\r\\nTerminalSessionId: 1\\r\\nIntegrityLevel: Medium\\r\\nHashes: MD5=A4A6924F3EAF97981323703D38FD99C4,SHA256=1D4902A04D99E8CCBFE7085E63155955FEE397449D386453F6C452AE407B8743,IMPHASH=7FF0758B766F747CE57DFAC70743FB88\\r\\nParentProcessGuid: {e12a69d9-2170-6abf-5b01-000000001700}\\r\\nParentProcessId: 7604\\r\\nParentImage: C:\\\\Windows\\\\System32\\\\WindowsPowerShell\\\\v1.0\\\\powershell.exe\\r\\nParentCommandLine: \\\"C:\\\\Windows\\\\System32\\\\WindowsPowerShell\\\\v1.0\\\\powershell.exe\\\" \\r\\nParentUser: SOC-LAB\\\\nam.user\\\"\"},\"eventdata\":{\"utcTime\":\"2026-10-02 04:52:45.003\",\"processGuid\":\"{e12a69d9-389d-6abf-1c03-000000001700}\",\"processId\":\"7456\",\"image\":\"C:\\\\\\\\Windows\\\\\\\\System32\\\\\\\\whoami.exe\",\"fileVersion\":\"10.0.19041.1 (WinBuild.160101.0800)\",\"description\":\"whoami - displays logged on user information\",\"product\":\"Microsoft® Windows® Operating System\",\"company\":\"Microsoft Corporation\",\"originalFileName\":\"whoami.exe\",\"commandLine\":\"\\\\\\\"C:\\\\\\\\Windows\\\\\\\\system32\\\\\\\\whoami.exe\\\\\\\"\",\"currentDirectory\":\"C:\\\\\\\\Users\\\\\\\\nam.user\\\\\\\\\",\"user\":\"SOC-LAB\\\\\\\\nam.user\",\"logonGuid\":\"{e12a69d9-1fab-6abf-e90d-090000000000}\",\"logonId\":\"0x90de9\",\"terminalSessionId\":\"1\",\"integrityLevel\":\"Medium\",\"hashes\":\"MD5=A4A6924F3EAF97981323703D38FD99C4,SHA256=1D4902A04D99E8CCBFE7085E63155955FEE397449D386453F6C452AE407B8743,IMPHASH=7FF0758B766F747CE57DFAC70743FB88\",\"parentProcessGuid\":\"{e12a69d9-2170-6abf-5b01-000000001700}\",\"parentProcessId\":\"7604\",\"parentImage\":\"C:\\\\\\\\Windows\\\\\\\\System32\\\\\\\\WindowsPowerShell\\\\\\\\v1.0\\\\\\\\powershell.exe\",\"parentCommandLine\":\"\\\\\\\"C:\\\\\\\\Windows\\\\\\\\System32\\\\\\\\WindowsPowerShell\\\\\\\\v1.0\\\\\\\\powershell.exe\\\\\\\"\",\"parentUser\":\"SOC-LAB\\\\\\\\nam.user\"}}}","decoder":{"name":"windows_eventchannel"},"data":{"win":{"system":{"providerName":"Microsoft-Windows-Sysmon","providerGuid":"{5770385f-c22a-43e0-bf4c-06f5698ffbd9}","eventID":"1","version":"5","level":"4","task":"1","opcode":"0","keywords":"0x8000000000000000","systemTime":"2026-10-02T04:52:45.0049006Z","eventRecordID":"12524","processID":"2140","threadID":"4056","channel":"Microsoft-Windows-Sysmon/Operational","computer":"WIN10-01.SOC-LAB.LOCAL","severityValue":"INFORMATION","message":"\"Process Create:\r\nRuleName: -\r\nUtcTime: 2026-10-02 04:52:45.003\r\nProcessGuid: {e12a69d9-389d-6abf-1c03-000000001700}\r\nProcessId: 7456\r\nImage: C:\\Windows\\System32\\whoami.exe\r\nFileVersion: 10.0.19041.1 (WinBuild.160101.0800)\r\nDescription: whoami - displays logged on user information\r\nProduct: Microsoft® Windows® Operating System\r\nCompany: Microsoft Corporation\r\nOriginalFileName: whoami.exe\r\nCommandLine: \"C:\\Windows\\system32\\whoami.exe\"\r\nCurrentDirectory: C:\\Users\\nam.user\\\r\nUser: SOC-LAB\\nam.user\r\nLogonGuid: {e12a69d9-1fab-6abf-e90d-090000000000}\r\nLogonId: 0x90DE9\r\nTerminalSessionId: 1\r\nIntegrityLevel: Medium\r\nHashes: MD5=A4A6924F3EAF97981323703D38FD99C4,SHA256=1D4902A04D99E8CCBFE7085E63155955FEE397449D386453F6C452AE407B8743,IMPHASH=7FF0758B766F747CE57DFAC70743FB88\r\nParentProcessGuid: {e12a69d9-2170-6abf-5b01-000000001700}\r\nParentProcessId: 7604\r\nParentImage: C:\\Windows\\System32\\WindowsPowerShell\\v1.0\\powershell.exe\r\nParentCommandLine: \"C:\\Windows\\System32\\WindowsPowerShell\\v1.0\\powershell.exe\" \r\nParentUser: SOC-LAB\\nam.user\""},"eventdata":{"utcTime":"2026-10-02 04:52:45.003","processGuid":"{e12a69d9-389d-6abf-1c03-000000001700}","processId":"7456","image":"C:\\\\Windows\\\\System32\\\\whoami.exe","fileVersion":"10.0.19041.1 (WinBuild.160101.0800)","description":"whoami - displays logged on user information","product":"Microsoft® Windows® Operating System","company":"Microsoft Corporation","originalFileName":"whoami.exe","commandLine":"\\\"C:\\\\Windows\\\\system32\\\\whoami.exe\\\"","currentDirectory":"C:\\\\Users\\\\nam.user\\\\","user":"SOC-LAB\\\\nam.user","logonGuid":"{e12a69d9-1fab-6abf-e90d-090000000000}","logonId":"0x90de9","terminalSessionId":"1","integrityLevel":"Medium","hashes":"MD5=A4A6924F3EAF97981323703D38FD99C4,SHA256=1D4902A04D99E8CCBFE7085E63155955FEE397449D386453F6C452AE407B8743,IMPHASH=7FF0758B766F747CE57DFAC70743FB88","parentProcessGuid":"{e12a69d9-2170-6abf-5b01-000000001700}","parentProcessId":"7604","parentImage":"C:\\\\Windows\\\\System32\\\\WindowsPowerShell\\\\v1.0\\\\powershell.exe","parentCommandLine":"\\\"C:\\\\Windows\\\\System32\\\\WindowsPowerShell\\\\v1.0\\\\powershell.exe\\\"","parentUser":"SOC-LAB\\\\nam.user"}}},"location":"EventChannel"}
{"timestamp":"2026-10-02T04:52:46.965+0000","agent":{"id":"001","name":"SOC-WIN10","ip":"192.168.50.20"},"manager":{"name":"soc-wazuh"},"id":"1790916766.1169839","full_log":"{\"win\":{\"system\":{\"providerName\":\"Microsoft-Windows-Sysmon\",\"providerGuid\":\"{5770385f-c22a-43e0-bf4c-06f5698ffbd9}\",\"eventID\":\"1\",\"version\":\"5\",\"level\":\"4\",\"task\":\"1\",\"opcode\":\"0\",\"keywords\":\"0x8000000000000000\",\"systemTime\":\"2026-10-02T04:52:45.0531825Z\",\"eventRecordID\":\"12525\",\"processID\":\"2140\",\"threadID\":\"4056\",\"channel\":\"Microsoft-Windows-Sysmon/Operational\",\"computer\":\"WIN10-01.SOC-LAB.LOCAL\",\"severityValue\":\"INFORMATION\",\"message\":\"\\\"Process Create:\\r\\nRuleName: -\\r\\nUtcTime: 2026-10-02 04:52:45.051\\r\\nProcessGuid: {e12a69d9-389d-6abf-1d03-000000001700}\\r\\nProcessId: 6232\\r\\nImage: C:\\\\Windows\\\\System32\\\\HOSTNAME.EXE\\r\\nFileVersion: 10.0.19041.1 (WinBuild.160101.0800)\\r\\nDescription: Hostname APP\\r\\nProduct: Microsoft® Windows® Operating System\\r\\nCompany: Microsoft Corporation\\r\\nOriginalFileName: hostname.exe\\r\\nCommandLine: \\\"C:\\\\Windows\\\\system32\\\\HOSTNAME.EXE\\\"\\r\\nCurrentDirectory: C:\\\\Users\\\\nam.user\\\\\\r\\nUser: SOC-LAB\\\\nam.user\\r\\nLogonGuid: {e12a69d9-1fab-6abf-e90d-090000000000}\\r\\nLogonId: 0x90DE9\\r\\nTerminalSessionId: 1\\r\\nIntegrityLevel: Medium\\r\\nHashes: MD5=33AFAA43B84BDEAB12E02F9DBD2B2EE0,SHA256=A90C3FB350A11C6F6A6EFA9607987D924D1DE65E09CA9FAF2E0E0E00531EE335,IMPHASH=5CD891320C666621E9783444DB8CBA78\\r\\nParentProcessGuid: {e12a69d9-2170-6abf-5b01-000000001700}\\r\\nParentProcessId: 7604\\r\\nParentImage: C:\\\\Windows\\\\System32\\\\WindowsPowerShell\\\\v1.0\\\\powershell.exe\\r\\nParentCommandLine: \\\"C:\\\\Windows\\\\System32\\\\WindowsPowerShell\\\\v1.0\\\\powershell.exe\\\" \\r\\nParentUser: SOC-LAB\\\\nam.user\\\"\"},\"eventdata\":{\"utcTime\":\"2026-10-02 04:52:45.051\",\"processGuid\":\"{e12a69d9-389d-6abf-1d03-000000001700}\",\"processId\":\"6232\",\"image\":\"C:\\\\\\\\Windows\\\\\\\\System32\\\\\\\\HOSTNAME.EXE\",\"fileVersion\":\"10.0.19041.1 (WinBuild.160101.0800)\",\"description\":\"Hostname APP\",\"product\":\"Microsoft® Windows® Operating System\",\"company\":\"Microsoft Corporation\",\"originalFileName\":\"hostname.exe\",\"commandLine\":\"\\\\\\\"C:\\\\\\\\Windows\\\\\\\\system32\\\\\\\\HOSTNAME.EXE\\\\\\\"\",\"currentDirectory\":\"C:\\\\\\\\Users\\\\\\\\nam.user\\\\\\\\\",\"user\":\"SOC-LAB\\\\\\\\nam.user\",\"logonGuid\":\"{e12a69d9-1fab-6abf-e90d-090000000000}\",\"logonId\":\"0x90de9\",\"terminalSessionId\":\"1\",\"integrityLevel\":\"Medium\",\"hashes\":\"MD5=33AFAA43B84BDEAB12E02F9DBD2B2EE0,SHA256=A90C3FB350A11C6F6A6EFA9607987D924D1DE65E09CA9FAF2E0E0E00531EE335,IMPHASH=5CD891320C666621E9783444DB8CBA78\",\"parentProcessGuid\":\"{e12a69d9-2170-6abf-5b01-000000001700}\",\"parentProcessId\":\"7604\",\"parentImage\":\"C:\\\\\\\\Windows\\\\\\\\System32\\\\\\\\WindowsPowerShell\\\\\\\\v1.0\\\\\\\\powershell.exe\",\"parentCommandLine\":\"\\\\\\\"C:\\\\\\\\Windows\\\\\\\\System32\\\\\\\\WindowsPowerShell\\\\\\\\v1.0\\\\\\\\powershell.exe\\\\\\\"\",\"parentUser\":\"SOC-LAB\\\\\\\\nam.user\"}}}","decoder":{"name":"windows_eventchannel"},"data":{"win":{"system":{"providerName":"Microsoft-Windows-Sysmon","providerGuid":"{5770385f-c22a-43e0-bf4c-06f5698ffbd9}","eventID":"1","version":"5","level":"4","task":"1","opcode":"0","keywords":"0x8000000000000000","systemTime":"2026-10-02T04:52:45.0531825Z","eventRecordID":"12525","processID":"2140","threadID":"4056","channel":"Microsoft-Windows-Sysmon/Operational","computer":"WIN10-01.SOC-LAB.LOCAL","severityValue":"INFORMATION","message":"\"Process Create:\r\nRuleName: -\r\nUtcTime: 2026-10-02 04:52:45.051\r\nProcessGuid: {e12a69d9-389d-6abf-1d03-000000001700}\r\nProcessId: 6232\r\nImage: C:\\Windows\\System32\\HOSTNAME.EXE\r\nFileVersion: 10.0.19041.1 (WinBuild.160101.0800)\r\nDescription: Hostname APP\r\nProduct: Microsoft® Windows® Operating System\r\nCompany: Microsoft Corporation\r\nOriginalFileName: hostname.exe\r\nCommandLine: \"C:\\Windows\\system32\\HOSTNAME.EXE\"\r\nCurrentDirectory: C:\\Users\\nam.user\\\r\nUser: SOC-LAB\\nam.user\r\nLogonGuid: {e12a69d9-1fab-6abf-e90d-090000000000}\r\nLogonId: 0x90DE9\r\nTerminalSessionId: 1\r\nIntegrityLevel: Medium\r\nHashes: MD5=33AFAA43B84BDEAB12E02F9DBD2B2EE0,SHA256=A90C3FB350A11C6F6A6EFA9607987D924D1DE65E09CA9FAF2E0E0E00531EE335,IMPHASH=5CD891320C666621E9783444DB8CBA78\r\nParentProcessGuid: {e12a69d9-2170-6abf-5b01-000000001700}\r\nParentProcessId: 7604\r\nParentImage: C:\\Windows\\System32\\WindowsPowerShell\\v1.0\\powershell.exe\r\nParentCommandLine: \"C:\\Windows\\System32\\WindowsPowerShell\\v1.0\\powershell.exe\" \r\nParentUser: SOC-LAB\\nam.user\""},"eventdata":{"utcTime":"2026-10-02 04:52:45.051","processGuid":"{e12a69d9-389d-6abf-1d03-000000001700}","processId":"6232","image":"C:\\\\Windows\\\\System32\\\\HOSTNAME.EXE","fileVersion":"10.0.19041.1 (WinBuild.160101.0800)","description":"Hostname APP","product":"Microsoft® Windows® Operating System","company":"Microsoft Corporation","originalFileName":"hostname.exe","commandLine":"\\\"C:\\\\Windows\\\\system32\\\\HOSTNAME.EXE\\\"","currentDirectory":"C:\\\\Users\\\\nam.user\\\\","user":"SOC-LAB\\\\nam.user","logonGuid":"{e12a69d9-1fab-6abf-e90d-090000000000}","logonId":"0x90de9","terminalSessionId":"1","integrityLevel":"Medium","hashes":"MD5=33AFAA43B84BDEAB12E02F9DBD2B2EE0,SHA256=A90C3FB350A11C6F6A6EFA9607987D924D1DE65E09CA9FAF2E0E0E00531EE335,IMPHASH=5CD891320C666621E9783444DB8CBA78","parentProcessGuid":"{e12a69d9-2170-6abf-5b01-000000001700}","parentProcessId":"7604","parentImage":"C:\\\\Windows\\\\System32\\\\WindowsPowerShell\\\\v1.0\\\\powershell.exe","parentCommandLine":"\\\"C:\\\\Windows\\\\System32\\\\WindowsPowerShell\\\\v1.0\\\\powershell.exe\\\"","parentUser":"SOC-LAB\\\\nam.user"}}},"location":"EventChannel"}
{"timestamp":"2026-10-02T04:52:46.980+0000","agent":{"id":"001","name":"SOC-WIN10","ip":"192.168.50.20"},"manager":{"name":"soc-wazuh"},"id":"1790916766.1169839","full_log":"{\"win\":{\"system\":{\"providerName\":\"Microsoft-Windows-Sysmon\",\"providerGuid\":\"{5770385f-c22a-43e0-bf4c-06f5698ffbd9}\",\"eventID\":\"1\",\"version\":\"5\",\"level\":\"4\",\"task\":\"1\",\"opcode\":\"0\",\"keywords\":\"0x8000000000000000\",\"systemTime\":\"2026-10-02T04:52:45.0715513Z\",\"eventRecordID\":\"12526\",\"processID\":\"2140\",\"threadID\":\"4056\",\"channel\":\"Microsoft-Windows-Sysmon/Operational\",\"computer\":\"WIN10-01.SOC-LAB.LOCAL\",\"severityValue\":\"INFORMATION\",\"message\":\"\\\"Process Create:\\r\\nRuleName: -\\r\\nUtcTime: 2026-10-02 04:52:45.070\\r\\nProcessGuid: {e12a69d9-389d-6abf-1e03-000000001700}\\r\\nProcessId: 4812\\r\\nImage: C:\\\\Windows\\\\System32\\\\ipconfig.exe\\r\\nFileVersion: 10.0.19041.1 (WinBuild.160101.0800)\\r\\nDescription: IP Configuration Utility\\r\\nProduct: Microsoft® Windows® Operating System\\r\\nCompany: Microsoft Corporation\\r\\nOriginalFileName: ipconfig.exe\\r\\nCommandLine: \\\"C:\\\\Windows\\\\system32\\\\ipconfig.exe\\\"\\r\\nCurrentDirectory: C:\\\\Users\\\\nam.user\\\\\\r\\nUser: SOC-LAB\\\\nam.user\\r\\nLogonGuid: {e12a69d9-1fab-6abf-e90d-090000000000}\\r\\nLogonId: 0x90DE9\\r\\nTerminalSessionId: 1\\r\\nIntegrityLevel: Medium\\r\\nHashes: MD5=62F170FB07FDBB79CEB7147101406EB8,SHA256=53E000F5AA9B3A00934319DB8080BB99CB323BF48FC628A64F75D7847C265606,IMPHASH=1002D523645A81BC52877D82D9E88417\\r\\nParentProcessGuid: {e12a69d9-2170-6abf-5b01-000000001700}\\r\\nParentProcessId: 7604\\r\\nParentImage: C:\\\\Windows\\\\System32\\\\WindowsPowerShell\\\\v1.0\\\\powershell.exe\\r\\nParentCommandLine: \\\"C:\\\\Windows\\\\System32\\\\WindowsPowerShell\\\\v1.0\\\\powershell.exe\\\" \\r\\nParentUser: SOC-LAB\\\\nam.user\\\"\"},\"eventdata\":{\"utcTime\":\"2026-10-02 04:52:45.070\",\"processGuid\":\"{e12a69d9-389d-6abf-1e03-000000001700}\",\"processId\":\"4812\",\"image\":\"C:\\\\\\\\Windows\\\\\\\\System32\\\\\\\\ipconfig.exe\",\"fileVersion\":\"10.0.19041.1 (WinBuild.160101.0800)\",\"description\":\"IP Configuration Utility\",\"product\":\"Microsoft® Windows® Operating System\",\"company\":\"Microsoft Corporation\",\"originalFileName\":\"ipconfig.exe\",\"commandLine\":\"\\\\\\\"C:\\\\\\\\Windows\\\\\\\\system32\\\\\\\\ipconfig.exe\\\\\\\"\",\"currentDirectory\":\"C:\\\\\\\\Users\\\\\\\\nam.user\\\\\\\\\",\"user\":\"SOC-LAB\\\\\\\\nam.user\",\"logonGuid\":\"{e12a69d9-1fab-6abf-e90d-090000000000}\",\"logonId\":\"0x90de9\",\"terminalSessionId\":\"1\",\"integrityLevel\":\"Medium\",\"hashes\":\"MD5=62F170FB07FDBB79CEB7147101406EB8,SHA256=53E000F5AA9B3A00934319DB8080BB99CB323BF48FC628A64F75D7847C265606,IMPHASH=1002D523645A81BC52877D82D9E88417\",\"parentProcessGuid\":\"{e12a69d9-2170-6abf-5b01-000000001700}\",\"parentProcessId\":\"7604\",\"parentImage\":\"C:\\\\\\\\Windows\\\\\\\\System32\\\\\\\\WindowsPowerShell\\\\\\\\v1.0\\\\\\\\powershell.exe\",\"parentCommandLine\":\"\\\\\\\"C:\\\\\\\\Windows\\\\\\\\System32\\\\\\\\WindowsPowerShell\\\\\\\\v1.0\\\\\\\\powershell.exe\\\\\\\"\",\"parentUser\":\"SOC-LAB\\\\\\\\nam.user\"}}}","decoder":{"name":"windows_eventchannel"},"data":{"win":{"system":{"providerName":"Microsoft-Windows-Sysmon","providerGuid":"{5770385f-c22a-43e0-bf4c-06f5698ffbd9}","eventID":"1","version":"5","level":"4","task":"1","opcode":"0","keywords":"0x8000000000000000","systemTime":"2026-10-02T04:52:45.0715513Z","eventRecordID":"12526","processID":"2140","threadID":"4056","channel":"Microsoft-Windows-Sysmon/Operational","computer":"WIN10-01.SOC-LAB.LOCAL","severityValue":"INFORMATION","message":"\"Process Create:\r\nRuleName: -\r\nUtcTime: 2026-10-02 04:52:45.070\r\nProcessGuid: {e12a69d9-389d-6abf-1e03-000000001700}\r\nProcessId: 4812\r\nImage: C:\\Windows\\System32\\ipconfig.exe\r\nFileVersion: 10.0.19041.1 (WinBuild.160101.0800)\r\nDescription: IP Configuration Utility\r\nProduct: Microsoft® Windows® Operating System\r\nCompany: Microsoft Corporation\r\nOriginalFileName: ipconfig.exe\r\nCommandLine: \"C:\\Windows\\system32\\ipconfig.exe\"\r\nCurrentDirectory: C:\\Users\\nam.user\\\r\nUser: SOC-LAB\\nam.user\r\nLogonGuid: {e12a69d9-1fab-6abf-e90d-090000000000}\r\nLogonId: 0x90DE9\r\nTerminalSessionId: 1\r\nIntegrityLevel: Medium\r\nHashes: MD5=62F170FB07FDBB79CEB7147101406EB8,SHA256=53E000F5AA9B3A00934319DB8080BB99CB323BF48FC628A64F75D7847C265606,IMPHASH=1002D523645A81BC52877D82D9E88417\r\nParentProcessGuid: {e12a69d9-2170-6abf-5b01-000000001700}\r\nParentProcessId: 7604\r\nParentImage: C:\\Windows\\System32\\WindowsPowerShell\\v1.0\\powershell.exe\r\nParentCommandLine: \"C:\\Windows\\System32\\WindowsPowerShell\\v1.0\\powershell.exe\" \r\nParentUser: SOC-LAB\\nam.user\""},"eventdata":{"utcTime":"2026-10-02 04:52:45.070","processGuid":"{e12a69d9-389d-6abf-1e03-000000001700}","processId":"4812","image":"C:\\\\Windows\\\\System32\\\\ipconfig.exe","fileVersion":"10.0.19041.1 (WinBuild.160101.0800)","description":"IP Configuration Utility","product":"Microsoft® Windows® Operating System","company":"Microsoft Corporation","originalFileName":"ipconfig.exe","commandLine":"\\\"C:\\\\Windows\\\\system32\\\\ipconfig.exe\\\"","currentDirectory":"C:\\\\Users\\\\nam.user\\\\","user":"SOC-LAB\\\\nam.user","logonGuid":"{e12a69d9-1fab-6abf-e90d-090000000000}","logonId":"0x90de9","terminalSessionId":"1","integrityLevel":"Medium","hashes":"MD5=62F170FB07FDBB79CEB7147101406EB8,SHA256=53E000F5AA9B3A00934319DB8080BB99CB323BF48FC628A64F75D7847C265606,IMPHASH=1002D523645A81BC52877D82D9E88417","parentProcessGuid":"{e12a69d9-2170-6abf-5b01-000000001700}","parentProcessId":"7604","parentImage":"C:\\\\Windows\\\\System32\\\\WindowsPowerShell\\\\v1.0\\\\powershell.exe","parentCommandLine":"\\\"C:\\\\Windows\\\\System32\\\\WindowsPowerShell\\\\v1.0\\\\powershell.exe\\\"","parentUser":"SOC-LAB\\\\nam.user"}}},"location":"EventChannel"}
{"timestamp":"2026-10-02T04:52:46.996+0000","agent":{"id":"001","name":"SOC-WIN10","ip":"192.168.50.20"},"manager":{"name":"soc-wazuh"},"id":"1790916766.1169839","full_log":"{\"win\":{\"system\":{\"providerName\":\"Microsoft-Windows-Sysmon\",\"providerGuid\":\"{5770385f-c22a-43e0-bf4c-06f5698ffbd9}\",\"eventID\":\"1\",\"version\":\"5\",\"level\":\"4\",\"task\":\"1\",\"opcode\":\"0\",\"keywords\":\"0x8000000000000000\",\"systemTime\":\"2026-10-02T04:52:45.0985124Z\",\"eventRecordID\":\"12527\",\"processID\":\"2140\",\"threadID\":\"4056\",\"channel\":\"Microsoft-Windows-Sysmon/Operational\",\"computer\":\"WIN10-01.SOC-LAB.LOCAL\",\"severityValue\":\"INFORMATION\",\"message\":\"\\\"Process Create:\\r\\nRuleName: -\\r\\nUtcTime: 2026-10-02 04:52:45.096\\r\\nProcessGuid: {e12a69d9-389d-6abf-1f03-000000001700}\\r\\nProcessId: 1720\\r\\nImage: C:\\\\Windows\\\\System32\\\\tasklist.exe\\r\\nFileVersion: 10.0.19041.1 (WinBuild.160101.0800)\\r\\nDescription: Lists the current running tasks\\r\\nProduct: Microsoft® Windows® Operating System\\r\\nCompany: Microsoft Corporation\\r\\nOriginalFileName: tasklist.exe\\r\\nCommandLine: \\\"C:\\\\Windows\\\\system32\\\\tasklist.exe\\\"\\r\\nCurrentDirectory: C:\\\\Users\\\\nam.user\\\\\\r\\nUser: SOC-LAB\\\\nam.user\\r\\nLogonGuid: {e12a69d9-1fab-6abf-e90d-090000000000}\\r\\nLogonId: 0x90DE9\\r\\nTerminalSessionId: 1\\r\\nIntegrityLevel: Medium\\r\\nHashes: MD5=D0A49A170E13D7F6AEBBEFED9DF88AAA,SHA256=BE7241A74FE9A9D30E0631E41533A362B21C8F7AAE3E5B6AD319CC15C024EC3F,IMPHASH=4C8D21C644C980DB3FF94E27BAD14C18\\r\\nParentProcessGuid: {e12a69d9-2170-6abf-5b01-000000001700}\\r\\nParentProcessId: 7604\\r\\nParentImage: C:\\\\Windows\\\\System32\\\\WindowsPowerShell\\\\v1.0\\\\powershell.exe\\r\\nParentCommandLine: \\\"C:\\\\Windows\\\\System32\\\\WindowsPowerShell\\\\v1.0\\\\powershell.exe\\\" \\r\\nParentUser: SOC-LAB\\\\nam.user\\\"\"},\"eventdata\":{\"utcTime\":\"2026-10-02 04:52:45.096\",\"processGuid\":\"{e12a69d9-389d-6abf-1f03-000000001700}\",\"processId\":\"1720\",\"image\":\"C:\\\\\\\\Windows\\\\\\\\System32\\\\\\\\tasklist.exe\",\"fileVersion\":\"10.0.19041.1 (WinBuild.160101.0800)\",\"description\":\"Lists the current running tasks\",\"product\":\"Microsoft® Windows® Operating System\",\"company\":\"Microsoft Corporation\",\"originalFileName\":\"tasklist.exe\",\"commandLine\":\"\\\\\\\"C:\\\\\\\\Windows\\\\\\\\system32\\\\\\\\tasklist.exe\\\\\\\"\",\"currentDirectory\":\"C:\\\\\\\\Users\\\\\\\\nam.user\\\\\\\\\",\"user\":\"SOC-LAB\\\\\\\\nam.user\",\"logonGuid\":\"{e12a69d9-1fab-6abf-e90d-090000000000}\",\"logonId\":\"0x90de9\",\"terminalSessionId\":\"1\",\"integrityLevel\":\"Medium\",\"hashes\":\"MD5=D0A49A170E13D7F6AEBBEFED9DF88AAA,SHA256=BE7241A74FE9A9D30E0631E41533A362B21C8F7AAE3E5B6AD319CC15C024EC3F,IMPHASH=4C8D21C644C980DB3FF94E27BAD14C18\",\"parentProcessGuid\":\"{e12a69d9-2170-6abf-5b01-000000001700}\",\"parentProcessId\":\"7604\",\"parentImage\":\"C:\\\\\\\\Windows\\\\\\\\System32\\\\\\\\WindowsPowerShell\\\\\\\\v1.0\\\\\\\\powershell.exe\",\"parentCommandLine\":\"\\\\\\\"C:\\\\\\\\Windows\\\\\\\\System32\\\\\\\\WindowsPowerShell\\\\\\\\v1.0\\\\\\\\powershell.exe\\\\\\\"\",\"parentUser\":\"SOC-LAB\\\\\\\\nam.user\"}}}","decoder":{"name":"windows_eventchannel"},"data":{"win":{"system":{"providerName":"Microsoft-Windows-Sysmon","providerGuid":"{5770385f-c22a-43e0-bf4c-06f5698ffbd9}","eventID":"1","version":"5","level":"4","task":"1","opcode":"0","keywords":"0x8000000000000000","systemTime":"2026-10-02T04:52:45.0985124Z","eventRecordID":"12527","processID":"2140","threadID":"4056","channel":"Microsoft-Windows-Sysmon/Operational","computer":"WIN10-01.SOC-LAB.LOCAL","severityValue":"INFORMATION","message":"\"Process Create:\r\nRuleName: -\r\nUtcTime: 2026-10-02 04:52:45.096\r\nProcessGuid: {e12a69d9-389d-6abf-1f03-000000001700}\r\nProcessId: 1720\r\nImage: C:\\Windows\\System32\\tasklist.exe\r\nFileVersion: 10.0.19041.1 (WinBuild.160101.0800)\r\nDescription: Lists the current running tasks\r\nProduct: Microsoft® Windows® Operating System\r\nCompany: Microsoft Corporation\r\nOriginalFileName: tasklist.exe\r\nCommandLine: \"C:\\Windows\\system32\\tasklist.exe\"\r\nCurrentDirectory: C:\\Users\\nam.user\\\r\nUser: SOC-LAB\\nam.user\r\nLogonGuid: {e12a69d9-1fab-6abf-e90d-090000000000}\r\nLogonId: 0x90DE9\r\nTerminalSessionId: 1\r\nIntegrityLevel: Medium\r\nHashes: MD5=D0A49A170E13D7F6AEBBEFED9DF88AAA,SHA256=BE7241A74FE9A9D30E0631E41533A362B21C8F7AAE3E5B6AD319CC15C024EC3F,IMPHASH=4C8D21C644C980DB3FF94E27BAD14C18\r\nParentProcessGuid: {e12a69d9-2170-6abf-5b01-000000001700}\r\nParentProcessId: 7604\r\nParentImage: C:\\Windows\\System32\\WindowsPowerShell\\v1.0\\powershell.exe\r\nParentCommandLine: \"C:\\Windows\\System32\\WindowsPowerShell\\v1.0\\powershell.exe\" \r\nParentUser: SOC-LAB\\nam.user\""},"eventdata":{"utcTime":"2026-10-02 04:52:45.096","processGuid":"{e12a69d9-389d-6abf-1f03-000000001700}","processId":"1720","image":"C:\\\\Windows\\\\System32\\\\tasklist.exe","fileVersion":"10.0.19041.1 (WinBuild.160101.0800)","description":"Lists the current running tasks","product":"Microsoft® Windows® Operating System","company":"Microsoft Corporation","originalFileName":"tasklist.exe","commandLine":"\\\"C:\\\\Windows\\\\system32\\\\tasklist.exe\\\"","currentDirectory":"C:\\\\Users\\\\nam.user\\\\","user":"SOC-LAB\\\\nam.user","logonGuid":"{e12a69d9-1fab-6abf-e90d-090000000000}","logonId":"0x90de9","terminalSessionId":"1","integrityLevel":"Medium","hashes":"MD5=D0A49A170E13D7F6AEBBEFED9DF88AAA,SHA256=BE7241A74FE9A9D30E0631E41533A362B21C8F7AAE3E5B6AD319CC15C024EC3F,IMPHASH=4C8D21C644C980DB3FF94E27BAD14C18","parentProcessGuid":"{e12a69d9-2170-6abf-5b01-000000001700}","parentProcessId":"7604","parentImage":"C:\\\\Windows\\\\System32\\\\WindowsPowerShell\\\\v1.0\\\\powershell.exe","parentCommandLine":"\\\"C:\\\\Windows\\\\System32\\\\WindowsPowerShell\\\\v1.0\\\\powershell.exe\\\"","parentUser":"SOC-LAB\\\\nam.user"}}},"location":"EventChannel"}
