{"timestamp":"2026-10-02T03:07:14.629+0000","agent":{"id":"001","name":"SOC-WIN10","ip":"192.168.50.20"},"manager":{"name":"soc-wazuh"},"id":"1790910434.323755","full_log":"{\"win\":{\"system\":{\"providerName\":\"Microsoft-Windows-Sysmon\",\"providerGuid\":\"{5770385f-c22a-43e0-bf4c-06f5698ffbd9}\",\"eventID\":\"1\",\"version\":\"5\",\"level\":\"4\",\"task\":\"1\",\"opcode\":\"0\",\"keywords\":\"0x8000000000000000\",\"systemTime\":\"2026-10-02T03:07:06.7283466Z\",\"eventRecordID\":\"11502\",\"processID\":\"2140\",\"threadID\":\"4056\",\"channel\":\"Microsoft-Windows-Sysmon/Operational\",\"computer\":\"WIN10-01.SOC-LAB.LOCAL\",\"severityValue\":\"INFORMATION\",\"message\":\"\\\"Process Create:\\r\\nRuleName: -\\r\\nUtcTime: 2026-10-02 03:07:06.686\\r\\nProcessGuid: {e12a69d9-1fda-6abf-ea00-000000001700}\\r\\nProcessId: 2668\\r\\nImage: C:\\\\Program Files (x86)\\\\Microsoft\\\\EdgeWebView\\\\Application\\\\154.0.4258.48\\\\msedgewebview2.exe\\r\\nFileVersion: 154.0.4258.48\\r\\nDescription: Microsoft Edge WebView2\\r\\nProduct: Microsoft Edge WebView2\\r\\nCompany: Microsoft Corporation\\r\\nOriginalFileName: msedgewebview2.exe\\r\\nCommandLine: \\\"C:\\\\Program Files (x86)\\\\Microsoft\\\\EdgeWebView\\\\Application\\\\154.0.4258.48\\\\msedgewebview2.exe\\\" --type=crashpad-handler --user-data-dir=C:\\\\Users\\\\nam.user\\\\AppData\\\\Local\\\\Packages\\\\Microsoft.MicrosoftOfficeHub_8wekyb3d8bbwe\\\\LocalState\\\\EBWebView /prefetch:4 --monitor-self-annotation=ptype=crashpad-handler --database=C:\\\\Users\\\\nam.user\\\\AppData\\\\Local\\\\Packages\\\\Microsoft.MicrosoftOfficeHub_8wekyb3d8bbwe\\\\LocalState\\\\EBWebView\\\\Crashpad --annotation=IsOfficialBuild=1 --annotation=channel= --annotation=chromium-version=154.0.8037.58 \\\"--annotation=exe=C:\\\\Program Files (x86)\\\\Microsoft\\\\EdgeWebView\\\\Application\\\\154.0.4258.48\\\\msedgewebview2.exe\\\" --annotation=plat=Win64 \\\"--annotation=prod=Edge WebView2\\\" --annotation=ver=154.0.4258.48 --initial-client-data=0x17c,0x180,0x184,0x158,0x18c,0x7ff805c783e0,0x7ff805c783f0,0x7ff805c78400\\r\\nCurrentDirectory: C:\\\\Program Files (x86)\\\\Microsoft\\\\EdgeWebView\\\\Application\\\\154.0.4258.48\\\\\\r\\nUser: SOC-LAB\\\\nam.user\\r\\nLogonGuid: {e12a69d9-1fab-6abf-e90d-090000000000}\\r\\nLogonId: 0x90DE9\\r\\nTerminalSessionId: 1\\r\\nIntegrityLevel: Medium\\r\\nHashes: MD5=6852459A3127B588B72BA0BA000F54E2,SHA256=8454A3B710D8A8A7002AF5F16349FE6214DF14CEC90A2008E4790BF5728C4A3B,IMPHASH=D38C0D5E659AA4EF1F1B1B3C4C20C711\\r\\nParentProcessGuid: {e12a69d9-1fda-6abf-e900-000000001700}\\r\\nParentProcessId: 2468\\r\\nParentImage: C:\\\\Program Files (x86)\\\\Microsoft\\\\EdgeWebView\\\\Application\\\\154.0.4258.48\\\\msedgewebview2.exe\\r\\nParentCommandLine: \\\"C:\\\\Program Files (x86)\\\\Microsoft\\\\EdgeWebView\\\\Application\\\\154.0.4258.48\\\\msedgewebview2.exe\\\" --embedded-browser-webview=1 --webview-exe-name=M365Copilot.exe --webview-exe-version=19.2609.52011.0 --user-data-dir=\\\"C:\\\\Users\\\\nam.user\\\\AppData\\\\Local\\\\Packages\\\\Microsoft.MicrosoftOfficeHub_8wekyb3d8bbwe\\\\LocalState\\\\EBWebView\\\" --noerrdialogs --embedded-browser-webview-dpi-awareness=2 --disable-features=msEnhancedTrackingPreventionEnabled --enable-features=msSingleSignOnOSForPrimaryAccountIsShared --mojo-named-platform-channel-pipe=4520.2356.14068602213966527686\\r\\nParentUser: SOC-LAB\\\\nam.user\\\"\"},\"eventdata\":{\"utcTime\":\"2026-10-02 03:07:06.686\",\"processGuid\":\"{e12a69d9-1fda-6abf-ea00-000000001700}\",\"processId\":\"2668\",\"image\":\"C:\\\\\\\\Program Files (x86)\\\\\\\\Microsoft\\\\\\\\EdgeWebView\\\\\\\\Application\\\\\\\\154.0.4258.48\\\\\\\\msedgewebview2.exe\",\"fileVersion\":\"154.0.4258.48\",\"description\":\"Microsoft Edge WebView2\",\"product\":\"Microsoft Edge WebView2\",\"company\":\"Microsoft Corporation\",\"originalFileName\":\"msedgewebview2.exe\",\"commandLine\":\"\\\\\\\"C:\\\\\\\\Program Files (x86)\\\\\\\\Microsoft\\\\\\\\EdgeWebView\\\\\\\\Application\\\\\\\\154.0.4258.48\\\\\\\\msedgewebview2.exe\\\\\\\" --type=crashpad-handler --user-data-dir=C:\\\\\\\\Users\\\\\\\\nam.user\\\\\\\\AppData\\\\\\\\Local\\\\\\\\Packages\\\\\\\\Microsoft.MicrosoftOfficeHub_8wekyb3d8bbwe\\\\\\\\LocalState\\\\\\\\EBWebView /prefetch:4 --monitor-self-annotation=ptype=crashpad-handler --database=C:\\\\\\\\Users\\\\\\\\nam.user\\\\\\\\AppData\\\\\\\\Local\\\\\\\\Packages\\\\\\\\Microsoft.MicrosoftOfficeHub_8wekyb3d8bbwe\\\\\\\\LocalState\\\\\\\\EBWebView\\\\\\\\Crashpad --annotation=IsOfficialBuild=1 --annotation=channel= --annotation=chromium-version=154.0.8037.58 \\\\\\\"--annotation=exe=C:\\\\\\\\Program Files (x86)\\\\\\\\Microsoft\\\\\\\\EdgeWebView\\\\\\\\Application\\\\\\\\154.0.4258.48\\\\\\\\msedgewebview2.exe\\\\\\\" --annotation=plat=Win64 \\\\\\\"--annotation=prod=Edge WebView2\\\\\\\" --annotation=ver=154.0.4258.48 --initial-client-data=0x17c,0x180,0x184,0x158,0x18c,0x7ff805c783e0,0x7ff805c783f0,0x7ff805c78400\",\"currentDirectory\":\"C:\\\\\\\\Program Files (x86)\\\\\\\\Microsoft\\\\\\\\EdgeWebView\\\\\\\\Application\\\\\\\\154.0.4258.48\\\\\\\\\",\"user\":\"SOC-LAB\\\\\\\\nam.user\",\"logonGuid\":\"{e12a69d9-1fab-6abf-e90d-090000000000}\",\"logonId\":\"0x90de9\",\"terminalSessionId\":\"1\",\"integrityLevel\":\"Medium\",\"hashes\":\"MD5=6852459A3127B588B72BA0BA000F54E2,SHA256=8454A3B710D8A8A7002AF5F16349FE6214DF14CEC90A2008E4790BF5728C4A3B,IMPHASH=D38C0D5E659AA4EF1F1B1B3C4C20C711\",\"parentProcessGuid\":\"{e12a69d9-1fda-6abf-e900-000000001700}\",\"parentProcessId\":\"2468\",\"parentImage\":\"C:\\\\\\\\Program Files (x86)\\\\\\\\Microsoft\\\\\\\\EdgeWebView\\\\\\\\Application\\\\\\\\154.0.4258.48\\\\\\\\msedgewebview2.exe\",\"parentCommandLine\":\"\\\\\\\"C:\\\\\\\\Program Files (x86)\\\\\\\\Microsoft\\\\\\\\EdgeWebView\\\\\\\\Application\\\\\\\\154.0.4258.48\\\\\\\\msedgewebview2.exe\\\\\\\" --embedded-browser-webview=1 --webview-exe-name=M365Copilot.exe --webview-exe-version=19.2609.52011.0 --user-data-dir=\\\\\\\"C:\\\\\\\\Users\\\\\\\\nam.user\\\\\\\\AppData\\\\\\\\Local\\\\\\\\Packages\\\\\\\\Microsoft.MicrosoftOfficeHub_8wekyb3d8bbwe\\\\\\\\LocalState\\\\\\\\EBWebView\\\\\\\" --noerrdialogs --embedded-browser-webview-dpi-awareness=2 --disable-features=msEnhancedTrackingPreventionEnabled --enable-features=msSingleSignOnOSForPrimaryAccountIsShared --mojo-named-platform-channel-pipe=4520.2356.14068602213966527686\",\"parentUser\":\"SOC-LAB\\\\\\\\nam.user\"}}}","decoder":{"name":"windows_eventchannel"},"data":{"win":{"system":{"providerName":"Microsoft-Windows-Sysmon","providerGuid":"{5770385f-c22a-43e0-bf4c-06f5698ffbd9}","eventID":"1","version":"5","level":"4","task":"1","opcode":"0","keywords":"0x8000000000000000","systemTime":"2026-10-02T03:07:06.7283466Z","eventRecordID":"11502","processID":"2140","threadID":"4056","channel":"Microsoft-Windows-Sysmon/Operational","computer":"WIN10-01.SOC-LAB.LOCAL","severityValue":"INFORMATION","message":"\"Process Create:\r\nRuleName: -\r\nUtcTime: 2026-10-02 03:07:06.686\r\nProcessGuid: {e12a69d9-1fda-6abf-ea00-000000001700}\r\nProcessId: 2668\r\nImage: C:\\Program Files (x86)\\Microsoft\\EdgeWebView\\Application\\154.0.4258.48\\msedgewebview2.exe\r\nFileVersion: 154.0.4258.48\r\nDescription: Microsoft Edge WebView2\r\nProduct: Microsoft Edge WebView2\r\nCompany: Microsoft Corporation\r\nOriginalFileName: msedgewebview2.exe\r\nCommandLine: \"C:\\Program Files (x86)\\Microsoft\\EdgeWebView\\Application\\154.0.4258.48\\msedgewebview2.exe\" --type=crashpad-handler --user-data-dir=C:\\Users\\nam.user\\AppData\\Local\\Packages\\Microsoft.MicrosoftOfficeHub_8wekyb3d8bbwe\\LocalState\\EBWebView /prefetch:4 --monitor-self-annotation=ptype=crashpad-handler --database=C:\\Users\\nam.user\\AppData\\Local\\Packages\\Microsoft.MicrosoftOfficeHub_8wekyb3d8bbwe\\LocalState\\EBWebView\\Crashpad --annotation=IsOfficialBuild=1 --annotation=channel= --annotation=chromium-version=154.0.8037.58 \"--annotation=exe=C:\\Program Files (x86)\\Microsoft\\EdgeWebView\\Application\\154.0.4258.48\\msedgewebview2.exe\" --annotation=plat=Win64 \"--annotation=prod=Edge WebView2\" --annotation=ver=154.0.4258.48 --initial-client-data=0x17c,0x180,0x184,0x158,0x18c,0x7ff805c783e0,0x7ff805c783f0,0x7ff805c78400\r\nCurrentDirectory: C:\\Program Files (x86)\\Microsoft\\EdgeWebView\\Application\\154.0.4258.48\\\r\nUser: SOC-LAB\\nam.user\r\nLogonGuid: {e12a69d9-1fab-6abf-e90d-090000000000}\r\nLogonId: 0x90DE9\r\nTerminalSessionId: 1\r\nIntegrityLevel: Medium\r\nHashes: MD5=6852459A3127B588B72BA0BA000F54E2,SHA256=8454A3B710D8A8A7002AF5F16349FE6214DF14CEC90A2008E4790BF5728C4A3B,IMPHASH=D38C0D5E659AA4EF1F1B1B3C4C20C711\r\nParentProcessGuid: {e12a69d9-1fda-6abf-e900-000000001700}\r\nParentProcessId: 2468\r\nParentImage: C:\\Program Files (x86)\\Microsoft\\EdgeWebView\\Application\\154.0.4258.48\\msedgewebview2.exe\r\nParentCommandLine: \"C:\\Program Files (x86)\\Microsoft\\EdgeWebView\\Application\\154.0.4258.48\\msedgewebview2.exe\" --embedded-browser-webview=1 --webview-exe-name=M365Copilot.exe --webview-exe-version=19.2609.52011.0 --user-data-dir=\"C:\\Users\\nam.user\\AppData\\Local\\Packages\\Microsoft.MicrosoftOfficeHub_8wekyb3d8bbwe\\LocalState\\EBWebView\" --noerrdialogs --embedded-browser-webview-dpi-awareness=2 --disable-features=msEnhancedTrackingPreventionEnabled --enable-features=msSingleSignOnOSForPrimaryAccountIsShared --mojo-named-platform-channel-pipe=4520.2356.14068602213966527686\r\nParentUser: SOC-LAB\\nam.user\""},"eventdata":{"utcTime":"2026-10-02 03:07:06.686","processGuid":"{e12a69d9-1fda-6abf-ea00-000000001700}","processId":"2668","image":"C:\\\\Program Files (x86)\\\\Microsoft\\\\EdgeWebView\\\\Application\\\\154.0.4258.48\\\\msedgewebview2.exe","fileVersion":"154.0.4258.48","description":"Microsoft Edge WebView2","product":"Microsoft Edge WebView2","company":"Microsoft Corporation","originalFileName":"msedgewebview2.exe","commandLine":"\\\"C:\\\\Program Files (x86)\\\\Microsoft\\\\EdgeWebView\\\\Application\\\\154.0.4258.48\\\\msedgewebview2.exe\\\" --type=crashpad-handler --user-data-dir=C:\\\\Users\\\\nam.user\\\\AppData\\\\Local\\\\Packages\\\\Microsoft.MicrosoftOfficeHub_8wekyb3d8bbwe\\\\LocalState\\\\EBWebView /prefetch:4 --monitor-self-annotation=ptype=crashpad-handler --database=C:\\\\Users\\\\nam.user\\\\AppData\\\\Local\\\\Packages\\\\Microsoft.MicrosoftOfficeHub_8wekyb3d8bbwe\\\\LocalState\\\\EBWebView\\\\Crashpad --annotation=IsOfficialBuild=1 --annotation=channel= --annotation=chromium-version=154.0.8037.58 \\\"--annotation=exe=C:\\\\Program Files (x86)\\\\Microsoft\\\\EdgeWebView\\\\Application\\\\154.0.4258.48\\\\msedgewebview2.exe\\\" --annotation=plat=Win64 \\\"--annotation=prod=Edge WebView2\\\" --annotation=ver=154.0.4258.48 --initial-client-data=0x17c,0x180,0x184,0x158,0x18c,0x7ff805c783e0,0x7ff805c783f0,0x7ff805c78400","currentDirectory":"C:\\\\Program Files (x86)\\\\Microsoft\\\\EdgeWebView\\\\Application\\\\154.0.4258.48\\\\","user":"SOC-LAB\\\\nam.user","logonGuid":"{e12a69d9-1fab-6abf-e90d-090000000000}","logonId":"0x90de9","terminalSessionId":"1","integrityLevel":"Medium","hashes":"MD5=6852459A3127B588B72BA0BA000F54E2,SHA256=8454A3B710D8A8A7002AF5F16349FE6214DF14CEC90A2008E4790BF5728C4A3B,IMPHASH=D38C0D5E659AA4EF1F1B1B3C4C20C711","parentProcessGuid":"{e12a69d9-1fda-6abf-e900-000000001700}","parentProcessId":"2468","parentImage":"C:\\\\Program Files (x86)\\\\Microsoft\\\\EdgeWebView\\\\Application\\\\154.0.4258.48\\\\msedgewebview2.exe","parentCommandLine":"\\\"C:\\\\Program Files (x86)\\\\Microsoft\\\\EdgeWebView\\\\Application\\\\154.0.4258.48\\\\msedgewebview2.exe\\\" --embedded-browser-webview=1 --webview-exe-name=M365Copilot.exe --webview-exe-version=19.2609.52011.0 --user-data-dir=\\\"C:\\\\Users\\\\nam.user\\\\AppData\\\\Local\\\\Packages\\\\Microsoft.MicrosoftOfficeHub_8wekyb3d8bbwe\\\\LocalState\\\\EBWebView\\\" --noerrdialogs --embedded-browser-webview-dpi-awareness=2 --disable-features=msEnhancedTrackingPreventionEnabled --enable-features=msSingleSignOnOSForPrimaryAccountIsShared --mojo-named-platform-channel-pipe=4520.2356.14068602213966527686","parentUser":"SOC-LAB\\\\nam.user"}}},"location":"EventChannel"}
{"timestamp":"2026-10-02T03:07:14.644+0000","agent":{"id":"001","name":"SOC-WIN10","ip":"192.168.50.20"},"manager":{"name":"soc-wazuh"},"id":"1790910434.323755","full_log":"{\"win\":{\"system\":{\"providerName\":\"Microsoft-Windows-Sysmon\",\"providerGuid\":\"{5770385f-c22a-43e0-bf4c-06f5698ffbd9}\",\"eventID\":\"12\",\"version\":\"2\",\"level\":\"4\",\"task\":\"12\",\"opcode\":\"0\",\"keywords\":\"0x8000000000000000\",\"systemTime\":\"2026-10-02T03:07:06.8701251Z\",\"eventRecordID\":\"11503\",\"processID\":\"2140\",\"threadID\":\"4056\",\"channel\":\"Microsoft-Windows-Sysmon/Operational\",\"computer\":\"WIN10-01.SOC-LAB.LOCAL\",\"severityValue\":\"INFORMATION\",\"message\":\"\\\"Registry object added or deleted:\\r\\nRuleName: T1060,RunKey\\r\\nEventType: DeleteValue\\r\\nUtcTime: 2026-10-02 03:07:06.832\\r\\nProcessGuid: {e12a69d9-1fc8-6abf-d800-000000001700}\\r\\nProcessId: 7156\\r\\nImage: C:\\\\Program Files (x86)\\\\Microsoft\\\\Edge\\\\Application\\\\msedge.exe\\r\\nTargetObject: HKU\\\\S-1-5-21-1324826322-2293316327-2538204677-1108\\\\SOFTWARE\\\\Microsoft\\\\Windows\\\\CurrentVersion\\\\Run\\\\MicrosoftEdgeAutoLaunch_EC7A0D1E60FBAA975E56D3FFE1C152F0\\r\\nUser: SOC-LAB\\\\nam.user\\\"\"},\"eventdata\":{\"ruleName\":\"T1060,RunKey\",\"eventType\":\"DeleteValue\",\"utcTime\":\"2026-10-02 03:07:06.832\",\"processGuid\":\"{e12a69d9-1fc8-6abf-d800-000000001700}\",\"processId\":\"7156\",\"image\":\"C:\\\\\\\\Program Files (x86)\\\\\\\\Microsoft\\\\\\\\Edge\\\\\\\\Application\\\\\\\\msedge.exe\",\"targetObject\":\"HKU\\\\\\\\S-1-5-21-1324826322-2293316327-2538204677-1108\\\\\\\\SOFTWARE\\\\\\\\Microsoft\\\\\\\\Windows\\\\\\\\CurrentVersion\\\\\\\\Run\\\\\\\\MicrosoftEdgeAutoLaunch_EC7A0D1E60FBAA975E56D3FFE1C152F0\",\"user\":\"SOC-LAB\\\\\\\\nam.user\"}}}","decoder":{"name":"windows_eventchannel"},"data":{"win":{"system":{"providerName":"Microsoft-Windows-Sysmon","providerGuid":"{5770385f-c22a-43e0-bf4c-06f5698ffbd9}","eventID":"12","version":"2","level":"4","task":"12","opcode":"0","keywords":"0x8000000000000000","systemTime":"2026-10-02T03:07:06.8701251Z","eventRecordID":"11503","processID":"2140","threadID":"4056","channel":"Microsoft-Windows-Sysmon/Operational","computer":"WIN10-01.SOC-LAB.LOCAL","severityValue":"INFORMATION","message":"\"Registry object added or deleted:\r\nRuleName: T1060,RunKey\r\nEventType: DeleteValue\r\nUtcTime: 2026-10-02 03:07:06.832\r\nProcessGuid: {e12a69d9-1fc8-6abf-d800-000000001700}\r\nProcessId: 7156\r\nImage: C:\\Program Files (x86)\\Microsoft\\Edge\\Application\\msedge.exe\r\nTargetObject: HKU\\S-1-5-21-1324826322-2293316327-2538204677-1108\\SOFTWARE\\Microsoft\\Windows\\CurrentVersion\\Run\\MicrosoftEdgeAutoLaunch_EC7A0D1E60FBAA975E56D3FFE1C152F0\r\nUser: SOC-LAB\\nam.user\""},"eventdata":{"ruleName":"T1060,RunKey","eventType":"DeleteValue","utcTime":"2026-10-02 03:07:06.832","processGuid":"{e12a69d9-1fc8-6abf-d800-000000001700}","processId":"7156","image":"C:\\\\Program Files (x86)\\\\Microsoft\\\\Edge\\\\Application\\\\msedge.exe","targetObject":"HKU\\\\S-1-5-21-1324826322-2293316327-2538204677-1108\\\\SOFTWARE\\\\Microsoft\\\\Windows\\\\CurrentVersion\\\\Run\\\\MicrosoftEdgeAutoLaunch_EC7A0D1E60FBAA975E56D3FFE1C152F0","user":"SOC-LAB\\\\nam.user"}}},"location":"EventChannel"}
{"timestamp":"2026-10-02T03:07:14.659+0000","agent":{"id":"001","name":"SOC-WIN10","ip":"192.168.50.20"},"manager":{"name":"soc-wazuh"},"id":"1790910434.323755","full_log":"{\"win\":{\"system\":{\"providerName\":\"Microsoft-Windows-Sysmon\",\"providerGuid\":\"{5770385f-c22a-43e0-bf4c-06f5698ffbd9}\",\"eventID\":\"13\",\"version\":\"2\",\"level\":\"4\",\"task\":\"13\",\"opcode\":\"0\",\"keywords\":\"0x8000000000000000\",\"systemTime\":\"2026-10-02T03:07:07.2679038Z\",\"eventRecordID\":\"11504\",\"processID\":\"2140\",\"threadID\":\"4056\",\"channel\":\"Microsoft-Windows-Sysmon/Operational\",\"computer\":\"WIN10-01.SOC-LAB.LOCAL\",\"severityValue\":\"INFORMATION\",\"message\":\"\\\"Registry value set:\\r\\nRuleName: InvDB-Path\\r\\nEventType: SetValue\\r\\nUtcTime: 2026-10-02 03:07:07.222\\r\\nProcessGuid: {e12a69d9-1f99-6abf-2500-000000001700}\\r\\nProcessId: 2040\\r\\nImage: C:\\\\Windows\\\\System32\\\\svchost.exe\\r\\nTargetObject: \\\\REGISTRY\\\\A\\\\{b8171cb7-3894-cd12-532c-298836c8db35}\\\\Root\\\\InventoryApplicationFile\\\\msedgewebview2.e|2a1b02a3f48ebb5b\\\\LowerCaseLongPath\\r\\nDetails: c:\\\\program files (x86)\\\\microsoft\\\\edgewebview\\\\application\\\\154.0.4258.48\\\\msedgewebview2.exe\\r\\nUser: NT AUTHORITY\\\\SYSTEM\\\"\"},\"eventdata\":{\"ruleName\":\"InvDB-Path\",\"eventType\":\"SetValue\",\"utcTime\":\"2026-10-02 03:07:07.222\",\"processGuid\":\"{e12a69d9-1f99-6abf-2500-000000001700}\",\"processId\":\"2040\",\"image\":\"C:\\\\\\\\Windows\\\\\\\\System32\\\\\\\\svchost.exe\",\"targetObject\":\"\\\\\\\\REGISTRY\\\\\\\\A\\\\\\\\{b8171cb7-3894-cd12-532c-298836c8db35}\\\\\\\\Root\\\\\\\\InventoryApplicationFile\\\\\\\\msedgewebview2.e|2a1b02a3f48ebb5b\\\\\\\\LowerCaseLongPath\",\"details\":\"c:\\\\\\\\program files (x86)\\\\\\\\microsoft\\\\\\\\edgewebview\\\\\\\\application\\\\\\\\154.0.4258.48\\\\\\\\msedgewebview2.exe\",\"user\":\"NT AUTHORITY\\\\\\\\SYSTEM\"}}}","decoder":{"name":"windows_eventchannel"},"data":{"win":{"system":{"providerName":"Microsoft-Windows-Sysmon","providerGuid":"{5770385f-c22a-43e0-bf4c-06f5698ffbd9}","eventID":"13","version":"2","level":"4","task":"13","opcode":"0","keywords":"0x8000000000000000","systemTime":"2026-10-02T03:07:07.2679038Z","eventRecordID":"11504","processID":"2140","threadID":"4056","channel":"Microsoft-Windows-Sysmon/Operational","computer":"WIN10-01.SOC-LAB.LOCAL","severityValue":"INFORMATION","message":"\"Registry value set:\r\nRuleName: InvDB-Path\r\nEventType: SetValue\r\nUtcTime: 2026-10-02 03:07:07.222\r\nProcessGuid: {e12a69d9-1f99-6abf-2500-000000001700}\r\nProcessId: 2040\r\nImage: C:\\Windows\\System32\\svchost.exe\r\nTargetObject: \\REGISTRY\\A\\{b8171cb7-3894-cd12-532c-298836c8db35}\\Root\\InventoryApplicationFile\\msedgewebview2.e|2a1b02a3f48ebb5b\\LowerCaseLongPath\r\nDetails: c:\\program files (x86)\\microsoft\\edgewebview\\application\\154.0.4258.48\\msedgewebview2.exe\r\nUser: NT AUTHORITY\\SYSTEM\""},"eventdata":{"ruleName":"InvDB-Path","eventType":"SetValue","utcTime":"2026-10-02 03:07:07.222","processGuid":"{e12a69d9-1f99-6abf-2500-000000001700}","processId":"2040","image":"C:\\\\Windows\\\\System32\\\\svchost.exe","targetObject":"\\\\REGISTRY\\\\A\\\\{b8171cb7-3894-cd12-532c-298836c8db35}\\\\Root\\\\InventoryApplicationFile\\\\msedgewebview2.e|2a1b02a3f48ebb5b\\\\LowerCaseLongPath","details":"c:\\\\program files (x86)\\\\microsoft\\\\edgewebview\\\\application\\\\154.0.4258.48\\\\msedgewebview2.exe","user":"NT AUTHORITY\\\\SYSTEM"}}},"location":"EventChannel"}
{"timestamp":"2026-10-02T03:07:14.675+0000","agent":{"id":"001","name":"SOC-WIN10","ip":"192.168.50.20"},"manager":{"name":"soc-wazuh"},"id":"1790910434.323755","full_log":"{\"win\":{\"system\":{\"providerName\":\"Microsoft-Windows-Sysmon\",\"providerGuid\":\"{5770385f-c22a-43e0-bf4c-06f5698ffbd9}\",\"eventID\":\"13\",\"version\":\"2\",\"level\":\"4\",\"task\":\"13\",\"opcode\":\"0\",\"keywords\":\"0x8000000000000000\",\"systemTime\":\"2026-10-02T03:07:07.2680920Z\",\"eventRecordID\":\"11505\",\"processID\":\"2140\",\"threadID\":\"4056\",\"channel\":\"Microsoft-Windows-Sysmon/Operational\",\"computer\":\"WIN10-01.SOC-LAB.LOCAL\",\"severityValue\":\"INFORMATION\",\"message\":\"\\\"Registry value set:\\r\\nRuleName: InvDB-Pub\\r\\nEventType: SetValue\\r\\nUtcTime: 2026-10-02 03:07:07.222\\r\\nProcessGuid: {e12a69d9-1f99-6abf-2500-000000001700}\\r\\nProcessId: 2040\\r\\nImage: C:\\\\Windows\\\\System32\\\\svchost.exe\\r\\nTargetObject: \\\\REGISTRY\\\\A\\\\{b8171cb7-3894-cd12-532c-298836c8db35}\\\\Root\\\\InventoryApplicationFile\\\\msedgewebview2.e|2a1b02a3f48ebb5b\\\\Publisher\\r\\nDetails: microsoft corporation\\r\\nUser: NT AUTHORITY\\\\SYSTEM\\\"\"},\"eventdata\":{\"ruleName\":\"InvDB-Pub\",\"eventType\":\"SetValue\",\"utcTime\":\"2026-10-02 03:07:07.222\",\"processGuid\":\"{e12a69d9-1f99-6abf-2500-000000001700}\",\"processId\":\"2040\",\"image\":\"C:\\\\\\\\Windows\\\\\\\\System32\\\\\\\\svchost.exe\",\"targetObject\":\"\\\\\\\\REGISTRY\\\\\\\\A\\\\\\\\{b8171cb7-3894-cd12-532c-298836c8db35}\\\\\\\\Root\\\\\\\\InventoryApplicationFile\\\\\\\\msedgewebview2.e|2a1b02a3f48ebb5b\\\\\\\\Publisher\",\"details\":\"microsoft corporation\",\"user\":\"NT AUTHORITY\\\\\\\\SYSTEM\"}}}","decoder":{"name":"windows_eventchannel"},"data":{"win":{"system":{"providerName":"Microsoft-Windows-Sysmon","providerGuid":"{5770385f-c22a-43e0-bf4c-06f5698ffbd9}","eventID":"13","version":"2","level":"4","task":"13","opcode":"0","keywords":"0x8000000000000000","systemTime":"2026-10-02T03:07:07.2680920Z","eventRecordID":"11505","processID":"2140","threadID":"4056","channel":"Microsoft-Windows-Sysmon/Operational","computer":"WIN10-01.SOC-LAB.LOCAL","severityValue":"INFORMATION","message":"\"Registry value set:\r\nRuleName: InvDB-Pub\r\nEventType: SetValue\r\nUtcTime: 2026-10-02 03:07:07.222\r\nProcessGuid: {e12a69d9-1f99-6abf-2500-000000001700}\r\nProcessId: 2040\r\nImage: C:\\Windows\\System32\\svchost.exe\r\nTargetObject: \\REGISTRY\\A\\{b8171cb7-3894-cd12-532c-298836c8db35}\\Root\\InventoryApplicationFile\\msedgewebview2.e|2a1b02a3f48ebb5b\\Publisher\r\nDetails: microsoft corporation\r\nUser: NT AUTHORITY\\SYSTEM\""},"eventdata":{"ruleName":"InvDB-Pub","eventType":"SetValue","utcTime":"2026-10-02 03:07:07.222","processGuid":"{e12a69d9-1f99-6abf-2500-000000001700}","processId":"2040","image":"C:\\\\Windows\\\\System32\\\\svchost.exe","targetObject":"\\\\REGISTRY\\\\A\\\\{b8171cb7-3894-cd12-532c-298836c8db35}\\\\Root\\\\InventoryApplicationFile\\\\msedgewebview2.e|2a1b02a3f48ebb5b\\\\Publisher","details":"microsoft corporation","user":"NT AUTHORITY\\\\SYSTEM"}}},"location":"EventChannel"}
{"timestamp":"2026-10-02T03:07:14.691+0000","agent":{"id":"001","name":"SOC-WIN10","ip":"192.168.50.20"},"manager":{"name":"soc-wazuh"},"id":"1790910434.323755","full_log":"{\"win\":{\"system\":{\"providerName\":\"Microsoft-Windows-Sysmon\",\"providerGuid\":\"{5770385f-c22a-43e0-bf4c-06f5698ffbd9}\",\"eventID\":\"13\",\"version\":\"2\",\"level\":\"4\",\"task\":\"13\",\"opcode\":\"0\",\"keywords\":\"0x8000000000000000\",\"systemTime\":\"2026-10-02T03:07:07.2683955Z\",\"eventRecordID\":\"11506\",\"processID\":\"2140\",\"threadID\":\"4056\",\"channel\":\"Microsoft-Windows-Sysmon/Operational\",\"computer\":\"WIN10-01.SOC-LAB.LOCAL\",\"severityValue\":\"INFORMATION\",\"message\":\"\\\"Registry value set:\\r\\nRuleName: InvDB-CompileTimeClaim\\r\\nEventType: SetValue\\r\\nUtcTime: 2026-10-02 03:07:07.222\\r\\nProcessGuid: {e12a69d9-1f99-6abf-2500-000000001700}\\r\\nProcessId: 2040\\r\\nImage: C:\\\\Windows\\\\System32\\\\svchost.exe\\r\\nTargetObject: \\\\REGISTRY\\\\A\\\\{b8171cb7-3894-cd12-532c-298836c8db35}\\\\Root\\\\InventoryApplicationFile\\\\msedgewebview2.e|2a1b02a3f48ebb5b\\\\LinkDate\\r\\nDetails: 09/28/2026 20:18:22\\r\\nUser: NT AUTHORITY\\\\SYSTEM\\\"\"},\"eventdata\":{\"ruleName\":\"InvDB-CompileTimeClaim\",\"eventType\":\"SetValue\",\"utcTime\":\"2026-10-02 03:07:07.222\",\"processGuid\":\"{e12a69d9-1f99-6abf-2500-000000001700}\",\"processId\":\"2040\",\"image\":\"C:\\\\\\\\Windows\\\\\\\\System32\\\\\\\\svchost.exe\",\"targetObject\":\"\\\\\\\\REGISTRY\\\\\\\\A\\\\\\\\{b8171cb7-3894-cd12-532c-298836c8db35}\\\\\\\\Root\\\\\\\\InventoryApplicationFile\\\\\\\\msedgewebview2.e|2a1b02a3f48ebb5b\\\\\\\\LinkDate\",\"details\":\"09/28/2026 20:18:22\",\"user\":\"NT AUTHORITY\\\\\\\\SYSTEM\"}}}","decoder":{"name":"windows_eventchannel"},"data":{"win":{"system":{"providerName":"Microsoft-Windows-Sysmon","providerGuid":"{5770385f-c22a-43e0-bf4c-06f5698ffbd9}","eventID":"13","version":"2","level":"4","task":"13","opcode":"0","keywords":"0x8000000000000000","systemTime":"2026-10-02T03:07:07.2683955Z","eventRecordID":"11506","processID":"2140","threadID":"4056","channel":"Microsoft-Windows-Sysmon/Operational","computer":"WIN10-01.SOC-LAB.LOCAL","severityValue":"INFORMATION","message":"\"Registry value set:\r\nRuleName: InvDB-CompileTimeClaim\r\nEventType: SetValue\r\nUtcTime: 2026-10-02 03:07:07.222\r\nProcessGuid: {e12a69d9-1f99-6abf-2500-000000001700}\r\nProcessId: 2040\r\nImage: C:\\Windows\\System32\\svchost.exe\r\nTargetObject: \\REGISTRY\\A\\{b8171cb7-3894-cd12-532c-298836c8db35}\\Root\\InventoryApplicationFile\\msedgewebview2.e|2a1b02a3f48ebb5b\\LinkDate\r\nDetails: 09/28/2026 20:18:22\r\nUser: NT AUTHORITY\\SYSTEM\""},"eventdata":{"ruleName":"InvDB-CompileTimeClaim","eventType":"SetValue","utcTime":"2026-10-02 03:07:07.222","processGuid":"{e12a69d9-1f99-6abf-2500-000000001700}","processId":"2040","image":"C:\\\\Windows\\\\System32\\\\svchost.exe","targetObject":"\\\\REGISTRY\\\\A\\\\{b8171cb7-3894-cd12-532c-298836c8db35}\\\\Root\\\\InventoryApplicationFile\\\\msedgewebview2.e|2a1b02a3f48ebb5b\\\\LinkDate","details":"09/28/2026 20:18:22","user":"NT AUTHORITY\\\\SYSTEM"}}},"location":"EventChannel"}
{"timestamp":"2026-10-02T03:07:14.706+0000","agent":{"id":"001","name":"SOC-WIN10","ip":"192.168.50.20"},"manager":{"name":"soc-wazuh"},"id":"1790910434.323755","full_log":"{\"win\":{\"system\":{\"providerName\":\"Microsoft-Windows-Sysmon\",\"providerGuid\":\"{5770385f-c22a-43e0-bf4c-06f5698ffbd9}\",\"eventID\":\"13\",\"version\":\"2\",\"level\":\"4\",\"task\":\"13\",\"opcode\":\"0\",\"keywords\":\"0x8000000000000000\",\"systemTime\":\"2026-10-02T03:07:07.2684488Z\",\"eventRecordID\":\"11507\",\"processID\":\"2140\",\"threadID\":\"4056\",\"channel\":\"Microsoft-Windows-Sysmon/Operational\",\"computer\":\"WIN10-01.SOC-LAB.LOCAL\",\"severityValue\":\"INFORMATION\",\"message\":\"\\\"Registry value set:\\r\\nRuleName: InvDB-Ver\\r\\nEventType: SetValue\\r\\nUtcTime: 2026-10-02 03:07:07.222\\r\\nProcessGuid: {e12a69d9-1f99-6abf-2500-000000001700}\\r\\nProcessId: 2040\\r\\nImage: C:\\\\Windows\\\\System32\\\\svchost.exe\\r\\nTargetObject: \\\\REGISTRY\\\\A\\\\{b8171cb7-3894-cd12-532c-298836c8db35}\\\\Root\\\\InventoryApplicationFile\\\\msedgewebview2.e|2a1b02a3f48ebb5b\\\\BinProductVersion\\r\\nDetails: 154.0.4258.48\\r\\nUser: NT AUTHORITY\\\\SYSTEM\\\"\"},\"eventdata\":{\"ruleName\":\"InvDB-Ver\",\"eventType\":\"SetValue\",\"utcTime\":\"2026-10-02 03:07:07.222\",\"processGuid\":\"{e12a69d9-1f99-6abf-2500-000000001700}\",\"processId\":\"2040\",\"image\":\"C:\\\\\\\\Windows\\\\\\\\System32\\\\\\\\svchost.exe\",\"targetObject\":\"\\\\\\\\REGISTRY\\\\\\\\A\\\\\\\\{b8171cb7-3894-cd12-532c-298836c8db35}\\\\\\\\Root\\\\\\\\InventoryApplicationFile\\\\\\\\msedgewebview2.e|2a1b02a3f48ebb5b\\\\\\\\BinProductVersion\",\"details\":\"154.0.4258.48\",\"user\":\"NT AUTHORITY\\\\\\\\SYSTEM\"}}}","decoder":{"name":"windows_eventchannel"},"data":{"win":{"system":{"providerName":"Microsoft-Windows-Sysmon","providerGuid":"{5770385f-c22a-43e0-bf4c-06f5698ffbd9}","eventID":"13","version":"2","level":"4","task":"13","opcode":"0","keywords":"0x8000000000000000","systemTime":"2026-10-02T03:07:07.2684488Z","eventRecordID":"11507","processID":"2140","threadID":"4056","channel":"Microsoft-Windows-Sysmon/Operational","computer":"WIN10-01.SOC-LAB.LOCAL","severityValue":"INFORMATION","message":"\"Registry value set:\r\nRuleName: InvDB-Ver\r\nEventType: SetValue\r\nUtcTime: 2026-10-02 03:07:07.222\r\nProcessGuid: {e12a69d9-1f99-6abf-2500-000000001700}\r\nProcessId: 2040\r\nImage: C:\\Windows\\System32\\svchost.exe\r\nTargetObject: \\REGISTRY\\A\\{b8171cb7-3894-cd12-532c-298836c8db35}\\Root\\InventoryApplicationFile\\msedgewebview2.e|2a1b02a3f48ebb5b\\BinProductVersion\r\nDetails: 154.0.4258.48\r\nUser: NT AUTHORITY\\SYSTEM\""},"eventdata":{"ruleName":"InvDB-Ver","eventType":"SetValue","utcTime":"2026-10-02 03:07:07.222","processGuid":"{e12a69d9-1f99-6abf-2500-000000001700}","processId":"2040","image":"C:\\\\Windows\\\\System32\\\\svchost.exe","targetObject":"\\\\REGISTRY\\\\A\\\\{b8171cb7-3894-cd12-532c-298836c8db35}\\\\Root\\\\InventoryApplicationFile\\\\msedgewebview2.e|2a1b02a3f48ebb5b\\\\BinProductVersion","details":"154.0.4258.48","user":"NT AUTHORITY\\\\SYSTEM"}}},"location":"EventChannel"}
{"timestamp":"2026-10-02T03:07:14.738+0000","agent":{"id":"001","name":"SOC-WIN10","ip":"192.168.50.20"},"manager":{"name":"soc-wazuh"},"id":"1790910434.323755","full_log":"{\"win\":{\"system\":{\"providerName\":\"Microsoft-Windows-Sysmon\",\"providerGuid\":\"{5770385f-c22a-43e0-bf4c-06f5698ffbd9}\",\"eventID\":\"1\",\"version\":\"5\",\"level\":\"4\",\"task\":\"1\",\"opcode\":\"0\",\"keywords\":\"0x8000000000000000\",\"systemTime\":\"2026-10-02T03:07:07.3790368Z\",\"eventRecordID\":\"11508\",\"processID\":\"2140\",\"threadID\":\"4056\",\"channel\":\"Microsoft-Windows-Sysmon/Operational\",\"computer\":\"WIN10-01.SOC-LAB.LOCAL\",\"severityValue\":\"INFORMATION\",\"message\":\"\\\"Process Create:\\r\\nRuleName: -\\r\\nUtcTime: 2026-10-02 03:07:07.325\\r\\nProcessGuid: {e12a69d9-1fdb-6abf-ec00-000000001700}\\r\\nProcessId: 3808\\r\\nImage: C:\\\\Program Files (x86)\\\\Microsoft\\\\EdgeWebView\\\\Application\\\\154.0.4258.48\\\\msedgewebview2.exe\\r\\nFileVersion: 154.0.4258.48\\r\\nDescription: Microsoft Edge WebView2\\r\\nProduct: Microsoft Edge WebView2\\r\\nCompany: Microsoft Corporation\\r\\nOriginalFileName: msedgewebview2.exe\\r\\nCommandLine: \\\"C:\\\\Program Files (x86)\\\\Microsoft\\\\EdgeWebView\\\\Application\\\\154.0.4258.48\\\\msedgewebview2.exe\\\" --type=gpu-process --gpu-recent-crash-count=0 --noerrdialogs --user-data-dir=\\\"C:\\\\Users\\\\nam.user\\\\AppData\\\\Local\\\\Packages\\\\Microsoft.MicrosoftOfficeHub_8wekyb3d8bbwe\\\\LocalState\\\\EBWebView\\\" --webview-exe-name=M365Copilot.exe --webview-exe-version=19.2609.52011.0 --embedded-browser-webview=1 --embedded-browser-webview-dpi-awareness=2 --gpu-preferences=WAAAAAAAAADgAAAEAAAAAAAAAAAAAGAAQAAAAAAAAAADAAAAAAAAADgAAAAAAAAAAAAAAAAAAAACAAAAAAAAAAAAAAAAAAAAKAAAAAAAAAAoAAAAAAAAAAgAAAAAAAAAEAAAAAIAAAABAAAAAAAAAAgAAAAAAAAACAAAAAAAAAA= --startup-read-main-dll --metrics-shmem-handle=1744,i,11833278307912086469,14068217599216252997,262144 --field-trial-handle=2024,i,17997923285045663805,6945669727337648643,262144 --enable-features=msSingleSignOnOSForPrimaryAccountIsShared --disable-features=msEnhancedTrackingPreventionEnabled --variations-seed-version --pseudonymization-salt-handle=2028,i,10363675654584423323,14711617210225985604,4 --trace-process-track-uuid=3190708988185955192 --mojo-platform-channel-handle=2020 /prefetch:2\\r\\nCurrentDirectory: C:\\\\Program Files (x86)\\\\Microsoft\\\\EdgeWebView\\\\Application\\\\154.0.4258.48\\\\\\r\\nUser: SOC-LAB\\\\nam.user\\r\\nLogonGuid: {e12a69d9-1fab-6abf-e90d-090000000000}\\r\\nLogonId: 0x90DE9\\r\\nTerminalSessionId: 1\\r\\nIntegrityLevel: Low\\r\\nHashes: MD5=6852459A3127B588B72BA0BA000F54E2,SHA256=8454A3B710D8A8A7002AF5F16349FE6214DF14CEC90A2008E4790BF5728C4A3B,IMPHASH=D38C0D5E659AA4EF1F1B1B3C4C20C711\\r\\nParentProcessGuid: {e12a69d9-1fda-6abf-e900-000000001700}\\r\\nParentProcessId: 2468\\r\\nParentImage: C:\\\\Program Files (x86)\\\\Microsoft\\\\EdgeWebView\\\\Application\\\\154.0.4258.48\\\\msedgewebview2.exe\\r\\nParentCommandLine: \\\"C:\\\\Program Files (x86)\\\\Microsoft\\\\EdgeWebView\\\\Application\\\\154.0.4258.48\\\\msedgewebview2.exe\\\" --embedded-browser-webview=1 --webview-exe-name=M365Copilot.exe --webview-exe-version=19.2609.52011.0 --user-data-dir=\\\"C:\\\\Users\\\\nam.user\\\\AppData\\\\Local\\\\Packages\\\\Microsoft.MicrosoftOfficeHub_8wekyb3d8bbwe\\\\LocalState\\\\EBWebView\\\" --noerrdialogs --embedded-browser-webview-dpi-awareness=2 --disable-features=msEnhancedTrackingPreventionEnabled --enable-features=msSingleSignOnOSForPrimaryAccountIsShared --mojo-named-platform-channel-pipe=4520.2356.14068602213966527686\\r\\nParentUser: SOC-LAB\\\\nam.user\\\"\"},\"eventdata\":{\"utcTime\":\"2026-10-02 03:07:07.325\",\"processGuid\":\"{e12a69d9-1fdb-6abf-ec00-000000001700}\",\"processId\":\"3808\",\"image\":\"C:\\\\\\\\Program Files (x86)\\\\\\\\Microsoft\\\\\\\\EdgeWebView\\\\\\\\Application\\\\\\\\154.0.4258.48\\\\\\\\msedgewebview2.exe\",\"fileVersion\":\"154.0.4258.48\",\"description\":\"Microsoft Edge WebView2\",\"product\":\"Microsoft Edge WebView2\",\"company\":\"Microsoft Corporation\",\"originalFileName\":\"msedgewebview2.exe\",\"commandLine\":\"\\\\\\\"C:\\\\\\\\Program Files (x86)\\\\\\\\Microsoft\\\\\\\\EdgeWebView\\\\\\\\Application\\\\\\\\154.0.4258.48\\\\\\\\msedgewebview2.exe\\\\\\\" --type=gpu-process --gpu-recent-crash-count=0 --noerrdialogs --user-data-dir=\\\\\\\"C:\\\\\\\\Users\\\\\\\\nam.user\\\\\\\\AppData\\\\\\\\Local\\\\\\\\Packages\\\\\\\\Microsoft.MicrosoftOfficeHub_8wekyb3d8bbwe\\\\\\\\LocalState\\\\\\\\EBWebView\\\\\\\" --webview-exe-name=M365Copilot.exe --webview-exe-version=19.2609.52011.0 --embedded-browser-webview=1 --embedded-browser-webview-dpi-awareness=2 --gpu-preferences=WAAAAAAAAADgAAAEAAAAAAAAAAAAAGAAQAAAAAAAAAADAAAAAAAAADgAAAAAAAAAAAAAAAAAAAACAAAAAAAAAAAAAAAAAAAAKAAAAAAAAAAoAAAAAAAAAAgAAAAAAAAAEAAAAAIAAAABAAAAAAAAAAgAAAAAAAAACAAAAAAAAAA= --startup-read-main-dll --metrics-shmem-handle=1744,i,11833278307912086469,14068217599216252997,262144 --field-trial-handle=2024,i,17997923285045663805,6945669727337648643,262144 --enable-features=msSingleSignOnOSForPrimaryAccountIsShared --disable-features=msEnhancedTrackingPreventionEnabled --variations-seed-version --pseudonymization-salt-handle=2028,i,10363675654584423323,14711617210225985604,4 --trace-process-track-uuid=3190708988185955192 --mojo-platform-channel-handle=2020 /prefetch:2\",\"currentDirectory\":\"C:\\\\\\\\Program Files (x86)\\\\\\\\Microsoft\\\\\\\\EdgeWebView\\\\\\\\Application\\\\\\\\154.0.4258.48\\\\\\\\\",\"user\":\"SOC-LAB\\\\\\\\nam.user\",\"logonGuid\":\"{e12a69d9-1fab-6abf-e90d-090000000000}\",\"logonId\":\"0x90de9\",\"terminalSessionId\":\"1\",\"integrityLevel\":\"Low\",\"hashes\":\"MD5=6852459A3127B588B72BA0BA000F54E2,SHA256=8454A3B710D8A8A7002AF5F16349FE6214DF14CEC90A2008E4790BF5728C4A3B,IMPHASH=D38C0D5E659AA4EF1F1B1B3C4C20C711\",\"parentProcessGuid\":\"{e12a69d9-1fda-6abf-e900-000000001700}\",\"parentProcessId\":\"2468\",\"parentImage\":\"C:\\\\\\\\Program Files (x86)\\\\\\\\Microsoft\\\\\\\\EdgeWebView\\\\\\\\Application\\\\\\\\154.0.4258.48\\\\\\\\msedgewebview2.exe\",\"parentCommandLine\":\"\\\\\\\"C:\\\\\\\\Program Files (x86)\\\\\\\\Microsoft\\\\\\\\EdgeWebView\\\\\\\\Application\\\\\\\\154.0.4258.48\\\\\\\\msedgewebview2.exe\\\\\\\" --embedded-browser-webview=1 --webview-exe-name=M365Copilot.exe --webview-exe-version=19.2609.52011.0 --user-data-dir=\\\\\\\"C:\\\\\\\\Users\\\\\\\\nam.user\\\\\\\\AppData\\\\\\\\Local\\\\\\\\Packages\\\\\\\\Microsoft.MicrosoftOfficeHub_8wekyb3d8bbwe\\\\\\\\LocalState\\\\\\\\EBWebView\\\\\\\" --noerrdialogs --embedded-browser-webview-dpi-awareness=2 --disable-features=msEnhancedTrackingPreventionEnabled --enable-features=msSingleSignOnOSForPrimaryAccountIsShared --mojo-named-platform-channel-pipe=4520.2356.14068602213966527686\",\"parentUser\":\"SOC-LAB\\\\\\\\nam.user\"}}}","decoder":{"name":"windows_eventchannel"},"data":{"win":{"system":{"providerName":"Microsoft-Windows-Sysmon","providerGuid":"{5770385f-c22a-43e0-bf4c-06f5698ffbd9}","eventID":"1","version":"5","level":"4","task":"1","opcode":"0","keywords":"0x8000000000000000","systemTime":"2026-10-02T03:07:07.3790368Z","eventRecordID":"11508","processID":"2140","threadID":"4056","channel":"Microsoft-Windows-Sysmon/Operational","computer":"WIN10-01.SOC-LAB.LOCAL","severityValue":"INFORMATION","message":"\"Process Create:\r\nRuleName: -\r\nUtcTime: 2026-10-02 03:07:07.325\r\nProcessGuid: {e12a69d9-1fdb-6abf-ec00-000000001700}\r\nProcessId: 3808\r\nImage: C:\\Program Files (x86)\\Microsoft\\EdgeWebView\\Application\\154.0.4258.48\\msedgewebview2.exe\r\nFileVersion: 154.0.4258.48\r\nDescription: Microsoft Edge WebView2\r\nProduct: Microsoft Edge WebView2\r\nCompany: Microsoft Corporation\r\nOriginalFileName: msedgewebview2.exe\r\nCommandLine: \"C:\\Program Files (x86)\\Microsoft\\EdgeWebView\\Application\\154.0.4258.48\\msedgewebview2.exe\" --type=gpu-process --gpu-recent-crash-count=0 --noerrdialogs --user-data-dir=\"C:\\Users\\nam.user\\AppData\\Local\\Packages\\Microsoft.MicrosoftOfficeHub_8wekyb3d8bbwe\\LocalState\\EBWebView\" --webview-exe-name=M365Copilot.exe --webview-exe-version=19.2609.52011.0 --embedded-browser-webview=1 --embedded-browser-webview-dpi-awareness=2 --gpu-preferences=WAAAAAAAAADgAAAEAAAAAAAAAAAAAGAAQAAAAAAAAAADAAAAAAAAADgAAAAAAAAAAAAAAAAAAAACAAAAAAAAAAAAAAAAAAAAKAAAAAAAAAAoAAAAAAAAAAgAAAAAAAAAEAAAAAIAAAABAAAAAAAAAAgAAAAAAAAACAAAAAAAAAA= --startup-read-main-dll --metrics-shmem-handle=1744,i,11833278307912086469,14068217599216252997,262144 --field-trial-handle=2024,i,17997923285045663805,6945669727337648643,262144 --enable-features=msSingleSignOnOSForPrimaryAccountIsShared --disable-features=msEnhancedTrackingPreventionEnabled --variations-seed-version --pseudonymization-salt-handle=2028,i,10363675654584423323,14711617210225985604,4 --trace-process-track-uuid=3190708988185955192 --mojo-platform-channel-handle=2020 /prefetch:2\r\nCurrentDirectory: C:\\Program Files (x86)\\Microsoft\\EdgeWebView\\Application\\154.0.4258.48\\\r\nUser: SOC-LAB\\nam.user\r\nLogonGuid: {e12a69d9-1fab-6abf-e90d-090000000000}\r\nLogonId: 0x90DE9\r\nTerminalSessionId: 1\r\nIntegrityLevel: Low\r\nHashes: MD5=6852459A3127B588B72BA0BA000F54E2,SHA256=8454A3B710D8A8A7002AF5F16349FE6214DF14CEC90A2008E4790BF5728C4A3B,IMPHASH=D38C0D5E659AA4EF1F1B1B3C4C20C711\r\nParentProcessGuid: {e12a69d9-1fda-6abf-e900-000000001700}\r\nParentProcessId: 2468\r\nParentImage: C:\\Program Files (x86)\\Microsoft\\EdgeWebView\\Application\\154.0.4258.48\\msedgewebview2.exe\r\nParentCommandLine: \"C:\\Program Files (x86)\\Microsoft\\EdgeWebView\\Application\\154.0.4258.48\\msedgewebview2.exe\" --embedded-browser-webview=1 --webview-exe-name=M365Copilot.exe --webview-exe-version=19.2609.52011.0 --user-data-dir=\"C:\\Users\\nam.user\\AppData\\Local\\Packages\\Microsoft.MicrosoftOfficeHub_8wekyb3d8bbwe\\LocalState\\EBWebView\" --noerrdialogs --embedded-browser-webview-dpi-awareness=2 --disable-features=msEnhancedTrackingPreventionEnabled --enable-features=msSingleSignOnOSForPrimaryAccountIsShared --mojo-named-platform-channel-pipe=4520.2356.14068602213966527686\r\nParentUser: SOC-LAB\\nam.user\""},"eventdata":{"utcTime":"2026-10-02 03:07:07.325","processGuid":"{e12a69d9-1fdb-6abf-ec00-000000001700}","processId":"3808","image":"C:\\\\Program Files (x86)\\\\Microsoft\\\\EdgeWebView\\\\Application\\\\154.0.4258.48\\\\msedgewebview2.exe","fileVersion":"154.0.4258.48","description":"Microsoft Edge WebView2","product":"Microsoft Edge WebView2","company":"Microsoft Corporation","originalFileName":"msedgewebview2.exe","commandLine":"\\\"C:\\\\Program Files (x86)\\\\Microsoft\\\\EdgeWebView\\\\Application\\\\154.0.4258.48\\\\msedgewebview2.exe\\\" --type=gpu-process --gpu-recent-crash-count=0 --noerrdialogs --user-data-dir=\\\"C:\\\\Users\\\\nam.user\\\\AppData\\\\Local\\\\Packages\\\\Microsoft.MicrosoftOfficeHub_8wekyb3d8bbwe\\\\LocalState\\\\EBWebView\\\" --webview-exe-name=M365Copilot.exe --webview-exe-version=19.2609.52011.0 --embedded-browser-webview=1 --embedded-browser-webview-dpi-awareness=2 --gpu-preferences=WAAAAAAAAADgAAAEAAAAAAAAAAAAAGAAQAAAAAAAAAADAAAAAAAAADgAAAAAAAAAAAAAAAAAAAACAAAAAAAAAAAAAAAAAAAAKAAAAAAAAAAoAAAAAAAAAAgAAAAAAAAAEAAAAAIAAAABAAAAAAAAAAgAAAAAAAAACAAAAAAAAAA= --startup-read-main-dll --metrics-shmem-handle=1744,i,11833278307912086469,14068217599216252997,262144 --field-trial-handle=2024,i,17997923285045663805,6945669727337648643,262144 --enable-features=msSingleSignOnOSForPrimaryAccountIsShared --disable-features=msEnhancedTrackingPreventionEnabled --variations-seed-version --pseudonymization-salt-handle=2028,i,10363675654584423323,14711617210225985604,4 --trace-process-track-uuid=3190708988185955192 --mojo-platform-channel-handle=2020 /prefetch:2","currentDirectory":"C:\\\\Program Files (x86)\\\\Microsoft\\\\EdgeWebView\\\\Application\\\\154.0.4258.48\\\\","user":"SOC-LAB\\\\nam.user","logonGuid":"{e12a69d9-1fab-6abf-e90d-090000000000}","logonId":"0x90de9","terminalSessionId":"1","integrityLevel":"Low","hashes":"MD5=6852459A3127B588B72BA0BA000F54E2,SHA256=8454A3B710D8A8A7002AF5F16349FE6214DF14CEC90A2008E4790BF5728C4A3B,IMPHASH=D38C0D5E659AA4EF1F1B1B3C4C20C711","parentProcessGuid":"{e12a69d9-1fda-6abf-e900-000000001700}","parentProcessId":"2468","parentImage":"C:\\\\Program Files (x86)\\\\Microsoft\\\\EdgeWebView\\\\Application\\\\154.0.4258.48\\\\msedgewebview2.exe","parentCommandLine":"\\\"C:\\\\Program Files (x86)\\\\Microsoft\\\\EdgeWebView\\\\Application\\\\154.0.4258.48\\\\msedgewebview2.exe\\\" --embedded-browser-webview=1 --webview-exe-name=M365Copilot.exe --webview-exe-version=19.2609.52011.0 --user-data-dir=\\\"C:\\\\Users\\\\nam.user\\\\AppData\\\\Local\\\\Packages\\\\Microsoft.MicrosoftOfficeHub_8wekyb3d8bbwe\\\\LocalState\\\\EBWebView\\\" --noerrdialogs --embedded-browser-webview-dpi-awareness=2 --disable-features=msEnhancedTrackingPreventionEnabled --enable-features=msSingleSignOnOSForPrimaryAccountIsShared --mojo-named-platform-channel-pipe=4520.2356.14068602213966527686","parentUser":"SOC-LAB\\\\nam.user"}}},"location":"EventChannel"}
