{"timestamp":"2026-10-02T03:06:34.909+0000","agent":{"id":"001","name":"SOC-WIN10","ip":"192.168.50.20"},"manager":{"name":"soc-wazuh"},"id":"1790910394.49539","full_log":"{\"win\":{\"system\":{\"providerName\":\"Microsoft-Windows-Sysmon\",\"providerGuid\":\"{5770385f-c22a-43e0-bf4c-06f5698ffbd9}\",\"eventID\":\"13\",\"version\":\"2\",\"level\":\"4\",\"task\":\"13\",\"opcode\":\"0\",\"keywords\":\"0x8000000000000000\",\"systemTime\":\"2026-10-02T03:06:06.3043759Z\",\"eventRecordID\":\"11296\",\"processID\":\"2140\",\"threadID\":\"4056\",\"channel\":\"Microsoft-Windows-Sysmon/Operational\",\"computer\":\"WIN10-01.SOC-LAB.LOCAL\",\"severityValue\":\"INFORMATION\",\"message\":\"\\\"Registry value set:\\r\\nRuleName: -\\r\\nEventType: SetValue\\r\\nUtcTime: 2026-10-02 03:06:04.879\\r\\nProcessGuid: {e12a69d9-1f99-6abf-2c00-000000001700}\\r\\nProcessId: 2148\\r\\nImage: C:\\\\ProgramData\\\\Microsoft\\\\Windows Defender\\\\platform\\\\4.18.26080.4-0\\\\MsMpEng.exe\\r\\nTargetObject: HKCR\\\\.appxbundle\\\\ShellEx\\\\ContextMenuHandlers\\\\EPP\\\\(Default)\\r\\nDetails: {09A47860-11B0-4DA5-AFA5-26D86198A780}\\r\\nUser: NT AUTHORITY\\\\SYSTEM\\\"\"},\"eventdata\":{\"eventType\":\"SetValue\",\"utcTime\":\"2026-10-02 03:06:04.879\",\"processGuid\":\"{e12a69d9-1f99-6abf-2c00-000000001700}\",\"processId\":\"2148\",\"image\":\"C:\\\\\\\\ProgramData\\\\\\\\Microsoft\\\\\\\\Windows Defender\\\\\\\\platform\\\\\\\\4.18.26080.4-0\\\\\\\\MsMpEng.exe\",\"targetObject\":\"HKCR\\\\\\\\.appxbundle\\\\\\\\ShellEx\\\\\\\\ContextMenuHandlers\\\\\\\\EPP\\\\\\\\(Default)\",\"details\":\"{09A47860-11B0-4DA5-AFA5-26D86198A780}\",\"user\":\"NT AUTHORITY\\\\\\\\SYSTEM\"}}}","decoder":{"name":"windows_eventchannel"},"data":{"win":{"system":{"providerName":"Microsoft-Windows-Sysmon","providerGuid":"{5770385f-c22a-43e0-bf4c-06f5698ffbd9}","eventID":"13","version":"2","level":"4","task":"13","opcode":"0","keywords":"0x8000000000000000","systemTime":"2026-10-02T03:06:06.3043759Z","eventRecordID":"11296","processID":"2140","threadID":"4056","channel":"Microsoft-Windows-Sysmon/Operational","computer":"WIN10-01.SOC-LAB.LOCAL","severityValue":"INFORMATION","message":"\"Registry value set:\r\nRuleName: -\r\nEventType: SetValue\r\nUtcTime: 2026-10-02 03:06:04.879\r\nProcessGuid: {e12a69d9-1f99-6abf-2c00-000000001700}\r\nProcessId: 2148\r\nImage: C:\\ProgramData\\Microsoft\\Windows Defender\\platform\\4.18.26080.4-0\\MsMpEng.exe\r\nTargetObject: HKCR\\.appxbundle\\ShellEx\\ContextMenuHandlers\\EPP\\(Default)\r\nDetails: {09A47860-11B0-4DA5-AFA5-26D86198A780}\r\nUser: NT AUTHORITY\\SYSTEM\""},"eventdata":{"eventType":"SetValue","utcTime":"2026-10-02 03:06:04.879","processGuid":"{e12a69d9-1f99-6abf-2c00-000000001700}","processId":"2148","image":"C:\\\\ProgramData\\\\Microsoft\\\\Windows Defender\\\\platform\\\\4.18.26080.4-0\\\\MsMpEng.exe","targetObject":"HKCR\\\\.appxbundle\\\\ShellEx\\\\ContextMenuHandlers\\\\EPP\\\\(Default)","details":"{09A47860-11B0-4DA5-AFA5-26D86198A780}","user":"NT AUTHORITY\\\\SYSTEM"}}},"location":"EventChannel"}
{"timestamp":"2026-10-02T03:06:34.946+0000","agent":{"id":"001","name":"SOC-WIN10","ip":"192.168.50.20"},"manager":{"name":"soc-wazuh"},"id":"1790910394.49539","full_log":"{\"win\":{\"system\":{\"providerName\":\"Microsoft-Windows-Sysmon\",\"providerGuid\":\"{5770385f-c22a-43e0-bf4c-06f5698ffbd9}\",\"eventID\":\"13\",\"version\":\"2\",\"level\":\"4\",\"task\":\"13\",\"opcode\":\"0\",\"keywords\":\"0x8000000000000000\",\"systemTime\":\"2026-10-02T03:06:06.3083724Z\",\"eventRecordID\":\"11297\",\"processID\":\"2140\",\"threadID\":\"4056\",\"channel\":\"Microsoft-Windows-Sysmon/Operational\",\"computer\":\"WIN10-01.SOC-LAB.LOCAL\",\"severityValue\":\"INFORMATION\",\"message\":\"\\\"Registry value set:\\r\\nRuleName: T1183,IFEO\\r\\nEventType: SetValue\\r\\nUtcTime: 2026-10-02 03:06:05.004\\r\\nProcessGuid: {e12a69d9-1f99-6abf-2c00-000000001700}\\r\\nProcessId: 2148\\r\\nImage: C:\\\\ProgramData\\\\Microsoft\\\\Windows Defender\\\\platform\\\\4.18.26080.4-0\\\\MsMpEng.exe\\r\\nTargetObject: HKLM\\\\SOFTWARE\\\\Microsoft\\\\Windows NT\\\\CurrentVersion\\\\Image File Execution Options\\\\DefenderAgentScan.exe\\\\MitigationOptions\\r\\nDetails: QWORD (0x00501010-0x00000000)\\r\\nUser: NT AUTHORITY\\\\SYSTEM\\\"\"},\"eventdata\":{\"ruleName\":\"T1183,IFEO\",\"eventType\":\"SetValue\",\"utcTime\":\"2026-10-02 03:06:05.004\",\"processGuid\":\"{e12a69d9-1f99-6abf-2c00-000000001700}\",\"processId\":\"2148\",\"image\":\"C:\\\\\\\\ProgramData\\\\\\\\Microsoft\\\\\\\\Windows Defender\\\\\\\\platform\\\\\\\\4.18.26080.4-0\\\\\\\\MsMpEng.exe\",\"targetObject\":\"HKLM\\\\\\\\SOFTWARE\\\\\\\\Microsoft\\\\\\\\Windows NT\\\\\\\\CurrentVersion\\\\\\\\Image File Execution Options\\\\\\\\DefenderAgentScan.exe\\\\\\\\MitigationOptions\",\"details\":\"QWORD (0x00501010-0x00000000)\",\"user\":\"NT AUTHORITY\\\\\\\\SYSTEM\"}}}","decoder":{"name":"windows_eventchannel"},"data":{"win":{"system":{"providerName":"Microsoft-Windows-Sysmon","providerGuid":"{5770385f-c22a-43e0-bf4c-06f5698ffbd9}","eventID":"13","version":"2","level":"4","task":"13","opcode":"0","keywords":"0x8000000000000000","systemTime":"2026-10-02T03:06:06.3083724Z","eventRecordID":"11297","processID":"2140","threadID":"4056","channel":"Microsoft-Windows-Sysmon/Operational","computer":"WIN10-01.SOC-LAB.LOCAL","severityValue":"INFORMATION","message":"\"Registry value set:\r\nRuleName: T1183,IFEO\r\nEventType: SetValue\r\nUtcTime: 2026-10-02 03:06:05.004\r\nProcessGuid: {e12a69d9-1f99-6abf-2c00-000000001700}\r\nProcessId: 2148\r\nImage: C:\\ProgramData\\Microsoft\\Windows Defender\\platform\\4.18.26080.4-0\\MsMpEng.exe\r\nTargetObject: HKLM\\SOFTWARE\\Microsoft\\Windows NT\\CurrentVersion\\Image File Execution Options\\DefenderAgentScan.exe\\MitigationOptions\r\nDetails: QWORD (0x00501010-0x00000000)\r\nUser: NT AUTHORITY\\SYSTEM\""},"eventdata":{"ruleName":"T1183,IFEO","eventType":"SetValue","utcTime":"2026-10-02 03:06:05.004","processGuid":"{e12a69d9-1f99-6abf-2c00-000000001700}","processId":"2148","image":"C:\\\\ProgramData\\\\Microsoft\\\\Windows Defender\\\\platform\\\\4.18.26080.4-0\\\\MsMpEng.exe","targetObject":"HKLM\\\\SOFTWARE\\\\Microsoft\\\\Windows NT\\\\CurrentVersion\\\\Image File Execution Options\\\\DefenderAgentScan.exe\\\\MitigationOptions","details":"QWORD (0x00501010-0x00000000)","user":"NT AUTHORITY\\\\SYSTEM"}}},"location":"EventChannel"}
{"timestamp":"2026-10-02T03:06:34.989+0000","agent":{"id":"001","name":"SOC-WIN10","ip":"192.168.50.20"},"manager":{"name":"soc-wazuh"},"id":"1790910394.49539","full_log":"{\"win\":{\"system\":{\"providerName\":\"Microsoft-Windows-Sysmon\",\"providerGuid\":\"{5770385f-c22a-43e0-bf4c-06f5698ffbd9}\",\"eventID\":\"6\",\"version\":\"4\",\"level\":\"4\",\"task\":\"6\",\"opcode\":\"0\",\"keywords\":\"0x8000000000000000\",\"systemTime\":\"2026-10-02T03:06:06.3633642Z\",\"eventRecordID\":\"11298\",\"processID\":\"2140\",\"threadID\":\"4060\",\"channel\":\"Microsoft-Windows-Sysmon/Operational\",\"computer\":\"WIN10-01.SOC-LAB.LOCAL\",\"severityValue\":\"INFORMATION\",\"message\":\"\\\"Driver loaded:\\r\\nRuleName: -\\r\\nUtcTime: 2026-10-02 03:05:55.376\\r\\nImageLoaded: C:\\\\Windows\\\\System32\\\\drivers\\\\qxldod.sys\\r\\nHashes: MD5=AF2237B53FF5F89409C7763AFEBEE518,SHA256=02C8AD5A11054AFCE0DFDB2169C4C49BE8709A8364294927CCD591E9B5B197D7,IMPHASH=BA023A1991278BB39CAC1FD2453955AE\\r\\nSigned: true\\r\\nSignature: Red Hat, Inc.\\r\\nSignatureStatus: Valid\\\"\"},\"eventdata\":{\"utcTime\":\"2026-10-02 03:05:55.376\",\"imageLoaded\":\"C:\\\\\\\\Windows\\\\\\\\System32\\\\\\\\drivers\\\\\\\\qxldod.sys\",\"hashes\":\"MD5=AF2237B53FF5F89409C7763AFEBEE518,SHA256=02C8AD5A11054AFCE0DFDB2169C4C49BE8709A8364294927CCD591E9B5B197D7,IMPHASH=BA023A1991278BB39CAC1FD2453955AE\",\"signed\":\"true\",\"signature\":\"Red Hat, Inc.\",\"signatureStatus\":\"Valid\"}}}","decoder":{"name":"windows_eventchannel"},"data":{"win":{"system":{"providerName":"Microsoft-Windows-Sysmon","providerGuid":"{5770385f-c22a-43e0-bf4c-06f5698ffbd9}","eventID":"6","version":"4","level":"4","task":"6","opcode":"0","keywords":"0x8000000000000000","systemTime":"2026-10-02T03:06:06.3633642Z","eventRecordID":"11298","processID":"2140","threadID":"4060","channel":"Microsoft-Windows-Sysmon/Operational","computer":"WIN10-01.SOC-LAB.LOCAL","severityValue":"INFORMATION","message":"\"Driver loaded:\r\nRuleName: -\r\nUtcTime: 2026-10-02 03:05:55.376\r\nImageLoaded: C:\\Windows\\System32\\drivers\\qxldod.sys\r\nHashes: MD5=AF2237B53FF5F89409C7763AFEBEE518,SHA256=02C8AD5A11054AFCE0DFDB2169C4C49BE8709A8364294927CCD591E9B5B197D7,IMPHASH=BA023A1991278BB39CAC1FD2453955AE\r\nSigned: true\r\nSignature: Red Hat, Inc.\r\nSignatureStatus: Valid\""},"eventdata":{"utcTime":"2026-10-02 03:05:55.376","imageLoaded":"C:\\\\Windows\\\\System32\\\\drivers\\\\qxldod.sys","hashes":"MD5=AF2237B53FF5F89409C7763AFEBEE518,SHA256=02C8AD5A11054AFCE0DFDB2169C4C49BE8709A8364294927CCD591E9B5B197D7,IMPHASH=BA023A1991278BB39CAC1FD2453955AE","signed":"true","signature":"Red Hat, Inc.","signatureStatus":"Valid"}}},"location":"EventChannel"}
{"timestamp":"2026-10-02T03:06:35.026+0000","agent":{"id":"001","name":"SOC-WIN10","ip":"192.168.50.20"},"manager":{"name":"soc-wazuh"},"id":"1790910395.49539","full_log":"{\"win\":{\"system\":{\"providerName\":\"Microsoft-Windows-Sysmon\",\"providerGuid\":\"{5770385f-c22a-43e0-bf4c-06f5698ffbd9}\",\"eventID\":\"6\",\"version\":\"4\",\"level\":\"4\",\"task\":\"6\",\"opcode\":\"0\",\"keywords\":\"0x8000000000000000\",\"systemTime\":\"2026-10-02T03:06:06.3842118Z\",\"eventRecordID\":\"11299\",\"processID\":\"2140\",\"threadID\":\"4060\",\"channel\":\"Microsoft-Windows-Sysmon/Operational\",\"computer\":\"WIN10-01.SOC-LAB.LOCAL\",\"severityValue\":\"INFORMATION\",\"message\":\"\\\"Driver loaded:\\r\\nRuleName: -\\r\\nUtcTime: 2026-10-02 03:05:55.423\\r\\nImageLoaded: C:\\\\Windows\\\\System32\\\\drivers\\\\vioser.sys\\r\\nHashes: MD5=C8C5E74DEA404DF05A41FFE979ED5DEB,SHA256=C189093770CCA2B56EB296C917BC1A7C15E51FDCC25CFF999F74319D8C3E6529,IMPHASH=7328A5DBD520241EC8C882738C232A34\\r\\nSigned: true\\r\\nSignature: Red Hat, Inc.\\r\\nSignatureStatus: Valid\\\"\"},\"eventdata\":{\"utcTime\":\"2026-10-02 03:05:55.423\",\"imageLoaded\":\"C:\\\\\\\\Windows\\\\\\\\System32\\\\\\\\drivers\\\\\\\\vioser.sys\",\"hashes\":\"MD5=C8C5E74DEA404DF05A41FFE979ED5DEB,SHA256=C189093770CCA2B56EB296C917BC1A7C15E51FDCC25CFF999F74319D8C3E6529,IMPHASH=7328A5DBD520241EC8C882738C232A34\",\"signed\":\"true\",\"signature\":\"Red Hat, Inc.\",\"signatureStatus\":\"Valid\"}}}","decoder":{"name":"windows_eventchannel"},"data":{"win":{"system":{"providerName":"Microsoft-Windows-Sysmon","providerGuid":"{5770385f-c22a-43e0-bf4c-06f5698ffbd9}","eventID":"6","version":"4","level":"4","task":"6","opcode":"0","keywords":"0x8000000000000000","systemTime":"2026-10-02T03:06:06.3842118Z","eventRecordID":"11299","processID":"2140","threadID":"4060","channel":"Microsoft-Windows-Sysmon/Operational","computer":"WIN10-01.SOC-LAB.LOCAL","severityValue":"INFORMATION","message":"\"Driver loaded:\r\nRuleName: -\r\nUtcTime: 2026-10-02 03:05:55.423\r\nImageLoaded: C:\\Windows\\System32\\drivers\\vioser.sys\r\nHashes: MD5=C8C5E74DEA404DF05A41FFE979ED5DEB,SHA256=C189093770CCA2B56EB296C917BC1A7C15E51FDCC25CFF999F74319D8C3E6529,IMPHASH=7328A5DBD520241EC8C882738C232A34\r\nSigned: true\r\nSignature: Red Hat, Inc.\r\nSignatureStatus: Valid\""},"eventdata":{"utcTime":"2026-10-02 03:05:55.423","imageLoaded":"C:\\\\Windows\\\\System32\\\\drivers\\\\vioser.sys","hashes":"MD5=C8C5E74DEA404DF05A41FFE979ED5DEB,SHA256=C189093770CCA2B56EB296C917BC1A7C15E51FDCC25CFF999F74319D8C3E6529,IMPHASH=7328A5DBD520241EC8C882738C232A34","signed":"true","signature":"Red Hat, Inc.","signatureStatus":"Valid"}}},"location":"EventChannel"}
{"timestamp":"2026-10-02T03:06:35.046+0000","agent":{"id":"001","name":"SOC-WIN10","ip":"192.168.50.20"},"manager":{"name":"soc-wazuh"},"id":"1790910395.49539","full_log":"{\"win\":{\"system\":{\"providerName\":\"Microsoft-Windows-Sysmon\",\"providerGuid\":\"{5770385f-c22a-43e0-bf4c-06f5698ffbd9}\",\"eventID\":\"6\",\"version\":\"4\",\"level\":\"4\",\"task\":\"6\",\"opcode\":\"0\",\"keywords\":\"0x8000000000000000\",\"systemTime\":\"2026-10-02T03:06:06.3864557Z\",\"eventRecordID\":\"11300\",\"processID\":\"2140\",\"threadID\":\"4060\",\"channel\":\"Microsoft-Windows-Sysmon/Operational\",\"computer\":\"WIN10-01.SOC-LAB.LOCAL\",\"severityValue\":\"INFORMATION\",\"message\":\"\\\"Driver loaded:\\r\\nRuleName: -\\r\\nUtcTime: 2026-10-02 03:05:55.423\\r\\nImageLoaded: C:\\\\Windows\\\\System32\\\\drivers\\\\balloon.sys\\r\\nHashes: MD5=83608E24B1CCE6F801F880C996BB4815,SHA256=99C697C5E4020BFDF750E00660AC75CBA14AFA126BB52DA4BE881C9F2CFF8EA2,IMPHASH=7DA26A129E8BD1690B2B648FA4872F14\\r\\nSigned: true\\r\\nSignature: Red Hat, Inc.\\r\\nSignatureStatus: Valid\\\"\"},\"eventdata\":{\"utcTime\":\"2026-10-02 03:05:55.423\",\"imageLoaded\":\"C:\\\\\\\\Windows\\\\\\\\System32\\\\\\\\drivers\\\\\\\\balloon.sys\",\"hashes\":\"MD5=83608E24B1CCE6F801F880C996BB4815,SHA256=99C697C5E4020BFDF750E00660AC75CBA14AFA126BB52DA4BE881C9F2CFF8EA2,IMPHASH=7DA26A129E8BD1690B2B648FA4872F14\",\"signed\":\"true\",\"signature\":\"Red Hat, Inc.\",\"signatureStatus\":\"Valid\"}}}","decoder":{"name":"windows_eventchannel"},"data":{"win":{"system":{"providerName":"Microsoft-Windows-Sysmon","providerGuid":"{5770385f-c22a-43e0-bf4c-06f5698ffbd9}","eventID":"6","version":"4","level":"4","task":"6","opcode":"0","keywords":"0x8000000000000000","systemTime":"2026-10-02T03:06:06.3864557Z","eventRecordID":"11300","processID":"2140","threadID":"4060","channel":"Microsoft-Windows-Sysmon/Operational","computer":"WIN10-01.SOC-LAB.LOCAL","severityValue":"INFORMATION","message":"\"Driver loaded:\r\nRuleName: -\r\nUtcTime: 2026-10-02 03:05:55.423\r\nImageLoaded: C:\\Windows\\System32\\drivers\\balloon.sys\r\nHashes: MD5=83608E24B1CCE6F801F880C996BB4815,SHA256=99C697C5E4020BFDF750E00660AC75CBA14AFA126BB52DA4BE881C9F2CFF8EA2,IMPHASH=7DA26A129E8BD1690B2B648FA4872F14\r\nSigned: true\r\nSignature: Red Hat, Inc.\r\nSignatureStatus: Valid\""},"eventdata":{"utcTime":"2026-10-02 03:05:55.423","imageLoaded":"C:\\\\Windows\\\\System32\\\\drivers\\\\balloon.sys","hashes":"MD5=83608E24B1CCE6F801F880C996BB4815,SHA256=99C697C5E4020BFDF750E00660AC75CBA14AFA126BB52DA4BE881C9F2CFF8EA2,IMPHASH=7DA26A129E8BD1690B2B648FA4872F14","signed":"true","signature":"Red Hat, Inc.","signatureStatus":"Valid"}}},"location":"EventChannel"}
{"timestamp":"2026-10-02T03:06:35.048+0000","rule":{"level":9,"description":"Powershell process created an executable file in Windows root folder","id":"92205","mitre":{"id":["T1105"],"tactic":["Command and Control"],"technique":["Ingress Tool Transfer"]},"firedtimes":1,"mail":false,"groups":["sysmon","sysmon_eid11_detections","windows"]},"agent":{"id":"001","name":"SOC-WIN10","ip":"192.168.50.20"},"manager":{"name":"soc-wazuh"},"id":"1790910395.55911","full_log":"{\"win\":{\"system\":{\"providerName\":\"Microsoft-Windows-Sysmon\",\"providerGuid\":\"{5770385f-c22a-43e0-bf4c-06f5698ffbd9}\",\"eventID\":\"11\",\"version\":\"2\",\"level\":\"4\",\"task\":\"11\",\"opcode\":\"0\",\"keywords\":\"0x8000000000000000\",\"systemTime\":\"2026-10-02T03:06:07.4896830Z\",\"eventRecordID\":\"11301\",\"processID\":\"2140\",\"threadID\":\"4056\",\"channel\":\"Microsoft-Windows-Sysmon/Operational\",\"computer\":\"WIN10-01.SOC-LAB.LOCAL\",\"severityValue\":\"INFORMATION\",\"message\":\"\\\"File created:\\r\\nRuleName: -\\r\\nUtcTime: 2026-10-02 03:06:07.488\\r\\nProcessGuid: {e12a69d9-1f9a-6abf-3400-000000001700}\\r\\nProcessId: 2800\\r\\nImage: C:\\\\Windows\\\\SysWOW64\\\\WindowsPowerShell\\\\v1.0\\\\powershell.exe\\r\\nTargetFilename: C:\\\\Windows\\\\SystemTemp\\\\__PSScriptPolicyTest_uceissrd.fdo.ps1\\r\\nCreationUtcTime: 2026-10-02 03:06:07.488\\r\\nUser: NT AUTHORITY\\\\SYSTEM\\\"\"},\"eventdata\":{\"utcTime\":\"2026-10-02 03:06:07.488\",\"processGuid\":\"{e12a69d9-1f9a-6abf-3400-000000001700}\",\"processId\":\"2800\",\"image\":\"C:\\\\\\\\Windows\\\\\\\\SysWOW64\\\\\\\\WindowsPowerShell\\\\\\\\v1.0\\\\\\\\powershell.exe\",\"targetFilename\":\"C:\\\\\\\\Windows\\\\\\\\SystemTemp\\\\\\\\__PSScriptPolicyTest_uceissrd.fdo.ps1\",\"creationUtcTime\":\"2026-10-02 03:06:07.488\",\"user\":\"NT AUTHORITY\\\\\\\\SYSTEM\"}}}","decoder":{"name":"windows_eventchannel"},"data":{"win":{"system":{"providerName":"Microsoft-Windows-Sysmon","providerGuid":"{5770385f-c22a-43e0-bf4c-06f5698ffbd9}","eventID":"11","version":"2","level":"4","task":"11","opcode":"0","keywords":"0x8000000000000000","systemTime":"2026-10-02T03:06:07.4896830Z","eventRecordID":"11301","processID":"2140","threadID":"4056","channel":"Microsoft-Windows-Sysmon/Operational","computer":"WIN10-01.SOC-LAB.LOCAL","severityValue":"INFORMATION","message":"\"File created:\r\nRuleName: -\r\nUtcTime: 2026-10-02 03:06:07.488\r\nProcessGuid: {e12a69d9-1f9a-6abf-3400-000000001700}\r\nProcessId: 2800\r\nImage: C:\\Windows\\SysWOW64\\WindowsPowerShell\\v1.0\\powershell.exe\r\nTargetFilename: C:\\Windows\\SystemTemp\\__PSScriptPolicyTest_uceissrd.fdo.ps1\r\nCreationUtcTime: 2026-10-02 03:06:07.488\r\nUser: NT AUTHORITY\\SYSTEM\""},"eventdata":{"utcTime":"2026-10-02 03:06:07.488","processGuid":"{e12a69d9-1f9a-6abf-3400-000000001700}","processId":"2800","image":"C:\\\\Windows\\\\SysWOW64\\\\WindowsPowerShell\\\\v1.0\\\\powershell.exe","targetFilename":"C:\\\\Windows\\\\SystemTemp\\\\__PSScriptPolicyTest_uceissrd.fdo.ps1","creationUtcTime":"2026-10-02 03:06:07.488","user":"NT AUTHORITY\\\\SYSTEM"}}},"location":"EventChannel"}
{"timestamp":"2026-10-02T03:06:35.099+0000","rule":{"level":4,"description":"C:\\\\Windows\\\\SysWOW64\\\\SecEdit.exe binary in a suspicious location launched by C:\\\\Windows\\\\SysWOW64\\\\WindowsPowerShell\\\\v1.0\\\\powershell.exe","id":"92066","mitre":{"id":["T1059.001"],"tactic":["Execution"],"technique":["PowerShell"]},"firedtimes":1,"mail":false,"groups":["sysmon","sysmon_eid1_detections","windows"]},"agent":{"id":"001","name":"SOC-WIN10","ip":"192.168.50.20"},"manager":{"name":"soc-wazuh"},"id":"1790910395.55911","full_log":"{\"win\":{\"system\":{\"providerName\":\"Microsoft-Windows-Sysmon\",\"providerGuid\":\"{5770385f-c22a-43e0-bf4c-06f5698ffbd9}\",\"eventID\":\"1\",\"version\":\"5\",\"level\":\"4\",\"task\":\"1\",\"opcode\":\"0\",\"keywords\":\"0x8000000000000000\",\"systemTime\":\"2026-10-02T03:06:08.5584787Z\",\"eventRecordID\":\"11302\",\"processID\":\"2140\",\"threadID\":\"4056\",\"channel\":\"Microsoft-Windows-Sysmon/Operational\",\"computer\":\"WIN10-01.SOC-LAB.LOCAL\",\"severityValue\":\"INFORMATION\",\"message\":\"\\\"Process Create:\\r\\nRuleName: -\\r\\nUtcTime: 2026-10-02 03:06:08.556\\r\\nProcessGuid: {e12a69d9-1fa0-6abf-5c00-000000001700}\\r\\nProcessId: 700\\r\\nImage: C:\\\\Windows\\\\SysWOW64\\\\SecEdit.exe\\r\\nFileVersion: 10.0.19041.1 (WinBuild.160101.0800)\\r\\nDescription: Windows Security Configuration Editor Command Tool\\r\\nProduct: Microsoft® Windows® Operating System\\r\\nCompany: Microsoft Corporation\\r\\nOriginalFileName: SeCEdit\\r\\nCommandLine: \\\"C:\\\\Windows\\\\system32\\\\SecEdit.exe\\\" /export /cfg C:\\\\Windows\\\\TEMP\\\\secpol.cfg\\r\\nCurrentDirectory: C:\\\\Program Files (x86)\\\\ossec-agent\\\\\\r\\nUser: NT AUTHORITY\\\\SYSTEM\\r\\nLogonGuid: {e12a69d9-1f98-6abf-e703-000000000000}\\r\\nLogonId: 0x3E7\\r\\nTerminalSessionId: 0\\r\\nIntegrityLevel: System\\r\\nHashes: MD5=BFC13856291E4B804D33BBAEFC8CB3B5,SHA256=56CB815F0FDA92C4658296692E4F70DEE557137528482FE7A834296BFDB710C0,IMPHASH=615449A6A25801F47AE0D7578EB950B4\\r\\nParentProcessGuid: {e12a69d9-1f9a-6abf-3400-000000001700}\\r\\nParentProcessId: 2800\\r\\nParentImage: C:\\\\Windows\\\\SysWOW64\\\\WindowsPowerShell\\\\v1.0\\\\powershell.exe\\r\\nParentCommandLine: powershell secedit /export /cfg $env:TEMP\\\\secpol.cfg; Get-Content $env:TEMP\\\\secpol.cfg | Select-String \\\"PasswordHistorySize\\\"; Remove-Item $env:TEMP\\\\secpol.cfg\\r\\nParentUser: NT AUTHORITY\\\\SYSTEM\\\"\"},\"eventdata\":{\"utcTime\":\"2026-10-02 03:06:08.556\",\"processGuid\":\"{e12a69d9-1fa0-6abf-5c00-000000001700}\",\"processId\":\"700\",\"image\":\"C:\\\\\\\\Windows\\\\\\\\SysWOW64\\\\\\\\SecEdit.exe\",\"fileVersion\":\"10.0.19041.1 (WinBuild.160101.0800)\",\"description\":\"Windows Security Configuration Editor Command Tool\",\"product\":\"Microsoft® Windows® Operating System\",\"company\":\"Microsoft Corporation\",\"originalFileName\":\"SeCEdit\",\"commandLine\":\"\\\\\\\"C:\\\\\\\\Windows\\\\\\\\system32\\\\\\\\SecEdit.exe\\\\\\\" /export /cfg C:\\\\\\\\Windows\\\\\\\\TEMP\\\\\\\\secpol.cfg\",\"currentDirectory\":\"C:\\\\\\\\Program Files (x86)\\\\\\\\ossec-agent\\\\\\\\\",\"user\":\"NT AUTHORITY\\\\\\\\SYSTEM\",\"logonGuid\":\"{e12a69d9-1f98-6abf-e703-000000000000}\",\"logonId\":\"0x3e7\",\"terminalSessionId\":\"0\",\"integrityLevel\":\"System\",\"hashes\":\"MD5=BFC13856291E4B804D33BBAEFC8CB3B5,SHA256=56CB815F0FDA92C4658296692E4F70DEE557137528482FE7A834296BFDB710C0,IMPHASH=615449A6A25801F47AE0D7578EB950B4\",\"parentProcessGuid\":\"{e12a69d9-1f9a-6abf-3400-000000001700}\",\"parentProcessId\":\"2800\",\"parentImage\":\"C:\\\\\\\\Windows\\\\\\\\SysWOW64\\\\\\\\WindowsPowerShell\\\\\\\\v1.0\\\\\\\\powershell.exe\",\"parentCommandLine\":\"powershell secedit /export /cfg $env:TEMP\\\\\\\\secpol.cfg; Get-Content $env:TEMP\\\\\\\\secpol.cfg | Select-String \\\\\\\"PasswordHistorySize\\\\\\\"; Remove-Item $env:TEMP\\\\\\\\secpol.cfg\",\"parentUser\":\"NT AUTHORITY\\\\\\\\SYSTEM\"}}}","decoder":{"name":"windows_eventchannel"},"data":{"win":{"system":{"providerName":"Microsoft-Windows-Sysmon","providerGuid":"{5770385f-c22a-43e0-bf4c-06f5698ffbd9}","eventID":"1","version":"5","level":"4","task":"1","opcode":"0","keywords":"0x8000000000000000","systemTime":"2026-10-02T03:06:08.5584787Z","eventRecordID":"11302","processID":"2140","threadID":"4056","channel":"Microsoft-Windows-Sysmon/Operational","computer":"WIN10-01.SOC-LAB.LOCAL","severityValue":"INFORMATION","message":"\"Process Create:\r\nRuleName: -\r\nUtcTime: 2026-10-02 03:06:08.556\r\nProcessGuid: {e12a69d9-1fa0-6abf-5c00-000000001700}\r\nProcessId: 700\r\nImage: C:\\Windows\\SysWOW64\\SecEdit.exe\r\nFileVersion: 10.0.19041.1 (WinBuild.160101.0800)\r\nDescription: Windows Security Configuration Editor Command Tool\r\nProduct: Microsoft® Windows® Operating System\r\nCompany: Microsoft Corporation\r\nOriginalFileName: SeCEdit\r\nCommandLine: \"C:\\Windows\\system32\\SecEdit.exe\" /export /cfg C:\\Windows\\TEMP\\secpol.cfg\r\nCurrentDirectory: C:\\Program Files (x86)\\ossec-agent\\\r\nUser: NT AUTHORITY\\SYSTEM\r\nLogonGuid: {e12a69d9-1f98-6abf-e703-000000000000}\r\nLogonId: 0x3E7\r\nTerminalSessionId: 0\r\nIntegrityLevel: System\r\nHashes: MD5=BFC13856291E4B804D33BBAEFC8CB3B5,SHA256=56CB815F0FDA92C4658296692E4F70DEE557137528482FE7A834296BFDB710C0,IMPHASH=615449A6A25801F47AE0D7578EB950B4\r\nParentProcessGuid: {e12a69d9-1f9a-6abf-3400-000000001700}\r\nParentProcessId: 2800\r\nParentImage: C:\\Windows\\SysWOW64\\WindowsPowerShell\\v1.0\\powershell.exe\r\nParentCommandLine: powershell secedit /export /cfg $env:TEMP\\secpol.cfg; Get-Content $env:TEMP\\secpol.cfg | Select-String \"PasswordHistorySize\"; Remove-Item $env:TEMP\\secpol.cfg\r\nParentUser: NT AUTHORITY\\SYSTEM\""},"eventdata":{"utcTime":"2026-10-02 03:06:08.556","processGuid":"{e12a69d9-1fa0-6abf-5c00-000000001700}","processId":"700","image":"C:\\\\Windows\\\\SysWOW64\\\\SecEdit.exe","fileVersion":"10.0.19041.1 (WinBuild.160101.0800)","description":"Windows Security Configuration Editor Command Tool","product":"Microsoft® Windows® Operating System","company":"Microsoft Corporation","originalFileName":"SeCEdit","commandLine":"\\\"C:\\\\Windows\\\\system32\\\\SecEdit.exe\\\" /export /cfg C:\\\\Windows\\\\TEMP\\\\secpol.cfg","currentDirectory":"C:\\\\Program Files (x86)\\\\ossec-agent\\\\","user":"NT AUTHORITY\\\\SYSTEM","logonGuid":"{e12a69d9-1f98-6abf-e703-000000000000}","logonId":"0x3e7","terminalSessionId":"0","integrityLevel":"System","hashes":"MD5=BFC13856291E4B804D33BBAEFC8CB3B5,SHA256=56CB815F0FDA92C4658296692E4F70DEE557137528482FE7A834296BFDB710C0,IMPHASH=615449A6A25801F47AE0D7578EB950B4","parentProcessGuid":"{e12a69d9-1f9a-6abf-3400-000000001700}","parentProcessId":"2800","parentImage":"C:\\\\Windows\\\\SysWOW64\\\\WindowsPowerShell\\\\v1.0\\\\powershell.exe","parentCommandLine":"powershell secedit /export /cfg $env:TEMP\\\\secpol.cfg; Get-Content $env:TEMP\\\\secpol.cfg | Select-String \\\"PasswordHistorySize\\\"; Remove-Item $env:TEMP\\\\secpol.cfg","parentUser":"NT AUTHORITY\\\\SYSTEM"}}},"location":"EventChannel"}
{"timestamp":"2026-10-02T03:06:35.132+0000","agent":{"id":"001","name":"SOC-WIN10","ip":"192.168.50.20"},"manager":{"name":"soc-wazuh"},"id":"1790910395.58637","full_log":"{\"win\":{\"system\":{\"providerName\":\"Microsoft-Windows-Sysmon\",\"providerGuid\":\"{5770385f-c22a-43e0-bf4c-06f5698ffbd9}\",\"eventID\":\"22\",\"version\":\"5\",\"level\":\"4\",\"task\":\"22\",\"opcode\":\"0\",\"keywords\":\"0x8000000000000000\",\"systemTime\":\"2026-10-02T03:06:08.6148653Z\",\"eventRecordID\":\"11303\",\"processID\":\"2140\",\"threadID\":\"4072\",\"channel\":\"Microsoft-Windows-Sysmon/Operational\",\"computer\":\"WIN10-01.SOC-LAB.LOCAL\",\"severityValue\":\"INFORMATION\",\"message\":\"\\\"Dns query:\\r\\nRuleName: -\\r\\nUtcTime: 2026-10-02 03:06:07.104\\r\\nProcessGuid: {e12a69d9-1f98-6abf-0c00-000000001700}\\r\\nProcessId: 704\\r\\nQueryName: WIN10-01\\r\\nQueryStatus: 0\\r\\nQueryResults: 192.168.50.20;\\r\\nImage: C:\\\\Windows\\\\System32\\\\lsass.exe\\r\\nUser: NT AUTHORITY\\\\SYSTEM\\\"\"},\"eventdata\":{\"utcTime\":\"2026-10-02 03:06:07.104\",\"processGuid\":\"{e12a69d9-1f98-6abf-0c00-000000001700}\",\"processId\":\"704\",\"queryName\":\"WIN10-01\",\"queryStatus\":\"0\",\"queryResults\":\"192.168.50.20;\",\"image\":\"C:\\\\\\\\Windows\\\\\\\\System32\\\\\\\\lsass.exe\",\"user\":\"NT AUTHORITY\\\\\\\\SYSTEM\"}}}","decoder":{"name":"windows_eventchannel"},"data":{"win":{"system":{"providerName":"Microsoft-Windows-Sysmon","providerGuid":"{5770385f-c22a-43e0-bf4c-06f5698ffbd9}","eventID":"22","version":"5","level":"4","task":"22","opcode":"0","keywords":"0x8000000000000000","systemTime":"2026-10-02T03:06:08.6148653Z","eventRecordID":"11303","processID":"2140","threadID":"4072","channel":"Microsoft-Windows-Sysmon/Operational","computer":"WIN10-01.SOC-LAB.LOCAL","severityValue":"INFORMATION","message":"\"Dns query:\r\nRuleName: -\r\nUtcTime: 2026-10-02 03:06:07.104\r\nProcessGuid: {e12a69d9-1f98-6abf-0c00-000000001700}\r\nProcessId: 704\r\nQueryName: WIN10-01\r\nQueryStatus: 0\r\nQueryResults: 192.168.50.20;\r\nImage: C:\\Windows\\System32\\lsass.exe\r\nUser: NT AUTHORITY\\SYSTEM\""},"eventdata":{"utcTime":"2026-10-02 03:06:07.104","processGuid":"{e12a69d9-1f98-6abf-0c00-000000001700}","processId":"704","queryName":"WIN10-01","queryStatus":"0","queryResults":"192.168.50.20;","image":"C:\\\\Windows\\\\System32\\\\lsass.exe","user":"NT AUTHORITY\\\\SYSTEM"}}},"location":"EventChannel"}
{"timestamp":"2026-10-02T03:06:35.189+0000","agent":{"id":"001","name":"SOC-WIN10","ip":"192.168.50.20"},"manager":{"name":"soc-wazuh"},"id":"1790910395.58637","full_log":"{\"win\":{\"system\":{\"providerName\":\"Microsoft-Windows-Sysmon\",\"providerGuid\":\"{5770385f-c22a-43e0-bf4c-06f5698ffbd9}\",\"eventID\":\"13\",\"version\":\"2\",\"level\":\"4\",\"task\":\"13\",\"opcode\":\"0\",\"keywords\":\"0x8000000000000000\",\"systemTime\":\"2026-10-02T03:06:08.6633544Z\",\"eventRecordID\":\"11304\",\"processID\":\"2140\",\"threadID\":\"4056\",\"channel\":\"Microsoft-Windows-Sysmon/Operational\",\"computer\":\"WIN10-01.SOC-LAB.LOCAL\",\"severityValue\":\"INFORMATION\",\"message\":\"\\\"Registry value set:\\r\\nRuleName: T1031,T1050\\r\\nEventType: SetValue\\r\\nUtcTime: 2026-10-02 03:06:08.660\\r\\nProcessGuid: {e12a69d9-1f98-6abf-0b00-000000001700}\\r\\nProcessId: 684\\r\\nImage: C:\\\\Windows\\\\system32\\\\services.exe\\r\\nTargetObject: HKLM\\\\System\\\\CurrentControlSet\\\\Services\\\\MDCoreSvc\\\\Start\\r\\nDetails: DWORD (0x00000002)\\r\\nUser: NT AUTHORITY\\\\SYSTEM\\\"\"},\"eventdata\":{\"ruleName\":\"T1031,T1050\",\"eventType\":\"SetValue\",\"utcTime\":\"2026-10-02 03:06:08.660\",\"processGuid\":\"{e12a69d9-1f98-6abf-0b00-000000001700}\",\"processId\":\"684\",\"image\":\"C:\\\\\\\\Windows\\\\\\\\system32\\\\\\\\services.exe\",\"targetObject\":\"HKLM\\\\\\\\System\\\\\\\\CurrentControlSet\\\\\\\\Services\\\\\\\\MDCoreSvc\\\\\\\\Start\",\"details\":\"DWORD (0x00000002)\",\"user\":\"NT AUTHORITY\\\\\\\\SYSTEM\"}}}","decoder":{"name":"windows_eventchannel"},"data":{"win":{"system":{"providerName":"Microsoft-Windows-Sysmon","providerGuid":"{5770385f-c22a-43e0-bf4c-06f5698ffbd9}","eventID":"13","version":"2","level":"4","task":"13","opcode":"0","keywords":"0x8000000000000000","systemTime":"2026-10-02T03:06:08.6633544Z","eventRecordID":"11304","processID":"2140","threadID":"4056","channel":"Microsoft-Windows-Sysmon/Operational","computer":"WIN10-01.SOC-LAB.LOCAL","severityValue":"INFORMATION","message":"\"Registry value set:\r\nRuleName: T1031,T1050\r\nEventType: SetValue\r\nUtcTime: 2026-10-02 03:06:08.660\r\nProcessGuid: {e12a69d9-1f98-6abf-0b00-000000001700}\r\nProcessId: 684\r\nImage: C:\\Windows\\system32\\services.exe\r\nTargetObject: HKLM\\System\\CurrentControlSet\\Services\\MDCoreSvc\\Start\r\nDetails: DWORD (0x00000002)\r\nUser: NT AUTHORITY\\SYSTEM\""},"eventdata":{"ruleName":"T1031,T1050","eventType":"SetValue","utcTime":"2026-10-02 03:06:08.660","processGuid":"{e12a69d9-1f98-6abf-0b00-000000001700}","processId":"684","image":"C:\\\\Windows\\\\system32\\\\services.exe","targetObject":"HKLM\\\\System\\\\CurrentControlSet\\\\Services\\\\MDCoreSvc\\\\Start","details":"DWORD (0x00000002)","user":"NT AUTHORITY\\\\SYSTEM"}}},"location":"EventChannel"}
{"timestamp":"2026-10-02T03:06:35.190+0000","agent":{"id":"001","name":"SOC-WIN10","ip":"192.168.50.20"},"manager":{"name":"soc-wazuh"},"id":"1790910395.58637","full_log":"{\"win\":{\"system\":{\"providerName\":\"Microsoft-Windows-Sysmon\",\"providerGuid\":\"{5770385f-c22a-43e0-bf4c-06f5698ffbd9}\",\"eventID\":\"1\",\"version\":\"5\",\"level\":\"4\",\"task\":\"1\",\"opcode\":\"0\",\"keywords\":\"0x8000000000000000\",\"systemTime\":\"2026-10-02T03:06:08.8214430Z\",\"eventRecordID\":\"11305\",\"processID\":\"2140\",\"threadID\":\"4056\",\"channel\":\"Microsoft-Windows-Sysmon/Operational\",\"computer\":\"WIN10-01.SOC-LAB.LOCAL\",\"severityValue\":\"INFORMATION\",\"message\":\"\\\"Process Create:\\r\\nRuleName: -\\r\\nUtcTime: 2026-10-02 03:06:08.791\\r\\nProcessGuid: {e12a69d9-1fa0-6abf-5e00-000000001700}\\r\\nProcessId: 1620\\r\\nImage: C:\\\\ProgramData\\\\Microsoft\\\\Windows Defender\\\\Platform\\\\4.18.26080.4-0\\\\NisSrv.exe\\r\\nFileVersion: 4.18.26080.4 (ccacee407da609d5c2c557d13db39624e32a0227)\\r\\nDescription: Microsoft Network Realtime Inspection Service\\r\\nProduct: Microsoft® Windows® Operating System\\r\\nCompany: Microsoft Corporation\\r\\nOriginalFileName: NisSrv.exe\\r\\nCommandLine: \\\"C:\\\\ProgramData\\\\Microsoft\\\\Windows Defender\\\\platform\\\\4.18.26080.4-0\\\\NisSrv.exe\\\"\\r\\nCurrentDirectory: C:\\\\Windows\\\\system32\\\\\\r\\nUser: NT AUTHORITY\\\\LOCAL SERVICE\\r\\nLogonGuid: {e12a69d9-1f98-6abf-e503-000000000000}\\r\\nLogonId: 0x3E5\\r\\nTerminalSessionId: 0\\r\\nIntegrityLevel: System\\r\\nHashes: MD5=A33E6C29601D6B85B5CAAA2FBF626CC9,SHA256=644C5560D83234564A3E354BC97F2121B2B78ADFAA32DE8E5308A82332E3DDB8,IMPHASH=255C5F7B2A7FFA035B09780BDA2177AD\\r\\nParentProcessGuid: {e12a69d9-1f98-6abf-0b00-000000001700}\\r\\nParentProcessId: 684\\r\\nParentImage: C:\\\\Windows\\\\System32\\\\services.exe\\r\\nParentCommandLine: C:\\\\Windows\\\\system32\\\\services.exe\\r\\nParentUser: NT AUTHORITY\\\\SYSTEM\\\"\"},\"eventdata\":{\"utcTime\":\"2026-10-02 03:06:08.791\",\"processGuid\":\"{e12a69d9-1fa0-6abf-5e00-000000001700}\",\"processId\":\"1620\",\"image\":\"C:\\\\\\\\ProgramData\\\\\\\\Microsoft\\\\\\\\Windows Defender\\\\\\\\Platform\\\\\\\\4.18.26080.4-0\\\\\\\\NisSrv.exe\",\"fileVersion\":\"4.18.26080.4 (ccacee407da609d5c2c557d13db39624e32a0227)\",\"description\":\"Microsoft Network Realtime Inspection Service\",\"product\":\"Microsoft® Windows® Operating System\",\"company\":\"Microsoft Corporation\",\"originalFileName\":\"NisSrv.exe\",\"commandLine\":\"\\\\\\\"C:\\\\\\\\ProgramData\\\\\\\\Microsoft\\\\\\\\Windows Defender\\\\\\\\platform\\\\\\\\4.18.26080.4-0\\\\\\\\NisSrv.exe\\\\\\\"\",\"currentDirectory\":\"C:\\\\\\\\Windows\\\\\\\\system32\\\\\\\\\",\"user\":\"NT AUTHORITY\\\\\\\\LOCAL SERVICE\",\"logonGuid\":\"{e12a69d9-1f98-6abf-e503-000000000000}\",\"logonId\":\"0x3e5\",\"terminalSessionId\":\"0\",\"integrityLevel\":\"System\",\"hashes\":\"MD5=A33E6C29601D6B85B5CAAA2FBF626CC9,SHA256=644C5560D83234564A3E354BC97F2121B2B78ADFAA32DE8E5308A82332E3DDB8,IMPHASH=255C5F7B2A7FFA035B09780BDA2177AD\",\"parentProcessGuid\":\"{e12a69d9-1f98-6abf-0b00-000000001700}\",\"parentProcessId\":\"684\",\"parentImage\":\"C:\\\\\\\\Windows\\\\\\\\System32\\\\\\\\services.exe\",\"parentCommandLine\":\"C:\\\\\\\\Windows\\\\\\\\system32\\\\\\\\services.exe\",\"parentUser\":\"NT AUTHORITY\\\\\\\\SYSTEM\"}}}","decoder":{"name":"windows_eventchannel"},"data":{"win":{"system":{"providerName":"Microsoft-Windows-Sysmon","providerGuid":"{5770385f-c22a-43e0-bf4c-06f5698ffbd9}","eventID":"1","version":"5","level":"4","task":"1","opcode":"0","keywords":"0x8000000000000000","systemTime":"2026-10-02T03:06:08.8214430Z","eventRecordID":"11305","processID":"2140","threadID":"4056","channel":"Microsoft-Windows-Sysmon/Operational","computer":"WIN10-01.SOC-LAB.LOCAL","severityValue":"INFORMATION","message":"\"Process Create:\r\nRuleName: -\r\nUtcTime: 2026-10-02 03:06:08.791\r\nProcessGuid: {e12a69d9-1fa0-6abf-5e00-000000001700}\r\nProcessId: 1620\r\nImage: C:\\ProgramData\\Microsoft\\Windows Defender\\Platform\\4.18.26080.4-0\\NisSrv.exe\r\nFileVersion: 4.18.26080.4 (ccacee407da609d5c2c557d13db39624e32a0227)\r\nDescription: Microsoft Network Realtime Inspection Service\r\nProduct: Microsoft® Windows® Operating System\r\nCompany: Microsoft Corporation\r\nOriginalFileName: NisSrv.exe\r\nCommandLine: \"C:\\ProgramData\\Microsoft\\Windows Defender\\platform\\4.18.26080.4-0\\NisSrv.exe\"\r\nCurrentDirectory: C:\\Windows\\system32\\\r\nUser: NT AUTHORITY\\LOCAL SERVICE\r\nLogonGuid: {e12a69d9-1f98-6abf-e503-000000000000}\r\nLogonId: 0x3E5\r\nTerminalSessionId: 0\r\nIntegrityLevel: System\r\nHashes: MD5=A33E6C29601D6B85B5CAAA2FBF626CC9,SHA256=644C5560D83234564A3E354BC97F2121B2B78ADFAA32DE8E5308A82332E3DDB8,IMPHASH=255C5F7B2A7FFA035B09780BDA2177AD\r\nParentProcessGuid: {e12a69d9-1f98-6abf-0b00-000000001700}\r\nParentProcessId: 684\r\nParentImage: C:\\Windows\\System32\\services.exe\r\nParentCommandLine: C:\\Windows\\system32\\services.exe\r\nParentUser: NT AUTHORITY\\SYSTEM\""},"eventdata":{"utcTime":"2026-10-02 03:06:08.791","processGuid":"{e12a69d9-1fa0-6abf-5e00-000000001700}","processId":"1620","image":"C:\\\\ProgramData\\\\Microsoft\\\\Windows Defender\\\\Platform\\\\4.18.26080.4-0\\\\NisSrv.exe","fileVersion":"4.18.26080.4 (ccacee407da609d5c2c557d13db39624e32a0227)","description":"Microsoft Network Realtime Inspection Service","product":"Microsoft® Windows® Operating System","company":"Microsoft Corporation","originalFileName":"NisSrv.exe","commandLine":"\\\"C:\\\\ProgramData\\\\Microsoft\\\\Windows Defender\\\\platform\\\\4.18.26080.4-0\\\\NisSrv.exe\\\"","currentDirectory":"C:\\\\Windows\\\\system32\\\\","user":"NT AUTHORITY\\\\LOCAL SERVICE","logonGuid":"{e12a69d9-1f98-6abf-e503-000000000000}","logonId":"0x3e5","terminalSessionId":"0","integrityLevel":"System","hashes":"MD5=A33E6C29601D6B85B5CAAA2FBF626CC9,SHA256=644C5560D83234564A3E354BC97F2121B2B78ADFAA32DE8E5308A82332E3DDB8,IMPHASH=255C5F7B2A7FFA035B09780BDA2177AD","parentProcessGuid":"{e12a69d9-1f98-6abf-0b00-000000001700}","parentProcessId":"684","parentImage":"C:\\\\Windows\\\\System32\\\\services.exe","parentCommandLine":"C:\\\\Windows\\\\system32\\\\services.exe","parentUser":"NT AUTHORITY\\\\SYSTEM"}}},"location":"EventChannel"}
{"timestamp":"2026-10-02T03:06:35.241+0000","agent":{"id":"001","name":"SOC-WIN10","ip":"192.168.50.20"},"manager":{"name":"soc-wazuh"},"id":"1790910395.58637","full_log":"{\"win\":{\"system\":{\"providerName\":\"Microsoft-Windows-Sysmon\",\"providerGuid\":\"{5770385f-c22a-43e0-bf4c-06f5698ffbd9}\",\"eventID\":\"1\",\"version\":\"5\",\"level\":\"4\",\"task\":\"1\",\"opcode\":\"0\",\"keywords\":\"0x8000000000000000\",\"systemTime\":\"2026-10-02T03:06:08.8306451Z\",\"eventRecordID\":\"11306\",\"processID\":\"2140\",\"threadID\":\"4056\",\"channel\":\"Microsoft-Windows-Sysmon/Operational\",\"computer\":\"WIN10-01.SOC-LAB.LOCAL\",\"severityValue\":\"INFORMATION\",\"message\":\"\\\"Process Create:\\r\\nRuleName: -\\r\\nUtcTime: 2026-10-02 03:06:08.790\\r\\nProcessGuid: {e12a69d9-1fa0-6abf-5d00-000000001700}\\r\\nProcessId: 3484\\r\\nImage: C:\\\\ProgramData\\\\Microsoft\\\\Windows Defender\\\\Platform\\\\4.18.26080.4-0\\\\MpCmdRun.exe\\r\\nFileVersion: 4.18.26080.4 (ccacee407da609d5c2c557d13db39624e32a0227)\\r\\nDescription: Microsoft Malware Protection Command Line Utility\\r\\nProduct: Microsoft® Windows® Operating System\\r\\nCompany: Microsoft Corporation\\r\\nOriginalFileName: MpCmdRun.exe\\r\\nCommandLine: \\\"C:\\\\ProgramData\\\\Microsoft\\\\Windows Defender\\\\platform\\\\4.18.26080.4-0\\\\MpCmdRun.exe\\\" -RegisterWmiSchema -Root \\\"C:\\\\ProgramData\\\\Microsoft\\\\Windows Defender\\\\platform\\\\4.18.26080.4-0\\\"\\r\\nCurrentDirectory: C:\\\\Windows\\\\system32\\\\\\r\\nUser: NT AUTHORITY\\\\SYSTEM\\r\\nLogonGuid: {e12a69d9-1f98-6abf-e703-000000000000}\\r\\nLogonId: 0x3E7\\r\\nTerminalSessionId: 0\\r\\nIntegrityLevel: System\\r\\nHashes: MD5=F32D5E3526CCD0C9DCF73CF78F29E5EB,SHA256=540BB6E0B6596CDC636CFB83ACA6C462282A5770D6B3044CC49EF06414F1D5FB,IMPHASH=62C0483EF5C789FA0A0F4076D14A649B\\r\\nParentProcessGuid: {e12a69d9-1f99-6abf-2c00-000000001700}\\r\\nParentProcessId: 2148\\r\\nParentImage: C:\\\\ProgramData\\\\Microsoft\\\\Windows Defender\\\\Platform\\\\4.18.26080.4-0\\\\MsMpEng.exe\\r\\nParentCommandLine: \\\"C:\\\\ProgramData\\\\Microsoft\\\\Windows Defender\\\\platform\\\\4.18.26080.4-0\\\\MsMpEng.exe\\\"\\r\\nParentUser: NT AUTHORITY\\\\SYSTEM\\\"\"},\"eventdata\":{\"utcTime\":\"2026-10-02 03:06:08.790\",\"processGuid\":\"{e12a69d9-1fa0-6abf-5d00-000000001700}\",\"processId\":\"3484\",\"image\":\"C:\\\\\\\\ProgramData\\\\\\\\Microsoft\\\\\\\\Windows Defender\\\\\\\\Platform\\\\\\\\4.18.26080.4-0\\\\\\\\MpCmdRun.exe\",\"fileVersion\":\"4.18.26080.4 (ccacee407da609d5c2c557d13db39624e32a0227)\",\"description\":\"Microsoft Malware Protection Command Line Utility\",\"product\":\"Microsoft® Windows® Operating System\",\"company\":\"Microsoft Corporation\",\"originalFileName\":\"MpCmdRun.exe\",\"commandLine\":\"\\\\\\\"C:\\\\\\\\ProgramData\\\\\\\\Microsoft\\\\\\\\Windows Defender\\\\\\\\platform\\\\\\\\4.18.26080.4-0\\\\\\\\MpCmdRun.exe\\\\\\\" -RegisterWmiSchema -Root \\\\\\\"C:\\\\\\\\ProgramData\\\\\\\\Microsoft\\\\\\\\Windows Defender\\\\\\\\platform\\\\\\\\4.18.26080.4-0\\\\\\\"\",\"currentDirectory\":\"C:\\\\\\\\Windows\\\\\\\\system32\\\\\\\\\",\"user\":\"NT AUTHORITY\\\\\\\\SYSTEM\",\"logonGuid\":\"{e12a69d9-1f98-6abf-e703-000000000000}\",\"logonId\":\"0x3e7\",\"terminalSessionId\":\"0\",\"integrityLevel\":\"System\",\"hashes\":\"MD5=F32D5E3526CCD0C9DCF73CF78F29E5EB,SHA256=540BB6E0B6596CDC636CFB83ACA6C462282A5770D6B3044CC49EF06414F1D5FB,IMPHASH=62C0483EF5C789FA0A0F4076D14A649B\",\"parentProcessGuid\":\"{e12a69d9-1f99-6abf-2c00-000000001700}\",\"parentProcessId\":\"2148\",\"parentImage\":\"C:\\\\\\\\ProgramData\\\\\\\\Microsoft\\\\\\\\Windows Defender\\\\\\\\Platform\\\\\\\\4.18.26080.4-0\\\\\\\\MsMpEng.exe\",\"parentCommandLine\":\"\\\\\\\"C:\\\\\\\\ProgramData\\\\\\\\Microsoft\\\\\\\\Windows Defender\\\\\\\\platform\\\\\\\\4.18.26080.4-0\\\\\\\\MsMpEng.exe\\\\\\\"\",\"parentUser\":\"NT AUTHORITY\\\\\\\\SYSTEM\"}}}","decoder":{"name":"windows_eventchannel"},"data":{"win":{"system":{"providerName":"Microsoft-Windows-Sysmon","providerGuid":"{5770385f-c22a-43e0-bf4c-06f5698ffbd9}","eventID":"1","version":"5","level":"4","task":"1","opcode":"0","keywords":"0x8000000000000000","systemTime":"2026-10-02T03:06:08.8306451Z","eventRecordID":"11306","processID":"2140","threadID":"4056","channel":"Microsoft-Windows-Sysmon/Operational","computer":"WIN10-01.SOC-LAB.LOCAL","severityValue":"INFORMATION","message":"\"Process Create:\r\nRuleName: -\r\nUtcTime: 2026-10-02 03:06:08.790\r\nProcessGuid: {e12a69d9-1fa0-6abf-5d00-000000001700}\r\nProcessId: 3484\r\nImage: C:\\ProgramData\\Microsoft\\Windows Defender\\Platform\\4.18.26080.4-0\\MpCmdRun.exe\r\nFileVersion: 4.18.26080.4 (ccacee407da609d5c2c557d13db39624e32a0227)\r\nDescription: Microsoft Malware Protection Command Line Utility\r\nProduct: Microsoft® Windows® Operating System\r\nCompany: Microsoft Corporation\r\nOriginalFileName: MpCmdRun.exe\r\nCommandLine: \"C:\\ProgramData\\Microsoft\\Windows Defender\\platform\\4.18.26080.4-0\\MpCmdRun.exe\" -RegisterWmiSchema -Root \"C:\\ProgramData\\Microsoft\\Windows Defender\\platform\\4.18.26080.4-0\"\r\nCurrentDirectory: C:\\Windows\\system32\\\r\nUser: NT AUTHORITY\\SYSTEM\r\nLogonGuid: {e12a69d9-1f98-6abf-e703-000000000000}\r\nLogonId: 0x3E7\r\nTerminalSessionId: 0\r\nIntegrityLevel: System\r\nHashes: MD5=F32D5E3526CCD0C9DCF73CF78F29E5EB,SHA256=540BB6E0B6596CDC636CFB83ACA6C462282A5770D6B3044CC49EF06414F1D5FB,IMPHASH=62C0483EF5C789FA0A0F4076D14A649B\r\nParentProcessGuid: {e12a69d9-1f99-6abf-2c00-000000001700}\r\nParentProcessId: 2148\r\nParentImage: C:\\ProgramData\\Microsoft\\Windows Defender\\Platform\\4.18.26080.4-0\\MsMpEng.exe\r\nParentCommandLine: \"C:\\ProgramData\\Microsoft\\Windows Defender\\platform\\4.18.26080.4-0\\MsMpEng.exe\"\r\nParentUser: NT AUTHORITY\\SYSTEM\""},"eventdata":{"utcTime":"2026-10-02 03:06:08.790","processGuid":"{e12a69d9-1fa0-6abf-5d00-000000001700}","processId":"3484","image":"C:\\\\ProgramData\\\\Microsoft\\\\Windows Defender\\\\Platform\\\\4.18.26080.4-0\\\\MpCmdRun.exe","fileVersion":"4.18.26080.4 (ccacee407da609d5c2c557d13db39624e32a0227)","description":"Microsoft Malware Protection Command Line Utility","product":"Microsoft® Windows® Operating System","company":"Microsoft Corporation","originalFileName":"MpCmdRun.exe","commandLine":"\\\"C:\\\\ProgramData\\\\Microsoft\\\\Windows Defender\\\\platform\\\\4.18.26080.4-0\\\\MpCmdRun.exe\\\" -RegisterWmiSchema -Root \\\"C:\\\\ProgramData\\\\Microsoft\\\\Windows Defender\\\\platform\\\\4.18.26080.4-0\\\"","currentDirectory":"C:\\\\Windows\\\\system32\\\\","user":"NT AUTHORITY\\\\SYSTEM","logonGuid":"{e12a69d9-1f98-6abf-e703-000000000000}","logonId":"0x3e7","terminalSessionId":"0","integrityLevel":"System","hashes":"MD5=F32D5E3526CCD0C9DCF73CF78F29E5EB,SHA256=540BB6E0B6596CDC636CFB83ACA6C462282A5770D6B3044CC49EF06414F1D5FB,IMPHASH=62C0483EF5C789FA0A0F4076D14A649B","parentProcessGuid":"{e12a69d9-1f99-6abf-2c00-000000001700}","parentProcessId":"2148","parentImage":"C:\\\\ProgramData\\\\Microsoft\\\\Windows Defender\\\\Platform\\\\4.18.26080.4-0\\\\MsMpEng.exe","parentCommandLine":"\\\"C:\\\\ProgramData\\\\Microsoft\\\\Windows Defender\\\\platform\\\\4.18.26080.4-0\\\\MsMpEng.exe\\\"","parentUser":"NT AUTHORITY\\\\SYSTEM"}}},"location":"EventChannel"}
{"timestamp":"2026-10-02T03:06:35.241+0000","agent":{"id":"001","name":"SOC-WIN10","ip":"192.168.50.20"},"manager":{"name":"soc-wazuh"},"id":"1790910395.58637","full_log":"{\"win\":{\"system\":{\"providerName\":\"Microsoft-Windows-Sysmon\",\"providerGuid\":\"{5770385f-c22a-43e0-bf4c-06f5698ffbd9}\",\"eventID\":\"12\",\"version\":\"2\",\"level\":\"4\",\"task\":\"12\",\"opcode\":\"0\",\"keywords\":\"0x8000000000000000\",\"systemTime\":\"2026-10-02T03:06:08.8640766Z\",\"eventRecordID\":\"11307\",\"processID\":\"2140\",\"threadID\":\"4056\",\"channel\":\"Microsoft-Windows-Sysmon/Operational\",\"computer\":\"WIN10-01.SOC-LAB.LOCAL\",\"severityValue\":\"INFORMATION\",\"message\":\"\\\"Registry object added or deleted:\\r\\nRuleName: -\\r\\nEventType: DeleteValue\\r\\nUtcTime: 2026-10-02 03:06:08.847\\r\\nProcessGuid: {e12a69d9-1f98-6abf-1300-000000001700}\\r\\nProcessId: 392\\r\\nImage: C:\\\\Windows\\\\system32\\\\LogonUI.exe\\r\\nTargetObject: HKU\\\\.DEFAULT\\\\Keyboard Layout\\\\Preload\\\\1\\r\\nUser: NT AUTHORITY\\\\SYSTEM\\\"\"},\"eventdata\":{\"eventType\":\"DeleteValue\",\"utcTime\":\"2026-10-02 03:06:08.847\",\"processGuid\":\"{e12a69d9-1f98-6abf-1300-000000001700}\",\"processId\":\"392\",\"image\":\"C:\\\\\\\\Windows\\\\\\\\system32\\\\\\\\LogonUI.exe\",\"targetObject\":\"HKU\\\\\\\\.DEFAULT\\\\\\\\Keyboard Layout\\\\\\\\Preload\\\\\\\\1\",\"user\":\"NT AUTHORITY\\\\\\\\SYSTEM\"}}}","decoder":{"name":"windows_eventchannel"},"data":{"win":{"system":{"providerName":"Microsoft-Windows-Sysmon","providerGuid":"{5770385f-c22a-43e0-bf4c-06f5698ffbd9}","eventID":"12","version":"2","level":"4","task":"12","opcode":"0","keywords":"0x8000000000000000","systemTime":"2026-10-02T03:06:08.8640766Z","eventRecordID":"11307","processID":"2140","threadID":"4056","channel":"Microsoft-Windows-Sysmon/Operational","computer":"WIN10-01.SOC-LAB.LOCAL","severityValue":"INFORMATION","message":"\"Registry object added or deleted:\r\nRuleName: -\r\nEventType: DeleteValue\r\nUtcTime: 2026-10-02 03:06:08.847\r\nProcessGuid: {e12a69d9-1f98-6abf-1300-000000001700}\r\nProcessId: 392\r\nImage: C:\\Windows\\system32\\LogonUI.exe\r\nTargetObject: HKU\\.DEFAULT\\Keyboard Layout\\Preload\\1\r\nUser: NT AUTHORITY\\SYSTEM\""},"eventdata":{"eventType":"DeleteValue","utcTime":"2026-10-02 03:06:08.847","processGuid":"{e12a69d9-1f98-6abf-1300-000000001700}","processId":"392","image":"C:\\\\Windows\\\\system32\\\\LogonUI.exe","targetObject":"HKU\\\\.DEFAULT\\\\Keyboard Layout\\\\Preload\\\\1","user":"NT AUTHORITY\\\\SYSTEM"}}},"location":"EventChannel"}
{"timestamp":"2026-10-02T03:06:35.280+0000","agent":{"id":"001","name":"SOC-WIN10","ip":"192.168.50.20"},"manager":{"name":"soc-wazuh"},"id":"1790910395.58637","full_log":"{\"win\":{\"system\":{\"providerName\":\"Microsoft-Windows-Sysmon\",\"providerGuid\":\"{5770385f-c22a-43e0-bf4c-06f5698ffbd9}\",\"eventID\":\"13\",\"version\":\"2\",\"level\":\"4\",\"task\":\"13\",\"opcode\":\"0\",\"keywords\":\"0x8000000000000000\",\"systemTime\":\"2026-10-02T03:06:08.8641064Z\",\"eventRecordID\":\"11308\",\"processID\":\"2140\",\"threadID\":\"4056\",\"channel\":\"Microsoft-Windows-Sysmon/Operational\",\"computer\":\"WIN10-01.SOC-LAB.LOCAL\",\"severityValue\":\"INFORMATION\",\"message\":\"\\\"Registry value set:\\r\\nRuleName: -\\r\\nEventType: SetValue\\r\\nUtcTime: 2026-10-02 03:06:08.847\\r\\nProcessGuid: {e12a69d9-1f98-6abf-1300-000000001700}\\r\\nProcessId: 392\\r\\nImage: C:\\\\Windows\\\\system32\\\\LogonUI.exe\\r\\nTargetObject: HKU\\\\.DEFAULT\\\\Keyboard Layout\\\\Preload\\\\1\\r\\nDetails: 00000409\\r\\nUser: NT AUTHORITY\\\\SYSTEM\\\"\"},\"eventdata\":{\"eventType\":\"SetValue\",\"utcTime\":\"2026-10-02 03:06:08.847\",\"processGuid\":\"{e12a69d9-1f98-6abf-1300-000000001700}\",\"processId\":\"392\",\"image\":\"C:\\\\\\\\Windows\\\\\\\\system32\\\\\\\\LogonUI.exe\",\"targetObject\":\"HKU\\\\\\\\.DEFAULT\\\\\\\\Keyboard Layout\\\\\\\\Preload\\\\\\\\1\",\"details\":\"00000409\",\"user\":\"NT AUTHORITY\\\\\\\\SYSTEM\"}}}","decoder":{"name":"windows_eventchannel"},"data":{"win":{"system":{"providerName":"Microsoft-Windows-Sysmon","providerGuid":"{5770385f-c22a-43e0-bf4c-06f5698ffbd9}","eventID":"13","version":"2","level":"4","task":"13","opcode":"0","keywords":"0x8000000000000000","systemTime":"2026-10-02T03:06:08.8641064Z","eventRecordID":"11308","processID":"2140","threadID":"4056","channel":"Microsoft-Windows-Sysmon/Operational","computer":"WIN10-01.SOC-LAB.LOCAL","severityValue":"INFORMATION","message":"\"Registry value set:\r\nRuleName: -\r\nEventType: SetValue\r\nUtcTime: 2026-10-02 03:06:08.847\r\nProcessGuid: {e12a69d9-1f98-6abf-1300-000000001700}\r\nProcessId: 392\r\nImage: C:\\Windows\\system32\\LogonUI.exe\r\nTargetObject: HKU\\.DEFAULT\\Keyboard Layout\\Preload\\1\r\nDetails: 00000409\r\nUser: NT AUTHORITY\\SYSTEM\""},"eventdata":{"eventType":"SetValue","utcTime":"2026-10-02 03:06:08.847","processGuid":"{e12a69d9-1f98-6abf-1300-000000001700}","processId":"392","image":"C:\\\\Windows\\\\system32\\\\LogonUI.exe","targetObject":"HKU\\\\.DEFAULT\\\\Keyboard Layout\\\\Preload\\\\1","details":"00000409","user":"NT AUTHORITY\\\\SYSTEM"}}},"location":"EventChannel"}
