{"timestamp":"2026-10-02T03:06:32.726+0000","agent":{"id":"001","name":"SOC-WIN10","ip":"192.168.50.20"},"manager":{"name":"soc-wazuh"},"id":"1790910392.42705","full_log":"{\"win\":{\"system\":{\"providerName\":\"Microsoft-Windows-Sysmon\",\"providerGuid\":\"{5770385f-c22a-43e0-bf4c-06f5698ffbd9}\",\"eventID\":\"1\",\"version\":\"5\",\"level\":\"4\",\"task\":\"1\",\"opcode\":\"0\",\"keywords\":\"0x8000000000000000\",\"systemTime\":\"2026-10-02T03:06:05.6930029Z\",\"eventRecordID\":\"11231\",\"processID\":\"2140\",\"threadID\":\"4056\",\"channel\":\"Microsoft-Windows-Sysmon/Operational\",\"computer\":\"WIN10-01.SOC-LAB.LOCAL\",\"severityValue\":\"INFORMATION\",\"message\":\"\\\"Process Create:\\r\\nRuleName: -\\r\\nUtcTime: 2026-10-02 03:06:01.050\\r\\nProcessGuid: {e12a69d9-1f99-6abf-1b00-000000001700}\\r\\nProcessId: 1468\\r\\nImage: C:\\\\Windows\\\\System32\\\\upfc.exe\\r\\nFileVersion: 10.0.19041.1 (WinBuild.160101.0800)\\r\\nDescription: Updateability From SCM\\r\\nProduct: Microsoft® Windows® Operating System\\r\\nCompany: Microsoft Corporation\\r\\nOriginalFileName: upfc.exe\\r\\nCommandLine: C:\\\\Windows\\\\System32\\\\Upfc.exe /launchtype boot /cv lwAxcZrJ7E+aqxJyl6j/rw.0\\r\\nCurrentDirectory: C:\\\\Windows\\\\system32\\\\\\r\\nUser: NT AUTHORITY\\\\SYSTEM\\r\\nLogonGuid: {e12a69d9-1f98-6abf-e703-000000000000}\\r\\nLogonId: 0x3E7\\r\\nTerminalSessionId: 0\\r\\nIntegrityLevel: System\\r\\nHashes: MD5=299EA296575CCB9D2C1A779062535D5C,SHA256=EE44FE14DF89C4E5EAF8398F8FB4823FD910C5A94D913653D6B9E831254F6CC2,IMPHASH=49394AADDEF3EB66CCAB094EE1702917\\r\\nParentProcessGuid: {e12a69d9-1f98-6abf-0b00-000000001700}\\r\\nParentProcessId: 684\\r\\nParentImage: C:\\\\Windows\\\\System32\\\\services.exe\\r\\nParentCommandLine: C:\\\\Windows\\\\system32\\\\services.exe\\r\\nParentUser: NT AUTHORITY\\\\SYSTEM\\\"\"},\"eventdata\":{\"utcTime\":\"2026-10-02 03:06:01.050\",\"processGuid\":\"{e12a69d9-1f99-6abf-1b00-000000001700}\",\"processId\":\"1468\",\"image\":\"C:\\\\\\\\Windows\\\\\\\\System32\\\\\\\\upfc.exe\",\"fileVersion\":\"10.0.19041.1 (WinBuild.160101.0800)\",\"description\":\"Updateability From SCM\",\"product\":\"Microsoft® Windows® Operating System\",\"company\":\"Microsoft Corporation\",\"originalFileName\":\"upfc.exe\",\"commandLine\":\"C:\\\\\\\\Windows\\\\\\\\System32\\\\\\\\Upfc.exe /launchtype boot /cv lwAxcZrJ7E+aqxJyl6j/rw.0\",\"currentDirectory\":\"C:\\\\\\\\Windows\\\\\\\\system32\\\\\\\\\",\"user\":\"NT AUTHORITY\\\\\\\\SYSTEM\",\"logonGuid\":\"{e12a69d9-1f98-6abf-e703-000000000000}\",\"logonId\":\"0x3e7\",\"terminalSessionId\":\"0\",\"integrityLevel\":\"System\",\"hashes\":\"MD5=299EA296575CCB9D2C1A779062535D5C,SHA256=EE44FE14DF89C4E5EAF8398F8FB4823FD910C5A94D913653D6B9E831254F6CC2,IMPHASH=49394AADDEF3EB66CCAB094EE1702917\",\"parentProcessGuid\":\"{e12a69d9-1f98-6abf-0b00-000000001700}\",\"parentProcessId\":\"684\",\"parentImage\":\"C:\\\\\\\\Windows\\\\\\\\System32\\\\\\\\services.exe\",\"parentCommandLine\":\"C:\\\\\\\\Windows\\\\\\\\system32\\\\\\\\services.exe\",\"parentUser\":\"NT AUTHORITY\\\\\\\\SYSTEM\"}}}","decoder":{"name":"windows_eventchannel"},"data":{"win":{"system":{"providerName":"Microsoft-Windows-Sysmon","providerGuid":"{5770385f-c22a-43e0-bf4c-06f5698ffbd9}","eventID":"1","version":"5","level":"4","task":"1","opcode":"0","keywords":"0x8000000000000000","systemTime":"2026-10-02T03:06:05.6930029Z","eventRecordID":"11231","processID":"2140","threadID":"4056","channel":"Microsoft-Windows-Sysmon/Operational","computer":"WIN10-01.SOC-LAB.LOCAL","severityValue":"INFORMATION","message":"\"Process Create:\r\nRuleName: -\r\nUtcTime: 2026-10-02 03:06:01.050\r\nProcessGuid: {e12a69d9-1f99-6abf-1b00-000000001700}\r\nProcessId: 1468\r\nImage: C:\\Windows\\System32\\upfc.exe\r\nFileVersion: 10.0.19041.1 (WinBuild.160101.0800)\r\nDescription: Updateability From SCM\r\nProduct: Microsoft® Windows® Operating System\r\nCompany: Microsoft Corporation\r\nOriginalFileName: upfc.exe\r\nCommandLine: C:\\Windows\\System32\\Upfc.exe /launchtype boot /cv lwAxcZrJ7E+aqxJyl6j/rw.0\r\nCurrentDirectory: C:\\Windows\\system32\\\r\nUser: NT AUTHORITY\\SYSTEM\r\nLogonGuid: {e12a69d9-1f98-6abf-e703-000000000000}\r\nLogonId: 0x3E7\r\nTerminalSessionId: 0\r\nIntegrityLevel: System\r\nHashes: MD5=299EA296575CCB9D2C1A779062535D5C,SHA256=EE44FE14DF89C4E5EAF8398F8FB4823FD910C5A94D913653D6B9E831254F6CC2,IMPHASH=49394AADDEF3EB66CCAB094EE1702917\r\nParentProcessGuid: {e12a69d9-1f98-6abf-0b00-000000001700}\r\nParentProcessId: 684\r\nParentImage: C:\\Windows\\System32\\services.exe\r\nParentCommandLine: C:\\Windows\\system32\\services.exe\r\nParentUser: NT AUTHORITY\\SYSTEM\""},"eventdata":{"utcTime":"2026-10-02 03:06:01.050","processGuid":"{e12a69d9-1f99-6abf-1b00-000000001700}","processId":"1468","image":"C:\\\\Windows\\\\System32\\\\upfc.exe","fileVersion":"10.0.19041.1 (WinBuild.160101.0800)","description":"Updateability From SCM","product":"Microsoft® Windows® Operating System","company":"Microsoft Corporation","originalFileName":"upfc.exe","commandLine":"C:\\\\Windows\\\\System32\\\\Upfc.exe /launchtype boot /cv lwAxcZrJ7E+aqxJyl6j/rw.0","currentDirectory":"C:\\\\Windows\\\\system32\\\\","user":"NT AUTHORITY\\\\SYSTEM","logonGuid":"{e12a69d9-1f98-6abf-e703-000000000000}","logonId":"0x3e7","terminalSessionId":"0","integrityLevel":"System","hashes":"MD5=299EA296575CCB9D2C1A779062535D5C,SHA256=EE44FE14DF89C4E5EAF8398F8FB4823FD910C5A94D913653D6B9E831254F6CC2,IMPHASH=49394AADDEF3EB66CCAB094EE1702917","parentProcessGuid":"{e12a69d9-1f98-6abf-0b00-000000001700}","parentProcessId":"684","parentImage":"C:\\\\Windows\\\\System32\\\\services.exe","parentCommandLine":"C:\\\\Windows\\\\system32\\\\services.exe","parentUser":"NT AUTHORITY\\\\SYSTEM"}}},"location":"EventChannel"}
{"timestamp":"2026-10-02T03:06:32.737+0000","agent":{"id":"001","name":"SOC-WIN10","ip":"192.168.50.20"},"manager":{"name":"soc-wazuh"},"id":"1790910392.42705","full_log":"{\"win\":{\"system\":{\"providerName\":\"Microsoft-Windows-Sysmon\",\"providerGuid\":\"{5770385f-c22a-43e0-bf4c-06f5698ffbd9}\",\"eventID\":\"1\",\"version\":\"5\",\"level\":\"4\",\"task\":\"1\",\"opcode\":\"0\",\"keywords\":\"0x8000000000000000\",\"systemTime\":\"2026-10-02T03:06:05.7040112Z\",\"eventRecordID\":\"11232\",\"processID\":\"2140\",\"threadID\":\"4056\",\"channel\":\"Microsoft-Windows-Sysmon/Operational\",\"computer\":\"WIN10-01.SOC-LAB.LOCAL\",\"severityValue\":\"INFORMATION\",\"message\":\"\\\"Process Create:\\r\\nRuleName: -\\r\\nUtcTime: 2026-10-02 03:06:01.200\\r\\nProcessGuid: {e12a69d9-1f99-6abf-1e00-000000001700}\\r\\nProcessId: 1600\\r\\nImage: C:\\\\Windows\\\\System32\\\\svchost.exe\\r\\nFileVersion: 10.0.19041.5794 (WinBuild.160101.0800)\\r\\nDescription: Host Process for Windows Services\\r\\nProduct: Microsoft® Windows® Operating System\\r\\nCompany: Microsoft Corporation\\r\\nOriginalFileName: svchost.exe\\r\\nCommandLine: C:\\\\Windows\\\\System32\\\\svchost.exe -k LocalServiceNetworkRestricted -p\\r\\nCurrentDirectory: C:\\\\Windows\\\\system32\\\\\\r\\nUser: NT AUTHORITY\\\\LOCAL SERVICE\\r\\nLogonGuid: {e12a69d9-1f98-6abf-e503-000000000000}\\r\\nLogonId: 0x3E5\\r\\nTerminalSessionId: 0\\r\\nIntegrityLevel: System\\r\\nHashes: MD5=3D1034D6ED3DAED60816A25C561E8C83,SHA256=B0B36BFF7AE4057F687D839CD4B3D81159AB646F1EE1B22106A927E93DECBB61,IMPHASH=F9BBD96FAE53B7A31264A703CAFA0666\\r\\nParentProcessGuid: {e12a69d9-1f98-6abf-0b00-000000001700}\\r\\nParentProcessId: 684\\r\\nParentImage: C:\\\\Windows\\\\System32\\\\services.exe\\r\\nParentCommandLine: C:\\\\Windows\\\\system32\\\\services.exe\\r\\nParentUser: NT AUTHORITY\\\\SYSTEM\\\"\"},\"eventdata\":{\"utcTime\":\"2026-10-02 03:06:01.200\",\"processGuid\":\"{e12a69d9-1f99-6abf-1e00-000000001700}\",\"processId\":\"1600\",\"image\":\"C:\\\\\\\\Windows\\\\\\\\System32\\\\\\\\svchost.exe\",\"fileVersion\":\"10.0.19041.5794 (WinBuild.160101.0800)\",\"description\":\"Host Process for Windows Services\",\"product\":\"Microsoft® Windows® Operating System\",\"company\":\"Microsoft Corporation\",\"originalFileName\":\"svchost.exe\",\"commandLine\":\"C:\\\\\\\\Windows\\\\\\\\System32\\\\\\\\svchost.exe -k LocalServiceNetworkRestricted -p\",\"currentDirectory\":\"C:\\\\\\\\Windows\\\\\\\\system32\\\\\\\\\",\"user\":\"NT AUTHORITY\\\\\\\\LOCAL SERVICE\",\"logonGuid\":\"{e12a69d9-1f98-6abf-e503-000000000000}\",\"logonId\":\"0x3e5\",\"terminalSessionId\":\"0\",\"integrityLevel\":\"System\",\"hashes\":\"MD5=3D1034D6ED3DAED60816A25C561E8C83,SHA256=B0B36BFF7AE4057F687D839CD4B3D81159AB646F1EE1B22106A927E93DECBB61,IMPHASH=F9BBD96FAE53B7A31264A703CAFA0666\",\"parentProcessGuid\":\"{e12a69d9-1f98-6abf-0b00-000000001700}\",\"parentProcessId\":\"684\",\"parentImage\":\"C:\\\\\\\\Windows\\\\\\\\System32\\\\\\\\services.exe\",\"parentCommandLine\":\"C:\\\\\\\\Windows\\\\\\\\system32\\\\\\\\services.exe\",\"parentUser\":\"NT AUTHORITY\\\\\\\\SYSTEM\"}}}","decoder":{"name":"windows_eventchannel"},"data":{"win":{"system":{"providerName":"Microsoft-Windows-Sysmon","providerGuid":"{5770385f-c22a-43e0-bf4c-06f5698ffbd9}","eventID":"1","version":"5","level":"4","task":"1","opcode":"0","keywords":"0x8000000000000000","systemTime":"2026-10-02T03:06:05.7040112Z","eventRecordID":"11232","processID":"2140","threadID":"4056","channel":"Microsoft-Windows-Sysmon/Operational","computer":"WIN10-01.SOC-LAB.LOCAL","severityValue":"INFORMATION","message":"\"Process Create:\r\nRuleName: -\r\nUtcTime: 2026-10-02 03:06:01.200\r\nProcessGuid: {e12a69d9-1f99-6abf-1e00-000000001700}\r\nProcessId: 1600\r\nImage: C:\\Windows\\System32\\svchost.exe\r\nFileVersion: 10.0.19041.5794 (WinBuild.160101.0800)\r\nDescription: Host Process for Windows Services\r\nProduct: Microsoft® Windows® Operating System\r\nCompany: Microsoft Corporation\r\nOriginalFileName: svchost.exe\r\nCommandLine: C:\\Windows\\System32\\svchost.exe -k LocalServiceNetworkRestricted -p\r\nCurrentDirectory: C:\\Windows\\system32\\\r\nUser: NT AUTHORITY\\LOCAL SERVICE\r\nLogonGuid: {e12a69d9-1f98-6abf-e503-000000000000}\r\nLogonId: 0x3E5\r\nTerminalSessionId: 0\r\nIntegrityLevel: System\r\nHashes: MD5=3D1034D6ED3DAED60816A25C561E8C83,SHA256=B0B36BFF7AE4057F687D839CD4B3D81159AB646F1EE1B22106A927E93DECBB61,IMPHASH=F9BBD96FAE53B7A31264A703CAFA0666\r\nParentProcessGuid: {e12a69d9-1f98-6abf-0b00-000000001700}\r\nParentProcessId: 684\r\nParentImage: C:\\Windows\\System32\\services.exe\r\nParentCommandLine: C:\\Windows\\system32\\services.exe\r\nParentUser: NT AUTHORITY\\SYSTEM\""},"eventdata":{"utcTime":"2026-10-02 03:06:01.200","processGuid":"{e12a69d9-1f99-6abf-1e00-000000001700}","processId":"1600","image":"C:\\\\Windows\\\\System32\\\\svchost.exe","fileVersion":"10.0.19041.5794 (WinBuild.160101.0800)","description":"Host Process for Windows Services","product":"Microsoft® Windows® Operating System","company":"Microsoft Corporation","originalFileName":"svchost.exe","commandLine":"C:\\\\Windows\\\\System32\\\\svchost.exe -k LocalServiceNetworkRestricted -p","currentDirectory":"C:\\\\Windows\\\\system32\\\\","user":"NT AUTHORITY\\\\LOCAL SERVICE","logonGuid":"{e12a69d9-1f98-6abf-e503-000000000000}","logonId":"0x3e5","terminalSessionId":"0","integrityLevel":"System","hashes":"MD5=3D1034D6ED3DAED60816A25C561E8C83,SHA256=B0B36BFF7AE4057F687D839CD4B3D81159AB646F1EE1B22106A927E93DECBB61,IMPHASH=F9BBD96FAE53B7A31264A703CAFA0666","parentProcessGuid":"{e12a69d9-1f98-6abf-0b00-000000001700}","parentProcessId":"684","parentImage":"C:\\\\Windows\\\\System32\\\\services.exe","parentCommandLine":"C:\\\\Windows\\\\system32\\\\services.exe","parentUser":"NT AUTHORITY\\\\SYSTEM"}}},"location":"EventChannel"}
{"timestamp":"2026-10-02T03:06:32.771+0000","agent":{"id":"001","name":"SOC-WIN10","ip":"192.168.50.20"},"manager":{"name":"soc-wazuh"},"id":"1790910392.42705","full_log":"{\"win\":{\"system\":{\"providerName\":\"Microsoft-Windows-Sysmon\",\"providerGuid\":\"{5770385f-c22a-43e0-bf4c-06f5698ffbd9}\",\"eventID\":\"1\",\"version\":\"5\",\"level\":\"4\",\"task\":\"1\",\"opcode\":\"0\",\"keywords\":\"0x8000000000000000\",\"systemTime\":\"2026-10-02T03:06:05.7045008Z\",\"eventRecordID\":\"11233\",\"processID\":\"2140\",\"threadID\":\"4056\",\"channel\":\"Microsoft-Windows-Sysmon/Operational\",\"computer\":\"WIN10-01.SOC-LAB.LOCAL\",\"severityValue\":\"INFORMATION\",\"message\":\"\\\"Process Create:\\r\\nRuleName: -\\r\\nUtcTime: 2026-10-02 03:06:01.233\\r\\nProcessGuid: {e12a69d9-1f99-6abf-1f00-000000001700}\\r\\nProcessId: 1616\\r\\nImage: C:\\\\Windows\\\\System32\\\\taskhostw.exe\\r\\nFileVersion: 10.0.19041.5794 (WinBuild.160101.0800)\\r\\nDescription: Host Process for Windows Tasks\\r\\nProduct: Microsoft® Windows® Operating System\\r\\nCompany: Microsoft Corporation\\r\\nOriginalFileName: taskhostw.exe\\r\\nCommandLine: taskhostw.exe ExploitGuardPolicy\\r\\nCurrentDirectory: C:\\\\Windows\\\\system32\\\\\\r\\nUser: NT AUTHORITY\\\\SYSTEM\\r\\nLogonGuid: {e12a69d9-1f98-6abf-e703-000000000000}\\r\\nLogonId: 0x3E7\\r\\nTerminalSessionId: 0\\r\\nIntegrityLevel: System\\r\\nHashes: MD5=D71630DA4364F89F36B47581D4162639,SHA256=4D84D1DB6C572DA841307B814CCF26478429D3A29F304755CE1BAF110E639F64,IMPHASH=3A0C6863CDE566AF997DB2DEFFF9D924\\r\\nParentProcessGuid: {e12a69d9-1f98-6abf-1700-000000001700}\\r\\nParentProcessId: 988\\r\\nParentImage: C:\\\\Windows\\\\System32\\\\svchost.exe\\r\\nParentCommandLine: C:\\\\Windows\\\\system32\\\\svchost.exe -k netsvcs -p\\r\\nParentUser: NT AUTHORITY\\\\SYSTEM\\\"\"},\"eventdata\":{\"utcTime\":\"2026-10-02 03:06:01.233\",\"processGuid\":\"{e12a69d9-1f99-6abf-1f00-000000001700}\",\"processId\":\"1616\",\"image\":\"C:\\\\\\\\Windows\\\\\\\\System32\\\\\\\\taskhostw.exe\",\"fileVersion\":\"10.0.19041.5794 (WinBuild.160101.0800)\",\"description\":\"Host Process for Windows Tasks\",\"product\":\"Microsoft® Windows® Operating System\",\"company\":\"Microsoft Corporation\",\"originalFileName\":\"taskhostw.exe\",\"commandLine\":\"taskhostw.exe ExploitGuardPolicy\",\"currentDirectory\":\"C:\\\\\\\\Windows\\\\\\\\system32\\\\\\\\\",\"user\":\"NT AUTHORITY\\\\\\\\SYSTEM\",\"logonGuid\":\"{e12a69d9-1f98-6abf-e703-000000000000}\",\"logonId\":\"0x3e7\",\"terminalSessionId\":\"0\",\"integrityLevel\":\"System\",\"hashes\":\"MD5=D71630DA4364F89F36B47581D4162639,SHA256=4D84D1DB6C572DA841307B814CCF26478429D3A29F304755CE1BAF110E639F64,IMPHASH=3A0C6863CDE566AF997DB2DEFFF9D924\",\"parentProcessGuid\":\"{e12a69d9-1f98-6abf-1700-000000001700}\",\"parentProcessId\":\"988\",\"parentImage\":\"C:\\\\\\\\Windows\\\\\\\\System32\\\\\\\\svchost.exe\",\"parentCommandLine\":\"C:\\\\\\\\Windows\\\\\\\\system32\\\\\\\\svchost.exe -k netsvcs -p\",\"parentUser\":\"NT AUTHORITY\\\\\\\\SYSTEM\"}}}","decoder":{"name":"windows_eventchannel"},"data":{"win":{"system":{"providerName":"Microsoft-Windows-Sysmon","providerGuid":"{5770385f-c22a-43e0-bf4c-06f5698ffbd9}","eventID":"1","version":"5","level":"4","task":"1","opcode":"0","keywords":"0x8000000000000000","systemTime":"2026-10-02T03:06:05.7045008Z","eventRecordID":"11233","processID":"2140","threadID":"4056","channel":"Microsoft-Windows-Sysmon/Operational","computer":"WIN10-01.SOC-LAB.LOCAL","severityValue":"INFORMATION","message":"\"Process Create:\r\nRuleName: -\r\nUtcTime: 2026-10-02 03:06:01.233\r\nProcessGuid: {e12a69d9-1f99-6abf-1f00-000000001700}\r\nProcessId: 1616\r\nImage: C:\\Windows\\System32\\taskhostw.exe\r\nFileVersion: 10.0.19041.5794 (WinBuild.160101.0800)\r\nDescription: Host Process for Windows Tasks\r\nProduct: Microsoft® Windows® Operating System\r\nCompany: Microsoft Corporation\r\nOriginalFileName: taskhostw.exe\r\nCommandLine: taskhostw.exe ExploitGuardPolicy\r\nCurrentDirectory: C:\\Windows\\system32\\\r\nUser: NT AUTHORITY\\SYSTEM\r\nLogonGuid: {e12a69d9-1f98-6abf-e703-000000000000}\r\nLogonId: 0x3E7\r\nTerminalSessionId: 0\r\nIntegrityLevel: System\r\nHashes: MD5=D71630DA4364F89F36B47581D4162639,SHA256=4D84D1DB6C572DA841307B814CCF26478429D3A29F304755CE1BAF110E639F64,IMPHASH=3A0C6863CDE566AF997DB2DEFFF9D924\r\nParentProcessGuid: {e12a69d9-1f98-6abf-1700-000000001700}\r\nParentProcessId: 988\r\nParentImage: C:\\Windows\\System32\\svchost.exe\r\nParentCommandLine: C:\\Windows\\system32\\svchost.exe -k netsvcs -p\r\nParentUser: NT AUTHORITY\\SYSTEM\""},"eventdata":{"utcTime":"2026-10-02 03:06:01.233","processGuid":"{e12a69d9-1f99-6abf-1f00-000000001700}","processId":"1616","image":"C:\\\\Windows\\\\System32\\\\taskhostw.exe","fileVersion":"10.0.19041.5794 (WinBuild.160101.0800)","description":"Host Process for Windows Tasks","product":"Microsoft® Windows® Operating System","company":"Microsoft Corporation","originalFileName":"taskhostw.exe","commandLine":"taskhostw.exe ExploitGuardPolicy","currentDirectory":"C:\\\\Windows\\\\system32\\\\","user":"NT AUTHORITY\\\\SYSTEM","logonGuid":"{e12a69d9-1f98-6abf-e703-000000000000}","logonId":"0x3e7","terminalSessionId":"0","integrityLevel":"System","hashes":"MD5=D71630DA4364F89F36B47581D4162639,SHA256=4D84D1DB6C572DA841307B814CCF26478429D3A29F304755CE1BAF110E639F64,IMPHASH=3A0C6863CDE566AF997DB2DEFFF9D924","parentProcessGuid":"{e12a69d9-1f98-6abf-1700-000000001700}","parentProcessId":"988","parentImage":"C:\\\\Windows\\\\System32\\\\svchost.exe","parentCommandLine":"C:\\\\Windows\\\\system32\\\\svchost.exe -k netsvcs -p","parentUser":"NT AUTHORITY\\\\SYSTEM"}}},"location":"EventChannel"}
{"timestamp":"2026-10-02T03:06:32.784+0000","agent":{"id":"001","name":"SOC-WIN10","ip":"192.168.50.20"},"manager":{"name":"soc-wazuh"},"id":"1790910392.42705","full_log":"{\"win\":{\"system\":{\"providerName\":\"Microsoft-Windows-Sysmon\",\"providerGuid\":\"{5770385f-c22a-43e0-bf4c-06f5698ffbd9}\",\"eventID\":\"1\",\"version\":\"5\",\"level\":\"4\",\"task\":\"1\",\"opcode\":\"0\",\"keywords\":\"0x8000000000000000\",\"systemTime\":\"2026-10-02T03:06:05.7069722Z\",\"eventRecordID\":\"11234\",\"processID\":\"2140\",\"threadID\":\"4056\",\"channel\":\"Microsoft-Windows-Sysmon/Operational\",\"computer\":\"WIN10-01.SOC-LAB.LOCAL\",\"severityValue\":\"INFORMATION\",\"message\":\"\\\"Process Create:\\r\\nRuleName: -\\r\\nUtcTime: 2026-10-02 03:06:01.314\\r\\nProcessGuid: {e12a69d9-1f99-6abf-2000-000000001700}\\r\\nProcessId: 1684\\r\\nImage: C:\\\\Windows\\\\System32\\\\svchost.exe\\r\\nFileVersion: 10.0.19041.5794 (WinBuild.160101.0800)\\r\\nDescription: Host Process for Windows Services\\r\\nProduct: Microsoft® Windows® Operating System\\r\\nCompany: Microsoft Corporation\\r\\nOriginalFileName: svchost.exe\\r\\nCommandLine: C:\\\\Windows\\\\System32\\\\svchost.exe -k LocalServiceNetworkRestricted -p\\r\\nCurrentDirectory: C:\\\\Windows\\\\system32\\\\\\r\\nUser: NT AUTHORITY\\\\LOCAL SERVICE\\r\\nLogonGuid: {e12a69d9-1f98-6abf-e503-000000000000}\\r\\nLogonId: 0x3E5\\r\\nTerminalSessionId: 0\\r\\nIntegrityLevel: System\\r\\nHashes: MD5=3D1034D6ED3DAED60816A25C561E8C83,SHA256=B0B36BFF7AE4057F687D839CD4B3D81159AB646F1EE1B22106A927E93DECBB61,IMPHASH=F9BBD96FAE53B7A31264A703CAFA0666\\r\\nParentProcessGuid: {e12a69d9-1f98-6abf-0b00-000000001700}\\r\\nParentProcessId: 684\\r\\nParentImage: C:\\\\Windows\\\\System32\\\\services.exe\\r\\nParentCommandLine: C:\\\\Windows\\\\system32\\\\services.exe\\r\\nParentUser: NT AUTHORITY\\\\SYSTEM\\\"\"},\"eventdata\":{\"utcTime\":\"2026-10-02 03:06:01.314\",\"processGuid\":\"{e12a69d9-1f99-6abf-2000-000000001700}\",\"processId\":\"1684\",\"image\":\"C:\\\\\\\\Windows\\\\\\\\System32\\\\\\\\svchost.exe\",\"fileVersion\":\"10.0.19041.5794 (WinBuild.160101.0800)\",\"description\":\"Host Process for Windows Services\",\"product\":\"Microsoft® Windows® Operating System\",\"company\":\"Microsoft Corporation\",\"originalFileName\":\"svchost.exe\",\"commandLine\":\"C:\\\\\\\\Windows\\\\\\\\System32\\\\\\\\svchost.exe -k LocalServiceNetworkRestricted -p\",\"currentDirectory\":\"C:\\\\\\\\Windows\\\\\\\\system32\\\\\\\\\",\"user\":\"NT AUTHORITY\\\\\\\\LOCAL SERVICE\",\"logonGuid\":\"{e12a69d9-1f98-6abf-e503-000000000000}\",\"logonId\":\"0x3e5\",\"terminalSessionId\":\"0\",\"integrityLevel\":\"System\",\"hashes\":\"MD5=3D1034D6ED3DAED60816A25C561E8C83,SHA256=B0B36BFF7AE4057F687D839CD4B3D81159AB646F1EE1B22106A927E93DECBB61,IMPHASH=F9BBD96FAE53B7A31264A703CAFA0666\",\"parentProcessGuid\":\"{e12a69d9-1f98-6abf-0b00-000000001700}\",\"parentProcessId\":\"684\",\"parentImage\":\"C:\\\\\\\\Windows\\\\\\\\System32\\\\\\\\services.exe\",\"parentCommandLine\":\"C:\\\\\\\\Windows\\\\\\\\system32\\\\\\\\services.exe\",\"parentUser\":\"NT AUTHORITY\\\\\\\\SYSTEM\"}}}","decoder":{"name":"windows_eventchannel"},"data":{"win":{"system":{"providerName":"Microsoft-Windows-Sysmon","providerGuid":"{5770385f-c22a-43e0-bf4c-06f5698ffbd9}","eventID":"1","version":"5","level":"4","task":"1","opcode":"0","keywords":"0x8000000000000000","systemTime":"2026-10-02T03:06:05.7069722Z","eventRecordID":"11234","processID":"2140","threadID":"4056","channel":"Microsoft-Windows-Sysmon/Operational","computer":"WIN10-01.SOC-LAB.LOCAL","severityValue":"INFORMATION","message":"\"Process Create:\r\nRuleName: -\r\nUtcTime: 2026-10-02 03:06:01.314\r\nProcessGuid: {e12a69d9-1f99-6abf-2000-000000001700}\r\nProcessId: 1684\r\nImage: C:\\Windows\\System32\\svchost.exe\r\nFileVersion: 10.0.19041.5794 (WinBuild.160101.0800)\r\nDescription: Host Process for Windows Services\r\nProduct: Microsoft® Windows® Operating System\r\nCompany: Microsoft Corporation\r\nOriginalFileName: svchost.exe\r\nCommandLine: C:\\Windows\\System32\\svchost.exe -k LocalServiceNetworkRestricted -p\r\nCurrentDirectory: C:\\Windows\\system32\\\r\nUser: NT AUTHORITY\\LOCAL SERVICE\r\nLogonGuid: {e12a69d9-1f98-6abf-e503-000000000000}\r\nLogonId: 0x3E5\r\nTerminalSessionId: 0\r\nIntegrityLevel: System\r\nHashes: MD5=3D1034D6ED3DAED60816A25C561E8C83,SHA256=B0B36BFF7AE4057F687D839CD4B3D81159AB646F1EE1B22106A927E93DECBB61,IMPHASH=F9BBD96FAE53B7A31264A703CAFA0666\r\nParentProcessGuid: {e12a69d9-1f98-6abf-0b00-000000001700}\r\nParentProcessId: 684\r\nParentImage: C:\\Windows\\System32\\services.exe\r\nParentCommandLine: C:\\Windows\\system32\\services.exe\r\nParentUser: NT AUTHORITY\\SYSTEM\""},"eventdata":{"utcTime":"2026-10-02 03:06:01.314","processGuid":"{e12a69d9-1f99-6abf-2000-000000001700}","processId":"1684","image":"C:\\\\Windows\\\\System32\\\\svchost.exe","fileVersion":"10.0.19041.5794 (WinBuild.160101.0800)","description":"Host Process for Windows Services","product":"Microsoft® Windows® Operating System","company":"Microsoft Corporation","originalFileName":"svchost.exe","commandLine":"C:\\\\Windows\\\\System32\\\\svchost.exe -k LocalServiceNetworkRestricted -p","currentDirectory":"C:\\\\Windows\\\\system32\\\\","user":"NT AUTHORITY\\\\LOCAL SERVICE","logonGuid":"{e12a69d9-1f98-6abf-e503-000000000000}","logonId":"0x3e5","terminalSessionId":"0","integrityLevel":"System","hashes":"MD5=3D1034D6ED3DAED60816A25C561E8C83,SHA256=B0B36BFF7AE4057F687D839CD4B3D81159AB646F1EE1B22106A927E93DECBB61,IMPHASH=F9BBD96FAE53B7A31264A703CAFA0666","parentProcessGuid":"{e12a69d9-1f98-6abf-0b00-000000001700}","parentProcessId":"684","parentImage":"C:\\\\Windows\\\\System32\\\\services.exe","parentCommandLine":"C:\\\\Windows\\\\system32\\\\services.exe","parentUser":"NT AUTHORITY\\\\SYSTEM"}}},"location":"EventChannel"}
{"timestamp":"2026-10-02T03:06:32.817+0000","agent":{"id":"001","name":"SOC-WIN10","ip":"192.168.50.20"},"manager":{"name":"soc-wazuh"},"id":"1790910392.42705","full_log":"{\"win\":{\"system\":{\"providerName\":\"Microsoft-Windows-Sysmon\",\"providerGuid\":\"{5770385f-c22a-43e0-bf4c-06f5698ffbd9}\",\"eventID\":\"1\",\"version\":\"5\",\"level\":\"4\",\"task\":\"1\",\"opcode\":\"0\",\"keywords\":\"0x8000000000000000\",\"systemTime\":\"2026-10-02T03:06:05.7073146Z\",\"eventRecordID\":\"11235\",\"processID\":\"2140\",\"threadID\":\"4056\",\"channel\":\"Microsoft-Windows-Sysmon/Operational\",\"computer\":\"WIN10-01.SOC-LAB.LOCAL\",\"severityValue\":\"INFORMATION\",\"message\":\"\\\"Process Create:\\r\\nRuleName: -\\r\\nUtcTime: 2026-10-02 03:06:01.318\\r\\nProcessGuid: {e12a69d9-1f99-6abf-2100-000000001700}\\r\\nProcessId: 1692\\r\\nImage: C:\\\\Windows\\\\System32\\\\svchost.exe\\r\\nFileVersion: 10.0.19041.5794 (WinBuild.160101.0800)\\r\\nDescription: Host Process for Windows Services\\r\\nProduct: Microsoft® Windows® Operating System\\r\\nCompany: Microsoft Corporation\\r\\nOriginalFileName: svchost.exe\\r\\nCommandLine: C:\\\\Windows\\\\system32\\\\svchost.exe -k LocalServiceNetworkRestricted -p\\r\\nCurrentDirectory: C:\\\\Windows\\\\system32\\\\\\r\\nUser: NT AUTHORITY\\\\LOCAL SERVICE\\r\\nLogonGuid: {e12a69d9-1f98-6abf-e503-000000000000}\\r\\nLogonId: 0x3E5\\r\\nTerminalSessionId: 0\\r\\nIntegrityLevel: System\\r\\nHashes: MD5=3D1034D6ED3DAED60816A25C561E8C83,SHA256=B0B36BFF7AE4057F687D839CD4B3D81159AB646F1EE1B22106A927E93DECBB61,IMPHASH=F9BBD96FAE53B7A31264A703CAFA0666\\r\\nParentProcessGuid: {e12a69d9-1f98-6abf-0b00-000000001700}\\r\\nParentProcessId: 684\\r\\nParentImage: C:\\\\Windows\\\\System32\\\\services.exe\\r\\nParentCommandLine: C:\\\\Windows\\\\system32\\\\services.exe\\r\\nParentUser: NT AUTHORITY\\\\SYSTEM\\\"\"},\"eventdata\":{\"utcTime\":\"2026-10-02 03:06:01.318\",\"processGuid\":\"{e12a69d9-1f99-6abf-2100-000000001700}\",\"processId\":\"1692\",\"image\":\"C:\\\\\\\\Windows\\\\\\\\System32\\\\\\\\svchost.exe\",\"fileVersion\":\"10.0.19041.5794 (WinBuild.160101.0800)\",\"description\":\"Host Process for Windows Services\",\"product\":\"Microsoft® Windows® Operating System\",\"company\":\"Microsoft Corporation\",\"originalFileName\":\"svchost.exe\",\"commandLine\":\"C:\\\\\\\\Windows\\\\\\\\system32\\\\\\\\svchost.exe -k LocalServiceNetworkRestricted -p\",\"currentDirectory\":\"C:\\\\\\\\Windows\\\\\\\\system32\\\\\\\\\",\"user\":\"NT AUTHORITY\\\\\\\\LOCAL SERVICE\",\"logonGuid\":\"{e12a69d9-1f98-6abf-e503-000000000000}\",\"logonId\":\"0x3e5\",\"terminalSessionId\":\"0\",\"integrityLevel\":\"System\",\"hashes\":\"MD5=3D1034D6ED3DAED60816A25C561E8C83,SHA256=B0B36BFF7AE4057F687D839CD4B3D81159AB646F1EE1B22106A927E93DECBB61,IMPHASH=F9BBD96FAE53B7A31264A703CAFA0666\",\"parentProcessGuid\":\"{e12a69d9-1f98-6abf-0b00-000000001700}\",\"parentProcessId\":\"684\",\"parentImage\":\"C:\\\\\\\\Windows\\\\\\\\System32\\\\\\\\services.exe\",\"parentCommandLine\":\"C:\\\\\\\\Windows\\\\\\\\system32\\\\\\\\services.exe\",\"parentUser\":\"NT AUTHORITY\\\\\\\\SYSTEM\"}}}","decoder":{"name":"windows_eventchannel"},"data":{"win":{"system":{"providerName":"Microsoft-Windows-Sysmon","providerGuid":"{5770385f-c22a-43e0-bf4c-06f5698ffbd9}","eventID":"1","version":"5","level":"4","task":"1","opcode":"0","keywords":"0x8000000000000000","systemTime":"2026-10-02T03:06:05.7073146Z","eventRecordID":"11235","processID":"2140","threadID":"4056","channel":"Microsoft-Windows-Sysmon/Operational","computer":"WIN10-01.SOC-LAB.LOCAL","severityValue":"INFORMATION","message":"\"Process Create:\r\nRuleName: -\r\nUtcTime: 2026-10-02 03:06:01.318\r\nProcessGuid: {e12a69d9-1f99-6abf-2100-000000001700}\r\nProcessId: 1692\r\nImage: C:\\Windows\\System32\\svchost.exe\r\nFileVersion: 10.0.19041.5794 (WinBuild.160101.0800)\r\nDescription: Host Process for Windows Services\r\nProduct: Microsoft® Windows® Operating System\r\nCompany: Microsoft Corporation\r\nOriginalFileName: svchost.exe\r\nCommandLine: C:\\Windows\\system32\\svchost.exe -k LocalServiceNetworkRestricted -p\r\nCurrentDirectory: C:\\Windows\\system32\\\r\nUser: NT AUTHORITY\\LOCAL SERVICE\r\nLogonGuid: {e12a69d9-1f98-6abf-e503-000000000000}\r\nLogonId: 0x3E5\r\nTerminalSessionId: 0\r\nIntegrityLevel: System\r\nHashes: MD5=3D1034D6ED3DAED60816A25C561E8C83,SHA256=B0B36BFF7AE4057F687D839CD4B3D81159AB646F1EE1B22106A927E93DECBB61,IMPHASH=F9BBD96FAE53B7A31264A703CAFA0666\r\nParentProcessGuid: {e12a69d9-1f98-6abf-0b00-000000001700}\r\nParentProcessId: 684\r\nParentImage: C:\\Windows\\System32\\services.exe\r\nParentCommandLine: C:\\Windows\\system32\\services.exe\r\nParentUser: NT AUTHORITY\\SYSTEM\""},"eventdata":{"utcTime":"2026-10-02 03:06:01.318","processGuid":"{e12a69d9-1f99-6abf-2100-000000001700}","processId":"1692","image":"C:\\\\Windows\\\\System32\\\\svchost.exe","fileVersion":"10.0.19041.5794 (WinBuild.160101.0800)","description":"Host Process for Windows Services","product":"Microsoft® Windows® Operating System","company":"Microsoft Corporation","originalFileName":"svchost.exe","commandLine":"C:\\\\Windows\\\\system32\\\\svchost.exe -k LocalServiceNetworkRestricted -p","currentDirectory":"C:\\\\Windows\\\\system32\\\\","user":"NT AUTHORITY\\\\LOCAL SERVICE","logonGuid":"{e12a69d9-1f98-6abf-e503-000000000000}","logonId":"0x3e5","terminalSessionId":"0","integrityLevel":"System","hashes":"MD5=3D1034D6ED3DAED60816A25C561E8C83,SHA256=B0B36BFF7AE4057F687D839CD4B3D81159AB646F1EE1B22106A927E93DECBB61,IMPHASH=F9BBD96FAE53B7A31264A703CAFA0666","parentProcessGuid":"{e12a69d9-1f98-6abf-0b00-000000001700}","parentProcessId":"684","parentImage":"C:\\\\Windows\\\\System32\\\\services.exe","parentCommandLine":"C:\\\\Windows\\\\system32\\\\services.exe","parentUser":"NT AUTHORITY\\\\SYSTEM"}}},"location":"EventChannel"}
{"timestamp":"2026-10-02T03:06:32.836+0000","agent":{"id":"001","name":"SOC-WIN10","ip":"192.168.50.20"},"manager":{"name":"soc-wazuh"},"id":"1790910392.42705","full_log":"{\"win\":{\"system\":{\"providerName\":\"Microsoft-Windows-Sysmon\",\"providerGuid\":\"{5770385f-c22a-43e0-bf4c-06f5698ffbd9}\",\"eventID\":\"1\",\"version\":\"5\",\"level\":\"4\",\"task\":\"1\",\"opcode\":\"0\",\"keywords\":\"0x8000000000000000\",\"systemTime\":\"2026-10-02T03:06:05.7075491Z\",\"eventRecordID\":\"11236\",\"processID\":\"2140\",\"threadID\":\"4056\",\"channel\":\"Microsoft-Windows-Sysmon/Operational\",\"computer\":\"WIN10-01.SOC-LAB.LOCAL\",\"severityValue\":\"INFORMATION\",\"message\":\"\\\"Process Create:\\r\\nRuleName: -\\r\\nUtcTime: 2026-10-02 03:06:01.322\\r\\nProcessGuid: {e12a69d9-1f99-6abf-2200-000000001700}\\r\\nProcessId: 1700\\r\\nImage: C:\\\\Windows\\\\System32\\\\svchost.exe\\r\\nFileVersion: 10.0.19041.5794 (WinBuild.160101.0800)\\r\\nDescription: Host Process for Windows Services\\r\\nProduct: Microsoft® Windows® Operating System\\r\\nCompany: Microsoft Corporation\\r\\nOriginalFileName: svchost.exe\\r\\nCommandLine: C:\\\\Windows\\\\system32\\\\svchost.exe -k appmodel -p\\r\\nCurrentDirectory: C:\\\\Windows\\\\system32\\\\\\r\\nUser: NT AUTHORITY\\\\SYSTEM\\r\\nLogonGuid: {e12a69d9-1f98-6abf-e703-000000000000}\\r\\nLogonId: 0x3E7\\r\\nTerminalSessionId: 0\\r\\nIntegrityLevel: System\\r\\nHashes: MD5=3D1034D6ED3DAED60816A25C561E8C83,SHA256=B0B36BFF7AE4057F687D839CD4B3D81159AB646F1EE1B22106A927E93DECBB61,IMPHASH=F9BBD96FAE53B7A31264A703CAFA0666\\r\\nParentProcessGuid: {e12a69d9-1f98-6abf-0b00-000000001700}\\r\\nParentProcessId: 684\\r\\nParentImage: C:\\\\Windows\\\\System32\\\\services.exe\\r\\nParentCommandLine: C:\\\\Windows\\\\system32\\\\services.exe\\r\\nParentUser: NT AUTHORITY\\\\SYSTEM\\\"\"},\"eventdata\":{\"utcTime\":\"2026-10-02 03:06:01.322\",\"processGuid\":\"{e12a69d9-1f99-6abf-2200-000000001700}\",\"processId\":\"1700\",\"image\":\"C:\\\\\\\\Windows\\\\\\\\System32\\\\\\\\svchost.exe\",\"fileVersion\":\"10.0.19041.5794 (WinBuild.160101.0800)\",\"description\":\"Host Process for Windows Services\",\"product\":\"Microsoft® Windows® Operating System\",\"company\":\"Microsoft Corporation\",\"originalFileName\":\"svchost.exe\",\"commandLine\":\"C:\\\\\\\\Windows\\\\\\\\system32\\\\\\\\svchost.exe -k appmodel -p\",\"currentDirectory\":\"C:\\\\\\\\Windows\\\\\\\\system32\\\\\\\\\",\"user\":\"NT AUTHORITY\\\\\\\\SYSTEM\",\"logonGuid\":\"{e12a69d9-1f98-6abf-e703-000000000000}\",\"logonId\":\"0x3e7\",\"terminalSessionId\":\"0\",\"integrityLevel\":\"System\",\"hashes\":\"MD5=3D1034D6ED3DAED60816A25C561E8C83,SHA256=B0B36BFF7AE4057F687D839CD4B3D81159AB646F1EE1B22106A927E93DECBB61,IMPHASH=F9BBD96FAE53B7A31264A703CAFA0666\",\"parentProcessGuid\":\"{e12a69d9-1f98-6abf-0b00-000000001700}\",\"parentProcessId\":\"684\",\"parentImage\":\"C:\\\\\\\\Windows\\\\\\\\System32\\\\\\\\services.exe\",\"parentCommandLine\":\"C:\\\\\\\\Windows\\\\\\\\system32\\\\\\\\services.exe\",\"parentUser\":\"NT AUTHORITY\\\\\\\\SYSTEM\"}}}","decoder":{"name":"windows_eventchannel"},"data":{"win":{"system":{"providerName":"Microsoft-Windows-Sysmon","providerGuid":"{5770385f-c22a-43e0-bf4c-06f5698ffbd9}","eventID":"1","version":"5","level":"4","task":"1","opcode":"0","keywords":"0x8000000000000000","systemTime":"2026-10-02T03:06:05.7075491Z","eventRecordID":"11236","processID":"2140","threadID":"4056","channel":"Microsoft-Windows-Sysmon/Operational","computer":"WIN10-01.SOC-LAB.LOCAL","severityValue":"INFORMATION","message":"\"Process Create:\r\nRuleName: -\r\nUtcTime: 2026-10-02 03:06:01.322\r\nProcessGuid: {e12a69d9-1f99-6abf-2200-000000001700}\r\nProcessId: 1700\r\nImage: C:\\Windows\\System32\\svchost.exe\r\nFileVersion: 10.0.19041.5794 (WinBuild.160101.0800)\r\nDescription: Host Process for Windows Services\r\nProduct: Microsoft® Windows® Operating System\r\nCompany: Microsoft Corporation\r\nOriginalFileName: svchost.exe\r\nCommandLine: C:\\Windows\\system32\\svchost.exe -k appmodel -p\r\nCurrentDirectory: C:\\Windows\\system32\\\r\nUser: NT AUTHORITY\\SYSTEM\r\nLogonGuid: {e12a69d9-1f98-6abf-e703-000000000000}\r\nLogonId: 0x3E7\r\nTerminalSessionId: 0\r\nIntegrityLevel: System\r\nHashes: MD5=3D1034D6ED3DAED60816A25C561E8C83,SHA256=B0B36BFF7AE4057F687D839CD4B3D81159AB646F1EE1B22106A927E93DECBB61,IMPHASH=F9BBD96FAE53B7A31264A703CAFA0666\r\nParentProcessGuid: {e12a69d9-1f98-6abf-0b00-000000001700}\r\nParentProcessId: 684\r\nParentImage: C:\\Windows\\System32\\services.exe\r\nParentCommandLine: C:\\Windows\\system32\\services.exe\r\nParentUser: NT AUTHORITY\\SYSTEM\""},"eventdata":{"utcTime":"2026-10-02 03:06:01.322","processGuid":"{e12a69d9-1f99-6abf-2200-000000001700}","processId":"1700","image":"C:\\\\Windows\\\\System32\\\\svchost.exe","fileVersion":"10.0.19041.5794 (WinBuild.160101.0800)","description":"Host Process for Windows Services","product":"Microsoft® Windows® Operating System","company":"Microsoft Corporation","originalFileName":"svchost.exe","commandLine":"C:\\\\Windows\\\\system32\\\\svchost.exe -k appmodel -p","currentDirectory":"C:\\\\Windows\\\\system32\\\\","user":"NT AUTHORITY\\\\SYSTEM","logonGuid":"{e12a69d9-1f98-6abf-e703-000000000000}","logonId":"0x3e7","terminalSessionId":"0","integrityLevel":"System","hashes":"MD5=3D1034D6ED3DAED60816A25C561E8C83,SHA256=B0B36BFF7AE4057F687D839CD4B3D81159AB646F1EE1B22106A927E93DECBB61,IMPHASH=F9BBD96FAE53B7A31264A703CAFA0666","parentProcessGuid":"{e12a69d9-1f98-6abf-0b00-000000001700}","parentProcessId":"684","parentImage":"C:\\\\Windows\\\\System32\\\\services.exe","parentCommandLine":"C:\\\\Windows\\\\system32\\\\services.exe","parentUser":"NT AUTHORITY\\\\SYSTEM"}}},"location":"EventChannel"}
{"timestamp":"2026-10-02T03:06:32.857+0000","agent":{"id":"001","name":"SOC-WIN10","ip":"192.168.50.20"},"manager":{"name":"soc-wazuh"},"id":"1790910392.42705","full_log":"{\"win\":{\"system\":{\"providerName\":\"Microsoft-Windows-Sysmon\",\"providerGuid\":\"{5770385f-c22a-43e0-bf4c-06f5698ffbd9}\",\"eventID\":\"1\",\"version\":\"5\",\"level\":\"4\",\"task\":\"1\",\"opcode\":\"0\",\"keywords\":\"0x8000000000000000\",\"systemTime\":\"2026-10-02T03:06:05.7082812Z\",\"eventRecordID\":\"11237\",\"processID\":\"2140\",\"threadID\":\"4056\",\"channel\":\"Microsoft-Windows-Sysmon/Operational\",\"computer\":\"WIN10-01.SOC-LAB.LOCAL\",\"severityValue\":\"INFORMATION\",\"message\":\"\\\"Process Create:\\r\\nRuleName: -\\r\\nUtcTime: 2026-10-02 03:06:01.518\\r\\nProcessGuid: {e12a69d9-1f99-6abf-2300-000000001700}\\r\\nProcessId: 1840\\r\\nImage: C:\\\\Windows\\\\System32\\\\spoolsv.exe\\r\\nFileVersion: 10.0.19041.6093 (WinBuild.160101.0800)\\r\\nDescription: Spooler SubSystem App\\r\\nProduct: Microsoft® Windows® Operating System\\r\\nCompany: Microsoft Corporation\\r\\nOriginalFileName: spoolsv.exe\\r\\nCommandLine: C:\\\\Windows\\\\System32\\\\spoolsv.exe\\r\\nCurrentDirectory: C:\\\\Windows\\\\system32\\\\\\r\\nUser: NT AUTHORITY\\\\SYSTEM\\r\\nLogonGuid: {e12a69d9-1f98-6abf-e703-000000000000}\\r\\nLogonId: 0x3E7\\r\\nTerminalSessionId: 0\\r\\nIntegrityLevel: System\\r\\nHashes: MD5=546940129E94FCBCB6E0044A99A0097F,SHA256=6574A65649A3F1776702CDC32BDEEDF27FD6CBACF4DFD3FAB457FC9657D342B4,IMPHASH=B7BAD4E80A80DEB2E8D9853EA9274F80\\r\\nParentProcessGuid: {e12a69d9-1f98-6abf-0b00-000000001700}\\r\\nParentProcessId: 684\\r\\nParentImage: C:\\\\Windows\\\\System32\\\\services.exe\\r\\nParentCommandLine: C:\\\\Windows\\\\system32\\\\services.exe\\r\\nParentUser: NT AUTHORITY\\\\SYSTEM\\\"\"},\"eventdata\":{\"utcTime\":\"2026-10-02 03:06:01.518\",\"processGuid\":\"{e12a69d9-1f99-6abf-2300-000000001700}\",\"processId\":\"1840\",\"image\":\"C:\\\\\\\\Windows\\\\\\\\System32\\\\\\\\spoolsv.exe\",\"fileVersion\":\"10.0.19041.6093 (WinBuild.160101.0800)\",\"description\":\"Spooler SubSystem App\",\"product\":\"Microsoft® Windows® Operating System\",\"company\":\"Microsoft Corporation\",\"originalFileName\":\"spoolsv.exe\",\"commandLine\":\"C:\\\\\\\\Windows\\\\\\\\System32\\\\\\\\spoolsv.exe\",\"currentDirectory\":\"C:\\\\\\\\Windows\\\\\\\\system32\\\\\\\\\",\"user\":\"NT AUTHORITY\\\\\\\\SYSTEM\",\"logonGuid\":\"{e12a69d9-1f98-6abf-e703-000000000000}\",\"logonId\":\"0x3e7\",\"terminalSessionId\":\"0\",\"integrityLevel\":\"System\",\"hashes\":\"MD5=546940129E94FCBCB6E0044A99A0097F,SHA256=6574A65649A3F1776702CDC32BDEEDF27FD6CBACF4DFD3FAB457FC9657D342B4,IMPHASH=B7BAD4E80A80DEB2E8D9853EA9274F80\",\"parentProcessGuid\":\"{e12a69d9-1f98-6abf-0b00-000000001700}\",\"parentProcessId\":\"684\",\"parentImage\":\"C:\\\\\\\\Windows\\\\\\\\System32\\\\\\\\services.exe\",\"parentCommandLine\":\"C:\\\\\\\\Windows\\\\\\\\system32\\\\\\\\services.exe\",\"parentUser\":\"NT AUTHORITY\\\\\\\\SYSTEM\"}}}","decoder":{"name":"windows_eventchannel"},"data":{"win":{"system":{"providerName":"Microsoft-Windows-Sysmon","providerGuid":"{5770385f-c22a-43e0-bf4c-06f5698ffbd9}","eventID":"1","version":"5","level":"4","task":"1","opcode":"0","keywords":"0x8000000000000000","systemTime":"2026-10-02T03:06:05.7082812Z","eventRecordID":"11237","processID":"2140","threadID":"4056","channel":"Microsoft-Windows-Sysmon/Operational","computer":"WIN10-01.SOC-LAB.LOCAL","severityValue":"INFORMATION","message":"\"Process Create:\r\nRuleName: -\r\nUtcTime: 2026-10-02 03:06:01.518\r\nProcessGuid: {e12a69d9-1f99-6abf-2300-000000001700}\r\nProcessId: 1840\r\nImage: C:\\Windows\\System32\\spoolsv.exe\r\nFileVersion: 10.0.19041.6093 (WinBuild.160101.0800)\r\nDescription: Spooler SubSystem App\r\nProduct: Microsoft® Windows® Operating System\r\nCompany: Microsoft Corporation\r\nOriginalFileName: spoolsv.exe\r\nCommandLine: C:\\Windows\\System32\\spoolsv.exe\r\nCurrentDirectory: C:\\Windows\\system32\\\r\nUser: NT AUTHORITY\\SYSTEM\r\nLogonGuid: {e12a69d9-1f98-6abf-e703-000000000000}\r\nLogonId: 0x3E7\r\nTerminalSessionId: 0\r\nIntegrityLevel: System\r\nHashes: MD5=546940129E94FCBCB6E0044A99A0097F,SHA256=6574A65649A3F1776702CDC32BDEEDF27FD6CBACF4DFD3FAB457FC9657D342B4,IMPHASH=B7BAD4E80A80DEB2E8D9853EA9274F80\r\nParentProcessGuid: {e12a69d9-1f98-6abf-0b00-000000001700}\r\nParentProcessId: 684\r\nParentImage: C:\\Windows\\System32\\services.exe\r\nParentCommandLine: C:\\Windows\\system32\\services.exe\r\nParentUser: NT AUTHORITY\\SYSTEM\""},"eventdata":{"utcTime":"2026-10-02 03:06:01.518","processGuid":"{e12a69d9-1f99-6abf-2300-000000001700}","processId":"1840","image":"C:\\\\Windows\\\\System32\\\\spoolsv.exe","fileVersion":"10.0.19041.6093 (WinBuild.160101.0800)","description":"Spooler SubSystem App","product":"Microsoft® Windows® Operating System","company":"Microsoft Corporation","originalFileName":"spoolsv.exe","commandLine":"C:\\\\Windows\\\\System32\\\\spoolsv.exe","currentDirectory":"C:\\\\Windows\\\\system32\\\\","user":"NT AUTHORITY\\\\SYSTEM","logonGuid":"{e12a69d9-1f98-6abf-e703-000000000000}","logonId":"0x3e7","terminalSessionId":"0","integrityLevel":"System","hashes":"MD5=546940129E94FCBCB6E0044A99A0097F,SHA256=6574A65649A3F1776702CDC32BDEEDF27FD6CBACF4DFD3FAB457FC9657D342B4,IMPHASH=B7BAD4E80A80DEB2E8D9853EA9274F80","parentProcessGuid":"{e12a69d9-1f98-6abf-0b00-000000001700}","parentProcessId":"684","parentImage":"C:\\\\Windows\\\\System32\\\\services.exe","parentCommandLine":"C:\\\\Windows\\\\system32\\\\services.exe","parentUser":"NT AUTHORITY\\\\SYSTEM"}}},"location":"EventChannel"}
{"timestamp":"2026-10-02T03:06:32.861+0000","agent":{"id":"001","name":"SOC-WIN10","ip":"192.168.50.20"},"manager":{"name":"soc-wazuh"},"id":"1790910392.42705","full_log":"{\"win\":{\"system\":{\"providerName\":\"Microsoft-Windows-Sysmon\",\"providerGuid\":\"{5770385f-c22a-43e0-bf4c-06f5698ffbd9}\",\"eventID\":\"1\",\"version\":\"5\",\"level\":\"4\",\"task\":\"1\",\"opcode\":\"0\",\"keywords\":\"0x8000000000000000\",\"systemTime\":\"2026-10-02T03:06:05.7097974Z\",\"eventRecordID\":\"11238\",\"processID\":\"2140\",\"threadID\":\"4056\",\"channel\":\"Microsoft-Windows-Sysmon/Operational\",\"computer\":\"WIN10-01.SOC-LAB.LOCAL\",\"severityValue\":\"INFORMATION\",\"message\":\"\\\"Process Create:\\r\\nRuleName: -\\r\\nUtcTime: 2026-10-02 03:06:01.653\\r\\nProcessGuid: {e12a69d9-1f99-6abf-2400-000000001700}\\r\\nProcessId: 2028\\r\\nImage: C:\\\\Program Files (x86)\\\\SPICE Guest Tools\\\\drivers\\\\Balloon\\\\w10\\\\amd64\\\\blnsvr.exe\\r\\nFileVersion: -\\r\\nDescription: -\\r\\nProduct: -\\r\\nCompany: -\\r\\nOriginalFileName: -\\r\\nCommandLine: \\\"C:\\\\Program Files (x86)\\\\SPICE Guest Tools\\\\drivers\\\\Balloon\\\\w10\\\\amd64\\\\blnsvr.exe\\\"\\r\\nCurrentDirectory: C:\\\\Windows\\\\system32\\\\\\r\\nUser: NT AUTHORITY\\\\SYSTEM\\r\\nLogonGuid: {e12a69d9-1f98-6abf-e703-000000000000}\\r\\nLogonId: 0x3E7\\r\\nTerminalSessionId: 0\\r\\nIntegrityLevel: System\\r\\nHashes: MD5=48978181C6BC5711B69FE170E7496DEE,SHA256=9CF2A9B6897C681F46796CDE04971591D5376AB1EA6F4CF5411957DC0EB15A71,IMPHASH=F558B3AC0E0C2D2AC15966101A425225\\r\\nParentProcessGuid: {e12a69d9-1f98-6abf-0b00-000000001700}\\r\\nParentProcessId: 684\\r\\nParentImage: C:\\\\Windows\\\\System32\\\\services.exe\\r\\nParentCommandLine: C:\\\\Windows\\\\system32\\\\services.exe\\r\\nParentUser: NT AUTHORITY\\\\SYSTEM\\\"\"},\"eventdata\":{\"utcTime\":\"2026-10-02 03:06:01.653\",\"processGuid\":\"{e12a69d9-1f99-6abf-2400-000000001700}\",\"processId\":\"2028\",\"image\":\"C:\\\\\\\\Program Files (x86)\\\\\\\\SPICE Guest Tools\\\\\\\\drivers\\\\\\\\Balloon\\\\\\\\w10\\\\\\\\amd64\\\\\\\\blnsvr.exe\",\"commandLine\":\"\\\\\\\"C:\\\\\\\\Program Files (x86)\\\\\\\\SPICE Guest Tools\\\\\\\\drivers\\\\\\\\Balloon\\\\\\\\w10\\\\\\\\amd64\\\\\\\\blnsvr.exe\\\\\\\"\",\"currentDirectory\":\"C:\\\\\\\\Windows\\\\\\\\system32\\\\\\\\\",\"user\":\"NT AUTHORITY\\\\\\\\SYSTEM\",\"logonGuid\":\"{e12a69d9-1f98-6abf-e703-000000000000}\",\"logonId\":\"0x3e7\",\"terminalSessionId\":\"0\",\"integrityLevel\":\"System\",\"hashes\":\"MD5=48978181C6BC5711B69FE170E7496DEE,SHA256=9CF2A9B6897C681F46796CDE04971591D5376AB1EA6F4CF5411957DC0EB15A71,IMPHASH=F558B3AC0E0C2D2AC15966101A425225\",\"parentProcessGuid\":\"{e12a69d9-1f98-6abf-0b00-000000001700}\",\"parentProcessId\":\"684\",\"parentImage\":\"C:\\\\\\\\Windows\\\\\\\\System32\\\\\\\\services.exe\",\"parentCommandLine\":\"C:\\\\\\\\Windows\\\\\\\\system32\\\\\\\\services.exe\",\"parentUser\":\"NT AUTHORITY\\\\\\\\SYSTEM\"}}}","decoder":{"name":"windows_eventchannel"},"data":{"win":{"system":{"providerName":"Microsoft-Windows-Sysmon","providerGuid":"{5770385f-c22a-43e0-bf4c-06f5698ffbd9}","eventID":"1","version":"5","level":"4","task":"1","opcode":"0","keywords":"0x8000000000000000","systemTime":"2026-10-02T03:06:05.7097974Z","eventRecordID":"11238","processID":"2140","threadID":"4056","channel":"Microsoft-Windows-Sysmon/Operational","computer":"WIN10-01.SOC-LAB.LOCAL","severityValue":"INFORMATION","message":"\"Process Create:\r\nRuleName: -\r\nUtcTime: 2026-10-02 03:06:01.653\r\nProcessGuid: {e12a69d9-1f99-6abf-2400-000000001700}\r\nProcessId: 2028\r\nImage: C:\\Program Files (x86)\\SPICE Guest Tools\\drivers\\Balloon\\w10\\amd64\\blnsvr.exe\r\nFileVersion: -\r\nDescription: -\r\nProduct: -\r\nCompany: -\r\nOriginalFileName: -\r\nCommandLine: \"C:\\Program Files (x86)\\SPICE Guest Tools\\drivers\\Balloon\\w10\\amd64\\blnsvr.exe\"\r\nCurrentDirectory: C:\\Windows\\system32\\\r\nUser: NT AUTHORITY\\SYSTEM\r\nLogonGuid: {e12a69d9-1f98-6abf-e703-000000000000}\r\nLogonId: 0x3E7\r\nTerminalSessionId: 0\r\nIntegrityLevel: System\r\nHashes: MD5=48978181C6BC5711B69FE170E7496DEE,SHA256=9CF2A9B6897C681F46796CDE04971591D5376AB1EA6F4CF5411957DC0EB15A71,IMPHASH=F558B3AC0E0C2D2AC15966101A425225\r\nParentProcessGuid: {e12a69d9-1f98-6abf-0b00-000000001700}\r\nParentProcessId: 684\r\nParentImage: C:\\Windows\\System32\\services.exe\r\nParentCommandLine: C:\\Windows\\system32\\services.exe\r\nParentUser: NT AUTHORITY\\SYSTEM\""},"eventdata":{"utcTime":"2026-10-02 03:06:01.653","processGuid":"{e12a69d9-1f99-6abf-2400-000000001700}","processId":"2028","image":"C:\\\\Program Files (x86)\\\\SPICE Guest Tools\\\\drivers\\\\Balloon\\\\w10\\\\amd64\\\\blnsvr.exe","commandLine":"\\\"C:\\\\Program Files (x86)\\\\SPICE Guest Tools\\\\drivers\\\\Balloon\\\\w10\\\\amd64\\\\blnsvr.exe\\\"","currentDirectory":"C:\\\\Windows\\\\system32\\\\","user":"NT AUTHORITY\\\\SYSTEM","logonGuid":"{e12a69d9-1f98-6abf-e703-000000000000}","logonId":"0x3e7","terminalSessionId":"0","integrityLevel":"System","hashes":"MD5=48978181C6BC5711B69FE170E7496DEE,SHA256=9CF2A9B6897C681F46796CDE04971591D5376AB1EA6F4CF5411957DC0EB15A71,IMPHASH=F558B3AC0E0C2D2AC15966101A425225","parentProcessGuid":"{e12a69d9-1f98-6abf-0b00-000000001700}","parentProcessId":"684","parentImage":"C:\\\\Windows\\\\System32\\\\services.exe","parentCommandLine":"C:\\\\Windows\\\\system32\\\\services.exe","parentUser":"NT AUTHORITY\\\\SYSTEM"}}},"location":"EventChannel"}
