{"timestamp":"2026-10-07T05:34:13.667+0000","rule":{"level":15,"description":"Executable file dropped in folder commonly used by malware","id":"92213","mitre":{"id":["T1105"],"tactic":["Command and Control"],"technique":["Ingress Tool Transfer"]},"firedtimes":1,"mail":true,"groups":["sysmon","sysmon_eid11_detections","windows"]},"agent":{"id":"001","name":"SOC-WIN10","ip":"192.168.50.20"},"manager":{"name":"soc-wazuh"},"id":"1791351253.955380","full_log":"{\"win\":{\"system\":{\"providerName\":\"Microsoft-Windows-Sysmon\",\"providerGuid\":\"{5770385f-c22a-43e0-bf4c-06f5698ffbd9}\",\"eventID\":\"11\",\"version\":\"2\",\"level\":\"4\",\"task\":\"11\",\"opcode\":\"0\",\"keywords\":\"0x8000000000000000\",\"systemTime\":\"2026-10-07T05:34:11.9487304Z\",\"eventRecordID\":\"17276\",\"processID\":\"2128\",\"threadID\":\"2972\",\"channel\":\"Microsoft-Windows-Sysmon/Operational\",\"computer\":\"WIN10-01.SOC-LAB.LOCAL\",\"severityValue\":\"INFORMATION\",\"message\":\"\\\"File created:\\r\\nRuleName: DLL\\r\\nUtcTime: 2026-10-07 05:34:11.942\\r\\nProcessGuid: {e12a69d9-d5b4-6ac5-a201-000000001f00}\\r\\nProcessId: 756\\r\\nImage: C:\\\\Windows\\\\System32\\\\WindowsPowerShell\\\\v1.0\\\\powershell.exe\\r\\nTargetFilename: C:\\\\Users\\\\localadmin\\\\AppData\\\\Local\\\\Temp\\\\SOC-INC002-AFTER-20261007T053411Z-msedgewebview2.exe.dll\\r\\nCreationUtcTime: 2026-10-07 05:34:11.942\\r\\nUser: WIN10-01\\\\localadmin\\\"\"},\"eventdata\":{\"ruleName\":\"DLL\",\"utcTime\":\"2026-10-07 05:34:11.942\",\"processGuid\":\"{e12a69d9-d5b4-6ac5-a201-000000001f00}\",\"processId\":\"756\",\"image\":\"C:\\\\\\\\Windows\\\\\\\\System32\\\\\\\\WindowsPowerShell\\\\\\\\v1.0\\\\\\\\powershell.exe\",\"targetFilename\":\"C:\\\\\\\\Users\\\\\\\\localadmin\\\\\\\\AppData\\\\\\\\Local\\\\\\\\Temp\\\\\\\\SOC-INC002-AFTER-20261007T053411Z-msedgewebview2.exe.dll\",\"creationUtcTime\":\"2026-10-07 05:34:11.942\",\"user\":\"WIN10-01\\\\\\\\localadmin\"}}}","decoder":{"name":"windows_eventchannel"},"data":{"win":{"system":{"providerName":"Microsoft-Windows-Sysmon","providerGuid":"{5770385f-c22a-43e0-bf4c-06f5698ffbd9}","eventID":"11","version":"2","level":"4","task":"11","opcode":"0","keywords":"0x8000000000000000","systemTime":"2026-10-07T05:34:11.9487304Z","eventRecordID":"17276","processID":"2128","threadID":"2972","channel":"Microsoft-Windows-Sysmon/Operational","computer":"WIN10-01.SOC-LAB.LOCAL","severityValue":"INFORMATION","message":"\"File created:\r\nRuleName: DLL\r\nUtcTime: 2026-10-07 05:34:11.942\r\nProcessGuid: {e12a69d9-d5b4-6ac5-a201-000000001f00}\r\nProcessId: 756\r\nImage: C:\\Windows\\System32\\WindowsPowerShell\\v1.0\\powershell.exe\r\nTargetFilename: C:\\Users\\localadmin\\AppData\\Local\\Temp\\SOC-INC002-AFTER-20261007T053411Z-msedgewebview2.exe.dll\r\nCreationUtcTime: 2026-10-07 05:34:11.942\r\nUser: WIN10-01\\localadmin\""},"eventdata":{"ruleName":"DLL","utcTime":"2026-10-07 05:34:11.942","processGuid":"{e12a69d9-d5b4-6ac5-a201-000000001f00}","processId":"756","image":"C:\\\\Windows\\\\System32\\\\WindowsPowerShell\\\\v1.0\\\\powershell.exe","targetFilename":"C:\\\\Users\\\\localadmin\\\\AppData\\\\Local\\\\Temp\\\\SOC-INC002-AFTER-20261007T053411Z-msedgewebview2.exe.dll","creationUtcTime":"2026-10-07 05:34:11.942","user":"WIN10-01\\\\localadmin"}}},"location":"EventChannel"}
{"timestamp":"2026-10-07T05:34:13.710+0000","rule":{"level":15,"description":"Executable file dropped in folder commonly used by malware","id":"92213","mitre":{"id":["T1105"],"tactic":["Command and Control"],"technique":["Ingress Tool Transfer"]},"firedtimes":2,"mail":true,"groups":["sysmon","sysmon_eid11_detections","windows"]},"agent":{"id":"001","name":"SOC-WIN10","ip":"192.168.50.20"},"manager":{"name":"soc-wazuh"},"id":"1791351253.958308","full_log":"{\"win\":{\"system\":{\"providerName\":\"Microsoft-Windows-Sysmon\",\"providerGuid\":\"{5770385f-c22a-43e0-bf4c-06f5698ffbd9}\",\"eventID\":\"11\",\"version\":\"2\",\"level\":\"4\",\"task\":\"11\",\"opcode\":\"0\",\"keywords\":\"0x8000000000000000\",\"systemTime\":\"2026-10-07T05:34:11.9536047Z\",\"eventRecordID\":\"17277\",\"processID\":\"2128\",\"threadID\":\"2972\",\"channel\":\"Microsoft-Windows-Sysmon/Operational\",\"computer\":\"WIN10-01.SOC-LAB.LOCAL\",\"severityValue\":\"INFORMATION\",\"message\":\"\\\"File created:\\r\\nRuleName: DLL\\r\\nUtcTime: 2026-10-07 05:34:11.942\\r\\nProcessGuid: {e12a69d9-d5b4-6ac5-a201-000000001f00}\\r\\nProcessId: 756\\r\\nImage: C:\\\\Windows\\\\System32\\\\WindowsPowerShell\\\\v1.0\\\\powershell.exe\\r\\nTargetFilename: C:\\\\Users\\\\localadmin\\\\AppData\\\\Local\\\\Temp\\\\SOC-INC002-AFTER-20261007T053411Z-control.dll\\r\\nCreationUtcTime: 2026-10-07 05:34:11.942\\r\\nUser: WIN10-01\\\\localadmin\\\"\"},\"eventdata\":{\"ruleName\":\"DLL\",\"utcTime\":\"2026-10-07 05:34:11.942\",\"processGuid\":\"{e12a69d9-d5b4-6ac5-a201-000000001f00}\",\"processId\":\"756\",\"image\":\"C:\\\\\\\\Windows\\\\\\\\System32\\\\\\\\WindowsPowerShell\\\\\\\\v1.0\\\\\\\\powershell.exe\",\"targetFilename\":\"C:\\\\\\\\Users\\\\\\\\localadmin\\\\\\\\AppData\\\\\\\\Local\\\\\\\\Temp\\\\\\\\SOC-INC002-AFTER-20261007T053411Z-control.dll\",\"creationUtcTime\":\"2026-10-07 05:34:11.942\",\"user\":\"WIN10-01\\\\\\\\localadmin\"}}}","decoder":{"name":"windows_eventchannel"},"data":{"win":{"system":{"providerName":"Microsoft-Windows-Sysmon","providerGuid":"{5770385f-c22a-43e0-bf4c-06f5698ffbd9}","eventID":"11","version":"2","level":"4","task":"11","opcode":"0","keywords":"0x8000000000000000","systemTime":"2026-10-07T05:34:11.9536047Z","eventRecordID":"17277","processID":"2128","threadID":"2972","channel":"Microsoft-Windows-Sysmon/Operational","computer":"WIN10-01.SOC-LAB.LOCAL","severityValue":"INFORMATION","message":"\"File created:\r\nRuleName: DLL\r\nUtcTime: 2026-10-07 05:34:11.942\r\nProcessGuid: {e12a69d9-d5b4-6ac5-a201-000000001f00}\r\nProcessId: 756\r\nImage: C:\\Windows\\System32\\WindowsPowerShell\\v1.0\\powershell.exe\r\nTargetFilename: C:\\Users\\localadmin\\AppData\\Local\\Temp\\SOC-INC002-AFTER-20261007T053411Z-control.dll\r\nCreationUtcTime: 2026-10-07 05:34:11.942\r\nUser: WIN10-01\\localadmin\""},"eventdata":{"ruleName":"DLL","utcTime":"2026-10-07 05:34:11.942","processGuid":"{e12a69d9-d5b4-6ac5-a201-000000001f00}","processId":"756","image":"C:\\\\Windows\\\\System32\\\\WindowsPowerShell\\\\v1.0\\\\powershell.exe","targetFilename":"C:\\\\Users\\\\localadmin\\\\AppData\\\\Local\\\\Temp\\\\SOC-INC002-AFTER-20261007T053411Z-control.dll","creationUtcTime":"2026-10-07 05:34:11.942","user":"WIN10-01\\\\localadmin"}}},"location":"EventChannel"}
