{"line_no":599,"timestamp":"2026-10-02T03:15:34.025+0000","event_id":"13","channel":"Microsoft-Windows-Sysmon/Operational","image_name":"svchost.exe","parent_image_name":"","command_line":"","target_filename":"","registry_target_object":"\\\\REGISTRY\\\\A\\\\{b8171cb7-3894-cd12-532c-298836c8db35}\\\\Root\\\\InventoryApplicationFile\\\\ping.exe|35b40d95092b2146\\\\LinkDate","dns_query_name":"","powershell_encoded":0,"powershell_plain_command":0,"is_browser":0,"browser_gpu_process":0,"browser_renderer":0,"browser_utility":0,"base64_like_non_browser":0,"parent_same_image":0,"parent_is_wazuh_agent":0,"command_length_log":0.0,"command_length_bucket":"none"}
{"line_no":600,"timestamp":"2026-10-02T03:15:34.039+0000","event_id":"13","channel":"Microsoft-Windows-Sysmon/Operational","image_name":"svchost.exe","parent_image_name":"","command_line":"","target_filename":"","registry_target_object":"\\\\REGISTRY\\\\A\\\\{b8171cb7-3894-cd12-532c-298836c8db35}\\\\Root\\\\InventoryApplicationFile\\\\ping.exe|35b40d95092b2146\\\\BinProductVersion","dns_query_name":"","powershell_encoded":0,"powershell_plain_command":0,"is_browser":0,"browser_gpu_process":0,"browser_renderer":0,"browser_utility":0,"base64_like_non_browser":0,"parent_same_image":0,"parent_is_wazuh_agent":0,"command_length_log":0.0,"command_length_bucket":"none"}
{"line_no":601,"timestamp":"2026-10-02T03:16:10.880+0000","event_id":"1","channel":"Microsoft-Windows-Sysmon/Operational","image_name":"mpcmdrun.exe","parent_image_name":"msmpeng.exe","command_line":"\\\"C:\\\\ProgramData\\\\Microsoft\\\\Windows Defender\\\\platform\\\\4.18.26080.4-0\\\\MpCmdRun.exe\\\" SignatureUpdate -ScheduleJob -RestrictPrivileges","target_filename":"","registry_target_object":"","dns_query_name":"","powershell_encoded":0,"powershell_plain_command":0,"is_browser":0,"browser_gpu_process":0,"browser_renderer":0,"browser_utility":0,"base64_like_non_browser":0,"parent_same_image":0,"parent_is_wazuh_agent":0,"command_length_log":4.927253685157205,"command_length_bucket":"medium"}
{"line_no":602,"timestamp":"2026-10-02T03:16:12.741+0000","event_id":"1","channel":"Microsoft-Windows-Sysmon/Operational","image_name":"mpcmdrun.exe","parent_image_name":"msmpeng.exe","command_line":"\\\"C:\\\\ProgramData\\\\Microsoft\\\\Windows Defender\\\\platform\\\\4.18.26080.4-0\\\\MpCmdRun.exe\\\" SignaturesUpdateService -ScheduleJob -UnmanagedUpdate","target_filename":"","registry_target_object":"","dns_query_name":"","powershell_encoded":0,"powershell_plain_command":0,"is_browser":0,"browser_gpu_process":0,"browser_renderer":0,"browser_utility":0,"base64_like_non_browser":0,"parent_same_image":0,"parent_is_wazuh_agent":0,"command_length_log":4.962844630259907,"command_length_bucket":"medium"}
{"line_no":603,"timestamp":"2026-10-02T03:16:17.216+0000","event_id":"1129","channel":"System","image_name":"","parent_image_name":"","command_line":"","target_filename":"","registry_target_object":"","dns_query_name":"","powershell_encoded":0,"powershell_plain_command":0,"is_browser":0,"browser_gpu_process":0,"browser_renderer":0,"browser_utility":0,"base64_like_non_browser":0,"parent_same_image":0,"parent_is_wazuh_agent":0,"command_length_log":0.0,"command_length_bucket":"none"}
{"line_no":604,"timestamp":"2026-10-02T03:16:17.229+0000","event_id":"1129","channel":"System","image_name":"","parent_image_name":"","command_line":"","target_filename":"","registry_target_object":"","dns_query_name":"","powershell_encoded":0,"powershell_plain_command":0,"is_browser":0,"browser_gpu_process":0,"browser_renderer":0,"browser_utility":0,"base64_like_non_browser":0,"parent_same_image":0,"parent_is_wazuh_agent":0,"command_length_log":0.0,"command_length_bucket":"none"}
{"line_no":605,"timestamp":"2026-10-02T03:16:17.264+0000","event_id":"1129","channel":"System","image_name":"","parent_image_name":"","command_line":"","target_filename":"","registry_target_object":"","dns_query_name":"","powershell_encoded":0,"powershell_plain_command":0,"is_browser":0,"browser_gpu_process":0,"browser_renderer":0,"browser_utility":0,"base64_like_non_browser":0,"parent_same_image":0,"parent_is_wazuh_agent":0,"command_length_log":0.0,"command_length_bucket":"none"}
{"line_no":606,"timestamp":"2026-10-02T03:16:17.265+0000","event_id":"1129","channel":"System","image_name":"","parent_image_name":"","command_line":"","target_filename":"","registry_target_object":"","dns_query_name":"","powershell_encoded":0,"powershell_plain_command":0,"is_browser":0,"browser_gpu_process":0,"browser_renderer":0,"browser_utility":0,"base64_like_non_browser":0,"parent_same_image":0,"parent_is_wazuh_agent":0,"command_length_log":0.0,"command_length_bucket":"none"}
{"line_no":607,"timestamp":"2026-10-02T03:16:17.265+0000","event_id":"1500","channel":"System","image_name":"","parent_image_name":"","command_line":"","target_filename":"","registry_target_object":"","dns_query_name":"","powershell_encoded":0,"powershell_plain_command":0,"is_browser":0,"browser_gpu_process":0,"browser_renderer":0,"browser_utility":0,"base64_like_non_browser":0,"parent_same_image":0,"parent_is_wazuh_agent":0,"command_length_log":0.0,"command_length_bucket":"none"}
{"line_no":608,"timestamp":"2026-10-02T03:16:17.277+0000","event_id":"1501","channel":"System","image_name":"","parent_image_name":"","command_line":"","target_filename":"","registry_target_object":"","dns_query_name":"","powershell_encoded":0,"powershell_plain_command":0,"is_browser":0,"browser_gpu_process":0,"browser_renderer":0,"browser_utility":0,"base64_like_non_browser":0,"parent_same_image":0,"parent_is_wazuh_agent":0,"command_length_log":0.0,"command_length_bucket":"none"}
{"line_no":609,"timestamp":"2026-10-02T03:16:17.525+0000","event_id":"4624","channel":"Security","image_name":"","parent_image_name":"","command_line":"","target_filename":"","registry_target_object":"","dns_query_name":"","powershell_encoded":0,"powershell_plain_command":0,"is_browser":0,"browser_gpu_process":0,"browser_renderer":0,"browser_utility":0,"base64_like_non_browser":0,"parent_same_image":0,"parent_is_wazuh_agent":0,"command_length_log":0.0,"command_length_bucket":"none"}
{"line_no":610,"timestamp":"2026-10-02T03:16:17.539+0000","event_id":"4672","channel":"Security","image_name":"","parent_image_name":"","command_line":"","target_filename":"","registry_target_object":"","dns_query_name":"","powershell_encoded":0,"powershell_plain_command":0,"is_browser":0,"browser_gpu_process":0,"browser_renderer":0,"browser_utility":0,"base64_like_non_browser":0,"parent_same_image":0,"parent_is_wazuh_agent":0,"command_length_log":0.0,"command_length_bucket":"none"}
{"line_no":611,"timestamp":"2026-10-02T03:16:26.771+0000","event_id":"1","channel":"Microsoft-Windows-Sysmon/Operational","image_name":"clipesuconsumer.exe","parent_image_name":"svchost.exe","command_line":"\\\"C:\\\\Windows\\\\system32\\\\ClipESUConsumer.exe\\\" -evaluateEligibility","target_filename":"","registry_target_object":"","dns_query_name":"","powershell_encoded":0,"powershell_plain_command":0,"is_browser":0,"browser_gpu_process":0,"browser_renderer":0,"browser_utility":0,"base64_like_non_browser":0,"parent_same_image":0,"parent_is_wazuh_agent":0,"command_length_log":4.219507705176107,"command_length_bucket":"short"}
{"line_no":612,"timestamp":"2026-10-02T03:16:26.786+0000","event_id":"1","channel":"Microsoft-Windows-Sysmon/Operational","image_name":"clipesu.exe","parent_image_name":"svchost.exe","command_line":"\\\"C:\\\\Windows\\\\system32\\\\clipesu.exe\\\"","target_filename":"","registry_target_object":"","dns_query_name":"","powershell_encoded":0,"powershell_plain_command":0,"is_browser":0,"browser_gpu_process":0,"browser_renderer":0,"browser_utility":0,"base64_like_non_browser":0,"parent_same_image":0,"parent_is_wazuh_agent":0,"command_length_log":3.6635616461296463,"command_length_bucket":"short"}
{"line_no":613,"timestamp":"2026-10-02T03:16:26.786+0000","event_id":"1","channel":"Microsoft-Windows-Sysmon/Operational","image_name":"onedrivelauncher.exe","parent_image_name":"svchost.exe","command_line":"\\\"C:\\\\Users\\\\nam.user\\\\AppData\\\\Local\\\\Microsoft\\\\OneDrive\\\\26.168.0830.0006\\\\OneDriveLauncher.exe\\\" /startInstances","target_filename":"","registry_target_object":"","dns_query_name":"","powershell_encoded":0,"powershell_plain_command":0,"is_browser":0,"browser_gpu_process":0,"browser_renderer":0,"browser_utility":0,"base64_like_non_browser":0,"parent_same_image":0,"parent_is_wazuh_agent":0,"command_length_log":4.762173934797756,"command_length_bucket":"medium"}
{"line_no":614,"timestamp":"2026-10-02T03:16:45.410+0000","event_id":"22","channel":"Microsoft-Windows-Sysmon/Operational","image_name":"onedrivelauncher.exe","parent_image_name":"","command_line":"","target_filename":"","registry_target_object":"","dns_query_name":"ecs.office.com","powershell_encoded":0,"powershell_plain_command":0,"is_browser":0,"browser_gpu_process":0,"browser_renderer":0,"browser_utility":0,"base64_like_non_browser":0,"parent_same_image":0,"parent_is_wazuh_agent":0,"command_length_log":0.0,"command_length_bucket":"none"}
{"line_no":615,"timestamp":"2026-10-02T03:16:47.729+0000","event_id":"1","channel":"Microsoft-Windows-Sysmon/Operational","image_name":"taskhostw.exe","parent_image_name":"svchost.exe","command_line":"taskhostw.exe -RegisterDevice -ProtectionStateChanged -FreeNetworkOnly","target_filename":"","registry_target_object":"","dns_query_name":"","powershell_encoded":0,"powershell_plain_command":0,"is_browser":0,"browser_gpu_process":0,"browser_renderer":0,"browser_utility":0,"base64_like_non_browser":0,"parent_same_image":0,"parent_is_wazuh_agent":0,"command_length_log":4.2626798770413155,"command_length_bucket":"short"}
{"line_no":616,"timestamp":"2026-10-02T03:16:50.307+0000","event_id":"15","channel":"Application","image_name":"","parent_image_name":"","command_line":"","target_filename":"","registry_target_object":"","dns_query_name":"","powershell_encoded":0,"powershell_plain_command":0,"is_browser":0,"browser_gpu_process":0,"browser_renderer":0,"browser_utility":0,"base64_like_non_browser":0,"parent_same_image":0,"parent_is_wazuh_agent":0,"command_length_log":0.0,"command_length_bucket":"none"}
{"line_no":617,"timestamp":"2026-10-02T03:16:57.427+0000","event_id":"5","channel":"Microsoft-Windows-Sysmon/Operational","image_name":"onedrivelauncher.exe","parent_image_name":"","command_line":"","target_filename":"","registry_target_object":"","dns_query_name":"","powershell_encoded":0,"powershell_plain_command":0,"is_browser":0,"browser_gpu_process":0,"browser_renderer":0,"browser_utility":0,"base64_like_non_browser":0,"parent_same_image":0,"parent_is_wazuh_agent":0,"command_length_log":0.0,"command_length_bucket":"none"}
{"line_no":618,"timestamp":"2026-10-02T03:16:57.685+0000","event_id":"153","channel":"System","image_name":"","parent_image_name":"","command_line":"","target_filename":"","registry_target_object":"","dns_query_name":"","powershell_encoded":0,"powershell_plain_command":0,"is_browser":0,"browser_gpu_process":0,"browser_renderer":0,"browser_utility":0,"base64_like_non_browser":0,"parent_same_image":0,"parent_is_wazuh_agent":0,"command_length_log":0.0,"command_length_bucket":"none"}
{"line_no":619,"timestamp":"2026-10-02T03:19:48.250+0000","event_id":"13","channel":"Microsoft-Windows-Sysmon/Operational","image_name":"explorer.exe","parent_image_name":"","command_line":"","target_filename":"","registry_target_object":"HKU\\\\S-1-5-21-1324826322-2293316327-2538204677-1108\\\\SOFTWARE\\\\Microsoft\\\\Windows\\\\CurrentVersion\\\\Explorer\\\\FileExts\\\\.exe\\\\OpenWithProgids\\\\exefile","dns_query_name":"","powershell_encoded":0,"powershell_plain_command":0,"is_browser":0,"browser_gpu_process":0,"browser_renderer":0,"browser_utility":0,"base64_like_non_browser":0,"parent_same_image":0,"parent_is_wazuh_agent":0,"command_length_log":0.0,"command_length_bucket":"none"}
{"line_no":620,"timestamp":"2026-10-02T04:50:16.988+0000","event_id":"1","channel":"Microsoft-Windows-Sysmon/Operational","image_name":"gpupdate.exe","parent_image_name":"svchost.exe","command_line":"\\\"gpupdate.exe\\\" /target:computer","target_filename":"","registry_target_object":"","dns_query_name":"","powershell_encoded":0,"powershell_plain_command":0,"is_browser":0,"browser_gpu_process":0,"browser_renderer":0,"browser_utility":0,"base64_like_non_browser":0,"parent_same_image":0,"parent_is_wazuh_agent":0,"command_length_log":3.5263605246161616,"command_length_bucket":"short"}
{"line_no":621,"timestamp":"2026-10-02T04:50:29.064+0000","event_id":"1129","channel":"System","image_name":"","parent_image_name":"","command_line":"","target_filename":"","registry_target_object":"","dns_query_name":"","powershell_encoded":0,"powershell_plain_command":0,"is_browser":0,"browser_gpu_process":0,"browser_renderer":0,"browser_utility":0,"base64_like_non_browser":0,"parent_same_image":0,"parent_is_wazuh_agent":0,"command_length_log":0.0,"command_length_bucket":"none"}
{"line_no":622,"timestamp":"2026-10-02T04:50:29.067+0000","event_id":"1500","channel":"System","image_name":"","parent_image_name":"","command_line":"","target_filename":"","registry_target_object":"","dns_query_name":"","powershell_encoded":0,"powershell_plain_command":0,"is_browser":0,"browser_gpu_process":0,"browser_renderer":0,"browser_utility":0,"base64_like_non_browser":0,"parent_same_image":0,"parent_is_wazuh_agent":0,"command_length_log":0.0,"command_length_bucket":"none"}
{"line_no":623,"timestamp":"2026-10-02T04:51:57.549+0000","event_id":"1","channel":"Microsoft-Windows-Sysmon/Operational","image_name":"whoami.exe","parent_image_name":"powershell.exe","command_line":"\\\"C:\\\\Windows\\\\system32\\\\whoami.exe\\\"","target_filename":"","registry_target_object":"","dns_query_name":"","powershell_encoded":0,"powershell_plain_command":0,"is_browser":0,"browser_gpu_process":0,"browser_renderer":0,"browser_utility":0,"base64_like_non_browser":0,"parent_same_image":0,"parent_is_wazuh_agent":0,"command_length_log":3.6375861597263857,"command_length_bucket":"short"}
{"line_no":624,"timestamp":"2026-10-02T04:51:57.563+0000","event_id":"1","channel":"Microsoft-Windows-Sysmon/Operational","image_name":"hostname.exe","parent_image_name":"powershell.exe","command_line":"\\\"C:\\\\Windows\\\\system32\\\\HOSTNAME.EXE\\\"","target_filename":"","registry_target_object":"","dns_query_name":"","powershell_encoded":0,"powershell_plain_command":0,"is_browser":0,"browser_gpu_process":0,"browser_renderer":0,"browser_utility":0,"base64_like_non_browser":0,"parent_same_image":0,"parent_is_wazuh_agent":0,"command_length_log":3.6888794541139363,"command_length_bucket":"short"}
{"line_no":625,"timestamp":"2026-10-02T04:51:57.564+0000","event_id":"1","channel":"Microsoft-Windows-Sysmon/Operational","image_name":"ipconfig.exe","parent_image_name":"powershell.exe","command_line":"\\\"C:\\\\Windows\\\\system32\\\\ipconfig.exe\\\"","target_filename":"","registry_target_object":"","dns_query_name":"","powershell_encoded":0,"powershell_plain_command":0,"is_browser":0,"browser_gpu_process":0,"browser_renderer":0,"browser_utility":0,"base64_like_non_browser":0,"parent_same_image":0,"parent_is_wazuh_agent":0,"command_length_log":3.6888794541139363,"command_length_bucket":"short"}
{"line_no":626,"timestamp":"2026-10-02T04:51:57.572+0000","event_id":"1","channel":"Microsoft-Windows-Sysmon/Operational","image_name":"tasklist.exe","parent_image_name":"powershell.exe","command_line":"\\\"C:\\\\Windows\\\\system32\\\\tasklist.exe\\\"","target_filename":"","registry_target_object":"","dns_query_name":"","powershell_encoded":0,"powershell_plain_command":0,"is_browser":0,"browser_gpu_process":0,"browser_renderer":0,"browser_utility":0,"base64_like_non_browser":0,"parent_same_image":0,"parent_is_wazuh_agent":0,"command_length_log":3.6888794541139363,"command_length_bucket":"short"}
{"line_no":627,"timestamp":"2026-10-02T04:51:57.605+0000","event_id":"1","channel":"Microsoft-Windows-Sysmon/Operational","image_name":"cmd.exe","parent_image_name":"powershell.exe","command_line":"\\\"C:\\\\Windows\\\\system32\\\\cmd.exe\\\" /c ver","target_filename":"","registry_target_object":"","dns_query_name":"","powershell_encoded":0,"powershell_plain_command":0,"is_browser":0,"browser_gpu_process":0,"browser_renderer":0,"browser_utility":0,"base64_like_non_browser":0,"parent_same_image":0,"parent_is_wazuh_agent":0,"command_length_log":3.7376696182833684,"command_length_bucket":"short"}
{"line_no":628,"timestamp":"2026-10-02T04:51:57.606+0000","event_id":"1","channel":"Microsoft-Windows-Sysmon/Operational","image_name":"cmd.exe","parent_image_name":"powershell.exe","command_line":"\\\"C:\\\\Windows\\\\system32\\\\cmd.exe\\\" /c echo SOC_BENIGN_V3","target_filename":"","registry_target_object":"","dns_query_name":"","powershell_encoded":0,"powershell_plain_command":0,"is_browser":0,"browser_gpu_process":0,"browser_renderer":0,"browser_utility":0,"base64_like_non_browser":0,"parent_same_image":0,"parent_is_wazuh_agent":0,"command_length_log":4.04305126783455,"command_length_bucket":"short"}
{"line_no":629,"timestamp":"2026-10-02T04:51:57.619+0000","event_id":"1","channel":"Microsoft-Windows-Sysmon/Operational","image_name":"cmd.exe","parent_image_name":"powershell.exe","command_line":"\\\"C:\\\\Windows\\\\system32\\\\cmd.exe\\\" /c dir C:\\\\","target_filename":"","registry_target_object":"","dns_query_name":"","powershell_encoded":0,"powershell_plain_command":0,"is_browser":0,"browser_gpu_process":0,"browser_renderer":0,"browser_utility":0,"base64_like_non_browser":0,"parent_same_image":0,"parent_is_wazuh_agent":0,"command_length_log":3.8501476017100584,"command_length_bucket":"short"}
{"line_no":630,"timestamp":"2026-10-02T04:51:57.650+0000","event_id":"11","channel":"Microsoft-Windows-Sysmon/Operational","image_name":"powershell.exe","parent_image_name":"","command_line":"","target_filename":"C:\\\\Users\\\\nam.user\\\\AppData\\\\Local\\\\Temp\\\\__PSScriptPolicyTest_55v5pnxb.d0b.ps1","registry_target_object":"","dns_query_name":"","powershell_encoded":0,"powershell_plain_command":0,"is_browser":0,"browser_gpu_process":0,"browser_renderer":0,"browser_utility":0,"base64_like_non_browser":0,"parent_same_image":0,"parent_is_wazuh_agent":0,"command_length_log":0.0,"command_length_bucket":"none"}
{"line_no":631,"timestamp":"2026-10-02T04:51:57.650+0000","event_id":"1","channel":"Microsoft-Windows-Sysmon/Operational","image_name":"powershell.exe","parent_image_name":"powershell.exe","command_line":"\\\"C:\\\\Windows\\\\System32\\\\WindowsPowerShell\\\\v1.0\\\\powershell.exe\\\" -NoProfile -Command Get-Date","target_filename":"","registry_target_object":"","dns_query_name":"","powershell_encoded":0,"powershell_plain_command":1,"is_browser":0,"browser_gpu_process":0,"browser_renderer":0,"browser_utility":0,"base64_like_non_browser":0,"parent_same_image":1,"parent_is_wazuh_agent":0,"command_length_log":4.564348191467836,"command_length_bucket":"medium"}
{"line_no":632,"timestamp":"2026-10-02T04:51:57.666+0000","event_id":"1","channel":"Microsoft-Windows-Sysmon/Operational","image_name":"powershell.exe","parent_image_name":"powershell.exe","command_line":"\\\"C:\\\\Windows\\\\System32\\\\WindowsPowerShell\\\\v1.0\\\\powershell.exe\\\" -NoProfile -Command Get-Location","target_filename":"","registry_target_object":"","dns_query_name":"","powershell_encoded":0,"powershell_plain_command":1,"is_browser":0,"browser_gpu_process":0,"browser_renderer":0,"browser_utility":0,"base64_like_non_browser":0,"parent_same_image":1,"parent_is_wazuh_agent":0,"command_length_log":4.605170185988092,"command_length_bucket":"medium"}
{"line_no":633,"timestamp":"2026-10-02T04:51:58.542+0000","event_id":"11","channel":"Microsoft-Windows-Sysmon/Operational","image_name":"powershell.exe","parent_image_name":"","command_line":"","target_filename":"C:\\\\Users\\\\nam.user\\\\AppData\\\\Local\\\\Temp\\\\__PSScriptPolicyTest_42rwmk3e.pcn.ps1","registry_target_object":"","dns_query_name":"","powershell_encoded":0,"powershell_plain_command":0,"is_browser":0,"browser_gpu_process":0,"browser_renderer":0,"browser_utility":0,"base64_like_non_browser":0,"parent_same_image":0,"parent_is_wazuh_agent":0,"command_length_log":0.0,"command_length_bucket":"none"}
{"line_no":634,"timestamp":"2026-10-02T04:51:58.544+0000","event_id":"1","channel":"Microsoft-Windows-Sysmon/Operational","image_name":"powershell.exe","parent_image_name":"powershell.exe","command_line":"\\\"C:\\\\Windows\\\\System32\\\\WindowsPowerShell\\\\v1.0\\\\powershell.exe\\\" -NoProfile -Command \\\"Get-Process | Select-Object -First 10\\\"","target_filename":"","registry_target_object":"","dns_query_name":"","powershell_encoded":0,"powershell_plain_command":1,"is_browser":0,"browser_gpu_process":0,"browser_renderer":0,"browser_utility":0,"base64_like_non_browser":0,"parent_same_image":1,"parent_is_wazuh_agent":0,"command_length_log":4.859812404361672,"command_length_bucket":"medium"}
{"line_no":635,"timestamp":"2026-10-02T04:51:58.556+0000","event_id":"11","channel":"Microsoft-Windows-Sysmon/Operational","image_name":"powershell.exe","parent_image_name":"","command_line":"","target_filename":"C:\\\\Users\\\\nam.user\\\\AppData\\\\Local\\\\Temp\\\\__PSScriptPolicyTest_v2q3g4qj.xdg.ps1","registry_target_object":"","dns_query_name":"","powershell_encoded":0,"powershell_plain_command":0,"is_browser":0,"browser_gpu_process":0,"browser_renderer":0,"browser_utility":0,"base64_like_non_browser":0,"parent_same_image":0,"parent_is_wazuh_agent":0,"command_length_log":0.0,"command_length_bucket":"none"}
{"line_no":636,"timestamp":"2026-10-02T04:51:58.572+0000","event_id":"1","channel":"Microsoft-Windows-Sysmon/Operational","image_name":"powershell.exe","parent_image_name":"powershell.exe","command_line":"\\\"C:\\\\Windows\\\\System32\\\\WindowsPowerShell\\\\v1.0\\\\powershell.exe\\\" -NoProfile -Command \\\"Get-Service | Select-Object -First 10\\\"","target_filename":"","registry_target_object":"","dns_query_name":"","powershell_encoded":0,"powershell_plain_command":1,"is_browser":0,"browser_gpu_process":0,"browser_renderer":0,"browser_utility":0,"base64_like_non_browser":0,"parent_same_image":1,"parent_is_wazuh_agent":0,"command_length_log":4.859812404361672,"command_length_bucket":"medium"}
{"line_no":637,"timestamp":"2026-10-02T04:51:58.587+0000","event_id":"11","channel":"Microsoft-Windows-Sysmon/Operational","image_name":"powershell.exe","parent_image_name":"","command_line":"","target_filename":"C:\\\\Users\\\\nam.user\\\\AppData\\\\Local\\\\Temp\\\\__PSScriptPolicyTest_3m0w0dwo.11t.ps1","registry_target_object":"","dns_query_name":"","powershell_encoded":0,"powershell_plain_command":0,"is_browser":0,"browser_gpu_process":0,"browser_renderer":0,"browser_utility":0,"base64_like_non_browser":0,"parent_same_image":0,"parent_is_wazuh_agent":0,"command_length_log":0.0,"command_length_bucket":"none"}
{"line_no":638,"timestamp":"2026-10-02T04:51:58.603+0000","event_id":"1","channel":"Microsoft-Windows-Sysmon/Operational","image_name":"powershell.exe","parent_image_name":"powershell.exe","command_line":"\\\"C:\\\\Windows\\\\System32\\\\WindowsPowerShell\\\\v1.0\\\\powershell.exe\\\" -NoProfile -Command \\\"Get-ChildItem C:\\\\Windows | Select-Object -First 10\\\"","target_filename":"","registry_target_object":"","dns_query_name":"","powershell_encoded":0,"powershell_plain_command":1,"is_browser":0,"browser_gpu_process":0,"browser_renderer":0,"browser_utility":0,"base64_like_non_browser":0,"parent_same_image":1,"parent_is_wazuh_agent":0,"command_length_log":4.962844630259907,"command_length_bucket":"medium"}
{"line_no":639,"timestamp":"2026-10-02T04:51:58.618+0000","event_id":"11","channel":"Microsoft-Windows-Sysmon/Operational","image_name":"powershell.exe","parent_image_name":"","command_line":"","target_filename":"C:\\\\Users\\\\nam.user\\\\AppData\\\\Local\\\\Temp\\\\__PSScriptPolicyTest_bfdccqtt.mb3.ps1","registry_target_object":"","dns_query_name":"","powershell_encoded":0,"powershell_plain_command":0,"is_browser":0,"browser_gpu_process":0,"browser_renderer":0,"browser_utility":0,"base64_like_non_browser":0,"parent_same_image":0,"parent_is_wazuh_agent":0,"command_length_log":0.0,"command_length_bucket":"none"}
{"line_no":640,"timestamp":"2026-10-02T04:51:59.687+0000","event_id":"1","channel":"Microsoft-Windows-Sysmon/Operational","image_name":"powershell.exe","parent_image_name":"powershell.exe","command_line":"\\\"C:\\\\Windows\\\\System32\\\\WindowsPowerShell\\\\v1.0\\\\powershell.exe\\\" -NoProfile -Command Get-NetIPAddress","target_filename":"","registry_target_object":"","dns_query_name":"","powershell_encoded":0,"powershell_plain_command":1,"is_browser":0,"browser_gpu_process":0,"browser_renderer":0,"browser_utility":0,"base64_like_non_browser":0,"parent_same_image":1,"parent_is_wazuh_agent":0,"command_length_log":4.6443908991413725,"command_length_bucket":"medium"}
{"line_no":641,"timestamp":"2026-10-02T04:51:59.688+0000","event_id":"11","channel":"Microsoft-Windows-Sysmon/Operational","image_name":"powershell.exe","parent_image_name":"","command_line":"","target_filename":"C:\\\\Users\\\\nam.user\\\\AppData\\\\Local\\\\Temp\\\\__PSScriptPolicyTest_4kahmg0n.rg1.ps1","registry_target_object":"","dns_query_name":"","powershell_encoded":0,"powershell_plain_command":0,"is_browser":0,"browser_gpu_process":0,"browser_renderer":0,"browser_utility":0,"base64_like_non_browser":0,"parent_same_image":0,"parent_is_wazuh_agent":0,"command_length_log":0.0,"command_length_bucket":"none"}
{"line_no":642,"timestamp":"2026-10-02T04:51:59.697+0000","event_id":"1","channel":"Microsoft-Windows-Sysmon/Operational","image_name":"powershell.exe","parent_image_name":"powershell.exe","command_line":"\\\"C:\\\\Windows\\\\System32\\\\WindowsPowerShell\\\\v1.0\\\\powershell.exe\\\" -NoProfile -Command \\\"Test-Path C:\\\\Windows\\\"","target_filename":"","registry_target_object":"","dns_query_name":"","powershell_encoded":0,"powershell_plain_command":1,"is_browser":0,"browser_gpu_process":0,"browser_renderer":0,"browser_utility":0,"base64_like_non_browser":0,"parent_same_image":1,"parent_is_wazuh_agent":0,"command_length_log":4.727387818712341,"command_length_bucket":"medium"}
{"line_no":643,"timestamp":"2026-10-02T04:52:00.720+0000","event_id":"11","channel":"Microsoft-Windows-Sysmon/Operational","image_name":"powershell.exe","parent_image_name":"","command_line":"","target_filename":"C:\\\\Users\\\\nam.user\\\\AppData\\\\Local\\\\Temp\\\\__PSScriptPolicyTest_sn0a3ddh.02x.ps1","registry_target_object":"","dns_query_name":"","powershell_encoded":0,"powershell_plain_command":0,"is_browser":0,"browser_gpu_process":0,"browser_renderer":0,"browser_utility":0,"base64_like_non_browser":0,"parent_same_image":0,"parent_is_wazuh_agent":0,"command_length_log":0.0,"command_length_bucket":"none"}
{"line_no":644,"timestamp":"2026-10-02T04:52:00.725+0000","event_id":"1","channel":"Microsoft-Windows-Sysmon/Operational","image_name":"notepad.exe","parent_image_name":"powershell.exe","command_line":"\\\"C:\\\\Windows\\\\system32\\\\notepad.exe\\\"","target_filename":"","registry_target_object":"","dns_query_name":"","powershell_encoded":0,"powershell_plain_command":0,"is_browser":0,"browser_gpu_process":0,"browser_renderer":0,"browser_utility":0,"base64_like_non_browser":0,"parent_same_image":0,"parent_is_wazuh_agent":0,"command_length_log":3.6635616461296463,"command_length_bucket":"short"}
{"line_no":645,"timestamp":"2026-10-02T04:52:00.730+0000","event_id":"1","channel":"Microsoft-Windows-Sysmon/Operational","image_name":"dsregcmd.exe","parent_image_name":"svchost.exe","command_line":"\\\"C:\\\\Windows\\\\System32\\\\dsregcmd.exe\\\" $(Arg0) $(Arg1) $(Arg2)","target_filename":"","registry_target_object":"","dns_query_name":"","powershell_encoded":0,"powershell_plain_command":0,"is_browser":0,"browser_gpu_process":0,"browser_renderer":0,"browser_utility":0,"base64_like_non_browser":0,"parent_same_image":0,"parent_is_wazuh_agent":0,"command_length_log":4.1588830833596715,"command_length_bucket":"short"}
{"line_no":646,"timestamp":"2026-10-02T04:52:08.080+0000","event_id":"1","channel":"Microsoft-Windows-Sysmon/Operational","image_name":"calc.exe","parent_image_name":"powershell.exe","command_line":"\\\"C:\\\\Windows\\\\system32\\\\calc.exe\\\"","target_filename":"","registry_target_object":"","dns_query_name":"","powershell_encoded":0,"powershell_plain_command":0,"is_browser":0,"browser_gpu_process":0,"browser_renderer":0,"browser_utility":0,"base64_like_non_browser":0,"parent_same_image":0,"parent_is_wazuh_agent":0,"command_length_log":3.58351893845611,"command_length_bucket":"short"}
{"line_no":647,"timestamp":"2026-10-02T04:52:22.543+0000","event_id":"1","channel":"Microsoft-Windows-Sysmon/Operational","image_name":"whoami.exe","parent_image_name":"powershell.exe","command_line":"\\\"C:\\\\Windows\\\\system32\\\\whoami.exe\\\"","target_filename":"","registry_target_object":"","dns_query_name":"","powershell_encoded":0,"powershell_plain_command":0,"is_browser":0,"browser_gpu_process":0,"browser_renderer":0,"browser_utility":0,"base64_like_non_browser":0,"parent_same_image":0,"parent_is_wazuh_agent":0,"command_length_log":3.6375861597263857,"command_length_bucket":"short"}
{"line_no":648,"timestamp":"2026-10-02T04:52:22.559+0000","event_id":"1","channel":"Microsoft-Windows-Sysmon/Operational","image_name":"hostname.exe","parent_image_name":"powershell.exe","command_line":"\\\"C:\\\\Windows\\\\system32\\\\HOSTNAME.EXE\\\"","target_filename":"","registry_target_object":"","dns_query_name":"","powershell_encoded":0,"powershell_plain_command":0,"is_browser":0,"browser_gpu_process":0,"browser_renderer":0,"browser_utility":0,"base64_like_non_browser":0,"parent_same_image":0,"parent_is_wazuh_agent":0,"command_length_log":3.6888794541139363,"command_length_bucket":"short"}
{"line_no":649,"timestamp":"2026-10-02T04:52:22.559+0000","event_id":"1","channel":"Microsoft-Windows-Sysmon/Operational","image_name":"ipconfig.exe","parent_image_name":"powershell.exe","command_line":"\\\"C:\\\\Windows\\\\system32\\\\ipconfig.exe\\\"","target_filename":"","registry_target_object":"","dns_query_name":"","powershell_encoded":0,"powershell_plain_command":0,"is_browser":0,"browser_gpu_process":0,"browser_renderer":0,"browser_utility":0,"base64_like_non_browser":0,"parent_same_image":0,"parent_is_wazuh_agent":0,"command_length_log":3.6888794541139363,"command_length_bucket":"short"}
{"line_no":650,"timestamp":"2026-10-02T04:52:22.572+0000","event_id":"1","channel":"Microsoft-Windows-Sysmon/Operational","image_name":"tasklist.exe","parent_image_name":"powershell.exe","command_line":"\\\"C:\\\\Windows\\\\system32\\\\tasklist.exe\\\"","target_filename":"","registry_target_object":"","dns_query_name":"","powershell_encoded":0,"powershell_plain_command":0,"is_browser":0,"browser_gpu_process":0,"browser_renderer":0,"browser_utility":0,"base64_like_non_browser":0,"parent_same_image":0,"parent_is_wazuh_agent":0,"command_length_log":3.6888794541139363,"command_length_bucket":"short"}
{"line_no":651,"timestamp":"2026-10-02T04:52:22.603+0000","event_id":"1","channel":"Microsoft-Windows-Sysmon/Operational","image_name":"cmd.exe","parent_image_name":"powershell.exe","command_line":"\\\"C:\\\\Windows\\\\system32\\\\cmd.exe\\\" /c echo SOC_BENIGN_V3","target_filename":"","registry_target_object":"","dns_query_name":"","powershell_encoded":0,"powershell_plain_command":0,"is_browser":0,"browser_gpu_process":0,"browser_renderer":0,"browser_utility":0,"base64_like_non_browser":0,"parent_same_image":0,"parent_is_wazuh_agent":0,"command_length_log":4.04305126783455,"command_length_bucket":"short"}
{"line_no":652,"timestamp":"2026-10-02T04:52:22.603+0000","event_id":"1","channel":"Microsoft-Windows-Sysmon/Operational","image_name":"cmd.exe","parent_image_name":"powershell.exe","command_line":"\\\"C:\\\\Windows\\\\system32\\\\cmd.exe\\\" /c ver","target_filename":"","registry_target_object":"","dns_query_name":"","powershell_encoded":0,"powershell_plain_command":0,"is_browser":0,"browser_gpu_process":0,"browser_renderer":0,"browser_utility":0,"base64_like_non_browser":0,"parent_same_image":0,"parent_is_wazuh_agent":0,"command_length_log":3.7376696182833684,"command_length_bucket":"short"}
{"line_no":653,"timestamp":"2026-10-02T04:52:22.620+0000","event_id":"1","channel":"Microsoft-Windows-Sysmon/Operational","image_name":"cmd.exe","parent_image_name":"powershell.exe","command_line":"\\\"C:\\\\Windows\\\\system32\\\\cmd.exe\\\" /c dir C:\\\\","target_filename":"","registry_target_object":"","dns_query_name":"","powershell_encoded":0,"powershell_plain_command":0,"is_browser":0,"browser_gpu_process":0,"browser_renderer":0,"browser_utility":0,"base64_like_non_browser":0,"parent_same_image":0,"parent_is_wazuh_agent":0,"command_length_log":3.8501476017100584,"command_length_bucket":"short"}
{"line_no":654,"timestamp":"2026-10-02T04:52:22.668+0000","event_id":"1","channel":"Microsoft-Windows-Sysmon/Operational","image_name":"powershell.exe","parent_image_name":"powershell.exe","command_line":"\\\"C:\\\\Windows\\\\System32\\\\WindowsPowerShell\\\\v1.0\\\\powershell.exe\\\" -NoProfile -Command Get-Date","target_filename":"","registry_target_object":"","dns_query_name":"","powershell_encoded":0,"powershell_plain_command":1,"is_browser":0,"browser_gpu_process":0,"browser_renderer":0,"browser_utility":0,"base64_like_non_browser":0,"parent_same_image":1,"parent_is_wazuh_agent":0,"command_length_log":4.564348191467836,"command_length_bucket":"medium"}
{"line_no":655,"timestamp":"2026-10-02T04:52:22.668+0000","event_id":"11","channel":"Microsoft-Windows-Sysmon/Operational","image_name":"powershell.exe","parent_image_name":"","command_line":"","target_filename":"C:\\\\Users\\\\nam.user\\\\AppData\\\\Local\\\\Temp\\\\__PSScriptPolicyTest_wr4cx2yf.qlg.ps1","registry_target_object":"","dns_query_name":"","powershell_encoded":0,"powershell_plain_command":0,"is_browser":0,"browser_gpu_process":0,"browser_renderer":0,"browser_utility":0,"base64_like_non_browser":0,"parent_same_image":0,"parent_is_wazuh_agent":0,"command_length_log":0.0,"command_length_bucket":"none"}
{"line_no":656,"timestamp":"2026-10-02T04:52:22.682+0000","event_id":"1","channel":"Microsoft-Windows-Sysmon/Operational","image_name":"powershell.exe","parent_image_name":"powershell.exe","command_line":"\\\"C:\\\\Windows\\\\System32\\\\WindowsPowerShell\\\\v1.0\\\\powershell.exe\\\" -NoProfile -Command Get-Location","target_filename":"","registry_target_object":"","dns_query_name":"","powershell_encoded":0,"powershell_plain_command":1,"is_browser":0,"browser_gpu_process":0,"browser_renderer":0,"browser_utility":0,"base64_like_non_browser":0,"parent_same_image":1,"parent_is_wazuh_agent":0,"command_length_log":4.605170185988092,"command_length_bucket":"medium"}
{"line_no":657,"timestamp":"2026-10-02T04:52:22.698+0000","event_id":"11","channel":"Microsoft-Windows-Sysmon/Operational","image_name":"powershell.exe","parent_image_name":"","command_line":"","target_filename":"C:\\\\Users\\\\nam.user\\\\AppData\\\\Local\\\\Temp\\\\__PSScriptPolicyTest_kw45jwyw.3ld.ps1","registry_target_object":"","dns_query_name":"","powershell_encoded":0,"powershell_plain_command":0,"is_browser":0,"browser_gpu_process":0,"browser_renderer":0,"browser_utility":0,"base64_like_non_browser":0,"parent_same_image":0,"parent_is_wazuh_agent":0,"command_length_log":0.0,"command_length_bucket":"none"}
{"line_no":658,"timestamp":"2026-10-02T04:52:22.714+0000","event_id":"1","channel":"Microsoft-Windows-Sysmon/Operational","image_name":"powershell.exe","parent_image_name":"powershell.exe","command_line":"\\\"C:\\\\Windows\\\\System32\\\\WindowsPowerShell\\\\v1.0\\\\powershell.exe\\\" -NoProfile -Command \\\"Get-Process | Select-Object -First 10\\\"","target_filename":"","registry_target_object":"","dns_query_name":"","powershell_encoded":0,"powershell_plain_command":1,"is_browser":0,"browser_gpu_process":0,"browser_renderer":0,"browser_utility":0,"base64_like_non_browser":0,"parent_same_image":1,"parent_is_wazuh_agent":0,"command_length_log":4.859812404361672,"command_length_bucket":"medium"}
{"line_no":659,"timestamp":"2026-10-02T04:52:22.732+0000","event_id":"11","channel":"Microsoft-Windows-Sysmon/Operational","image_name":"powershell.exe","parent_image_name":"","command_line":"","target_filename":"C:\\\\Users\\\\nam.user\\\\AppData\\\\Local\\\\Temp\\\\__PSScriptPolicyTest_pgxru5fb.vuw.ps1","registry_target_object":"","dns_query_name":"","powershell_encoded":0,"powershell_plain_command":0,"is_browser":0,"browser_gpu_process":0,"browser_renderer":0,"browser_utility":0,"base64_like_non_browser":0,"parent_same_image":0,"parent_is_wazuh_agent":0,"command_length_log":0.0,"command_length_bucket":"none"}
{"line_no":660,"timestamp":"2026-10-02T04:52:23.776+0000","event_id":"1","channel":"Microsoft-Windows-Sysmon/Operational","image_name":"powershell.exe","parent_image_name":"powershell.exe","command_line":"\\\"C:\\\\Windows\\\\System32\\\\WindowsPowerShell\\\\v1.0\\\\powershell.exe\\\" -NoProfile -Command \\\"Get-Service | Select-Object -First 10\\\"","target_filename":"","registry_target_object":"","dns_query_name":"","powershell_encoded":0,"powershell_plain_command":1,"is_browser":0,"browser_gpu_process":0,"browser_renderer":0,"browser_utility":0,"base64_like_non_browser":0,"parent_same_image":1,"parent_is_wazuh_agent":0,"command_length_log":4.859812404361672,"command_length_bucket":"medium"}
{"line_no":661,"timestamp":"2026-10-02T04:52:23.777+0000","event_id":"11","channel":"Microsoft-Windows-Sysmon/Operational","image_name":"powershell.exe","parent_image_name":"","command_line":"","target_filename":"C:\\\\Users\\\\nam.user\\\\AppData\\\\Local\\\\Temp\\\\__PSScriptPolicyTest_gifc3hc4.315.ps1","registry_target_object":"","dns_query_name":"","powershell_encoded":0,"powershell_plain_command":0,"is_browser":0,"browser_gpu_process":0,"browser_renderer":0,"browser_utility":0,"base64_like_non_browser":0,"parent_same_image":0,"parent_is_wazuh_agent":0,"command_length_log":0.0,"command_length_bucket":"none"}
{"line_no":662,"timestamp":"2026-10-02T04:52:23.791+0000","event_id":"1","channel":"Microsoft-Windows-Sysmon/Operational","image_name":"powershell.exe","parent_image_name":"powershell.exe","command_line":"\\\"C:\\\\Windows\\\\System32\\\\WindowsPowerShell\\\\v1.0\\\\powershell.exe\\\" -NoProfile -Command \\\"Get-ChildItem C:\\\\Windows | Select-Object -First 10\\\"","target_filename":"","registry_target_object":"","dns_query_name":"","powershell_encoded":0,"powershell_plain_command":1,"is_browser":0,"browser_gpu_process":0,"browser_renderer":0,"browser_utility":0,"base64_like_non_browser":0,"parent_same_image":1,"parent_is_wazuh_agent":0,"command_length_log":4.962844630259907,"command_length_bucket":"medium"}
{"line_no":663,"timestamp":"2026-10-02T04:52:23.806+0000","event_id":"11","channel":"Microsoft-Windows-Sysmon/Operational","image_name":"powershell.exe","parent_image_name":"","command_line":"","target_filename":"C:\\\\Users\\\\nam.user\\\\AppData\\\\Local\\\\Temp\\\\__PSScriptPolicyTest_0lrgf1pw.ykq.ps1","registry_target_object":"","dns_query_name":"","powershell_encoded":0,"powershell_plain_command":0,"is_browser":0,"browser_gpu_process":0,"browser_renderer":0,"browser_utility":0,"base64_like_non_browser":0,"parent_same_image":0,"parent_is_wazuh_agent":0,"command_length_log":0.0,"command_length_bucket":"none"}
{"line_no":664,"timestamp":"2026-10-02T04:52:23.823+0000","event_id":"1","channel":"Microsoft-Windows-Sysmon/Operational","image_name":"powershell.exe","parent_image_name":"powershell.exe","command_line":"\\\"C:\\\\Windows\\\\System32\\\\WindowsPowerShell\\\\v1.0\\\\powershell.exe\\\" -NoProfile -Command Get-NetIPAddress","target_filename":"","registry_target_object":"","dns_query_name":"","powershell_encoded":0,"powershell_plain_command":1,"is_browser":0,"browser_gpu_process":0,"browser_renderer":0,"browser_utility":0,"base64_like_non_browser":0,"parent_same_image":1,"parent_is_wazuh_agent":0,"command_length_log":4.6443908991413725,"command_length_bucket":"medium"}
{"line_no":665,"timestamp":"2026-10-02T04:52:23.838+0000","event_id":"11","channel":"Microsoft-Windows-Sysmon/Operational","image_name":"powershell.exe","parent_image_name":"","command_line":"","target_filename":"C:\\\\Users\\\\nam.user\\\\AppData\\\\Local\\\\Temp\\\\__PSScriptPolicyTest_5u0vhrrp.n32.ps1","registry_target_object":"","dns_query_name":"","powershell_encoded":0,"powershell_plain_command":0,"is_browser":0,"browser_gpu_process":0,"browser_renderer":0,"browser_utility":0,"base64_like_non_browser":0,"parent_same_image":0,"parent_is_wazuh_agent":0,"command_length_log":0.0,"command_length_bucket":"none"}
{"line_no":666,"timestamp":"2026-10-02T04:52:25.138+0000","event_id":"1","channel":"Microsoft-Windows-Sysmon/Operational","image_name":"powershell.exe","parent_image_name":"powershell.exe","command_line":"\\\"C:\\\\Windows\\\\System32\\\\WindowsPowerShell\\\\v1.0\\\\powershell.exe\\\" -NoProfile -Command \\\"Test-Path C:\\\\Windows\\\"","target_filename":"","registry_target_object":"","dns_query_name":"","powershell_encoded":0,"powershell_plain_command":1,"is_browser":0,"browser_gpu_process":0,"browser_renderer":0,"browser_utility":0,"base64_like_non_browser":0,"parent_same_image":1,"parent_is_wazuh_agent":0,"command_length_log":4.727387818712341,"command_length_bucket":"medium"}
{"line_no":667,"timestamp":"2026-10-02T04:52:25.139+0000","event_id":"11","channel":"Microsoft-Windows-Sysmon/Operational","image_name":"powershell.exe","parent_image_name":"","command_line":"","target_filename":"C:\\\\Users\\\\nam.user\\\\AppData\\\\Local\\\\Temp\\\\__PSScriptPolicyTest_5tiav5pb.m0p.ps1","registry_target_object":"","dns_query_name":"","powershell_encoded":0,"powershell_plain_command":0,"is_browser":0,"browser_gpu_process":0,"browser_renderer":0,"browser_utility":0,"base64_like_non_browser":0,"parent_same_image":0,"parent_is_wazuh_agent":0,"command_length_log":0.0,"command_length_bucket":"none"}
{"line_no":668,"timestamp":"2026-10-02T04:52:25.151+0000","event_id":"1","channel":"Microsoft-Windows-Sysmon/Operational","image_name":"notepad.exe","parent_image_name":"powershell.exe","command_line":"\\\"C:\\\\Windows\\\\system32\\\\notepad.exe\\\"","target_filename":"","registry_target_object":"","dns_query_name":"","powershell_encoded":0,"powershell_plain_command":0,"is_browser":0,"browser_gpu_process":0,"browser_renderer":0,"browser_utility":0,"base64_like_non_browser":0,"parent_same_image":0,"parent_is_wazuh_agent":0,"command_length_log":3.6635616461296463,"command_length_bucket":"short"}
{"line_no":669,"timestamp":"2026-10-02T04:52:33.018+0000","event_id":"1","channel":"Microsoft-Windows-Sysmon/Operational","image_name":"calc.exe","parent_image_name":"powershell.exe","command_line":"\\\"C:\\\\Windows\\\\system32\\\\calc.exe\\\"","target_filename":"","registry_target_object":"","dns_query_name":"","powershell_encoded":0,"powershell_plain_command":0,"is_browser":0,"browser_gpu_process":0,"browser_renderer":0,"browser_utility":0,"base64_like_non_browser":0,"parent_same_image":0,"parent_is_wazuh_agent":0,"command_length_log":3.58351893845611,"command_length_bucket":"short"}
{"line_no":670,"timestamp":"2026-10-02T04:52:46.964+0000","event_id":"1","channel":"Microsoft-Windows-Sysmon/Operational","image_name":"whoami.exe","parent_image_name":"powershell.exe","command_line":"\\\"C:\\\\Windows\\\\system32\\\\whoami.exe\\\"","target_filename":"","registry_target_object":"","dns_query_name":"","powershell_encoded":0,"powershell_plain_command":0,"is_browser":0,"browser_gpu_process":0,"browser_renderer":0,"browser_utility":0,"base64_like_non_browser":0,"parent_same_image":0,"parent_is_wazuh_agent":0,"command_length_log":3.6375861597263857,"command_length_bucket":"short"}
{"line_no":671,"timestamp":"2026-10-02T04:52:46.965+0000","event_id":"1","channel":"Microsoft-Windows-Sysmon/Operational","image_name":"hostname.exe","parent_image_name":"powershell.exe","command_line":"\\\"C:\\\\Windows\\\\system32\\\\HOSTNAME.EXE\\\"","target_filename":"","registry_target_object":"","dns_query_name":"","powershell_encoded":0,"powershell_plain_command":0,"is_browser":0,"browser_gpu_process":0,"browser_renderer":0,"browser_utility":0,"base64_like_non_browser":0,"parent_same_image":0,"parent_is_wazuh_agent":0,"command_length_log":3.6888794541139363,"command_length_bucket":"short"}
{"line_no":672,"timestamp":"2026-10-02T04:52:46.980+0000","event_id":"1","channel":"Microsoft-Windows-Sysmon/Operational","image_name":"ipconfig.exe","parent_image_name":"powershell.exe","command_line":"\\\"C:\\\\Windows\\\\system32\\\\ipconfig.exe\\\"","target_filename":"","registry_target_object":"","dns_query_name":"","powershell_encoded":0,"powershell_plain_command":0,"is_browser":0,"browser_gpu_process":0,"browser_renderer":0,"browser_utility":0,"base64_like_non_browser":0,"parent_same_image":0,"parent_is_wazuh_agent":0,"command_length_log":3.6888794541139363,"command_length_bucket":"short"}
{"line_no":673,"timestamp":"2026-10-02T04:52:46.996+0000","event_id":"1","channel":"Microsoft-Windows-Sysmon/Operational","image_name":"tasklist.exe","parent_image_name":"powershell.exe","command_line":"\\\"C:\\\\Windows\\\\system32\\\\tasklist.exe\\\"","target_filename":"","registry_target_object":"","dns_query_name":"","powershell_encoded":0,"powershell_plain_command":0,"is_browser":0,"browser_gpu_process":0,"browser_renderer":0,"browser_utility":0,"base64_like_non_browser":0,"parent_same_image":0,"parent_is_wazuh_agent":0,"command_length_log":3.6888794541139363,"command_length_bucket":"short"}
{"line_no":674,"timestamp":"2026-10-02T04:52:47.010+0000","event_id":"1","channel":"Microsoft-Windows-Sysmon/Operational","image_name":"cmd.exe","parent_image_name":"powershell.exe","command_line":"\\\"C:\\\\Windows\\\\system32\\\\cmd.exe\\\" /c echo SOC_BENIGN_V3","target_filename":"","registry_target_object":"","dns_query_name":"","powershell_encoded":0,"powershell_plain_command":0,"is_browser":0,"browser_gpu_process":0,"browser_renderer":0,"browser_utility":0,"base64_like_non_browser":0,"parent_same_image":0,"parent_is_wazuh_agent":0,"command_length_log":4.04305126783455,"command_length_bucket":"short"}
{"line_no":675,"timestamp":"2026-10-02T04:52:47.028+0000","event_id":"1","channel":"Microsoft-Windows-Sysmon/Operational","image_name":"cmd.exe","parent_image_name":"powershell.exe","command_line":"\\\"C:\\\\Windows\\\\system32\\\\cmd.exe\\\" /c ver","target_filename":"","registry_target_object":"","dns_query_name":"","powershell_encoded":0,"powershell_plain_command":0,"is_browser":0,"browser_gpu_process":0,"browser_renderer":0,"browser_utility":0,"base64_like_non_browser":0,"parent_same_image":0,"parent_is_wazuh_agent":0,"command_length_log":3.7376696182833684,"command_length_bucket":"short"}
{"line_no":676,"timestamp":"2026-10-02T04:52:47.042+0000","event_id":"1","channel":"Microsoft-Windows-Sysmon/Operational","image_name":"cmd.exe","parent_image_name":"powershell.exe","command_line":"\\\"C:\\\\Windows\\\\system32\\\\cmd.exe\\\" /c dir C:\\\\","target_filename":"","registry_target_object":"","dns_query_name":"","powershell_encoded":0,"powershell_plain_command":0,"is_browser":0,"browser_gpu_process":0,"browser_renderer":0,"browser_utility":0,"base64_like_non_browser":0,"parent_same_image":0,"parent_is_wazuh_agent":0,"command_length_log":3.8501476017100584,"command_length_bucket":"short"}
{"line_no":677,"timestamp":"2026-10-02T04:52:47.060+0000","event_id":"1","channel":"Microsoft-Windows-Sysmon/Operational","image_name":"powershell.exe","parent_image_name":"powershell.exe","command_line":"\\\"C:\\\\Windows\\\\System32\\\\WindowsPowerShell\\\\v1.0\\\\powershell.exe\\\" -NoProfile -Command Get-Date","target_filename":"","registry_target_object":"","dns_query_name":"","powershell_encoded":0,"powershell_plain_command":1,"is_browser":0,"browser_gpu_process":0,"browser_renderer":0,"browser_utility":0,"base64_like_non_browser":0,"parent_same_image":1,"parent_is_wazuh_agent":0,"command_length_log":4.564348191467836,"command_length_bucket":"medium"}
{"line_no":678,"timestamp":"2026-10-02T04:52:47.072+0000","event_id":"11","channel":"Microsoft-Windows-Sysmon/Operational","image_name":"powershell.exe","parent_image_name":"","command_line":"","target_filename":"C:\\\\Users\\\\nam.user\\\\AppData\\\\Local\\\\Temp\\\\__PSScriptPolicyTest_q5wedigr.o5x.ps1","registry_target_object":"","dns_query_name":"","powershell_encoded":0,"powershell_plain_command":0,"is_browser":0,"browser_gpu_process":0,"browser_renderer":0,"browser_utility":0,"base64_like_non_browser":0,"parent_same_image":0,"parent_is_wazuh_agent":0,"command_length_log":0.0,"command_length_bucket":"none"}
{"line_no":679,"timestamp":"2026-10-02T04:52:47.088+0000","event_id":"1","channel":"Microsoft-Windows-Sysmon/Operational","image_name":"powershell.exe","parent_image_name":"powershell.exe","command_line":"\\\"C:\\\\Windows\\\\System32\\\\WindowsPowerShell\\\\v1.0\\\\powershell.exe\\\" -NoProfile -Command Get-Location","target_filename":"","registry_target_object":"","dns_query_name":"","powershell_encoded":0,"powershell_plain_command":1,"is_browser":0,"browser_gpu_process":0,"browser_renderer":0,"browser_utility":0,"base64_like_non_browser":0,"parent_same_image":1,"parent_is_wazuh_agent":0,"command_length_log":4.605170185988092,"command_length_bucket":"medium"}
