{"line_no":513,"timestamp":"2026-10-02T03:11:28.143+0000","event_id":"12","channel":"Microsoft-Windows-Sysmon/Operational","image_name":"wmiadap.exe","parent_image_name":"","command_line":"","target_filename":"","registry_target_object":"HKLM\\\\System\\\\CurrentControlSet\\\\Services\\\\WmiApRpl\\\\Performance\\\\First Help","dns_query_name":"","powershell_encoded":0,"powershell_plain_command":0,"is_browser":0,"browser_gpu_process":0,"browser_renderer":0,"browser_utility":0,"base64_like_non_browser":0,"parent_same_image":0,"parent_is_wazuh_agent":0,"command_length_log":0.0,"command_length_bucket":"none"}
{"line_no":514,"timestamp":"2026-10-02T03:11:28.158+0000","event_id":"12","channel":"Microsoft-Windows-Sysmon/Operational","image_name":"wmiadap.exe","parent_image_name":"","command_line":"","target_filename":"","registry_target_object":"HKLM\\\\System\\\\CurrentControlSet\\\\Services\\\\WmiApRpl\\\\Performance\\\\Last Help","dns_query_name":"","powershell_encoded":0,"powershell_plain_command":0,"is_browser":0,"browser_gpu_process":0,"browser_renderer":0,"browser_utility":0,"base64_like_non_browser":0,"parent_same_image":0,"parent_is_wazuh_agent":0,"command_length_log":0.0,"command_length_bucket":"none"}
{"line_no":515,"timestamp":"2026-10-02T03:11:28.190+0000","event_id":"12","channel":"Microsoft-Windows-Sysmon/Operational","image_name":"wmiadap.exe","parent_image_name":"","command_line":"","target_filename":"","registry_target_object":"HKLM\\\\System\\\\CurrentControlSet\\\\Services\\\\WmiApRpl\\\\Performance\\\\Object List","dns_query_name":"","powershell_encoded":0,"powershell_plain_command":0,"is_browser":0,"browser_gpu_process":0,"browser_renderer":0,"browser_utility":0,"base64_like_non_browser":0,"parent_same_image":0,"parent_is_wazuh_agent":0,"command_length_log":0.0,"command_length_bucket":"none"}
{"line_no":516,"timestamp":"2026-10-02T03:11:28.190+0000","event_id":"12","channel":"Microsoft-Windows-Sysmon/Operational","image_name":"wmiadap.exe","parent_image_name":"","command_line":"","target_filename":"","registry_target_object":"HKLM\\\\SOFTWARE\\\\Microsoft\\\\Windows NT\\\\CurrentVersion\\\\Perflib\\\\Updating","dns_query_name":"","powershell_encoded":0,"powershell_plain_command":0,"is_browser":0,"browser_gpu_process":0,"browser_renderer":0,"browser_utility":0,"base64_like_non_browser":0,"parent_same_image":0,"parent_is_wazuh_agent":0,"command_length_log":0.0,"command_length_bucket":"none"}
{"line_no":517,"timestamp":"2026-10-02T03:11:28.205+0000","event_id":"13","channel":"Microsoft-Windows-Sysmon/Operational","image_name":"wmiadap.exe","parent_image_name":"","command_line":"","target_filename":"","registry_target_object":"HKLM\\\\System\\\\CurrentControlSet\\\\Services\\\\WmiApRpl\\\\Performance\\\\PerfIniFile","dns_query_name":"","powershell_encoded":0,"powershell_plain_command":0,"is_browser":0,"browser_gpu_process":0,"browser_renderer":0,"browser_utility":0,"base64_like_non_browser":0,"parent_same_image":0,"parent_is_wazuh_agent":0,"command_length_log":0.0,"command_length_bucket":"none"}
{"line_no":518,"timestamp":"2026-10-02T03:11:28.237+0000","event_id":"13","channel":"Microsoft-Windows-Sysmon/Operational","image_name":"wmiadap.exe","parent_image_name":"","command_line":"","target_filename":"","registry_target_object":"HKLM\\\\SOFTWARE\\\\Microsoft\\\\Windows NT\\\\CurrentVersion\\\\Perflib\\\\Updating","dns_query_name":"","powershell_encoded":0,"powershell_plain_command":0,"is_browser":0,"browser_gpu_process":0,"browser_renderer":0,"browser_utility":0,"base64_like_non_browser":0,"parent_same_image":0,"parent_is_wazuh_agent":0,"command_length_log":0.0,"command_length_bucket":"none"}
{"line_no":519,"timestamp":"2026-10-02T03:11:28.237+0000","event_id":"13","channel":"Microsoft-Windows-Sysmon/Operational","image_name":"wmiadap.exe","parent_image_name":"","command_line":"","target_filename":"","registry_target_object":"HKLM\\\\SOFTWARE\\\\Microsoft\\\\Windows NT\\\\CurrentVersion\\\\Perflib\\\\Last Counter","dns_query_name":"","powershell_encoded":0,"powershell_plain_command":0,"is_browser":0,"browser_gpu_process":0,"browser_renderer":0,"browser_utility":0,"base64_like_non_browser":0,"parent_same_image":0,"parent_is_wazuh_agent":0,"command_length_log":0.0,"command_length_bucket":"none"}
{"line_no":520,"timestamp":"2026-10-02T03:11:28.252+0000","event_id":"13","channel":"Microsoft-Windows-Sysmon/Operational","image_name":"wmiadap.exe","parent_image_name":"","command_line":"","target_filename":"","registry_target_object":"HKLM\\\\SOFTWARE\\\\Microsoft\\\\Windows NT\\\\CurrentVersion\\\\Perflib\\\\Last Help","dns_query_name":"","powershell_encoded":0,"powershell_plain_command":0,"is_browser":0,"browser_gpu_process":0,"browser_renderer":0,"browser_utility":0,"base64_like_non_browser":0,"parent_same_image":0,"parent_is_wazuh_agent":0,"command_length_log":0.0,"command_length_bucket":"none"}
{"line_no":521,"timestamp":"2026-10-02T03:11:28.305+0000","event_id":"13","channel":"Microsoft-Windows-Sysmon/Operational","image_name":"wmiadap.exe","parent_image_name":"","command_line":"","target_filename":"","registry_target_object":"HKLM\\\\System\\\\CurrentControlSet\\\\Services\\\\WmiApRpl\\\\Performance\\\\Last Counter","dns_query_name":"","powershell_encoded":0,"powershell_plain_command":0,"is_browser":0,"browser_gpu_process":0,"browser_renderer":0,"browser_utility":0,"base64_like_non_browser":0,"parent_same_image":0,"parent_is_wazuh_agent":0,"command_length_log":0.0,"command_length_bucket":"none"}
{"line_no":522,"timestamp":"2026-10-02T03:11:28.305+0000","event_id":"13","channel":"Microsoft-Windows-Sysmon/Operational","image_name":"wmiadap.exe","parent_image_name":"","command_line":"","target_filename":"","registry_target_object":"HKLM\\\\System\\\\CurrentControlSet\\\\Services\\\\WmiApRpl\\\\Performance\\\\Last Help","dns_query_name":"","powershell_encoded":0,"powershell_plain_command":0,"is_browser":0,"browser_gpu_process":0,"browser_renderer":0,"browser_utility":0,"base64_like_non_browser":0,"parent_same_image":0,"parent_is_wazuh_agent":0,"command_length_log":0.0,"command_length_bucket":"none"}
{"line_no":523,"timestamp":"2026-10-02T03:11:28.306+0000","event_id":"13","channel":"Microsoft-Windows-Sysmon/Operational","image_name":"wmiadap.exe","parent_image_name":"","command_line":"","target_filename":"","registry_target_object":"HKLM\\\\System\\\\CurrentControlSet\\\\Services\\\\WmiApRpl\\\\Performance\\\\First Counter","dns_query_name":"","powershell_encoded":0,"powershell_plain_command":0,"is_browser":0,"browser_gpu_process":0,"browser_renderer":0,"browser_utility":0,"base64_like_non_browser":0,"parent_same_image":0,"parent_is_wazuh_agent":0,"command_length_log":0.0,"command_length_bucket":"none"}
{"line_no":524,"timestamp":"2026-10-02T03:11:28.315+0000","event_id":"13","channel":"Microsoft-Windows-Sysmon/Operational","image_name":"wmiadap.exe","parent_image_name":"","command_line":"","target_filename":"","registry_target_object":"HKLM\\\\System\\\\CurrentControlSet\\\\Services\\\\WmiApRpl\\\\Performance\\\\First Help","dns_query_name":"","powershell_encoded":0,"powershell_plain_command":0,"is_browser":0,"browser_gpu_process":0,"browser_renderer":0,"browser_utility":0,"base64_like_non_browser":0,"parent_same_image":0,"parent_is_wazuh_agent":0,"command_length_log":0.0,"command_length_bucket":"none"}
{"line_no":525,"timestamp":"2026-10-02T03:11:28.346+0000","event_id":"13","channel":"Microsoft-Windows-Sysmon/Operational","image_name":"wmiadap.exe","parent_image_name":"","command_line":"","target_filename":"","registry_target_object":"HKLM\\\\System\\\\CurrentControlSet\\\\Services\\\\WmiApRpl\\\\Performance\\\\Object List","dns_query_name":"","powershell_encoded":0,"powershell_plain_command":0,"is_browser":0,"browser_gpu_process":0,"browser_renderer":0,"browser_utility":0,"base64_like_non_browser":0,"parent_same_image":0,"parent_is_wazuh_agent":0,"command_length_log":0.0,"command_length_bucket":"none"}
{"line_no":526,"timestamp":"2026-10-02T03:11:28.346+0000","event_id":"12","channel":"Microsoft-Windows-Sysmon/Operational","image_name":"wmiadap.exe","parent_image_name":"","command_line":"","target_filename":"","registry_target_object":"HKLM\\\\SOFTWARE\\\\Microsoft\\\\Windows NT\\\\CurrentVersion\\\\Perflib\\\\Updating","dns_query_name":"","powershell_encoded":0,"powershell_plain_command":0,"is_browser":0,"browser_gpu_process":0,"browser_renderer":0,"browser_utility":0,"base64_like_non_browser":0,"parent_same_image":0,"parent_is_wazuh_agent":0,"command_length_log":0.0,"command_length_bucket":"none"}
{"line_no":527,"timestamp":"2026-10-02T03:11:34.129+0000","event_id":"13","channel":"Microsoft-Windows-Sysmon/Operational","image_name":"wmiadap.exe","parent_image_name":"","command_line":"","target_filename":"","registry_target_object":"HKLM\\\\SOFTWARE\\\\Microsoft\\\\Wbem\\\\PROVIDERS\\\\Performance\\\\Performance Data","dns_query_name":"","powershell_encoded":0,"powershell_plain_command":0,"is_browser":0,"browser_gpu_process":0,"browser_renderer":0,"browser_utility":0,"base64_like_non_browser":0,"parent_same_image":0,"parent_is_wazuh_agent":0,"command_length_log":0.0,"command_length_bucket":"none"}
{"line_no":528,"timestamp":"2026-10-02T03:11:34.143+0000","event_id":"12","channel":"Microsoft-Windows-Sysmon/Operational","image_name":"wmiadap.exe","parent_image_name":"","command_line":"","target_filename":"","registry_target_object":"HKLM\\\\SOFTWARE\\\\Microsoft\\\\Wbem\\\\WDM\\\\DREDGE","dns_query_name":"","powershell_encoded":0,"powershell_plain_command":0,"is_browser":0,"browser_gpu_process":0,"browser_renderer":0,"browser_utility":0,"base64_like_non_browser":0,"parent_same_image":0,"parent_is_wazuh_agent":0,"command_length_log":0.0,"command_length_bucket":"none"}
{"line_no":529,"timestamp":"2026-10-02T03:11:34.143+0000","event_id":"13","channel":"Microsoft-Windows-Sysmon/Operational","image_name":"wmiadap.exe","parent_image_name":"","command_line":"","target_filename":"","registry_target_object":"HKLM\\\\SOFTWARE\\\\Microsoft\\\\Wbem\\\\WDM\\\\DREDGE\\\\C:\\\\Windows\\\\system32\\\\kernelbase.dll[MofResourceName]","dns_query_name":"","powershell_encoded":0,"powershell_plain_command":0,"is_browser":0,"browser_gpu_process":0,"browser_renderer":0,"browser_utility":0,"base64_like_non_browser":0,"parent_same_image":0,"parent_is_wazuh_agent":0,"command_length_log":0.0,"command_length_bucket":"none"}
{"line_no":530,"timestamp":"2026-10-02T03:11:34.159+0000","event_id":"13","channel":"Microsoft-Windows-Sysmon/Operational","image_name":"wmiadap.exe","parent_image_name":"","command_line":"","target_filename":"","registry_target_object":"HKLM\\\\SOFTWARE\\\\Microsoft\\\\Wbem\\\\WDM\\\\DREDGE\\\\C:\\\\Windows\\\\system32\\\\en-US\\\\kernelbase.dll.mui[MofResourceName]","dns_query_name":"","powershell_encoded":0,"powershell_plain_command":0,"is_browser":0,"browser_gpu_process":0,"browser_renderer":0,"browser_utility":0,"base64_like_non_browser":0,"parent_same_image":0,"parent_is_wazuh_agent":0,"command_length_log":0.0,"command_length_bucket":"none"}
{"line_no":531,"timestamp":"2026-10-02T03:11:34.191+0000","event_id":"13","channel":"Microsoft-Windows-Sysmon/Operational","image_name":"wmiadap.exe","parent_image_name":"","command_line":"","target_filename":"","registry_target_object":"HKLM\\\\SOFTWARE\\\\Microsoft\\\\Wbem\\\\WDM\\\\DREDGE\\\\C:\\\\Windows\\\\System32\\\\drivers\\\\ACPI.sys[ACPIMOFResource]","dns_query_name":"","powershell_encoded":0,"powershell_plain_command":0,"is_browser":0,"browser_gpu_process":0,"browser_renderer":0,"browser_utility":0,"base64_like_non_browser":0,"parent_same_image":0,"parent_is_wazuh_agent":0,"command_length_log":0.0,"command_length_bucket":"none"}
{"line_no":532,"timestamp":"2026-10-02T03:11:34.191+0000","event_id":"13","channel":"Microsoft-Windows-Sysmon/Operational","image_name":"wmiadap.exe","parent_image_name":"","command_line":"","target_filename":"","registry_target_object":"HKLM\\\\SOFTWARE\\\\Microsoft\\\\Wbem\\\\WDM\\\\DREDGE\\\\C:\\\\Windows\\\\System32\\\\drivers\\\\en-US\\\\ACPI.sys.mui[ACPIMOFResource]","dns_query_name":"","powershell_encoded":0,"powershell_plain_command":0,"is_browser":0,"browser_gpu_process":0,"browser_renderer":0,"browser_utility":0,"base64_like_non_browser":0,"parent_same_image":0,"parent_is_wazuh_agent":0,"command_length_log":0.0,"command_length_bucket":"none"}
{"line_no":533,"timestamp":"2026-10-02T03:11:34.207+0000","event_id":"13","channel":"Microsoft-Windows-Sysmon/Operational","image_name":"wmiadap.exe","parent_image_name":"","command_line":"","target_filename":"","registry_target_object":"HKLM\\\\SOFTWARE\\\\Microsoft\\\\Wbem\\\\WDM\\\\DREDGE\\\\C:\\\\Windows\\\\System32\\\\drivers\\\\mssmbios.sys[MofResource]","dns_query_name":"","powershell_encoded":0,"powershell_plain_command":0,"is_browser":0,"browser_gpu_process":0,"browser_renderer":0,"browser_utility":0,"base64_like_non_browser":0,"parent_same_image":0,"parent_is_wazuh_agent":0,"command_length_log":0.0,"command_length_bucket":"none"}
{"line_no":534,"timestamp":"2026-10-02T03:11:34.237+0000","event_id":"13","channel":"Microsoft-Windows-Sysmon/Operational","image_name":"wmiadap.exe","parent_image_name":"","command_line":"","target_filename":"","registry_target_object":"HKLM\\\\SOFTWARE\\\\Microsoft\\\\Wbem\\\\WDM\\\\DREDGE\\\\C:\\\\Windows\\\\System32\\\\drivers\\\\en-US\\\\mssmbios.sys.mui[MofResource]","dns_query_name":"","powershell_encoded":0,"powershell_plain_command":0,"is_browser":0,"browser_gpu_process":0,"browser_renderer":0,"browser_utility":0,"base64_like_non_browser":0,"parent_same_image":0,"parent_is_wazuh_agent":0,"command_length_log":0.0,"command_length_bucket":"none"}
{"line_no":535,"timestamp":"2026-10-02T03:11:34.237+0000","event_id":"13","channel":"Microsoft-Windows-Sysmon/Operational","image_name":"wmiadap.exe","parent_image_name":"","command_line":"","target_filename":"","registry_target_object":"HKLM\\\\SOFTWARE\\\\Microsoft\\\\Wbem\\\\WDM\\\\DREDGE\\\\C:\\\\Windows\\\\System32\\\\drivers\\\\HDAudBus.sys[HDAudioMofName]","dns_query_name":"","powershell_encoded":0,"powershell_plain_command":0,"is_browser":0,"browser_gpu_process":0,"browser_renderer":0,"browser_utility":0,"base64_like_non_browser":0,"parent_same_image":0,"parent_is_wazuh_agent":0,"command_length_log":0.0,"command_length_bucket":"none"}
{"line_no":536,"timestamp":"2026-10-02T03:11:34.253+0000","event_id":"13","channel":"Microsoft-Windows-Sysmon/Operational","image_name":"wmiadap.exe","parent_image_name":"","command_line":"","target_filename":"","registry_target_object":"HKLM\\\\SOFTWARE\\\\Microsoft\\\\Wbem\\\\WDM\\\\DREDGE\\\\C:\\\\Windows\\\\System32\\\\drivers\\\\processr.sys[PROCESSORWMI]","dns_query_name":"","powershell_encoded":0,"powershell_plain_command":0,"is_browser":0,"browser_gpu_process":0,"browser_renderer":0,"browser_utility":0,"base64_like_non_browser":0,"parent_same_image":0,"parent_is_wazuh_agent":0,"command_length_log":0.0,"command_length_bucket":"none"}
{"line_no":537,"timestamp":"2026-10-02T03:11:34.286+0000","event_id":"13","channel":"Microsoft-Windows-Sysmon/Operational","image_name":"wmiadap.exe","parent_image_name":"","command_line":"","target_filename":"","registry_target_object":"HKLM\\\\SOFTWARE\\\\Microsoft\\\\Wbem\\\\WDM\\\\DREDGE\\\\C:\\\\Windows\\\\System32\\\\drivers\\\\en-US\\\\processr.sys.mui[PROCESSORWMI]","dns_query_name":"","powershell_encoded":0,"powershell_plain_command":0,"is_browser":0,"browser_gpu_process":0,"browser_renderer":0,"browser_utility":0,"base64_like_non_browser":0,"parent_same_image":0,"parent_is_wazuh_agent":0,"command_length_log":0.0,"command_length_bucket":"none"}
{"line_no":538,"timestamp":"2026-10-02T03:11:34.286+0000","event_id":"13","channel":"Microsoft-Windows-Sysmon/Operational","image_name":"wmiadap.exe","parent_image_name":"","command_line":"","target_filename":"","registry_target_object":"HKLM\\\\SOFTWARE\\\\Microsoft\\\\Wbem\\\\WDM\\\\DREDGE\\\\C:\\\\Windows\\\\System32\\\\Drivers\\\\portcls.SYS[PortclsMof]","dns_query_name":"","powershell_encoded":0,"powershell_plain_command":0,"is_browser":0,"browser_gpu_process":0,"browser_renderer":0,"browser_utility":0,"base64_like_non_browser":0,"parent_same_image":0,"parent_is_wazuh_agent":0,"command_length_log":0.0,"command_length_bucket":"none"}
{"line_no":539,"timestamp":"2026-10-02T03:11:34.299+0000","event_id":"13","channel":"Microsoft-Windows-Sysmon/Operational","image_name":"wmiadap.exe","parent_image_name":"","command_line":"","target_filename":"","registry_target_object":"HKLM\\\\SOFTWARE\\\\Microsoft\\\\Wbem\\\\PROVIDERS\\\\Performance\\\\Performance Refresh","dns_query_name":"","powershell_encoded":0,"powershell_plain_command":0,"is_browser":0,"browser_gpu_process":0,"browser_renderer":0,"browser_utility":0,"base64_like_non_browser":0,"parent_same_image":0,"parent_is_wazuh_agent":0,"command_length_log":0.0,"command_length_bucket":"none"}
{"line_no":540,"timestamp":"2026-10-02T03:11:34.341+0000","event_id":"13","channel":"Microsoft-Windows-Sysmon/Operational","image_name":"wmiadap.exe","parent_image_name":"","command_line":"","target_filename":"","registry_target_object":"HKLM\\\\SOFTWARE\\\\Microsoft\\\\Wbem\\\\PROVIDERS\\\\Performance\\\\Performance Refreshed","dns_query_name":"","powershell_encoded":0,"powershell_plain_command":0,"is_browser":0,"browser_gpu_process":0,"browser_renderer":0,"browser_utility":0,"base64_like_non_browser":0,"parent_same_image":0,"parent_is_wazuh_agent":0,"command_length_log":0.0,"command_length_bucket":"none"}
{"line_no":541,"timestamp":"2026-10-02T03:11:36.622+0000","event_id":"13","channel":"Microsoft-Windows-Sysmon/Operational","image_name":"explorer.exe","parent_image_name":"","command_line":"","target_filename":"","registry_target_object":"HKU\\\\S-1-5-21-1324826322-2293316327-2538204677-1108\\\\SOFTWARE\\\\Microsoft\\\\Windows\\\\CurrentVersion\\\\Explorer\\\\FileExts\\\\.exe\\\\OpenWithProgids\\\\exefile","dns_query_name":"","powershell_encoded":0,"powershell_plain_command":0,"is_browser":0,"browser_gpu_process":0,"browser_renderer":0,"browser_utility":0,"base64_like_non_browser":0,"parent_same_image":0,"parent_is_wazuh_agent":0,"command_length_log":0.0,"command_length_bucket":"none"}
{"line_no":542,"timestamp":"2026-10-02T03:12:23.723+0000","event_id":"4624","channel":"Security","image_name":"","parent_image_name":"","command_line":"","target_filename":"","registry_target_object":"","dns_query_name":"","powershell_encoded":0,"powershell_plain_command":0,"is_browser":0,"browser_gpu_process":0,"browser_renderer":0,"browser_utility":0,"base64_like_non_browser":0,"parent_same_image":0,"parent_is_wazuh_agent":0,"command_length_log":0.0,"command_length_bucket":"none"}
{"line_no":543,"timestamp":"2026-10-02T03:12:23.776+0000","event_id":"4672","channel":"Security","image_name":"","parent_image_name":"","command_line":"","target_filename":"","registry_target_object":"","dns_query_name":"","powershell_encoded":0,"powershell_plain_command":0,"is_browser":0,"browser_gpu_process":0,"browser_renderer":0,"browser_utility":0,"base64_like_non_browser":0,"parent_same_image":0,"parent_is_wazuh_agent":0,"command_length_log":0.0,"command_length_bucket":"none"}
{"line_no":544,"timestamp":"2026-10-02T03:12:24.697+0000","event_id":"1","channel":"Microsoft-Windows-Sysmon/Operational","image_name":"werfault.exe","parent_image_name":"svchost.exe","command_line":"werfault.exe /h /shared Global\\\\a167d493ebf946108511ccf95083def6 /t 4624 /p 4652","target_filename":"","registry_target_object":"","dns_query_name":"","powershell_encoded":0,"powershell_plain_command":0,"is_browser":0,"browser_gpu_process":0,"browser_renderer":0,"browser_utility":0,"base64_like_non_browser":0,"parent_same_image":0,"parent_is_wazuh_agent":0,"command_length_log":4.394449154672439,"command_length_bucket":"short"}
{"line_no":545,"timestamp":"2026-10-02T03:12:39.041+0000","event_id":"1","channel":"Microsoft-Windows-Sysmon/Operational","image_name":"wermgr.exe","parent_image_name":"svchost.exe","command_line":"\\\"C:\\\\Windows\\\\system32\\\\wermgr.exe\\\" -upload","target_filename":"","registry_target_object":"","dns_query_name":"","powershell_encoded":0,"powershell_plain_command":0,"is_browser":0,"browser_gpu_process":0,"browser_renderer":0,"browser_utility":0,"base64_like_non_browser":0,"parent_same_image":0,"parent_is_wazuh_agent":0,"command_length_log":3.828641396489095,"command_length_bucket":"short"}
{"line_no":546,"timestamp":"2026-10-02T03:12:39.038+0000","event_id":"1001","channel":"Application","image_name":"","parent_image_name":"","command_line":"","target_filename":"","registry_target_object":"","dns_query_name":"","powershell_encoded":0,"powershell_plain_command":0,"is_browser":0,"browser_gpu_process":0,"browser_renderer":0,"browser_utility":0,"base64_like_non_browser":0,"parent_same_image":0,"parent_is_wazuh_agent":0,"command_length_log":0.0,"command_length_bucket":"none"}
{"line_no":547,"timestamp":"2026-10-02T03:12:39.079+0000","event_id":"1","channel":"Microsoft-Windows-Sysmon/Operational","image_name":"explorer.exe","parent_image_name":"werfault.exe","command_line":"\\\"C:\\\\Windows\\\\explorer.exe\\\" /LOADSAVEDWINDOWS","target_filename":"","registry_target_object":"","dns_query_name":"","powershell_encoded":0,"powershell_plain_command":0,"is_browser":0,"browser_gpu_process":0,"browser_renderer":0,"browser_utility":0,"base64_like_non_browser":0,"parent_same_image":0,"parent_is_wazuh_agent":0,"command_length_log":3.8712010109078907,"command_length_bucket":"short"}
{"line_no":548,"timestamp":"2026-10-02T03:12:39.086+0000","event_id":"1002","channel":"Application","image_name":"","parent_image_name":"","command_line":"","target_filename":"","registry_target_object":"","dns_query_name":"","powershell_encoded":0,"powershell_plain_command":0,"is_browser":0,"browser_gpu_process":0,"browser_renderer":0,"browser_utility":0,"base64_like_non_browser":0,"parent_same_image":0,"parent_is_wazuh_agent":0,"command_length_log":0.0,"command_length_bucket":"none"}
{"line_no":549,"timestamp":"2026-10-02T03:12:40.023+0000","event_id":"13","channel":"Microsoft-Windows-Sysmon/Operational","image_name":"svchost.exe","parent_image_name":"","command_line":"","target_filename":"","registry_target_object":"\\\\REGISTRY\\\\A\\\\{b8171cb7-3894-cd12-532c-298836c8db35}\\\\Root\\\\InventoryApplicationFile\\\\werfault.exe|6ef8f048a55d3a7f\\\\LowerCaseLongPath","dns_query_name":"","powershell_encoded":0,"powershell_plain_command":0,"is_browser":0,"browser_gpu_process":0,"browser_renderer":0,"browser_utility":0,"base64_like_non_browser":0,"parent_same_image":0,"parent_is_wazuh_agent":0,"command_length_log":0.0,"command_length_bucket":"none"}
{"line_no":550,"timestamp":"2026-10-02T03:12:40.072+0000","event_id":"13","channel":"Microsoft-Windows-Sysmon/Operational","image_name":"svchost.exe","parent_image_name":"","command_line":"","target_filename":"","registry_target_object":"\\\\REGISTRY\\\\A\\\\{b8171cb7-3894-cd12-532c-298836c8db35}\\\\Root\\\\InventoryApplicationFile\\\\werfault.exe|6ef8f048a55d3a7f\\\\Publisher","dns_query_name":"","powershell_encoded":0,"powershell_plain_command":0,"is_browser":0,"browser_gpu_process":0,"browser_renderer":0,"browser_utility":0,"base64_like_non_browser":0,"parent_same_image":0,"parent_is_wazuh_agent":0,"command_length_log":0.0,"command_length_bucket":"none"}
{"line_no":551,"timestamp":"2026-10-02T03:12:40.090+0000","event_id":"13","channel":"Microsoft-Windows-Sysmon/Operational","image_name":"svchost.exe","parent_image_name":"","command_line":"","target_filename":"","registry_target_object":"\\\\REGISTRY\\\\A\\\\{b8171cb7-3894-cd12-532c-298836c8db35}\\\\Root\\\\InventoryApplicationFile\\\\werfault.exe|6ef8f048a55d3a7f\\\\LinkDate","dns_query_name":"","powershell_encoded":0,"powershell_plain_command":0,"is_browser":0,"browser_gpu_process":0,"browser_renderer":0,"browser_utility":0,"base64_like_non_browser":0,"parent_same_image":0,"parent_is_wazuh_agent":0,"command_length_log":0.0,"command_length_bucket":"none"}
{"line_no":552,"timestamp":"2026-10-02T03:12:40.092+0000","event_id":"13","channel":"Microsoft-Windows-Sysmon/Operational","image_name":"svchost.exe","parent_image_name":"","command_line":"","target_filename":"","registry_target_object":"\\\\REGISTRY\\\\A\\\\{b8171cb7-3894-cd12-532c-298836c8db35}\\\\Root\\\\InventoryApplicationFile\\\\werfault.exe|6ef8f048a55d3a7f\\\\BinProductVersion","dns_query_name":"","powershell_encoded":0,"powershell_plain_command":0,"is_browser":0,"browser_gpu_process":0,"browser_renderer":0,"browser_utility":0,"base64_like_non_browser":0,"parent_same_image":0,"parent_is_wazuh_agent":0,"command_length_log":0.0,"command_length_bucket":"none"}
{"line_no":553,"timestamp":"2026-10-02T03:12:41.560+0000","event_id":"5379","channel":"Security","image_name":"","parent_image_name":"","command_line":"","target_filename":"","registry_target_object":"","dns_query_name":"","powershell_encoded":0,"powershell_plain_command":0,"is_browser":0,"browser_gpu_process":0,"browser_renderer":0,"browser_utility":0,"base64_like_non_browser":0,"parent_same_image":0,"parent_is_wazuh_agent":0,"command_length_log":0.0,"command_length_bucket":"none"}
{"line_no":554,"timestamp":"2026-10-02T03:12:41.573+0000","event_id":"5379","channel":"Security","image_name":"","parent_image_name":"","command_line":"","target_filename":"","registry_target_object":"","dns_query_name":"","powershell_encoded":0,"powershell_plain_command":0,"is_browser":0,"browser_gpu_process":0,"browser_renderer":0,"browser_utility":0,"base64_like_non_browser":0,"parent_same_image":0,"parent_is_wazuh_agent":0,"command_length_log":0.0,"command_length_bucket":"none"}
{"line_no":555,"timestamp":"2026-10-02T03:12:41.571+0000","event_id":"5379","channel":"Security","image_name":"","parent_image_name":"","command_line":"","target_filename":"","registry_target_object":"","dns_query_name":"","powershell_encoded":0,"powershell_plain_command":0,"is_browser":0,"browser_gpu_process":0,"browser_renderer":0,"browser_utility":0,"base64_like_non_browser":0,"parent_same_image":0,"parent_is_wazuh_agent":0,"command_length_log":0.0,"command_length_bucket":"none"}
{"line_no":556,"timestamp":"2026-10-02T03:12:41.586+0000","event_id":"5379","channel":"Security","image_name":"","parent_image_name":"","command_line":"","target_filename":"","registry_target_object":"","dns_query_name":"","powershell_encoded":0,"powershell_plain_command":0,"is_browser":0,"browser_gpu_process":0,"browser_renderer":0,"browser_utility":0,"base64_like_non_browser":0,"parent_same_image":0,"parent_is_wazuh_agent":0,"command_length_log":0.0,"command_length_bucket":"none"}
{"line_no":557,"timestamp":"2026-10-02T03:12:50.822+0000","event_id":"1","channel":"Microsoft-Windows-Sysmon/Operational","image_name":"textinputhost.exe","parent_image_name":"svchost.exe","command_line":"\\\"C:\\\\Windows\\\\SystemApps\\\\MicrosoftWindows.Client.CBS_cw5n1h2txyewy\\\\TextInputHost.exe\\\" -ServerName:InputApp.AppXk0k6mrh4r2q0ct33a9wgbez0x7v9cz5y.mca","target_filename":"","registry_target_object":"","dns_query_name":"","powershell_encoded":0,"powershell_plain_command":0,"is_browser":0,"browser_gpu_process":0,"browser_renderer":0,"browser_utility":0,"base64_like_non_browser":0,"parent_same_image":0,"parent_is_wazuh_agent":0,"command_length_log":5.0238805208462765,"command_length_bucket":"medium"}
{"line_no":558,"timestamp":"2026-10-02T03:12:55.866+0000","event_id":"5379","channel":"Security","image_name":"","parent_image_name":"","command_line":"","target_filename":"","registry_target_object":"","dns_query_name":"","powershell_encoded":0,"powershell_plain_command":0,"is_browser":0,"browser_gpu_process":0,"browser_renderer":0,"browser_utility":0,"base64_like_non_browser":0,"parent_same_image":0,"parent_is_wazuh_agent":0,"command_length_log":0.0,"command_length_bucket":"none"}
{"line_no":559,"timestamp":"2026-10-02T03:12:55.874+0000","event_id":"5379","channel":"Security","image_name":"","parent_image_name":"","command_line":"","target_filename":"","registry_target_object":"","dns_query_name":"","powershell_encoded":0,"powershell_plain_command":0,"is_browser":0,"browser_gpu_process":0,"browser_renderer":0,"browser_utility":0,"base64_like_non_browser":0,"parent_same_image":0,"parent_is_wazuh_agent":0,"command_length_log":0.0,"command_length_bucket":"none"}
{"line_no":560,"timestamp":"2026-10-02T03:12:55.881+0000","event_id":"5379","channel":"Security","image_name":"","parent_image_name":"","command_line":"","target_filename":"","registry_target_object":"","dns_query_name":"","powershell_encoded":0,"powershell_plain_command":0,"is_browser":0,"browser_gpu_process":0,"browser_renderer":0,"browser_utility":0,"base64_like_non_browser":0,"parent_same_image":0,"parent_is_wazuh_agent":0,"command_length_log":0.0,"command_length_bucket":"none"}
{"line_no":561,"timestamp":"2026-10-02T03:12:55.866+0000","event_id":"5379","channel":"Security","image_name":"","parent_image_name":"","command_line":"","target_filename":"","registry_target_object":"","dns_query_name":"","powershell_encoded":0,"powershell_plain_command":0,"is_browser":0,"browser_gpu_process":0,"browser_renderer":0,"browser_utility":0,"base64_like_non_browser":0,"parent_same_image":0,"parent_is_wazuh_agent":0,"command_length_log":0.0,"command_length_bucket":"none"}
{"line_no":562,"timestamp":"2026-10-02T03:12:57.561+0000","event_id":"5379","channel":"Security","image_name":"","parent_image_name":"","command_line":"","target_filename":"","registry_target_object":"","dns_query_name":"","powershell_encoded":0,"powershell_plain_command":0,"is_browser":0,"browser_gpu_process":0,"browser_renderer":0,"browser_utility":0,"base64_like_non_browser":0,"parent_same_image":0,"parent_is_wazuh_agent":0,"command_length_log":0.0,"command_length_bucket":"none"}
{"line_no":563,"timestamp":"2026-10-02T03:12:57.615+0000","event_id":"5379","channel":"Security","image_name":"","parent_image_name":"","command_line":"","target_filename":"","registry_target_object":"","dns_query_name":"","powershell_encoded":0,"powershell_plain_command":0,"is_browser":0,"browser_gpu_process":0,"browser_renderer":0,"browser_utility":0,"base64_like_non_browser":0,"parent_same_image":0,"parent_is_wazuh_agent":0,"command_length_log":0.0,"command_length_bucket":"none"}
{"line_no":564,"timestamp":"2026-10-02T03:12:57.630+0000","event_id":"5379","channel":"Security","image_name":"","parent_image_name":"","command_line":"","target_filename":"","registry_target_object":"","dns_query_name":"","powershell_encoded":0,"powershell_plain_command":0,"is_browser":0,"browser_gpu_process":0,"browser_renderer":0,"browser_utility":0,"base64_like_non_browser":0,"parent_same_image":0,"parent_is_wazuh_agent":0,"command_length_log":0.0,"command_length_bucket":"none"}
{"line_no":565,"timestamp":"2026-10-02T03:12:57.620+0000","event_id":"5379","channel":"Security","image_name":"","parent_image_name":"","command_line":"","target_filename":"","registry_target_object":"","dns_query_name":"","powershell_encoded":0,"powershell_plain_command":0,"is_browser":0,"browser_gpu_process":0,"browser_renderer":0,"browser_utility":0,"base64_like_non_browser":0,"parent_same_image":0,"parent_is_wazuh_agent":0,"command_length_log":0.0,"command_length_bucket":"none"}
{"line_no":566,"timestamp":"2026-10-02T03:13:02.709+0000","event_id":"1001","channel":"Application","image_name":"","parent_image_name":"","command_line":"","target_filename":"","registry_target_object":"","dns_query_name":"","powershell_encoded":0,"powershell_plain_command":0,"is_browser":0,"browser_gpu_process":0,"browser_renderer":0,"browser_utility":0,"base64_like_non_browser":0,"parent_same_image":0,"parent_is_wazuh_agent":0,"command_length_log":0.0,"command_length_bucket":"none"}
{"line_no":567,"timestamp":"2026-10-02T03:13:45.010+0000","event_id":"8015","channel":"System","image_name":"","parent_image_name":"","command_line":"","target_filename":"","registry_target_object":"","dns_query_name":"","powershell_encoded":0,"powershell_plain_command":0,"is_browser":0,"browser_gpu_process":0,"browser_renderer":0,"browser_utility":0,"base64_like_non_browser":0,"parent_same_image":0,"parent_is_wazuh_agent":0,"command_length_log":0.0,"command_length_bucket":"none"}
{"line_no":568,"timestamp":"2026-10-02T03:13:54.696+0000","event_id":"1","channel":"Microsoft-Windows-Sysmon/Operational","image_name":"powershell.exe","parent_image_name":"explorer.exe","command_line":"\\\"C:\\\\Windows\\\\System32\\\\WindowsPowerShell\\\\v1.0\\\\powershell.exe\\\"","target_filename":"","registry_target_object":"","dns_query_name":"","powershell_encoded":0,"powershell_plain_command":1,"is_browser":0,"browser_gpu_process":0,"browser_renderer":0,"browser_utility":0,"base64_like_non_browser":0,"parent_same_image":0,"parent_is_wazuh_agent":0,"command_length_log":4.204692619390966,"command_length_bucket":"short"}
{"line_no":569,"timestamp":"2026-10-02T03:13:58.285+0000","event_id":"11","channel":"Microsoft-Windows-Sysmon/Operational","image_name":"powershell.exe","parent_image_name":"","command_line":"","target_filename":"C:\\\\Users\\\\nam.user\\\\AppData\\\\Local\\\\Temp\\\\__PSScriptPolicyTest_ajm3rfhr.ugl.ps1","registry_target_object":"","dns_query_name":"","powershell_encoded":0,"powershell_plain_command":0,"is_browser":0,"browser_gpu_process":0,"browser_renderer":0,"browser_utility":0,"base64_like_non_browser":0,"parent_same_image":0,"parent_is_wazuh_agent":0,"command_length_log":0.0,"command_length_bucket":"none"}
{"line_no":570,"timestamp":"2026-10-02T03:14:08.718+0000","event_id":"5379","channel":"Security","image_name":"","parent_image_name":"","command_line":"","target_filename":"","registry_target_object":"","dns_query_name":"","powershell_encoded":0,"powershell_plain_command":0,"is_browser":0,"browser_gpu_process":0,"browser_renderer":0,"browser_utility":0,"base64_like_non_browser":0,"parent_same_image":0,"parent_is_wazuh_agent":0,"command_length_log":0.0,"command_length_bucket":"none"}
{"line_no":571,"timestamp":"2026-10-02T03:14:08.731+0000","event_id":"5379","channel":"Security","image_name":"","parent_image_name":"","command_line":"","target_filename":"","registry_target_object":"","dns_query_name":"","powershell_encoded":0,"powershell_plain_command":0,"is_browser":0,"browser_gpu_process":0,"browser_renderer":0,"browser_utility":0,"base64_like_non_browser":0,"parent_same_image":0,"parent_is_wazuh_agent":0,"command_length_log":0.0,"command_length_bucket":"none"}
{"line_no":572,"timestamp":"2026-10-02T03:14:08.745+0000","event_id":"5379","channel":"Security","image_name":"","parent_image_name":"","command_line":"","target_filename":"","registry_target_object":"","dns_query_name":"","powershell_encoded":0,"powershell_plain_command":0,"is_browser":0,"browser_gpu_process":0,"browser_renderer":0,"browser_utility":0,"base64_like_non_browser":0,"parent_same_image":0,"parent_is_wazuh_agent":0,"command_length_log":0.0,"command_length_bucket":"none"}
{"line_no":573,"timestamp":"2026-10-02T03:14:08.747+0000","event_id":"5379","channel":"Security","image_name":"","parent_image_name":"","command_line":"","target_filename":"","registry_target_object":"","dns_query_name":"","powershell_encoded":0,"powershell_plain_command":0,"is_browser":0,"browser_gpu_process":0,"browser_renderer":0,"browser_utility":0,"base64_like_non_browser":0,"parent_same_image":0,"parent_is_wazuh_agent":0,"command_length_log":0.0,"command_length_bucket":"none"}
{"line_no":574,"timestamp":"2026-10-02T03:14:11.030+0000","event_id":"1","channel":"Microsoft-Windows-Sysmon/Operational","image_name":"notepad.exe","parent_image_name":"explorer.exe","command_line":"\\\"C:\\\\Windows\\\\system32\\\\notepad.exe\\\"","target_filename":"","registry_target_object":"","dns_query_name":"","powershell_encoded":0,"powershell_plain_command":0,"is_browser":0,"browser_gpu_process":0,"browser_renderer":0,"browser_utility":0,"base64_like_non_browser":0,"parent_same_image":0,"parent_is_wazuh_agent":0,"command_length_log":3.6635616461296463,"command_length_bucket":"short"}
{"line_no":575,"timestamp":"2026-10-02T03:14:19.077+0000","event_id":"1","channel":"Microsoft-Windows-Sysmon/Operational","image_name":"systeminfo.exe","parent_image_name":"powershell.exe","command_line":"\\\"C:\\\\Windows\\\\system32\\\\systeminfo.exe\\\"","target_filename":"","registry_target_object":"","dns_query_name":"","powershell_encoded":0,"powershell_plain_command":0,"is_browser":0,"browser_gpu_process":0,"browser_renderer":0,"browser_utility":0,"base64_like_non_browser":0,"parent_same_image":0,"parent_is_wazuh_agent":0,"command_length_log":3.7376696182833684,"command_length_bucket":"short"}
{"line_no":576,"timestamp":"2026-10-02T03:14:26.824+0000","event_id":"1002","channel":"Application","image_name":"","parent_image_name":"","command_line":"","target_filename":"","registry_target_object":"","dns_query_name":"","powershell_encoded":0,"powershell_plain_command":0,"is_browser":0,"browser_gpu_process":0,"browser_renderer":0,"browser_utility":0,"base64_like_non_browser":0,"parent_same_image":0,"parent_is_wazuh_agent":0,"command_length_log":0.0,"command_length_bucket":"none"}
{"line_no":577,"timestamp":"2026-10-02T03:14:26.844+0000","event_id":"1","channel":"Microsoft-Windows-Sysmon/Operational","image_name":"werfault.exe","parent_image_name":"svchost.exe","command_line":"werfault.exe /h /shared Global\\\\9af17b42bee44440ac69e1787b211e3d /t 3940 /p 4792","target_filename":"","registry_target_object":"","dns_query_name":"","powershell_encoded":0,"powershell_plain_command":0,"is_browser":0,"browser_gpu_process":0,"browser_renderer":0,"browser_utility":0,"base64_like_non_browser":0,"parent_same_image":0,"parent_is_wazuh_agent":0,"command_length_log":4.394449154672439,"command_length_bucket":"short"}
{"line_no":578,"timestamp":"2026-10-02T03:14:27.765+0000","event_id":"1","channel":"Microsoft-Windows-Sysmon/Operational","image_name":"explorer.exe","parent_image_name":"winlogon.exe","command_line":"explorer.exe","target_filename":"","registry_target_object":"","dns_query_name":"","powershell_encoded":0,"powershell_plain_command":0,"is_browser":0,"browser_gpu_process":0,"browser_renderer":0,"browser_utility":0,"base64_like_non_browser":0,"parent_same_image":0,"parent_is_wazuh_agent":0,"command_length_log":2.5649493574615367,"command_length_bucket":"short"}
{"line_no":579,"timestamp":"2026-10-02T03:14:34.820+0000","event_id":"4624","channel":"Security","image_name":"","parent_image_name":"","command_line":"","target_filename":"","registry_target_object":"","dns_query_name":"","powershell_encoded":0,"powershell_plain_command":0,"is_browser":0,"browser_gpu_process":0,"browser_renderer":0,"browser_utility":0,"base64_like_non_browser":0,"parent_same_image":0,"parent_is_wazuh_agent":0,"command_length_log":0.0,"command_length_bucket":"none"}
{"line_no":580,"timestamp":"2026-10-02T03:14:34.872+0000","event_id":"1","channel":"Microsoft-Windows-Sysmon/Operational","image_name":"trustedinstaller.exe","parent_image_name":"services.exe","command_line":"C:\\\\Windows\\\\servicing\\\\TrustedInstaller.exe","target_filename":"","registry_target_object":"","dns_query_name":"","powershell_encoded":0,"powershell_plain_command":0,"is_browser":0,"browser_gpu_process":0,"browser_renderer":0,"browser_utility":0,"base64_like_non_browser":0,"parent_same_image":0,"parent_is_wazuh_agent":0,"command_length_log":3.8066624897703196,"command_length_bucket":"short"}
{"line_no":581,"timestamp":"2026-10-02T03:14:35.024+0000","event_id":"4672","channel":"Security","image_name":"","parent_image_name":"","command_line":"","target_filename":"","registry_target_object":"","dns_query_name":"","powershell_encoded":0,"powershell_plain_command":0,"is_browser":0,"browser_gpu_process":0,"browser_renderer":0,"browser_utility":0,"base64_like_non_browser":0,"parent_same_image":0,"parent_is_wazuh_agent":0,"command_length_log":0.0,"command_length_bucket":"none"}
{"line_no":582,"timestamp":"2026-10-02T03:14:35.049+0000","event_id":"1","channel":"Microsoft-Windows-Sysmon/Operational","image_name":"tiworker.exe","parent_image_name":"svchost.exe","command_line":"C:\\\\Windows\\\\winsxs\\\\amd64_microsoft-windows-servicingstack_31bf3856ad364e35_10.0.19041.6449_none_7e0d59887c8e1467\\\\TiWorker.exe -Embedding","target_filename":"","registry_target_object":"","dns_query_name":"","powershell_encoded":0,"powershell_plain_command":0,"is_browser":0,"browser_gpu_process":0,"browser_renderer":0,"browser_utility":0,"base64_like_non_browser":0,"parent_same_image":0,"parent_is_wazuh_agent":0,"command_length_log":4.941642422609304,"command_length_bucket":"medium"}
{"line_no":583,"timestamp":"2026-10-02T03:14:40.553+0000","event_id":"1","channel":"Microsoft-Windows-Sysmon/Operational","image_name":"textinputhost.exe","parent_image_name":"svchost.exe","command_line":"\\\"C:\\\\Windows\\\\SystemApps\\\\MicrosoftWindows.Client.CBS_cw5n1h2txyewy\\\\TextInputHost.exe\\\" -ServerName:InputApp.AppXk0k6mrh4r2q0ct33a9wgbez0x7v9cz5y.mca","target_filename":"","registry_target_object":"","dns_query_name":"","powershell_encoded":0,"powershell_plain_command":0,"is_browser":0,"browser_gpu_process":0,"browser_renderer":0,"browser_utility":0,"base64_like_non_browser":0,"parent_same_image":0,"parent_is_wazuh_agent":0,"command_length_log":5.0238805208462765,"command_length_bucket":"medium"}
{"line_no":584,"timestamp":"2026-10-02T03:14:45.393+0000","event_id":"5379","channel":"Security","image_name":"","parent_image_name":"","command_line":"","target_filename":"","registry_target_object":"","dns_query_name":"","powershell_encoded":0,"powershell_plain_command":0,"is_browser":0,"browser_gpu_process":0,"browser_renderer":0,"browser_utility":0,"base64_like_non_browser":0,"parent_same_image":0,"parent_is_wazuh_agent":0,"command_length_log":0.0,"command_length_bucket":"none"}
{"line_no":585,"timestamp":"2026-10-02T03:14:45.436+0000","event_id":"5379","channel":"Security","image_name":"","parent_image_name":"","command_line":"","target_filename":"","registry_target_object":"","dns_query_name":"","powershell_encoded":0,"powershell_plain_command":0,"is_browser":0,"browser_gpu_process":0,"browser_renderer":0,"browser_utility":0,"base64_like_non_browser":0,"parent_same_image":0,"parent_is_wazuh_agent":0,"command_length_log":0.0,"command_length_bucket":"none"}
{"line_no":586,"timestamp":"2026-10-02T03:14:45.437+0000","event_id":"5379","channel":"Security","image_name":"","parent_image_name":"","command_line":"","target_filename":"","registry_target_object":"","dns_query_name":"","powershell_encoded":0,"powershell_plain_command":0,"is_browser":0,"browser_gpu_process":0,"browser_renderer":0,"browser_utility":0,"base64_like_non_browser":0,"parent_same_image":0,"parent_is_wazuh_agent":0,"command_length_log":0.0,"command_length_bucket":"none"}
{"line_no":587,"timestamp":"2026-10-02T03:14:45.437+0000","event_id":"5379","channel":"Security","image_name":"","parent_image_name":"","command_line":"","target_filename":"","registry_target_object":"","dns_query_name":"","powershell_encoded":0,"powershell_plain_command":0,"is_browser":0,"browser_gpu_process":0,"browser_renderer":0,"browser_utility":0,"base64_like_non_browser":0,"parent_same_image":0,"parent_is_wazuh_agent":0,"command_length_log":0.0,"command_length_bucket":"none"}
{"line_no":588,"timestamp":"2026-10-02T03:14:47.714+0000","event_id":"5379","channel":"Security","image_name":"","parent_image_name":"","command_line":"","target_filename":"","registry_target_object":"","dns_query_name":"","powershell_encoded":0,"powershell_plain_command":0,"is_browser":0,"browser_gpu_process":0,"browser_renderer":0,"browser_utility":0,"base64_like_non_browser":0,"parent_same_image":0,"parent_is_wazuh_agent":0,"command_length_log":0.0,"command_length_bucket":"none"}
{"line_no":589,"timestamp":"2026-10-02T03:14:47.740+0000","event_id":"5379","channel":"Security","image_name":"","parent_image_name":"","command_line":"","target_filename":"","registry_target_object":"","dns_query_name":"","powershell_encoded":0,"powershell_plain_command":0,"is_browser":0,"browser_gpu_process":0,"browser_renderer":0,"browser_utility":0,"base64_like_non_browser":0,"parent_same_image":0,"parent_is_wazuh_agent":0,"command_length_log":0.0,"command_length_bucket":"none"}
{"line_no":590,"timestamp":"2026-10-02T03:14:47.740+0000","event_id":"5379","channel":"Security","image_name":"","parent_image_name":"","command_line":"","target_filename":"","registry_target_object":"","dns_query_name":"","powershell_encoded":0,"powershell_plain_command":0,"is_browser":0,"browser_gpu_process":0,"browser_renderer":0,"browser_utility":0,"base64_like_non_browser":0,"parent_same_image":0,"parent_is_wazuh_agent":0,"command_length_log":0.0,"command_length_bucket":"none"}
{"line_no":591,"timestamp":"2026-10-02T03:14:47.782+0000","event_id":"5379","channel":"Security","image_name":"","parent_image_name":"","command_line":"","target_filename":"","registry_target_object":"","dns_query_name":"","powershell_encoded":0,"powershell_plain_command":0,"is_browser":0,"browser_gpu_process":0,"browser_renderer":0,"browser_utility":0,"base64_like_non_browser":0,"parent_same_image":0,"parent_is_wazuh_agent":0,"command_length_log":0.0,"command_length_bucket":"none"}
{"line_no":592,"timestamp":"2026-10-02T03:14:55.092+0000","event_id":"13","channel":"Microsoft-Windows-Sysmon/Operational","image_name":"svchost.exe","parent_image_name":"","command_line":"","target_filename":"","registry_target_object":"\\\\REGISTRY\\\\A\\\\{b8171cb7-3894-cd12-532c-298836c8db35}\\\\Root\\\\InventoryApplicationFile\\\\systeminfo.exe|73ab134f29142e6e\\\\LowerCaseLongPath","dns_query_name":"","powershell_encoded":0,"powershell_plain_command":0,"is_browser":0,"browser_gpu_process":0,"browser_renderer":0,"browser_utility":0,"base64_like_non_browser":0,"parent_same_image":0,"parent_is_wazuh_agent":0,"command_length_log":0.0,"command_length_bucket":"none"}
{"line_no":593,"timestamp":"2026-10-02T03:14:55.112+0000","event_id":"13","channel":"Microsoft-Windows-Sysmon/Operational","image_name":"svchost.exe","parent_image_name":"","command_line":"","target_filename":"","registry_target_object":"\\\\REGISTRY\\\\A\\\\{b8171cb7-3894-cd12-532c-298836c8db35}\\\\Root\\\\InventoryApplicationFile\\\\systeminfo.exe|73ab134f29142e6e\\\\LinkDate","dns_query_name":"","powershell_encoded":0,"powershell_plain_command":0,"is_browser":0,"browser_gpu_process":0,"browser_renderer":0,"browser_utility":0,"base64_like_non_browser":0,"parent_same_image":0,"parent_is_wazuh_agent":0,"command_length_log":0.0,"command_length_bucket":"none"}
{"line_no":594,"timestamp":"2026-10-02T03:14:55.112+0000","event_id":"13","channel":"Microsoft-Windows-Sysmon/Operational","image_name":"svchost.exe","parent_image_name":"","command_line":"","target_filename":"","registry_target_object":"\\\\REGISTRY\\\\A\\\\{b8171cb7-3894-cd12-532c-298836c8db35}\\\\Root\\\\InventoryApplicationFile\\\\systeminfo.exe|73ab134f29142e6e\\\\Publisher","dns_query_name":"","powershell_encoded":0,"powershell_plain_command":0,"is_browser":0,"browser_gpu_process":0,"browser_renderer":0,"browser_utility":0,"base64_like_non_browser":0,"parent_same_image":0,"parent_is_wazuh_agent":0,"command_length_log":0.0,"command_length_bucket":"none"}
{"line_no":595,"timestamp":"2026-10-02T03:14:55.121+0000","event_id":"13","channel":"Microsoft-Windows-Sysmon/Operational","image_name":"svchost.exe","parent_image_name":"","command_line":"","target_filename":"","registry_target_object":"\\\\REGISTRY\\\\A\\\\{b8171cb7-3894-cd12-532c-298836c8db35}\\\\Root\\\\InventoryApplicationFile\\\\systeminfo.exe|73ab134f29142e6e\\\\BinProductVersion","dns_query_name":"","powershell_encoded":0,"powershell_plain_command":0,"is_browser":0,"browser_gpu_process":0,"browser_renderer":0,"browser_utility":0,"base64_like_non_browser":0,"parent_same_image":0,"parent_is_wazuh_agent":0,"command_length_log":0.0,"command_length_bucket":"none"}
{"line_no":596,"timestamp":"2026-10-02T03:15:30.349+0000","event_id":"1","channel":"Microsoft-Windows-Sysmon/Operational","image_name":"ping.exe","parent_image_name":"powershell.exe","command_line":"\\\"C:\\\\Windows\\\\system32\\\\PING.EXE\\\" 192.168.50.30","target_filename":"","registry_target_object":"","dns_query_name":"","powershell_encoded":0,"powershell_plain_command":0,"is_browser":0,"browser_gpu_process":0,"browser_renderer":0,"browser_utility":0,"base64_like_non_browser":0,"parent_same_image":0,"parent_is_wazuh_agent":0,"command_length_log":3.912023005428146,"command_length_bucket":"short"}
{"line_no":597,"timestamp":"2026-10-02T03:15:34.017+0000","event_id":"13","channel":"Microsoft-Windows-Sysmon/Operational","image_name":"svchost.exe","parent_image_name":"","command_line":"","target_filename":"","registry_target_object":"\\\\REGISTRY\\\\A\\\\{b8171cb7-3894-cd12-532c-298836c8db35}\\\\Root\\\\InventoryApplicationFile\\\\ping.exe|35b40d95092b2146\\\\LowerCaseLongPath","dns_query_name":"","powershell_encoded":0,"powershell_plain_command":0,"is_browser":0,"browser_gpu_process":0,"browser_renderer":0,"browser_utility":0,"base64_like_non_browser":0,"parent_same_image":0,"parent_is_wazuh_agent":0,"command_length_log":0.0,"command_length_bucket":"none"}
{"line_no":598,"timestamp":"2026-10-02T03:15:34.025+0000","event_id":"13","channel":"Microsoft-Windows-Sysmon/Operational","image_name":"svchost.exe","parent_image_name":"","command_line":"","target_filename":"","registry_target_object":"\\\\REGISTRY\\\\A\\\\{b8171cb7-3894-cd12-532c-298836c8db35}\\\\Root\\\\InventoryApplicationFile\\\\ping.exe|35b40d95092b2146\\\\Publisher","dns_query_name":"","powershell_encoded":0,"powershell_plain_command":0,"is_browser":0,"browser_gpu_process":0,"browser_renderer":0,"browser_utility":0,"base64_like_non_browser":0,"parent_same_image":0,"parent_is_wazuh_agent":0,"command_length_log":0.0,"command_length_bucket":"none"}
