{"line_no":453,"timestamp":"2026-10-02T03:09:11.673+0000","event_id":"5379","channel":"Security","image_name":"","parent_image_name":"","command_line":"","target_filename":"","registry_target_object":"","dns_query_name":"","powershell_encoded":0,"powershell_plain_command":0,"is_browser":0,"browser_gpu_process":0,"browser_renderer":0,"browser_utility":0,"base64_like_non_browser":0,"parent_same_image":0,"parent_is_wazuh_agent":0,"command_length_log":0.0,"command_length_bucket":"none"}
{"line_no":454,"timestamp":"2026-10-02T03:09:11.676+0000","event_id":"5379","channel":"Security","image_name":"","parent_image_name":"","command_line":"","target_filename":"","registry_target_object":"","dns_query_name":"","powershell_encoded":0,"powershell_plain_command":0,"is_browser":0,"browser_gpu_process":0,"browser_renderer":0,"browser_utility":0,"base64_like_non_browser":0,"parent_same_image":0,"parent_is_wazuh_agent":0,"command_length_log":0.0,"command_length_bucket":"none"}
{"line_no":455,"timestamp":"2026-10-02T03:09:12.887+0000","event_id":"0","channel":"Application","image_name":"","parent_image_name":"","command_line":"","target_filename":"","registry_target_object":"","dns_query_name":"","powershell_encoded":0,"powershell_plain_command":0,"is_browser":0,"browser_gpu_process":0,"browser_renderer":0,"browser_utility":0,"base64_like_non_browser":0,"parent_same_image":0,"parent_is_wazuh_agent":0,"command_length_log":0.0,"command_length_bucket":"none"}
{"line_no":456,"timestamp":"2026-10-02T03:09:12.972+0000","event_id":"1","channel":"Microsoft-Windows-Sysmon/Operational","image_name":"msedgewebview2.exe","parent_image_name":"msedgewebview2.exe","command_line":"\\\"C:\\\\Program Files (x86)\\\\Microsoft\\\\EdgeWebView\\\\Application\\\\154.0.4258.48\\\\msedgewebview2.exe\\\" --type=renderer --noerrdialogs --user-data-dir=\\\"C:\\\\Users\\\\nam.user\\\\AppData\\\\Local\\\\Packages\\\\Microsoft.MicrosoftOfficeHub_8wekyb3d8bbwe\\\\LocalState\\\\EBWebView\\\" --webview-exe-name=M365Copilot.exe --webview-exe-version=19.2609.52011.0 --embedded-browser-webview=1 --embedded-browser-webview-dpi-awareness=2 --disable-gpu-compositing --video-capture-use-gpu-memory-buffer --lang=en-US --js-flags --device-scale-factor=1 --num-raster-threads=1 --renderer-client-id=18 --skip-read-main-dll --launch-time-ticks=198805024 --metrics-shmem-handle=5900,i,11234463148384588155,18001979633444394351,1048576 --field-trial-handle=2024,i,17997923285045663805,6945669727337648643,262144 --enable-features=msSingleSignOnOSForPrimaryAccountIsShared --disable-features=msEnhancedTrackingPreventionEnabled --variations-seed-version --pseudonymization-salt-handle=2028,i,10363675654584423323,14711617210225985604,4 --trace-process-track-uuid=3190709003178624776 --mojo-platform-channel-handle=5568 /prefetch:1","target_filename":"","registry_target_object":"","dns_query_name":"","powershell_encoded":0,"powershell_plain_command":0,"is_browser":1,"browser_gpu_process":0,"browser_renderer":1,"browser_utility":0,"base64_like_non_browser":0,"parent_same_image":1,"parent_is_wazuh_agent":0,"command_length_log":6.996681488176539,"command_length_bucket":"very_long"}
{"line_no":457,"timestamp":"2026-10-02T03:09:12.973+0000","event_id":"1","channel":"Microsoft-Windows-Sysmon/Operational","image_name":"notepad.exe","parent_image_name":"","command_line":"\\\"C:\\\\Windows\\\\system32\\\\notepad.exe\\\"","target_filename":"","registry_target_object":"","dns_query_name":"","powershell_encoded":0,"powershell_plain_command":0,"is_browser":0,"browser_gpu_process":0,"browser_renderer":0,"browser_utility":0,"base64_like_non_browser":0,"parent_same_image":0,"parent_is_wazuh_agent":0,"command_length_log":3.6635616461296463,"command_length_bucket":"short"}
{"line_no":458,"timestamp":"2026-10-02T03:09:25.083+0000","event_id":"1","channel":"Microsoft-Windows-Sysmon/Operational","image_name":"msedgewebview2.exe","parent_image_name":"msedgewebview2.exe","command_line":"\\\"C:\\\\Program Files (x86)\\\\Microsoft\\\\EdgeWebView\\\\Application\\\\154.0.4258.48\\\\msedgewebview2.exe\\\" --type=renderer --noerrdialogs --user-data-dir=\\\"C:\\\\Users\\\\nam.user\\\\AppData\\\\Local\\\\Packages\\\\Microsoft.MicrosoftOfficeHub_8wekyb3d8bbwe\\\\LocalState\\\\EBWebView\\\" --webview-exe-name=M365Copilot.exe --webview-exe-version=19.2609.52011.0 --embedded-browser-webview=1 --embedded-browser-webview-dpi-awareness=2 --disable-gpu-compositing --video-capture-use-gpu-memory-buffer --lang=en-US --js-flags --device-scale-factor=1 --num-raster-threads=1 --renderer-client-id=20 --skip-read-main-dll --launch-time-ticks=210993768 --metrics-shmem-handle=5416,i,684503445017807578,5493025757672125232,1048576 --field-trial-handle=2024,i,17997923285045663805,6945669727337648643,262144 --enable-features=msSingleSignOnOSForPrimaryAccountIsShared --disable-features=msEnhancedTrackingPreventionEnabled --variations-seed-version --pseudonymization-salt-handle=2028,i,10363675654584423323,14711617210225985604,4 --trace-process-track-uuid=3190709005052708474 --mojo-platform-channel-handle=824 /prefetch:1","target_filename":"","registry_target_object":"","dns_query_name":"","powershell_encoded":0,"powershell_plain_command":0,"is_browser":1,"browser_gpu_process":0,"browser_renderer":1,"browser_utility":0,"base64_like_non_browser":0,"parent_same_image":1,"parent_is_wazuh_agent":0,"command_length_log":6.9930151229329605,"command_length_bucket":"very_long"}
{"line_no":459,"timestamp":"2026-10-02T03:09:25.069+0000","event_id":"1","channel":"Microsoft-Windows-Sysmon/Operational","image_name":"msedgewebview2.exe","parent_image_name":"msedgewebview2.exe","command_line":"\\\"C:\\\\Program Files (x86)\\\\Microsoft\\\\EdgeWebView\\\\Application\\\\154.0.4258.48\\\\msedgewebview2.exe\\\" --type=renderer --noerrdialogs --user-data-dir=\\\"C:\\\\Users\\\\nam.user\\\\AppData\\\\Local\\\\Packages\\\\Microsoft.MicrosoftOfficeHub_8wekyb3d8bbwe\\\\LocalState\\\\EBWebView\\\" --webview-exe-name=M365Copilot.exe --webview-exe-version=19.2609.52011.0 --embedded-browser-webview=1 --embedded-browser-webview-dpi-awareness=2 --disable-gpu-compositing --video-capture-use-gpu-memory-buffer --lang=en-US --js-flags --device-scale-factor=1 --num-raster-threads=1 --renderer-client-id=19 --skip-read-main-dll --launch-time-ticks=210914189 --metrics-shmem-handle=5632,i,2337817613847425055,16543541053825555360,1048576 --field-trial-handle=2024,i,17997923285045663805,6945669727337648643,262144 --enable-features=msSingleSignOnOSForPrimaryAccountIsShared --disable-features=msEnhancedTrackingPreventionEnabled --variations-seed-version --pseudonymization-salt-handle=2028,i,10363675654584423323,14711617210225985604,4 --trace-process-track-uuid=3190709004115666625 --mojo-platform-channel-handle=5836 /prefetch:1","target_filename":"","registry_target_object":"","dns_query_name":"","powershell_encoded":0,"powershell_plain_command":0,"is_browser":1,"browser_gpu_process":0,"browser_renderer":1,"browser_utility":0,"base64_like_non_browser":0,"parent_same_image":1,"parent_is_wazuh_agent":0,"command_length_log":6.9957661563048505,"command_length_bucket":"very_long"}
{"line_no":460,"timestamp":"2026-10-02T03:09:35.160+0000","event_id":"1","channel":"Microsoft-Windows-Sysmon/Operational","image_name":"msedgewebview2.exe","parent_image_name":"msedgewebview2.exe","command_line":"\\\"C:\\\\Program Files (x86)\\\\Microsoft\\\\EdgeWebView\\\\Application\\\\154.0.4258.48\\\\msedgewebview2.exe\\\" --type=renderer --noerrdialogs --user-data-dir=\\\"C:\\\\Users\\\\nam.user\\\\AppData\\\\Local\\\\Packages\\\\Microsoft.MicrosoftOfficeHub_8wekyb3d8bbwe\\\\LocalState\\\\EBWebView\\\" --webview-exe-name=M365Copilot.exe --webview-exe-version=19.2609.52011.0 --embedded-browser-webview=1 --embedded-browser-webview-dpi-awareness=2 --disable-gpu-compositing --video-capture-use-gpu-memory-buffer --lang=en-US --js-flags --device-scale-factor=1 --num-raster-threads=1 --renderer-client-id=21 --ram-no-pressure-read-main-dll --launch-time-ticks=220990114 --metrics-shmem-handle=4312,i,9155320550385739159,17950570918892965278,1048576 --field-trial-handle=2024,i,17997923285045663805,6945669727337648643,262144 --enable-features=msSingleSignOnOSForPrimaryAccountIsShared --disable-features=msEnhancedTrackingPreventionEnabled --variations-seed-version --pseudonymization-salt-handle=2028,i,10363675654584423323,14711617210225985604,4 --trace-process-track-uuid=3190709005989750323 --mojo-platform-channel-handle=5772 /prefetch:1","target_filename":"","registry_target_object":"","dns_query_name":"","powershell_encoded":0,"powershell_plain_command":0,"is_browser":1,"browser_gpu_process":0,"browser_renderer":1,"browser_utility":0,"base64_like_non_browser":0,"parent_same_image":1,"parent_is_wazuh_agent":0,"command_length_log":7.005789019253503,"command_length_bucket":"very_long"}
{"line_no":461,"timestamp":"2026-10-02T03:09:44.914+0000","event_id":"8015","channel":"System","image_name":"","parent_image_name":"","command_line":"","target_filename":"","registry_target_object":"","dns_query_name":"","powershell_encoded":0,"powershell_plain_command":0,"is_browser":0,"browser_gpu_process":0,"browser_renderer":0,"browser_utility":0,"base64_like_non_browser":0,"parent_same_image":0,"parent_is_wazuh_agent":0,"command_length_log":0.0,"command_length_bucket":"none"}
{"line_no":462,"timestamp":"2026-10-02T03:09:47.271+0000","event_id":"1","channel":"Microsoft-Windows-Sysmon/Operational","image_name":"msedgewebview2.exe","parent_image_name":"msedgewebview2.exe","command_line":"\\\"C:\\\\Program Files (x86)\\\\Microsoft\\\\EdgeWebView\\\\Application\\\\154.0.4258.48\\\\msedgewebview2.exe\\\" --type=renderer --noerrdialogs --user-data-dir=\\\"C:\\\\Users\\\\nam.user\\\\AppData\\\\Local\\\\Packages\\\\Microsoft.MicrosoftOfficeHub_8wekyb3d8bbwe\\\\LocalState\\\\EBWebView\\\" --webview-exe-name=M365Copilot.exe --webview-exe-version=19.2609.52011.0 --embedded-browser-webview=1 --embedded-browser-webview-dpi-awareness=2 --disable-gpu-compositing --video-capture-use-gpu-memory-buffer --lang=en-US --js-flags --device-scale-factor=1 --num-raster-threads=1 --renderer-client-id=22 --skip-read-main-dll --launch-time-ticks=233101275 --metrics-shmem-handle=5644,i,13753253821938911508,12111620963854300347,1048576 --field-trial-handle=2024,i,17997923285045663805,6945669727337648643,262144 --enable-features=msSingleSignOnOSForPrimaryAccountIsShared --disable-features=msEnhancedTrackingPreventionEnabled --variations-seed-version --pseudonymization-salt-handle=2028,i,10363675654584423323,14711617210225985604,4 --trace-process-track-uuid=3190709006926792172 --mojo-platform-channel-handle=5800 /prefetch:1","target_filename":"","registry_target_object":"","dns_query_name":"","powershell_encoded":0,"powershell_plain_command":0,"is_browser":1,"browser_gpu_process":0,"browser_renderer":1,"browser_utility":0,"base64_like_non_browser":0,"parent_same_image":1,"parent_is_wazuh_agent":0,"command_length_log":6.996681488176539,"command_length_bucket":"very_long"}
{"line_no":463,"timestamp":"2026-10-02T03:09:47.273+0000","event_id":"1","channel":"Microsoft-Windows-Sysmon/Operational","image_name":"msedgewebview2.exe","parent_image_name":"msedgewebview2.exe","command_line":"\\\"C:\\\\Program Files (x86)\\\\Microsoft\\\\EdgeWebView\\\\Application\\\\154.0.4258.48\\\\msedgewebview2.exe\\\" --type=renderer --noerrdialogs --user-data-dir=\\\"C:\\\\Users\\\\nam.user\\\\AppData\\\\Local\\\\Packages\\\\Microsoft.MicrosoftOfficeHub_8wekyb3d8bbwe\\\\LocalState\\\\EBWebView\\\" --webview-exe-name=M365Copilot.exe --webview-exe-version=19.2609.52011.0 --embedded-browser-webview=1 --embedded-browser-webview-dpi-awareness=2 --disable-gpu-compositing --video-capture-use-gpu-memory-buffer --lang=en-US --js-flags --device-scale-factor=1 --num-raster-threads=1 --renderer-client-id=23 --skip-read-main-dll --launch-time-ticks=233188778 --metrics-shmem-handle=5344,i,8964682592574319245,10929173789171557512,1048576 --field-trial-handle=2024,i,17997923285045663805,6945669727337648643,262144 --enable-features=msSingleSignOnOSForPrimaryAccountIsShared --disable-features=msEnhancedTrackingPreventionEnabled --variations-seed-version --pseudonymization-salt-handle=2028,i,10363675654584423323,14711617210225985604,4 --trace-process-track-uuid=3190709007863834021 --mojo-platform-channel-handle=5504 /prefetch:1","target_filename":"","registry_target_object":"","dns_query_name":"","powershell_encoded":0,"powershell_plain_command":0,"is_browser":1,"browser_gpu_process":0,"browser_renderer":1,"browser_utility":0,"base64_like_non_browser":0,"parent_same_image":1,"parent_is_wazuh_agent":0,"command_length_log":6.9957661563048505,"command_length_bucket":"very_long"}
{"line_no":464,"timestamp":"2026-10-02T03:09:48.649+0000","event_id":"22","channel":"Microsoft-Windows-Sysmon/Operational","image_name":"svchost.exe","parent_image_name":"","command_line":"","target_filename":"","registry_target_object":"","dns_query_name":"wpad.SOC-LAB.LOCAL","powershell_encoded":0,"powershell_plain_command":0,"is_browser":0,"browser_gpu_process":0,"browser_renderer":0,"browser_utility":0,"base64_like_non_browser":0,"parent_same_image":0,"parent_is_wazuh_agent":0,"command_length_log":0.0,"command_length_bucket":"none"}
{"line_no":465,"timestamp":"2026-10-02T03:10:03.132+0000","event_id":"1","channel":"Microsoft-Windows-Sysmon/Operational","image_name":"wermgr.exe","parent_image_name":"svchost.exe","command_line":"\\\"C:\\\\Windows\\\\system32\\\\wermgr.exe\\\" -upload","target_filename":"","registry_target_object":"","dns_query_name":"","powershell_encoded":0,"powershell_plain_command":0,"is_browser":0,"browser_gpu_process":0,"browser_renderer":0,"browser_utility":0,"base64_like_non_browser":0,"parent_same_image":0,"parent_is_wazuh_agent":0,"command_length_log":3.828641396489095,"command_length_bucket":"short"}
{"line_no":466,"timestamp":"2026-10-02T03:10:03.144+0000","event_id":"1","channel":"Microsoft-Windows-Sysmon/Operational","image_name":"clipesu.exe","parent_image_name":"svchost.exe","command_line":"\\\"C:\\\\Windows\\\\system32\\\\clipesu.exe\\\" -e","target_filename":"","registry_target_object":"","dns_query_name":"","powershell_encoded":0,"powershell_plain_command":0,"is_browser":0,"browser_gpu_process":0,"browser_renderer":0,"browser_utility":0,"base64_like_non_browser":0,"parent_same_image":0,"parent_is_wazuh_agent":0,"command_length_log":3.7376696182833684,"command_length_bucket":"short"}
{"line_no":467,"timestamp":"2026-10-02T03:10:03.147+0000","event_id":"1","channel":"Microsoft-Windows-Sysmon/Operational","image_name":"devicecensus.exe","parent_image_name":"svchost.exe","command_line":"\\\"C:\\\\Windows\\\\system32\\\\devicecensus.exe\\\" SystemCxt","target_filename":"","registry_target_object":"","dns_query_name":"","powershell_encoded":0,"powershell_plain_command":0,"is_browser":0,"browser_gpu_process":0,"browser_renderer":0,"browser_utility":0,"base64_like_non_browser":0,"parent_same_image":0,"parent_is_wazuh_agent":0,"command_length_log":3.9889840465642745,"command_length_bucket":"short"}
{"line_no":468,"timestamp":"2026-10-02T03:10:03.160+0000","event_id":"1","channel":"Microsoft-Windows-Sysmon/Operational","image_name":"microsoftedgeupdate.exe","parent_image_name":"svchost.exe","command_line":"\\\"C:\\\\Program Files (x86)\\\\Microsoft\\\\EdgeUpdate\\\\MicrosoftEdgeUpdate.exe\\\" /ua /installsource scheduler","target_filename":"","registry_target_object":"","dns_query_name":"","powershell_encoded":0,"powershell_plain_command":0,"is_browser":0,"browser_gpu_process":0,"browser_renderer":0,"browser_utility":0,"base64_like_non_browser":0,"parent_same_image":0,"parent_is_wazuh_agent":0,"command_length_log":4.653960350157523,"command_length_bucket":"medium"}
{"line_no":469,"timestamp":"2026-10-02T03:10:03.201+0000","event_id":"1","channel":"Microsoft-Windows-Sysmon/Operational","image_name":"clipesuconsumer.exe","parent_image_name":"svchost.exe","command_line":"\\\"C:\\\\Windows\\\\system32\\\\ClipESUConsumer.exe\\\" -evaluateEligibility","target_filename":"","registry_target_object":"","dns_query_name":"","powershell_encoded":0,"powershell_plain_command":0,"is_browser":0,"browser_gpu_process":0,"browser_renderer":0,"browser_utility":0,"base64_like_non_browser":0,"parent_same_image":0,"parent_is_wazuh_agent":0,"command_length_log":4.219507705176107,"command_length_bucket":"short"}
{"line_no":470,"timestamp":"2026-10-02T03:10:03.207+0000","event_id":"1","channel":"Microsoft-Windows-Sysmon/Operational","image_name":"gpupdate.exe","parent_image_name":"svchost.exe","command_line":"\\\"gpupdate.exe\\\" /target:user","target_filename":"","registry_target_object":"","dns_query_name":"","powershell_encoded":0,"powershell_plain_command":0,"is_browser":0,"browser_gpu_process":0,"browser_renderer":0,"browser_utility":0,"base64_like_non_browser":0,"parent_same_image":0,"parent_is_wazuh_agent":0,"command_length_log":3.4011973816621555,"command_length_bucket":"short"}
{"line_no":471,"timestamp":"2026-10-02T03:10:03.223+0000","event_id":"1","channel":"Microsoft-Windows-Sysmon/Operational","image_name":"usoclient.exe","parent_image_name":"svchost.exe","command_line":"\\\"C:\\\\Windows\\\\system32\\\\usoclient.exe\\\" StartScan","target_filename":"","registry_target_object":"","dns_query_name":"","powershell_encoded":0,"powershell_plain_command":0,"is_browser":0,"browser_gpu_process":0,"browser_renderer":0,"browser_utility":0,"base64_like_non_browser":0,"parent_same_image":0,"parent_is_wazuh_agent":0,"command_length_log":3.9318256327243257,"command_length_bucket":"short"}
{"line_no":472,"timestamp":"2026-10-02T03:10:03.238+0000","event_id":"1","channel":"Microsoft-Windows-Sysmon/Operational","image_name":"taskhostw.exe","parent_image_name":"svchost.exe","command_line":"taskhostw.exe","target_filename":"","registry_target_object":"","dns_query_name":"","powershell_encoded":0,"powershell_plain_command":0,"is_browser":0,"browser_gpu_process":0,"browser_renderer":0,"browser_utility":0,"base64_like_non_browser":0,"parent_same_image":0,"parent_is_wazuh_agent":0,"command_length_log":2.639057329615259,"command_length_bucket":"short"}
{"line_no":473,"timestamp":"2026-10-02T03:10:03.254+0000","event_id":"1","channel":"Microsoft-Windows-Sysmon/Operational","image_name":"sc.exe","parent_image_name":"svchost.exe","command_line":"\\\"C:\\\\Windows\\\\system32\\\\sc.exe\\\" start pushtoinstall registration","target_filename":"","registry_target_object":"","dns_query_name":"","powershell_encoded":0,"powershell_plain_command":0,"is_browser":0,"browser_gpu_process":0,"browser_renderer":0,"browser_utility":0,"base64_like_non_browser":0,"parent_same_image":0,"parent_is_wazuh_agent":0,"command_length_log":4.204692619390966,"command_length_bucket":"short"}
{"line_no":474,"timestamp":"2026-10-02T03:10:03.269+0000","event_id":"1","channel":"Microsoft-Windows-Sysmon/Operational","image_name":"sc.exe","parent_image_name":"svchost.exe","command_line":"\\\"C:\\\\Windows\\\\system32\\\\sc.exe\\\" start wuauserv","target_filename":"","registry_target_object":"","dns_query_name":"","powershell_encoded":0,"powershell_plain_command":0,"is_browser":0,"browser_gpu_process":0,"browser_renderer":0,"browser_utility":0,"base64_like_non_browser":0,"parent_same_image":0,"parent_is_wazuh_agent":0,"command_length_log":3.8918202981106265,"command_length_bucket":"short"}
{"line_no":475,"timestamp":"2026-10-02T03:10:03.286+0000","event_id":"1","channel":"Microsoft-Windows-Sysmon/Operational","image_name":"plugscheduler.exe","parent_image_name":"svchost.exe","command_line":"\\\"C:\\\\Program Files\\\\RUXIM\\\\PLUGscheduler.exe\\\"","target_filename":"","registry_target_object":"","dns_query_name":"","powershell_encoded":0,"powershell_plain_command":0,"is_browser":0,"browser_gpu_process":0,"browser_renderer":0,"browser_utility":0,"base64_like_non_browser":0,"parent_same_image":0,"parent_is_wazuh_agent":0,"command_length_log":3.8712010109078907,"command_length_bucket":"short"}
{"line_no":476,"timestamp":"2026-10-02T03:10:03.301+0000","event_id":"1","channel":"Microsoft-Windows-Sysmon/Operational","image_name":"gpupdate.exe","parent_image_name":"svchost.exe","command_line":"\\\"gpupdate.exe\\\" /target:computer","target_filename":"","registry_target_object":"","dns_query_name":"","powershell_encoded":0,"powershell_plain_command":0,"is_browser":0,"browser_gpu_process":0,"browser_renderer":0,"browser_utility":0,"base64_like_non_browser":0,"parent_same_image":0,"parent_is_wazuh_agent":0,"command_length_log":3.5263605246161616,"command_length_bucket":"short"}
{"line_no":477,"timestamp":"2026-10-02T03:10:03.331+0000","event_id":"1","channel":"Microsoft-Windows-Sysmon/Operational","image_name":"rundll32.exe","parent_image_name":"svchost.exe","command_line":"\\\"C:\\\\Windows\\\\system32\\\\rundll32.exe\\\" C:\\\\Windows\\\\system32\\\\PcaSvc.dll,PcaPatchSdbTask","target_filename":"","registry_target_object":"","dns_query_name":"","powershell_encoded":0,"powershell_plain_command":0,"is_browser":0,"browser_gpu_process":0,"browser_renderer":0,"browser_utility":0,"base64_like_non_browser":0,"parent_same_image":0,"parent_is_wazuh_agent":0,"command_length_log":4.499809670330265,"command_length_bucket":"medium"}
{"line_no":478,"timestamp":"2026-10-02T03:10:03.336+0000","event_id":"1","channel":"Microsoft-Windows-Sysmon/Operational","image_name":"wsqmcons.exe","parent_image_name":"svchost.exe","command_line":"\\\"C:\\\\Windows\\\\System32\\\\wsqmcons.exe\\\"","target_filename":"","registry_target_object":"","dns_query_name":"","powershell_encoded":0,"powershell_plain_command":0,"is_browser":0,"browser_gpu_process":0,"browser_renderer":0,"browser_utility":0,"base64_like_non_browser":0,"parent_same_image":0,"parent_is_wazuh_agent":0,"command_length_log":3.6888794541139363,"command_length_bucket":"short"}
{"line_no":479,"timestamp":"2026-10-02T03:10:03.348+0000","event_id":"1","channel":"Microsoft-Windows-Sysmon/Operational","image_name":"wmiadap.exe","parent_image_name":"svchost.exe","command_line":"wmiadap.exe /F /T /R","target_filename":"","registry_target_object":"","dns_query_name":"","powershell_encoded":0,"powershell_plain_command":0,"is_browser":0,"browser_gpu_process":0,"browser_renderer":0,"browser_utility":0,"base64_like_non_browser":0,"parent_same_image":0,"parent_is_wazuh_agent":0,"command_length_log":3.044522437723423,"command_length_bucket":"short"}
{"line_no":480,"timestamp":"2026-10-02T03:10:04.928+0000","event_id":"1","channel":"Microsoft-Windows-Sysmon/Operational","image_name":"mousocoreworker.exe","parent_image_name":"svchost.exe","command_line":"C:\\\\Windows\\\\System32\\\\mousocoreworker.exe -Embedding","target_filename":"","registry_target_object":"","dns_query_name":"","powershell_encoded":0,"powershell_plain_command":0,"is_browser":0,"browser_gpu_process":0,"browser_renderer":0,"browser_utility":0,"base64_like_non_browser":0,"parent_same_image":0,"parent_is_wazuh_agent":0,"command_length_log":3.9889840465642745,"command_length_bucket":"short"}
{"line_no":481,"timestamp":"2026-10-02T03:10:06.814+0000","event_id":"4624","channel":"Security","image_name":"","parent_image_name":"","command_line":"","target_filename":"","registry_target_object":"","dns_query_name":"","powershell_encoded":0,"powershell_plain_command":0,"is_browser":0,"browser_gpu_process":0,"browser_renderer":0,"browser_utility":0,"base64_like_non_browser":0,"parent_same_image":0,"parent_is_wazuh_agent":0,"command_length_log":0.0,"command_length_bucket":"none"}
{"line_no":482,"timestamp":"2026-10-02T03:10:06.821+0000","event_id":"4672","channel":"Security","image_name":"","parent_image_name":"","command_line":"","target_filename":"","registry_target_object":"","dns_query_name":"","powershell_encoded":0,"powershell_plain_command":0,"is_browser":0,"browser_gpu_process":0,"browser_renderer":0,"browser_utility":0,"base64_like_non_browser":0,"parent_same_image":0,"parent_is_wazuh_agent":0,"command_length_log":0.0,"command_length_bucket":"none"}
{"line_no":483,"timestamp":"2026-10-02T03:10:06.863+0000","event_id":"1","channel":"Microsoft-Windows-Sysmon/Operational","image_name":"svchost.exe","parent_image_name":"services.exe","command_line":"C:\\\\Windows\\\\system32\\\\svchost.exe -k wusvcs -p","target_filename":"","registry_target_object":"","dns_query_name":"","powershell_encoded":0,"powershell_plain_command":0,"is_browser":0,"browser_gpu_process":0,"browser_renderer":0,"browser_utility":0,"base64_like_non_browser":0,"parent_same_image":0,"parent_is_wazuh_agent":0,"command_length_log":3.8712010109078907,"command_length_bucket":"short"}
{"line_no":484,"timestamp":"2026-10-02T03:10:08.138+0000","event_id":"16394","channel":"Application","image_name":"","parent_image_name":"","command_line":"","target_filename":"","registry_target_object":"","dns_query_name":"","powershell_encoded":0,"powershell_plain_command":0,"is_browser":0,"browser_gpu_process":0,"browser_renderer":0,"browser_utility":0,"base64_like_non_browser":0,"parent_same_image":0,"parent_is_wazuh_agent":0,"command_length_log":0.0,"command_length_bucket":"none"}
{"line_no":485,"timestamp":"2026-10-02T03:10:09.662+0000","event_id":"1","channel":"Microsoft-Windows-Sysmon/Operational","image_name":"msedgewebview2.exe","parent_image_name":"msedgewebview2.exe","command_line":"\\\"C:\\\\Program Files (x86)\\\\Microsoft\\\\EdgeWebView\\\\Application\\\\154.0.4258.48\\\\msedgewebview2.exe\\\" --type=renderer --noerrdialogs --user-data-dir=\\\"C:\\\\Users\\\\nam.user\\\\AppData\\\\Local\\\\Packages\\\\Microsoft.MicrosoftOfficeHub_8wekyb3d8bbwe\\\\LocalState\\\\EBWebView\\\" --webview-exe-name=M365Copilot.exe --webview-exe-version=19.2609.52011.0 --embedded-browser-webview=1 --embedded-browser-webview-dpi-awareness=2 --disable-gpu-compositing --video-capture-use-gpu-memory-buffer --lang=en-US --js-flags --device-scale-factor=1 --num-raster-threads=1 --renderer-client-id=24 --ram-no-pressure-read-main-dll --launch-time-ticks=255370941 --metrics-shmem-handle=5820,i,12866180914327505939,1987626432762261084,1048576 --field-trial-handle=2024,i,17997923285045663805,6945669727337648643,262144 --enable-features=msSingleSignOnOSForPrimaryAccountIsShared --disable-features=msEnhancedTrackingPreventionEnabled --variations-seed-version --pseudonymization-salt-handle=2028,i,10363675654584423323,14711617210225985604,4 --trace-process-track-uuid=3190709008800875870 --mojo-platform-channel-handle=5612 /prefetch:1","target_filename":"","registry_target_object":"","dns_query_name":"","powershell_encoded":0,"powershell_plain_command":0,"is_browser":1,"browser_gpu_process":0,"browser_renderer":1,"browser_utility":0,"base64_like_non_browser":0,"parent_same_image":1,"parent_is_wazuh_agent":0,"command_length_log":7.005789019253503,"command_length_bucket":"very_long"}
{"line_no":486,"timestamp":"2026-10-02T03:10:14.541+0000","event_id":"1","channel":"Microsoft-Windows-Sysmon/Operational","image_name":"microsoftedgeupdate.exe","parent_image_name":"microsoftedgeupdate.exe","command_line":"\\\"C:\\\\Program Files (x86)\\\\Microsoft\\\\EdgeUpdate\\\\MicrosoftEdgeUpdate.exe\\\" /ping PD94bWwgdmVyc2lvbj0iMS4wIiBlbmNvZGluZz0iVVRGLTgiPz48cmVxdWVzdCBwcm90b2NvbD0iMy4wIiB1cGRhdGVyPSJPbWFoYSIgdXBkYXRlcnZlcnNpb249IjEuMy4yNzMuMjEiIHNoZWxsX3ZlcnNpb249IjEuMy4yNzEuNyIgaXNtYWNoaW5lPSIxIiBzZXNzaW9uaWQ9Ins2OUY2M0JFNC0zM0ZCLTQ4MTctOURDMS1FNTJDNzQ1OTJBNUV9IiB1c2VyaWQ9IntGMkE5RDZDMC0yMDA3LTRCNjMtQjUxMy03REI0MjMyQzc4QTB9IiBpbnN0YWxsc291cmNlPSJzY2hlZHVsZXIiIHJlcXVlc3RpZD0iezg0OTgzMUIyLTQxQjYtNDlCNS05OTAwLTEzQ0E4NDM1ODVBOH0iIGRlZHVwPSJjciIgZG9tYWluam9pbmVkPSIxIj48aHcgbG9naWNhbF9jcHVzPSIyIiBwaHlzbWVtb3J5PSIyIiBkaXNrX3R5cGU9IjIiIHNzZT0iMSIgc3NlMj0iMSIgc3NlMz0iMSIgc3NzZTM9IjEiIHNzZTQxPSIxIiBzc2U0Mj0iMSIgYXZ4PSIxIi8-PG9zIHBsYXRmb3JtPSJ3aW4iIHZlcnNpb249IjEwLjAuMTkwNDUuNjQ1NiIgc3A9IiIgYXJjaD0ieDY0IiBwcm9kdWN0X3R5cGU9IjQ4IiBpc193aXA9IjAiIGlzX2luX2xvY2tkb3duX21vZGU9IjAiLz48b2VtIHByb2R1Y3RfbWFudWZhY3R1cmVyPSJRRU1VIiBwcm9kdWN0X25hbWU9IlN0YW5kYXJkIFBDIChRMzUgKyBJQ0g5LCAyMDA5KSIvPjxleHAgZXRhZz0iJnF1b3Q7YzB2bDYrUE8xcWZoN2x6NHdzcWFjQU9lcWhhZzh4cW9sSWsreGFVMEFWST0mcXVvdDsiLz48YXBwIGFwcGlkPSJ7QzUwNTY1RTktQ0NDRi00NEI0LUJBMTUtNUFDNUM2NTY5MTk3fSIgdmVyc2lvbj0iMTU0LjAuNDI1OC4zNyIgbmV4dHZlcnNpb249IiIgbGFuZz0iIiBicmFuZD0iRVVDRiIgY2xpZW50PSIiIGluc3RhbGxhZ2U9IjAiIGluc3RhbGxkYXRlPSI3MjEwIiBpbnN0YWxsZGF0ZXRpbWU9IjE3OTA4NTQ1ODkiIGNvaG9ydD0icnJmQDAuMjUiPjxldmVudCBldmVudHR5cGU9IjMzIiBldmVudHJlc3VsdD0iMSIgZXJyb3Jjb2RlPSIwIiBleHRyYWNvZGUxPSIxIiBzeXN0ZW1fdXB0aW1lX3RpY2tzPSIyNTg1NTg4NTM0Ii8-PC9hcHA-PC9yZXF1ZXN0Pg","target_filename":"","registry_target_object":"","dns_query_name":"","powershell_encoded":0,"powershell_plain_command":0,"is_browser":0,"browser_gpu_process":0,"browser_renderer":0,"browser_utility":0,"base64_like_non_browser":1,"parent_same_image":1,"parent_is_wazuh_agent":0,"command_length_log":7.3031700512368,"command_length_bucket":"very_long"}
{"line_no":487,"timestamp":"2026-10-02T03:10:19.058+0000","event_id":"7040","channel":"System","image_name":"","parent_image_name":"","command_line":"","target_filename":"","registry_target_object":"","dns_query_name":"","powershell_encoded":0,"powershell_plain_command":0,"is_browser":0,"browser_gpu_process":0,"browser_renderer":0,"browser_utility":0,"base64_like_non_browser":0,"parent_same_image":0,"parent_is_wazuh_agent":0,"command_length_log":0.0,"command_length_bucket":"none"}
{"line_no":488,"timestamp":"2026-10-02T03:10:22.222+0000","event_id":"1","channel":"Microsoft-Windows-Sysmon/Operational","image_name":"msedgewebview2.exe","parent_image_name":"msedgewebview2.exe","command_line":"\\\"C:\\\\Program Files (x86)\\\\Microsoft\\\\EdgeWebView\\\\Application\\\\154.0.4258.48\\\\msedgewebview2.exe\\\" --type=renderer --noerrdialogs --user-data-dir=\\\"C:\\\\Users\\\\nam.user\\\\AppData\\\\Local\\\\Packages\\\\Microsoft.MicrosoftOfficeHub_8wekyb3d8bbwe\\\\LocalState\\\\EBWebView\\\" --webview-exe-name=M365Copilot.exe --webview-exe-version=19.2609.52011.0 --embedded-browser-webview=1 --embedded-browser-webview-dpi-awareness=2 --disable-gpu-compositing --video-capture-use-gpu-memory-buffer --lang=en-US --js-flags --device-scale-factor=1 --num-raster-threads=1 --renderer-client-id=25 --skip-read-main-dll --launch-time-ticks=268044206 --metrics-shmem-handle=5656,i,15506740682481630065,14390946103417286330,1048576 --field-trial-handle=2024,i,17997923285045663805,6945669727337648643,262144 --enable-features=msSingleSignOnOSForPrimaryAccountIsShared --disable-features=msEnhancedTrackingPreventionEnabled --variations-seed-version --pseudonymization-salt-handle=2028,i,10363675654584423323,14711617210225985604,4 --trace-process-track-uuid=3190709009737917719 --mojo-platform-channel-handle=5772 /prefetch:1","target_filename":"","registry_target_object":"","dns_query_name":"","powershell_encoded":0,"powershell_plain_command":0,"is_browser":1,"browser_gpu_process":0,"browser_renderer":1,"browser_utility":0,"base64_like_non_browser":0,"parent_same_image":1,"parent_is_wazuh_agent":0,"command_length_log":6.996681488176539,"command_length_bucket":"very_long"}
{"line_no":489,"timestamp":"2026-10-02T03:10:22.236+0000","event_id":"1","channel":"Microsoft-Windows-Sysmon/Operational","image_name":"msedgewebview2.exe","parent_image_name":"msedgewebview2.exe","command_line":"\\\"C:\\\\Program Files (x86)\\\\Microsoft\\\\EdgeWebView\\\\Application\\\\154.0.4258.48\\\\msedgewebview2.exe\\\" --type=renderer --noerrdialogs --user-data-dir=\\\"C:\\\\Users\\\\nam.user\\\\AppData\\\\Local\\\\Packages\\\\Microsoft.MicrosoftOfficeHub_8wekyb3d8bbwe\\\\LocalState\\\\EBWebView\\\" --webview-exe-name=M365Copilot.exe --webview-exe-version=19.2609.52011.0 --embedded-browser-webview=1 --embedded-browser-webview-dpi-awareness=2 --disable-gpu-compositing --video-capture-use-gpu-memory-buffer --lang=en-US --js-flags --device-scale-factor=1 --num-raster-threads=1 --renderer-client-id=26 --skip-read-main-dll --launch-time-ticks=268381275 --metrics-shmem-handle=5424,i,17170034528340769523,15032694973899645232,1048576 --field-trial-handle=2024,i,17997923285045663805,6945669727337648643,262144 --enable-features=msSingleSignOnOSForPrimaryAccountIsShared --disable-features=msEnhancedTrackingPreventionEnabled --variations-seed-version --pseudonymization-salt-handle=2028,i,10363675654584423323,14711617210225985604,4 --trace-process-track-uuid=3190709010674959568 --mojo-platform-channel-handle=3716 /prefetch:1","target_filename":"","registry_target_object":"","dns_query_name":"","powershell_encoded":0,"powershell_plain_command":0,"is_browser":1,"browser_gpu_process":0,"browser_renderer":1,"browser_utility":0,"base64_like_non_browser":0,"parent_same_image":1,"parent_is_wazuh_agent":0,"command_length_log":6.996681488176539,"command_length_bucket":"very_long"}
{"line_no":490,"timestamp":"2026-10-02T03:10:23.378+0000","event_id":"1","channel":"Microsoft-Windows-Sysmon/Operational","image_name":"musnotifyicon.exe","parent_image_name":"musnotification.exe","command_line":"%%systemroot%%\\\\system32\\\\MusNotifyIcon.exe NotifyTrayIcon 0","target_filename":"","registry_target_object":"","dns_query_name":"","powershell_encoded":0,"powershell_plain_command":0,"is_browser":0,"browser_gpu_process":0,"browser_renderer":0,"browser_utility":0,"base64_like_non_browser":0,"parent_same_image":0,"parent_is_wazuh_agent":0,"command_length_log":4.110873864173311,"command_length_bucket":"short"}
{"line_no":491,"timestamp":"2026-10-02T03:10:25.676+0000","event_id":"22","channel":"Microsoft-Windows-Sysmon/Operational","image_name":"svchost.exe","parent_image_name":"","command_line":"","target_filename":"","registry_target_object":"","dns_query_name":"www.microsoft365.com","powershell_encoded":0,"powershell_plain_command":0,"is_browser":0,"browser_gpu_process":0,"browser_renderer":0,"browser_utility":0,"base64_like_non_browser":0,"parent_same_image":0,"parent_is_wazuh_agent":0,"command_length_log":0.0,"command_length_bucket":"none"}
{"line_no":492,"timestamp":"2026-10-02T03:10:33.209+0000","event_id":"1","channel":"Microsoft-Windows-Sysmon/Operational","image_name":"whoami.exe","parent_image_name":"powershell.exe","command_line":"\\\"C:\\\\Windows\\\\system32\\\\whoami.exe\\\"","target_filename":"","registry_target_object":"","dns_query_name":"","powershell_encoded":0,"powershell_plain_command":0,"is_browser":0,"browser_gpu_process":0,"browser_renderer":0,"browser_utility":0,"base64_like_non_browser":0,"parent_same_image":0,"parent_is_wazuh_agent":0,"command_length_log":3.6375861597263857,"command_length_bucket":"short"}
{"line_no":493,"timestamp":"2026-10-02T03:10:33.250+0000","event_id":"1","channel":"Microsoft-Windows-Sysmon/Operational","image_name":"microsoftedgeupdate.exe","parent_image_name":"services.exe","command_line":"\\\"C:\\\\Program Files (x86)\\\\Microsoft\\\\EdgeUpdate\\\\MicrosoftEdgeUpdate.exe\\\" /svc","target_filename":"","registry_target_object":"","dns_query_name":"","powershell_encoded":0,"powershell_plain_command":0,"is_browser":0,"browser_gpu_process":0,"browser_renderer":0,"browser_utility":0,"base64_like_non_browser":0,"parent_same_image":0,"parent_is_wazuh_agent":0,"command_length_log":4.394449154672439,"command_length_bucket":"short"}
{"line_no":494,"timestamp":"2026-10-02T03:10:39.628+0000","event_id":"1","channel":"Microsoft-Windows-Sysmon/Operational","image_name":"hostname.exe","parent_image_name":"powershell.exe","command_line":"\\\"C:\\\\Windows\\\\system32\\\\HOSTNAME.EXE\\\"","target_filename":"","registry_target_object":"","dns_query_name":"","powershell_encoded":0,"powershell_plain_command":0,"is_browser":0,"browser_gpu_process":0,"browser_renderer":0,"browser_utility":0,"base64_like_non_browser":0,"parent_same_image":0,"parent_is_wazuh_agent":0,"command_length_log":3.6888794541139363,"command_length_bucket":"short"}
{"line_no":495,"timestamp":"2026-10-02T03:10:53.754+0000","event_id":"16384","channel":"Application","image_name":"","parent_image_name":"","command_line":"","target_filename":"","registry_target_object":"","dns_query_name":"","powershell_encoded":0,"powershell_plain_command":0,"is_browser":0,"browser_gpu_process":0,"browser_renderer":0,"browser_utility":0,"base64_like_non_browser":0,"parent_same_image":0,"parent_is_wazuh_agent":0,"command_length_log":0.0,"command_length_bucket":"none"}
{"line_no":496,"timestamp":"2026-10-02T03:10:56.222+0000","event_id":"1","channel":"Microsoft-Windows-Sysmon/Operational","image_name":"ipconfig.exe","parent_image_name":"powershell.exe","command_line":"\\\"C:\\\\Windows\\\\system32\\\\ipconfig.exe\\\"","target_filename":"","registry_target_object":"","dns_query_name":"","powershell_encoded":0,"powershell_plain_command":0,"is_browser":0,"browser_gpu_process":0,"browser_renderer":0,"browser_utility":0,"base64_like_non_browser":0,"parent_same_image":0,"parent_is_wazuh_agent":0,"command_length_log":3.6888794541139363,"command_length_bucket":"short"}
{"line_no":497,"timestamp":"2026-10-02T03:11:03.622+0000","event_id":"1","channel":"Microsoft-Windows-Sysmon/Operational","image_name":"taskhostw.exe","parent_image_name":"svchost.exe","command_line":"taskhostw.exe SBServicing","target_filename":"","registry_target_object":"","dns_query_name":"","powershell_encoded":0,"powershell_plain_command":0,"is_browser":0,"browser_gpu_process":0,"browser_renderer":0,"browser_utility":0,"base64_like_non_browser":0,"parent_same_image":0,"parent_is_wazuh_agent":0,"command_length_log":3.258096538021482,"command_length_bucket":"short"}
{"line_no":498,"timestamp":"2026-10-02T03:11:03.666+0000","event_id":"1","channel":"Microsoft-Windows-Sysmon/Operational","image_name":"tasklist.exe","parent_image_name":"powershell.exe","command_line":"\\\"C:\\\\Windows\\\\system32\\\\tasklist.exe\\\"","target_filename":"","registry_target_object":"","dns_query_name":"","powershell_encoded":0,"powershell_plain_command":0,"is_browser":0,"browser_gpu_process":0,"browser_renderer":0,"browser_utility":0,"base64_like_non_browser":0,"parent_same_image":0,"parent_is_wazuh_agent":0,"command_length_log":3.6888794541139363,"command_length_bucket":"short"}
{"line_no":499,"timestamp":"2026-10-02T03:11:03.964+0000","event_id":"1801","channel":"System","image_name":"","parent_image_name":"","command_line":"","target_filename":"","registry_target_object":"","dns_query_name":"","powershell_encoded":0,"powershell_plain_command":0,"is_browser":0,"browser_gpu_process":0,"browser_renderer":0,"browser_utility":0,"base64_like_non_browser":0,"parent_same_image":0,"parent_is_wazuh_agent":0,"command_length_log":0.0,"command_length_bucket":"none"}
{"line_no":500,"timestamp":"2026-10-02T03:11:05.704+0000","event_id":"13","channel":"Microsoft-Windows-Sysmon/Operational","image_name":"svchost.exe","parent_image_name":"","command_line":"","target_filename":"","registry_target_object":"\\\\REGISTRY\\\\A\\\\{b8171cb7-3894-cd12-532c-298836c8db35}\\\\Root\\\\InventoryApplicationFile\\\\tasklist.exe|3893e62d98a2e84e\\\\LowerCaseLongPath","dns_query_name":"","powershell_encoded":0,"powershell_plain_command":0,"is_browser":0,"browser_gpu_process":0,"browser_renderer":0,"browser_utility":0,"base64_like_non_browser":0,"parent_same_image":0,"parent_is_wazuh_agent":0,"command_length_log":0.0,"command_length_bucket":"none"}
{"line_no":501,"timestamp":"2026-10-02T03:11:05.736+0000","event_id":"13","channel":"Microsoft-Windows-Sysmon/Operational","image_name":"svchost.exe","parent_image_name":"","command_line":"","target_filename":"","registry_target_object":"\\\\REGISTRY\\\\A\\\\{b8171cb7-3894-cd12-532c-298836c8db35}\\\\Root\\\\InventoryApplicationFile\\\\tasklist.exe|3893e62d98a2e84e\\\\LinkDate","dns_query_name":"","powershell_encoded":0,"powershell_plain_command":0,"is_browser":0,"browser_gpu_process":0,"browser_renderer":0,"browser_utility":0,"base64_like_non_browser":0,"parent_same_image":0,"parent_is_wazuh_agent":0,"command_length_log":0.0,"command_length_bucket":"none"}
{"line_no":502,"timestamp":"2026-10-02T03:11:05.736+0000","event_id":"13","channel":"Microsoft-Windows-Sysmon/Operational","image_name":"svchost.exe","parent_image_name":"","command_line":"","target_filename":"","registry_target_object":"\\\\REGISTRY\\\\A\\\\{b8171cb7-3894-cd12-532c-298836c8db35}\\\\Root\\\\InventoryApplicationFile\\\\tasklist.exe|3893e62d98a2e84e\\\\Publisher","dns_query_name":"","powershell_encoded":0,"powershell_plain_command":0,"is_browser":0,"browser_gpu_process":0,"browser_renderer":0,"browser_utility":0,"base64_like_non_browser":0,"parent_same_image":0,"parent_is_wazuh_agent":0,"command_length_log":0.0,"command_length_bucket":"none"}
{"line_no":503,"timestamp":"2026-10-02T03:11:05.751+0000","event_id":"13","channel":"Microsoft-Windows-Sysmon/Operational","image_name":"svchost.exe","parent_image_name":"","command_line":"","target_filename":"","registry_target_object":"\\\\REGISTRY\\\\A\\\\{b8171cb7-3894-cd12-532c-298836c8db35}\\\\Root\\\\InventoryApplicationFile\\\\tasklist.exe|3893e62d98a2e84e\\\\BinProductVersion","dns_query_name":"","powershell_encoded":0,"powershell_plain_command":0,"is_browser":0,"browser_gpu_process":0,"browser_renderer":0,"browser_utility":0,"base64_like_non_browser":0,"parent_same_image":0,"parent_is_wazuh_agent":0,"command_length_log":0.0,"command_length_bucket":"none"}
{"line_no":504,"timestamp":"2026-10-02T03:11:10.047+0000","event_id":"1","channel":"Microsoft-Windows-Sysmon/Operational","image_name":"microsoftedgeupdate.exe","parent_image_name":"microsoftedgeupdate.exe","command_line":"\\\"C:\\\\Program Files (x86)\\\\Microsoft\\\\EdgeUpdate\\\\MicrosoftEdgeUpdate.exe\\\" /ping PD94bWwgdmVyc2lvbj0iMS4wIiBlbmNvZGluZz0iVVRGLTgiPz48cmVxdWVzdCBwcm90b2NvbD0iMy4wIiB1cGRhdGVyPSJPbWFoYSIgdXBkYXRlcnZlcnNpb249IjEuMy4yNzMuMjEiIHNoZWxsX3ZlcnNpb249IjEuMy4yNzEuNyIgaXNtYWNoaW5lPSIxIiBzZXNzaW9uaWQ9Ins4M0U1NTZERS01M0Y1LTQxMzQtODM2NC0wMjIwRTE4NjcyOUF9IiB1c2VyaWQ9IntGMkE5RDZDMC0yMDA3LTRCNjMtQjUxMy03REI0MjMyQzc4QTB9IiBpbnN0YWxsc291cmNlPSJzY2hlZHVsZXIiIHJlcXVlc3RpZD0ie0IwNUZFQzAzLUM1QTMtNDAyRC1BMDU0LTc1OTdCRTYyRjE2OH0iIGRlZHVwPSJjciIgZG9tYWluam9pbmVkPSIxIj48aHcgbG9naWNhbF9jcHVzPSIyIiBwaHlzbWVtb3J5PSIyIiBkaXNrX3R5cGU9IjIiIHNzZT0iMSIgc3NlMj0iMSIgc3NlMz0iMSIgc3NzZTM9IjEiIHNzZTQxPSIxIiBzc2U0Mj0iMSIgYXZ4PSIxIi8-PG9zIHBsYXRmb3JtPSJ3aW4iIHZlcnNpb249IjEwLjAuMTkwNDUuNjQ1NiIgc3A9IiIgYXJjaD0ieDY0IiBwcm9kdWN0X3R5cGU9IjQ4IiBpc193aXA9IjAiIGlzX2luX2xvY2tkb3duX21vZGU9IjAiLz48b2VtIHByb2R1Y3RfbWFudWZhY3R1cmVyPSJRRU1VIiBwcm9kdWN0X25hbWU9IlN0YW5kYXJkIFBDIChRMzUgKyBJQ0g5LCAyMDA5KSIvPjxleHAgZXRhZz0iJnF1b3Q7YzB2bDYrUE8xcWZoN2x6NHdzcWFjQU9lcWhhZzh4cW9sSWsreGFVMEFWST0mcXVvdDsiLz48YXBwIGFwcGlkPSJ7RjNDNEZFMDAtRUZENS00MDNCLTk1NjktMzk4QTIwRjFCQTRBfSIgdmVyc2lvbj0iMS4zLjI3My4yMSIgbmV4dHZlcnNpb249IiIgbGFuZz0iIiBicmFuZD0iSU5CWCIgY2xpZW50PSIiIGV4cGVyaW1lbnRzPSJDb3BpbG90VW5pZmljYXRpb25PcHRJbj0lNUIlMjItZW5hYmxlZCUyMiU1RDtQcm9kdWN0c1RvUmVnaXN0ZXI9JTVCJTIyJTdCQzUwNTY1RTktQ0NDRi00NEI0LUJBMTUtNUFDNUM2NTY5MTk3JTdEJTIyJTVEIiBpbnN0YWxsYWdlPSI0IiBjb2hvcnQ9InJyZkAwLjU4Ij48dXBkYXRlY2hlY2svPjxwaW5nIHI9IjEiIHJkPSI3MjEzIiBwaW5nX2ZyZXNobmVzcz0ie0Y3NUFBOTU4LTI3NDQtNDc0OC1CREU4LUYwNkFGRkM1QUZGMH0iLz48L2FwcD48YXBwIGFwcGlkPSJ7NTZFQjE4RjgtQjAwOC00Q0JELUI2RDItOEM5N0ZFN0U5MDYyfSIgdmVyc2lvbj0iMTU0LjAuNDI1OC40OCIgbmV4dHZlcnNpb249IiIgbGFuZz0iIiBicmFuZD0iSU5CWCIgY2xpZW50PSIiIGV4cGVyaW1lbnRzPSJFeHBDb25maWc9ZXlKaGMzTnBaMjVsWkY5dmJpSTZJakV6TkRNMU1ESXhPRE01TmpNd01EUTFJaXdpWlhod1gyTnZibVpwWjE5cFpDSTZOU3dpYm1SZlpYaHdYMk52Ym1acFoxOXBaQ0k2TlgwO1dXVVJPVz1leUpEYjI1bWFXY2lPalVzSWtWRFRTSTZXMTBzSWtWVUlqcGJYWDAiIGluc3RhbGxhZ2U9IjQiIGNvaG9ydD0icnJmQDAuNTUiIG9vYmVfaW5zdGFsbF90aW1lPSIxMzQzNDk2OTgwMzU4Mzg5ODAiIHVwZGF0ZV9jb3VudD0iMiIgaXNfcGlubmVkX3N5c3RlbT0idHJ1ZSIgbGFzdF9sYXVuY2hfY291bnQ9IjEiIGxhc3RfbGF1bmNoX3RpbWU9IjEzNDM1MzI3OTkxNzg0ODY2MCIgZmlyc3RfZnJlX3NlZW5fdGltZT0iMTM0MzUwMzgxODMxNzYwNTMwIiBmaXJzdF9mcmVfc2Vlbl92ZXJzaW9uPSIxNTQuMC40MjU4LjM3Ij48dXBkYXRlY2hlY2svPjxwaW5nIGFjdGl2ZT0iMSIgYT0iMSIgcj0iMSIgYWQ9IjcyMTMiIHJkPSI3MjEzIiBwaW5nX2ZyZXNobmVzcz0ie0E3REQ5OEVCLTNBRTUtNDAxNi04NzZGLUI3NEYwNDA0OTQ5Nn0iLz48L2FwcD48YXBwIGFwcGlkPSJ7QzUwNTY1RTktQ0NDRi00NEI0LUJBMTUtNUFDNUM2NTY5MTk3fSIgdmVyc2lvbj0iMTU0LjAuNDI1OC4zNyIgbmV4dHZlcnNpb249IiIgbGFuZz0iIiBicmFuZD0iRVVDRiIgY2xpZW50PSIiIGluc3RhbGxhZ2U9IjAiIGluc3RhbGxkYXRlPSI3MjEwIiBjb2hvcnQ9InJyZkAwLjI1Ij48dXBkYXRlY2hlY2svPjxwaW5nIHI9IjEiIHJkPSI3MjEzIiBwaW5nX2ZyZXNobmVzcz0ie0UwQkNBMjUwLUQyRjgtNDIwMi05NEU5LTAzOEIwRkM0NkU2QX0iLz48L2FwcD48YXBwIGFwcGlkPSJ7RjMwMTcyMjYtRkUyQS00Mjk1LThCREYtMDBDM0E5QTdFNEM1fSIgdmVyc2lvbj0iMTU0LjAuNDI1OC40OCIgbmV4dHZlcnNpb249IiIgbGFuZz0iIiBicmFuZD0iRVVXViIgY2xpZW50PSIiIGluc3RhbGxhZ2U9IjQiIGluc3RhbGxkYXRlPSI3MjAzIiBjb2hvcnQ9InJyZkAwLjg4IiB1cGRhdGVfY291bnQ9IjEiIGxhc3RfbGF1bmNoX2NvdW50PSIxIiBsYXN0X2xhdW5jaF90aW1lPSIxMzQzNTM4NDAyNzU4Nzg0MDAiPjx1cGRhdGVjaGVjay8-PHBpbmcgYWN0aXZlPSIxIiBhPSItMSIgcj0iMSIgYWQ9Ii0xIiByZD0iNzIxMyIgcGluZ19mcmVzaG5lc3M9Ins1QTBCMEY1Qi0wMjVCLTRCNDktODlDOC0xQ0IwMTk1Q0RGNjN9Ii8-PC9hcHA-PC9yZXF1ZXN0Pg","target_filename":"","registry_target_object":"","dns_query_name":"","powershell_encoded":0,"powershell_plain_command":0,"is_browser":0,"browser_gpu_process":0,"browser_renderer":0,"browser_utility":0,"base64_like_non_browser":1,"parent_same_image":1,"parent_is_wazuh_agent":0,"command_length_log":8.11522197256233,"command_length_bucket":"very_long"}
{"line_no":505,"timestamp":"2026-10-02T03:11:20.717+0000","event_id":"0","channel":"Application","image_name":"","parent_image_name":"","command_line":"","target_filename":"","registry_target_object":"","dns_query_name":"","powershell_encoded":0,"powershell_plain_command":0,"is_browser":0,"browser_gpu_process":0,"browser_renderer":0,"browser_utility":0,"base64_like_non_browser":0,"parent_same_image":0,"parent_is_wazuh_agent":0,"command_length_log":0.0,"command_length_bucket":"none"}
{"line_no":506,"timestamp":"2026-10-02T03:11:26.826+0000","event_id":"1","channel":"Microsoft-Windows-Sysmon/Operational","image_name":"taskhostw.exe","parent_image_name":"svchost.exe","command_line":"taskhostw.exe Logon","target_filename":"","registry_target_object":"","dns_query_name":"","powershell_encoded":0,"powershell_plain_command":0,"is_browser":0,"browser_gpu_process":0,"browser_renderer":0,"browser_utility":0,"base64_like_non_browser":0,"parent_same_image":0,"parent_is_wazuh_agent":0,"command_length_log":2.995732273553991,"command_length_bucket":"short"}
{"line_no":507,"timestamp":"2026-10-02T03:11:26.828+0000","event_id":"1","channel":"Microsoft-Windows-Sysmon/Operational","image_name":"sc.exe","parent_image_name":"svchost.exe","command_line":"\\\"C:\\\\Windows\\\\system32\\\\sc.exe\\\" start pushtoinstall login","target_filename":"","registry_target_object":"","dns_query_name":"","powershell_encoded":0,"powershell_plain_command":0,"is_browser":0,"browser_gpu_process":0,"browser_renderer":0,"browser_utility":0,"base64_like_non_browser":0,"parent_same_image":0,"parent_is_wazuh_agent":0,"command_length_log":4.0943445622221,"command_length_bucket":"short"}
{"line_no":508,"timestamp":"2026-10-02T03:11:28.082+0000","event_id":"13","channel":"Microsoft-Windows-Sysmon/Operational","image_name":"wmiadap.exe","parent_image_name":"","command_line":"","target_filename":"","registry_target_object":"HKLM\\\\SOFTWARE\\\\Microsoft\\\\Windows NT\\\\CurrentVersion\\\\Perflib\\\\Updating","dns_query_name":"","powershell_encoded":0,"powershell_plain_command":0,"is_browser":0,"browser_gpu_process":0,"browser_renderer":0,"browser_utility":0,"base64_like_non_browser":0,"parent_same_image":0,"parent_is_wazuh_agent":0,"command_length_log":0.0,"command_length_bucket":"none"}
{"line_no":509,"timestamp":"2026-10-02T03:11:28.096+0000","event_id":"13","channel":"Microsoft-Windows-Sysmon/Operational","image_name":"wmiadap.exe","parent_image_name":"","command_line":"","target_filename":"","registry_target_object":"HKLM\\\\SOFTWARE\\\\Microsoft\\\\Windows NT\\\\CurrentVersion\\\\Perflib\\\\Last Counter","dns_query_name":"","powershell_encoded":0,"powershell_plain_command":0,"is_browser":0,"browser_gpu_process":0,"browser_renderer":0,"browser_utility":0,"base64_like_non_browser":0,"parent_same_image":0,"parent_is_wazuh_agent":0,"command_length_log":0.0,"command_length_bucket":"none"}
{"line_no":510,"timestamp":"2026-10-02T03:11:28.096+0000","event_id":"13","channel":"Microsoft-Windows-Sysmon/Operational","image_name":"wmiadap.exe","parent_image_name":"","command_line":"","target_filename":"","registry_target_object":"HKLM\\\\SOFTWARE\\\\Microsoft\\\\Windows NT\\\\CurrentVersion\\\\Perflib\\\\Last Help","dns_query_name":"","powershell_encoded":0,"powershell_plain_command":0,"is_browser":0,"browser_gpu_process":0,"browser_renderer":0,"browser_utility":0,"base64_like_non_browser":0,"parent_same_image":0,"parent_is_wazuh_agent":0,"command_length_log":0.0,"command_length_bucket":"none"}
{"line_no":511,"timestamp":"2026-10-02T03:11:28.112+0000","event_id":"12","channel":"Microsoft-Windows-Sysmon/Operational","image_name":"wmiadap.exe","parent_image_name":"","command_line":"","target_filename":"","registry_target_object":"HKLM\\\\System\\\\CurrentControlSet\\\\Services\\\\WmiApRpl\\\\Performance\\\\First Counter","dns_query_name":"","powershell_encoded":0,"powershell_plain_command":0,"is_browser":0,"browser_gpu_process":0,"browser_renderer":0,"browser_utility":0,"base64_like_non_browser":0,"parent_same_image":0,"parent_is_wazuh_agent":0,"command_length_log":0.0,"command_length_bucket":"none"}
{"line_no":512,"timestamp":"2026-10-02T03:11:28.143+0000","event_id":"12","channel":"Microsoft-Windows-Sysmon/Operational","image_name":"wmiadap.exe","parent_image_name":"","command_line":"","target_filename":"","registry_target_object":"HKLM\\\\System\\\\CurrentControlSet\\\\Services\\\\WmiApRpl\\\\Performance\\\\Last Counter","dns_query_name":"","powershell_encoded":0,"powershell_plain_command":0,"is_browser":0,"browser_gpu_process":0,"browser_renderer":0,"browser_utility":0,"base64_like_non_browser":0,"parent_same_image":0,"parent_is_wazuh_agent":0,"command_length_log":0.0,"command_length_bucket":"none"}
