{"line_no":399,"timestamp":"2026-10-02T03:07:15.165+0000","event_id":"1","channel":"Microsoft-Windows-Sysmon/Operational","image_name":"msedgewebview2.exe","parent_image_name":"msedgewebview2.exe","command_line":"\\\"C:\\\\Program Files (x86)\\\\Microsoft\\\\EdgeWebView\\\\Application\\\\154.0.4258.48\\\\msedgewebview2.exe\\\" --type=renderer --noerrdialogs --user-data-dir=\\\"C:\\\\Users\\\\nam.user\\\\AppData\\\\Local\\\\Packages\\\\Microsoft.MicrosoftOfficeHub_8wekyb3d8bbwe\\\\LocalState\\\\EBWebView\\\" --webview-exe-name=M365Copilot.exe --webview-exe-version=19.2609.52011.0 --embedded-browser-webview=1 --embedded-browser-webview-dpi-awareness=2 --video-capture-use-gpu-memory-buffer --lang=en-US --js-flags --device-scale-factor=1 --num-raster-threads=1 --renderer-client-id=5 --ram-no-pressure-read-main-dll --launch-time-ticks=75889808 --metrics-shmem-handle=4196,i,5235126766970618863,99066244270268653,1048576 --field-trial-handle=2024,i,17997923285045663805,6945669727337648643,262144 --enable-features=msSingleSignOnOSForPrimaryAccountIsShared --disable-features=msEnhancedTrackingPreventionEnabled --variations-seed-version --pseudonymization-salt-handle=2028,i,10363675654584423323,14711617210225985604,4 --trace-process-track-uuid=3190708990997080739 --mojo-platform-channel-handle=4212 /prefetch:1","target_filename":"","registry_target_object":"","dns_query_name":"","powershell_encoded":0,"powershell_plain_command":0,"is_browser":1,"browser_gpu_process":0,"browser_renderer":1,"browser_utility":0,"base64_like_non_browser":0,"parent_same_image":1,"parent_is_wazuh_agent":0,"command_length_log":6.977281341630747,"command_length_bucket":"very_long"}
{"line_no":400,"timestamp":"2026-10-02T03:07:15.165+0000","event_id":"22","channel":"Microsoft-Windows-Sysmon/Operational","image_name":"msedgewebview2.exe","parent_image_name":"","command_line":"","target_filename":"","registry_target_object":"","dns_query_name":"wpad","powershell_encoded":0,"powershell_plain_command":0,"is_browser":1,"browser_gpu_process":0,"browser_renderer":0,"browser_utility":0,"base64_like_non_browser":0,"parent_same_image":0,"parent_is_wazuh_agent":0,"command_length_log":0.0,"command_length_bucket":"none"}
{"line_no":401,"timestamp":"2026-10-02T03:07:17.849+0000","event_id":"22","channel":"Microsoft-Windows-Sysmon/Operational","image_name":"msedgewebview2.exe","parent_image_name":"","command_line":"","target_filename":"","registry_target_object":"","dns_query_name":"www.microsoft365.com","powershell_encoded":0,"powershell_plain_command":0,"is_browser":1,"browser_gpu_process":0,"browser_renderer":0,"browser_utility":0,"base64_like_non_browser":0,"parent_same_image":0,"parent_is_wazuh_agent":0,"command_length_log":0.0,"command_length_bucket":"none"}
{"line_no":402,"timestamp":"2026-10-02T03:07:26.701+0000","event_id":"1","channel":"Microsoft-Windows-Sysmon/Operational","image_name":"microsoftedgeupdate.exe","parent_image_name":"svchost.exe","command_line":"\\\"C:\\\\Program Files (x86)\\\\Microsoft\\\\EdgeUpdate\\\\MicrosoftEdgeUpdate.exe\\\" /c","target_filename":"","registry_target_object":"","dns_query_name":"","powershell_encoded":0,"powershell_plain_command":0,"is_browser":0,"browser_gpu_process":0,"browser_renderer":0,"browser_utility":0,"base64_like_non_browser":0,"parent_same_image":0,"parent_is_wazuh_agent":0,"command_length_log":4.3694478524670215,"command_length_bucket":"short"}
{"line_no":403,"timestamp":"2026-10-02T03:07:26.712+0000","event_id":"1","channel":"Microsoft-Windows-Sysmon/Operational","image_name":"dsregcmd.exe","parent_image_name":"svchost.exe","command_line":"\\\"C:\\\\Windows\\\\System32\\\\dsregcmd.exe\\\" $(Arg0) $(Arg1) $(Arg2)","target_filename":"","registry_target_object":"","dns_query_name":"","powershell_encoded":0,"powershell_plain_command":0,"is_browser":0,"browser_gpu_process":0,"browser_renderer":0,"browser_utility":0,"base64_like_non_browser":0,"parent_same_image":0,"parent_is_wazuh_agent":0,"command_length_log":4.1588830833596715,"command_length_bucket":"short"}
{"line_no":404,"timestamp":"2026-10-02T03:07:26.716+0000","event_id":"1","channel":"Microsoft-Windows-Sysmon/Operational","image_name":"taskhostw.exe","parent_image_name":"svchost.exe","command_line":"taskhostw.exe $(Arg0)","target_filename":"","registry_target_object":"","dns_query_name":"","powershell_encoded":0,"powershell_plain_command":0,"is_browser":0,"browser_gpu_process":0,"browser_renderer":0,"browser_utility":0,"base64_like_non_browser":0,"parent_same_image":0,"parent_is_wazuh_agent":0,"command_length_log":3.091042453358316,"command_length_bucket":"short"}
{"line_no":405,"timestamp":"2026-10-02T03:07:26.729+0000","event_id":"1","channel":"Microsoft-Windows-Sysmon/Operational","image_name":"microsoftedgeupdate.exe","parent_image_name":"microsoftedgeupdate.exe","command_line":"\\\"C:\\\\Program Files (x86)\\\\Microsoft\\\\EdgeUpdate\\\\MicrosoftEdgeUpdate.exe\\\" /ua /installsource core","target_filename":"","registry_target_object":"","dns_query_name":"","powershell_encoded":0,"powershell_plain_command":0,"is_browser":0,"browser_gpu_process":0,"browser_renderer":0,"browser_utility":0,"base64_like_non_browser":0,"parent_same_image":1,"parent_is_wazuh_agent":0,"command_length_log":4.605170185988092,"command_length_bucket":"medium"}
{"line_no":406,"timestamp":"2026-10-02T03:07:29.653+0000","event_id":"1","channel":"Microsoft-Windows-Sysmon/Operational","image_name":"microsoftedgeupdate.exe","parent_image_name":"microsoftedgeupdate.exe","command_line":"\\\"C:\\\\Program Files (x86)\\\\Microsoft\\\\EdgeUpdate\\\\MicrosoftEdgeUpdate.exe\\\" /ping PD94bWwgdmVyc2lvbj0iMS4wIiBlbmNvZGluZz0iVVRGLTgiPz48cmVxdWVzdCBwcm90b2NvbD0iMy4wIiB1cGRhdGVyPSJPbWFoYSIgdXBkYXRlcnZlcnNpb249IjEuMy4yNzMuMjEiIHNoZWxsX3ZlcnNpb249IjEuMy4yNzEuNyIgaXNtYWNoaW5lPSIxIiBzZXNzaW9uaWQ9Ins4RUM3NjhCRC0yOTNFLTQyNDItODdFRi04RTNDMzc1NTNFOEJ9IiB1c2VyaWQ9IntGMkE5RDZDMC0yMDA3LTRCNjMtQjUxMy03REI0MjMyQzc4QTB9IiBpbnN0YWxsc291cmNlPSJjb3JlIiByZXF1ZXN0aWQ9InswNDQwMEY1Qi02NjhGLTRBNjktQjMwNi0yMDEwQ0NEQTZEODB9IiBkZWR1cD0iY3IiIGRvbWFpbmpvaW5lZD0iMSI-PGh3IGxvZ2ljYWxfY3B1cz0iMiIgcGh5c21lbW9yeT0iMiIgZGlza190eXBlPSIyIiBzc2U9IjEiIHNzZTI9IjEiIHNzZTM9IjEiIHNzc2UzPSIxIiBzc2U0MT0iMSIgc3NlNDI9IjEiIGF2eD0iMSIvPjxvcyBwbGF0Zm9ybT0id2luIiB2ZXJzaW9uPSIxMC4wLjE5MDQ1LjY0NTYiIHNwPSIiIGFyY2g9Ing2NCIgcHJvZHVjdF90eXBlPSI0OCIgaXNfd2lwPSIwIiBpc19pbl9sb2NrZG93bl9tb2RlPSIwIi8-PG9lbSBwcm9kdWN0X21hbnVmYWN0dXJlcj0iUUVNVSIgcHJvZHVjdF9uYW1lPSJTdGFuZGFyZCBQQyAoUTM1ICsgSUNIOSwgMjAwOSkiLz48ZXhwIGV0YWc9IiZxdW90O2Mwdmw2K1BPMXFmaDdsejR3c3FhY0FPZXFoYWc4eHFvbElrK3hhVTBBVkk9JnF1b3Q7Ii8-PGFwcCBhcHBpZD0ie0M1MDU2NUU5LUNDQ0YtNDRCNC1CQTE1LTVBQzVDNjU2OTE5N30iIHZlcnNpb249IjE1NC4wLjQyNTguMzciIG5leHR2ZXJzaW9uPSIiIGxhbmc9IiIgYnJhbmQ9IkVVQ0YiIGNsaWVudD0iIiBpbnN0YWxsYWdlPSIwIiBpbnN0YWxsZGF0ZT0iNzIxMCIgaW5zdGFsbGRhdGV0aW1lPSIxNzkwODU0NTg5IiBjb2hvcnQ9InJyZkAwLjI1Ij48ZXZlbnQgZXZlbnR0eXBlPSIzMyIgZXZlbnRyZXN1bHQ9IjEiIGVycm9yY29kZT0iMCIgZXh0cmFjb2RlMT0iMSIgc3lzdGVtX3VwdGltZV90aWNrcz0iOTQ4Njk3MzY4Ii8-PC9hcHA-PC9yZXF1ZXN0Pg","target_filename":"","registry_target_object":"","dns_query_name":"","powershell_encoded":0,"powershell_plain_command":0,"is_browser":0,"browser_gpu_process":0,"browser_renderer":0,"browser_utility":0,"base64_like_non_browser":1,"parent_same_image":1,"parent_is_wazuh_agent":0,"command_length_log":7.29776828253138,"command_length_bucket":"very_long"}
{"line_no":407,"timestamp":"2026-10-02T03:07:44.705+0000","event_id":"1","channel":"Microsoft-Windows-Sysmon/Operational","image_name":"msedgewebview2.exe","parent_image_name":"msedgewebview2.exe","command_line":"\\\"C:\\\\Program Files (x86)\\\\Microsoft\\\\EdgeWebView\\\\Application\\\\154.0.4258.48\\\\msedgewebview2.exe\\\" --type=renderer --noerrdialogs --user-data-dir=\\\"C:\\\\Users\\\\nam.user\\\\AppData\\\\Local\\\\Packages\\\\Microsoft.MicrosoftOfficeHub_8wekyb3d8bbwe\\\\LocalState\\\\EBWebView\\\" --webview-exe-name=M365Copilot.exe --webview-exe-version=19.2609.52011.0 --embedded-browser-webview=1 --embedded-browser-webview-dpi-awareness=2 --disable-gpu-compositing --video-capture-use-gpu-memory-buffer --lang=en-US --js-flags --device-scale-factor=1 --num-raster-threads=1 --renderer-client-id=6 --ram-no-pressure-read-main-dll --launch-time-ticks=110518732 --metrics-shmem-handle=5024,i,3058392948538827719,4599505940066414928,1048576 --field-trial-handle=2024,i,17997923285045663805,6945669727337648643,262144 --enable-features=msSingleSignOnOSForPrimaryAccountIsShared --disable-features=msEnhancedTrackingPreventionEnabled --variations-seed-version --pseudonymization-salt-handle=2028,i,10363675654584423323,14711617210225985604,4 --trace-process-track-uuid=3190708991934122588 --mojo-platform-channel-handle=5136 /prefetch:1","target_filename":"","registry_target_object":"","dns_query_name":"","powershell_encoded":0,"powershell_plain_command":0,"is_browser":1,"browser_gpu_process":0,"browser_renderer":1,"browser_utility":0,"base64_like_non_browser":0,"parent_same_image":1,"parent_is_wazuh_agent":0,"command_length_log":7.00397413672268,"command_length_bucket":"very_long"}
{"line_no":408,"timestamp":"2026-10-02T03:07:44.939+0000","event_id":"8015","channel":"System","image_name":"","parent_image_name":"","command_line":"","target_filename":"","registry_target_object":"","dns_query_name":"","powershell_encoded":0,"powershell_plain_command":0,"is_browser":0,"browser_gpu_process":0,"browser_renderer":0,"browser_utility":0,"base64_like_non_browser":0,"parent_same_image":0,"parent_is_wazuh_agent":0,"command_length_log":0.0,"command_length_bucket":"none"}
{"line_no":409,"timestamp":"2026-10-02T03:07:46.179+0000","event_id":"1","channel":"Microsoft-Windows-Sysmon/Operational","image_name":"msedgewebview2.exe","parent_image_name":"msedgewebview2.exe","command_line":"\\\"C:\\\\Program Files (x86)\\\\Microsoft\\\\EdgeWebView\\\\Application\\\\154.0.4258.48\\\\msedgewebview2.exe\\\" --type=renderer --noerrdialogs --user-data-dir=\\\"C:\\\\Users\\\\nam.user\\\\AppData\\\\Local\\\\Packages\\\\Microsoft.MicrosoftOfficeHub_8wekyb3d8bbwe\\\\LocalState\\\\EBWebView\\\" --webview-exe-name=M365Copilot.exe --webview-exe-version=19.2609.52011.0 --embedded-browser-webview=1 --embedded-browser-webview-dpi-awareness=2 --disable-gpu-compositing --video-capture-use-gpu-memory-buffer --lang=en-US --js-flags --device-scale-factor=1 --num-raster-threads=1 --renderer-client-id=7 --skip-read-main-dll --launch-time-ticks=111950932 --metrics-shmem-handle=4444,i,1974480095985347772,13056353156533727557,1048576 --field-trial-handle=2024,i,17997923285045663805,6945669727337648643,262144 --enable-features=msSingleSignOnOSForPrimaryAccountIsShared --disable-features=msEnhancedTrackingPreventionEnabled --variations-seed-version --pseudonymization-salt-handle=2028,i,10363675654584423323,14711617210225985604,4 --trace-process-track-uuid=3190708992871164437 --mojo-platform-channel-handle=5128 /prefetch:1","target_filename":"","registry_target_object":"","dns_query_name":"","powershell_encoded":0,"powershell_plain_command":0,"is_browser":1,"browser_gpu_process":0,"browser_renderer":1,"browser_utility":0,"base64_like_non_browser":0,"parent_same_image":1,"parent_is_wazuh_agent":0,"command_length_log":6.994849985833071,"command_length_bucket":"very_long"}
{"line_no":410,"timestamp":"2026-10-02T03:07:49.760+0000","event_id":"22","channel":"Microsoft-Windows-Sysmon/Operational","image_name":"msedgewebview2.exe","parent_image_name":"","command_line":"","target_filename":"","registry_target_object":"","dns_query_name":"microsoft.microsoftofficehub","powershell_encoded":0,"powershell_plain_command":0,"is_browser":1,"browser_gpu_process":0,"browser_renderer":0,"browser_utility":0,"base64_like_non_browser":0,"parent_same_image":0,"parent_is_wazuh_agent":0,"command_length_log":0.0,"command_length_bucket":"none"}
{"line_no":411,"timestamp":"2026-10-02T03:07:52.415+0000","event_id":"1","channel":"Microsoft-Windows-Sysmon/Operational","image_name":"svchost.exe","parent_image_name":"services.exe","command_line":"C:\\\\Windows\\\\system32\\\\svchost.exe -k LocalService -p","target_filename":"","registry_target_object":"","dns_query_name":"","powershell_encoded":0,"powershell_plain_command":0,"is_browser":0,"browser_gpu_process":0,"browser_renderer":0,"browser_utility":0,"base64_like_non_browser":0,"parent_same_image":0,"parent_is_wazuh_agent":0,"command_length_log":3.9889840465642745,"command_length_bucket":"short"}
{"line_no":412,"timestamp":"2026-10-02T03:07:53.783+0000","event_id":"1","channel":"Microsoft-Windows-Sysmon/Operational","image_name":"msedgewebview2.exe","parent_image_name":"msedgewebview2.exe","command_line":"\\\"C:\\\\Program Files (x86)\\\\Microsoft\\\\EdgeWebView\\\\Application\\\\154.0.4258.48\\\\msedgewebview2.exe\\\" --type=renderer --noerrdialogs --user-data-dir=\\\"C:\\\\Users\\\\nam.user\\\\AppData\\\\Local\\\\Packages\\\\Microsoft.MicrosoftOfficeHub_8wekyb3d8bbwe\\\\LocalState\\\\EBWebView\\\" --webview-exe-name=M365Copilot.exe --webview-exe-version=19.2609.52011.0 --embedded-browser-webview=1 --embedded-browser-webview-dpi-awareness=2 --disable-gpu-compositing --video-capture-use-gpu-memory-buffer --lang=en-US --js-flags --device-scale-factor=1 --num-raster-threads=1 --renderer-client-id=8 --skip-read-main-dll --launch-time-ticks=119628702 --metrics-shmem-handle=5140,i,18110757195439658985,232176128955135703,1048576 --field-trial-handle=2024,i,17997923285045663805,6945669727337648643,262144 --enable-features=msSingleSignOnOSForPrimaryAccountIsShared --disable-features=msEnhancedTrackingPreventionEnabled --variations-seed-version --pseudonymization-salt-handle=2028,i,10363675654584423323,14711617210225985604,4 --trace-process-track-uuid=3190708993808206286 --mojo-platform-channel-handle=4080 /prefetch:1","target_filename":"","registry_target_object":"","dns_query_name":"","powershell_encoded":0,"powershell_plain_command":0,"is_browser":1,"browser_gpu_process":0,"browser_renderer":1,"browser_utility":0,"base64_like_non_browser":0,"parent_same_image":1,"parent_is_wazuh_agent":0,"command_length_log":6.993932975223189,"command_length_bucket":"very_long"}
{"line_no":413,"timestamp":"2026-10-02T03:07:55.500+0000","event_id":"1","channel":"Microsoft-Windows-Sysmon/Operational","image_name":"microsoftedgeupdate.exe","parent_image_name":"services.exe","command_line":"\\\"C:\\\\Program Files (x86)\\\\Microsoft\\\\EdgeUpdate\\\\MicrosoftEdgeUpdate.exe\\\" /svc","target_filename":"","registry_target_object":"","dns_query_name":"","powershell_encoded":0,"powershell_plain_command":0,"is_browser":0,"browser_gpu_process":0,"browser_renderer":0,"browser_utility":0,"base64_like_non_browser":0,"parent_same_image":0,"parent_is_wazuh_agent":0,"command_length_log":4.394449154672439,"command_length_bucket":"short"}
{"line_no":414,"timestamp":"2026-10-02T03:08:05.095+0000","event_id":"1","channel":"Microsoft-Windows-Sysmon/Operational","image_name":"svchost.exe","parent_image_name":"services.exe","command_line":"C:\\\\Windows\\\\System32\\\\svchost.exe -k LocalSystemNetworkRestricted -p","target_filename":"","registry_target_object":"","dns_query_name":"","powershell_encoded":0,"powershell_plain_command":0,"is_browser":0,"browser_gpu_process":0,"browser_renderer":0,"browser_utility":0,"base64_like_non_browser":0,"parent_same_image":0,"parent_is_wazuh_agent":0,"command_length_log":4.248495242049359,"command_length_bucket":"short"}
{"line_no":415,"timestamp":"2026-10-02T03:08:05.122+0000","event_id":"4624","channel":"Security","image_name":"","parent_image_name":"","command_line":"","target_filename":"","registry_target_object":"","dns_query_name":"","powershell_encoded":0,"powershell_plain_command":0,"is_browser":0,"browser_gpu_process":0,"browser_renderer":0,"browser_utility":0,"base64_like_non_browser":0,"parent_same_image":0,"parent_is_wazuh_agent":0,"command_length_log":0.0,"command_length_bucket":"none"}
{"line_no":416,"timestamp":"2026-10-02T03:08:05.167+0000","event_id":"4672","channel":"Security","image_name":"","parent_image_name":"","command_line":"","target_filename":"","registry_target_object":"","dns_query_name":"","powershell_encoded":0,"powershell_plain_command":0,"is_browser":0,"browser_gpu_process":0,"browser_renderer":0,"browser_utility":0,"base64_like_non_browser":0,"parent_same_image":0,"parent_is_wazuh_agent":0,"command_length_log":0.0,"command_length_bucket":"none"}
{"line_no":417,"timestamp":"2026-10-02T03:08:05.376+0000","event_id":"900","channel":"Application","image_name":"","parent_image_name":"","command_line":"","target_filename":"","registry_target_object":"","dns_query_name":"","powershell_encoded":0,"powershell_plain_command":0,"is_browser":0,"browser_gpu_process":0,"browser_renderer":0,"browser_utility":0,"base64_like_non_browser":0,"parent_same_image":0,"parent_is_wazuh_agent":0,"command_length_log":0.0,"command_length_bucket":"none"}
{"line_no":418,"timestamp":"2026-10-02T03:08:05.500+0000","event_id":"16394","channel":"Application","image_name":"","parent_image_name":"","command_line":"","target_filename":"","registry_target_object":"","dns_query_name":"","powershell_encoded":0,"powershell_plain_command":0,"is_browser":0,"browser_gpu_process":0,"browser_renderer":0,"browser_utility":0,"base64_like_non_browser":0,"parent_same_image":0,"parent_is_wazuh_agent":0,"command_length_log":0.0,"command_length_bucket":"none"}
{"line_no":419,"timestamp":"2026-10-02T03:08:06.565+0000","event_id":"1","channel":"Microsoft-Windows-Sysmon/Operational","image_name":"uhssvc.exe","parent_image_name":"services.exe","command_line":"\\\"C:\\\\Program Files\\\\Microsoft Update Health Tools\\\\uhssvc.exe\\\"","target_filename":"","registry_target_object":"","dns_query_name":"","powershell_encoded":0,"powershell_plain_command":0,"is_browser":0,"browser_gpu_process":0,"browser_renderer":0,"browser_utility":0,"base64_like_non_browser":0,"parent_same_image":0,"parent_is_wazuh_agent":0,"command_length_log":4.174387269895637,"command_length_bucket":"short"}
{"line_no":420,"timestamp":"2026-10-02T03:08:07.063+0000","event_id":"10148","channel":"System","image_name":"","parent_image_name":"","command_line":"","target_filename":"","registry_target_object":"","dns_query_name":"","powershell_encoded":0,"powershell_plain_command":0,"is_browser":0,"browser_gpu_process":0,"browser_renderer":0,"browser_utility":0,"base64_like_non_browser":0,"parent_same_image":0,"parent_is_wazuh_agent":0,"command_length_log":0.0,"command_length_bucket":"none"}
{"line_no":421,"timestamp":"2026-10-02T03:08:08.475+0000","event_id":"1","channel":"Microsoft-Windows-Sysmon/Operational","image_name":"svchost.exe","parent_image_name":"services.exe","command_line":"C:\\\\Windows\\\\System32\\\\svchost.exe -k LocalServiceNetworkRestricted -p","target_filename":"","registry_target_object":"","dns_query_name":"","powershell_encoded":0,"powershell_plain_command":0,"is_browser":0,"browser_gpu_process":0,"browser_renderer":0,"browser_utility":0,"base64_like_non_browser":0,"parent_same_image":0,"parent_is_wazuh_agent":0,"command_length_log":4.2626798770413155,"command_length_bucket":"short"}
{"line_no":422,"timestamp":"2026-10-02T03:08:09.024+0000","event_id":"10016","channel":"System","image_name":"","parent_image_name":"","command_line":"","target_filename":"","registry_target_object":"","dns_query_name":"","powershell_encoded":0,"powershell_plain_command":0,"is_browser":0,"browser_gpu_process":0,"browser_renderer":0,"browser_utility":0,"base64_like_non_browser":0,"parent_same_image":0,"parent_is_wazuh_agent":0,"command_length_log":0.0,"command_length_bucket":"none"}
{"line_no":423,"timestamp":"2026-10-02T03:08:09.058+0000","event_id":"10016","channel":"System","image_name":"","parent_image_name":"","command_line":"","target_filename":"","registry_target_object":"","dns_query_name":"","powershell_encoded":0,"powershell_plain_command":0,"is_browser":0,"browser_gpu_process":0,"browser_renderer":0,"browser_utility":0,"base64_like_non_browser":0,"parent_same_image":0,"parent_is_wazuh_agent":0,"command_length_log":0.0,"command_length_bucket":"none"}
{"line_no":424,"timestamp":"2026-10-02T03:08:09.058+0000","event_id":"10016","channel":"System","image_name":"","parent_image_name":"","command_line":"","target_filename":"","registry_target_object":"","dns_query_name":"","powershell_encoded":0,"powershell_plain_command":0,"is_browser":0,"browser_gpu_process":0,"browser_renderer":0,"browser_utility":0,"base64_like_non_browser":0,"parent_same_image":0,"parent_is_wazuh_agent":0,"command_length_log":0.0,"command_length_bucket":"none"}
{"line_no":425,"timestamp":"2026-10-02T03:08:09.464+0000","event_id":"1","channel":"Application","image_name":"","parent_image_name":"","command_line":"","target_filename":"","registry_target_object":"","dns_query_name":"","powershell_encoded":0,"powershell_plain_command":0,"is_browser":0,"browser_gpu_process":0,"browser_renderer":0,"browser_utility":0,"base64_like_non_browser":0,"parent_same_image":0,"parent_is_wazuh_agent":0,"command_length_log":0.0,"command_length_bucket":"none"}
{"line_no":426,"timestamp":"2026-10-02T03:08:10.040+0000","event_id":"22","channel":"Microsoft-Windows-Sysmon/Operational","image_name":"svchost.exe","parent_image_name":"","command_line":"","target_filename":"","registry_target_object":"","dns_query_name":"microsoft.microsoftofficehub","powershell_encoded":0,"powershell_plain_command":0,"is_browser":0,"browser_gpu_process":0,"browser_renderer":0,"browser_utility":0,"base64_like_non_browser":0,"parent_same_image":0,"parent_is_wazuh_agent":0,"command_length_log":0.0,"command_length_bucket":"none"}
{"line_no":427,"timestamp":"2026-10-02T03:08:13.542+0000","event_id":"15","channel":"Application","image_name":"","parent_image_name":"","command_line":"","target_filename":"","registry_target_object":"","dns_query_name":"","powershell_encoded":0,"powershell_plain_command":0,"is_browser":0,"browser_gpu_process":0,"browser_renderer":0,"browser_utility":0,"base64_like_non_browser":0,"parent_same_image":0,"parent_is_wazuh_agent":0,"command_length_log":0.0,"command_length_bucket":"none"}
{"line_no":428,"timestamp":"2026-10-02T03:08:15.551+0000","event_id":"15","channel":"Application","image_name":"","parent_image_name":"","command_line":"","target_filename":"","registry_target_object":"","dns_query_name":"","powershell_encoded":0,"powershell_plain_command":0,"is_browser":0,"browser_gpu_process":0,"browser_renderer":0,"browser_utility":0,"base64_like_non_browser":0,"parent_same_image":0,"parent_is_wazuh_agent":0,"command_length_log":0.0,"command_length_bucket":"none"}
{"line_no":429,"timestamp":"2026-10-02T03:08:19.422+0000","event_id":"10154","channel":"System","image_name":"","parent_image_name":"","command_line":"","target_filename":"","registry_target_object":"","dns_query_name":"","powershell_encoded":0,"powershell_plain_command":0,"is_browser":0,"browser_gpu_process":0,"browser_renderer":0,"browser_utility":0,"base64_like_non_browser":0,"parent_same_image":0,"parent_is_wazuh_agent":0,"command_length_log":0.0,"command_length_bucket":"none"}
{"line_no":430,"timestamp":"2026-10-02T03:08:21.279+0000","event_id":"22","channel":"Microsoft-Windows-Sysmon/Operational","image_name":"lsass.exe","parent_image_name":"","command_line":"","target_filename":"","registry_target_object":"","dns_query_name":"_ldap._tcp.Default-First-Site-Name._sites.gc._msdcs.SOC-LAB.LOCAL.","powershell_encoded":0,"powershell_plain_command":0,"is_browser":0,"browser_gpu_process":0,"browser_renderer":0,"browser_utility":0,"base64_like_non_browser":0,"parent_same_image":0,"parent_is_wazuh_agent":0,"command_length_log":0.0,"command_length_bucket":"none"}
{"line_no":431,"timestamp":"2026-10-02T03:08:26.358+0000","event_id":"1","channel":"Microsoft-Windows-Sysmon/Operational","image_name":"msedgewebview2.exe","parent_image_name":"msedgewebview2.exe","command_line":"\\\"C:\\\\Program Files (x86)\\\\Microsoft\\\\EdgeWebView\\\\Application\\\\154.0.4258.48\\\\msedgewebview2.exe\\\" --type=renderer --noerrdialogs --user-data-dir=\\\"C:\\\\Users\\\\nam.user\\\\AppData\\\\Local\\\\Packages\\\\Microsoft.MicrosoftOfficeHub_8wekyb3d8bbwe\\\\LocalState\\\\EBWebView\\\" --webview-exe-name=M365Copilot.exe --webview-exe-version=19.2609.52011.0 --embedded-browser-webview=1 --embedded-browser-webview-dpi-awareness=2 --disable-gpu-compositing --video-capture-use-gpu-memory-buffer --lang=en-US --js-flags --device-scale-factor=1 --num-raster-threads=1 --renderer-client-id=9 --ram-no-pressure-read-main-dll --launch-time-ticks=152029387 --metrics-shmem-handle=4200,i,3862203355469501546,8213810377701739977,1048576 --field-trial-handle=2024,i,17997923285045663805,6945669727337648643,262144 --enable-features=msSingleSignOnOSForPrimaryAccountIsShared --disable-features=msEnhancedTrackingPreventionEnabled --variations-seed-version --pseudonymization-salt-handle=2028,i,10363675654584423323,14711617210225985604,4 --trace-process-track-uuid=3190708994745248135 --mojo-platform-channel-handle=4264 /prefetch:1","target_filename":"","registry_target_object":"","dns_query_name":"","powershell_encoded":0,"powershell_plain_command":0,"is_browser":1,"browser_gpu_process":0,"browser_renderer":1,"browser_utility":0,"base64_like_non_browser":0,"parent_same_image":1,"parent_is_wazuh_agent":0,"command_length_log":7.00397413672268,"command_length_bucket":"very_long"}
{"line_no":432,"timestamp":"2026-10-02T03:08:27.451+0000","event_id":"1","channel":"Microsoft-Windows-Sysmon/Operational","image_name":"msedgewebview2.exe","parent_image_name":"msedgewebview2.exe","command_line":"\\\"C:\\\\Program Files (x86)\\\\Microsoft\\\\EdgeWebView\\\\Application\\\\154.0.4258.48\\\\msedgewebview2.exe\\\" --type=renderer --noerrdialogs --user-data-dir=\\\"C:\\\\Users\\\\nam.user\\\\AppData\\\\Local\\\\Packages\\\\Microsoft.MicrosoftOfficeHub_8wekyb3d8bbwe\\\\LocalState\\\\EBWebView\\\" --webview-exe-name=M365Copilot.exe --webview-exe-version=19.2609.52011.0 --embedded-browser-webview=1 --embedded-browser-webview-dpi-awareness=2 --disable-gpu-compositing --video-capture-use-gpu-memory-buffer --lang=en-US --js-flags --device-scale-factor=1 --num-raster-threads=1 --renderer-client-id=10 --skip-read-main-dll --launch-time-ticks=153093767 --metrics-shmem-handle=5656,i,4161598220283710080,14374290396737433847,1048576 --field-trial-handle=2024,i,17997923285045663805,6945669727337648643,262144 --enable-features=msSingleSignOnOSForPrimaryAccountIsShared --disable-features=msEnhancedTrackingPreventionEnabled --variations-seed-version --pseudonymization-salt-handle=2028,i,10363675654584423323,14711617210225985604,4 --trace-process-track-uuid=3190708995682289984 --mojo-platform-channel-handle=4076 /prefetch:1","target_filename":"","registry_target_object":"","dns_query_name":"","powershell_encoded":0,"powershell_plain_command":0,"is_browser":1,"browser_gpu_process":0,"browser_renderer":1,"browser_utility":0,"base64_like_non_browser":0,"parent_same_image":1,"parent_is_wazuh_agent":0,"command_length_log":6.9957661563048505,"command_length_bucket":"very_long"}
{"line_no":433,"timestamp":"2026-10-02T03:08:32.737+0000","event_id":"1","channel":"Microsoft-Windows-Sysmon/Operational","image_name":"textinputhost.exe","parent_image_name":"svchost.exe","command_line":"\\\"C:\\\\Windows\\\\SystemApps\\\\MicrosoftWindows.Client.CBS_cw5n1h2txyewy\\\\TextInputHost.exe\\\" -ServerName:InputApp.AppXk0k6mrh4r2q0ct33a9wgbez0x7v9cz5y.mca","target_filename":"","registry_target_object":"","dns_query_name":"","powershell_encoded":0,"powershell_plain_command":0,"is_browser":0,"browser_gpu_process":0,"browser_renderer":0,"browser_utility":0,"base64_like_non_browser":0,"parent_same_image":0,"parent_is_wazuh_agent":0,"command_length_log":5.0238805208462765,"command_length_bucket":"medium"}
{"line_no":434,"timestamp":"2026-10-02T03:08:35.025+0000","event_id":"1","channel":"Microsoft-Windows-Sysmon/Operational","image_name":"msedgewebview2.exe","parent_image_name":"msedgewebview2.exe","command_line":"\\\"C:\\\\Program Files (x86)\\\\Microsoft\\\\EdgeWebView\\\\Application\\\\154.0.4258.48\\\\msedgewebview2.exe\\\" --type=renderer --noerrdialogs --user-data-dir=\\\"C:\\\\Users\\\\nam.user\\\\AppData\\\\Local\\\\Packages\\\\Microsoft.MicrosoftOfficeHub_8wekyb3d8bbwe\\\\LocalState\\\\EBWebView\\\" --webview-exe-name=M365Copilot.exe --webview-exe-version=19.2609.52011.0 --embedded-browser-webview=1 --embedded-browser-webview-dpi-awareness=2 --disable-gpu-compositing --video-capture-use-gpu-memory-buffer --lang=en-US --js-flags --device-scale-factor=1 --num-raster-threads=1 --renderer-client-id=11 --skip-read-main-dll --launch-time-ticks=160786468 --metrics-shmem-handle=5332,i,14522620478609521431,7843001900000538203,1048576 --field-trial-handle=2024,i,17997923285045663805,6945669727337648643,262144 --enable-features=msSingleSignOnOSForPrimaryAccountIsShared --disable-features=msEnhancedTrackingPreventionEnabled --variations-seed-version --pseudonymization-salt-handle=2028,i,10363675654584423323,14711617210225985604,4 --trace-process-track-uuid=3190708996619331833 --mojo-platform-channel-handle=5512 /prefetch:1","target_filename":"","registry_target_object":"","dns_query_name":"","powershell_encoded":0,"powershell_plain_command":0,"is_browser":1,"browser_gpu_process":0,"browser_renderer":1,"browser_utility":0,"base64_like_non_browser":0,"parent_same_image":1,"parent_is_wazuh_agent":0,"command_length_log":6.9957661563048505,"command_length_bucket":"very_long"}
{"line_no":435,"timestamp":"2026-10-02T03:08:37.287+0000","event_id":"16384","channel":"Application","image_name":"","parent_image_name":"","command_line":"","target_filename":"","registry_target_object":"","dns_query_name":"","powershell_encoded":0,"powershell_plain_command":0,"is_browser":0,"browser_gpu_process":0,"browser_renderer":0,"browser_utility":0,"base64_like_non_browser":0,"parent_same_image":0,"parent_is_wazuh_agent":0,"command_length_log":0.0,"command_length_bucket":"none"}
{"line_no":436,"timestamp":"2026-10-02T03:08:38.605+0000","event_id":"1","channel":"Microsoft-Windows-Sysmon/Operational","image_name":"microsoftedgeupdate.exe","parent_image_name":"microsoftedgeupdate.exe","command_line":"\\\"C:\\\\Program Files (x86)\\\\Microsoft\\\\EdgeUpdate\\\\MicrosoftEdgeUpdate.exe\\\" /ping PD94bWwgdmVyc2lvbj0iMS4wIiBlbmNvZGluZz0iVVRGLTgiPz48cmVxdWVzdCBwcm90b2NvbD0iMy4wIiB1cGRhdGVyPSJPbWFoYSIgdXBkYXRlcnZlcnNpb249IjEuMy4yNzMuMjEiIHNoZWxsX3ZlcnNpb249IjEuMy4yNzEuNyIgaXNtYWNoaW5lPSIxIiBzZXNzaW9uaWQ9IntEQ0RENDU5Ni1FNEY4LTRCNTAtODc3Qi0zMjQ1RTdENjUwMkZ9IiB1c2VyaWQ9IntGMkE5RDZDMC0yMDA3LTRCNjMtQjUxMy03REI0MjMyQzc4QTB9IiBpbnN0YWxsc291cmNlPSJjb3JlIiByZXF1ZXN0aWQ9InszQTc4OEY2MS1BMjlBLTQzODctQkJFNy01MTdBRjAzN0E0MzR9IiBkZWR1cD0iY3IiIGRvbWFpbmpvaW5lZD0iMSI-PGh3IGxvZ2ljYWxfY3B1cz0iMiIgcGh5c21lbW9yeT0iMiIgZGlza190eXBlPSIyIiBzc2U9IjEiIHNzZTI9IjEiIHNzZTM9IjEiIHNzc2UzPSIxIiBzc2U0MT0iMSIgc3NlNDI9IjEiIGF2eD0iMSIvPjxvcyBwbGF0Zm9ybT0id2luIiB2ZXJzaW9uPSIxMC4wLjE5MDQ1LjY0NTYiIHNwPSIiIGFyY2g9Ing2NCIgcHJvZHVjdF90eXBlPSI0OCIgaXNfd2lwPSIwIiBpc19pbl9sb2NrZG93bl9tb2RlPSIwIi8-PG9lbSBwcm9kdWN0X21hbnVmYWN0dXJlcj0iUUVNVSIgcHJvZHVjdF9uYW1lPSJTdGFuZGFyZCBQQyAoUTM1ICsgSUNIOSwgMjAwOSkiLz48ZXhwIGV0YWc9IiZxdW90O2Mwdmw2K1BPMXFmaDdsejR3c3FhY0FPZXFoYWc4eHFvbElrK3hhVTBBVkk9JnF1b3Q7Ii8-PGFwcCBhcHBpZD0ie0YzQzRGRTAwLUVGRDUtNDAzQi05NTY5LTM5OEEyMEYxQkE0QX0iIHZlcnNpb249IjEuMy4yNzMuMjEiIG5leHR2ZXJzaW9uPSIiIGxhbmc9IiIgYnJhbmQ9IklOQlgiIGNsaWVudD0iIiBleHBlcmltZW50cz0iQ29waWxvdFVuaWZpY2F0aW9uT3B0SW49JTVCJTIyLWVuYWJsZWQlMjIlNUQ7UHJvZHVjdHNUb1JlZ2lzdGVyPSU1QiUyMiU3QkM1MDU2NUU5LUNDQ0YtNDRCNC1CQTE1LTVBQzVDNjU2OTE5NyU3RCUyMiU1RCIgaW5zdGFsbGFnZT0iNCIgY29ob3J0PSJycmZAMC41OCI-PHVwZGF0ZWNoZWNrLz48cGluZyByPSIxIiByZD0iNzIxMyIgcGluZ19mcmVzaG5lc3M9IntGNzVBQTk1OC0yNzQ0LTQ3NDgtQkRFOC1GMDZBRkZDNUFGRjB9Ii8-PC9hcHA-PGFwcCBhcHBpZD0iezU2RUIxOEY4LUIwMDgtNENCRC1CNkQyLThDOTdGRTdFOTA2Mn0iIHZlcnNpb249IjE1NC4wLjQyNTguNDgiIG5leHR2ZXJzaW9uPSIiIGxhbmc9IiIgYnJhbmQ9IklOQlgiIGNsaWVudD0iIiBleHBlcmltZW50cz0iRXhwQ29uZmlnPWV5SmhjM05wWjI1bFpGOXZiaUk2SWpFek5ETTFNREl4T0RNNU5qTXdNRFExSWl3aVpYaHdYMk52Ym1acFoxOXBaQ0k2TlN3aWJtUmZaWGh3WDJOdmJtWnBaMTlwWkNJNk5YMDtXV1VST1c9ZXlKRGIyNW1hV2NpT2pVc0lrVkRUU0k2VzEwc0lrVlVJanBiWFgwIiBpbnN0YWxsYWdlPSI0IiBjb2hvcnQ9InJyZkAwLjU1IiBvb2JlX2luc3RhbGxfdGltZT0iMTM0MzQ5Njk4MDM1ODM4OTgwIiB1cGRhdGVfY291bnQ9IjIiIGlzX3Bpbm5lZF9zeXN0ZW09InRydWUiIGxhc3RfbGF1bmNoX2NvdW50PSIxIiBsYXN0X2xhdW5jaF90aW1lPSIxMzQzNTMyNzk5MTc4NDg2NjAiIGZpcnN0X2ZyZV9zZWVuX3RpbWU9IjEzNDM1MDM4MTgzMTc2MDUzMCIgZmlyc3RfZnJlX3NlZW5fdmVyc2lvbj0iMTU0LjAuNDI1OC4zNyI-PHVwZGF0ZWNoZWNrLz48cGluZyBhY3RpdmU9IjEiIGE9IjEiIHI9IjEiIGFkPSI3MjEzIiByZD0iNzIxMyIgcGluZ19mcmVzaG5lc3M9IntBN0REOThFQi0zQUU1LTQwMTYtODc2Ri1CNzRGMDQwNDk0OTZ9Ii8-PC9hcHA-PGFwcCBhcHBpZD0ie0M1MDU2NUU5LUNDQ0YtNDRCNC1CQTE1LTVBQzVDNjU2OTE5N30iIHZlcnNpb249IjE1NC4wLjQyNTguMzciIG5leHR2ZXJzaW9uPSIiIGxhbmc9IiIgYnJhbmQ9IkVVQ0YiIGNsaWVudD0iIiBpbnN0YWxsYWdlPSIwIiBpbnN0YWxsZGF0ZT0iNzIxMCIgY29ob3J0PSJycmZAMC4yNSI-PHVwZGF0ZWNoZWNrLz48cGluZyByPSIxIiByZD0iNzIxMyIgcGluZ19mcmVzaG5lc3M9IntFMEJDQTI1MC1EMkY4LTQyMDItOTRFOS0wMzhCMEZDNDZFNkF9Ii8-PC9hcHA-PGFwcCBhcHBpZD0ie0YzMDE3MjI2LUZFMkEtNDI5NS04QkRGLTAwQzNBOUE3RTRDNX0iIHZlcnNpb249IjE1NC4wLjQyNTguNDgiIG5leHR2ZXJzaW9uPSIiIGxhbmc9IiIgYnJhbmQ9IkVVV1YiIGNsaWVudD0iIiBpbnN0YWxsYWdlPSI0IiBpbnN0YWxsZGF0ZT0iNzIwMyIgY29ob3J0PSJycmZAMC44OCIgdXBkYXRlX2NvdW50PSIxIiBsYXN0X2xhdW5jaF9jb3VudD0iMSIgbGFzdF9sYXVuY2hfdGltZT0iMTM0MzUzODQwMjc1ODc4NDAwIj48dXBkYXRlY2hlY2svPjxwaW5nIGFjdGl2ZT0iMSIgYT0iLTEiIHI9IjEiIGFkPSItMSIgcmQ9IjcyMTMiIHBpbmdfZnJlc2huZXNzPSJ7NUEwQjBGNUItMDI1Qi00QjQ5LTg5QzgtMUNCMDE5NUNERjYzfSIvPjwvYXBwPjwvcmVxdWVzdD4","target_filename":"","registry_target_object":"","dns_query_name":"","powershell_encoded":0,"powershell_plain_command":0,"is_browser":0,"browser_gpu_process":0,"browser_renderer":0,"browser_utility":0,"base64_like_non_browser":1,"parent_same_image":1,"parent_is_wazuh_agent":0,"command_length_log":8.11312710422178,"command_length_bucket":"very_long"}
{"line_no":437,"timestamp":"2026-10-02T03:08:40.789+0000","event_id":"1","channel":"Microsoft-Windows-Sysmon/Operational","image_name":"powershell.exe","parent_image_name":"","command_line":"\\\"C:\\\\Windows\\\\System32\\\\WindowsPowerShell\\\\v1.0\\\\powershell.exe\\\"","target_filename":"","registry_target_object":"","dns_query_name":"","powershell_encoded":0,"powershell_plain_command":1,"is_browser":0,"browser_gpu_process":0,"browser_renderer":0,"browser_utility":0,"base64_like_non_browser":0,"parent_same_image":0,"parent_is_wazuh_agent":0,"command_length_log":4.204692619390966,"command_length_bucket":"short"}
{"line_no":438,"timestamp":"2026-10-02T03:08:45.759+0000","event_id":"5379","channel":"Security","image_name":"","parent_image_name":"","command_line":"","target_filename":"","registry_target_object":"","dns_query_name":"","powershell_encoded":0,"powershell_plain_command":0,"is_browser":0,"browser_gpu_process":0,"browser_renderer":0,"browser_utility":0,"base64_like_non_browser":0,"parent_same_image":0,"parent_is_wazuh_agent":0,"command_length_log":0.0,"command_length_bucket":"none"}
{"line_no":439,"timestamp":"2026-10-02T03:08:45.823+0000","event_id":"5379","channel":"Security","image_name":"","parent_image_name":"","command_line":"","target_filename":"","registry_target_object":"","dns_query_name":"","powershell_encoded":0,"powershell_plain_command":0,"is_browser":0,"browser_gpu_process":0,"browser_renderer":0,"browser_utility":0,"base64_like_non_browser":0,"parent_same_image":0,"parent_is_wazuh_agent":0,"command_length_log":0.0,"command_length_bucket":"none"}
{"line_no":440,"timestamp":"2026-10-02T03:08:45.853+0000","event_id":"5379","channel":"Security","image_name":"","parent_image_name":"","command_line":"","target_filename":"","registry_target_object":"","dns_query_name":"","powershell_encoded":0,"powershell_plain_command":0,"is_browser":0,"browser_gpu_process":0,"browser_renderer":0,"browser_utility":0,"base64_like_non_browser":0,"parent_same_image":0,"parent_is_wazuh_agent":0,"command_length_log":0.0,"command_length_bucket":"none"}
{"line_no":441,"timestamp":"2026-10-02T03:08:45.856+0000","event_id":"5379","channel":"Security","image_name":"","parent_image_name":"","command_line":"","target_filename":"","registry_target_object":"","dns_query_name":"","powershell_encoded":0,"powershell_plain_command":0,"is_browser":0,"browser_gpu_process":0,"browser_renderer":0,"browser_utility":0,"base64_like_non_browser":0,"parent_same_image":0,"parent_is_wazuh_agent":0,"command_length_log":0.0,"command_length_bucket":"none"}
{"line_no":442,"timestamp":"2026-10-02T03:08:47.817+0000","event_id":"11","channel":"Microsoft-Windows-Sysmon/Operational","image_name":"powershell.exe","parent_image_name":"","command_line":"","target_filename":"C:\\\\Users\\\\nam.user\\\\AppData\\\\Local\\\\Temp\\\\__PSScriptPolicyTest_3hteand1.uwd.ps1","registry_target_object":"","dns_query_name":"","powershell_encoded":0,"powershell_plain_command":0,"is_browser":0,"browser_gpu_process":0,"browser_renderer":0,"browser_utility":0,"base64_like_non_browser":0,"parent_same_image":0,"parent_is_wazuh_agent":0,"command_length_log":0.0,"command_length_bucket":"none"}
{"line_no":443,"timestamp":"2026-10-02T03:08:51.123+0000","event_id":"1","channel":"Microsoft-Windows-Sysmon/Operational","image_name":"msedgewebview2.exe","parent_image_name":"msedgewebview2.exe","command_line":"\\\"C:\\\\Program Files (x86)\\\\Microsoft\\\\EdgeWebView\\\\Application\\\\154.0.4258.48\\\\msedgewebview2.exe\\\" --type=renderer --noerrdialogs --user-data-dir=\\\"C:\\\\Users\\\\nam.user\\\\AppData\\\\Local\\\\Packages\\\\Microsoft.MicrosoftOfficeHub_8wekyb3d8bbwe\\\\LocalState\\\\EBWebView\\\" --webview-exe-name=M365Copilot.exe --webview-exe-version=19.2609.52011.0 --embedded-browser-webview=1 --embedded-browser-webview-dpi-awareness=2 --disable-gpu-compositing --video-capture-use-gpu-memory-buffer --lang=en-US --js-flags --device-scale-factor=1 --num-raster-threads=1 --renderer-client-id=12 --skip-read-main-dll --launch-time-ticks=176221048 --metrics-shmem-handle=4300,i,7090575505474859860,3362386056112960263,1048576 --field-trial-handle=2024,i,17997923285045663805,6945669727337648643,262144 --enable-features=msSingleSignOnOSForPrimaryAccountIsShared --disable-features=msEnhancedTrackingPreventionEnabled --variations-seed-version --pseudonymization-salt-handle=2028,i,10363675654584423323,14711617210225985604,4 --trace-process-track-uuid=3190708997556373682 --mojo-platform-channel-handle=5660 /prefetch:1","target_filename":"","registry_target_object":"","dns_query_name":"","powershell_encoded":0,"powershell_plain_command":0,"is_browser":1,"browser_gpu_process":0,"browser_renderer":1,"browser_utility":0,"base64_like_non_browser":0,"parent_same_image":1,"parent_is_wazuh_agent":0,"command_length_log":6.994849985833071,"command_length_bucket":"very_long"}
{"line_no":444,"timestamp":"2026-10-02T03:08:51.127+0000","event_id":"1","channel":"Microsoft-Windows-Sysmon/Operational","image_name":"msedgewebview2.exe","parent_image_name":"msedgewebview2.exe","command_line":"\\\"C:\\\\Program Files (x86)\\\\Microsoft\\\\EdgeWebView\\\\Application\\\\154.0.4258.48\\\\msedgewebview2.exe\\\" --type=renderer --noerrdialogs --user-data-dir=\\\"C:\\\\Users\\\\nam.user\\\\AppData\\\\Local\\\\Packages\\\\Microsoft.MicrosoftOfficeHub_8wekyb3d8bbwe\\\\LocalState\\\\EBWebView\\\" --webview-exe-name=M365Copilot.exe --webview-exe-version=19.2609.52011.0 --embedded-browser-webview=1 --embedded-browser-webview-dpi-awareness=2 --disable-gpu-compositing --video-capture-use-gpu-memory-buffer --lang=en-US --js-flags --device-scale-factor=1 --num-raster-threads=1 --renderer-client-id=13 --skip-read-main-dll --launch-time-ticks=176505801 --metrics-shmem-handle=5784,i,804396869116291643,1783968570323970044,1048576 --field-trial-handle=2024,i,17997923285045663805,6945669727337648643,262144 --enable-features=msSingleSignOnOSForPrimaryAccountIsShared --disable-features=msEnhancedTrackingPreventionEnabled --variations-seed-version --pseudonymization-salt-handle=2028,i,10363675654584423323,14711617210225985604,4 --trace-process-track-uuid=3190708998493415531 --mojo-platform-channel-handle=4276 /prefetch:1","target_filename":"","registry_target_object":"","dns_query_name":"","powershell_encoded":0,"powershell_plain_command":0,"is_browser":1,"browser_gpu_process":0,"browser_renderer":1,"browser_utility":0,"base64_like_non_browser":0,"parent_same_image":1,"parent_is_wazuh_agent":0,"command_length_log":6.993932975223189,"command_length_bucket":"very_long"}
{"line_no":445,"timestamp":"2026-10-02T03:08:58.831+0000","event_id":"1","channel":"Microsoft-Windows-Sysmon/Operational","image_name":"msedgewebview2.exe","parent_image_name":"msedgewebview2.exe","command_line":"\\\"C:\\\\Program Files (x86)\\\\Microsoft\\\\EdgeWebView\\\\Application\\\\154.0.4258.48\\\\msedgewebview2.exe\\\" --type=renderer --noerrdialogs --user-data-dir=\\\"C:\\\\Users\\\\nam.user\\\\AppData\\\\Local\\\\Packages\\\\Microsoft.MicrosoftOfficeHub_8wekyb3d8bbwe\\\\LocalState\\\\EBWebView\\\" --webview-exe-name=M365Copilot.exe --webview-exe-version=19.2609.52011.0 --embedded-browser-webview=1 --embedded-browser-webview-dpi-awareness=2 --disable-gpu-compositing --video-capture-use-gpu-memory-buffer --lang=en-US --js-flags --device-scale-factor=1 --num-raster-threads=1 --renderer-client-id=14 --ram-no-pressure-read-main-dll --launch-time-ticks=184661645 --metrics-shmem-handle=4216,i,14551061870821424399,8993142811054277910,1048576 --field-trial-handle=2024,i,17997923285045663805,6945669727337648643,262144 --enable-features=msSingleSignOnOSForPrimaryAccountIsShared --disable-features=msEnhancedTrackingPreventionEnabled --variations-seed-version --pseudonymization-salt-handle=2028,i,10363675654584423323,14711617210225985604,4 --trace-process-track-uuid=3190708999430457380 --mojo-platform-channel-handle=5612 /prefetch:1","target_filename":"","registry_target_object":"","dns_query_name":"","powershell_encoded":0,"powershell_plain_command":0,"is_browser":1,"browser_gpu_process":0,"browser_renderer":1,"browser_utility":0,"base64_like_non_browser":0,"parent_same_image":1,"parent_is_wazuh_agent":0,"command_length_log":7.005789019253503,"command_length_bucket":"very_long"}
{"line_no":446,"timestamp":"2026-10-02T03:09:03.643+0000","event_id":"1","channel":"Microsoft-Windows-Sysmon/Operational","image_name":"wermgr.exe","parent_image_name":"svchost.exe","command_line":"\\\"C:\\\\Windows\\\\system32\\\\wermgr.exe\\\" -upload","target_filename":"","registry_target_object":"","dns_query_name":"","powershell_encoded":0,"powershell_plain_command":0,"is_browser":0,"browser_gpu_process":0,"browser_renderer":0,"browser_utility":0,"base64_like_non_browser":0,"parent_same_image":0,"parent_is_wazuh_agent":0,"command_length_log":3.828641396489095,"command_length_bucket":"short"}
{"line_no":447,"timestamp":"2026-10-02T03:09:04.922+0000","event_id":"1","channel":"Microsoft-Windows-Sysmon/Operational","image_name":"msedgewebview2.exe","parent_image_name":"msedgewebview2.exe","command_line":"\\\"C:\\\\Program Files (x86)\\\\Microsoft\\\\EdgeWebView\\\\Application\\\\154.0.4258.48\\\\msedgewebview2.exe\\\" --type=renderer --noerrdialogs --user-data-dir=\\\"C:\\\\Users\\\\nam.user\\\\AppData\\\\Local\\\\Packages\\\\Microsoft.MicrosoftOfficeHub_8wekyb3d8bbwe\\\\LocalState\\\\EBWebView\\\" --webview-exe-name=M365Copilot.exe --webview-exe-version=19.2609.52011.0 --embedded-browser-webview=1 --embedded-browser-webview-dpi-awareness=2 --disable-gpu-compositing --video-capture-use-gpu-memory-buffer --lang=en-US --js-flags --device-scale-factor=1 --num-raster-threads=1 --renderer-client-id=15 --skip-read-main-dll --launch-time-ticks=190764358 --metrics-shmem-handle=5628,i,11177609212337341718,10291791100868205736,1048576 --field-trial-handle=2024,i,17997923285045663805,6945669727337648643,262144 --enable-features=msSingleSignOnOSForPrimaryAccountIsShared --disable-features=msEnhancedTrackingPreventionEnabled --variations-seed-version --pseudonymization-salt-handle=2028,i,10363675654584423323,14711617210225985604,4 --trace-process-track-uuid=3190709000367499229 --mojo-platform-channel-handle=5164 /prefetch:1","target_filename":"","registry_target_object":"","dns_query_name":"","powershell_encoded":0,"powershell_plain_command":0,"is_browser":1,"browser_gpu_process":0,"browser_renderer":1,"browser_utility":0,"base64_like_non_browser":0,"parent_same_image":1,"parent_is_wazuh_agent":0,"command_length_log":6.996681488176539,"command_length_bucket":"very_long"}
{"line_no":448,"timestamp":"2026-10-02T03:09:04.924+0000","event_id":"1","channel":"Microsoft-Windows-Sysmon/Operational","image_name":"msedgewebview2.exe","parent_image_name":"msedgewebview2.exe","command_line":"\\\"C:\\\\Program Files (x86)\\\\Microsoft\\\\EdgeWebView\\\\Application\\\\154.0.4258.48\\\\msedgewebview2.exe\\\" --type=renderer --noerrdialogs --user-data-dir=\\\"C:\\\\Users\\\\nam.user\\\\AppData\\\\Local\\\\Packages\\\\Microsoft.MicrosoftOfficeHub_8wekyb3d8bbwe\\\\LocalState\\\\EBWebView\\\" --webview-exe-name=M365Copilot.exe --webview-exe-version=19.2609.52011.0 --embedded-browser-webview=1 --embedded-browser-webview-dpi-awareness=2 --disable-gpu-compositing --video-capture-use-gpu-memory-buffer --lang=en-US --js-flags --device-scale-factor=1 --num-raster-threads=1 --renderer-client-id=16 --skip-read-main-dll --launch-time-ticks=190831983 --metrics-shmem-handle=5616,i,10439219938583632963,12981761306441416866,1048576 --field-trial-handle=2024,i,17997923285045663805,6945669727337648643,262144 --enable-features=msSingleSignOnOSForPrimaryAccountIsShared --disable-features=msEnhancedTrackingPreventionEnabled --variations-seed-version --pseudonymization-salt-handle=2028,i,10363675654584423323,14711617210225985604,4 --trace-process-track-uuid=3190709001304541078 --mojo-platform-channel-handle=5544 /prefetch:1","target_filename":"","registry_target_object":"","dns_query_name":"","powershell_encoded":0,"powershell_plain_command":0,"is_browser":1,"browser_gpu_process":0,"browser_renderer":1,"browser_utility":0,"base64_like_non_browser":0,"parent_same_image":1,"parent_is_wazuh_agent":0,"command_length_log":6.996681488176539,"command_length_bucket":"very_long"}
{"line_no":449,"timestamp":"2026-10-02T03:09:06.260+0000","event_id":"1","channel":"Microsoft-Windows-Sysmon/Operational","image_name":"taskhostw.exe","parent_image_name":"svchost.exe","command_line":"taskhostw.exe","target_filename":"","registry_target_object":"","dns_query_name":"","powershell_encoded":0,"powershell_plain_command":0,"is_browser":0,"browser_gpu_process":0,"browser_renderer":0,"browser_utility":0,"base64_like_non_browser":0,"parent_same_image":0,"parent_is_wazuh_agent":0,"command_length_log":2.639057329615259,"command_length_bucket":"short"}
{"line_no":450,"timestamp":"2026-10-02T03:09:09.188+0000","event_id":"1","channel":"Microsoft-Windows-Sysmon/Operational","image_name":"msedgewebview2.exe","parent_image_name":"msedgewebview2.exe","command_line":"\\\"C:\\\\Program Files (x86)\\\\Microsoft\\\\EdgeWebView\\\\Application\\\\154.0.4258.48\\\\msedgewebview2.exe\\\" --type=gpu-process --disable-gpu-sandbox --gpu-vendor-id=5140 --gpu-device-id=140 --gpu-sub-system-id=0 --gpu-revision=0 --gpu-driver-version=10.0.19041.5794 --noerrdialogs --user-data-dir=\\\"C:\\\\Users\\\\nam.user\\\\AppData\\\\Local\\\\Packages\\\\Microsoft.MicrosoftOfficeHub_8wekyb3d8bbwe\\\\LocalState\\\\EBWebView\\\" --webview-exe-name=M365Copilot.exe --webview-exe-version=19.2609.52011.0 --embedded-browser-webview=1 --embedded-browser-webview-dpi-awareness=2 --gpu-preferences=WAAAAAAAAADoAAAEAAAAAAAAAAAAAGAAQAAAAAAAAAAAAAAAAAAAADgAAAAAAAAAAAAAAAAAAABCAAAAAAAAAAAAAAAAAAAAKAAAAAAAAAAoAAAAAAAAAAgAAAAAAAAADAAAAAEAAAAAAAAAAAAAAAgAAAAAAAAACAAAAAAAAAA= --use-gl=angle --use-angle=d3d11-warp-webgl --skip-read-main-dll --metrics-shmem-handle=4424,i,12610911803508845508,5630303102132962923,262144 --field-trial-handle=2024,i,17997923285045663805,6945669727337648643,262144 --enable-features=msSingleSignOnOSForPrimaryAccountIsShared --disable-features=msEnhancedTrackingPreventionEnabled --variations-seed-version --pseudonymization-salt-handle=2028,i,10363675654584423323,14711617210225985604,4 --trace-process-track-uuid=3190709002241582927 --mojo-platform-channel-handle=5592 /prefetch:8","target_filename":"","registry_target_object":"","dns_query_name":"","powershell_encoded":0,"powershell_plain_command":0,"is_browser":1,"browser_gpu_process":1,"browser_renderer":0,"browser_utility":0,"base64_like_non_browser":0,"parent_same_image":1,"parent_is_wazuh_agent":0,"command_length_log":7.153833801578843,"command_length_bucket":"very_long"}
{"line_no":451,"timestamp":"2026-10-02T03:09:11.656+0000","event_id":"5379","channel":"Security","image_name":"","parent_image_name":"","command_line":"","target_filename":"","registry_target_object":"","dns_query_name":"","powershell_encoded":0,"powershell_plain_command":0,"is_browser":0,"browser_gpu_process":0,"browser_renderer":0,"browser_utility":0,"base64_like_non_browser":0,"parent_same_image":0,"parent_is_wazuh_agent":0,"command_length_log":0.0,"command_length_bucket":"none"}
{"line_no":452,"timestamp":"2026-10-02T03:09:11.673+0000","event_id":"5379","channel":"Security","image_name":"","parent_image_name":"","command_line":"","target_filename":"","registry_target_object":"","dns_query_name":"","powershell_encoded":0,"powershell_plain_command":0,"is_browser":0,"browser_gpu_process":0,"browser_renderer":0,"browser_utility":0,"base64_like_non_browser":0,"parent_same_image":0,"parent_is_wazuh_agent":0,"command_length_log":0.0,"command_length_bucket":"none"}
