{"line_no":680,"timestamp":"2026-10-02T04:52:47.105+0000","event_id":"11","channel":"Microsoft-Windows-Sysmon/Operational","image_name":"powershell.exe","parent_image_name":"","command_line":"","target_filename":"C:\\\\Users\\\\nam.user\\\\AppData\\\\Local\\\\Temp\\\\__PSScriptPolicyTest_1itffkzh.paq.ps1","registry_target_object":"","dns_query_name":"","powershell_encoded":0,"powershell_plain_command":0,"is_browser":0,"browser_gpu_process":0,"browser_renderer":0,"browser_utility":0,"base64_like_non_browser":0,"parent_same_image":0,"parent_is_wazuh_agent":0,"command_length_log":0.0,"command_length_bucket":"none"}
{"line_no":681,"timestamp":"2026-10-02T04:52:47.121+0000","event_id":"1","channel":"Microsoft-Windows-Sysmon/Operational","image_name":"powershell.exe","parent_image_name":"powershell.exe","command_line":"\\\"C:\\\\Windows\\\\System32\\\\WindowsPowerShell\\\\v1.0\\\\powershell.exe\\\" -NoProfile -Command \\\"Get-Process | Select-Object -First 10\\\"","target_filename":"","registry_target_object":"","dns_query_name":"","powershell_encoded":0,"powershell_plain_command":1,"is_browser":0,"browser_gpu_process":0,"browser_renderer":0,"browser_utility":0,"base64_like_non_browser":0,"parent_same_image":1,"parent_is_wazuh_agent":0,"command_length_log":4.859812404361672,"command_length_bucket":"medium"}
{"line_no":682,"timestamp":"2026-10-02T04:52:47.135+0000","event_id":"11","channel":"Microsoft-Windows-Sysmon/Operational","image_name":"powershell.exe","parent_image_name":"","command_line":"","target_filename":"C:\\\\Users\\\\nam.user\\\\AppData\\\\Local\\\\Temp\\\\__PSScriptPolicyTest_pgt1thos.k1y.ps1","registry_target_object":"","dns_query_name":"","powershell_encoded":0,"powershell_plain_command":0,"is_browser":0,"browser_gpu_process":0,"browser_renderer":0,"browser_utility":0,"base64_like_non_browser":0,"parent_same_image":0,"parent_is_wazuh_agent":0,"command_length_log":0.0,"command_length_bucket":"none"}
{"line_no":683,"timestamp":"2026-10-02T04:52:48.013+0000","event_id":"1","channel":"Microsoft-Windows-Sysmon/Operational","image_name":"powershell.exe","parent_image_name":"powershell.exe","command_line":"\\\"C:\\\\Windows\\\\System32\\\\WindowsPowerShell\\\\v1.0\\\\powershell.exe\\\" -NoProfile -Command \\\"Get-Service | Select-Object -First 10\\\"","target_filename":"","registry_target_object":"","dns_query_name":"","powershell_encoded":0,"powershell_plain_command":1,"is_browser":0,"browser_gpu_process":0,"browser_renderer":0,"browser_utility":0,"base64_like_non_browser":0,"parent_same_image":1,"parent_is_wazuh_agent":0,"command_length_log":4.859812404361672,"command_length_bucket":"medium"}
{"line_no":684,"timestamp":"2026-10-02T04:52:48.015+0000","event_id":"11","channel":"Microsoft-Windows-Sysmon/Operational","image_name":"powershell.exe","parent_image_name":"","command_line":"","target_filename":"C:\\\\Users\\\\nam.user\\\\AppData\\\\Local\\\\Temp\\\\__PSScriptPolicyTest_ngylwp4v.ykm.ps1","registry_target_object":"","dns_query_name":"","powershell_encoded":0,"powershell_plain_command":0,"is_browser":0,"browser_gpu_process":0,"browser_renderer":0,"browser_utility":0,"base64_like_non_browser":0,"parent_same_image":0,"parent_is_wazuh_agent":0,"command_length_log":0.0,"command_length_bucket":"none"}
{"line_no":685,"timestamp":"2026-10-02T04:52:48.026+0000","event_id":"1","channel":"Microsoft-Windows-Sysmon/Operational","image_name":"powershell.exe","parent_image_name":"powershell.exe","command_line":"\\\"C:\\\\Windows\\\\System32\\\\WindowsPowerShell\\\\v1.0\\\\powershell.exe\\\" -NoProfile -Command \\\"Get-ChildItem C:\\\\Windows | Select-Object -First 10\\\"","target_filename":"","registry_target_object":"","dns_query_name":"","powershell_encoded":0,"powershell_plain_command":1,"is_browser":0,"browser_gpu_process":0,"browser_renderer":0,"browser_utility":0,"base64_like_non_browser":0,"parent_same_image":1,"parent_is_wazuh_agent":0,"command_length_log":4.962844630259907,"command_length_bucket":"medium"}
{"line_no":686,"timestamp":"2026-10-02T04:52:48.041+0000","event_id":"11","channel":"Microsoft-Windows-Sysmon/Operational","image_name":"powershell.exe","parent_image_name":"","command_line":"","target_filename":"C:\\\\Users\\\\nam.user\\\\AppData\\\\Local\\\\Temp\\\\__PSScriptPolicyTest_qevcyczz.re3.ps1","registry_target_object":"","dns_query_name":"","powershell_encoded":0,"powershell_plain_command":0,"is_browser":0,"browser_gpu_process":0,"browser_renderer":0,"browser_utility":0,"base64_like_non_browser":0,"parent_same_image":0,"parent_is_wazuh_agent":0,"command_length_log":0.0,"command_length_bucket":"none"}
{"line_no":687,"timestamp":"2026-10-02T04:52:48.057+0000","event_id":"1","channel":"Microsoft-Windows-Sysmon/Operational","image_name":"powershell.exe","parent_image_name":"powershell.exe","command_line":"\\\"C:\\\\Windows\\\\System32\\\\WindowsPowerShell\\\\v1.0\\\\powershell.exe\\\" -NoProfile -Command Get-NetIPAddress","target_filename":"","registry_target_object":"","dns_query_name":"","powershell_encoded":0,"powershell_plain_command":1,"is_browser":0,"browser_gpu_process":0,"browser_renderer":0,"browser_utility":0,"base64_like_non_browser":0,"parent_same_image":1,"parent_is_wazuh_agent":0,"command_length_log":4.6443908991413725,"command_length_bucket":"medium"}
{"line_no":688,"timestamp":"2026-10-02T04:52:48.073+0000","event_id":"11","channel":"Microsoft-Windows-Sysmon/Operational","image_name":"powershell.exe","parent_image_name":"","command_line":"","target_filename":"C:\\\\Users\\\\nam.user\\\\AppData\\\\Local\\\\Temp\\\\__PSScriptPolicyTest_g0gymjtw.bsx.ps1","registry_target_object":"","dns_query_name":"","powershell_encoded":0,"powershell_plain_command":0,"is_browser":0,"browser_gpu_process":0,"browser_renderer":0,"browser_utility":0,"base64_like_non_browser":0,"parent_same_image":0,"parent_is_wazuh_agent":0,"command_length_log":0.0,"command_length_bucket":"none"}
{"line_no":689,"timestamp":"2026-10-02T04:52:49.271+0000","event_id":"1","channel":"Microsoft-Windows-Sysmon/Operational","image_name":"powershell.exe","parent_image_name":"powershell.exe","command_line":"\\\"C:\\\\Windows\\\\System32\\\\WindowsPowerShell\\\\v1.0\\\\powershell.exe\\\" -NoProfile -Command \\\"Test-Path C:\\\\Windows\\\"","target_filename":"","registry_target_object":"","dns_query_name":"","powershell_encoded":0,"powershell_plain_command":1,"is_browser":0,"browser_gpu_process":0,"browser_renderer":0,"browser_utility":0,"base64_like_non_browser":0,"parent_same_image":1,"parent_is_wazuh_agent":0,"command_length_log":4.727387818712341,"command_length_bucket":"medium"}
{"line_no":690,"timestamp":"2026-10-02T04:52:49.273+0000","event_id":"11","channel":"Microsoft-Windows-Sysmon/Operational","image_name":"powershell.exe","parent_image_name":"","command_line":"","target_filename":"C:\\\\Users\\\\nam.user\\\\AppData\\\\Local\\\\Temp\\\\__PSScriptPolicyTest_v4iiw4j2.03q.ps1","registry_target_object":"","dns_query_name":"","powershell_encoded":0,"powershell_plain_command":0,"is_browser":0,"browser_gpu_process":0,"browser_renderer":0,"browser_utility":0,"base64_like_non_browser":0,"parent_same_image":0,"parent_is_wazuh_agent":0,"command_length_log":0.0,"command_length_bucket":"none"}
{"line_no":691,"timestamp":"2026-10-02T04:52:49.278+0000","event_id":"1","channel":"Microsoft-Windows-Sysmon/Operational","image_name":"notepad.exe","parent_image_name":"powershell.exe","command_line":"\\\"C:\\\\Windows\\\\system32\\\\notepad.exe\\\"","target_filename":"","registry_target_object":"","dns_query_name":"","powershell_encoded":0,"powershell_plain_command":0,"is_browser":0,"browser_gpu_process":0,"browser_renderer":0,"browser_utility":0,"base64_like_non_browser":0,"parent_same_image":0,"parent_is_wazuh_agent":0,"command_length_log":3.6635616461296463,"command_length_bucket":"short"}
{"line_no":692,"timestamp":"2026-10-02T04:52:58.676+0000","event_id":"1","channel":"Microsoft-Windows-Sysmon/Operational","image_name":"calc.exe","parent_image_name":"powershell.exe","command_line":"\\\"C:\\\\Windows\\\\system32\\\\calc.exe\\\"","target_filename":"","registry_target_object":"","dns_query_name":"","powershell_encoded":0,"powershell_plain_command":0,"is_browser":0,"browser_gpu_process":0,"browser_renderer":0,"browser_utility":0,"base64_like_non_browser":0,"parent_same_image":0,"parent_is_wazuh_agent":0,"command_length_log":3.58351893845611,"command_length_bucket":"short"}
{"line_no":693,"timestamp":"2026-10-02T04:53:35.764+0000","event_id":"1","channel":"Microsoft-Windows-Sysmon/Operational","image_name":"smartscreen.exe","parent_image_name":"svchost.exe","command_line":"C:\\\\Windows\\\\System32\\\\smartscreen.exe -Embedding","target_filename":"","registry_target_object":"","dns_query_name":"","powershell_encoded":0,"powershell_plain_command":0,"is_browser":0,"browser_gpu_process":0,"browser_renderer":0,"browser_utility":0,"base64_like_non_browser":0,"parent_same_image":0,"parent_is_wazuh_agent":0,"command_length_log":3.912023005428146,"command_length_bucket":"short"}
{"line_no":694,"timestamp":"2026-10-02T04:53:35.878+0000","event_id":"1","channel":"Microsoft-Windows-Sysmon/Operational","image_name":"msedge.exe","parent_image_name":"explorer.exe","command_line":"\\\"C:\\\\Program Files (x86)\\\\Microsoft\\\\Edge\\\\Application\\\\msedge.exe\\\" --profile-directory=Default","target_filename":"","registry_target_object":"","dns_query_name":"","powershell_encoded":0,"powershell_plain_command":0,"is_browser":1,"browser_gpu_process":0,"browser_renderer":0,"browser_utility":0,"base64_like_non_browser":0,"parent_same_image":0,"parent_is_wazuh_agent":0,"command_length_log":4.584967478670572,"command_length_bucket":"medium"}
{"line_no":695,"timestamp":"2026-10-02T04:53:36.631+0000","event_id":"1","channel":"Microsoft-Windows-Sysmon/Operational","image_name":"msedge.exe","parent_image_name":"msedge.exe","command_line":"\\\"C:\\\\Program Files (x86)\\\\Microsoft\\\\Edge\\\\Application\\\\msedge.exe\\\" --type=utility --utility-sub-type=entity_extraction_service.mojom.Extractor --lang=en-US --service-sandbox-type=entity_extraction --onnx-enabled-for-ee --skip-read-main-dll --metrics-shmem-handle=5940,i,12042745203291819479,4582431605831349727,524288 --field-trial-handle=2496,i,4150568377684882800,2102571704434322825,262144 --variations-seed-version --pseudonymization-salt-handle=2500,i,5986437214369709148,12692579031090866949,4 --trace-process-track-uuid=3190708995682289984 --mojo-platform-channel-handle=5976 /prefetch:8","target_filename":"","registry_target_object":"","dns_query_name":"","powershell_encoded":0,"powershell_plain_command":0,"is_browser":1,"browser_gpu_process":0,"browser_renderer":0,"browser_utility":1,"base64_like_non_browser":0,"parent_same_image":1,"parent_is_wazuh_agent":0,"command_length_log":6.393590753950631,"command_length_bucket":"very_long"}
{"line_no":696,"timestamp":"2026-10-02T04:53:37.915+0000","event_id":"13","channel":"Microsoft-Windows-Sysmon/Operational","image_name":"svchost.exe","parent_image_name":"","command_line":"","target_filename":"","registry_target_object":"HKU\\\\S-1-5-21-1324826322-2293316327-2538204677-1108\\\\SOFTWARE\\\\Microsoft\\\\Windows NT\\\\CurrentVersion\\\\AppCompatFlags\\\\Compatibility Assistant\\\\Store\\\\C:\\\\Program Files (x86)\\\\Microsoft\\\\Edge\\\\Application\\\\msedge.exe","dns_query_name":"","powershell_encoded":0,"powershell_plain_command":0,"is_browser":0,"browser_gpu_process":0,"browser_renderer":0,"browser_utility":0,"base64_like_non_browser":0,"parent_same_image":0,"parent_is_wazuh_agent":0,"command_length_log":0.0,"command_length_bucket":"none"}
{"line_no":697,"timestamp":"2026-10-02T04:53:39.723+0000","event_id":"1","channel":"Microsoft-Windows-Sysmon/Operational","image_name":"msedge.exe","parent_image_name":"explorer.exe","command_line":"\\\"C:\\\\Program Files (x86)\\\\Microsoft\\\\Edge\\\\Application\\\\msedge.exe\\\" --profile-directory=Default","target_filename":"","registry_target_object":"","dns_query_name":"","powershell_encoded":0,"powershell_plain_command":0,"is_browser":1,"browser_gpu_process":0,"browser_renderer":0,"browser_utility":0,"base64_like_non_browser":0,"parent_same_image":0,"parent_is_wazuh_agent":0,"command_length_log":4.584967478670572,"command_length_bucket":"medium"}
{"line_no":698,"timestamp":"2026-10-02T04:53:42.917+0000","event_id":"1","channel":"Microsoft-Windows-Sysmon/Operational","image_name":"msedge.exe","parent_image_name":"explorer.exe","command_line":"\\\"C:\\\\Program Files (x86)\\\\Microsoft\\\\Edge\\\\Application\\\\msedge.exe\\\" --profile-directory=Default","target_filename":"","registry_target_object":"","dns_query_name":"","powershell_encoded":0,"powershell_plain_command":0,"is_browser":1,"browser_gpu_process":0,"browser_renderer":0,"browser_utility":0,"base64_like_non_browser":0,"parent_same_image":0,"parent_is_wazuh_agent":0,"command_length_log":4.584967478670572,"command_length_bucket":"medium"}
{"line_no":699,"timestamp":"2026-10-02T04:53:46.266+0000","event_id":"1","channel":"Microsoft-Windows-Sysmon/Operational","image_name":"msedge.exe","parent_image_name":"explorer.exe","command_line":"\\\"C:\\\\Program Files (x86)\\\\Microsoft\\\\Edge\\\\Application\\\\msedge.exe\\\" --profile-directory=Default","target_filename":"","registry_target_object":"","dns_query_name":"","powershell_encoded":0,"powershell_plain_command":0,"is_browser":1,"browser_gpu_process":0,"browser_renderer":0,"browser_utility":0,"base64_like_non_browser":0,"parent_same_image":0,"parent_is_wazuh_agent":0,"command_length_log":4.584967478670572,"command_length_bucket":"medium"}
{"line_no":700,"timestamp":"2026-10-02T04:53:46.341+0000","event_id":"1","channel":"Microsoft-Windows-Sysmon/Operational","image_name":"msedge.exe","parent_image_name":"msedge.exe","command_line":"\\\"C:\\\\Program Files (x86)\\\\Microsoft\\\\Edge\\\\Application\\\\msedge.exe\\\" --type=crashpad-handler \\\"--user-data-dir=C:\\\\Users\\\\nam.user\\\\AppData\\\\Local\\\\Microsoft\\\\Edge\\\\User Data\\\" /prefetch:4 --monitor-self-annotation=ptype=crashpad-handler \\\"--database=C:\\\\Users\\\\nam.user\\\\AppData\\\\Local\\\\Microsoft\\\\Edge\\\\User Data\\\\Crashpad\\\" \\\"--metrics-dir=C:\\\\Users\\\\nam.user\\\\AppData\\\\Local\\\\Microsoft\\\\Edge\\\\User Data\\\" --annotation=IsOfficialBuild=1 --annotation=channel= --annotation=chromium-version=154.0.8037.58 \\\"--annotation=exe=C:\\\\Program Files (x86)\\\\Microsoft\\\\Edge\\\\Application\\\\msedge.exe\\\" --annotation=plat=Win64 --annotation=prod=Edge --annotation=ver=154.0.4258.48 --initial-client-data=0x308,0x30c,0x310,0x304,0x318,0x7ff805c783e0,0x7ff805c783f0,0x7ff805c78400","target_filename":"","registry_target_object":"","dns_query_name":"","powershell_encoded":0,"powershell_plain_command":0,"is_browser":1,"browser_gpu_process":0,"browser_renderer":0,"browser_utility":0,"base64_like_non_browser":0,"parent_same_image":1,"parent_is_wazuh_agent":0,"command_length_log":6.645090969505644,"command_length_bucket":"very_long"}
{"line_no":701,"timestamp":"2026-10-02T04:53:46.343+0000","event_id":"1","channel":"Microsoft-Windows-Sysmon/Operational","image_name":"msedge.exe","parent_image_name":"msedge.exe","command_line":"\\\"C:\\\\Program Files (x86)\\\\Microsoft\\\\Edge\\\\Application\\\\msedge.exe\\\" --type=utility --utility-sub-type=network.mojom.NetworkService --lang=en-US --service-sandbox-type=none --startup-read-main-dll --metrics-shmem-handle=2044,i,16059861964770138043,15590165234477237107,524288 --field-trial-handle=2344,i,3525849316031551275,1483245514223910632,262144 --variations-seed-version --pseudonymization-salt-handle=2352,i,12863260314708117952,17543090505460745224,4 --trace-process-track-uuid=3190708989122997041 --mojo-platform-channel-handle=2416 /prefetch:3","target_filename":"","registry_target_object":"","dns_query_name":"","powershell_encoded":0,"powershell_plain_command":0,"is_browser":1,"browser_gpu_process":0,"browser_renderer":0,"browser_utility":1,"base64_like_non_browser":0,"parent_same_image":1,"parent_is_wazuh_agent":0,"command_length_log":6.318968113746434,"command_length_bucket":"very_long"}
{"line_no":702,"timestamp":"2026-10-02T04:53:46.349+0000","event_id":"1","channel":"Microsoft-Windows-Sysmon/Operational","image_name":"msedge.exe","parent_image_name":"msedge.exe","command_line":"\\\"C:\\\\Program Files (x86)\\\\Microsoft\\\\Edge\\\\Application\\\\msedge.exe\\\" --type=gpu-process --gpu-recent-crash-count=0 --gpu-preferences=WAAAAAAAAADgAAAEAAAAAAAAAAAAAGAAQAAAAAAAAAADAAAAAAAAADgAAAAAAAAAAAAAAAAAAAACAAAAAAAAAAAAAAAAAAAAKAAAAAAAAAAoAAAAAAAAAAgAAAAAAAAAEAAAAAIAAAABAAAAAAAAAAgAAAAAAAAACAAAAAAAAAA= --startup-read-main-dll --metrics-shmem-handle=1816,i,2371895809336800876,3517929551885738687,262144 --field-trial-handle=2344,i,3525849316031551275,1483245514223910632,262144 --variations-seed-version --pseudonymization-salt-handle=2352,i,12863260314708117952,17543090505460745224,4 --trace-process-track-uuid=3190708988185955192 --mojo-platform-channel-handle=2336 /prefetch:2","target_filename":"","registry_target_object":"","dns_query_name":"","powershell_encoded":0,"powershell_plain_command":0,"is_browser":1,"browser_gpu_process":1,"browser_renderer":0,"browser_utility":0,"base64_like_non_browser":0,"parent_same_image":1,"parent_is_wazuh_agent":0,"command_length_log":6.530877627725885,"command_length_bucket":"very_long"}
{"line_no":703,"timestamp":"2026-10-02T04:53:46.367+0000","event_id":"1","channel":"Microsoft-Windows-Sysmon/Operational","image_name":"msedge.exe","parent_image_name":"msedge.exe","command_line":"\\\"C:\\\\Program Files (x86)\\\\Microsoft\\\\Edge\\\\Application\\\\msedge.exe\\\" --type=utility --utility-sub-type=storage.mojom.StorageService --lang=en-US --service-sandbox-type=service --startup-read-main-dll --metrics-shmem-handle=2532,i,268161918441659698,10008602149401515306,524288 --field-trial-handle=2344,i,3525849316031551275,1483245514223910632,262144 --variations-seed-version --pseudonymization-salt-handle=2352,i,12863260314708117952,17543090505460745224,4 --trace-process-track-uuid=3190708990060038890 --mojo-platform-channel-handle=2400 /prefetch:8","target_filename":"","registry_target_object":"","dns_query_name":"","powershell_encoded":0,"powershell_plain_command":0,"is_browser":1,"browser_gpu_process":0,"browser_renderer":0,"browser_utility":1,"base64_like_non_browser":0,"parent_same_image":1,"parent_is_wazuh_agent":0,"command_length_log":6.320768294250582,"command_length_bucket":"very_long"}
{"line_no":704,"timestamp":"2026-10-02T04:53:46.378+0000","event_id":"1","channel":"Microsoft-Windows-Sysmon/Operational","image_name":"elevation_service.exe","parent_image_name":"services.exe","command_line":"\\\"C:\\\\Program Files (x86)\\\\Microsoft\\\\Edge\\\\Application\\\\154.0.4258.48\\\\elevation_service.exe\\\"","target_filename":"","registry_target_object":"","dns_query_name":"","powershell_encoded":0,"powershell_plain_command":0,"is_browser":0,"browser_gpu_process":0,"browser_renderer":0,"browser_utility":0,"base64_like_non_browser":0,"parent_same_image":0,"parent_is_wazuh_agent":0,"command_length_log":4.564348191467836,"command_length_bucket":"medium"}
{"line_no":705,"timestamp":"2026-10-02T04:53:48.035+0000","event_id":"22","channel":"Microsoft-Windows-Sysmon/Operational","image_name":"msedge.exe","parent_image_name":"","command_line":"","target_filename":"","registry_target_object":"","dns_query_name":"wpad","powershell_encoded":0,"powershell_plain_command":0,"is_browser":1,"browser_gpu_process":0,"browser_renderer":0,"browser_utility":0,"base64_like_non_browser":0,"parent_same_image":0,"parent_is_wazuh_agent":0,"command_length_log":0.0,"command_length_bucket":"none"}
{"line_no":706,"timestamp":"2026-10-02T04:53:48.041+0000","event_id":"13","channel":"Microsoft-Windows-Sysmon/Operational","image_name":"svchost.exe","parent_image_name":"","command_line":"","target_filename":"","registry_target_object":"HKU\\\\S-1-5-21-1324826322-2293316327-2538204677-1108\\\\SOFTWARE\\\\Microsoft\\\\Windows NT\\\\CurrentVersion\\\\AppCompatFlags\\\\Compatibility Assistant\\\\Store\\\\C:\\\\Program Files (x86)\\\\Microsoft\\\\Edge\\\\Application\\\\msedge.exe","dns_query_name":"","powershell_encoded":0,"powershell_plain_command":0,"is_browser":0,"browser_gpu_process":0,"browser_renderer":0,"browser_utility":0,"base64_like_non_browser":0,"parent_same_image":0,"parent_is_wazuh_agent":0,"command_length_log":0.0,"command_length_bucket":"none"}
{"line_no":707,"timestamp":"2026-10-02T04:53:48.045+0000","event_id":"13","channel":"Microsoft-Windows-Sysmon/Operational","image_name":"svchost.exe","parent_image_name":"","command_line":"","target_filename":"","registry_target_object":"HKU\\\\S-1-5-21-1324826322-2293316327-2538204677-1108\\\\SOFTWARE\\\\Microsoft\\\\Windows NT\\\\CurrentVersion\\\\AppCompatFlags\\\\Compatibility Assistant\\\\Store\\\\C:\\\\Program Files (x86)\\\\Microsoft\\\\Edge\\\\Application\\\\msedge.exe","dns_query_name":"","powershell_encoded":0,"powershell_plain_command":0,"is_browser":0,"browser_gpu_process":0,"browser_renderer":0,"browser_utility":0,"base64_like_non_browser":0,"parent_same_image":0,"parent_is_wazuh_agent":0,"command_length_log":0.0,"command_length_bucket":"none"}
{"line_no":708,"timestamp":"2026-10-02T04:53:48.044+0000","event_id":"5058","channel":"Security","image_name":"","parent_image_name":"","command_line":"","target_filename":"","registry_target_object":"","dns_query_name":"","powershell_encoded":0,"powershell_plain_command":0,"is_browser":0,"browser_gpu_process":0,"browser_renderer":0,"browser_utility":0,"base64_like_non_browser":0,"parent_same_image":0,"parent_is_wazuh_agent":0,"command_length_log":0.0,"command_length_bucket":"none"}
{"line_no":709,"timestamp":"2026-10-02T04:53:48.054+0000","event_id":"5061","channel":"Security","image_name":"","parent_image_name":"","command_line":"","target_filename":"","registry_target_object":"","dns_query_name":"","powershell_encoded":0,"powershell_plain_command":0,"is_browser":0,"browser_gpu_process":0,"browser_renderer":0,"browser_utility":0,"base64_like_non_browser":0,"parent_same_image":0,"parent_is_wazuh_agent":0,"command_length_log":0.0,"command_length_bucket":"none"}
{"line_no":710,"timestamp":"2026-10-02T04:53:51.218+0000","event_id":"12","channel":"Microsoft-Windows-Sysmon/Operational","image_name":"msedge.exe","parent_image_name":"","command_line":"","target_filename":"","registry_target_object":"HKU\\\\S-1-5-21-1324826322-2293316327-2538204677-1108\\\\SOFTWARE\\\\Microsoft\\\\Windows\\\\CurrentVersion\\\\Run\\\\MicrosoftEdgeAutoLaunch_EC7A0D1E60FBAA975E56D3FFE1C152F0","dns_query_name":"","powershell_encoded":0,"powershell_plain_command":0,"is_browser":1,"browser_gpu_process":0,"browser_renderer":0,"browser_utility":0,"base64_like_non_browser":0,"parent_same_image":0,"parent_is_wazuh_agent":0,"command_length_log":0.0,"command_length_bucket":"none"}
{"line_no":711,"timestamp":"2026-10-02T04:53:51.220+0000","event_id":"13","channel":"Microsoft-Windows-Sysmon/Operational","image_name":"msedge.exe","parent_image_name":"","command_line":"","target_filename":"","registry_target_object":"HKU\\\\S-1-5-21-1324826322-2293316327-2538204677-1108\\\\SOFTWARE\\\\Microsoft\\\\Windows\\\\CurrentVersion\\\\Run\\\\MicrosoftEdgeAutoLaunch_EC7A0D1E60FBAA975E56D3FFE1C152F0","dns_query_name":"","powershell_encoded":0,"powershell_plain_command":0,"is_browser":1,"browser_gpu_process":0,"browser_renderer":0,"browser_utility":0,"base64_like_non_browser":0,"parent_same_image":0,"parent_is_wazuh_agent":0,"command_length_log":0.0,"command_length_bucket":"none"}
{"line_no":712,"timestamp":"2026-10-02T04:53:51.232+0000","event_id":"1","channel":"Microsoft-Windows-Sysmon/Operational","image_name":"msedge.exe","parent_image_name":"msedge.exe","command_line":"\\\"C:\\\\Program Files (x86)\\\\Microsoft\\\\Edge\\\\Application\\\\msedge.exe\\\" --no-startup-window /prefetch:5","target_filename":"","registry_target_object":"","dns_query_name":"","powershell_encoded":0,"powershell_plain_command":0,"is_browser":1,"browser_gpu_process":0,"browser_renderer":0,"browser_utility":0,"base64_like_non_browser":0,"parent_same_image":1,"parent_is_wazuh_agent":0,"command_length_log":4.624972813284271,"command_length_bucket":"medium"}
{"line_no":713,"timestamp":"2026-10-02T04:53:51.249+0000","event_id":"1","channel":"Microsoft-Windows-Sysmon/Operational","image_name":"msedge.exe","parent_image_name":"msedge.exe","command_line":"\\\"C:\\\\Program Files (x86)\\\\Microsoft\\\\Edge\\\\Application\\\\msedge.exe\\\" --type=crashpad-handler \\\"--user-data-dir=C:\\\\Users\\\\nam.user\\\\AppData\\\\Local\\\\Microsoft\\\\Edge\\\\User Data\\\" /prefetch:4 --monitor-self-annotation=ptype=crashpad-handler \\\"--database=C:\\\\Users\\\\nam.user\\\\AppData\\\\Local\\\\Microsoft\\\\Edge\\\\User Data\\\\Crashpad\\\" \\\"--metrics-dir=C:\\\\Users\\\\nam.user\\\\AppData\\\\Local\\\\Microsoft\\\\Edge\\\\User Data\\\" --annotation=IsOfficialBuild=1 --annotation=channel= --annotation=chromium-version=154.0.8037.58 \\\"--annotation=exe=C:\\\\Program Files (x86)\\\\Microsoft\\\\Edge\\\\Application\\\\msedge.exe\\\" --annotation=plat=Win64 --annotation=prod=Edge --annotation=ver=154.0.4258.48 --initial-client-data=0x27c,0x280,0x284,0x278,0x28c,0x7ff805c783e0,0x7ff805c783f0,0x7ff805c78400","target_filename":"","registry_target_object":"","dns_query_name":"","powershell_encoded":0,"powershell_plain_command":0,"is_browser":1,"browser_gpu_process":0,"browser_renderer":0,"browser_utility":0,"base64_like_non_browser":0,"parent_same_image":1,"parent_is_wazuh_agent":0,"command_length_log":6.645090969505644,"command_length_bucket":"very_long"}
{"line_no":714,"timestamp":"2026-10-02T04:53:51.264+0000","event_id":"1","channel":"Microsoft-Windows-Sysmon/Operational","image_name":"msedge.exe","parent_image_name":"msedge.exe","command_line":"\\\"C:\\\\Program Files (x86)\\\\Microsoft\\\\Edge\\\\Application\\\\msedge.exe\\\" --type=gpu-process --gpu-recent-crash-count=0 --gpu-preferences=WAAAAAAAAADgAAAEAAAAAAAAAAAAAGAAQAAAAAAAAAADAAAAAAAAADgAAAAAAAAAAAAAAAAAAAACAAAAAAAAAAAAAAAAAAAAKAAAAAAAAAAoAAAAAAAAAAgAAAAAAAAAEAAAAAIAAAABAAAAAAAAAAgAAAAAAAAACAAAAAAAAAA= --startup-read-main-dll --metrics-shmem-handle=1808,i,15666426875731957051,4726669315293615012,262144 --field-trial-handle=2404,i,209205648249616707,16725008573636024905,262144 --variations-seed-version --pseudonymization-salt-handle=2408,i,18290480754366370836,12712334944360873779,4 --trace-process-track-uuid=3190708988185955192 --mojo-platform-channel-handle=2400 /prefetch:2","target_filename":"","registry_target_object":"","dns_query_name":"","powershell_encoded":0,"powershell_plain_command":0,"is_browser":1,"browser_gpu_process":1,"browser_renderer":0,"browser_utility":0,"base64_like_non_browser":0,"parent_same_image":1,"parent_is_wazuh_agent":0,"command_length_log":6.532334292222349,"command_length_bucket":"very_long"}
{"line_no":715,"timestamp":"2026-10-02T04:53:51.288+0000","event_id":"1","channel":"Microsoft-Windows-Sysmon/Operational","image_name":"msedge.exe","parent_image_name":"msedge.exe","command_line":"\\\"C:\\\\Program Files (x86)\\\\Microsoft\\\\Edge\\\\Application\\\\msedge.exe\\\" --type=utility --utility-sub-type=network.mojom.NetworkService --lang=en-US --service-sandbox-type=none --startup-read-main-dll --metrics-shmem-handle=2076,i,16445844434752831002,3339325718898914612,524288 --field-trial-handle=2404,i,209205648249616707,16725008573636024905,262144 --variations-seed-version --pseudonymization-salt-handle=2408,i,18290480754366370836,12712334944360873779,4 --trace-process-track-uuid=3190708989122997041 --mojo-platform-channel-handle=2456 /prefetch:3","target_filename":"","registry_target_object":"","dns_query_name":"","powershell_encoded":0,"powershell_plain_command":0,"is_browser":1,"browser_gpu_process":0,"browser_renderer":0,"browser_utility":1,"base64_like_non_browser":0,"parent_same_image":1,"parent_is_wazuh_agent":0,"command_length_log":6.317164686747284,"command_length_bucket":"very_long"}
{"line_no":716,"timestamp":"2026-10-02T04:53:51.298+0000","event_id":"1","channel":"Microsoft-Windows-Sysmon/Operational","image_name":"msedge.exe","parent_image_name":"msedge.exe","command_line":"\\\"C:\\\\Program Files (x86)\\\\Microsoft\\\\Edge\\\\Application\\\\msedge.exe\\\" --type=utility --utility-sub-type=storage.mojom.StorageService --lang=en-US --service-sandbox-type=service --startup-read-main-dll --metrics-shmem-handle=2612,i,6694279856904731095,3499231086326546396,524288 --field-trial-handle=2404,i,209205648249616707,16725008573636024905,262144 --variations-seed-version --pseudonymization-salt-handle=2408,i,18290480754366370836,12712334944360873779,4 --trace-process-track-uuid=3190708990060038890 --mojo-platform-channel-handle=3368 /prefetch:8","target_filename":"","registry_target_object":"","dns_query_name":"","powershell_encoded":0,"powershell_plain_command":0,"is_browser":1,"browser_gpu_process":0,"browser_renderer":0,"browser_utility":1,"base64_like_non_browser":0,"parent_same_image":1,"parent_is_wazuh_agent":0,"command_length_log":6.320768294250582,"command_length_bucket":"very_long"}
{"line_no":717,"timestamp":"2026-10-02T04:53:51.315+0000","event_id":"1","channel":"Microsoft-Windows-Sysmon/Operational","image_name":"elevation_service.exe","parent_image_name":"services.exe","command_line":"\\\"C:\\\\Program Files (x86)\\\\Microsoft\\\\Edge\\\\Application\\\\154.0.4258.48\\\\elevation_service.exe\\\"","target_filename":"","registry_target_object":"","dns_query_name":"","powershell_encoded":0,"powershell_plain_command":0,"is_browser":0,"browser_gpu_process":0,"browser_renderer":0,"browser_utility":0,"base64_like_non_browser":0,"parent_same_image":0,"parent_is_wazuh_agent":0,"command_length_log":4.564348191467836,"command_length_bucket":"medium"}
{"line_no":718,"timestamp":"2026-10-02T04:53:51.327+0000","event_id":"12","channel":"Microsoft-Windows-Sysmon/Operational","image_name":"msedge.exe","parent_image_name":"","command_line":"","target_filename":"","registry_target_object":"HKU\\\\S-1-5-21-1324826322-2293316327-2538204677-1108\\\\SOFTWARE\\\\Microsoft\\\\Windows\\\\CurrentVersion\\\\Run\\\\MicrosoftEdgeAutoLaunch_EC7A0D1E60FBAA975E56D3FFE1C152F0","dns_query_name":"","powershell_encoded":0,"powershell_plain_command":0,"is_browser":1,"browser_gpu_process":0,"browser_renderer":0,"browser_utility":0,"base64_like_non_browser":0,"parent_same_image":0,"parent_is_wazuh_agent":0,"command_length_log":0.0,"command_length_bucket":"none"}
{"line_no":719,"timestamp":"2026-10-02T04:53:51.346+0000","event_id":"1","channel":"Microsoft-Windows-Sysmon/Operational","image_name":"identity_helper.exe","parent_image_name":"msedge.exe","command_line":"\\\"C:\\\\Program Files (x86)\\\\Microsoft\\\\Edge\\\\Application\\\\154.0.4258.48\\\\identity_helper.exe\\\" --type=utility --utility-sub-type=winrt_app_id.mojom.WinrtAppIdService --lang=en-US --service-sandbox-type=windows_package_identity --ram-no-pressure-read-main-dll --metrics-shmem-handle=5012,i,205826929077043935,5959977074029210499,524288 --field-trial-handle=2404,i,209205648249616707,16725008573636024905,262144 --variations-seed-version --pseudonymization-salt-handle=2408,i,18290480754366370836,12712334944360873779,4 --trace-process-track-uuid=3190708990997080739 --mojo-platform-channel-handle=4956 /prefetch:8","target_filename":"","registry_target_object":"","dns_query_name":"","powershell_encoded":0,"powershell_plain_command":0,"is_browser":0,"browser_gpu_process":0,"browser_renderer":0,"browser_utility":0,"base64_like_non_browser":0,"parent_same_image":0,"parent_is_wazuh_agent":0,"command_length_log":6.416732282512326,"command_length_bucket":"very_long"}
{"line_no":720,"timestamp":"2026-10-02T04:53:51.367+0000","event_id":"1","channel":"Microsoft-Windows-Sysmon/Operational","image_name":"identity_helper.exe","parent_image_name":"msedge.exe","command_line":"\\\"C:\\\\Program Files (x86)\\\\Microsoft\\\\Edge\\\\Application\\\\154.0.4258.48\\\\identity_helper.exe\\\" --type=utility --utility-sub-type=winrt_app_id.mojom.WinrtAppIdService --lang=en-US --service-sandbox-type=windows_package_identity --ram-no-pressure-read-main-dll --metrics-shmem-handle=5012,i,205826929077043935,5959977074029210499,524288 --field-trial-handle=2404,i,209205648249616707,16725008573636024905,262144 --variations-seed-version --pseudonymization-salt-handle=2408,i,18290480754366370836,12712334944360873779,4 --trace-process-track-uuid=3190708990997080739 --mojo-platform-channel-handle=4956 /prefetch:8","target_filename":"","registry_target_object":"","dns_query_name":"","powershell_encoded":0,"powershell_plain_command":0,"is_browser":0,"browser_gpu_process":0,"browser_renderer":0,"browser_utility":0,"base64_like_non_browser":0,"parent_same_image":0,"parent_is_wazuh_agent":0,"command_length_log":6.416732282512326,"command_length_bucket":"very_long"}
{"line_no":721,"timestamp":"2026-10-02T04:53:51.375+0000","event_id":"22","channel":"Microsoft-Windows-Sysmon/Operational","image_name":"msedge.exe","parent_image_name":"","command_line":"","target_filename":"","registry_target_object":"","dns_query_name":"wpad","powershell_encoded":0,"powershell_plain_command":0,"is_browser":1,"browser_gpu_process":0,"browser_renderer":0,"browser_utility":0,"base64_like_non_browser":0,"parent_same_image":0,"parent_is_wazuh_agent":0,"command_length_log":0.0,"command_length_bucket":"none"}
{"line_no":722,"timestamp":"2026-10-02T04:53:51.394+0000","event_id":"13","channel":"Microsoft-Windows-Sysmon/Operational","image_name":"msedge.exe","parent_image_name":"","command_line":"","target_filename":"","registry_target_object":"HKU\\\\S-1-5-21-1324826322-2293316327-2538204677-1108\\\\SOFTWARE\\\\Microsoft\\\\Windows\\\\CurrentVersion\\\\Run\\\\MicrosoftEdgeAutoLaunch_EC7A0D1E60FBAA975E56D3FFE1C152F0","dns_query_name":"","powershell_encoded":0,"powershell_plain_command":0,"is_browser":1,"browser_gpu_process":0,"browser_renderer":0,"browser_utility":0,"base64_like_non_browser":0,"parent_same_image":0,"parent_is_wazuh_agent":0,"command_length_log":0.0,"command_length_bucket":"none"}
{"line_no":723,"timestamp":"2026-10-02T04:53:51.893+0000","event_id":"5058","channel":"Security","image_name":"","parent_image_name":"","command_line":"","target_filename":"","registry_target_object":"","dns_query_name":"","powershell_encoded":0,"powershell_plain_command":0,"is_browser":0,"browser_gpu_process":0,"browser_renderer":0,"browser_utility":0,"base64_like_non_browser":0,"parent_same_image":0,"parent_is_wazuh_agent":0,"command_length_log":0.0,"command_length_bucket":"none"}
{"line_no":724,"timestamp":"2026-10-02T04:53:51.907+0000","event_id":"5061","channel":"Security","image_name":"","parent_image_name":"","command_line":"","target_filename":"","registry_target_object":"","dns_query_name":"","powershell_encoded":0,"powershell_plain_command":0,"is_browser":0,"browser_gpu_process":0,"browser_renderer":0,"browser_utility":0,"base64_like_non_browser":0,"parent_same_image":0,"parent_is_wazuh_agent":0,"command_length_log":0.0,"command_length_bucket":"none"}
{"line_no":725,"timestamp":"2026-10-02T04:53:51.908+0000","event_id":"4624","channel":"Security","image_name":"","parent_image_name":"","command_line":"","target_filename":"","registry_target_object":"","dns_query_name":"","powershell_encoded":0,"powershell_plain_command":0,"is_browser":0,"browser_gpu_process":0,"browser_renderer":0,"browser_utility":0,"base64_like_non_browser":0,"parent_same_image":0,"parent_is_wazuh_agent":0,"command_length_log":0.0,"command_length_bucket":"none"}
{"line_no":726,"timestamp":"2026-10-02T04:53:51.922+0000","event_id":"4672","channel":"Security","image_name":"","parent_image_name":"","command_line":"","target_filename":"","registry_target_object":"","dns_query_name":"","powershell_encoded":0,"powershell_plain_command":0,"is_browser":0,"browser_gpu_process":0,"browser_renderer":0,"browser_utility":0,"base64_like_non_browser":0,"parent_same_image":0,"parent_is_wazuh_agent":0,"command_length_log":0.0,"command_length_bucket":"none"}
{"line_no":727,"timestamp":"2026-10-02T04:53:52.336+0000","event_id":"1","channel":"Microsoft-Windows-Sysmon/Operational","image_name":"svchost.exe","parent_image_name":"services.exe","command_line":"C:\\\\Windows\\\\system32\\\\svchost.exe -k wsappx -p","target_filename":"","registry_target_object":"","dns_query_name":"","powershell_encoded":0,"powershell_plain_command":0,"is_browser":0,"browser_gpu_process":0,"browser_renderer":0,"browser_utility":0,"base64_like_non_browser":0,"parent_same_image":0,"parent_is_wazuh_agent":0,"command_length_log":3.8712010109078907,"command_length_bucket":"short"}
